2025-07-01 07:28:39,929 - INFO - StructMatch系统初始化完成
2025-07-01 07:28:39,931 - INFO - 开始加载数据...
2025-07-01 07:28:39,932 - INFO - 成功加载知识图谱: 10个实体, 4种关系, 12个三元组
2025-07-01 07:28:39,933 - INFO - 成功加载3条规则
2025-07-01 07:28:39,934 - INFO - 数据加载完成
2025-07-01 07:28:39,935 - INFO - 开始批量匹配，共4个anchor
2025-07-01 07:28:39,936 - INFO - 处理第1/4个anchor
2025-07-01 07:28:39,937 - INFO - 开始处理anchor: ('A', 'friendOf', 'B')
2025-07-01 07:28:40,011 - INFO - 步骤 1: 添加边 ('B', 'E', 'knows'), 当前相似度: 0.5354
2025-07-01 07:28:40,054 - INFO - 步骤 2: 添加边 ('A', 'D', 'knows'), 当前相似度: 0.9730
2025-07-01 07:28:40,100 - INFO - 步骤 3: 添加边 ('D', 'Osaka', 'livesIn'), 当前相似度: 0.9769
2025-07-01 07:28:40,179 - INFO - 步骤 4: 添加边 ('E', 'F', 'friendOf'), 当前相似度: 0.9600
2025-07-01 07:28:40,227 - INFO - 步骤 5: 添加边 ('D', 'C', 'knows'), 当前相似度: 0.9698
2025-07-01 07:28:40,237 - INFO - 匹配成功: True
2025-07-01 07:28:40,239 - INFO - 匹配得分: 0.9761
2025-07-01 07:28:40,239 - INFO - 扩展子图节点: ['A', 'B', 'E', 'D', 'Osaka', 'F', 'C']
2025-07-01 07:28:40,240 - INFO - 扩展子图边: [('A', 'B', 'friendOf'), ('A', 'D', 'knows'), ('B', 'E', 'knows'), ('E', 'F', 'friendOf'), ('D', 'Osaka', 'livesIn'), ('D', 'C', 'knows')]
2025-07-01 07:28:40,241 - INFO - 处理第2/4个anchor
2025-07-01 07:28:40,241 - INFO - 开始处理anchor: ('B', 'worksWith', 'D')
2025-07-01 07:28:40,283 - INFO - 步骤 1: 添加边 ('D', 'C', 'knows'), 当前相似度: 0.5364
2025-07-01 07:28:40,328 - INFO - 步骤 2: 添加边 ('C', 'Tokyo', 'livesIn'), 当前相似度: 0.9189
2025-07-01 07:28:40,373 - INFO - 步骤 3: 添加边 ('A', 'Tokyo', 'livesIn'), 当前相似度: 0.8943
2025-07-01 07:28:40,425 - INFO - 步骤 4: 添加边 ('B', 'Osaka', 'livesIn'), 当前相似度: 0.9454
2025-07-01 07:28:40,492 - INFO - 步骤 5: 添加边 ('A', 'D', 'knows'), 当前相似度: 0.9284
2025-07-01 07:28:40,500 - INFO - 匹配成功: True
2025-07-01 07:28:40,500 - INFO - 匹配得分: 0.9419
2025-07-01 07:28:40,501 - INFO - 扩展子图节点: ['B', 'D', 'C', 'Tokyo', 'A', 'Osaka']
2025-07-01 07:28:40,501 - INFO - 扩展子图边: [('B', 'D', 'worksWith'), ('B', 'Osaka', 'livesIn'), ('D', 'C', 'knows'), ('D', 'A', 'knows'), ('C', 'Tokyo', 'livesIn'), ('Tokyo', 'A', 'livesIn')]
2025-07-01 07:28:40,501 - INFO - 处理第3/4个anchor
2025-07-01 07:28:40,502 - INFO - 开始处理anchor: ('E', 'friendOf', 'F')
2025-07-01 07:28:40,520 - INFO - 步骤 1: 添加边 ('B', 'E', 'knows'), 当前相似度: 0.5395
2025-07-01 07:28:40,549 - INFO - 步骤 2: 添加边 ('B', 'C', 'worksWith'), 当前相似度: 0.9205
2025-07-01 07:28:40,580 - INFO - 步骤 3: 添加边 ('C', 'Tokyo', 'livesIn'), 当前相似度: 0.9490
2025-07-01 07:28:40,615 - INFO - 步骤 4: 添加边 ('A', 'Tokyo', 'livesIn'), 当前相似度: 0.9657
2025-07-01 07:28:40,660 - INFO - 步骤 5: 添加边 ('A', 'D', 'knows'), 当前相似度: 0.9706
2025-07-01 07:28:40,669 - INFO - 匹配成功: True
2025-07-01 07:28:40,669 - INFO - 匹配得分: 0.9844
2025-07-01 07:28:40,670 - INFO - 扩展子图节点: ['E', 'F', 'B', 'C', 'Tokyo', 'A', 'D']
2025-07-01 07:28:40,670 - INFO - 扩展子图边: [('E', 'F', 'friendOf'), ('E', 'B', 'knows'), ('B', 'C', 'worksWith'), ('C', 'Tokyo', 'livesIn'), ('Tokyo', 'A', 'livesIn'), ('A', 'D', 'knows')]
2025-07-01 07:28:40,670 - INFO - 处理第4/4个anchor
2025-07-01 07:28:40,671 - INFO - 开始处理anchor: ('A', 'livesIn', 'Tokyo')
2025-07-01 07:28:40,695 - INFO - 步骤 1: 添加边 ('A', 'D', 'knows'), 当前相似度: 0.5665
2025-07-01 07:28:40,719 - INFO - 步骤 2: 添加边 ('D', 'C', 'knows'), 当前相似度: 0.9316
2025-07-01 07:28:40,749 - INFO - 步骤 3: 添加边 ('A', 'B', 'friendOf'), 当前相似度: 0.9523
2025-07-01 07:28:40,798 - INFO - 步骤 4: 添加边 ('B', 'Osaka', 'livesIn'), 当前相似度: 0.9524
2025-07-01 07:28:40,852 - INFO - 步骤 5: 添加边 ('D', 'Osaka', 'livesIn'), 当前相似度: 0.9709
2025-07-01 07:28:40,863 - INFO - 匹配成功: True
2025-07-01 07:28:40,864 - INFO - 匹配得分: 0.9533
2025-07-01 07:28:40,864 - INFO - 扩展子图节点: ['A', 'Tokyo', 'D', 'C', 'B', 'Osaka']
2025-07-01 07:28:40,864 - INFO - 扩展子图边: [('A', 'Tokyo', 'livesIn'), ('A', 'D', 'knows'), ('A', 'B', 'friendOf'), ('D', 'C', 'knows'), ('D', 'Osaka', 'livesIn'), ('B', 'Osaka', 'livesIn')]
2025-07-01 07:28:40,865 - INFO - 批量匹配完成: 4/4 成功匹配
2025-07-01 07:28:40,867 - INFO - 结果已保存到: results.json
