2025-07-10 09:27:31,958 - INFO - 成功加载预训练embedding
2025-07-10 09:27:32,277 - INFO - StructMatch系统初始化完成（集成语义增强）
2025-07-10 09:27:32,278 - INFO - 开始加载数据...
2025-07-10 09:27:33,940 - INFO - 成功加载知识图谱: 40559个实体, 11种关系, 86835个三元组
2025-07-10 09:27:33,941 - INFO - 成功加载2条规则
2025-07-10 09:27:33,942 - INFO - 数据加载完成
2025-07-10 09:27:33,951 - INFO - 收集规则第一个谓词对应的anchor: _also_see
2025-07-10 09:27:34,101 - INFO - 收集到 1299 个anchor
2025-07-10 09:27:34,102 - INFO - 开始批量匹配，共1299个anchor
2025-07-10 09:27:34,102 - INFO - 处理第1/1299个anchor
2025-07-10 09:27:35,317 - ERROR - 结构嵌入提取失败: mat1 and mat2 shapes cannot be multiplied (3x64 and 27x64)
2025-07-10 09:27:35,329 - ERROR - 规则嵌入预计算失败: mat1 and mat2 shapes cannot be multiplied (3x64 and 27x64)
2025-07-10 09:27:35,330 - ERROR - 子图匹配失败: mat1 and mat2 shapes cannot be multiplied (3x64 and 27x64)
2025-07-10 09:27:35,353 - ERROR - 结构嵌入提取失败: mat1 and mat2 shapes cannot be multiplied (3x64 and 27x64)
2025-07-10 09:27:35,355 - ERROR - 规则嵌入预计算失败: mat1 and mat2 shapes cannot be multiplied (3x64 and 27x64)
2025-07-10 09:27:35,356 - ERROR - 子图匹配失败: mat1 and mat2 shapes cannot be multiplied (3x64 and 27x64)
2025-07-10 09:27:35,379 - ERROR - 结构嵌入提取失败: mat1 and mat2 shapes cannot be multiplied (3x64 and 27x64)
2025-07-10 09:27:35,381 - ERROR - 规则嵌入预计算失败: mat1 and mat2 shapes cannot be multiplied (3x64 and 27x64)
2025-07-10 09:27:35,382 - ERROR - 子图匹配失败: mat1 and mat2 shapes cannot be multiplied (3x64 and 27x64)
2025-07-10 09:27:35,413 - ERROR - 结构嵌入提取失败: mat1 and mat2 shapes cannot be multiplied (3x64 and 27x64)
2025-07-10 09:27:35,414 - ERROR - 规则嵌入预计算失败: mat1 and mat2 shapes cannot be multiplied (3x64 and 27x64)
2025-07-10 09:27:35,415 - ERROR - 子图匹配失败: mat1 and mat2 shapes cannot be multiplied (3x64 and 27x64)
2025-07-10 09:27:35,433 - ERROR - 结构嵌入提取失败: mat1 and mat2 shapes cannot be multiplied (3x64 and 27x64)
2025-07-10 09:27:35,435 - ERROR - 规则嵌入预计算失败: mat1 and mat2 shapes cannot be multiplied (3x64 and 27x64)
2025-07-10 09:27:35,439 - ERROR - 子图匹配失败: mat1 and mat2 shapes cannot be multiplied (3x64 and 27x64)
2025-07-10 09:27:35,459 - ERROR - 结构嵌入提取失败: mat1 and mat2 shapes cannot be multiplied (3x64 and 27x64)
2025-07-10 09:27:35,466 - ERROR - 规则嵌入预计算失败: mat1 and mat2 shapes cannot be multiplied (3x64 and 27x64)
2025-07-10 09:27:35,467 - ERROR - 子图匹配失败: mat1 and mat2 shapes cannot be multiplied (3x64 and 27x64)
2025-07-10 09:27:35,566 - ERROR - 结构嵌入提取失败: mat1 and mat2 shapes cannot be multiplied (3x64 and 27x64)
2025-07-10 09:27:35,567 - ERROR - 规则嵌入预计算失败: mat1 and mat2 shapes cannot be multiplied (3x64 and 27x64)
2025-07-10 09:27:35,568 - ERROR - 子图匹配失败: mat1 and mat2 shapes cannot be multiplied (3x64 and 27x64)
2025-07-10 09:27:35,624 - ERROR - 结构嵌入提取失败: mat1 and mat2 shapes cannot be multiplied (3x64 and 27x64)
2025-07-10 09:27:35,625 - ERROR - 规则嵌入预计算失败: mat1 and mat2 shapes cannot be multiplied (3x64 and 27x64)
2025-07-10 09:27:35,626 - ERROR - 子图匹配失败: mat1 and mat2 shapes cannot be multiplied (3x64 and 27x64)
2025-07-10 09:27:35,655 - ERROR - 结构嵌入提取失败: mat1 and mat2 shapes cannot be multiplied (3x64 and 27x64)
2025-07-10 09:27:35,656 - ERROR - 规则嵌入预计算失败: mat1 and mat2 shapes cannot be multiplied (3x64 and 27x64)
2025-07-10 09:27:35,657 - ERROR - 子图匹配失败: mat1 and mat2 shapes cannot be multiplied (3x64 and 27x64)
2025-07-10 09:27:35,682 - ERROR - 结构嵌入提取失败: mat1 and mat2 shapes cannot be multiplied (3x64 and 27x64)
2025-07-10 09:27:35,682 - ERROR - 规则嵌入预计算失败: mat1 and mat2 shapes cannot be multiplied (3x64 and 27x64)
2025-07-10 09:27:35,683 - ERROR - 子图匹配失败: mat1 and mat2 shapes cannot be multiplied (3x64 and 27x64)
2025-07-10 09:27:35,703 - ERROR - 结构嵌入提取失败: mat1 and mat2 shapes cannot be multiplied (3x64 and 27x64)
2025-07-10 09:27:35,704 - ERROR - 规则嵌入预计算失败: mat1 and mat2 shapes cannot be multiplied (3x64 and 27x64)
2025-07-10 09:27:35,705 - ERROR - 子图匹配失败: mat1 and mat2 shapes cannot be multiplied (3x64 and 27x64)
2025-07-10 09:27:35,718 - ERROR - 结构嵌入提取失败: mat1 and mat2 shapes cannot be multiplied (3x64 and 27x64)
2025-07-10 09:27:35,719 - ERROR - 规则嵌入预计算失败: mat1 and mat2 shapes cannot be multiplied (3x64 and 27x64)
2025-07-10 09:27:35,719 - ERROR - 子图匹配失败: mat1 and mat2 shapes cannot be multiplied (3x64 and 27x64)
2025-07-10 09:27:35,741 - ERROR - 结构嵌入提取失败: mat1 and mat2 shapes cannot be multiplied (3x64 and 27x64)
2025-07-10 09:27:35,742 - ERROR - 规则嵌入预计算失败: mat1 and mat2 shapes cannot be multiplied (3x64 and 27x64)
2025-07-10 09:27:35,743 - ERROR - 子图匹配失败: mat1 and mat2 shapes cannot be multiplied (3x64 and 27x64)
2025-07-10 09:27:35,758 - ERROR - 结构嵌入提取失败: mat1 and mat2 shapes cannot be multiplied (3x64 and 27x64)
2025-07-10 09:27:35,758 - ERROR - 规则嵌入预计算失败: mat1 and mat2 shapes cannot be multiplied (3x64 and 27x64)
2025-07-10 09:27:35,759 - ERROR - 子图匹配失败: mat1 and mat2 shapes cannot be multiplied (3x64 and 27x64)
2025-07-10 09:27:35,780 - ERROR - 结构嵌入提取失败: mat1 and mat2 shapes cannot be multiplied (3x64 and 27x64)
2025-07-10 09:27:35,780 - ERROR - 规则嵌入预计算失败: mat1 and mat2 shapes cannot be multiplied (3x64 and 27x64)
2025-07-10 09:27:35,781 - ERROR - 子图匹配失败: mat1 and mat2 shapes cannot be multiplied (3x64 and 27x64)
2025-07-10 09:27:35,802 - ERROR - 结构嵌入提取失败: mat1 and mat2 shapes cannot be multiplied (3x64 and 27x64)
2025-07-10 09:27:35,803 - ERROR - 规则嵌入预计算失败: mat1 and mat2 shapes cannot be multiplied (3x64 and 27x64)
2025-07-10 09:27:35,804 - ERROR - 子图匹配失败: mat1 and mat2 shapes cannot be multiplied (3x64 and 27x64)
2025-07-10 09:27:35,817 - ERROR - 结构嵌入提取失败: mat1 and mat2 shapes cannot be multiplied (3x64 and 27x64)
2025-07-10 09:27:35,818 - ERROR - 规则嵌入预计算失败: mat1 and mat2 shapes cannot be multiplied (3x64 and 27x64)
2025-07-10 09:27:35,819 - ERROR - 子图匹配失败: mat1 and mat2 shapes cannot be multiplied (3x64 and 27x64)
2025-07-10 09:27:35,834 - ERROR - 结构嵌入提取失败: mat1 and mat2 shapes cannot be multiplied (3x64 and 27x64)
2025-07-10 09:27:35,834 - ERROR - 规则嵌入预计算失败: mat1 and mat2 shapes cannot be multiplied (3x64 and 27x64)
2025-07-10 09:27:35,835 - ERROR - 子图匹配失败: mat1 and mat2 shapes cannot be multiplied (3x64 and 27x64)
2025-07-10 09:27:35,855 - ERROR - 结构嵌入提取失败: mat1 and mat2 shapes cannot be multiplied (3x64 and 27x64)
2025-07-10 09:27:35,856 - ERROR - 规则嵌入预计算失败: mat1 and mat2 shapes cannot be multiplied (3x64 and 27x64)
2025-07-10 09:27:35,856 - ERROR - 子图匹配失败: mat1 and mat2 shapes cannot be multiplied (3x64 and 27x64)
2025-07-10 09:27:35,870 - ERROR - 结构嵌入提取失败: mat1 and mat2 shapes cannot be multiplied (3x64 and 27x64)
2025-07-10 09:27:35,871 - ERROR - 规则嵌入预计算失败: mat1 and mat2 shapes cannot be multiplied (3x64 and 27x64)
2025-07-10 09:27:35,872 - ERROR - 子图匹配失败: mat1 and mat2 shapes cannot be multiplied (3x64 and 27x64)
2025-07-10 09:27:35,888 - ERROR - 结构嵌入提取失败: mat1 and mat2 shapes cannot be multiplied (3x64 and 27x64)
2025-07-10 09:27:35,889 - ERROR - 规则嵌入预计算失败: mat1 and mat2 shapes cannot be multiplied (3x64 and 27x64)
2025-07-10 09:27:35,889 - ERROR - 子图匹配失败: mat1 and mat2 shapes cannot be multiplied (3x64 and 27x64)
2025-07-10 09:27:35,901 - ERROR - 结构嵌入提取失败: mat1 and mat2 shapes cannot be multiplied (3x64 and 27x64)
2025-07-10 09:27:35,901 - ERROR - 规则嵌入预计算失败: mat1 and mat2 shapes cannot be multiplied (3x64 and 27x64)
2025-07-10 09:27:35,902 - ERROR - 子图匹配失败: mat1 and mat2 shapes cannot be multiplied (3x64 and 27x64)
2025-07-10 09:27:35,915 - ERROR - 结构嵌入提取失败: mat1 and mat2 shapes cannot be multiplied (3x64 and 27x64)
2025-07-10 09:27:35,916 - ERROR - 规则嵌入预计算失败: mat1 and mat2 shapes cannot be multiplied (3x64 and 27x64)
2025-07-10 09:27:35,917 - ERROR - 子图匹配失败: mat1 and mat2 shapes cannot be multiplied (3x64 and 27x64)
2025-07-10 09:27:35,931 - ERROR - 结构嵌入提取失败: mat1 and mat2 shapes cannot be multiplied (3x64 and 27x64)
2025-07-10 09:27:35,932 - ERROR - 规则嵌入预计算失败: mat1 and mat2 shapes cannot be multiplied (3x64 and 27x64)
2025-07-10 09:27:35,933 - ERROR - 子图匹配失败: mat1 and mat2 shapes cannot be multiplied (3x64 and 27x64)
2025-07-10 09:27:35,947 - ERROR - 结构嵌入提取失败: mat1 and mat2 shapes cannot be multiplied (3x64 and 27x64)
2025-07-10 09:27:35,947 - ERROR - 规则嵌入预计算失败: mat1 and mat2 shapes cannot be multiplied (3x64 and 27x64)
2025-07-10 09:27:35,948 - ERROR - 子图匹配失败: mat1 and mat2 shapes cannot be multiplied (3x64 and 27x64)
2025-07-10 09:27:35,965 - ERROR - 结构嵌入提取失败: mat1 and mat2 shapes cannot be multiplied (3x64 and 27x64)
2025-07-10 09:27:35,966 - ERROR - 规则嵌入预计算失败: mat1 and mat2 shapes cannot be multiplied (3x64 and 27x64)
2025-07-10 09:27:35,966 - ERROR - 子图匹配失败: mat1 and mat2 shapes cannot be multiplied (3x64 and 27x64)
2025-07-10 09:27:35,983 - ERROR - 结构嵌入提取失败: mat1 and mat2 shapes cannot be multiplied (3x64 and 27x64)
2025-07-10 09:27:35,984 - ERROR - 规则嵌入预计算失败: mat1 and mat2 shapes cannot be multiplied (3x64 and 27x64)
2025-07-10 09:27:35,984 - ERROR - 子图匹配失败: mat1 and mat2 shapes cannot be multiplied (3x64 and 27x64)
2025-07-10 09:27:35,997 - ERROR - 结构嵌入提取失败: mat1 and mat2 shapes cannot be multiplied (3x64 and 27x64)
2025-07-10 09:27:35,998 - ERROR - 规则嵌入预计算失败: mat1 and mat2 shapes cannot be multiplied (3x64 and 27x64)
2025-07-10 09:27:35,998 - ERROR - 子图匹配失败: mat1 and mat2 shapes cannot be multiplied (3x64 and 27x64)
2025-07-10 09:27:36,008 - ERROR - 结构嵌入提取失败: mat1 and mat2 shapes cannot be multiplied (3x64 and 27x64)
2025-07-10 09:27:36,008 - ERROR - 规则嵌入预计算失败: mat1 and mat2 shapes cannot be multiplied (3x64 and 27x64)
2025-07-10 09:27:36,009 - ERROR - 子图匹配失败: mat1 and mat2 shapes cannot be multiplied (3x64 and 27x64)
2025-07-10 09:27:36,023 - ERROR - 结构嵌入提取失败: mat1 and mat2 shapes cannot be multiplied (3x64 and 27x64)
2025-07-10 09:27:36,024 - ERROR - 规则嵌入预计算失败: mat1 and mat2 shapes cannot be multiplied (3x64 and 27x64)
2025-07-10 09:27:36,024 - ERROR - 子图匹配失败: mat1 and mat2 shapes cannot be multiplied (3x64 and 27x64)
2025-07-10 09:27:36,036 - ERROR - 结构嵌入提取失败: mat1 and mat2 shapes cannot be multiplied (3x64 and 27x64)
2025-07-10 09:27:36,037 - ERROR - 规则嵌入预计算失败: mat1 and mat2 shapes cannot be multiplied (3x64 and 27x64)
2025-07-10 09:27:36,038 - ERROR - 子图匹配失败: mat1 and mat2 shapes cannot be multiplied (3x64 and 27x64)
2025-07-10 09:27:36,052 - ERROR - 结构嵌入提取失败: mat1 and mat2 shapes cannot be multiplied (3x64 and 27x64)
2025-07-10 09:27:36,052 - ERROR - 规则嵌入预计算失败: mat1 and mat2 shapes cannot be multiplied (3x64 and 27x64)
2025-07-10 09:27:36,054 - ERROR - 子图匹配失败: mat1 and mat2 shapes cannot be multiplied (3x64 and 27x64)
2025-07-10 09:27:36,065 - ERROR - 结构嵌入提取失败: mat1 and mat2 shapes cannot be multiplied (3x64 and 27x64)
2025-07-10 09:27:36,066 - ERROR - 规则嵌入预计算失败: mat1 and mat2 shapes cannot be multiplied (3x64 and 27x64)
2025-07-10 09:27:36,066 - ERROR - 子图匹配失败: mat1 and mat2 shapes cannot be multiplied (3x64 and 27x64)
2025-07-10 09:27:36,077 - ERROR - 结构嵌入提取失败: mat1 and mat2 shapes cannot be multiplied (3x64 and 27x64)
2025-07-10 09:27:36,080 - ERROR - 规则嵌入预计算失败: mat1 and mat2 shapes cannot be multiplied (3x64 and 27x64)
2025-07-10 09:27:36,080 - ERROR - 子图匹配失败: mat1 and mat2 shapes cannot be multiplied (3x64 and 27x64)
2025-07-10 09:27:36,089 - ERROR - 结构嵌入提取失败: mat1 and mat2 shapes cannot be multiplied (3x64 and 27x64)
2025-07-10 09:27:36,090 - ERROR - 规则嵌入预计算失败: mat1 and mat2 shapes cannot be multiplied (3x64 and 27x64)
2025-07-10 09:27:36,090 - ERROR - 子图匹配失败: mat1 and mat2 shapes cannot be multiplied (3x64 and 27x64)
2025-07-10 09:27:36,103 - ERROR - 结构嵌入提取失败: mat1 and mat2 shapes cannot be multiplied (3x64 and 27x64)
2025-07-10 09:27:36,105 - ERROR - 规则嵌入预计算失败: mat1 and mat2 shapes cannot be multiplied (3x64 and 27x64)
2025-07-10 09:27:36,105 - ERROR - 子图匹配失败: mat1 and mat2 shapes cannot be multiplied (3x64 and 27x64)
2025-07-10 09:27:36,116 - ERROR - 结构嵌入提取失败: mat1 and mat2 shapes cannot be multiplied (3x64 and 27x64)
2025-07-10 09:27:36,117 - ERROR - 规则嵌入预计算失败: mat1 and mat2 shapes cannot be multiplied (3x64 and 27x64)
2025-07-10 09:27:36,118 - ERROR - 子图匹配失败: mat1 and mat2 shapes cannot be multiplied (3x64 and 27x64)
2025-07-10 09:27:36,131 - ERROR - 结构嵌入提取失败: mat1 and mat2 shapes cannot be multiplied (3x64 and 27x64)
2025-07-10 09:27:36,132 - ERROR - 规则嵌入预计算失败: mat1 and mat2 shapes cannot be multiplied (3x64 and 27x64)
2025-07-10 09:27:36,132 - ERROR - 子图匹配失败: mat1 and mat2 shapes cannot be multiplied (3x64 and 27x64)
2025-07-10 09:27:36,145 - ERROR - 结构嵌入提取失败: mat1 and mat2 shapes cannot be multiplied (3x64 and 27x64)
2025-07-10 09:27:36,145 - ERROR - 规则嵌入预计算失败: mat1 and mat2 shapes cannot be multiplied (3x64 and 27x64)
2025-07-10 09:27:36,146 - ERROR - 子图匹配失败: mat1 and mat2 shapes cannot be multiplied (3x64 and 27x64)
2025-07-10 09:27:36,157 - ERROR - 结构嵌入提取失败: mat1 and mat2 shapes cannot be multiplied (3x64 and 27x64)
2025-07-10 09:27:36,157 - ERROR - 规则嵌入预计算失败: mat1 and mat2 shapes cannot be multiplied (3x64 and 27x64)
2025-07-10 09:27:36,157 - ERROR - 子图匹配失败: mat1 and mat2 shapes cannot be multiplied (3x64 and 27x64)
2025-07-10 09:27:36,172 - ERROR - 结构嵌入提取失败: mat1 and mat2 shapes cannot be multiplied (3x64 and 27x64)
2025-07-10 09:27:36,173 - ERROR - 规则嵌入预计算失败: mat1 and mat2 shapes cannot be multiplied (3x64 and 27x64)
2025-07-10 09:27:36,174 - ERROR - 子图匹配失败: mat1 and mat2 shapes cannot be multiplied (3x64 and 27x64)
2025-07-10 09:27:36,185 - ERROR - 结构嵌入提取失败: mat1 and mat2 shapes cannot be multiplied (3x64 and 27x64)
2025-07-10 09:27:36,186 - ERROR - 规则嵌入预计算失败: mat1 and mat2 shapes cannot be multiplied (3x64 and 27x64)
2025-07-10 09:27:36,186 - ERROR - 子图匹配失败: mat1 and mat2 shapes cannot be multiplied (3x64 and 27x64)
2025-07-10 09:27:36,198 - ERROR - 结构嵌入提取失败: mat1 and mat2 shapes cannot be multiplied (3x64 and 27x64)
2025-07-10 09:27:36,199 - ERROR - 规则嵌入预计算失败: mat1 and mat2 shapes cannot be multiplied (3x64 and 27x64)
2025-07-10 09:27:36,199 - ERROR - 子图匹配失败: mat1 and mat2 shapes cannot be multiplied (3x64 and 27x64)
2025-07-10 09:27:36,217 - ERROR - 结构嵌入提取失败: mat1 and mat2 shapes cannot be multiplied (3x64 and 27x64)
2025-07-10 09:27:36,217 - ERROR - 规则嵌入预计算失败: mat1 and mat2 shapes cannot be multiplied (3x64 and 27x64)
2025-07-10 09:27:36,218 - ERROR - 子图匹配失败: mat1 and mat2 shapes cannot be multiplied (3x64 and 27x64)
2025-07-10 09:27:36,228 - ERROR - 结构嵌入提取失败: mat1 and mat2 shapes cannot be multiplied (3x64 and 27x64)
2025-07-10 09:27:36,229 - ERROR - 规则嵌入预计算失败: mat1 and mat2 shapes cannot be multiplied (3x64 and 27x64)
2025-07-10 09:27:36,230 - ERROR - 子图匹配失败: mat1 and mat2 shapes cannot be multiplied (3x64 and 27x64)
2025-07-10 09:27:36,243 - ERROR - 结构嵌入提取失败: mat1 and mat2 shapes cannot be multiplied (3x64 and 27x64)
2025-07-10 09:27:36,245 - ERROR - 规则嵌入预计算失败: mat1 and mat2 shapes cannot be multiplied (3x64 and 27x64)
2025-07-10 09:27:36,245 - ERROR - 子图匹配失败: mat1 and mat2 shapes cannot be multiplied (3x64 and 27x64)
2025-07-10 09:27:36,253 - ERROR - 结构嵌入提取失败: mat1 and mat2 shapes cannot be multiplied (3x64 and 27x64)
2025-07-10 09:27:36,253 - ERROR - 规则嵌入预计算失败: mat1 and mat2 shapes cannot be multiplied (3x64 and 27x64)
2025-07-10 09:27:36,254 - ERROR - 子图匹配失败: mat1 and mat2 shapes cannot be multiplied (3x64 and 27x64)
2025-07-10 09:27:36,268 - ERROR - 结构嵌入提取失败: mat1 and mat2 shapes cannot be multiplied (3x64 and 27x64)
2025-07-10 09:27:36,269 - ERROR - 规则嵌入预计算失败: mat1 and mat2 shapes cannot be multiplied (3x64 and 27x64)
2025-07-10 09:27:36,269 - ERROR - 子图匹配失败: mat1 and mat2 shapes cannot be multiplied (3x64 and 27x64)
2025-07-10 09:27:36,279 - ERROR - 结构嵌入提取失败: mat1 and mat2 shapes cannot be multiplied (3x64 and 27x64)
2025-07-10 09:27:36,280 - ERROR - 规则嵌入预计算失败: mat1 and mat2 shapes cannot be multiplied (3x64 and 27x64)
2025-07-10 09:27:36,280 - ERROR - 子图匹配失败: mat1 and mat2 shapes cannot be multiplied (3x64 and 27x64)
2025-07-10 09:27:36,293 - ERROR - 结构嵌入提取失败: mat1 and mat2 shapes cannot be multiplied (3x64 and 27x64)
2025-07-10 09:27:36,294 - ERROR - 规则嵌入预计算失败: mat1 and mat2 shapes cannot be multiplied (3x64 and 27x64)
2025-07-10 09:27:36,294 - ERROR - 子图匹配失败: mat1 and mat2 shapes cannot be multiplied (3x64 and 27x64)
2025-07-10 09:27:36,305 - ERROR - 结构嵌入提取失败: mat1 and mat2 shapes cannot be multiplied (3x64 and 27x64)
2025-07-10 09:27:36,306 - ERROR - 规则嵌入预计算失败: mat1 and mat2 shapes cannot be multiplied (3x64 and 27x64)
2025-07-10 09:27:36,307 - ERROR - 子图匹配失败: mat1 and mat2 shapes cannot be multiplied (3x64 and 27x64)
2025-07-10 09:27:36,316 - ERROR - 结构嵌入提取失败: mat1 and mat2 shapes cannot be multiplied (3x64 and 27x64)
2025-07-10 09:27:36,317 - ERROR - 规则嵌入预计算失败: mat1 and mat2 shapes cannot be multiplied (3x64 and 27x64)
2025-07-10 09:27:36,317 - ERROR - 子图匹配失败: mat1 and mat2 shapes cannot be multiplied (3x64 and 27x64)
2025-07-10 09:27:36,330 - ERROR - 结构嵌入提取失败: mat1 and mat2 shapes cannot be multiplied (3x64 and 27x64)
2025-07-10 09:27:36,332 - ERROR - 规则嵌入预计算失败: mat1 and mat2 shapes cannot be multiplied (3x64 and 27x64)
2025-07-10 09:27:36,332 - ERROR - 子图匹配失败: mat1 and mat2 shapes cannot be multiplied (3x64 and 27x64)
2025-07-10 09:27:36,340 - ERROR - 结构嵌入提取失败: mat1 and mat2 shapes cannot be multiplied (3x64 and 27x64)
2025-07-10 09:27:36,342 - ERROR - 规则嵌入预计算失败: mat1 and mat2 shapes cannot be multiplied (3x64 and 27x64)
2025-07-10 09:27:36,343 - ERROR - 子图匹配失败: mat1 and mat2 shapes cannot be multiplied (3x64 and 27x64)
2025-07-10 09:27:36,356 - ERROR - 结构嵌入提取失败: mat1 and mat2 shapes cannot be multiplied (3x64 and 27x64)
2025-07-10 09:27:36,356 - ERROR - 规则嵌入预计算失败: mat1 and mat2 shapes cannot be multiplied (3x64 and 27x64)
2025-07-10 09:27:36,357 - ERROR - 子图匹配失败: mat1 and mat2 shapes cannot be multiplied (3x64 and 27x64)
2025-07-10 09:27:36,371 - ERROR - 结构嵌入提取失败: mat1 and mat2 shapes cannot be multiplied (3x64 and 27x64)
2025-07-10 09:27:36,371 - ERROR - 规则嵌入预计算失败: mat1 and mat2 shapes cannot be multiplied (3x64 and 27x64)
2025-07-10 09:27:36,372 - ERROR - 子图匹配失败: mat1 and mat2 shapes cannot be multiplied (3x64 and 27x64)
2025-07-10 09:27:36,380 - ERROR - 结构嵌入提取失败: mat1 and mat2 shapes cannot be multiplied (3x64 and 27x64)
2025-07-10 09:27:36,380 - ERROR - 规则嵌入预计算失败: mat1 and mat2 shapes cannot be multiplied (3x64 and 27x64)
2025-07-10 09:27:36,381 - ERROR - 子图匹配失败: mat1 and mat2 shapes cannot be multiplied (3x64 and 27x64)
2025-07-10 09:27:36,394 - ERROR - 结构嵌入提取失败: mat1 and mat2 shapes cannot be multiplied (3x64 and 27x64)
2025-07-10 09:27:36,395 - ERROR - 规则嵌入预计算失败: mat1 and mat2 shapes cannot be multiplied (3x64 and 27x64)
2025-07-10 09:27:36,395 - ERROR - 子图匹配失败: mat1 and mat2 shapes cannot be multiplied (3x64 and 27x64)
2025-07-10 09:27:36,405 - ERROR - 结构嵌入提取失败: mat1 and mat2 shapes cannot be multiplied (3x64 and 27x64)
2025-07-10 09:27:36,406 - ERROR - 规则嵌入预计算失败: mat1 and mat2 shapes cannot be multiplied (3x64 and 27x64)
2025-07-10 09:27:36,406 - ERROR - 子图匹配失败: mat1 and mat2 shapes cannot be multiplied (3x64 and 27x64)
2025-07-10 09:27:36,420 - ERROR - 结构嵌入提取失败: mat1 and mat2 shapes cannot be multiplied (3x64 and 27x64)
2025-07-10 09:27:36,420 - ERROR - 规则嵌入预计算失败: mat1 and mat2 shapes cannot be multiplied (3x64 and 27x64)
2025-07-10 09:27:36,421 - ERROR - 子图匹配失败: mat1 and mat2 shapes cannot be multiplied (3x64 and 27x64)
2025-07-10 09:27:36,432 - ERROR - 结构嵌入提取失败: mat1 and mat2 shapes cannot be multiplied (3x64 and 27x64)
2025-07-10 09:27:36,433 - ERROR - 规则嵌入预计算失败: mat1 and mat2 shapes cannot be multiplied (3x64 and 27x64)
2025-07-10 09:27:36,433 - ERROR - 子图匹配失败: mat1 and mat2 shapes cannot be multiplied (3x64 and 27x64)
2025-07-10 09:27:36,446 - ERROR - 结构嵌入提取失败: mat1 and mat2 shapes cannot be multiplied (3x64 and 27x64)
2025-07-10 09:27:36,447 - ERROR - 规则嵌入预计算失败: mat1 and mat2 shapes cannot be multiplied (3x64 and 27x64)
2025-07-10 09:27:36,447 - ERROR - 子图匹配失败: mat1 and mat2 shapes cannot be multiplied (3x64 and 27x64)
2025-07-10 09:27:36,458 - ERROR - 结构嵌入提取失败: mat1 and mat2 shapes cannot be multiplied (3x64 and 27x64)
2025-07-10 09:27:36,458 - ERROR - 规则嵌入预计算失败: mat1 and mat2 shapes cannot be multiplied (3x64 and 27x64)
2025-07-10 09:27:36,459 - ERROR - 子图匹配失败: mat1 and mat2 shapes cannot be multiplied (3x64 and 27x64)
2025-07-10 09:27:36,469 - ERROR - 结构嵌入提取失败: mat1 and mat2 shapes cannot be multiplied (3x64 and 27x64)
2025-07-10 09:27:36,469 - ERROR - 规则嵌入预计算失败: mat1 and mat2 shapes cannot be multiplied (3x64 and 27x64)
2025-07-10 09:27:36,470 - ERROR - 子图匹配失败: mat1 and mat2 shapes cannot be multiplied (3x64 and 27x64)
2025-07-10 09:27:36,483 - ERROR - 结构嵌入提取失败: mat1 and mat2 shapes cannot be multiplied (3x64 and 27x64)
2025-07-10 09:27:36,483 - ERROR - 规则嵌入预计算失败: mat1 and mat2 shapes cannot be multiplied (3x64 and 27x64)
2025-07-10 09:27:36,484 - ERROR - 子图匹配失败: mat1 and mat2 shapes cannot be multiplied (3x64 and 27x64)
2025-07-10 09:27:36,495 - ERROR - 结构嵌入提取失败: mat1 and mat2 shapes cannot be multiplied (3x64 and 27x64)
2025-07-10 09:27:36,495 - ERROR - 规则嵌入预计算失败: mat1 and mat2 shapes cannot be multiplied (3x64 and 27x64)
2025-07-10 09:27:36,496 - ERROR - 子图匹配失败: mat1 and mat2 shapes cannot be multiplied (3x64 and 27x64)
2025-07-10 09:27:36,505 - ERROR - 结构嵌入提取失败: mat1 and mat2 shapes cannot be multiplied (3x64 and 27x64)
2025-07-10 09:27:36,506 - ERROR - 规则嵌入预计算失败: mat1 and mat2 shapes cannot be multiplied (3x64 and 27x64)
2025-07-10 09:27:36,507 - ERROR - 子图匹配失败: mat1 and mat2 shapes cannot be multiplied (3x64 and 27x64)
2025-07-10 09:27:36,516 - ERROR - 结构嵌入提取失败: mat1 and mat2 shapes cannot be multiplied (3x64 and 27x64)
2025-07-10 09:27:36,517 - ERROR - 规则嵌入预计算失败: mat1 and mat2 shapes cannot be multiplied (3x64 and 27x64)
2025-07-10 09:27:36,517 - ERROR - 子图匹配失败: mat1 and mat2 shapes cannot be multiplied (3x64 and 27x64)
2025-07-10 09:27:36,528 - ERROR - 结构嵌入提取失败: mat1 and mat2 shapes cannot be multiplied (3x64 and 27x64)
2025-07-10 09:27:36,529 - ERROR - 规则嵌入预计算失败: mat1 and mat2 shapes cannot be multiplied (3x64 and 27x64)
2025-07-10 09:27:36,530 - ERROR - 子图匹配失败: mat1 and mat2 shapes cannot be multiplied (3x64 and 27x64)
2025-07-10 09:27:36,546 - ERROR - 结构嵌入提取失败: mat1 and mat2 shapes cannot be multiplied (3x64 and 27x64)
2025-07-10 09:27:36,547 - ERROR - 规则嵌入预计算失败: mat1 and mat2 shapes cannot be multiplied (3x64 and 27x64)
2025-07-10 09:27:36,548 - ERROR - 子图匹配失败: mat1 and mat2 shapes cannot be multiplied (3x64 and 27x64)
2025-07-10 09:27:36,558 - ERROR - 结构嵌入提取失败: mat1 and mat2 shapes cannot be multiplied (3x64 and 27x64)
2025-07-10 09:27:36,558 - ERROR - 规则嵌入预计算失败: mat1 and mat2 shapes cannot be multiplied (3x64 and 27x64)
2025-07-10 09:27:36,559 - ERROR - 子图匹配失败: mat1 and mat2 shapes cannot be multiplied (3x64 and 27x64)
2025-07-10 09:27:36,572 - ERROR - 结构嵌入提取失败: mat1 and mat2 shapes cannot be multiplied (3x64 and 27x64)
2025-07-10 09:27:36,572 - ERROR - 规则嵌入预计算失败: mat1 and mat2 shapes cannot be multiplied (3x64 and 27x64)
2025-07-10 09:27:36,573 - ERROR - 子图匹配失败: mat1 and mat2 shapes cannot be multiplied (3x64 and 27x64)
2025-07-10 09:27:36,584 - ERROR - 结构嵌入提取失败: mat1 and mat2 shapes cannot be multiplied (3x64 and 27x64)
2025-07-10 09:27:36,585 - ERROR - 规则嵌入预计算失败: mat1 and mat2 shapes cannot be multiplied (3x64 and 27x64)
2025-07-10 09:27:36,585 - ERROR - 子图匹配失败: mat1 and mat2 shapes cannot be multiplied (3x64 and 27x64)
2025-07-10 09:27:36,598 - ERROR - 结构嵌入提取失败: mat1 and mat2 shapes cannot be multiplied (3x64 and 27x64)
2025-07-10 09:27:36,599 - ERROR - 规则嵌入预计算失败: mat1 and mat2 shapes cannot be multiplied (3x64 and 27x64)
2025-07-10 09:27:36,600 - ERROR - 子图匹配失败: mat1 and mat2 shapes cannot be multiplied (3x64 and 27x64)
2025-07-10 09:27:36,612 - ERROR - 结构嵌入提取失败: mat1 and mat2 shapes cannot be multiplied (3x64 and 27x64)
2025-07-10 09:27:36,612 - ERROR - 规则嵌入预计算失败: mat1 and mat2 shapes cannot be multiplied (3x64 and 27x64)
2025-07-10 09:27:36,613 - ERROR - 子图匹配失败: mat1 and mat2 shapes cannot be multiplied (3x64 and 27x64)
2025-07-10 09:27:36,626 - ERROR - 结构嵌入提取失败: mat1 and mat2 shapes cannot be multiplied (3x64 and 27x64)
2025-07-10 09:27:36,627 - ERROR - 规则嵌入预计算失败: mat1 and mat2 shapes cannot be multiplied (3x64 and 27x64)
2025-07-10 09:27:36,627 - ERROR - 子图匹配失败: mat1 and mat2 shapes cannot be multiplied (3x64 and 27x64)
2025-07-10 09:27:36,638 - ERROR - 结构嵌入提取失败: mat1 and mat2 shapes cannot be multiplied (3x64 and 27x64)
2025-07-10 09:27:36,639 - ERROR - 规则嵌入预计算失败: mat1 and mat2 shapes cannot be multiplied (3x64 and 27x64)
2025-07-10 09:27:36,639 - ERROR - 子图匹配失败: mat1 and mat2 shapes cannot be multiplied (3x64 and 27x64)
2025-07-10 09:27:36,653 - ERROR - 结构嵌入提取失败: mat1 and mat2 shapes cannot be multiplied (3x64 and 27x64)
2025-07-10 09:27:36,654 - ERROR - 规则嵌入预计算失败: mat1 and mat2 shapes cannot be multiplied (3x64 and 27x64)
2025-07-10 09:27:36,655 - ERROR - 子图匹配失败: mat1 and mat2 shapes cannot be multiplied (3x64 and 27x64)
2025-07-10 09:27:36,663 - ERROR - 结构嵌入提取失败: mat1 and mat2 shapes cannot be multiplied (3x64 and 27x64)
2025-07-10 09:27:36,663 - ERROR - 规则嵌入预计算失败: mat1 and mat2 shapes cannot be multiplied (3x64 and 27x64)
2025-07-10 09:27:36,664 - ERROR - 子图匹配失败: mat1 and mat2 shapes cannot be multiplied (3x64 and 27x64)
2025-07-10 09:27:36,678 - ERROR - 结构嵌入提取失败: mat1 and mat2 shapes cannot be multiplied (3x64 and 27x64)
2025-07-10 09:27:36,679 - ERROR - 规则嵌入预计算失败: mat1 and mat2 shapes cannot be multiplied (3x64 and 27x64)
2025-07-10 09:27:36,679 - ERROR - 子图匹配失败: mat1 and mat2 shapes cannot be multiplied (3x64 and 27x64)
2025-07-10 09:27:36,690 - ERROR - 结构嵌入提取失败: mat1 and mat2 shapes cannot be multiplied (3x64 and 27x64)
2025-07-10 09:27:36,691 - ERROR - 规则嵌入预计算失败: mat1 and mat2 shapes cannot be multiplied (3x64 and 27x64)
2025-07-10 09:27:36,692 - ERROR - 子图匹配失败: mat1 and mat2 shapes cannot be multiplied (3x64 and 27x64)
2025-07-10 09:27:36,706 - ERROR - 结构嵌入提取失败: mat1 and mat2 shapes cannot be multiplied (3x64 and 27x64)
2025-07-10 09:27:36,707 - ERROR - 规则嵌入预计算失败: mat1 and mat2 shapes cannot be multiplied (3x64 and 27x64)
2025-07-10 09:27:36,707 - ERROR - 子图匹配失败: mat1 and mat2 shapes cannot be multiplied (3x64 and 27x64)
2025-07-10 09:27:36,718 - ERROR - 结构嵌入提取失败: mat1 and mat2 shapes cannot be multiplied (3x64 and 27x64)
2025-07-10 09:27:36,718 - ERROR - 规则嵌入预计算失败: mat1 and mat2 shapes cannot be multiplied (3x64 and 27x64)
2025-07-10 09:27:36,719 - ERROR - 子图匹配失败: mat1 and mat2 shapes cannot be multiplied (3x64 and 27x64)
2025-07-10 09:27:36,733 - ERROR - 结构嵌入提取失败: mat1 and mat2 shapes cannot be multiplied (3x64 and 27x64)
2025-07-10 09:27:36,733 - ERROR - 规则嵌入预计算失败: mat1 and mat2 shapes cannot be multiplied (3x64 and 27x64)
2025-07-10 09:27:36,734 - ERROR - 子图匹配失败: mat1 and mat2 shapes cannot be multiplied (3x64 and 27x64)
2025-07-10 09:27:36,742 - ERROR - 结构嵌入提取失败: mat1 and mat2 shapes cannot be multiplied (3x64 and 27x64)
2025-07-10 09:27:36,743 - ERROR - 规则嵌入预计算失败: mat1 and mat2 shapes cannot be multiplied (3x64 and 27x64)
2025-07-10 09:27:36,744 - ERROR - 子图匹配失败: mat1 and mat2 shapes cannot be multiplied (3x64 and 27x64)
2025-07-10 09:27:36,757 - ERROR - 结构嵌入提取失败: mat1 and mat2 shapes cannot be multiplied (3x64 and 27x64)
2025-07-10 09:27:36,758 - ERROR - 规则嵌入预计算失败: mat1 and mat2 shapes cannot be multiplied (3x64 and 27x64)
2025-07-10 09:27:36,759 - ERROR - 子图匹配失败: mat1 and mat2 shapes cannot be multiplied (3x64 and 27x64)
2025-07-10 09:27:36,769 - ERROR - 结构嵌入提取失败: mat1 and mat2 shapes cannot be multiplied (3x64 and 27x64)
2025-07-10 09:27:36,770 - ERROR - 规则嵌入预计算失败: mat1 and mat2 shapes cannot be multiplied (3x64 and 27x64)
2025-07-10 09:27:36,770 - ERROR - 子图匹配失败: mat1 and mat2 shapes cannot be multiplied (3x64 and 27x64)
2025-07-10 09:27:36,784 - ERROR - 结构嵌入提取失败: mat1 and mat2 shapes cannot be multiplied (3x64 and 27x64)
2025-07-10 09:27:36,784 - ERROR - 规则嵌入预计算失败: mat1 and mat2 shapes cannot be multiplied (3x64 and 27x64)
2025-07-10 09:27:36,785 - ERROR - 子图匹配失败: mat1 and mat2 shapes cannot be multiplied (3x64 and 27x64)
2025-07-10 09:27:36,797 - ERROR - 结构嵌入提取失败: mat1 and mat2 shapes cannot be multiplied (3x64 and 27x64)
2025-07-10 09:27:36,798 - ERROR - 规则嵌入预计算失败: mat1 and mat2 shapes cannot be multiplied (3x64 and 27x64)
2025-07-10 09:27:36,798 - ERROR - 子图匹配失败: mat1 and mat2 shapes cannot be multiplied (3x64 and 27x64)
2025-07-10 09:27:36,810 - ERROR - 结构嵌入提取失败: mat1 and mat2 shapes cannot be multiplied (3x64 and 27x64)
2025-07-10 09:27:36,810 - ERROR - 规则嵌入预计算失败: mat1 and mat2 shapes cannot be multiplied (3x64 and 27x64)
2025-07-10 09:27:36,811 - ERROR - 子图匹配失败: mat1 and mat2 shapes cannot be multiplied (3x64 and 27x64)
2025-07-10 09:27:36,819 - ERROR - 结构嵌入提取失败: mat1 and mat2 shapes cannot be multiplied (3x64 and 27x64)
2025-07-10 09:27:36,819 - ERROR - 规则嵌入预计算失败: mat1 and mat2 shapes cannot be multiplied (3x64 and 27x64)
2025-07-10 09:27:36,820 - ERROR - 子图匹配失败: mat1 and mat2 shapes cannot be multiplied (3x64 and 27x64)
2025-07-10 09:27:36,833 - ERROR - 结构嵌入提取失败: mat1 and mat2 shapes cannot be multiplied (3x64 and 27x64)
2025-07-10 09:27:36,834 - ERROR - 规则嵌入预计算失败: mat1 and mat2 shapes cannot be multiplied (3x64 and 27x64)
2025-07-10 09:27:36,835 - ERROR - 子图匹配失败: mat1 and mat2 shapes cannot be multiplied (3x64 and 27x64)
2025-07-10 09:27:36,845 - ERROR - 结构嵌入提取失败: mat1 and mat2 shapes cannot be multiplied (3x64 and 27x64)
2025-07-10 09:27:36,846 - ERROR - 规则嵌入预计算失败: mat1 and mat2 shapes cannot be multiplied (3x64 and 27x64)
2025-07-10 09:27:36,847 - ERROR - 子图匹配失败: mat1 and mat2 shapes cannot be multiplied (3x64 and 27x64)
2025-07-10 09:27:36,862 - ERROR - 结构嵌入提取失败: mat1 and mat2 shapes cannot be multiplied (3x64 and 27x64)
2025-07-10 09:27:36,862 - ERROR - 规则嵌入预计算失败: mat1 and mat2 shapes cannot be multiplied (3x64 and 27x64)
2025-07-10 09:27:36,864 - ERROR - 子图匹配失败: mat1 and mat2 shapes cannot be multiplied (3x64 and 27x64)
2025-07-10 09:27:36,878 - ERROR - 结构嵌入提取失败: mat1 and mat2 shapes cannot be multiplied (3x64 and 27x64)
2025-07-10 09:27:36,879 - ERROR - 规则嵌入预计算失败: mat1 and mat2 shapes cannot be multiplied (3x64 and 27x64)
2025-07-10 09:27:36,879 - ERROR - 子图匹配失败: mat1 and mat2 shapes cannot be multiplied (3x64 and 27x64)
2025-07-10 09:27:36,893 - ERROR - 结构嵌入提取失败: mat1 and mat2 shapes cannot be multiplied (3x64 and 27x64)
2025-07-10 09:27:36,894 - ERROR - 规则嵌入预计算失败: mat1 and mat2 shapes cannot be multiplied (3x64 and 27x64)
2025-07-10 09:27:36,896 - ERROR - 子图匹配失败: mat1 and mat2 shapes cannot be multiplied (3x64 and 27x64)
2025-07-10 09:27:36,906 - ERROR - 结构嵌入提取失败: mat1 and mat2 shapes cannot be multiplied (3x64 and 27x64)
2025-07-10 09:27:36,907 - ERROR - 规则嵌入预计算失败: mat1 and mat2 shapes cannot be multiplied (3x64 and 27x64)
2025-07-10 09:27:36,907 - ERROR - 子图匹配失败: mat1 and mat2 shapes cannot be multiplied (3x64 and 27x64)
2025-07-10 09:27:36,919 - ERROR - 结构嵌入提取失败: mat1 and mat2 shapes cannot be multiplied (3x64 and 27x64)
2025-07-10 09:27:36,920 - ERROR - 规则嵌入预计算失败: mat1 and mat2 shapes cannot be multiplied (3x64 and 27x64)
2025-07-10 09:27:36,921 - ERROR - 子图匹配失败: mat1 and mat2 shapes cannot be multiplied (3x64 and 27x64)
2025-07-10 09:27:36,933 - ERROR - 结构嵌入提取失败: mat1 and mat2 shapes cannot be multiplied (3x64 and 27x64)
2025-07-10 09:27:36,935 - ERROR - 规则嵌入预计算失败: mat1 and mat2 shapes cannot be multiplied (3x64 and 27x64)
2025-07-10 09:27:36,935 - ERROR - 子图匹配失败: mat1 and mat2 shapes cannot be multiplied (3x64 and 27x64)
2025-07-10 09:27:36,948 - ERROR - 结构嵌入提取失败: mat1 and mat2 shapes cannot be multiplied (3x64 and 27x64)
2025-07-10 09:27:36,949 - ERROR - 规则嵌入预计算失败: mat1 and mat2 shapes cannot be multiplied (3x64 and 27x64)
2025-07-10 09:27:36,949 - ERROR - 子图匹配失败: mat1 and mat2 shapes cannot be multiplied (3x64 and 27x64)
2025-07-10 09:27:36,950 - INFO - 处理第101/1299个anchor
2025-07-10 09:27:36,959 - ERROR - 结构嵌入提取失败: mat1 and mat2 shapes cannot be multiplied (3x64 and 27x64)
2025-07-10 09:27:36,960 - ERROR - 规则嵌入预计算失败: mat1 and mat2 shapes cannot be multiplied (3x64 and 27x64)
2025-07-10 09:27:36,960 - ERROR - 子图匹配失败: mat1 and mat2 shapes cannot be multiplied (3x64 and 27x64)
2025-07-10 09:27:36,973 - ERROR - 结构嵌入提取失败: mat1 and mat2 shapes cannot be multiplied (3x64 and 27x64)
2025-07-10 09:27:36,974 - ERROR - 规则嵌入预计算失败: mat1 and mat2 shapes cannot be multiplied (3x64 and 27x64)
2025-07-10 09:27:36,975 - ERROR - 子图匹配失败: mat1 and mat2 shapes cannot be multiplied (3x64 and 27x64)
2025-07-10 09:27:36,984 - ERROR - 结构嵌入提取失败: mat1 and mat2 shapes cannot be multiplied (3x64 and 27x64)
2025-07-10 09:27:36,984 - ERROR - 规则嵌入预计算失败: mat1 and mat2 shapes cannot be multiplied (3x64 and 27x64)
2025-07-10 09:27:36,984 - ERROR - 子图匹配失败: mat1 and mat2 shapes cannot be multiplied (3x64 and 27x64)
2025-07-10 09:27:36,996 - ERROR - 结构嵌入提取失败: mat1 and mat2 shapes cannot be multiplied (3x64 and 27x64)
2025-07-10 09:27:36,997 - ERROR - 规则嵌入预计算失败: mat1 and mat2 shapes cannot be multiplied (3x64 and 27x64)
2025-07-10 09:27:36,998 - ERROR - 子图匹配失败: mat1 and mat2 shapes cannot be multiplied (3x64 and 27x64)
2025-07-10 09:27:37,007 - ERROR - 结构嵌入提取失败: mat1 and mat2 shapes cannot be multiplied (3x64 and 27x64)
2025-07-10 09:27:37,007 - ERROR - 规则嵌入预计算失败: mat1 and mat2 shapes cannot be multiplied (3x64 and 27x64)
2025-07-10 09:27:37,008 - ERROR - 子图匹配失败: mat1 and mat2 shapes cannot be multiplied (3x64 and 27x64)
2025-07-10 09:27:37,020 - ERROR - 结构嵌入提取失败: mat1 and mat2 shapes cannot be multiplied (3x64 and 27x64)
2025-07-10 09:27:37,021 - ERROR - 规则嵌入预计算失败: mat1 and mat2 shapes cannot be multiplied (3x64 and 27x64)
2025-07-10 09:27:37,022 - ERROR - 子图匹配失败: mat1 and mat2 shapes cannot be multiplied (3x64 and 27x64)
2025-07-10 09:27:37,032 - ERROR - 结构嵌入提取失败: mat1 and mat2 shapes cannot be multiplied (3x64 and 27x64)
2025-07-10 09:27:37,032 - ERROR - 规则嵌入预计算失败: mat1 and mat2 shapes cannot be multiplied (3x64 and 27x64)
2025-07-10 09:27:37,033 - ERROR - 子图匹配失败: mat1 and mat2 shapes cannot be multiplied (3x64 and 27x64)
2025-07-10 09:27:37,043 - ERROR - 结构嵌入提取失败: mat1 and mat2 shapes cannot be multiplied (3x64 and 27x64)
2025-07-10 09:27:37,044 - ERROR - 规则嵌入预计算失败: mat1 and mat2 shapes cannot be multiplied (3x64 and 27x64)
2025-07-10 09:27:37,046 - ERROR - 子图匹配失败: mat1 and mat2 shapes cannot be multiplied (3x64 and 27x64)
2025-07-10 09:27:37,058 - ERROR - 结构嵌入提取失败: mat1 and mat2 shapes cannot be multiplied (3x64 and 27x64)
2025-07-10 09:27:37,059 - ERROR - 规则嵌入预计算失败: mat1 and mat2 shapes cannot be multiplied (3x64 and 27x64)
2025-07-10 09:27:37,060 - ERROR - 子图匹配失败: mat1 and mat2 shapes cannot be multiplied (3x64 and 27x64)
2025-07-10 09:27:37,073 - ERROR - 结构嵌入提取失败: mat1 and mat2 shapes cannot be multiplied (3x64 and 27x64)
2025-07-10 09:27:37,073 - ERROR - 规则嵌入预计算失败: mat1 and mat2 shapes cannot be multiplied (3x64 and 27x64)
2025-07-10 09:27:37,074 - ERROR - 子图匹配失败: mat1 and mat2 shapes cannot be multiplied (3x64 and 27x64)
2025-07-10 09:27:37,082 - ERROR - 结构嵌入提取失败: mat1 and mat2 shapes cannot be multiplied (3x64 and 27x64)
2025-07-10 09:27:37,083 - ERROR - 规则嵌入预计算失败: mat1 and mat2 shapes cannot be multiplied (3x64 and 27x64)
2025-07-10 09:27:37,083 - ERROR - 子图匹配失败: mat1 and mat2 shapes cannot be multiplied (3x64 and 27x64)
2025-07-10 09:27:37,096 - ERROR - 结构嵌入提取失败: mat1 and mat2 shapes cannot be multiplied (3x64 and 27x64)
2025-07-10 09:27:37,096 - ERROR - 规则嵌入预计算失败: mat1 and mat2 shapes cannot be multiplied (3x64 and 27x64)
2025-07-10 09:27:37,097 - ERROR - 子图匹配失败: mat1 and mat2 shapes cannot be multiplied (3x64 and 27x64)
2025-07-10 09:27:37,106 - ERROR - 结构嵌入提取失败: mat1 and mat2 shapes cannot be multiplied (3x64 and 27x64)
2025-07-10 09:27:37,106 - ERROR - 规则嵌入预计算失败: mat1 and mat2 shapes cannot be multiplied (3x64 and 27x64)
2025-07-10 09:27:37,108 - ERROR - 子图匹配失败: mat1 and mat2 shapes cannot be multiplied (3x64 and 27x64)
2025-07-10 09:27:37,118 - ERROR - 结构嵌入提取失败: mat1 and mat2 shapes cannot be multiplied (3x64 and 27x64)
2025-07-10 09:27:37,119 - ERROR - 规则嵌入预计算失败: mat1 and mat2 shapes cannot be multiplied (3x64 and 27x64)
2025-07-10 09:27:37,119 - ERROR - 子图匹配失败: mat1 and mat2 shapes cannot be multiplied (3x64 and 27x64)
2025-07-10 09:27:37,130 - ERROR - 结构嵌入提取失败: mat1 and mat2 shapes cannot be multiplied (3x64 and 27x64)
2025-07-10 09:27:37,130 - ERROR - 规则嵌入预计算失败: mat1 and mat2 shapes cannot be multiplied (3x64 and 27x64)
2025-07-10 09:27:37,131 - ERROR - 子图匹配失败: mat1 and mat2 shapes cannot be multiplied (3x64 and 27x64)
2025-07-10 09:27:37,143 - ERROR - 结构嵌入提取失败: mat1 and mat2 shapes cannot be multiplied (3x64 and 27x64)
2025-07-10 09:27:37,144 - ERROR - 规则嵌入预计算失败: mat1 and mat2 shapes cannot be multiplied (3x64 and 27x64)
2025-07-10 09:27:37,145 - ERROR - 子图匹配失败: mat1 and mat2 shapes cannot be multiplied (3x64 and 27x64)
2025-07-10 09:27:37,158 - ERROR - 结构嵌入提取失败: mat1 and mat2 shapes cannot be multiplied (3x64 and 27x64)
2025-07-10 09:27:37,159 - ERROR - 规则嵌入预计算失败: mat1 and mat2 shapes cannot be multiplied (3x64 and 27x64)
2025-07-10 09:27:37,160 - ERROR - 子图匹配失败: mat1 and mat2 shapes cannot be multiplied (3x64 and 27x64)
2025-07-10 09:27:37,170 - ERROR - 结构嵌入提取失败: mat1 and mat2 shapes cannot be multiplied (3x64 and 27x64)
2025-07-10 09:27:37,171 - ERROR - 规则嵌入预计算失败: mat1 and mat2 shapes cannot be multiplied (3x64 and 27x64)
2025-07-10 09:27:37,172 - ERROR - 子图匹配失败: mat1 and mat2 shapes cannot be multiplied (3x64 and 27x64)
2025-07-10 09:27:37,186 - ERROR - 结构嵌入提取失败: mat1 and mat2 shapes cannot be multiplied (3x64 and 27x64)
2025-07-10 09:27:37,187 - ERROR - 规则嵌入预计算失败: mat1 and mat2 shapes cannot be multiplied (3x64 and 27x64)
2025-07-10 09:27:37,187 - ERROR - 子图匹配失败: mat1 and mat2 shapes cannot be multiplied (3x64 and 27x64)
2025-07-10 09:27:37,201 - ERROR - 结构嵌入提取失败: mat1 and mat2 shapes cannot be multiplied (3x64 and 27x64)
2025-07-10 09:27:37,202 - ERROR - 规则嵌入预计算失败: mat1 and mat2 shapes cannot be multiplied (3x64 and 27x64)
2025-07-10 09:27:37,202 - ERROR - 子图匹配失败: mat1 and mat2 shapes cannot be multiplied (3x64 and 27x64)
2025-07-10 09:27:37,210 - ERROR - 结构嵌入提取失败: mat1 and mat2 shapes cannot be multiplied (3x64 and 27x64)
2025-07-10 09:27:37,211 - ERROR - 规则嵌入预计算失败: mat1 and mat2 shapes cannot be multiplied (3x64 and 27x64)
2025-07-10 09:27:37,211 - ERROR - 子图匹配失败: mat1 and mat2 shapes cannot be multiplied (3x64 and 27x64)
2025-07-10 09:27:37,224 - ERROR - 结构嵌入提取失败: mat1 and mat2 shapes cannot be multiplied (3x64 and 27x64)
2025-07-10 09:27:37,225 - ERROR - 规则嵌入预计算失败: mat1 and mat2 shapes cannot be multiplied (3x64 and 27x64)
2025-07-10 09:27:37,225 - ERROR - 子图匹配失败: mat1 and mat2 shapes cannot be multiplied (3x64 and 27x64)
2025-07-10 09:27:37,235 - ERROR - 结构嵌入提取失败: mat1 and mat2 shapes cannot be multiplied (3x64 and 27x64)
2025-07-10 09:27:37,236 - ERROR - 规则嵌入预计算失败: mat1 and mat2 shapes cannot be multiplied (3x64 and 27x64)
2025-07-10 09:27:37,236 - ERROR - 子图匹配失败: mat1 and mat2 shapes cannot be multiplied (3x64 and 27x64)
2025-07-10 09:27:37,251 - ERROR - 结构嵌入提取失败: mat1 and mat2 shapes cannot be multiplied (3x64 and 27x64)
2025-07-10 09:27:37,252 - ERROR - 规则嵌入预计算失败: mat1 and mat2 shapes cannot be multiplied (3x64 and 27x64)
2025-07-10 09:27:37,252 - ERROR - 子图匹配失败: mat1 and mat2 shapes cannot be multiplied (3x64 and 27x64)
2025-07-10 09:27:37,265 - ERROR - 结构嵌入提取失败: mat1 and mat2 shapes cannot be multiplied (3x64 and 27x64)
2025-07-10 09:27:37,265 - ERROR - 规则嵌入预计算失败: mat1 and mat2 shapes cannot be multiplied (3x64 and 27x64)
2025-07-10 09:27:37,266 - ERROR - 子图匹配失败: mat1 and mat2 shapes cannot be multiplied (3x64 and 27x64)
2025-07-10 09:27:37,274 - ERROR - 结构嵌入提取失败: mat1 and mat2 shapes cannot be multiplied (3x64 and 27x64)
2025-07-10 09:27:37,274 - ERROR - 规则嵌入预计算失败: mat1 and mat2 shapes cannot be multiplied (3x64 and 27x64)
2025-07-10 09:27:37,275 - ERROR - 子图匹配失败: mat1 and mat2 shapes cannot be multiplied (3x64 and 27x64)
2025-07-10 09:27:37,287 - ERROR - 结构嵌入提取失败: mat1 and mat2 shapes cannot be multiplied (3x64 and 27x64)
2025-07-10 09:27:37,288 - ERROR - 规则嵌入预计算失败: mat1 and mat2 shapes cannot be multiplied (3x64 and 27x64)
2025-07-10 09:27:37,289 - ERROR - 子图匹配失败: mat1 and mat2 shapes cannot be multiplied (3x64 and 27x64)
2025-07-10 09:27:37,300 - ERROR - 结构嵌入提取失败: mat1 and mat2 shapes cannot be multiplied (3x64 and 27x64)
2025-07-10 09:27:37,301 - ERROR - 规则嵌入预计算失败: mat1 and mat2 shapes cannot be multiplied (3x64 and 27x64)
2025-07-10 09:27:37,301 - ERROR - 子图匹配失败: mat1 and mat2 shapes cannot be multiplied (3x64 and 27x64)
2025-07-10 09:27:37,313 - ERROR - 结构嵌入提取失败: mat1 and mat2 shapes cannot be multiplied (3x64 and 27x64)
2025-07-10 09:27:37,314 - ERROR - 规则嵌入预计算失败: mat1 and mat2 shapes cannot be multiplied (3x64 and 27x64)
2025-07-10 09:27:37,315 - ERROR - 子图匹配失败: mat1 and mat2 shapes cannot be multiplied (3x64 and 27x64)
2025-07-10 09:27:37,327 - ERROR - 结构嵌入提取失败: mat1 and mat2 shapes cannot be multiplied (3x64 and 27x64)
2025-07-10 09:27:37,328 - ERROR - 规则嵌入预计算失败: mat1 and mat2 shapes cannot be multiplied (3x64 and 27x64)
2025-07-10 09:27:37,328 - ERROR - 子图匹配失败: mat1 and mat2 shapes cannot be multiplied (3x64 and 27x64)
2025-07-10 09:27:37,340 - ERROR - 结构嵌入提取失败: mat1 and mat2 shapes cannot be multiplied (3x64 and 27x64)
2025-07-10 09:27:37,341 - ERROR - 规则嵌入预计算失败: mat1 and mat2 shapes cannot be multiplied (3x64 and 27x64)
2025-07-10 09:27:37,342 - ERROR - 子图匹配失败: mat1 and mat2 shapes cannot be multiplied (3x64 and 27x64)
2025-07-10 09:27:37,354 - ERROR - 结构嵌入提取失败: mat1 and mat2 shapes cannot be multiplied (3x64 and 27x64)
2025-07-10 09:27:37,355 - ERROR - 规则嵌入预计算失败: mat1 and mat2 shapes cannot be multiplied (3x64 and 27x64)
2025-07-10 09:27:37,355 - ERROR - 子图匹配失败: mat1 and mat2 shapes cannot be multiplied (3x64 and 27x64)
2025-07-10 09:27:37,369 - ERROR - 结构嵌入提取失败: mat1 and mat2 shapes cannot be multiplied (3x64 and 27x64)
2025-07-10 09:27:37,369 - ERROR - 规则嵌入预计算失败: mat1 and mat2 shapes cannot be multiplied (3x64 and 27x64)
2025-07-10 09:27:37,370 - ERROR - 子图匹配失败: mat1 and mat2 shapes cannot be multiplied (3x64 and 27x64)
2025-07-10 09:27:37,378 - ERROR - 结构嵌入提取失败: mat1 and mat2 shapes cannot be multiplied (3x64 and 27x64)
2025-07-10 09:27:37,379 - ERROR - 规则嵌入预计算失败: mat1 and mat2 shapes cannot be multiplied (3x64 and 27x64)
2025-07-10 09:27:37,379 - ERROR - 子图匹配失败: mat1 and mat2 shapes cannot be multiplied (3x64 and 27x64)
2025-07-10 09:27:37,393 - ERROR - 结构嵌入提取失败: mat1 and mat2 shapes cannot be multiplied (3x64 and 27x64)
2025-07-10 09:27:37,394 - ERROR - 规则嵌入预计算失败: mat1 and mat2 shapes cannot be multiplied (3x64 and 27x64)
2025-07-10 09:27:37,394 - ERROR - 子图匹配失败: mat1 and mat2 shapes cannot be multiplied (3x64 and 27x64)
2025-07-10 09:27:37,408 - ERROR - 结构嵌入提取失败: mat1 and mat2 shapes cannot be multiplied (3x64 and 27x64)
2025-07-10 09:27:37,408 - ERROR - 规则嵌入预计算失败: mat1 and mat2 shapes cannot be multiplied (3x64 and 27x64)
2025-07-10 09:27:37,409 - ERROR - 子图匹配失败: mat1 and mat2 shapes cannot be multiplied (3x64 and 27x64)
2025-07-10 09:27:37,417 - ERROR - 结构嵌入提取失败: mat1 and mat2 shapes cannot be multiplied (3x64 and 27x64)
2025-07-10 09:27:37,418 - ERROR - 规则嵌入预计算失败: mat1 and mat2 shapes cannot be multiplied (3x64 and 27x64)
2025-07-10 09:27:37,419 - ERROR - 子图匹配失败: mat1 and mat2 shapes cannot be multiplied (3x64 and 27x64)
2025-07-10 09:27:37,430 - ERROR - 结构嵌入提取失败: mat1 and mat2 shapes cannot be multiplied (3x64 and 27x64)
2025-07-10 09:27:37,431 - ERROR - 规则嵌入预计算失败: mat1 and mat2 shapes cannot be multiplied (3x64 and 27x64)
2025-07-10 09:27:37,431 - ERROR - 子图匹配失败: mat1 and mat2 shapes cannot be multiplied (3x64 and 27x64)
2025-07-10 09:27:37,444 - ERROR - 结构嵌入提取失败: mat1 and mat2 shapes cannot be multiplied (3x64 and 27x64)
2025-07-10 09:27:37,444 - ERROR - 规则嵌入预计算失败: mat1 and mat2 shapes cannot be multiplied (3x64 and 27x64)
2025-07-10 09:27:37,445 - ERROR - 子图匹配失败: mat1 and mat2 shapes cannot be multiplied (3x64 and 27x64)
2025-07-10 09:27:37,454 - ERROR - 结构嵌入提取失败: mat1 and mat2 shapes cannot be multiplied (3x64 and 27x64)
2025-07-10 09:27:37,455 - ERROR - 规则嵌入预计算失败: mat1 and mat2 shapes cannot be multiplied (3x64 and 27x64)
2025-07-10 09:27:37,456 - ERROR - 子图匹配失败: mat1 and mat2 shapes cannot be multiplied (3x64 and 27x64)
2025-07-10 09:27:37,468 - ERROR - 结构嵌入提取失败: mat1 and mat2 shapes cannot be multiplied (3x64 and 27x64)
2025-07-10 09:27:37,469 - ERROR - 规则嵌入预计算失败: mat1 and mat2 shapes cannot be multiplied (3x64 and 27x64)
2025-07-10 09:27:37,469 - ERROR - 子图匹配失败: mat1 and mat2 shapes cannot be multiplied (3x64 and 27x64)
2025-07-10 09:27:37,482 - ERROR - 结构嵌入提取失败: mat1 and mat2 shapes cannot be multiplied (3x64 and 27x64)
2025-07-10 09:27:37,482 - ERROR - 规则嵌入预计算失败: mat1 and mat2 shapes cannot be multiplied (3x64 and 27x64)
2025-07-10 09:27:37,482 - ERROR - 子图匹配失败: mat1 and mat2 shapes cannot be multiplied (3x64 and 27x64)
2025-07-10 09:27:37,492 - ERROR - 结构嵌入提取失败: mat1 and mat2 shapes cannot be multiplied (3x64 and 27x64)
2025-07-10 09:27:37,493 - ERROR - 规则嵌入预计算失败: mat1 and mat2 shapes cannot be multiplied (3x64 and 27x64)
2025-07-10 09:27:37,494 - ERROR - 子图匹配失败: mat1 and mat2 shapes cannot be multiplied (3x64 and 27x64)
2025-07-10 09:27:37,510 - ERROR - 结构嵌入提取失败: mat1 and mat2 shapes cannot be multiplied (3x64 and 27x64)
2025-07-10 09:27:37,511 - ERROR - 规则嵌入预计算失败: mat1 and mat2 shapes cannot be multiplied (3x64 and 27x64)
2025-07-10 09:27:37,512 - ERROR - 子图匹配失败: mat1 and mat2 shapes cannot be multiplied (3x64 and 27x64)
2025-07-10 09:27:37,523 - ERROR - 结构嵌入提取失败: mat1 and mat2 shapes cannot be multiplied (3x64 and 27x64)
2025-07-10 09:27:37,524 - ERROR - 规则嵌入预计算失败: mat1 and mat2 shapes cannot be multiplied (3x64 and 27x64)
2025-07-10 09:27:37,524 - ERROR - 子图匹配失败: mat1 and mat2 shapes cannot be multiplied (3x64 and 27x64)
2025-07-10 09:27:37,535 - ERROR - 结构嵌入提取失败: mat1 and mat2 shapes cannot be multiplied (3x64 and 27x64)
2025-07-10 09:27:37,536 - ERROR - 规则嵌入预计算失败: mat1 and mat2 shapes cannot be multiplied (3x64 and 27x64)
2025-07-10 09:27:37,537 - ERROR - 子图匹配失败: mat1 and mat2 shapes cannot be multiplied (3x64 and 27x64)
2025-07-10 09:27:37,547 - ERROR - 结构嵌入提取失败: mat1 and mat2 shapes cannot be multiplied (3x64 and 27x64)
2025-07-10 09:27:37,548 - ERROR - 规则嵌入预计算失败: mat1 and mat2 shapes cannot be multiplied (3x64 and 27x64)
2025-07-10 09:27:37,548 - ERROR - 子图匹配失败: mat1 and mat2 shapes cannot be multiplied (3x64 and 27x64)
2025-07-10 09:27:37,561 - ERROR - 结构嵌入提取失败: mat1 and mat2 shapes cannot be multiplied (3x64 and 27x64)
2025-07-10 09:27:37,561 - ERROR - 规则嵌入预计算失败: mat1 and mat2 shapes cannot be multiplied (3x64 and 27x64)
2025-07-10 09:27:37,562 - ERROR - 子图匹配失败: mat1 and mat2 shapes cannot be multiplied (3x64 and 27x64)
2025-07-10 09:27:37,573 - ERROR - 结构嵌入提取失败: mat1 and mat2 shapes cannot be multiplied (3x64 and 27x64)
2025-07-10 09:27:37,574 - ERROR - 规则嵌入预计算失败: mat1 and mat2 shapes cannot be multiplied (3x64 and 27x64)
2025-07-10 09:27:37,574 - ERROR - 子图匹配失败: mat1 and mat2 shapes cannot be multiplied (3x64 and 27x64)
2025-07-10 09:27:37,587 - ERROR - 结构嵌入提取失败: mat1 and mat2 shapes cannot be multiplied (3x64 and 27x64)
2025-07-10 09:27:37,588 - ERROR - 规则嵌入预计算失败: mat1 and mat2 shapes cannot be multiplied (3x64 and 27x64)
2025-07-10 09:27:37,588 - ERROR - 子图匹配失败: mat1 and mat2 shapes cannot be multiplied (3x64 and 27x64)
2025-07-10 09:27:37,598 - ERROR - 结构嵌入提取失败: mat1 and mat2 shapes cannot be multiplied (3x64 and 27x64)
2025-07-10 09:27:37,599 - ERROR - 规则嵌入预计算失败: mat1 and mat2 shapes cannot be multiplied (3x64 and 27x64)
2025-07-10 09:27:37,600 - ERROR - 子图匹配失败: mat1 and mat2 shapes cannot be multiplied (3x64 and 27x64)
2025-07-10 09:27:37,612 - ERROR - 结构嵌入提取失败: mat1 and mat2 shapes cannot be multiplied (3x64 and 27x64)
2025-07-10 09:27:37,613 - ERROR - 规则嵌入预计算失败: mat1 and mat2 shapes cannot be multiplied (3x64 and 27x64)
2025-07-10 09:27:37,613 - ERROR - 子图匹配失败: mat1 and mat2 shapes cannot be multiplied (3x64 and 27x64)
2025-07-10 09:27:37,624 - ERROR - 结构嵌入提取失败: mat1 and mat2 shapes cannot be multiplied (3x64 and 27x64)
2025-07-10 09:27:37,625 - ERROR - 规则嵌入预计算失败: mat1 and mat2 shapes cannot be multiplied (3x64 and 27x64)
2025-07-10 09:27:37,625 - ERROR - 子图匹配失败: mat1 and mat2 shapes cannot be multiplied (3x64 and 27x64)
2025-07-10 09:27:37,637 - ERROR - 结构嵌入提取失败: mat1 and mat2 shapes cannot be multiplied (3x64 and 27x64)
2025-07-10 09:27:37,638 - ERROR - 规则嵌入预计算失败: mat1 and mat2 shapes cannot be multiplied (3x64 and 27x64)
2025-07-10 09:27:37,639 - ERROR - 子图匹配失败: mat1 and mat2 shapes cannot be multiplied (3x64 and 27x64)
2025-07-10 09:27:37,649 - ERROR - 结构嵌入提取失败: mat1 and mat2 shapes cannot be multiplied (3x64 and 27x64)
2025-07-10 09:27:37,650 - ERROR - 规则嵌入预计算失败: mat1 and mat2 shapes cannot be multiplied (3x64 and 27x64)
2025-07-10 09:27:37,650 - ERROR - 子图匹配失败: mat1 and mat2 shapes cannot be multiplied (3x64 and 27x64)
2025-07-10 09:27:37,664 - ERROR - 结构嵌入提取失败: mat1 and mat2 shapes cannot be multiplied (3x64 and 27x64)
2025-07-10 09:27:37,665 - ERROR - 规则嵌入预计算失败: mat1 and mat2 shapes cannot be multiplied (3x64 and 27x64)
2025-07-10 09:27:37,665 - ERROR - 子图匹配失败: mat1 and mat2 shapes cannot be multiplied (3x64 and 27x64)
2025-07-10 09:27:37,676 - ERROR - 结构嵌入提取失败: mat1 and mat2 shapes cannot be multiplied (3x64 and 27x64)
2025-07-10 09:27:37,676 - ERROR - 规则嵌入预计算失败: mat1 and mat2 shapes cannot be multiplied (3x64 and 27x64)
2025-07-10 09:27:37,677 - ERROR - 子图匹配失败: mat1 and mat2 shapes cannot be multiplied (3x64 and 27x64)
2025-07-10 09:27:37,691 - ERROR - 结构嵌入提取失败: mat1 and mat2 shapes cannot be multiplied (3x64 and 27x64)
2025-07-10 09:27:37,691 - ERROR - 规则嵌入预计算失败: mat1 and mat2 shapes cannot be multiplied (3x64 and 27x64)
2025-07-10 09:27:37,692 - ERROR - 子图匹配失败: mat1 and mat2 shapes cannot be multiplied (3x64 and 27x64)
2025-07-10 09:27:37,704 - ERROR - 结构嵌入提取失败: mat1 and mat2 shapes cannot be multiplied (3x64 and 27x64)
2025-07-10 09:27:37,705 - ERROR - 规则嵌入预计算失败: mat1 and mat2 shapes cannot be multiplied (3x64 and 27x64)
2025-07-10 09:27:37,706 - ERROR - 子图匹配失败: mat1 and mat2 shapes cannot be multiplied (3x64 and 27x64)
2025-07-10 09:27:37,715 - ERROR - 结构嵌入提取失败: mat1 and mat2 shapes cannot be multiplied (3x64 and 27x64)
2025-07-10 09:27:37,716 - ERROR - 规则嵌入预计算失败: mat1 and mat2 shapes cannot be multiplied (3x64 and 27x64)
2025-07-10 09:27:37,717 - ERROR - 子图匹配失败: mat1 and mat2 shapes cannot be multiplied (3x64 and 27x64)
2025-07-10 09:27:37,728 - ERROR - 结构嵌入提取失败: mat1 and mat2 shapes cannot be multiplied (3x64 and 27x64)
2025-07-10 09:27:37,729 - ERROR - 规则嵌入预计算失败: mat1 and mat2 shapes cannot be multiplied (3x64 and 27x64)
2025-07-10 09:27:37,730 - ERROR - 子图匹配失败: mat1 and mat2 shapes cannot be multiplied (3x64 and 27x64)
2025-07-10 09:27:37,746 - ERROR - 结构嵌入提取失败: mat1 and mat2 shapes cannot be multiplied (3x64 and 27x64)
2025-07-10 09:27:37,747 - ERROR - 规则嵌入预计算失败: mat1 and mat2 shapes cannot be multiplied (3x64 and 27x64)
2025-07-10 09:27:37,747 - ERROR - 子图匹配失败: mat1 and mat2 shapes cannot be multiplied (3x64 and 27x64)
2025-07-10 09:27:37,758 - ERROR - 结构嵌入提取失败: mat1 and mat2 shapes cannot be multiplied (3x64 and 27x64)
2025-07-10 09:27:37,759 - ERROR - 规则嵌入预计算失败: mat1 and mat2 shapes cannot be multiplied (3x64 and 27x64)
2025-07-10 09:27:37,759 - ERROR - 子图匹配失败: mat1 and mat2 shapes cannot be multiplied (3x64 and 27x64)
2025-07-10 09:27:37,772 - ERROR - 结构嵌入提取失败: mat1 and mat2 shapes cannot be multiplied (3x64 and 27x64)
2025-07-10 09:27:37,773 - ERROR - 规则嵌入预计算失败: mat1 and mat2 shapes cannot be multiplied (3x64 and 27x64)
2025-07-10 09:27:37,774 - ERROR - 子图匹配失败: mat1 and mat2 shapes cannot be multiplied (3x64 and 27x64)
2025-07-10 09:27:37,783 - ERROR - 结构嵌入提取失败: mat1 and mat2 shapes cannot be multiplied (3x64 and 27x64)
2025-07-10 09:27:37,783 - ERROR - 规则嵌入预计算失败: mat1 and mat2 shapes cannot be multiplied (3x64 and 27x64)
2025-07-10 09:27:37,784 - ERROR - 子图匹配失败: mat1 and mat2 shapes cannot be multiplied (3x64 and 27x64)
2025-07-10 09:27:37,796 - ERROR - 结构嵌入提取失败: mat1 and mat2 shapes cannot be multiplied (3x64 and 27x64)
2025-07-10 09:27:37,797 - ERROR - 规则嵌入预计算失败: mat1 and mat2 shapes cannot be multiplied (3x64 and 27x64)
2025-07-10 09:27:37,798 - ERROR - 子图匹配失败: mat1 and mat2 shapes cannot be multiplied (3x64 and 27x64)
2025-07-10 09:27:37,813 - ERROR - 结构嵌入提取失败: mat1 and mat2 shapes cannot be multiplied (3x64 and 27x64)
2025-07-10 09:27:37,814 - ERROR - 规则嵌入预计算失败: mat1 and mat2 shapes cannot be multiplied (3x64 and 27x64)
2025-07-10 09:27:37,814 - ERROR - 子图匹配失败: mat1 and mat2 shapes cannot be multiplied (3x64 and 27x64)
2025-07-10 09:27:37,823 - ERROR - 结构嵌入提取失败: mat1 and mat2 shapes cannot be multiplied (3x64 and 27x64)
2025-07-10 09:27:37,824 - ERROR - 规则嵌入预计算失败: mat1 and mat2 shapes cannot be multiplied (3x64 and 27x64)
2025-07-10 09:27:37,824 - ERROR - 子图匹配失败: mat1 and mat2 shapes cannot be multiplied (3x64 and 27x64)
2025-07-10 09:27:37,834 - ERROR - 结构嵌入提取失败: mat1 and mat2 shapes cannot be multiplied (3x64 and 27x64)
2025-07-10 09:27:37,835 - ERROR - 规则嵌入预计算失败: mat1 and mat2 shapes cannot be multiplied (3x64 and 27x64)
2025-07-10 09:27:37,836 - ERROR - 子图匹配失败: mat1 and mat2 shapes cannot be multiplied (3x64 and 27x64)
2025-07-10 09:27:37,849 - ERROR - 结构嵌入提取失败: mat1 and mat2 shapes cannot be multiplied (3x64 and 27x64)
2025-07-10 09:27:37,849 - ERROR - 规则嵌入预计算失败: mat1 and mat2 shapes cannot be multiplied (3x64 and 27x64)
2025-07-10 09:27:37,850 - ERROR - 子图匹配失败: mat1 and mat2 shapes cannot be multiplied (3x64 and 27x64)
2025-07-10 09:27:37,860 - ERROR - 结构嵌入提取失败: mat1 and mat2 shapes cannot be multiplied (3x64 and 27x64)
2025-07-10 09:27:37,861 - ERROR - 规则嵌入预计算失败: mat1 and mat2 shapes cannot be multiplied (3x64 and 27x64)
2025-07-10 09:27:37,861 - ERROR - 子图匹配失败: mat1 and mat2 shapes cannot be multiplied (3x64 and 27x64)
2025-07-10 09:27:37,873 - ERROR - 结构嵌入提取失败: mat1 and mat2 shapes cannot be multiplied (3x64 and 27x64)
2025-07-10 09:27:37,874 - ERROR - 规则嵌入预计算失败: mat1 and mat2 shapes cannot be multiplied (3x64 and 27x64)
2025-07-10 09:27:37,874 - ERROR - 子图匹配失败: mat1 and mat2 shapes cannot be multiplied (3x64 and 27x64)
2025-07-10 09:27:37,884 - ERROR - 结构嵌入提取失败: mat1 and mat2 shapes cannot be multiplied (3x64 and 27x64)
2025-07-10 09:27:37,884 - ERROR - 规则嵌入预计算失败: mat1 and mat2 shapes cannot be multiplied (3x64 and 27x64)
2025-07-10 09:27:37,885 - ERROR - 子图匹配失败: mat1 and mat2 shapes cannot be multiplied (3x64 and 27x64)
2025-07-10 09:27:37,898 - ERROR - 结构嵌入提取失败: mat1 and mat2 shapes cannot be multiplied (3x64 and 27x64)
2025-07-10 09:27:37,899 - ERROR - 规则嵌入预计算失败: mat1 and mat2 shapes cannot be multiplied (3x64 and 27x64)
2025-07-10 09:27:37,900 - ERROR - 子图匹配失败: mat1 and mat2 shapes cannot be multiplied (3x64 and 27x64)
2025-07-10 09:27:37,914 - ERROR - 结构嵌入提取失败: mat1 and mat2 shapes cannot be multiplied (3x64 and 27x64)
2025-07-10 09:27:37,914 - ERROR - 规则嵌入预计算失败: mat1 and mat2 shapes cannot be multiplied (3x64 and 27x64)
2025-07-10 09:27:37,915 - ERROR - 子图匹配失败: mat1 and mat2 shapes cannot be multiplied (3x64 and 27x64)
2025-07-10 09:27:37,924 - ERROR - 结构嵌入提取失败: mat1 and mat2 shapes cannot be multiplied (3x64 and 27x64)
2025-07-10 09:27:37,926 - ERROR - 规则嵌入预计算失败: mat1 and mat2 shapes cannot be multiplied (3x64 and 27x64)
2025-07-10 09:27:37,926 - ERROR - 子图匹配失败: mat1 and mat2 shapes cannot be multiplied (3x64 and 27x64)
2025-07-10 09:27:37,939 - ERROR - 结构嵌入提取失败: mat1 and mat2 shapes cannot be multiplied (3x64 and 27x64)
2025-07-10 09:27:37,940 - ERROR - 规则嵌入预计算失败: mat1 and mat2 shapes cannot be multiplied (3x64 and 27x64)
2025-07-10 09:27:37,941 - ERROR - 子图匹配失败: mat1 and mat2 shapes cannot be multiplied (3x64 and 27x64)
2025-07-10 09:27:37,952 - ERROR - 结构嵌入提取失败: mat1 and mat2 shapes cannot be multiplied (3x64 and 27x64)
2025-07-10 09:27:37,952 - ERROR - 规则嵌入预计算失败: mat1 and mat2 shapes cannot be multiplied (3x64 and 27x64)
2025-07-10 09:27:37,953 - ERROR - 子图匹配失败: mat1 and mat2 shapes cannot be multiplied (3x64 and 27x64)
2025-07-10 09:27:37,966 - ERROR - 结构嵌入提取失败: mat1 and mat2 shapes cannot be multiplied (3x64 and 27x64)
2025-07-10 09:27:37,966 - ERROR - 规则嵌入预计算失败: mat1 and mat2 shapes cannot be multiplied (3x64 and 27x64)
2025-07-10 09:27:37,967 - ERROR - 子图匹配失败: mat1 and mat2 shapes cannot be multiplied (3x64 and 27x64)
2025-07-10 09:27:37,982 - ERROR - 结构嵌入提取失败: mat1 and mat2 shapes cannot be multiplied (3x64 and 27x64)
2025-07-10 09:27:37,982 - ERROR - 规则嵌入预计算失败: mat1 and mat2 shapes cannot be multiplied (3x64 and 27x64)
2025-07-10 09:27:37,983 - ERROR - 子图匹配失败: mat1 and mat2 shapes cannot be multiplied (3x64 and 27x64)
2025-07-10 09:27:37,993 - ERROR - 结构嵌入提取失败: mat1 and mat2 shapes cannot be multiplied (3x64 and 27x64)
2025-07-10 09:27:37,994 - ERROR - 规则嵌入预计算失败: mat1 and mat2 shapes cannot be multiplied (3x64 and 27x64)
2025-07-10 09:27:37,994 - ERROR - 子图匹配失败: mat1 and mat2 shapes cannot be multiplied (3x64 and 27x64)
2025-07-10 09:27:38,008 - ERROR - 结构嵌入提取失败: mat1 and mat2 shapes cannot be multiplied (3x64 and 27x64)
2025-07-10 09:27:38,009 - ERROR - 规则嵌入预计算失败: mat1 and mat2 shapes cannot be multiplied (3x64 and 27x64)
2025-07-10 09:27:38,010 - ERROR - 子图匹配失败: mat1 and mat2 shapes cannot be multiplied (3x64 and 27x64)
2025-07-10 09:27:38,018 - ERROR - 结构嵌入提取失败: mat1 and mat2 shapes cannot be multiplied (3x64 and 27x64)
2025-07-10 09:27:38,019 - ERROR - 规则嵌入预计算失败: mat1 and mat2 shapes cannot be multiplied (3x64 and 27x64)
2025-07-10 09:27:38,019 - ERROR - 子图匹配失败: mat1 and mat2 shapes cannot be multiplied (3x64 and 27x64)
2025-07-10 09:27:38,030 - ERROR - 结构嵌入提取失败: mat1 and mat2 shapes cannot be multiplied (3x64 and 27x64)
2025-07-10 09:27:38,031 - ERROR - 规则嵌入预计算失败: mat1 and mat2 shapes cannot be multiplied (3x64 and 27x64)
2025-07-10 09:27:38,031 - ERROR - 子图匹配失败: mat1 and mat2 shapes cannot be multiplied (3x64 and 27x64)
2025-07-10 09:27:38,044 - ERROR - 结构嵌入提取失败: mat1 and mat2 shapes cannot be multiplied (3x64 and 27x64)
2025-07-10 09:27:38,045 - ERROR - 规则嵌入预计算失败: mat1 and mat2 shapes cannot be multiplied (3x64 and 27x64)
2025-07-10 09:27:38,045 - ERROR - 子图匹配失败: mat1 and mat2 shapes cannot be multiplied (3x64 and 27x64)
2025-07-10 09:27:38,057 - ERROR - 结构嵌入提取失败: mat1 and mat2 shapes cannot be multiplied (3x64 and 27x64)
2025-07-10 09:27:38,058 - ERROR - 规则嵌入预计算失败: mat1 and mat2 shapes cannot be multiplied (3x64 and 27x64)
2025-07-10 09:27:38,059 - ERROR - 子图匹配失败: mat1 and mat2 shapes cannot be multiplied (3x64 and 27x64)
2025-07-10 09:27:38,071 - ERROR - 结构嵌入提取失败: mat1 and mat2 shapes cannot be multiplied (3x64 and 27x64)
2025-07-10 09:27:38,073 - ERROR - 规则嵌入预计算失败: mat1 and mat2 shapes cannot be multiplied (3x64 and 27x64)
2025-07-10 09:27:38,073 - ERROR - 子图匹配失败: mat1 and mat2 shapes cannot be multiplied (3x64 and 27x64)
2025-07-10 09:27:38,085 - ERROR - 结构嵌入提取失败: mat1 and mat2 shapes cannot be multiplied (3x64 and 27x64)
2025-07-10 09:27:38,085 - ERROR - 规则嵌入预计算失败: mat1 and mat2 shapes cannot be multiplied (3x64 and 27x64)
2025-07-10 09:27:38,086 - ERROR - 子图匹配失败: mat1 and mat2 shapes cannot be multiplied (3x64 and 27x64)
2025-07-10 09:27:38,095 - ERROR - 结构嵌入提取失败: mat1 and mat2 shapes cannot be multiplied (3x64 and 27x64)
2025-07-10 09:27:38,095 - ERROR - 规则嵌入预计算失败: mat1 and mat2 shapes cannot be multiplied (3x64 and 27x64)
2025-07-10 09:27:38,096 - ERROR - 子图匹配失败: mat1 and mat2 shapes cannot be multiplied (3x64 and 27x64)
2025-07-10 09:27:38,110 - ERROR - 结构嵌入提取失败: mat1 and mat2 shapes cannot be multiplied (3x64 and 27x64)
2025-07-10 09:27:38,110 - ERROR - 规则嵌入预计算失败: mat1 and mat2 shapes cannot be multiplied (3x64 and 27x64)
2025-07-10 09:27:38,112 - ERROR - 子图匹配失败: mat1 and mat2 shapes cannot be multiplied (3x64 and 27x64)
2025-07-10 09:27:38,125 - ERROR - 结构嵌入提取失败: mat1 and mat2 shapes cannot be multiplied (3x64 and 27x64)
2025-07-10 09:27:38,125 - ERROR - 规则嵌入预计算失败: mat1 and mat2 shapes cannot be multiplied (3x64 and 27x64)
2025-07-10 09:27:38,126 - ERROR - 子图匹配失败: mat1 and mat2 shapes cannot be multiplied (3x64 and 27x64)
2025-07-10 09:27:38,138 - ERROR - 结构嵌入提取失败: mat1 and mat2 shapes cannot be multiplied (3x64 and 27x64)
2025-07-10 09:27:38,140 - ERROR - 规则嵌入预计算失败: mat1 and mat2 shapes cannot be multiplied (3x64 and 27x64)
2025-07-10 09:27:38,140 - ERROR - 子图匹配失败: mat1 and mat2 shapes cannot be multiplied (3x64 and 27x64)
2025-07-10 09:27:38,152 - ERROR - 结构嵌入提取失败: mat1 and mat2 shapes cannot be multiplied (3x64 and 27x64)
2025-07-10 09:27:38,152 - ERROR - 规则嵌入预计算失败: mat1 and mat2 shapes cannot be multiplied (3x64 and 27x64)
2025-07-10 09:27:38,153 - ERROR - 子图匹配失败: mat1 and mat2 shapes cannot be multiplied (3x64 and 27x64)
2025-07-10 09:27:38,166 - ERROR - 结构嵌入提取失败: mat1 and mat2 shapes cannot be multiplied (3x64 and 27x64)
2025-07-10 09:27:38,167 - ERROR - 规则嵌入预计算失败: mat1 and mat2 shapes cannot be multiplied (3x64 and 27x64)
2025-07-10 09:27:38,167 - ERROR - 子图匹配失败: mat1 and mat2 shapes cannot be multiplied (3x64 and 27x64)
2025-07-10 09:27:38,177 - ERROR - 结构嵌入提取失败: mat1 and mat2 shapes cannot be multiplied (3x64 and 27x64)
2025-07-10 09:27:38,178 - ERROR - 规则嵌入预计算失败: mat1 and mat2 shapes cannot be multiplied (3x64 and 27x64)
2025-07-10 09:27:38,178 - ERROR - 子图匹配失败: mat1 and mat2 shapes cannot be multiplied (3x64 and 27x64)
2025-07-10 09:27:38,188 - ERROR - 结构嵌入提取失败: mat1 and mat2 shapes cannot be multiplied (3x64 and 27x64)
2025-07-10 09:27:38,189 - ERROR - 规则嵌入预计算失败: mat1 and mat2 shapes cannot be multiplied (3x64 and 27x64)
2025-07-10 09:27:38,190 - ERROR - 子图匹配失败: mat1 and mat2 shapes cannot be multiplied (3x64 and 27x64)
2025-07-10 09:27:38,202 - ERROR - 结构嵌入提取失败: mat1 and mat2 shapes cannot be multiplied (3x64 and 27x64)
2025-07-10 09:27:38,203 - ERROR - 规则嵌入预计算失败: mat1 and mat2 shapes cannot be multiplied (3x64 and 27x64)
2025-07-10 09:27:38,203 - ERROR - 子图匹配失败: mat1 and mat2 shapes cannot be multiplied (3x64 and 27x64)
2025-07-10 09:27:38,216 - ERROR - 结构嵌入提取失败: mat1 and mat2 shapes cannot be multiplied (3x64 and 27x64)
2025-07-10 09:27:38,217 - ERROR - 规则嵌入预计算失败: mat1 and mat2 shapes cannot be multiplied (3x64 and 27x64)
2025-07-10 09:27:38,217 - ERROR - 子图匹配失败: mat1 and mat2 shapes cannot be multiplied (3x64 and 27x64)
2025-07-10 09:27:38,229 - ERROR - 结构嵌入提取失败: mat1 and mat2 shapes cannot be multiplied (3x64 and 27x64)
2025-07-10 09:27:38,229 - ERROR - 规则嵌入预计算失败: mat1 and mat2 shapes cannot be multiplied (3x64 and 27x64)
2025-07-10 09:27:38,230 - ERROR - 子图匹配失败: mat1 and mat2 shapes cannot be multiplied (3x64 and 27x64)
2025-07-10 09:27:38,241 - ERROR - 结构嵌入提取失败: mat1 and mat2 shapes cannot be multiplied (3x64 and 27x64)
2025-07-10 09:27:38,242 - ERROR - 规则嵌入预计算失败: mat1 and mat2 shapes cannot be multiplied (3x64 and 27x64)
2025-07-10 09:27:38,242 - ERROR - 子图匹配失败: mat1 and mat2 shapes cannot be multiplied (3x64 and 27x64)
2025-07-10 09:27:38,243 - INFO - 处理第201/1299个anchor
2025-07-10 09:27:38,255 - ERROR - 结构嵌入提取失败: mat1 and mat2 shapes cannot be multiplied (3x64 and 27x64)
2025-07-10 09:27:38,256 - ERROR - 规则嵌入预计算失败: mat1 and mat2 shapes cannot be multiplied (3x64 and 27x64)
2025-07-10 09:27:38,256 - ERROR - 子图匹配失败: mat1 and mat2 shapes cannot be multiplied (3x64 and 27x64)
2025-07-10 09:27:38,264 - ERROR - 结构嵌入提取失败: mat1 and mat2 shapes cannot be multiplied (3x64 and 27x64)
2025-07-10 09:27:38,265 - ERROR - 规则嵌入预计算失败: mat1 and mat2 shapes cannot be multiplied (3x64 and 27x64)
2025-07-10 09:27:38,265 - ERROR - 子图匹配失败: mat1 and mat2 shapes cannot be multiplied (3x64 and 27x64)
2025-07-10 09:27:38,278 - ERROR - 结构嵌入提取失败: mat1 and mat2 shapes cannot be multiplied (3x64 and 27x64)
2025-07-10 09:27:38,279 - ERROR - 规则嵌入预计算失败: mat1 and mat2 shapes cannot be multiplied (3x64 and 27x64)
2025-07-10 09:27:38,279 - ERROR - 子图匹配失败: mat1 and mat2 shapes cannot be multiplied (3x64 and 27x64)
2025-07-10 09:27:38,289 - ERROR - 结构嵌入提取失败: mat1 and mat2 shapes cannot be multiplied (3x64 and 27x64)
2025-07-10 09:27:38,289 - ERROR - 规则嵌入预计算失败: mat1 and mat2 shapes cannot be multiplied (3x64 and 27x64)
2025-07-10 09:27:38,290 - ERROR - 子图匹配失败: mat1 and mat2 shapes cannot be multiplied (3x64 and 27x64)
2025-07-10 09:27:38,303 - ERROR - 结构嵌入提取失败: mat1 and mat2 shapes cannot be multiplied (3x64 and 27x64)
2025-07-10 09:27:38,304 - ERROR - 规则嵌入预计算失败: mat1 and mat2 shapes cannot be multiplied (3x64 and 27x64)
2025-07-10 09:27:38,304 - ERROR - 子图匹配失败: mat1 and mat2 shapes cannot be multiplied (3x64 and 27x64)
2025-07-10 09:27:38,312 - ERROR - 结构嵌入提取失败: mat1 and mat2 shapes cannot be multiplied (3x64 and 27x64)
2025-07-10 09:27:38,313 - ERROR - 规则嵌入预计算失败: mat1 and mat2 shapes cannot be multiplied (3x64 and 27x64)
2025-07-10 09:27:38,313 - ERROR - 子图匹配失败: mat1 and mat2 shapes cannot be multiplied (3x64 and 27x64)
2025-07-10 09:27:38,325 - ERROR - 结构嵌入提取失败: mat1 and mat2 shapes cannot be multiplied (3x64 and 27x64)
2025-07-10 09:27:38,327 - ERROR - 规则嵌入预计算失败: mat1 and mat2 shapes cannot be multiplied (3x64 and 27x64)
2025-07-10 09:27:38,327 - ERROR - 子图匹配失败: mat1 and mat2 shapes cannot be multiplied (3x64 and 27x64)
2025-07-10 09:27:38,337 - ERROR - 结构嵌入提取失败: mat1 and mat2 shapes cannot be multiplied (3x64 and 27x64)
2025-07-10 09:27:38,337 - ERROR - 规则嵌入预计算失败: mat1 and mat2 shapes cannot be multiplied (3x64 and 27x64)
2025-07-10 09:27:38,337 - ERROR - 子图匹配失败: mat1 and mat2 shapes cannot be multiplied (3x64 and 27x64)
2025-07-10 09:27:38,350 - ERROR - 结构嵌入提取失败: mat1 and mat2 shapes cannot be multiplied (3x64 and 27x64)
2025-07-10 09:27:38,351 - ERROR - 规则嵌入预计算失败: mat1 and mat2 shapes cannot be multiplied (3x64 and 27x64)
2025-07-10 09:27:38,351 - ERROR - 子图匹配失败: mat1 and mat2 shapes cannot be multiplied (3x64 and 27x64)
2025-07-10 09:27:38,361 - ERROR - 结构嵌入提取失败: mat1 and mat2 shapes cannot be multiplied (3x64 and 27x64)
2025-07-10 09:27:38,362 - ERROR - 规则嵌入预计算失败: mat1 and mat2 shapes cannot be multiplied (3x64 and 27x64)
2025-07-10 09:27:38,362 - ERROR - 子图匹配失败: mat1 and mat2 shapes cannot be multiplied (3x64 and 27x64)
2025-07-10 09:27:38,376 - ERROR - 结构嵌入提取失败: mat1 and mat2 shapes cannot be multiplied (3x64 and 27x64)
2025-07-10 09:27:38,377 - ERROR - 规则嵌入预计算失败: mat1 and mat2 shapes cannot be multiplied (3x64 and 27x64)
2025-07-10 09:27:38,377 - ERROR - 子图匹配失败: mat1 and mat2 shapes cannot be multiplied (3x64 and 27x64)
