2025-07-03 00:18:28,885 - INFO - 成功加载预训练embedding
2025-07-03 00:18:28,969 - INFO - StructMatch系统初始化完成（集成语义增强）
2025-07-03 00:18:28,971 - INFO - 开始加载数据...
2025-07-03 00:18:30,247 - INFO - 成功加载知识图谱: 40559个实体, 11种关系, 86835个三元组
2025-07-03 00:18:30,249 - INFO - 成功加载2条规则
2025-07-03 00:18:30,249 - INFO - 数据加载完成
2025-07-03 00:18:30,411 - INFO - 开始批量匹配，共1299个anchor
2025-07-03 00:18:30,412 - INFO - 处理第1/1299个anchor
2025-07-03 00:18:30,412 - INFO - 开始处理anchor: ('01974062', '_also_see', '01976089')
2025-07-03 00:18:30,436 - WARNING - 未提供target_motif，motif剪枝将被跳过
2025-07-03 00:18:30,438 - INFO - 规则前提大小: 2, 最大扩展步数: 2
2025-07-03 00:18:30,496 - INFO - 步骤 1: 添加边 ('01380638', '01976089', '_also_see'), 相似度提升: 0.7167 (当前: 0.9353)
2025-07-03 00:18:30,510 - INFO - 步骤 2: 没有找到合适的扩展边
2025-07-03 00:18:30,530 - INFO - 匹配失败，处理时间: 0.1165秒
2025-07-03 00:18:30,531 - INFO - 处理第2/1299个anchor
2025-07-03 00:18:30,531 - INFO - 开始处理anchor: ('01698271', '_also_see', '01754576')
2025-07-03 00:18:30,545 - WARNING - 未提供target_motif，motif剪枝将被跳过
2025-07-03 00:18:30,546 - INFO - 规则前提大小: 2, 最大扩展步数: 2
2025-07-03 00:18:30,578 - INFO - 步骤 1: 添加边 ('01754576', '00929718', '_synset_domain_topic_of'), 相似度提升: 0.7009 (当前: 0.9269)
2025-07-03 00:18:30,592 - INFO - 步骤 2: 没有找到合适的扩展边
2025-07-03 00:18:30,609 - INFO - 匹配失败，处理时间: 0.0774秒
2025-07-03 00:18:30,610 - INFO - 处理第3/1299个anchor
2025-07-03 00:18:30,610 - INFO - 开始处理anchor: ('00230746', '_also_see', '02540347')
2025-07-03 00:18:30,623 - WARNING - 未提供target_motif，motif剪枝将被跳过
2025-07-03 00:18:30,625 - INFO - 规则前提大小: 2, 最大扩展步数: 2
2025-07-03 00:18:30,642 - INFO - 步骤 1: 没有找到合适的扩展边
2025-07-03 00:18:30,661 - INFO - 匹配失败，处理时间: 0.0488秒
2025-07-03 00:18:30,661 - INFO - 处理第4/1299个anchor
2025-07-03 00:18:30,662 - INFO - 开始处理anchor: ('01460029', '_also_see', '00677544')
2025-07-03 00:18:30,673 - WARNING - 未提供target_motif，motif剪枝将被跳过
2025-07-03 00:18:30,675 - INFO - 规则前提大小: 2, 最大扩展步数: 2
2025-07-03 00:18:30,698 - INFO - 步骤 1: 添加边 ('01382083', '00677544', '_also_see'), 相似度提升: 0.6383 (当前: 0.9085)
2025-07-03 00:18:30,753 - INFO - 步骤 2: 相似度提升不足 (0.0095), 停止扩展
2025-07-03 00:18:30,779 - INFO - 匹配失败，处理时间: 0.1177秒
2025-07-03 00:18:30,780 - INFO - 处理第5/1299个anchor
2025-07-03 00:18:30,780 - INFO - 开始处理anchor: ('01410223', '_also_see', '01258302')
2025-07-03 00:18:30,794 - WARNING - 未提供target_motif，motif剪枝将被跳过
2025-07-03 00:18:30,796 - INFO - 规则前提大小: 2, 最大扩展步数: 2
2025-07-03 00:18:30,814 - INFO - 步骤 1: 没有找到合适的扩展边
2025-07-03 00:18:30,844 - INFO - 匹配失败，处理时间: 0.0610秒
2025-07-03 00:18:30,844 - INFO - 处理第6/1299个anchor
2025-07-03 00:18:30,845 - INFO - 开始处理anchor: ('01781478', '_also_see', '01783158')
2025-07-03 00:18:30,862 - WARNING - 未提供target_motif，motif剪枝将被跳过
2025-07-03 00:18:30,864 - INFO - 规则前提大小: 2, 最大扩展步数: 2
2025-07-03 00:18:30,933 - INFO - 步骤 1: 添加边 ('02513269', '01781478', '_also_see'), 相似度提升: 0.6831 (当前: 0.9640)
2025-07-03 00:18:31,035 - INFO - 步骤 2: 添加边 ('02513269', '01129977', '_also_see'), 相似度提升: 0.0110 (当前: 0.9594)
2025-07-03 00:18:31,051 - INFO - 匹配失败，处理时间: 0.2050秒
2025-07-03 00:18:31,052 - INFO - 处理第7/1299个anchor
2025-07-03 00:18:31,052 - INFO - 开始处理anchor: ('01781478', '_also_see', '02513269')
2025-07-03 00:18:31,061 - WARNING - 未提供target_motif，motif剪枝将被跳过
2025-07-03 00:18:31,064 - INFO - 规则前提大小: 2, 最大扩展步数: 2
2025-07-03 00:18:31,173 - INFO - 步骤 1: 添加边 ('01783158', '01781478', '_also_see'), 相似度提升: 0.7634 (当前: 0.9769)
2025-07-03 00:18:31,271 - INFO - 步骤 2: 相似度提升不足 (0.0066), 停止扩展
2025-07-03 00:18:31,285 - INFO - 匹配失败，处理时间: 0.2324秒
2025-07-03 00:18:31,285 - INFO - 处理第8/1299个anchor
2025-07-03 00:18:31,286 - INFO - 开始处理anchor: ('01781478', '_also_see', '02578235')
2025-07-03 00:18:31,297 - WARNING - 未提供target_motif，motif剪枝将被跳过
2025-07-03 00:18:31,298 - INFO - 规则前提大小: 2, 最大扩展步数: 2
2025-07-03 00:18:31,371 - INFO - 步骤 1: 添加边 ('01783158', '01781478', '_also_see'), 相似度提升: 0.7476 (当前: 0.9512)
2025-07-03 00:18:31,430 - INFO - 步骤 2: 添加边 ('02578235', '02271544', '_also_see'), 相似度提升: 0.0351 (当前: 0.9517)
2025-07-03 00:18:31,451 - INFO - 匹配失败，处理时间: 0.1644秒
2025-07-03 00:18:31,452 - INFO - 处理第9/1299个anchor
2025-07-03 00:18:31,453 - INFO - 开始处理anchor: ('01781478', '_also_see', '02055062')
2025-07-03 00:18:31,464 - WARNING - 未提供target_motif，motif剪枝将被跳过
2025-07-03 00:18:31,465 - INFO - 规则前提大小: 2, 最大扩展步数: 2
2025-07-03 00:18:31,535 - INFO - 步骤 1: 添加边 ('02513269', '01781478', '_also_see'), 相似度提升: 0.7535 (当前: 0.9652)
2025-07-03 00:18:31,641 - INFO - 步骤 2: 添加边 ('01548193', '02513269', '_also_see'), 相似度提升: 0.0666 (当前: 0.9784)
2025-07-03 00:18:31,656 - INFO - 匹配失败，处理时间: 0.2038秒
2025-07-03 00:18:31,656 - INFO - 处理第10/1299个anchor
2025-07-03 00:18:31,657 - INFO - 开始处理anchor: ('00452512', '_also_see', '01695567')
2025-07-03 00:18:31,672 - WARNING - 未提供target_motif，motif剪枝将被跳过
2025-07-03 00:18:31,674 - INFO - 规则前提大小: 2, 最大扩展步数: 2
2025-07-03 00:18:31,698 - INFO - 步骤 1: 添加边 ('00452512', '01194938', '_also_see'), 相似度提升: 0.7594 (当前: 0.9686)
2025-07-03 00:18:31,711 - INFO - 步骤 2: 没有找到合适的扩展边
2025-07-03 00:18:31,731 - INFO - 匹配失败，处理时间: 0.0718秒
2025-07-03 00:18:31,731 - INFO - 处理第11/1299个anchor
2025-07-03 00:18:31,732 - INFO - 开始处理anchor: ('00452512', '_also_see', '01194938')
2025-07-03 00:18:31,743 - WARNING - 未提供target_motif，motif剪枝将被跳过
2025-07-03 00:18:31,744 - INFO - 规则前提大小: 2, 最大扩展步数: 2
2025-07-03 00:18:31,772 - INFO - 步骤 1: 添加边 ('00452512', '01695567', '_also_see'), 相似度提升: 0.7128 (当前: 0.9396)
2025-07-03 00:18:31,799 - INFO - 步骤 2: 添加边 ('01695567', '00933420', '_synset_domain_topic_of'), 相似度提升: 0.0326 (当前: 0.9565)
2025-07-03 00:18:31,826 - INFO - 匹配失败，处理时间: 0.0926秒
2025-07-03 00:18:31,826 - INFO - 处理第12/1299个anchor
2025-07-03 00:18:31,827 - INFO - 开始处理anchor: ('01718867', '_also_see', '00612114')
2025-07-03 00:18:31,839 - WARNING - 未提供target_motif，motif剪枝将被跳过
2025-07-03 00:18:31,841 - INFO - 规则前提大小: 2, 最大扩展步数: 2
2025-07-03 00:18:31,874 - INFO - 步骤 1: 添加边 ('00612652', '01718867', '_also_see'), 相似度提升: 0.7154 (当前: 0.9602)
2025-07-03 00:18:31,916 - INFO - 步骤 2: 添加边 ('01718867', '00612652', '_also_see'), 相似度提升: 0.0674 (当前: 0.9681)
2025-07-03 00:18:31,935 - INFO - 匹配失败，处理时间: 0.1077秒
2025-07-03 00:18:31,936 - INFO - 处理第13/1299个anchor
2025-07-03 00:18:31,936 - INFO - 开始处理anchor: ('01718867', '_also_see', '00612652')
2025-07-03 00:18:31,948 - WARNING - 未提供target_motif，motif剪枝将被跳过
2025-07-03 00:18:31,949 - INFO - 规则前提大小: 2, 最大扩展步数: 2
2025-07-03 00:18:31,980 - INFO - 步骤 1: 添加边 ('01718867', '00612114', '_also_see'), 相似度提升: 0.6546 (当前: 0.9568)
2025-07-03 00:18:32,025 - INFO - 步骤 2: 添加边 ('00612114', '01718867', '_also_see'), 相似度提升: 0.0114 (当前: 0.9636)
2025-07-03 00:18:32,043 - INFO - 匹配失败，处理时间: 0.1058秒
2025-07-03 00:18:32,044 - INFO - 处理第14/1299个anchor
2025-07-03 00:18:32,044 - INFO - 开始处理anchor: ('00612114', '_also_see', '01718867')
2025-07-03 00:18:32,059 - WARNING - 未提供target_motif，motif剪枝将被跳过
2025-07-03 00:18:32,060 - INFO - 规则前提大小: 2, 最大扩展步数: 2
2025-07-03 00:18:32,093 - INFO - 步骤 1: 添加边 ('01718867', '00612652', '_also_see'), 相似度提升: 0.7212 (当前: 0.9867)
2025-07-03 00:18:32,139 - INFO - 步骤 2: 添加边 ('01718867', '00612114', '_also_see'), 相似度提升: 0.0440 (当前: 0.9861)
2025-07-03 00:18:32,161 - INFO - 匹配失败，处理时间: 0.1170秒
2025-07-03 00:18:32,161 - INFO - 处理第15/1299个anchor
2025-07-03 00:18:32,162 - INFO - 开始处理anchor: ('00631391', '_also_see', '01878466')
2025-07-03 00:18:32,176 - WARNING - 未提供target_motif，motif剪枝将被跳过
2025-07-03 00:18:32,177 - INFO - 规则前提大小: 2, 最大扩展步数: 2
2025-07-03 00:18:32,257 - INFO - 步骤 1: 添加边 ('02034828', '01878466', '_also_see'), 相似度提升: 0.7194 (当前: 0.9768)
2025-07-03 00:18:32,373 - INFO - 步骤 2: 添加边 ('01878466', '02034828', '_also_see'), 相似度提升: 0.0733 (当前: 0.9843)
2025-07-03 00:18:32,421 - INFO - 匹配失败，处理时间: 0.2578秒
2025-07-03 00:18:32,422 - INFO - 处理第16/1299个anchor
2025-07-03 00:18:32,423 - INFO - 开始处理anchor: ('00631391', '_also_see', '00021766')
2025-07-03 00:18:32,452 - WARNING - 未提供target_motif，motif剪枝将被跳过
2025-07-03 00:18:32,453 - INFO - 规则前提大小: 2, 最大扩展步数: 2
2025-07-03 00:18:32,566 - INFO - 步骤 1: 添加边 ('01837744', '00021766', '_also_see'), 相似度提升: 0.6958 (当前: 0.9496)
2025-07-03 00:18:32,714 - INFO - 步骤 2: 添加边 ('01837744', '00779374', '_also_see'), 相似度提升: 0.0294 (当前: 0.9742)
2025-07-03 00:18:32,761 - INFO - 匹配失败，处理时间: 0.3364秒
2025-07-03 00:18:32,762 - INFO - 处理第17/1299个anchor
2025-07-03 00:18:32,763 - INFO - 开始处理anchor: ('01878466', '_also_see', '02034828')
2025-07-03 00:18:32,783 - WARNING - 未提供target_motif，motif剪枝将被跳过
2025-07-03 00:18:32,787 - INFO - 规则前提大小: 2, 最大扩展步数: 2
