2025-07-02 23:21:07,005 - INFO - 成功加载预训练embedding
2025-07-02 23:21:07,071 - INFO - StructMatch系统初始化完成（集成语义增强）
2025-07-02 23:21:07,072 - INFO - 开始加载数据...
2025-07-02 23:21:07,910 - INFO - 成功加载知识图谱: 40559个实体, 11种关系, 86835个三元组
2025-07-02 23:21:07,911 - INFO - 成功加载2条规则
2025-07-02 23:21:07,911 - INFO - 数据加载完成
2025-07-02 23:21:07,917 - INFO - 开始批量匹配，共4个anchor
2025-07-02 23:21:07,918 - INFO - 处理第1/4个anchor
2025-07-02 23:21:07,918 - INFO - 开始处理anchor: ('12090318', '_member_meronym', '12093769')
2025-07-02 23:21:07,933 - WARNING - 未提供target_motif，motif剪枝将被跳过
2025-07-02 23:21:07,934 - INFO - 规则前提大小: 2, 最大扩展步数: 2
2025-07-02 23:21:07,951 - INFO - 步骤 1: 没有找到合适的扩展边
2025-07-02 23:21:07,955 - INFO - 匹配失败，处理时间: 0.0365秒
2025-07-02 23:21:07,956 - INFO - 处理第2/4个anchor
2025-07-02 23:21:07,956 - INFO - 开始处理anchor: ('09322930', '_instance_hypernym', '09360122')
2025-07-02 23:21:07,962 - WARNING - 未提供target_motif，motif剪枝将被跳过
2025-07-02 23:21:07,963 - INFO - 规则前提大小: 2, 最大扩展步数: 2
2025-07-02 23:21:07,971 - INFO - 步骤 1: 没有找到合适的扩展边
2025-07-02 23:21:07,975 - INFO - 匹配失败，处理时间: 0.0195秒
2025-07-02 23:21:07,976 - INFO - 处理第3/4个anchor
2025-07-02 23:21:07,976 - INFO - 开始处理anchor: ('12493208', '_has_part', '12493426')
2025-07-02 23:21:07,981 - WARNING - 未提供target_motif，motif剪枝将被跳过
2025-07-02 23:21:07,982 - INFO - 规则前提大小: 2, 最大扩展步数: 2
2025-07-02 23:21:07,989 - INFO - 步骤 1: 没有找到合适的扩展边
2025-07-02 23:21:07,994 - INFO - 匹配失败，处理时间: 0.0164秒
2025-07-02 23:21:07,994 - INFO - 处理第4/4个anchor
2025-07-02 23:21:07,994 - INFO - 开始处理anchor: ('00260881', '_hypernym', '00260622')
2025-07-02 23:21:08,000 - WARNING - 未提供target_motif，motif剪枝将被跳过
2025-07-02 23:21:08,000 - INFO - 规则前提大小: 2, 最大扩展步数: 2
2025-07-02 23:21:08,008 - INFO - 步骤 1: 没有找到合适的扩展边
2025-07-02 23:21:08,013 - INFO - 匹配失败，处理时间: 0.0185秒
2025-07-02 23:21:08,013 - INFO - 批量匹配完成: 0/4 成功匹配
2025-07-02 23:21:08,016 - INFO - 结果已保存到: results.json
