2025-06-30 23:28:22,161 - INFO - StructMatch系统初始化完成
2025-06-30 23:28:22,162 - INFO - 开始加载数据...
2025-06-30 23:28:22,163 - INFO - 成功加载知识图谱: 9个实体, 3种关系, 12个三元组
2025-06-30 23:28:22,164 - INFO - 成功加载3条规则
2025-06-30 23:28:22,164 - INFO - 数据加载完成
2025-06-30 23:28:22,165 - INFO - 开始批量匹配，共4个anchor
2025-06-30 23:28:22,166 - INFO - 处理第1/4个anchor
2025-06-30 23:28:22,166 - INFO - 开始处理anchor: ('A', 'friendOf', 'B')
2025-06-30 23:28:22,612 - ERROR - 子图扩展失败: The size of tensor a (8) must match the size of tensor b (40) at non-singleton dimension 1
2025-06-30 23:28:22,612 - INFO - 处理第2/4个anchor
2025-06-30 23:28:22,613 - INFO - 开始处理anchor: ('B', 'worksWith', 'D')
2025-06-30 23:28:22,617 - ERROR - 子图扩展失败: The size of tensor a (8) must match the size of tensor b (40) at non-singleton dimension 1
2025-06-30 23:28:22,618 - INFO - 处理第3/4个anchor
2025-06-30 23:28:22,618 - INFO - 开始处理anchor: ('E', 'friendOf', 'F')
2025-06-30 23:28:22,621 - ERROR - 子图扩展失败: The size of tensor a (8) must match the size of tensor b (40) at non-singleton dimension 1
2025-06-30 23:28:22,622 - INFO - 处理第4/4个anchor
2025-06-30 23:28:22,622 - INFO - 开始处理anchor: ('A', 'livesIn', 'Tokyo')
2025-06-30 23:28:22,626 - ERROR - 子图扩展失败: The size of tensor a (8) must match the size of tensor b (40) at non-singleton dimension 1
2025-06-30 23:28:22,627 - INFO - 批量匹配完成: 0/4 成功匹配
2025-06-30 23:28:22,629 - INFO - 结果已保存到: results.json
