2025-07-02 23:20:50,927 - INFO - 成功加载预训练embedding
2025-07-02 23:20:50,995 - INFO - StructMatch系统初始化完成（集成语义增强）
2025-07-02 23:20:50,996 - INFO - 开始加载数据...
2025-07-02 23:20:51,881 - INFO - 成功加载知识图谱: 40559个实体, 11种关系, 86835个三元组
2025-07-02 23:20:51,882 - INFO - 成功加载2条规则
2025-07-02 23:20:51,882 - INFO - 数据加载完成
2025-07-02 23:20:51,889 - INFO - 开始批量匹配，共4个anchor
2025-07-02 23:20:51,889 - INFO - 处理第1/4个anchor
2025-07-02 23:20:51,889 - INFO - 开始处理anchor: ('12090318', '_member_meronym', '12093769')
2025-07-02 23:20:51,902 - WARNING - 未提供target_motif，motif剪枝将被跳过
2025-07-02 23:20:51,903 - INFO - 规则前提大小: 2, 最大扩展步数: 2
2025-07-02 23:20:51,919 - INFO - 步骤 1: 没有找到合适的扩展边
2025-07-02 23:20:51,923 - INFO - 匹配失败，处理时间: 0.0346秒
2025-07-02 23:20:51,923 - INFO - 处理第2/4个anchor
2025-07-02 23:20:51,924 - INFO - 开始处理anchor: ('09322930', '_instance_hypernym', '09360122')
2025-07-02 23:20:51,930 - WARNING - 未提供target_motif，motif剪枝将被跳过
2025-07-02 23:20:51,932 - INFO - 规则前提大小: 2, 最大扩展步数: 2
2025-07-02 23:20:51,941 - INFO - 步骤 1: 没有找到合适的扩展边
2025-07-02 23:20:51,946 - INFO - 匹配失败，处理时间: 0.0219秒
2025-07-02 23:20:51,947 - INFO - 处理第3/4个anchor
2025-07-02 23:20:51,947 - INFO - 开始处理anchor: ('12493208', '_has_part', '12493426')
2025-07-02 23:20:51,955 - WARNING - 未提供target_motif，motif剪枝将被跳过
2025-07-02 23:20:51,955 - INFO - 规则前提大小: 2, 最大扩展步数: 2
2025-07-02 23:20:51,964 - INFO - 步骤 1: 没有找到合适的扩展边
2025-07-02 23:20:51,967 - INFO - 匹配失败，处理时间: 0.0190秒
2025-07-02 23:20:51,967 - INFO - 处理第4/4个anchor
2025-07-02 23:20:51,968 - INFO - 开始处理anchor: ('00260881', '_hypernym', '00260622')
2025-07-02 23:20:51,974 - WARNING - 未提供target_motif，motif剪枝将被跳过
2025-07-02 23:20:51,974 - INFO - 规则前提大小: 2, 最大扩展步数: 2
2025-07-02 23:20:51,982 - INFO - 步骤 1: 没有找到合适的扩展边
2025-07-02 23:20:51,986 - INFO - 匹配失败，处理时间: 0.0176秒
2025-07-02 23:20:51,987 - INFO - 批量匹配完成: 0/4 成功匹配
2025-07-02 23:20:51,988 - INFO - 结果已保存到: results.json
