2025-07-02 22:31:55,270 - INFO - 成功加载预训练embedding
2025-07-02 22:31:55,370 - INFO - StructMatch系统初始化完成（集成语义增强）
2025-07-02 22:31:55,371 - INFO - 开始加载数据...
2025-07-02 22:31:56,575 - INFO - 成功加载知识图谱: 40559个实体, 11种关系, 86835个三元组
2025-07-02 22:31:56,577 - INFO - 成功加载7条规则
2025-07-02 22:31:56,578 - INFO - 数据加载完成
2025-07-02 22:31:56,587 - INFO - 开始批量匹配，共4个anchor
2025-07-02 22:31:56,587 - INFO - 处理第1/4个anchor
2025-07-02 22:31:56,588 - INFO - 开始处理anchor: ('12090318', '_member_meronym', '12093769')
2025-07-02 22:31:56,617 - WARNING - 未提供target_motif，motif剪枝将被跳过
2025-07-02 22:31:56,619 - INFO - 规则前提大小: 2, 最大扩展步数: 2
2025-07-02 22:31:56,710 - INFO - 步骤 1: 添加边 ('12093769', '12093885', '_member_meronym'), 相似度提升: 0.6979 (当前: 0.9672)
2025-07-02 22:31:56,815 - INFO - 步骤 2: 添加边 ('12090318', '12094786', '_member_meronym'), 相似度提升: 0.0596 (当前: 0.9745)
2025-07-02 22:31:56,834 - INFO - 匹配失败，处理时间: 0.2459秒
2025-07-02 22:31:56,835 - INFO - 处理第2/4个anchor
2025-07-02 22:31:56,835 - INFO - 开始处理anchor: ('09322930', '_instance_hypernym', '09360122')
2025-07-02 22:31:56,860 - WARNING - 未提供target_motif，motif剪枝将被跳过
2025-07-02 22:31:56,862 - INFO - 规则前提大小: 2, 最大扩展步数: 2
2025-07-02 22:31:56,936 - INFO - 步骤 1: 没有找到合适的扩展边
2025-07-02 22:31:56,943 - INFO - 匹配失败，处理时间: 0.1052秒
2025-07-02 22:31:56,944 - INFO - 处理第3/4个anchor
2025-07-02 22:31:56,948 - INFO - 开始处理anchor: ('12493208', '_has_part', '12493426')
2025-07-02 22:31:56,969 - WARNING - 未提供target_motif，motif剪枝将被跳过
2025-07-02 22:31:56,972 - INFO - 规则前提大小: 2, 最大扩展步数: 2
2025-07-02 22:31:57,051 - INFO - 步骤 1: 没有找到合适的扩展边
2025-07-02 22:31:57,076 - INFO - 匹配失败，处理时间: 0.1243秒
2025-07-02 22:31:57,084 - INFO - 处理第4/4个anchor
2025-07-02 22:31:57,086 - INFO - 开始处理anchor: ('00260881', '_hypernym', '00260622')
2025-07-02 22:31:57,101 - WARNING - 未提供target_motif，motif剪枝将被跳过
2025-07-02 22:31:57,105 - INFO - 规则前提大小: 2, 最大扩展步数: 2
2025-07-02 22:31:57,166 - INFO - 步骤 1: 没有找到合适的扩展边
2025-07-02 22:31:57,223 - INFO - 匹配失败，处理时间: 0.1371秒
2025-07-02 22:31:57,224 - INFO - 批量匹配完成: 0/4 成功匹配
2025-07-02 22:31:57,229 - INFO - 结果已保存到: results.json
