2025-07-02 22:09:52,801 - INFO - 成功加载预训练embedding
2025-07-02 22:09:53,009 - INFO - StructMatch系统初始化完成（集成语义增强）
2025-07-02 22:09:53,010 - INFO - 开始加载数据...
2025-07-02 22:09:54,290 - INFO - 成功加载知识图谱: 40559个实体, 11种关系, 86835个三元组
2025-07-02 22:09:54,291 - INFO - 成功加载7条规则
2025-07-02 22:09:54,291 - INFO - 数据加载完成
2025-07-02 22:09:54,299 - INFO - 开始批量匹配，共4个anchor
2025-07-02 22:09:54,300 - INFO - 处理第1/4个anchor
2025-07-02 22:09:54,300 - INFO - 开始处理anchor: ('12090318', '_member_meronym', '12093769')
2025-07-02 22:09:54,322 - WARNING - 未提供target_motif，motif剪枝将被跳过
2025-07-02 22:09:54,322 - INFO - 规则前提大小: None, 最大扩展步数: 2
2025-07-02 22:09:54,410 - INFO - 步骤 1: 添加边 ('12090318', '12096223', '_member_meronym'), 相似度提升: 0.3781 (当前: 0.9787)
2025-07-02 22:09:54,468 - INFO - 步骤 2: 相似度提升不足 (0.0067), 停止扩展
2025-07-02 22:09:54,478 - INFO - 匹配成功: True
2025-07-02 22:09:54,479 - INFO - 匹配得分: 0.8330
2025-07-02 22:09:54,479 - INFO - 扩展子图节点: ['12090318', '12093769', '12096223']
2025-07-02 22:09:54,480 - INFO - 扩展子图边: [('12090318', '12093769'), ('12090318', '12096223')]
2025-07-02 22:09:54,480 - INFO - 处理第2/4个anchor
2025-07-02 22:09:54,480 - INFO - 开始处理anchor: ('09322930', '_instance_hypernym', '09360122')
2025-07-02 22:09:54,486 - WARNING - 未提供target_motif，motif剪枝将被跳过
2025-07-02 22:09:54,486 - INFO - 规则前提大小: None, 最大扩展步数: 2
2025-07-02 22:09:54,575 - INFO - 步骤 1: 添加边 ('09338712', '09360122', '_instance_hypernym'), 相似度提升: 0.4554 (当前: 0.9978)
2025-07-02 22:09:54,674 - INFO - 步骤 2: 相似度提升不足 (0.0074), 停止扩展
2025-07-02 22:09:54,684 - INFO - 匹配成功: True
2025-07-02 22:09:54,685 - INFO - 匹配得分: 0.8214
2025-07-02 22:09:54,686 - INFO - 扩展子图节点: ['09322930', '09360122', '09338712']
2025-07-02 22:09:54,686 - INFO - 扩展子图边: [('09322930', '09360122'), ('09360122', '09338712')]
2025-07-02 22:09:54,687 - INFO - 处理第3/4个anchor
2025-07-02 22:09:54,688 - INFO - 开始处理anchor: ('12493208', '_has_part', '12493426')
2025-07-02 22:09:54,694 - WARNING - 未提供target_motif，motif剪枝将被跳过
2025-07-02 22:09:54,694 - INFO - 规则前提大小: None, 最大扩展步数: 2
2025-07-02 22:09:54,718 - INFO - 步骤 1: 添加边 ('12493090', '12493208', '_member_meronym'), 相似度提升: 0.4455 (当前: 0.9628)
2025-07-02 22:09:54,752 - INFO - 步骤 2: 相似度提升不足 (-0.0088), 停止扩展
2025-07-02 22:09:54,775 - INFO - 匹配成功: True
2025-07-02 22:09:54,775 - INFO - 匹配得分: 0.7832
2025-07-02 22:09:54,775 - INFO - 扩展子图节点: ['12493208', '12493426', '12493090']
2025-07-02 22:09:54,776 - INFO - 扩展子图边: [('12493208', '12493426'), ('12493208', '12493090')]
2025-07-02 22:09:54,776 - INFO - 处理第4/4个anchor
2025-07-02 22:09:54,777 - INFO - 开始处理anchor: ('00260881', '_hypernym', '00260622')
2025-07-02 22:09:54,790 - WARNING - 未提供target_motif，motif剪枝将被跳过
2025-07-02 22:09:54,791 - INFO - 规则前提大小: None, 最大扩展步数: 2
2025-07-02 22:09:54,848 - INFO - 步骤 1: 添加边 ('00260622', '00265386', '_derivationally_related_form'), 相似度提升: 0.2945 (当前: 0.9462)
2025-07-02 22:09:54,935 - INFO - 步骤 2: 相似度提升不足 (0.0060), 停止扩展
2025-07-02 22:09:54,949 - INFO - 匹配成功: True
2025-07-02 22:09:54,949 - INFO - 匹配得分: 0.7965
2025-07-02 22:09:54,950 - INFO - 扩展子图节点: ['00260881', '00260622', '00265386']
2025-07-02 22:09:54,951 - INFO - 扩展子图边: [('00260881', '00260622'), ('00260622', '00265386')]
2025-07-02 22:09:54,951 - INFO - 批量匹配完成: 4/4 成功匹配
2025-07-02 22:09:54,959 - INFO - 结果已保存到: results.json
