2025-07-02 21:45:48,648 - INFO - 成功加载预训练embedding
2025-07-02 21:45:48,741 - INFO - StructMatch系统初始化完成（集成语义增强）
2025-07-02 21:45:49,821 - INFO - 成功加载知识图谱: 40559个实体, 11种关系, 86835个三元组
2025-07-02 21:45:49,840 - WARNING - 未提供target_motif，motif剪枝将被跳过
2025-07-02 21:45:49,841 - INFO - 规则前提大小: None, 最大扩展步数: 2
2025-07-02 21:45:49,897 - INFO - 步骤 1: 添加边 ('02233096', '02235321', '_member_meronym'), 相似度提升: 0.6808 (当前: 0.9626)
2025-07-02 21:45:49,942 - INFO - 步骤 2: 相似度提升不足 (-0.0008), 停止扩展
2025-07-02 21:45:49,967 - WARNING - 未提供target_motif，motif剪枝将被跳过
2025-07-02 21:45:49,968 - INFO - 规则前提大小: None, 最大扩展步数: 2
2025-07-02 21:45:50,179 - INFO - 步骤 1: 添加边 ('08984457', '08524735', '_instance_hypernym'), 相似度提升: 0.6904 (当前: 0.9895)
2025-07-02 21:45:50,474 - INFO - 步骤 2: 添加边 ('08889657', '08524735', '_instance_hypernym'), 相似度提升: 0.0607 (当前: 0.9726)
2025-07-02 21:45:50,516 - WARNING - 未提供target_motif，motif剪枝将被跳过
2025-07-02 21:45:50,517 - INFO - 规则前提大小: None, 最大扩展步数: 2
2025-07-02 21:45:51,088 - INFO - 步骤 1: 添加边 ('02875436', '03239726', '_hypernym'), 相似度提升: 0.6228 (当前: 0.9677)
2025-07-02 21:45:51,399 - INFO - 步骤 2: 添加边 ('01443021', '02875436', '_derivationally_related_form'), 相似度提升: 0.0866 (当前: 0.9731)
2025-07-02 21:45:51,451 - WARNING - 未提供target_motif，motif剪枝将被跳过
2025-07-02 21:45:51,454 - INFO - 规则前提大小: None, 最大扩展步数: 2
2025-07-02 21:45:52,223 - INFO - 步骤 1: 添加边 ('01378800', '01352059', '_hypernym'), 相似度提升: 0.7269 (当前: 0.9812)
2025-07-02 21:45:52,605 - INFO - 步骤 2: 添加边 ('01371092', '01371483', '_member_meronym'), 相似度提升: 0.0277 (当前: 0.9625)
2025-07-02 21:45:52,656 - WARNING - 未提供target_motif，motif剪枝将被跳过
2025-07-02 21:45:52,657 - INFO - 规则前提大小: None, 最大扩展步数: 2
2025-07-02 21:45:53,083 - INFO - 步骤 1: 添加边 ('06845599', '03588046', '_member_of_domain_usage'), 相似度提升: 0.6354 (当前: 0.9409)
2025-07-02 21:45:53,404 - INFO - 步骤 2: 添加边 ('06845599', '03756624', '_member_of_domain_usage'), 相似度提升: 0.0538 (当前: 0.9348)
