2025-07-02 20:42:34,146 - INFO - 成功加载预训练embedding
2025-07-02 20:42:34,335 - INFO - StructMatch系统初始化完成（集成语义增强）
2025-07-02 20:42:34,336 - INFO - 开始加载数据...
2025-07-02 20:42:36,071 - INFO - 成功加载知识图谱: 40559个实体, 11种关系, 86835个三元组
2025-07-02 20:42:36,073 - INFO - 成功加载7条规则
2025-07-02 20:42:36,073 - INFO - 数据加载完成
2025-07-02 20:42:36,085 - INFO - 开始批量匹配，共4个anchor
2025-07-02 20:42:36,085 - INFO - 处理第1/4个anchor
2025-07-02 20:42:36,086 - INFO - 开始处理anchor: ('12090318', '_member_meronym', '12093769')
2025-07-02 20:42:36,129 - WARNING - 未提供target_motif，motif剪枝将被跳过
2025-07-02 20:42:36,130 - INFO - 规则前提大小: None, 最大扩展步数: 2
2025-07-02 20:42:36,366 - INFO - 步骤 1: 添加边 ('12090318', '12092127', '_member_meronym'), 相似度提升: 0.8088 (当前: 0.9575)
2025-07-02 20:42:36,586 - INFO - 步骤 2: 添加边 ('12092127', '12092262', '_member_meronym'), 相似度提升: 0.0263 (当前: 0.9598)
2025-07-02 20:42:36,631 - INFO - 匹配成功: True
2025-07-02 20:42:36,631 - INFO - 匹配得分: 0.7686
2025-07-02 20:42:36,632 - INFO - 扩展子图节点: ['12090318', '12093769', '12092127', '12092262']
2025-07-02 20:42:36,633 - INFO - 扩展子图边: [('12090318', '12093769'), ('12090318', '12092127'), ('12092127', '12092262')]
2025-07-02 20:42:36,634 - INFO - 处理第2/4个anchor
2025-07-02 20:42:36,636 - INFO - 开始处理anchor: ('09322930', '_instance_hypernym', '09360122')
2025-07-02 20:42:36,672 - WARNING - 未提供target_motif，motif剪枝将被跳过
2025-07-02 20:42:36,673 - INFO - 规则前提大小: None, 最大扩展步数: 2
2025-07-02 20:42:36,890 - INFO - 步骤 1: 添加边 ('09290626', '09360122', '_instance_hypernym'), 相似度提升: 0.7807 (当前: 0.9877)
2025-07-02 20:42:37,121 - INFO - 步骤 2: 添加边 ('08900535', '09322930', '_has_part'), 相似度提升: 0.0101 (当前: 0.9771)
2025-07-02 20:42:37,148 - INFO - 匹配成功: True
2025-07-02 20:42:37,148 - INFO - 匹配得分: 0.8230
2025-07-02 20:42:37,150 - INFO - 扩展子图节点: ['09322930', '09360122', '09290626', '08900535']
2025-07-02 20:42:37,151 - INFO - 扩展子图边: [('09322930', '09360122'), ('09322930', '08900535'), ('09360122', '09290626')]
2025-07-02 20:42:37,152 - INFO - 处理第3/4个anchor
2025-07-02 20:42:37,153 - INFO - 开始处理anchor: ('12493208', '_has_part', '12493426')
2025-07-02 20:42:37,170 - WARNING - 未提供target_motif，motif剪枝将被跳过
2025-07-02 20:42:37,170 - INFO - 规则前提大小: None, 最大扩展步数: 2
2025-07-02 20:42:37,290 - INFO - 步骤 1: 添加边 ('12493208', '13108131', '_hypernym'), 相似度提升: 0.7905 (当前: 0.9689)
2025-07-02 20:42:37,374 - INFO - 步骤 2: 添加边 ('12493426', '13136316', '_hypernym'), 相似度提升: 0.0286 (当前: 0.9770)
2025-07-02 20:42:37,427 - INFO - 匹配成功: True
2025-07-02 20:42:37,429 - INFO - 匹配得分: 0.8196
2025-07-02 20:42:37,431 - INFO - 扩展子图节点: ['12493208', '12493426', '13108131', '13136316']
2025-07-02 20:42:37,432 - INFO - 扩展子图边: [('12493208', '12493426'), ('12493208', '13108131'), ('12493426', '13136316')]
2025-07-02 20:42:37,433 - INFO - 处理第4/4个anchor
2025-07-02 20:42:37,434 - INFO - 开始处理anchor: ('00260881', '_hypernym', '00260622')
2025-07-02 20:42:37,452 - WARNING - 未提供target_motif，motif剪枝将被跳过
2025-07-02 20:42:37,453 - INFO - 规则前提大小: None, 最大扩展步数: 2
2025-07-02 20:42:37,524 - INFO - 步骤 1: 添加边 ('00260622', '00248977', '_hypernym'), 相似度提升: 0.7202 (当前: 0.9756)
2025-07-02 20:42:37,944 - INFO - 步骤 2: 相似度提升不足 (0.0026), 停止扩展
2025-07-02 20:42:37,984 - INFO - 匹配成功: True
2025-07-02 20:42:37,985 - INFO - 匹配得分: 0.8270
2025-07-02 20:42:37,987 - INFO - 扩展子图节点: ['00260881', '00260622', '00248977']
2025-07-02 20:42:37,988 - INFO - 扩展子图边: [('00260881', '00260622'), ('00260622', '00248977')]
2025-07-02 20:42:37,990 - INFO - 批量匹配完成: 4/4 成功匹配
2025-07-02 20:42:37,997 - INFO - 结果已保存到: results.json
