2025-07-02 21:25:05,824 - INFO - 成功加载预训练embedding
2025-07-02 21:25:05,948 - INFO - StructMatch系统初始化完成（集成语义增强）
2025-07-02 21:25:07,209 - INFO - 成功加载知识图谱: 40559个实体, 11种关系, 86835个三元组
2025-07-02 21:25:07,233 - WARNING - 未提供target_motif，motif剪枝将被跳过
2025-07-02 21:25:07,234 - INFO - 规则前提大小: None, 最大扩展步数: 2
2025-07-02 21:25:07,297 - INFO - 步骤 1: 添加边 ('02233096', '02235321', '_member_meronym'), 相似度提升: 0.4422 (当前: 0.9680)
2025-07-02 21:25:07,370 - INFO - 步骤 2: 添加边 ('02233943', '02233338', '_hypernym'), 相似度提升: 0.1084 (当前: 0.9680)
2025-07-02 21:25:07,424 - WARNING - 未提供target_motif，motif剪枝将被跳过
2025-07-02 21:25:07,432 - INFO - 规则前提大小: None, 最大扩展步数: 2
2025-07-02 21:25:07,804 - INFO - 步骤 1: 添加边 ('09150662', '08524735', '_instance_hypernym'), 相似度提升: 0.4878 (当前: 0.9672)
2025-07-02 21:25:08,258 - INFO - 步骤 2: 添加边 ('08524735', '08543496', '_has_part'), 相似度提升: 0.0490 (当前: 0.9479)
2025-07-02 21:25:08,336 - WARNING - 未提供target_motif，motif剪枝将被跳过
2025-07-02 21:25:08,337 - INFO - 规则前提大小: None, 最大扩展步数: 2
2025-07-02 21:25:08,622 - INFO - 步骤 1: 添加边 ('03239726', '02844307', '_has_part'), 相似度提升: 0.3645 (当前: 0.9354)
2025-07-02 21:25:08,825 - INFO - 步骤 2: 添加边 ('03027250', '03594277', '_has_part'), 相似度提升: 0.0345 (当前: 0.9455)
2025-07-02 21:25:08,891 - WARNING - 未提供target_motif，motif剪枝将被跳过
2025-07-02 21:25:08,892 - INFO - 规则前提大小: None, 最大扩展步数: 2
2025-07-02 21:25:09,775 - INFO - 步骤 1: 添加边 ('01354149', '01352059', '_hypernym'), 相似度提升: 0.5204 (当前: 0.9797)
2025-07-02 21:25:10,600 - INFO - 步骤 2: 添加边 ('01371092', '01371483', '_member_meronym'), 相似度提升: 0.0486 (当前: 0.9839)
2025-07-02 21:25:10,815 - WARNING - 未提供target_motif，motif剪枝将被跳过
2025-07-02 21:25:10,816 - INFO - 规则前提大小: None, 最大扩展步数: 2
2025-07-02 21:25:11,558 - INFO - 步骤 1: 添加边 ('06845599', '03157582', '_member_of_domain_usage'), 相似度提升: 0.5257 (当前: 0.9688)
2025-07-02 21:25:12,476 - INFO - 步骤 2: 添加边 ('06845599', '04448511', '_member_of_domain_usage'), 相似度提升: 0.0386 (当前: 0.9524)
