2025-07-17 05:19:24,214 - INFO - 成功加载预训练embedding
2025-07-17 05:19:24,284 - INFO - StructMatch系统初始化完成（集成语义增强）
2025-07-17 05:19:24,286 - INFO - 开始加载数据...
2025-07-17 05:19:25,680 - INFO - 成功加载知识图谱: 40559个实体, 11种关系, 86835个三元组
2025-07-17 05:19:25,699 - INFO - 成功加载2条规则
2025-07-17 05:19:25,699 - INFO - 数据加载完成
2025-07-17 05:19:25,710 - INFO - 收集规则第一个谓词对应的anchor: _also_see
2025-07-17 05:19:25,886 - INFO - 收集到 1299 个anchor
2025-07-17 05:19:25,887 - INFO - 开始批量匹配，共1299个anchor
2025-07-17 05:19:25,888 - INFO - 处理第1/1299个anchor
2025-07-17 05:19:26,148 - INFO - 匹配成功: anchor ('01698271', '_also_see', '01754576'), 得分: 0.7788
2025-07-17 05:19:34,382 - INFO - 处理第101/1299个anchor
2025-07-17 05:19:36,911 - INFO - 匹配成功: anchor ('02207206', '_also_see', '02323286'), 得分: 0.7640
2025-07-17 05:19:41,453 - INFO - 处理第201/1299个anchor
2025-07-17 05:19:44,022 - INFO - 匹配成功: anchor ('02244956', '_also_see', '02260362'), 得分: 0.7913
2025-07-17 05:19:48,245 - INFO - 处理第301/1299个anchor
2025-07-17 05:19:55,375 - INFO - 处理第401/1299个anchor
2025-07-17 05:20:02,462 - INFO - 处理第501/1299个anchor
2025-07-17 05:20:03,895 - INFO - 匹配成功: anchor ('02100709', '_also_see', '01646941'), 得分: 0.8123
2025-07-17 05:20:08,930 - INFO - 处理第601/1299个anchor
2025-07-17 05:20:15,823 - INFO - 处理第701/1299个anchor
2025-07-17 05:20:18,048 - INFO - 匹配成功: anchor ('01493741', '_also_see', '00213794'), 得分: 0.8024
2025-07-17 05:20:19,648 - INFO - 匹配成功: anchor ('02174896', '_also_see', '02166346'), 得分: 0.8018
2025-07-17 05:20:22,642 - INFO - 处理第801/1299个anchor
2025-07-17 05:20:29,517 - INFO - 处理第901/1299个anchor
2025-07-17 05:20:30,291 - INFO - 匹配成功: anchor ('02166346', '_also_see', '02244619'), 得分: 0.7934
2025-07-17 05:20:30,380 - INFO - 匹配成功: anchor ('02166346', '_also_see', '02174896'), 得分: 0.8045
2025-07-17 05:20:36,653 - INFO - 处理第1001/1299个anchor
2025-07-17 05:20:37,084 - INFO - 匹配成功: anchor ('00427786', '_also_see', '01908039'), 得分: 0.7749
2025-07-17 05:20:43,298 - INFO - 处理第1101/1299个anchor
2025-07-17 05:20:48,187 - INFO - 匹配成功: anchor ('01646941', '_also_see', '01489722'), 得分: 0.8080
2025-07-17 05:20:49,881 - INFO - 处理第1201/1299个anchor
2025-07-17 05:20:53,232 - INFO - 匹配成功: anchor ('01417868', '_also_see', '01666002'), 得分: 0.7680
2025-07-17 05:20:56,153 - INFO - 批量匹配完成: 11/1299 成功匹配
2025-07-17 05:20:56,256 - INFO - 结果已保存到: results.json
