2025-07-02 21:44:53,745 - INFO - 成功加载预训练embedding
2025-07-02 21:44:53,821 - INFO - StructMatch系统初始化完成（集成语义增强）
2025-07-02 21:44:53,823 - INFO - 开始加载数据...
2025-07-02 21:44:54,770 - INFO - 成功加载知识图谱: 40559个实体, 11种关系, 86835个三元组
2025-07-02 21:44:54,770 - INFO - 成功加载7条规则
2025-07-02 21:44:54,771 - INFO - 数据加载完成
2025-07-02 21:44:54,777 - INFO - 开始批量匹配，共4个anchor
2025-07-02 21:44:54,778 - INFO - 处理第1/4个anchor
2025-07-02 21:44:54,778 - INFO - 开始处理anchor: ('12090318', '_member_meronym', '12093769')
2025-07-02 21:44:54,792 - WARNING - 未提供target_motif，motif剪枝将被跳过
2025-07-02 21:44:54,792 - INFO - 规则前提大小: None, 最大扩展步数: 2
2025-07-02 21:44:54,874 - INFO - 步骤 1: 添加边 ('12090318', '12090702', '_member_meronym'), 相似度提升: 0.5585 (当前: 0.9619)
2025-07-02 21:44:54,960 - INFO - 步骤 2: 添加边 ('12093769', '12093885', '_member_meronym'), 相似度提升: 0.0263 (当前: 0.9619)
2025-07-02 21:44:54,982 - INFO - 匹配成功: True
2025-07-02 21:44:54,983 - INFO - 匹配得分: 0.7958
2025-07-02 21:44:54,983 - INFO - 扩展子图节点: ['12090318', '12093769', '12090702', '12093885']
2025-07-02 21:44:54,984 - INFO - 扩展子图边: [('12090318', '12093769'), ('12090318', '12090702'), ('12093769', '12093885')]
2025-07-02 21:44:54,984 - INFO - 处理第2/4个anchor
2025-07-02 21:44:54,985 - INFO - 开始处理anchor: ('09322930', '_instance_hypernym', '09360122')
2025-07-02 21:44:54,990 - WARNING - 未提供target_motif，motif剪枝将被跳过
2025-07-02 21:44:54,991 - INFO - 规则前提大小: None, 最大扩展步数: 2
2025-07-02 21:44:55,193 - INFO - 步骤 1: 添加边 ('09403581', '09360122', '_instance_hypernym'), 相似度提升: 0.5382 (当前: 0.9815)
2025-07-02 21:44:55,438 - INFO - 步骤 2: 添加边 ('08900535', '09322930', '_has_part'), 相似度提升: 0.0334 (当前: 0.9819)
2025-07-02 21:44:55,475 - INFO - 匹配成功: True
2025-07-02 21:44:55,475 - INFO - 匹配得分: 0.8394
2025-07-02 21:44:55,475 - INFO - 扩展子图节点: ['09322930', '09360122', '09403581', '08900535']
2025-07-02 21:44:55,476 - INFO - 扩展子图边: [('09322930', '09360122'), ('09322930', '08900535'), ('09360122', '09403581')]
2025-07-02 21:44:55,476 - INFO - 处理第3/4个anchor
2025-07-02 21:44:55,477 - INFO - 开始处理anchor: ('12493208', '_has_part', '12493426')
2025-07-02 21:44:55,491 - WARNING - 未提供target_motif，motif剪枝将被跳过
2025-07-02 21:44:55,492 - INFO - 规则前提大小: None, 最大扩展步数: 2
2025-07-02 21:44:55,561 - INFO - 步骤 1: 添加边 ('12493090', '12493208', '_member_meronym'), 相似度提升: 0.5478 (当前: 0.9601)
2025-07-02 21:44:55,622 - INFO - 步骤 2: 添加边 ('12493090', '11585340', '_hypernym'), 相似度提升: 0.0617 (当前: 0.9594)
2025-07-02 21:44:55,711 - INFO - 匹配成功: True
2025-07-02 21:44:55,718 - INFO - 匹配得分: 0.8124
2025-07-02 21:44:55,719 - INFO - 扩展子图节点: ['12493208', '12493426', '12493090', '11585340']
2025-07-02 21:44:55,720 - INFO - 扩展子图边: [('12493208', '12493426'), ('12493208', '12493090'), ('12493090', '11585340')]
2025-07-02 21:44:55,721 - INFO - 处理第4/4个anchor
2025-07-02 21:44:55,721 - INFO - 开始处理anchor: ('00260881', '_hypernym', '00260622')
2025-07-02 21:44:55,745 - WARNING - 未提供target_motif，motif剪枝将被跳过
2025-07-02 21:44:55,745 - INFO - 规则前提大小: None, 最大扩展步数: 2
2025-07-02 21:44:55,948 - INFO - 步骤 1: 添加边 ('00260622', '00265386', '_derivationally_related_form'), 相似度提升: 0.4950 (当前: 0.8869)
2025-07-02 21:44:56,126 - INFO - 步骤 2: 添加边 ('00265386', '00095971', '_derivationally_related_form'), 相似度提升: 0.0176 (当前: 0.9198)
2025-07-02 21:44:56,208 - INFO - 匹配成功: True
2025-07-02 21:44:56,209 - INFO - 匹配得分: 0.7730
2025-07-02 21:44:56,209 - INFO - 扩展子图节点: ['00260881', '00260622', '00265386', '00095971']
2025-07-02 21:44:56,210 - INFO - 扩展子图边: [('00260881', '00260622'), ('00260622', '00265386'), ('00265386', '00095971')]
2025-07-02 21:44:56,210 - INFO - 批量匹配完成: 4/4 成功匹配
2025-07-02 21:44:56,219 - INFO - 结果已保存到: results.json
