2025-07-02 21:23:13,647 - INFO - 成功加载预训练embedding
2025-07-02 21:23:13,747 - INFO - StructMatch系统初始化完成（集成语义增强）
2025-07-02 21:23:15,042 - INFO - 成功加载知识图谱: 40559个实体, 11种关系, 86835个三元组
2025-07-02 21:23:15,073 - WARNING - 未提供target_motif，motif剪枝将被跳过
2025-07-02 21:23:15,074 - INFO - 规则前提大小: None, 最大扩展步数: 2
2025-07-02 21:23:15,134 - INFO - 步骤 1: 添加边 ('02233096', '01342529', '_hypernym'), 相似度提升: 0.6758 (当前: 0.9770)
2025-07-02 21:23:15,316 - INFO - 步骤 2: 添加边 ('01474641', '01342529', '_hypernym'), 相似度提升: 0.0545 (当前: 0.9826)
2025-07-02 21:23:15,347 - WARNING - 未提供target_motif，motif剪枝将被跳过
2025-07-02 21:23:15,348 - INFO - 规则前提大小: None, 最大扩展步数: 2
2025-07-02 21:23:15,884 - INFO - 步骤 1: 添加边 ('08983413', '08524735', '_instance_hypernym'), 相似度提升: 0.6891 (当前: 0.9772)
2025-07-02 21:23:16,160 - INFO - 步骤 2: 添加边 ('08524735', '08543496', '_has_part'), 相似度提升: 0.0162 (当前: 0.9551)
2025-07-02 21:23:16,199 - WARNING - 未提供target_motif，motif剪枝将被跳过
2025-07-02 21:23:16,200 - INFO - 规则前提大小: None, 最大扩展步数: 2
2025-07-02 21:23:16,332 - INFO - 步骤 1: 添加边 ('03239726', '02844307', '_has_part'), 相似度提升: 0.6721 (当前: 0.9759)
2025-07-02 21:23:16,478 - INFO - 步骤 2: 添加边 ('03240140', '03027250', '_has_part'), 相似度提升: 0.0150 (当前: 0.9713)
2025-07-02 21:23:16,535 - WARNING - 未提供target_motif，motif剪枝将被跳过
2025-07-02 21:23:16,537 - INFO - 规则前提大小: None, 最大扩展步数: 2
2025-07-02 21:23:16,897 - INFO - 步骤 1: 添加边 ('01364587', '01352059', '_hypernym'), 相似度提升: 0.7153 (当前: 0.9713)
2025-07-02 21:23:17,457 - INFO - 步骤 2: 添加边 ('01370913', '01371092', '_member_meronym'), 相似度提升: 0.0179 (当前: 0.9572)
2025-07-02 21:23:17,539 - WARNING - 未提供target_motif，motif剪枝将被跳过
2025-07-02 21:23:17,540 - INFO - 规则前提大小: None, 最大扩展步数: 2
2025-07-02 21:23:18,133 - INFO - 步骤 1: 添加边 ('06845599', '03588046', '_member_of_domain_usage'), 相似度提升: 0.6755 (当前: 0.9751)
2025-07-02 21:23:18,803 - INFO - 步骤 2: 相似度提升不足 (0.0035), 停止扩展
