2025-07-02 20:41:34,082 - INFO - 成功加载预训练embedding
2025-07-02 20:41:34,241 - INFO - StructMatch系统初始化完成（集成语义增强）
2025-07-02 20:41:34,243 - INFO - 开始加载数据...
2025-07-02 20:41:35,820 - INFO - 成功加载知识图谱: 40559个实体, 11种关系, 86835个三元组
2025-07-02 20:41:35,821 - INFO - 成功加载7条规则
2025-07-02 20:41:35,822 - INFO - 数据加载完成
2025-07-02 20:41:35,832 - INFO - 开始批量匹配，共4个anchor
2025-07-02 20:41:35,832 - INFO - 处理第1/4个anchor
2025-07-02 20:41:35,833 - INFO - 开始处理anchor: ('12090318', '_member_meronym', '12093769')
2025-07-02 20:41:35,864 - WARNING - 未提供target_motif，motif剪枝将被跳过
2025-07-02 20:41:35,865 - INFO - 规则前提大小: None, 最大扩展步数: 2
2025-07-02 20:41:36,059 - INFO - 步骤 1: 添加边 ('12090318', '12094786', '_member_meronym'), 相似度提升: 0.6696 (当前: 0.9683)
2025-07-02 20:41:36,218 - INFO - 步骤 2: 添加边 ('12094786', '11567411', '_hypernym'), 相似度提升: 0.0434 (当前: 0.9551)
2025-07-02 20:41:36,276 - INFO - 匹配成功: True
2025-07-02 20:41:36,279 - INFO - 匹配得分: 0.8219
2025-07-02 20:41:36,280 - INFO - 扩展子图节点: ['12090318', '12093769', '12094786', '11567411']
2025-07-02 20:41:36,281 - INFO - 扩展子图边: [('12090318', '12093769'), ('12090318', '12094786'), ('12094786', '11567411')]
2025-07-02 20:41:36,282 - INFO - 处理第2/4个anchor
2025-07-02 20:41:36,283 - INFO - 开始处理anchor: ('09322930', '_instance_hypernym', '09360122')
2025-07-02 20:41:36,294 - WARNING - 未提供target_motif，motif剪枝将被跳过
2025-07-02 20:41:36,295 - INFO - 规则前提大小: None, 最大扩展步数: 2
2025-07-02 20:41:36,519 - INFO - 步骤 1: 添加边 ('09290626', '09360122', '_instance_hypernym'), 相似度提升: 0.7115 (当前: 0.9570)
2025-07-02 20:41:36,799 - INFO - 步骤 2: 添加边 ('09357847', '09360122', '_instance_hypernym'), 相似度提升: 0.0506 (当前: 0.9429)
2025-07-02 20:41:36,822 - INFO - 匹配成功: True
2025-07-02 20:41:36,822 - INFO - 匹配得分: 0.7846
2025-07-02 20:41:36,823 - INFO - 扩展子图节点: ['09322930', '09360122', '09290626', '09357847']
2025-07-02 20:41:36,824 - INFO - 扩展子图边: [('09322930', '09360122'), ('09360122', '09290626'), ('09360122', '09357847')]
2025-07-02 20:41:36,824 - INFO - 处理第3/4个anchor
2025-07-02 20:41:36,825 - INFO - 开始处理anchor: ('12493208', '_has_part', '12493426')
2025-07-02 20:41:36,855 - WARNING - 未提供target_motif，motif剪枝将被跳过
2025-07-02 20:41:36,856 - INFO - 规则前提大小: None, 最大扩展步数: 2
2025-07-02 20:41:36,913 - INFO - 步骤 1: 添加边 ('12493090', '12493208', '_member_meronym'), 相似度提升: 0.7060 (当前: 0.9482)
2025-07-02 20:41:36,987 - INFO - 步骤 2: 添加边 ('12487647', '12493090', '_member_meronym'), 相似度提升: 0.1565 (当前: 0.9717)
2025-07-02 20:41:37,015 - INFO - 匹配成功: True
2025-07-02 20:41:37,016 - INFO - 匹配得分: 0.8065
2025-07-02 20:41:37,017 - INFO - 扩展子图节点: ['12493208', '12493426', '12493090', '12487647']
2025-07-02 20:41:37,018 - INFO - 扩展子图边: [('12493208', '12493426'), ('12493208', '12493090'), ('12493090', '12487647')]
2025-07-02 20:41:37,020 - INFO - 处理第4/4个anchor
2025-07-02 20:41:37,021 - INFO - 开始处理anchor: ('00260881', '_hypernym', '00260622')
2025-07-02 20:41:37,035 - WARNING - 未提供target_motif，motif剪枝将被跳过
2025-07-02 20:41:37,036 - INFO - 规则前提大小: None, 最大扩展步数: 2
2025-07-02 20:41:37,121 - INFO - 步骤 1: 添加边 ('00260881', '01124794', '_synset_domain_topic_of'), 相似度提升: 0.5199 (当前: 0.9261)
2025-07-02 20:41:37,373 - INFO - 步骤 2: 添加边 ('02586619', '01124794', '_derivationally_related_form'), 相似度提升: 0.0316 (当前: 0.9565)
2025-07-02 20:41:37,415 - INFO - 匹配成功: True
2025-07-02 20:41:37,417 - INFO - 匹配得分: 0.7904
2025-07-02 20:41:37,418 - INFO - 扩展子图节点: ['00260881', '00260622', '01124794', '02586619']
2025-07-02 20:41:37,418 - INFO - 扩展子图边: [('00260881', '00260622'), ('00260881', '01124794'), ('01124794', '02586619')]
2025-07-02 20:41:37,419 - INFO - 批量匹配完成: 4/4 成功匹配
