2025-07-02 22:16:39,835 - INFO - 成功加载预训练embedding
2025-07-02 22:16:39,944 - INFO - StructMatch系统初始化完成（集成语义增强）
2025-07-02 22:16:39,945 - INFO - 开始加载数据...
2025-07-02 22:16:41,200 - INFO - 成功加载知识图谱: 40559个实体, 11种关系, 86835个三元组
2025-07-02 22:16:41,201 - INFO - 成功加载7条规则
2025-07-02 22:16:41,202 - INFO - 数据加载完成
2025-07-02 22:16:41,210 - INFO - 开始批量匹配，共4个anchor
2025-07-02 22:16:41,211 - INFO - 处理第1/4个anchor
2025-07-02 22:16:41,211 - INFO - 开始处理anchor: ('12090318', '_member_meronym', '12093769')
2025-07-02 22:16:41,244 - WARNING - 未提供target_motif，motif剪枝将被跳过
2025-07-02 22:16:41,245 - INFO - 规则前提大小: None, 最大扩展步数: 2
2025-07-02 22:16:41,351 - INFO - 步骤 1: 添加边 ('12090318', '12092766', '_member_meronym'), 相似度提升: 0.4647 (当前: 0.9773)
2025-07-02 22:16:41,463 - INFO - 步骤 2: 添加边 ('12092766', '12092930', '_member_meronym'), 相似度提升: 0.0175 (当前: 0.9676)
2025-07-02 22:16:41,495 - INFO - 匹配成功: True
2025-07-02 22:16:41,496 - INFO - 匹配得分: 0.8282
2025-07-02 22:16:41,497 - INFO - 扩展子图节点: ['12090318', '12093769', '12092766', '12092930']
2025-07-02 22:16:41,498 - INFO - 扩展子图边: [('12090318', '12093769'), ('12090318', '12092766'), ('12092766', '12092930')]
2025-07-02 22:16:41,499 - INFO - 处理第2/4个anchor
2025-07-02 22:16:41,499 - INFO - 开始处理anchor: ('09322930', '_instance_hypernym', '09360122')
2025-07-02 22:16:41,532 - WARNING - 未提供target_motif，motif剪枝将被跳过
2025-07-02 22:16:41,533 - INFO - 规则前提大小: None, 最大扩展步数: 2
2025-07-02 22:16:41,776 - INFO - 步骤 1: 添加边 ('09251832', '09360122', '_instance_hypernym'), 相似度提升: 0.4446 (当前: 0.9828)
2025-07-02 22:16:41,983 - INFO - 步骤 2: 添加边 ('09197945', '09360122', '_instance_hypernym'), 相似度提升: 0.0150 (当前: 0.9639)
2025-07-02 22:16:42,013 - INFO - 匹配成功: True
2025-07-02 22:16:42,018 - INFO - 匹配得分: 0.8052
2025-07-02 22:16:42,019 - INFO - 扩展子图节点: ['09322930', '09360122', '09251832', '09197945']
2025-07-02 22:16:42,021 - INFO - 扩展子图边: [('09322930', '09360122'), ('09360122', '09251832'), ('09360122', '09197945')]
2025-07-02 22:16:42,022 - INFO - 处理第3/4个anchor
2025-07-02 22:16:42,022 - INFO - 开始处理anchor: ('12493208', '_has_part', '12493426')
2025-07-02 22:16:42,042 - WARNING - 未提供target_motif，motif剪枝将被跳过
2025-07-02 22:16:42,043 - INFO - 规则前提大小: None, 最大扩展步数: 2
2025-07-02 22:16:42,111 - INFO - 步骤 1: 添加边 ('12493426', '13136316', '_hypernym'), 相似度提升: 0.3732 (当前: 0.9233)
2025-07-02 22:16:42,189 - INFO - 步骤 2: 添加边 ('12493208', '13108131', '_hypernym'), 相似度提升: 0.0147 (当前: 0.9590)
2025-07-02 22:16:42,221 - INFO - 匹配成功: True
2025-07-02 22:16:42,223 - INFO - 匹配得分: 0.7866
2025-07-02 22:16:42,223 - INFO - 扩展子图节点: ['12493208', '12493426', '13136316', '13108131']
2025-07-02 22:16:42,225 - INFO - 扩展子图边: [('12493208', '12493426'), ('12493208', '13108131'), ('12493426', '13136316')]
2025-07-02 22:16:42,227 - INFO - 处理第4/4个anchor
2025-07-02 22:16:42,229 - INFO - 开始处理anchor: ('00260881', '_hypernym', '00260622')
2025-07-02 22:16:42,268 - WARNING - 未提供target_motif，motif剪枝将被跳过
2025-07-02 22:16:42,270 - INFO - 规则前提大小: None, 最大扩展步数: 2
2025-07-02 22:16:42,377 - INFO - 步骤 1: 添加边 ('00260622', '00265673', '_derivationally_related_form'), 相似度提升: 0.4680 (当前: 0.9658)
2025-07-02 22:16:42,476 - INFO - 步骤 2: 添加边 ('00265673', '00205885', '_hypernym'), 相似度提升: 0.0457 (当前: 0.9769)
2025-07-02 22:16:42,523 - INFO - 匹配成功: True
2025-07-02 22:16:42,524 - INFO - 匹配得分: 0.8123
2025-07-02 22:16:42,525 - INFO - 扩展子图节点: ['00260881', '00260622', '00265673', '00205885']
2025-07-02 22:16:42,526 - INFO - 扩展子图边: [('00260881', '00260622'), ('00260622', '00265673'), ('00265673', '00205885')]
2025-07-02 22:16:42,528 - INFO - 批量匹配完成: 4/4 成功匹配
2025-07-02 22:16:42,536 - INFO - 结果已保存到: results.json
