2025-07-03 00:15:57,803 - INFO - 成功加载预训练embedding
2025-07-03 00:15:57,933 - INFO - StructMatch系统初始化完成（集成语义增强）
2025-07-03 00:15:57,934 - INFO - 开始加载数据...
2025-07-03 00:15:59,604 - INFO - 成功加载知识图谱: 40559个实体, 11种关系, 86835个三元组
2025-07-03 00:15:59,604 - INFO - 成功加载2条规则
2025-07-03 00:15:59,605 - INFO - 数据加载完成
2025-07-03 00:15:59,819 - INFO - 开始批量匹配，共1299个anchor
2025-07-03 00:15:59,819 - INFO - 处理第1/1299个anchor
2025-07-03 00:15:59,820 - INFO - 开始处理anchor: ('01974062', '_also_see', '01976089')
2025-07-03 00:15:59,849 - WARNING - 未提供target_motif，motif剪枝将被跳过
2025-07-03 00:15:59,850 - INFO - 规则前提大小: 2, 最大扩展步数: 2
2025-07-03 00:15:59,881 - INFO - 步骤 1: 添加边 ('01380638', '01976089', '_also_see'), 相似度提升: 0.6564 (当前: 0.9708)
2025-07-03 00:15:59,892 - INFO - 步骤 2: 没有找到合适的扩展边
2025-07-03 00:15:59,913 - INFO - 匹配失败，处理时间: 0.0914秒
2025-07-03 00:15:59,914 - INFO - 处理第2/1299个anchor
2025-07-03 00:15:59,914 - INFO - 开始处理anchor: ('01698271', '_also_see', '01754576')
2025-07-03 00:15:59,924 - WARNING - 未提供target_motif，motif剪枝将被跳过
2025-07-03 00:15:59,926 - INFO - 规则前提大小: 2, 最大扩展步数: 2
2025-07-03 00:15:59,952 - INFO - 步骤 1: 添加边 ('01698271', '00929718', '_synset_domain_topic_of'), 相似度提升: 0.6187 (当前: 0.8832)
2025-07-03 00:15:59,962 - INFO - 步骤 2: 没有找到合适的扩展边
2025-07-03 00:15:59,979 - INFO - 匹配失败，处理时间: 0.0635秒
2025-07-03 00:15:59,980 - INFO - 处理第3/1299个anchor
2025-07-03 00:15:59,980 - INFO - 开始处理anchor: ('00230746', '_also_see', '02540347')
2025-07-03 00:15:59,991 - WARNING - 未提供target_motif，motif剪枝将被跳过
2025-07-03 00:15:59,992 - INFO - 规则前提大小: 2, 最大扩展步数: 2
2025-07-03 00:16:00,009 - INFO - 步骤 1: 没有找到合适的扩展边
2025-07-03 00:16:00,033 - INFO - 匹配失败，处理时间: 0.0520秒
2025-07-03 00:16:00,034 - INFO - 处理第4/1299个anchor
2025-07-03 00:16:00,035 - INFO - 开始处理anchor: ('01460029', '_also_see', '00677544')
2025-07-03 00:16:00,046 - WARNING - 未提供target_motif，motif剪枝将被跳过
2025-07-03 00:16:00,047 - INFO - 规则前提大小: 2, 最大扩展步数: 2
2025-07-03 00:16:00,077 - INFO - 步骤 1: 添加边 ('01382083', '00677544', '_also_see'), 相似度提升: 0.6386 (当前: 0.9676)
2025-07-03 00:16:00,144 - INFO - 步骤 2: 添加边 ('01382083', '00598954', '_also_see'), 相似度提升: 0.0141 (当前: 0.9823)
2025-07-03 00:16:00,169 - INFO - 匹配失败，处理时间: 0.1339秒
2025-07-03 00:16:00,169 - INFO - 处理第5/1299个anchor
2025-07-03 00:16:00,170 - INFO - 开始处理anchor: ('01410223', '_also_see', '01258302')
2025-07-03 00:16:00,183 - WARNING - 未提供target_motif，motif剪枝将被跳过
2025-07-03 00:16:00,185 - INFO - 规则前提大小: 2, 最大扩展步数: 2
2025-07-03 00:16:00,205 - INFO - 步骤 1: 没有找到合适的扩展边
2025-07-03 00:16:00,221 - INFO - 匹配失败，处理时间: 0.0492秒
2025-07-03 00:16:00,222 - INFO - 处理第6/1299个anchor
2025-07-03 00:16:00,223 - INFO - 开始处理anchor: ('01781478', '_also_see', '01783158')
2025-07-03 00:16:00,236 - WARNING - 未提供target_motif，motif剪枝将被跳过
2025-07-03 00:16:00,238 - INFO - 规则前提大小: 2, 最大扩展步数: 2
2025-07-03 00:16:00,318 - INFO - 步骤 1: 添加边 ('01781478', '02513269', '_also_see'), 相似度提升: 0.6032 (当前: 0.9294)
2025-07-03 00:16:00,416 - INFO - 步骤 2: 添加边 ('01548193', '02513269', '_also_see'), 相似度提升: 0.0169 (当前: 0.9327)
2025-07-03 00:16:00,435 - INFO - 匹配失败，处理时间: 0.2119秒
2025-07-03 00:16:00,436 - INFO - 处理第7/1299个anchor
2025-07-03 00:16:00,437 - INFO - 开始处理anchor: ('01781478', '_also_see', '02513269')
2025-07-03 00:16:00,447 - WARNING - 未提供target_motif，motif剪枝将被跳过
2025-07-03 00:16:00,449 - INFO - 规则前提大小: 2, 最大扩展步数: 2
2025-07-03 00:16:00,590 - INFO - 步骤 1: 添加边 ('01781478', '01783158', '_also_see'), 相似度提升: 0.6255 (当前: 0.9602)
2025-07-03 00:16:00,700 - INFO - 步骤 2: 添加边 ('00360650', '02513269', '_also_see'), 相似度提升: 0.0347 (当前: 0.9792)
2025-07-03 00:16:00,719 - INFO - 匹配失败，处理时间: 0.2828秒
2025-07-03 00:16:00,720 - INFO - 处理第8/1299个anchor
2025-07-03 00:16:00,721 - INFO - 开始处理anchor: ('01781478', '_also_see', '02578235')
2025-07-03 00:16:00,734 - WARNING - 未提供target_motif，motif剪枝将被跳过
2025-07-03 00:16:00,735 - INFO - 规则前提大小: 2, 最大扩展步数: 2
2025-07-03 00:16:00,848 - INFO - 步骤 1: 添加边 ('01781478', '01783158', '_also_see'), 相似度提升: 0.6514 (当前: 0.9772)
2025-07-03 00:16:00,926 - INFO - 步骤 2: 添加边 ('02578235', '01781478', '_also_see'), 相似度提升: 0.0137 (当前: 0.9607)
2025-07-03 00:16:00,949 - INFO - 匹配失败，处理时间: 0.2280秒
2025-07-03 00:16:00,950 - INFO - 处理第9/1299个anchor
2025-07-03 00:16:00,951 - INFO - 开始处理anchor: ('01781478', '_also_see', '02055062')
2025-07-03 00:16:00,964 - WARNING - 未提供target_motif，motif剪枝将被跳过
2025-07-03 00:16:00,965 - INFO - 规则前提大小: 2, 最大扩展步数: 2
2025-07-03 00:16:01,046 - INFO - 步骤 1: 添加边 ('02578235', '01781478', '_also_see'), 相似度提升: 0.6638 (当前: 0.9670)
2025-07-03 00:16:01,115 - INFO - 步骤 2: 相似度提升不足 (0.0073), 停止扩展
2025-07-03 00:16:01,137 - INFO - 匹配失败，处理时间: 0.1854秒
2025-07-03 00:16:01,138 - INFO - 处理第10/1299个anchor
2025-07-03 00:16:01,138 - INFO - 开始处理anchor: ('00452512', '_also_see', '01695567')
2025-07-03 00:16:01,150 - WARNING - 未提供target_motif，motif剪枝将被跳过
2025-07-03 00:16:01,152 - INFO - 规则前提大小: 2, 最大扩展步数: 2
2025-07-03 00:16:01,180 - INFO - 步骤 1: 添加边 ('00452512', '01194938', '_also_see'), 相似度提升: 0.6271 (当前: 0.9343)
2025-07-03 00:16:01,190 - INFO - 步骤 2: 没有找到合适的扩展边
2025-07-03 00:16:01,213 - INFO - 匹配失败，处理时间: 0.0745秒
2025-07-03 00:16:01,214 - INFO - 处理第11/1299个anchor
2025-07-03 00:16:01,216 - INFO - 开始处理anchor: ('00452512', '_also_see', '01194938')
2025-07-03 00:16:01,232 - WARNING - 未提供target_motif，motif剪枝将被跳过
2025-07-03 00:16:01,233 - INFO - 规则前提大小: 2, 最大扩展步数: 2
2025-07-03 00:16:01,263 - INFO - 步骤 1: 添加边 ('00452512', '01695567', '_also_see'), 相似度提升: 0.6696 (当前: 0.9695)
2025-07-03 00:16:01,272 - INFO - 步骤 2: 没有找到合适的扩展边
2025-07-03 00:16:01,294 - INFO - 匹配失败，处理时间: 0.0776秒
2025-07-03 00:16:01,296 - INFO - 处理第12/1299个anchor
2025-07-03 00:16:01,296 - INFO - 开始处理anchor: ('01718867', '_also_see', '00612114')
2025-07-03 00:16:01,306 - WARNING - 未提供target_motif，motif剪枝将被跳过
2025-07-03 00:16:01,308 - INFO - 规则前提大小: 2, 最大扩展步数: 2
2025-07-03 00:16:01,339 - INFO - 步骤 1: 添加边 ('01718867', '00612652', '_also_see'), 相似度提升: 0.6611 (当前: 0.9709)
2025-07-03 00:16:01,384 - INFO - 步骤 2: 添加边 ('00612652', '01718867', '_also_see'), 相似度提升: 0.0346 (当前: 0.9853)
2025-07-03 00:16:01,401 - INFO - 匹配失败，处理时间: 0.1039秒
2025-07-03 00:16:01,402 - INFO - 处理第13/1299个anchor
2025-07-03 00:16:01,402 - INFO - 开始处理anchor: ('01718867', '_also_see', '00612652')
2025-07-03 00:16:01,413 - WARNING - 未提供target_motif，motif剪枝将被跳过
2025-07-03 00:16:01,414 - INFO - 规则前提大小: 2, 最大扩展步数: 2
2025-07-03 00:16:01,444 - INFO - 步骤 1: 添加边 ('00612114', '01718867', '_also_see'), 相似度提升: 0.6902 (当前: 0.9559)
2025-07-03 00:16:01,491 - INFO - 步骤 2: 相似度提升不足 (0.0019), 停止扩展
2025-07-03 00:16:01,512 - INFO - 匹配失败，处理时间: 0.1079秒
2025-07-03 00:16:01,512 - INFO - 处理第14/1299个anchor
2025-07-03 00:16:01,513 - INFO - 开始处理anchor: ('00612114', '_also_see', '01718867')
2025-07-03 00:16:01,522 - WARNING - 未提供target_motif，motif剪枝将被跳过
2025-07-03 00:16:01,524 - INFO - 规则前提大小: 2, 最大扩展步数: 2
