2025-07-09 08:56:08,838 - INFO - 成功加载预训练embedding
2025-07-09 08:56:08,913 - WARNING - 加载训练模型失败: No module named 'simple_train'
2025-07-09 08:56:08,914 - INFO - StructMatch系统初始化完成（集成语义增强）
2025-07-09 08:56:08,914 - INFO - 开始加载数据...
2025-07-09 08:56:09,777 - INFO - 成功加载知识图谱: 40559个实体, 11种关系, 86835个三元组
2025-07-09 08:56:09,779 - INFO - 成功加载2条规则
2025-07-09 08:56:09,779 - INFO - 数据加载完成
2025-07-09 08:56:09,915 - INFO - 开始批量匹配，共100个anchor，规则ID: rule_001
2025-07-09 08:56:09,916 - INFO - 规则关系类型: {'_synset_domain_topic_of', '_also_see'}
2025-07-09 08:56:09,916 - INFO - 原始anchor数量: 100
2025-07-09 08:56:09,917 - INFO - 优先关系anchor: 9, 其他关系anchor: 50
2025-07-09 08:56:09,927 - INFO - 筛选后总anchor数量: 59
2025-07-09 08:56:09,927 - INFO - 智能筛选后，保留59个相关anchor
2025-07-09 08:56:09,928 - INFO - 处理第1/59个anchor
2025-07-09 08:56:09,928 - INFO - 开始处理anchor: ('00260881', '_synset_domain_topic_of', '01124794')
2025-07-09 08:56:09,946 - INFO - 规则类型: chain, 最大扩展步数: 2
2025-07-09 08:56:09,947 - INFO - Motif阈值: 0.8, 结构提升阈值: 0.0
2025-07-09 08:56:09,981 - INFO - 相似度提升检查: -0.1330 >= 0.0
2025-07-09 08:56:09,981 - INFO - 步骤 1: 相似度提升不足 (-0.1330), 停止扩展
2025-07-09 08:56:09,989 - INFO - 匹配失败，处理时间: 0.0618秒
2025-07-09 08:56:09,989 - INFO - 处理第2/59个anchor
2025-07-09 08:56:09,989 - INFO - 开始处理anchor: ('02636811', '_synset_domain_topic_of', '06083243')
2025-07-09 08:56:09,995 - INFO - 规则类型: chain, 最大扩展步数: 2
2025-07-09 08:56:09,995 - INFO - Motif阈值: 0.8, 结构提升阈值: 0.0
2025-07-09 08:56:10,027 - INFO - 相似度提升检查: -0.1579 >= 0.0
2025-07-09 08:56:10,028 - INFO - 步骤 1: 相似度提升不足 (-0.1579), 停止扩展
2025-07-09 08:56:10,033 - INFO - 匹配失败，处理时间: 0.0429秒
2025-07-09 08:56:10,034 - INFO - 处理第3/59个anchor
2025-07-09 08:56:10,034 - INFO - 开始处理anchor: ('01974062', '_also_see', '01976089')
2025-07-09 08:56:10,042 - INFO - 规则类型: chain, 最大扩展步数: 2
2025-07-09 08:56:10,043 - INFO - Motif阈值: 0.8, 结构提升阈值: 0.0
2025-07-09 08:56:10,106 - INFO - 相似度提升检查: -0.1816 >= 0.0
2025-07-09 08:56:10,106 - INFO - 步骤 1: 相似度提升不足 (-0.1816), 停止扩展
2025-07-09 08:56:10,111 - INFO - 匹配失败，处理时间: 0.0763秒
2025-07-09 08:56:10,112 - INFO - 处理第4/59个anchor
2025-07-09 08:56:10,112 - INFO - 开始处理anchor: ('00057306', '_synset_domain_topic_of', '08199025')
2025-07-09 08:56:10,118 - INFO - 规则类型: chain, 最大扩展步数: 2
2025-07-09 08:56:10,119 - INFO - Motif阈值: 0.8, 结构提升阈值: 0.0
2025-07-09 08:56:10,467 - INFO - 相似度提升检查: -0.1780 >= 0.0
2025-07-09 08:56:10,467 - INFO - 步骤 1: 相似度提升不足 (-0.1780), 停止扩展
2025-07-09 08:56:10,473 - INFO - 匹配失败，处理时间: 0.3603秒
2025-07-09 08:56:10,473 - INFO - 处理第5/59个anchor
2025-07-09 08:56:10,473 - INFO - 开始处理anchor: ('00056912', '_synset_domain_topic_of', '08199025')
2025-07-09 08:56:10,482 - INFO - 规则类型: chain, 最大扩展步数: 2
2025-07-09 08:56:10,483 - INFO - Motif阈值: 0.8, 结构提升阈值: 0.0
2025-07-09 08:56:10,818 - INFO - 相似度提升检查: -0.1673 >= 0.0
2025-07-09 08:56:10,819 - INFO - 步骤 1: 相似度提升不足 (-0.1673), 停止扩展
2025-07-09 08:56:10,824 - INFO - 匹配失败，处理时间: 0.3507秒
2025-07-09 08:56:10,825 - INFO - 处理第6/59个anchor
2025-07-09 08:56:10,825 - INFO - 开始处理anchor: ('10341660', '_synset_domain_topic_of', '06037666')
2025-07-09 08:56:10,831 - INFO - 规则类型: chain, 最大扩展步数: 2
2025-07-09 08:56:10,831 - INFO - Motif阈值: 0.8, 结构提升阈值: 0.0
2025-07-09 08:56:10,952 - INFO - 相似度提升检查: -0.1468 >= 0.0
2025-07-09 08:56:10,953 - INFO - 步骤 1: 相似度提升不足 (-0.1468), 停止扩展
2025-07-09 08:56:10,959 - INFO - 匹配失败，处理时间: 0.1340秒
2025-07-09 08:56:10,959 - INFO - 处理第7/59个anchor
2025-07-09 08:56:10,959 - INFO - 开始处理anchor: ('01698271', '_also_see', '01754576')
2025-07-09 08:56:10,969 - INFO - 规则类型: chain, 最大扩展步数: 2
2025-07-09 08:56:10,969 - INFO - Motif阈值: 0.8, 结构提升阈值: 0.0
2025-07-09 08:56:11,020 - INFO - 相似度提升检查: -0.0892 >= 0.0
2025-07-09 08:56:11,021 - INFO - 步骤 1: 相似度提升不足 (-0.0892), 停止扩展
2025-07-09 08:56:11,028 - INFO - 匹配失败，处理时间: 0.0680秒
2025-07-09 08:56:11,029 - INFO - 处理第8/59个anchor
2025-07-09 08:56:11,029 - INFO - 开始处理anchor: ('01698271', '_synset_domain_topic_of', '00929718')
2025-07-09 08:56:11,039 - INFO - 规则类型: chain, 最大扩展步数: 2
2025-07-09 08:56:11,039 - INFO - Motif阈值: 0.8, 结构提升阈值: 0.0
2025-07-09 08:56:11,118 - INFO - 相似度提升检查: -0.1706 >= 0.0
2025-07-09 08:56:11,118 - INFO - 步骤 1: 相似度提升不足 (-0.1706), 停止扩展
2025-07-09 08:56:11,123 - INFO - 匹配失败，处理时间: 0.0941秒
2025-07-09 08:56:11,124 - INFO - 处理第9/59个anchor
2025-07-09 08:56:11,124 - INFO - 开始处理anchor: ('01754576', '_synset_domain_topic_of', '00929718')
2025-07-09 08:56:11,133 - INFO - 规则类型: chain, 最大扩展步数: 2
2025-07-09 08:56:11,134 - INFO - Motif阈值: 0.8, 结构提升阈值: 0.0
2025-07-09 08:56:11,170 - INFO - 相似度提升检查: -0.1152 >= 0.0
2025-07-09 08:56:11,171 - INFO - 步骤 1: 相似度提升不足 (-0.1152), 停止扩展
2025-07-09 08:56:11,175 - INFO - 匹配失败，处理时间: 0.0506秒
2025-07-09 08:56:11,175 - INFO - 处理第10/59个anchor
2025-07-09 08:56:11,175 - INFO - 开始处理anchor: ('00260881', '_hypernym', '00260622')
2025-07-09 08:56:11,182 - INFO - 规则类型: chain, 最大扩展步数: 2
2025-07-09 08:56:11,183 - INFO - Motif阈值: 0.8, 结构提升阈值: 0.0
2025-07-09 08:56:11,185 - INFO - 相似度提升检查: -0.0178 >= 0.0
2025-07-09 08:56:11,186 - INFO - 步骤 1: 相似度提升不足 (-0.0178), 停止扩展
2025-07-09 08:56:11,190 - INFO - 匹配失败，处理时间: 0.0147秒
2025-07-09 08:56:11,190 - INFO - 处理第11/59个anchor
2025-07-09 08:56:11,190 - INFO - 开始处理anchor: ('00260622', '_derivationally_related_form', '00265386')
2025-07-09 08:56:11,198 - INFO - 规则类型: chain, 最大扩展步数: 2
2025-07-09 08:56:11,199 - INFO - Motif阈值: 0.8, 结构提升阈值: 0.0
2025-07-09 08:56:11,201 - INFO - 步骤 1: 没有找到合适的扩展边
2025-07-09 08:56:11,207 - INFO - 匹配失败，处理时间: 0.0152秒
2025-07-09 08:56:11,207 - INFO - 处理第12/59个anchor
2025-07-09 08:56:11,207 - INFO - 开始处理anchor: ('00260622', '_hypernym', '00248977')
2025-07-09 08:56:11,215 - INFO - 规则类型: chain, 最大扩展步数: 2
2025-07-09 08:56:11,215 - INFO - Motif阈值: 0.8, 结构提升阈值: 0.0
2025-07-09 08:56:11,218 - INFO - 步骤 1: 没有找到合适的扩展边
2025-07-09 08:56:11,224 - INFO - 匹配失败，处理时间: 0.0166秒
2025-07-09 08:56:11,224 - INFO - 处理第13/59个anchor
2025-07-09 08:56:11,224 - INFO - 开始处理anchor: ('00260622', '_derivationally_related_form', '00265673')
2025-07-09 08:56:11,253 - INFO - 规则类型: chain, 最大扩展步数: 2
2025-07-09 08:56:11,253 - INFO - Motif阈值: 0.8, 结构提升阈值: 0.0
2025-07-09 08:56:11,255 - INFO - 步骤 1: 没有找到合适的扩展边
2025-07-09 08:56:11,261 - INFO - 匹配失败，处理时间: 0.0359秒
2025-07-09 08:56:11,262 - INFO - 处理第14/59个anchor
2025-07-09 08:56:11,262 - INFO - 开始处理anchor: ('01332730', '_derivationally_related_form', '03122748')
2025-07-09 08:56:11,302 - INFO - 规则类型: chain, 最大扩展步数: 2
2025-07-09 08:56:11,302 - INFO - Motif阈值: 0.8, 结构提升阈值: 0.0
2025-07-09 08:56:11,319 - INFO - 步骤 1: 没有找到合适的扩展边
2025-07-09 08:56:11,369 - INFO - 匹配失败，处理时间: 0.1064秒
2025-07-09 08:56:11,370 - INFO - 处理第15/59个anchor
2025-07-09 08:56:11,370 - INFO - 开始处理anchor: ('01332730', '_derivationally_related_form', '02840619')
2025-07-09 08:56:11,376 - INFO - 规则类型: chain, 最大扩展步数: 2
2025-07-09 08:56:11,377 - INFO - Motif阈值: 0.8, 结构提升阈值: 0.0
2025-07-09 08:56:11,382 - INFO - 步骤 1: 没有找到合适的扩展边
2025-07-09 08:56:11,389 - INFO - 匹配失败，处理时间: 0.0183秒
2025-07-09 08:56:11,389 - INFO - 处理第16/59个anchor
2025-07-09 08:56:11,389 - INFO - 开始处理anchor: ('01332730', '_verb_group', '01336635')
2025-07-09 08:56:11,396 - INFO - 规则类型: chain, 最大扩展步数: 2
2025-07-09 08:56:11,416 - INFO - Motif阈值: 0.8, 结构提升阈值: 0.0
2025-07-09 08:56:11,421 - INFO - 步骤 1: 没有找到合适的扩展边
2025-07-09 08:56:11,429 - INFO - 匹配失败，处理时间: 0.0393秒
2025-07-09 08:56:11,429 - INFO - 处理第17/59个anchor
2025-07-09 08:56:11,430 - INFO - 开始处理anchor: ('01332730', '_verb_group', '01207951')
2025-07-09 08:56:11,437 - INFO - 规则类型: chain, 最大扩展步数: 2
2025-07-09 08:56:11,437 - INFO - Motif阈值: 0.8, 结构提升阈值: 0.0
2025-07-09 08:56:11,441 - INFO - 步骤 1: 没有找到合适的扩展边
2025-07-09 08:56:11,449 - INFO - 匹配失败，处理时间: 0.0191秒
2025-07-09 08:56:11,450 - INFO - 处理第18/59个anchor
2025-07-09 08:56:11,451 - INFO - 开始处理anchor: ('01332730', '_derivationally_related_form', '04151940')
2025-07-09 08:56:11,456 - INFO - 规则类型: chain, 最大扩展步数: 2
2025-07-09 08:56:11,457 - INFO - Motif阈值: 0.8, 结构提升阈值: 0.0
2025-07-09 08:56:11,462 - INFO - 步骤 1: 没有找到合适的扩展边
2025-07-09 08:56:11,469 - INFO - 匹配失败，处理时间: 0.0181秒
2025-07-09 08:56:11,470 - INFO - 处理第19/59个anchor
2025-07-09 08:56:11,470 - INFO - 开始处理anchor: ('03122748', '_derivationally_related_form', '01332730')
2025-07-09 08:56:11,475 - INFO - 规则类型: chain, 最大扩展步数: 2
2025-07-09 08:56:11,476 - INFO - Motif阈值: 0.8, 结构提升阈值: 0.0
2025-07-09 08:56:11,481 - INFO - 步骤 1: 没有找到合适的扩展边
2025-07-09 08:56:11,488 - INFO - 匹配失败，处理时间: 0.0169秒
2025-07-09 08:56:11,488 - INFO - 处理第20/59个anchor
2025-07-09 08:56:11,488 - INFO - 开始处理anchor: ('03122748', '_hypernym', '00021939')
2025-07-09 08:56:11,496 - INFO - 规则类型: chain, 最大扩展步数: 2
2025-07-09 08:56:11,496 - INFO - Motif阈值: 0.8, 结构提升阈值: 0.0
2025-07-09 08:56:11,501 - INFO - 步骤 1: 没有找到合适的扩展边
2025-07-09 08:56:11,508 - INFO - 匹配失败，处理时间: 0.0193秒
2025-07-09 08:56:11,508 - INFO - 处理第21/59个anchor
2025-07-09 08:56:11,508 - INFO - 开始处理anchor: ('06066555', '_derivationally_related_form', '00645415')
2025-07-09 08:56:11,517 - INFO - 规则类型: chain, 最大扩展步数: 2
2025-07-09 08:56:11,517 - INFO - Motif阈值: 0.8, 结构提升阈值: 0.0
2025-07-09 08:56:11,568 - INFO - 相似度提升检查: -0.1170 >= 0.0
2025-07-09 08:56:11,568 - INFO - 步骤 1: 相似度提升不足 (-0.1170), 停止扩展
2025-07-09 08:56:11,574 - INFO - 匹配失败，处理时间: 0.0638秒
2025-07-09 08:56:11,574 - INFO - 处理第22/59个anchor
2025-07-09 08:56:11,574 - INFO - 开始处理anchor: ('06066555', '_derivationally_related_form', '09868270')
2025-07-09 08:56:11,581 - INFO - 规则类型: chain, 最大扩展步数: 2
2025-07-09 08:56:11,581 - INFO - Motif阈值: 0.8, 结构提升阈值: 0.0
2025-07-09 08:56:11,623 - INFO - 相似度提升检查: -0.1451 >= 0.0
2025-07-09 08:56:11,624 - INFO - 步骤 1: 相似度提升不足 (-0.1451), 停止扩展
2025-07-09 08:56:11,630 - INFO - 匹配失败，处理时间: 0.0550秒
2025-07-09 08:56:11,630 - INFO - 处理第23/59个anchor
2025-07-09 08:56:11,630 - INFO - 开始处理anchor: ('06066555', '_hypernym', '06037666')
2025-07-09 08:56:11,635 - INFO - 规则类型: chain, 最大扩展步数: 2
2025-07-09 08:56:11,635 - INFO - Motif阈值: 0.8, 结构提升阈值: 0.0
2025-07-09 08:56:11,739 - INFO - 相似度提升检查: -0.1123 >= 0.0
2025-07-09 08:56:11,739 - INFO - 步骤 1: 相似度提升不足 (-0.1123), 停止扩展
2025-07-09 08:56:11,743 - INFO - 匹配失败，处理时间: 0.1122秒
2025-07-09 08:56:11,744 - INFO - 处理第24/59个anchor
2025-07-09 08:56:11,744 - INFO - 开始处理anchor: ('00645415', '_derivationally_related_form', '06066555')
2025-07-09 08:56:11,750 - INFO - 规则类型: chain, 最大扩展步数: 2
2025-07-09 08:56:11,750 - INFO - Motif阈值: 0.8, 结构提升阈值: 0.0
2025-07-09 08:56:11,791 - INFO - 相似度提升检查: -0.1266 >= 0.0
2025-07-09 08:56:11,792 - INFO - 步骤 1: 相似度提升不足 (-0.1266), 停止扩展
2025-07-09 08:56:11,796 - INFO - 匹配失败，处理时间: 0.0512秒
2025-07-09 08:56:11,797 - INFO - 处理第25/59个anchor
2025-07-09 08:56:11,797 - INFO - 开始处理anchor: ('00645415', '_hypernym', '00643473')
2025-07-09 08:56:11,803 - INFO - 规则类型: chain, 最大扩展步数: 2
2025-07-09 08:56:11,804 - INFO - Motif阈值: 0.8, 结构提升阈值: 0.0
2025-07-09 08:56:11,807 - INFO - 相似度提升检查: -0.1266 >= 0.0
2025-07-09 08:56:11,808 - INFO - 步骤 1: 相似度提升不足 (-0.1266), 停止扩展
2025-07-09 08:56:11,813 - INFO - 匹配失败，处理时间: 0.0150秒
2025-07-09 08:56:11,813 - INFO - 处理第26/59个anchor
2025-07-09 08:56:11,813 - INFO - 开始处理anchor: ('09322930', '_instance_hypernym', '09360122')
2025-07-09 08:56:11,820 - INFO - 规则类型: chain, 最大扩展步数: 2
2025-07-09 08:56:11,820 - INFO - Motif阈值: 0.8, 结构提升阈值: 0.0
2025-07-09 08:56:11,823 - INFO - 步骤 1: 没有找到合适的扩展边
2025-07-09 08:56:11,827 - INFO - 匹配失败，处理时间: 0.0128秒
2025-07-09 08:56:11,827 - INFO - 处理第27/59个anchor
2025-07-09 08:56:11,827 - INFO - 开始处理anchor: ('09360122', '_hypernym', '08617963')
2025-07-09 08:56:11,833 - INFO - 规则类型: chain, 最大扩展步数: 2
2025-07-09 08:56:11,833 - INFO - Motif阈值: 0.8, 结构提升阈值: 0.0
2025-07-09 08:56:11,838 - INFO - 步骤 1: 没有找到合适的扩展边
2025-07-09 08:56:11,842 - INFO - 匹配失败，处理时间: 0.0140秒
2025-07-09 08:56:11,843 - INFO - 处理第28/59个anchor
2025-07-09 08:56:11,843 - INFO - 开始处理anchor: ('07193596', '_derivationally_related_form', '00784342')
2025-07-09 08:56:11,849 - INFO - 规则类型: chain, 最大扩展步数: 2
2025-07-09 08:56:11,850 - INFO - Motif阈值: 0.8, 结构提升阈值: 0.0
2025-07-09 08:56:11,853 - INFO - 步骤 1: 没有找到合适的扩展边
2025-07-09 08:56:11,858 - INFO - 匹配失败，处理时间: 0.0148秒
2025-07-09 08:56:11,858 - INFO - 处理第29/59个anchor
2025-07-09 08:56:11,858 - INFO - 开始处理anchor: ('07193596', '_derivationally_related_form', '00788184')
2025-07-09 08:56:11,863 - INFO - 规则类型: chain, 最大扩展步数: 2
2025-07-09 08:56:11,864 - INFO - Motif阈值: 0.8, 结构提升阈值: 0.0
2025-07-09 08:56:11,868 - INFO - 步骤 1: 没有找到合适的扩展边
2025-07-09 08:56:11,873 - INFO - 匹配失败，处理时间: 0.0140秒
2025-07-09 08:56:11,874 - INFO - 处理第30/59个anchor
2025-07-09 08:56:11,874 - INFO - 开始处理anchor: ('07193596', '_hypernym', '07193184')
2025-07-09 08:56:11,878 - INFO - 规则类型: chain, 最大扩展步数: 2
2025-07-09 08:56:11,879 - INFO - Motif阈值: 0.8, 结构提升阈值: 0.0
2025-07-09 08:56:11,883 - INFO - 步骤 1: 没有找到合适的扩展边
2025-07-09 08:56:11,889 - INFO - 匹配失败，处理时间: 0.0156秒
2025-07-09 08:56:11,890 - INFO - 处理第31/59个anchor
2025-07-09 08:56:11,891 - INFO - 开始处理anchor: ('07193596', '_derivationally_related_form', '00808855')
2025-07-09 08:56:11,895 - INFO - 规则类型: chain, 最大扩展步数: 2
2025-07-09 08:56:11,896 - INFO - Motif阈值: 0.8, 结构提升阈值: 0.0
2025-07-09 08:56:11,898 - INFO - 步骤 1: 没有找到合适的扩展边
2025-07-09 08:56:11,904 - INFO - 匹配失败，处理时间: 0.0137秒
2025-07-09 08:56:11,905 - INFO - 处理第32/59个anchor
2025-07-09 08:56:11,906 - INFO - 开始处理anchor: ('07193596', '_derivationally_related_form', '00785008')
2025-07-09 08:56:11,909 - INFO - 规则类型: chain, 最大扩展步数: 2
2025-07-09 08:56:11,910 - INFO - Motif阈值: 0.8, 结构提升阈值: 0.0
2025-07-09 08:56:11,912 - INFO - 步骤 1: 没有找到合适的扩展边
2025-07-09 08:56:11,919 - INFO - 匹配失败，处理时间: 0.0131秒
2025-07-09 08:56:11,919 - INFO - 处理第33/59个anchor
2025-07-09 08:56:11,919 - INFO - 开始处理anchor: ('00784342', '_derivationally_related_form', '10207831')
2025-07-09 08:56:11,923 - INFO - 规则类型: chain, 最大扩展步数: 2
2025-07-09 08:56:11,923 - INFO - Motif阈值: 0.8, 结构提升阈值: 0.0
2025-07-09 08:56:11,926 - INFO - 步骤 1: 没有找到合适的扩展边
2025-07-09 08:56:11,931 - INFO - 匹配失败，处理时间: 0.0120秒
2025-07-09 08:56:11,932 - INFO - 处理第34/59个anchor
2025-07-09 08:56:11,932 - INFO - 开始处理anchor: ('00784342', '_hypernym', '00740577')
2025-07-09 08:56:11,939 - INFO - 规则类型: chain, 最大扩展步数: 2
2025-07-09 08:56:11,939 - INFO - Motif阈值: 0.8, 结构提升阈值: 0.0
2025-07-09 08:56:11,941 - INFO - 步骤 1: 没有找到合适的扩展边
2025-07-09 08:56:11,948 - INFO - 匹配失败，处理时间: 0.0154秒
2025-07-09 08:56:11,948 - INFO - 处理第35/59个anchor
2025-07-09 08:56:11,948 - INFO - 开始处理anchor: ('00784342', '_derivationally_related_form', '07193596')
2025-07-09 08:56:11,955 - INFO - 规则类型: chain, 最大扩展步数: 2
2025-07-09 08:56:11,956 - INFO - Motif阈值: 0.8, 结构提升阈值: 0.0
2025-07-09 08:56:11,957 - INFO - 步骤 1: 没有找到合适的扩展边
2025-07-09 08:56:11,963 - INFO - 匹配失败，处理时间: 0.0150秒
2025-07-09 08:56:11,963 - INFO - 处理第36/59个anchor
2025-07-09 08:56:11,963 - INFO - 开始处理anchor: ('00784342', '_verb_group', '00897746')
2025-07-09 08:56:11,970 - INFO - 规则类型: chain, 最大扩展步数: 2
2025-07-09 08:56:11,970 - INFO - Motif阈值: 0.8, 结构提升阈值: 0.0
2025-07-09 08:56:11,973 - INFO - 步骤 1: 没有找到合适的扩展边
2025-07-09 08:56:11,977 - INFO - 匹配失败，处理时间: 0.0131秒
2025-07-09 08:56:11,978 - INFO - 处理第37/59个anchor
2025-07-09 08:56:11,978 - INFO - 开始处理anchor: ('00784342', '_derivationally_related_form', '07193184')
2025-07-09 08:56:11,983 - INFO - 规则类型: chain, 最大扩展步数: 2
2025-07-09 08:56:11,985 - INFO - Motif阈值: 0.8, 结构提升阈值: 0.0
2025-07-09 08:56:11,986 - INFO - 步骤 1: 没有找到合适的扩展边
2025-07-09 08:56:11,991 - INFO - 匹配失败，处理时间: 0.0130秒
2025-07-09 08:56:11,991 - INFO - 处理第38/59个anchor
2025-07-09 08:56:11,992 - INFO - 开始处理anchor: ('00784342', '_verb_group', '00784727')
2025-07-09 08:56:11,997 - INFO - 规则类型: chain, 最大扩展步数: 2
2025-07-09 08:56:11,998 - INFO - Motif阈值: 0.8, 结构提升阈值: 0.0
2025-07-09 08:56:12,001 - INFO - 步骤 1: 没有找到合适的扩展边
2025-07-09 08:56:12,007 - INFO - 匹配失败，处理时间: 0.0150秒
2025-07-09 08:56:12,008 - INFO - 处理第39/59个anchor
2025-07-09 08:56:12,008 - INFO - 开始处理anchor: ('01768969', '_derivationally_related_form', '02636811')
2025-07-09 08:56:12,014 - INFO - 规则类型: chain, 最大扩展步数: 2
2025-07-09 08:56:12,014 - INFO - Motif阈值: 0.8, 结构提升阈值: 0.0
2025-07-09 08:56:12,018 - INFO - 相似度提升检查: -0.1101 >= 0.0
2025-07-09 08:56:12,019 - INFO - 步骤 1: 相似度提升不足 (-0.1101), 停止扩展
2025-07-09 08:56:12,024 - INFO - 匹配失败，处理时间: 0.0154秒
2025-07-09 08:56:12,024 - INFO - 处理第40/59个anchor
2025-07-09 08:56:12,025 - INFO - 开始处理anchor: ('01768969', '_hypernym', '08103777')
2025-07-09 08:56:12,029 - INFO - 规则类型: chain, 最大扩展步数: 2
2025-07-09 08:56:12,030 - INFO - Motif阈值: 0.8, 结构提升阈值: 0.0
2025-07-09 08:56:12,038 - INFO - 相似度提升检查: -0.1232 >= 0.0
2025-07-09 08:56:12,039 - INFO - 步骤 1: 相似度提升不足 (-0.1232), 停止扩展
2025-07-09 08:56:12,044 - INFO - 匹配失败，处理时间: 0.0200秒
2025-07-09 08:56:12,044 - INFO - 处理第41/59个anchor
2025-07-09 08:56:12,044 - INFO - 开始处理anchor: ('01768969', '_member_meronym', '01775879')
2025-07-09 08:56:12,050 - INFO - 规则类型: chain, 最大扩展步数: 2
2025-07-09 08:56:12,051 - INFO - Motif阈值: 0.8, 结构提升阈值: 0.0
2025-07-09 08:56:12,053 - INFO - 步骤 1: 没有找到合适的扩展边
2025-07-09 08:56:12,059 - INFO - 匹配失败，处理时间: 0.0132秒
2025-07-09 08:56:12,059 - INFO - 处理第42/59个anchor
2025-07-09 08:56:12,059 - INFO - 开始处理anchor: ('01768969', '_member_meronym', '01771966')
2025-07-09 08:56:12,065 - INFO - 规则类型: chain, 最大扩展步数: 2
2025-07-09 08:56:12,065 - INFO - Motif阈值: 0.8, 结构提升阈值: 0.0
2025-07-09 08:56:12,070 - INFO - 步骤 1: 没有找到合适的扩展边
2025-07-09 08:56:12,075 - INFO - 匹配失败，处理时间: 0.0160秒
2025-07-09 08:56:12,076 - INFO - 处理第43/59个anchor
2025-07-09 08:56:12,076 - INFO - 开始处理anchor: ('01768969', '_member_meronym', '01769347')
2025-07-09 08:56:12,081 - INFO - 规则类型: chain, 最大扩展步数: 2
2025-07-09 08:56:12,081 - INFO - Motif阈值: 0.8, 结构提升阈值: 0.0
2025-07-09 08:56:12,086 - INFO - 步骤 1: 没有找到合适的扩展边
2025-07-09 08:56:12,090 - INFO - 匹配失败，处理时间: 0.0145秒
2025-07-09 08:56:12,092 - INFO - 处理第44/59个anchor
2025-07-09 08:56:12,092 - INFO - 开始处理anchor: ('01768969', '_member_meronym', '01770553')
2025-07-09 08:56:12,096 - INFO - 规则类型: chain, 最大扩展步数: 2
2025-07-09 08:56:12,096 - INFO - Motif阈值: 0.8, 结构提升阈值: 0.0
2025-07-09 08:56:12,099 - INFO - 步骤 1: 没有找到合适的扩展边
2025-07-09 08:56:12,105 - INFO - 匹配失败，处理时间: 0.0137秒
2025-07-09 08:56:12,106 - INFO - 处理第45/59个anchor
2025-07-09 08:56:12,106 - INFO - 开始处理anchor: ('01768969', '_member_meronym', '01769635')
2025-07-09 08:56:12,112 - INFO - 规则类型: chain, 最大扩展步数: 2
2025-07-09 08:56:12,112 - INFO - Motif阈值: 0.8, 结构提升阈值: 0.0
2025-07-09 08:56:12,115 - INFO - 步骤 1: 没有找到合适的扩展边
2025-07-09 08:56:12,121 - INFO - 匹配失败，处理时间: 0.0141秒
2025-07-09 08:56:12,122 - INFO - 处理第46/59个anchor
2025-07-09 08:56:12,122 - INFO - 开始处理anchor: ('02636811', '_derivationally_related_form', '01769347')
2025-07-09 08:56:12,125 - INFO - 规则类型: chain, 最大扩展步数: 2
2025-07-09 08:56:12,126 - INFO - Motif阈值: 0.8, 结构提升阈值: 0.0
2025-07-09 08:56:12,130 - INFO - 相似度提升检查: -0.1489 >= 0.0
2025-07-09 08:56:12,131 - INFO - 步骤 1: 相似度提升不足 (-0.1489), 停止扩展
2025-07-09 08:56:12,137 - INFO - 匹配失败，处理时间: 0.0159秒
2025-07-09 08:56:12,138 - INFO - 处理第47/59个anchor
2025-07-09 08:56:12,138 - INFO - 开始处理anchor: ('02636811', '_derivationally_related_form', '01768969')
2025-07-09 08:56:12,142 - INFO - 规则类型: chain, 最大扩展步数: 2
2025-07-09 08:56:12,143 - INFO - Motif阈值: 0.8, 结构提升阈值: 0.0
2025-07-09 08:56:12,146 - INFO - 相似度提升检查: -0.1606 >= 0.0
2025-07-09 08:56:12,147 - INFO - 步骤 1: 相似度提升不足 (-0.1606), 停止扩展
2025-07-09 08:56:12,152 - INFO - 匹配失败，处理时间: 0.0140秒
2025-07-09 08:56:12,154 - INFO - 处理第48/59个anchor
2025-07-09 08:56:12,154 - INFO - 开始处理anchor: ('02636811', '_derivationally_related_form', '01772222')
2025-07-09 08:56:12,157 - INFO - 规则类型: chain, 最大扩展步数: 2
2025-07-09 08:56:12,158 - INFO - Motif阈值: 0.8, 结构提升阈值: 0.0
2025-07-09 08:56:12,162 - INFO - 相似度提升检查: -0.1015 >= 0.0
2025-07-09 08:56:12,163 - INFO - 步骤 1: 相似度提升不足 (-0.1015), 停止扩展
2025-07-09 08:56:12,169 - INFO - 匹配失败，处理时间: 0.0157秒
2025-07-09 08:56:12,170 - INFO - 处理第49/59个anchor
2025-07-09 08:56:12,170 - INFO - 开始处理anchor: ('01455754', '_hypernym', '01974062')
2025-07-09 08:56:12,174 - INFO - 规则类型: chain, 最大扩展步数: 2
2025-07-09 08:56:12,174 - INFO - Motif阈值: 0.8, 结构提升阈值: 0.0
2025-07-09 08:56:12,181 - INFO - 相似度提升检查: -0.1527 >= 0.0
2025-07-09 08:56:12,182 - INFO - 步骤 1: 相似度提升不足 (-0.1527), 停止扩展
2025-07-09 08:56:12,186 - INFO - 匹配失败，处理时间: 0.0160秒
2025-07-09 08:56:12,187 - INFO - 处理第50/59个anchor
2025-07-09 08:56:12,188 - INFO - 开始处理anchor: ('01974062', '_derivationally_related_form', '09206985')
2025-07-09 08:56:12,191 - INFO - 规则类型: chain, 最大扩展步数: 2
2025-07-09 08:56:12,192 - INFO - Motif阈值: 0.8, 结构提升阈值: 0.0
2025-07-09 08:56:12,199 - INFO - 相似度提升检查: -0.1604 >= 0.0
2025-07-09 08:56:12,200 - INFO - 步骤 1: 相似度提升不足 (-0.1604), 停止扩展
2025-07-09 08:56:12,205 - INFO - 匹配失败，处理时间: 0.0177秒
2025-07-09 08:56:12,205 - INFO - 处理第51/59个anchor
2025-07-09 08:56:12,206 - INFO - 开始处理anchor: ('01974062', '_derivationally_related_form', '07348399')
2025-07-09 08:56:12,211 - INFO - 规则类型: chain, 最大扩展步数: 2
2025-07-09 08:56:12,212 - INFO - Motif阈值: 0.8, 结构提升阈值: 0.0
2025-07-09 08:56:12,221 - INFO - 相似度提升检查: -0.1552 >= 0.0
2025-07-09 08:56:12,221 - INFO - 步骤 1: 相似度提升不足 (-0.1552), 停止扩展
2025-07-09 08:56:12,227 - INFO - 匹配失败，处理时间: 0.0204秒
2025-07-09 08:56:12,227 - INFO - 处理第52/59个anchor
2025-07-09 08:56:12,227 - INFO - 开始处理anchor: ('01974062', '_derivationally_related_form', '10773394')
2025-07-09 08:56:12,232 - INFO - 规则类型: chain, 最大扩展步数: 2
2025-07-09 08:56:12,232 - INFO - Motif阈值: 0.8, 结构提升阈值: 0.0
2025-07-09 08:56:12,241 - INFO - 相似度提升检查: -0.1416 >= 0.0
2025-07-09 08:56:12,241 - INFO - 步骤 1: 相似度提升不足 (-0.1416), 停止扩展
2025-07-09 08:56:12,246 - INFO - 匹配失败，处理时间: 0.0200秒
2025-07-09 08:56:12,248 - INFO - 处理第53/59个anchor
2025-07-09 08:56:12,248 - INFO - 开始处理anchor: ('01974062', '_derivationally_related_form', '07370671')
2025-07-09 08:56:12,255 - INFO - 规则类型: chain, 最大扩展步数: 2
2025-07-09 08:56:12,256 - INFO - Motif阈值: 0.8, 结构提升阈值: 0.0
2025-07-09 08:56:12,262 - INFO - 相似度提升检查: -0.1245 >= 0.0
2025-07-09 08:56:12,263 - INFO - 步骤 1: 相似度提升不足 (-0.1245), 停止扩展
2025-07-09 08:56:12,271 - INFO - 匹配失败，处理时间: 0.0220秒
2025-07-09 08:56:12,272 - INFO - 处理第54/59个anchor
2025-07-09 08:56:12,272 - INFO - 开始处理anchor: ('01974062', '_derivationally_related_form', '00116376')
2025-07-09 08:56:12,277 - INFO - 规则类型: chain, 最大扩展步数: 2
2025-07-09 08:56:12,278 - INFO - Motif阈值: 0.8, 结构提升阈值: 0.0
2025-07-09 08:56:12,287 - INFO - 相似度提升检查: -0.1500 >= 0.0
2025-07-09 08:56:12,287 - INFO - 步骤 1: 相似度提升不足 (-0.1500), 停止扩展
2025-07-09 08:56:12,291 - INFO - 匹配失败，处理时间: 0.0189秒
2025-07-09 08:56:12,292 - INFO - 处理第55/59个anchor
2025-07-09 08:56:12,292 - INFO - 开始处理anchor: ('01974062', '_derivationally_related_form', '04231693')
2025-07-09 08:56:12,298 - INFO - 规则类型: chain, 最大扩展步数: 2
2025-07-09 08:56:12,299 - INFO - Motif阈值: 0.8, 结构提升阈值: 0.0
2025-07-09 08:56:12,306 - INFO - 相似度提升检查: -0.1336 >= 0.0
2025-07-09 08:56:12,306 - INFO - 步骤 1: 相似度提升不足 (-0.1336), 停止扩展
2025-07-09 08:56:12,312 - INFO - 匹配失败，处理时间: 0.0197秒
2025-07-09 08:56:12,312 - INFO - 处理第56/59个anchor
2025-07-09 08:56:12,313 - INFO - 开始处理anchor: ('01974062', '_derivationally_related_form', '09366317')
2025-07-09 08:56:12,321 - INFO - 规则类型: chain, 最大扩展步数: 2
2025-07-09 08:56:12,321 - INFO - Motif阈值: 0.8, 结构提升阈值: 0.0
2025-07-09 08:56:12,327 - INFO - 相似度提升检查: -0.1129 >= 0.0
2025-07-09 08:56:12,328 - INFO - 步骤 1: 相似度提升不足 (-0.1129), 停止扩展
2025-07-09 08:56:12,335 - INFO - 匹配失败，处理时间: 0.0225秒
2025-07-09 08:56:12,337 - INFO - 处理第57/59个anchor
2025-07-09 08:56:12,337 - INFO - 开始处理anchor: ('01974062', '_derivationally_related_form', '03281145')
2025-07-09 08:56:12,341 - INFO - 规则类型: chain, 最大扩展步数: 2
2025-07-09 08:56:12,341 - INFO - Motif阈值: 0.8, 结构提升阈值: 0.0
2025-07-09 08:56:12,348 - INFO - 相似度提升检查: -0.1295 >= 0.0
2025-07-09 08:56:12,349 - INFO - 步骤 1: 相似度提升不足 (-0.1295), 停止扩展
2025-07-09 08:56:12,355 - INFO - 匹配失败，处理时间: 0.0188秒
2025-07-09 08:56:12,356 - INFO - 处理第58/59个anchor
2025-07-09 08:56:12,357 - INFO - 开始处理anchor: ('01974062', '_derivationally_related_form', '05131283')
2025-07-09 08:56:12,362 - INFO - 规则类型: chain, 最大扩展步数: 2
2025-07-09 08:56:12,362 - INFO - Motif阈值: 0.8, 结构提升阈值: 0.0
2025-07-09 08:56:12,370 - INFO - 相似度提升检查: -0.1100 >= 0.0
2025-07-09 08:56:12,372 - INFO - 步骤 1: 相似度提升不足 (-0.1100), 停止扩展
2025-07-09 08:56:12,376 - INFO - 匹配失败，处理时间: 0.0188秒
2025-07-09 08:56:12,376 - INFO - 处理第59/59个anchor
2025-07-09 08:56:12,376 - INFO - 开始处理anchor: ('01974062', '_derivationally_related_form', '00316594')
2025-07-09 08:56:12,384 - INFO - 规则类型: chain, 最大扩展步数: 2
2025-07-09 08:56:12,384 - INFO - Motif阈值: 0.8, 结构提升阈值: 0.0
2025-07-09 08:56:12,391 - INFO - 相似度提升检查: -0.0935 >= 0.0
2025-07-09 08:56:12,391 - INFO - 步骤 1: 相似度提升不足 (-0.0935), 停止扩展
2025-07-09 08:56:12,399 - INFO - 匹配失败，处理时间: 0.0219秒
2025-07-09 08:56:12,399 - INFO - 批量匹配完成: 0/59 成功匹配
2025-07-09 08:56:12,399 - INFO - 开始批量匹配，共100个anchor，规则ID: rule_002
2025-07-09 08:56:12,400 - INFO - 规则关系类型: {'_synset_domain_topic_of', '_also_see'}
2025-07-09 08:56:12,401 - INFO - 原始anchor数量: 100
2025-07-09 08:56:12,401 - INFO - 优先关系anchor: 9, 其他关系anchor: 50
2025-07-09 08:56:12,401 - INFO - 筛选后总anchor数量: 59
2025-07-09 08:56:12,402 - INFO - 智能筛选后，保留59个相关anchor
2025-07-09 08:56:12,402 - INFO - 处理第1/59个anchor
2025-07-09 08:56:12,402 - INFO - 开始处理anchor: ('00260881', '_synset_domain_topic_of', '01124794')
2025-07-09 08:56:12,408 - INFO - 规则类型: chain, 最大扩展步数: 2
2025-07-09 08:56:12,408 - INFO - Motif阈值: 0.8, 结构提升阈值: 0.0
2025-07-09 08:56:12,444 - INFO - 相似度提升检查: -0.1286 >= 0.0
2025-07-09 08:56:12,444 - INFO - 步骤 1: 相似度提升不足 (-0.1286), 停止扩展
2025-07-09 08:56:12,451 - INFO - 匹配失败，处理时间: 0.0481秒
2025-07-09 08:56:12,451 - INFO - 处理第2/59个anchor
2025-07-09 08:56:12,452 - INFO - 开始处理anchor: ('02636811', '_synset_domain_topic_of', '06083243')
2025-07-09 08:56:12,458 - INFO - 规则类型: chain, 最大扩展步数: 2
2025-07-09 08:56:12,459 - INFO - Motif阈值: 0.8, 结构提升阈值: 0.0
2025-07-09 08:56:12,493 - INFO - 相似度提升检查: -0.1780 >= 0.0
2025-07-09 08:56:12,493 - INFO - 步骤 1: 相似度提升不足 (-0.1780), 停止扩展
2025-07-09 08:56:12,499 - INFO - 匹配失败，处理时间: 0.0466秒
2025-07-09 08:56:12,500 - INFO - 处理第3/59个anchor
2025-07-09 08:56:12,500 - INFO - 开始处理anchor: ('01974062', '_also_see', '01976089')
2025-07-09 08:56:12,507 - INFO - 规则类型: chain, 最大扩展步数: 2
2025-07-09 08:56:12,507 - INFO - Motif阈值: 0.8, 结构提升阈值: 0.0
2025-07-09 08:56:12,570 - INFO - 相似度提升检查: -0.1147 >= 0.0
2025-07-09 08:56:12,571 - INFO - 步骤 1: 相似度提升不足 (-0.1147), 停止扩展
2025-07-09 08:56:12,576 - INFO - 匹配失败，处理时间: 0.0749秒
2025-07-09 08:56:12,576 - INFO - 处理第4/59个anchor
2025-07-09 08:56:12,577 - INFO - 开始处理anchor: ('00057306', '_synset_domain_topic_of', '08199025')
2025-07-09 08:56:12,583 - INFO - 规则类型: chain, 最大扩展步数: 2
2025-07-09 08:56:12,584 - INFO - Motif阈值: 0.8, 结构提升阈值: 0.0
2025-07-09 08:56:12,914 - INFO - 相似度提升检查: -0.1253 >= 0.0
2025-07-09 08:56:12,915 - INFO - 步骤 1: 相似度提升不足 (-0.1253), 停止扩展
2025-07-09 08:56:12,920 - INFO - 匹配失败，处理时间: 0.3418秒
2025-07-09 08:56:12,920 - INFO - 处理第5/59个anchor
2025-07-09 08:56:12,920 - INFO - 开始处理anchor: ('00056912', '_synset_domain_topic_of', '08199025')
2025-07-09 08:56:12,926 - INFO - 规则类型: chain, 最大扩展步数: 2
2025-07-09 08:56:12,928 - INFO - Motif阈值: 0.8, 结构提升阈值: 0.0
2025-07-09 08:56:13,257 - INFO - 相似度提升检查: -0.1162 >= 0.0
2025-07-09 08:56:13,257 - INFO - 步骤 1: 相似度提升不足 (-0.1162), 停止扩展
2025-07-09 08:56:13,261 - INFO - 匹配失败，处理时间: 0.3410秒
2025-07-09 08:56:13,261 - INFO - 处理第6/59个anchor
2025-07-09 08:56:13,262 - INFO - 开始处理anchor: ('10341660', '_synset_domain_topic_of', '06037666')
2025-07-09 08:56:13,268 - INFO - 规则类型: chain, 最大扩展步数: 2
2025-07-09 08:56:13,269 - INFO - Motif阈值: 0.8, 结构提升阈值: 0.0
2025-07-09 08:56:13,375 - INFO - 相似度提升检查: -0.1387 >= 0.0
2025-07-09 08:56:13,375 - INFO - 步骤 1: 相似度提升不足 (-0.1387), 停止扩展
2025-07-09 08:56:13,380 - INFO - 匹配失败，处理时间: 0.1172秒
2025-07-09 08:56:13,380 - INFO - 处理第7/59个anchor
2025-07-09 08:56:13,381 - INFO - 开始处理anchor: ('01698271', '_also_see', '01754576')
2025-07-09 08:56:13,387 - INFO - 规则类型: chain, 最大扩展步数: 2
2025-07-09 08:56:13,387 - INFO - Motif阈值: 0.8, 结构提升阈值: 0.0
2025-07-09 08:56:13,426 - INFO - 相似度提升检查: -0.1273 >= 0.0
2025-07-09 08:56:13,426 - INFO - 步骤 1: 相似度提升不足 (-0.1273), 停止扩展
2025-07-09 08:56:13,433 - INFO - 匹配失败，处理时间: 0.0519秒
2025-07-09 08:56:13,434 - INFO - 处理第8/59个anchor
2025-07-09 08:56:13,434 - INFO - 开始处理anchor: ('01698271', '_synset_domain_topic_of', '00929718')
2025-07-09 08:56:13,439 - INFO - 规则类型: chain, 最大扩展步数: 2
2025-07-09 08:56:13,439 - INFO - Motif阈值: 0.8, 结构提升阈值: 0.0
2025-07-09 08:56:13,512 - INFO - 相似度提升检查: -0.1230 >= 0.0
2025-07-09 08:56:13,512 - INFO - 步骤 1: 相似度提升不足 (-0.1230), 停止扩展
2025-07-09 08:56:13,517 - INFO - 匹配失败，处理时间: 0.0835秒
2025-07-09 08:56:13,517 - INFO - 处理第9/59个anchor
2025-07-09 08:56:13,518 - INFO - 开始处理anchor: ('01754576', '_synset_domain_topic_of', '00929718')
2025-07-09 08:56:13,523 - INFO - 规则类型: chain, 最大扩展步数: 2
2025-07-09 08:56:13,523 - INFO - Motif阈值: 0.8, 结构提升阈值: 0.0
2025-07-09 08:56:13,567 - INFO - 相似度提升检查: -0.1444 >= 0.0
2025-07-09 08:56:13,568 - INFO - 步骤 1: 相似度提升不足 (-0.1444), 停止扩展
2025-07-09 08:56:13,574 - INFO - 匹配失败，处理时间: 0.0553秒
2025-07-09 08:56:13,574 - INFO - 处理第10/59个anchor
2025-07-09 08:56:13,575 - INFO - 开始处理anchor: ('00260881', '_hypernym', '00260622')
2025-07-09 08:56:13,584 - INFO - 规则类型: chain, 最大扩展步数: 2
2025-07-09 08:56:13,585 - INFO - Motif阈值: 0.8, 结构提升阈值: 0.0
2025-07-09 08:56:13,588 - INFO - 相似度提升检查: -0.1862 >= 0.0
2025-07-09 08:56:13,589 - INFO - 步骤 1: 相似度提升不足 (-0.1862), 停止扩展
2025-07-09 08:56:13,596 - INFO - 匹配失败，处理时间: 0.0209秒
2025-07-09 08:56:13,596 - INFO - 处理第11/59个anchor
2025-07-09 08:56:13,597 - INFO - 开始处理anchor: ('00260622', '_derivationally_related_form', '00265386')
2025-07-09 08:56:13,605 - INFO - 规则类型: chain, 最大扩展步数: 2
2025-07-09 08:56:13,605 - INFO - Motif阈值: 0.8, 结构提升阈值: 0.0
2025-07-09 08:56:13,608 - INFO - 步骤 1: 没有找到合适的扩展边
2025-07-09 08:56:13,616 - INFO - 匹配失败，处理时间: 0.0170秒
2025-07-09 08:56:13,617 - INFO - 处理第12/59个anchor
2025-07-09 08:56:13,617 - INFO - 开始处理anchor: ('00260622', '_hypernym', '00248977')
2025-07-09 08:56:13,623 - INFO - 规则类型: chain, 最大扩展步数: 2
2025-07-09 08:56:13,624 - INFO - Motif阈值: 0.8, 结构提升阈值: 0.0
2025-07-09 08:56:13,628 - INFO - 步骤 1: 没有找到合适的扩展边
2025-07-09 08:56:13,636 - INFO - 匹配失败，处理时间: 0.0183秒
2025-07-09 08:56:13,637 - INFO - 处理第13/59个anchor
2025-07-09 08:56:13,637 - INFO - 开始处理anchor: ('00260622', '_derivationally_related_form', '00265673')
2025-07-09 08:56:13,643 - INFO - 规则类型: chain, 最大扩展步数: 2
2025-07-09 08:56:13,643 - INFO - Motif阈值: 0.8, 结构提升阈值: 0.0
2025-07-09 08:56:13,646 - INFO - 步骤 1: 没有找到合适的扩展边
2025-07-09 08:56:13,654 - INFO - 匹配失败，处理时间: 0.0170秒
2025-07-09 08:56:13,654 - INFO - 处理第14/59个anchor
2025-07-09 08:56:13,655 - INFO - 开始处理anchor: ('01332730', '_derivationally_related_form', '03122748')
2025-07-09 08:56:13,665 - INFO - 规则类型: chain, 最大扩展步数: 2
2025-07-09 08:56:13,666 - INFO - Motif阈值: 0.8, 结构提升阈值: 0.0
2025-07-09 08:56:13,671 - INFO - 步骤 1: 没有找到合适的扩展边
2025-07-09 08:56:13,678 - INFO - 匹配失败，处理时间: 0.0229秒
2025-07-09 08:56:13,679 - INFO - 处理第15/59个anchor
2025-07-09 08:56:13,679 - INFO - 开始处理anchor: ('01332730', '_derivationally_related_form', '02840619')
2025-07-09 08:56:13,687 - INFO - 规则类型: chain, 最大扩展步数: 2
2025-07-09 08:56:13,688 - INFO - Motif阈值: 0.8, 结构提升阈值: 0.0
2025-07-09 08:56:13,692 - INFO - 步骤 1: 没有找到合适的扩展边
2025-07-09 08:56:13,700 - INFO - 匹配失败，处理时间: 0.0199秒
2025-07-09 08:56:13,701 - INFO - 处理第16/59个anchor
2025-07-09 08:56:13,701 - INFO - 开始处理anchor: ('01332730', '_verb_group', '01336635')
2025-07-09 08:56:13,707 - INFO - 规则类型: chain, 最大扩展步数: 2
2025-07-09 08:56:13,708 - INFO - Motif阈值: 0.8, 结构提升阈值: 0.0
2025-07-09 08:56:13,712 - INFO - 步骤 1: 没有找到合适的扩展边
2025-07-09 08:56:13,720 - INFO - 匹配失败，处理时间: 0.0183秒
2025-07-09 08:56:13,721 - INFO - 处理第17/59个anchor
2025-07-09 08:56:13,721 - INFO - 开始处理anchor: ('01332730', '_verb_group', '01207951')
2025-07-09 08:56:13,727 - INFO - 规则类型: chain, 最大扩展步数: 2
2025-07-09 08:56:13,728 - INFO - Motif阈值: 0.8, 结构提升阈值: 0.0
2025-07-09 08:56:13,733 - INFO - 步骤 1: 没有找到合适的扩展边
2025-07-09 08:56:13,740 - INFO - 匹配失败，处理时间: 0.0188秒
2025-07-09 08:56:13,740 - INFO - 处理第18/59个anchor
2025-07-09 08:56:13,740 - INFO - 开始处理anchor: ('01332730', '_derivationally_related_form', '04151940')
2025-07-09 08:56:13,747 - INFO - 规则类型: chain, 最大扩展步数: 2
2025-07-09 08:56:13,747 - INFO - Motif阈值: 0.8, 结构提升阈值: 0.0
2025-07-09 08:56:13,752 - INFO - 步骤 1: 没有找到合适的扩展边
2025-07-09 08:56:13,758 - INFO - 匹配失败，处理时间: 0.0170秒
2025-07-09 08:56:13,759 - INFO - 处理第19/59个anchor
2025-07-09 08:56:13,759 - INFO - 开始处理anchor: ('03122748', '_derivationally_related_form', '01332730')
2025-07-09 08:56:13,766 - INFO - 规则类型: chain, 最大扩展步数: 2
2025-07-09 08:56:13,767 - INFO - Motif阈值: 0.8, 结构提升阈值: 0.0
2025-07-09 08:56:13,770 - INFO - 步骤 1: 没有找到合适的扩展边
2025-07-09 08:56:13,775 - INFO - 匹配失败，处理时间: 0.0155秒
2025-07-09 08:56:13,776 - INFO - 处理第20/59个anchor
2025-07-09 08:56:13,776 - INFO - 开始处理anchor: ('03122748', '_hypernym', '00021939')
2025-07-09 08:56:13,784 - INFO - 规则类型: chain, 最大扩展步数: 2
2025-07-09 08:56:13,785 - INFO - Motif阈值: 0.8, 结构提升阈值: 0.0
2025-07-09 08:56:13,788 - INFO - 步骤 1: 没有找到合适的扩展边
2025-07-09 08:56:13,794 - INFO - 匹配失败，处理时间: 0.0170秒
2025-07-09 08:56:13,794 - INFO - 处理第21/59个anchor
2025-07-09 08:56:13,794 - INFO - 开始处理anchor: ('06066555', '_derivationally_related_form', '00645415')
2025-07-09 08:56:13,802 - INFO - 规则类型: chain, 最大扩展步数: 2
2025-07-09 08:56:13,803 - INFO - Motif阈值: 0.8, 结构提升阈值: 0.0
2025-07-09 08:56:13,847 - INFO - 相似度提升检查: -0.1334 >= 0.0
2025-07-09 08:56:13,848 - INFO - 步骤 1: 相似度提升不足 (-0.1334), 停止扩展
2025-07-09 08:56:13,854 - INFO - 匹配失败，处理时间: 0.0597秒
2025-07-09 08:56:13,855 - INFO - 处理第22/59个anchor
2025-07-09 08:56:13,855 - INFO - 开始处理anchor: ('06066555', '_derivationally_related_form', '09868270')
2025-07-09 08:56:13,861 - INFO - 规则类型: chain, 最大扩展步数: 2
2025-07-09 08:56:13,861 - INFO - Motif阈值: 0.8, 结构提升阈值: 0.0
2025-07-09 08:56:13,905 - INFO - 相似度提升检查: -0.1298 >= 0.0
2025-07-09 08:56:13,906 - INFO - 步骤 1: 相似度提升不足 (-0.1298), 停止扩展
2025-07-09 08:56:13,911 - INFO - 匹配失败，处理时间: 0.0559秒
2025-07-09 08:56:13,911 - INFO - 处理第23/59个anchor
2025-07-09 08:56:13,912 - INFO - 开始处理anchor: ('06066555', '_hypernym', '06037666')
2025-07-09 08:56:13,919 - INFO - 规则类型: chain, 最大扩展步数: 2
2025-07-09 08:56:13,920 - INFO - Motif阈值: 0.8, 结构提升阈值: 0.0
2025-07-09 08:56:14,019 - INFO - 相似度提升检查: -0.1274 >= 0.0
2025-07-09 08:56:14,019 - INFO - 步骤 1: 相似度提升不足 (-0.1274), 停止扩展
2025-07-09 08:56:14,025 - INFO - 匹配失败，处理时间: 0.1116秒
2025-07-09 08:56:14,025 - INFO - 处理第24/59个anchor
2025-07-09 08:56:14,025 - INFO - 开始处理anchor: ('00645415', '_derivationally_related_form', '06066555')
2025-07-09 08:56:14,032 - INFO - 规则类型: chain, 最大扩展步数: 2
2025-07-09 08:56:14,032 - INFO - Motif阈值: 0.8, 结构提升阈值: 0.0
2025-07-09 08:56:14,082 - INFO - 相似度提升检查: -0.1345 >= 0.0
2025-07-09 08:56:14,082 - INFO - 步骤 1: 相似度提升不足 (-0.1345), 停止扩展
2025-07-09 08:56:14,087 - INFO - 匹配失败，处理时间: 0.0620秒
2025-07-09 08:56:14,087 - INFO - 处理第25/59个anchor
2025-07-09 08:56:14,087 - INFO - 开始处理anchor: ('00645415', '_hypernym', '00643473')
2025-07-09 08:56:14,093 - INFO - 规则类型: chain, 最大扩展步数: 2
2025-07-09 08:56:14,093 - INFO - Motif阈值: 0.8, 结构提升阈值: 0.0
2025-07-09 08:56:14,098 - INFO - 相似度提升检查: -0.1134 >= 0.0
2025-07-09 08:56:14,099 - INFO - 步骤 1: 相似度提升不足 (-0.1134), 停止扩展
2025-07-09 08:56:14,105 - INFO - 匹配失败，处理时间: 0.0175秒
2025-07-09 08:56:14,105 - INFO - 处理第26/59个anchor
2025-07-09 08:56:14,106 - INFO - 开始处理anchor: ('09322930', '_instance_hypernym', '09360122')
2025-07-09 08:56:14,112 - INFO - 规则类型: chain, 最大扩展步数: 2
2025-07-09 08:56:14,113 - INFO - Motif阈值: 0.8, 结构提升阈值: 0.0
2025-07-09 08:56:14,117 - INFO - 步骤 1: 没有找到合适的扩展边
2025-07-09 08:56:14,123 - INFO - 匹配失败，处理时间: 0.0170秒
2025-07-09 08:56:14,123 - INFO - 处理第27/59个anchor
2025-07-09 08:56:14,123 - INFO - 开始处理anchor: ('09360122', '_hypernym', '08617963')
2025-07-09 08:56:14,130 - INFO - 规则类型: chain, 最大扩展步数: 2
2025-07-09 08:56:14,130 - INFO - Motif阈值: 0.8, 结构提升阈值: 0.0
2025-07-09 08:56:14,135 - INFO - 步骤 1: 没有找到合适的扩展边
2025-07-09 08:56:14,140 - INFO - 匹配失败，处理时间: 0.0160秒
2025-07-09 08:56:14,141 - INFO - 处理第28/59个anchor
2025-07-09 08:56:14,141 - INFO - 开始处理anchor: ('07193596', '_derivationally_related_form', '00784342')
2025-07-09 08:56:14,147 - INFO - 规则类型: chain, 最大扩展步数: 2
2025-07-09 08:56:14,147 - INFO - Motif阈值: 0.8, 结构提升阈值: 0.0
2025-07-09 08:56:14,150 - INFO - 步骤 1: 没有找到合适的扩展边
2025-07-09 08:56:14,156 - INFO - 匹配失败，处理时间: 0.0149秒
2025-07-09 08:56:14,157 - INFO - 处理第29/59个anchor
2025-07-09 08:56:14,157 - INFO - 开始处理anchor: ('07193596', '_derivationally_related_form', '00788184')
2025-07-09 08:56:14,163 - INFO - 规则类型: chain, 最大扩展步数: 2
2025-07-09 08:56:14,164 - INFO - Motif阈值: 0.8, 结构提升阈值: 0.0
2025-07-09 08:56:14,167 - INFO - 步骤 1: 没有找到合适的扩展边
2025-07-09 08:56:14,172 - INFO - 匹配失败，处理时间: 0.0150秒
2025-07-09 08:56:14,172 - INFO - 处理第30/59个anchor
2025-07-09 08:56:14,172 - INFO - 开始处理anchor: ('07193596', '_hypernym', '07193184')
2025-07-09 08:56:14,179 - INFO - 规则类型: chain, 最大扩展步数: 2
2025-07-09 08:56:14,179 - INFO - Motif阈值: 0.8, 结构提升阈值: 0.0
2025-07-09 08:56:14,182 - INFO - 步骤 1: 没有找到合适的扩展边
2025-07-09 08:56:14,187 - INFO - 匹配失败，处理时间: 0.0139秒
2025-07-09 08:56:14,187 - INFO - 处理第31/59个anchor
2025-07-09 08:56:14,188 - INFO - 开始处理anchor: ('07193596', '_derivationally_related_form', '00808855')
2025-07-09 08:56:14,192 - INFO - 规则类型: chain, 最大扩展步数: 2
2025-07-09 08:56:14,193 - INFO - Motif阈值: 0.8, 结构提升阈值: 0.0
2025-07-09 08:56:14,196 - INFO - 步骤 1: 没有找到合适的扩展边
2025-07-09 08:56:14,201 - INFO - 匹配失败，处理时间: 0.0133秒
2025-07-09 08:56:14,202 - INFO - 处理第32/59个anchor
2025-07-09 08:56:14,202 - INFO - 开始处理anchor: ('07193596', '_derivationally_related_form', '00785008')
2025-07-09 08:56:14,207 - INFO - 规则类型: chain, 最大扩展步数: 2
2025-07-09 08:56:14,207 - INFO - Motif阈值: 0.8, 结构提升阈值: 0.0
2025-07-09 08:56:14,209 - INFO - 步骤 1: 没有找到合适的扩展边
2025-07-09 08:56:14,215 - INFO - 匹配失败，处理时间: 0.0129秒
2025-07-09 08:56:14,215 - INFO - 处理第33/59个anchor
2025-07-09 08:56:14,215 - INFO - 开始处理anchor: ('00784342', '_derivationally_related_form', '10207831')
2025-07-09 08:56:14,221 - INFO - 规则类型: chain, 最大扩展步数: 2
2025-07-09 08:56:14,221 - INFO - Motif阈值: 0.8, 结构提升阈值: 0.0
2025-07-09 08:56:14,224 - INFO - 步骤 1: 没有找到合适的扩展边
2025-07-09 08:56:14,229 - INFO - 匹配失败，处理时间: 0.0130秒
2025-07-09 08:56:14,229 - INFO - 处理第34/59个anchor
2025-07-09 08:56:14,230 - INFO - 开始处理anchor: ('00784342', '_hypernym', '00740577')
2025-07-09 08:56:14,235 - INFO - 规则类型: chain, 最大扩展步数: 2
2025-07-09 08:56:14,235 - INFO - Motif阈值: 0.8, 结构提升阈值: 0.0
2025-07-09 08:56:14,238 - INFO - 步骤 1: 没有找到合适的扩展边
2025-07-09 08:56:14,243 - INFO - 匹配失败，处理时间: 0.0135秒
2025-07-09 08:56:14,244 - INFO - 处理第35/59个anchor
2025-07-09 08:56:14,244 - INFO - 开始处理anchor: ('00784342', '_derivationally_related_form', '07193596')
2025-07-09 08:56:14,251 - INFO - 规则类型: chain, 最大扩展步数: 2
2025-07-09 08:56:14,251 - INFO - Motif阈值: 0.8, 结构提升阈值: 0.0
2025-07-09 08:56:14,253 - INFO - 步骤 1: 没有找到合适的扩展边
2025-07-09 08:56:14,258 - INFO - 匹配失败，处理时间: 0.0138秒
2025-07-09 08:56:14,258 - INFO - 处理第36/59个anchor
2025-07-09 08:56:14,258 - INFO - 开始处理anchor: ('00784342', '_verb_group', '00897746')
2025-07-09 08:56:14,263 - INFO - 规则类型: chain, 最大扩展步数: 2
2025-07-09 08:56:14,264 - INFO - Motif阈值: 0.8, 结构提升阈值: 0.0
2025-07-09 08:56:14,268 - INFO - 步骤 1: 没有找到合适的扩展边
2025-07-09 08:56:14,273 - INFO - 匹配失败，处理时间: 0.0150秒
2025-07-09 08:56:14,273 - INFO - 处理第37/59个anchor
2025-07-09 08:56:14,274 - INFO - 开始处理anchor: ('00784342', '_derivationally_related_form', '07193184')
2025-07-09 08:56:14,279 - INFO - 规则类型: chain, 最大扩展步数: 2
2025-07-09 08:56:14,280 - INFO - Motif阈值: 0.8, 结构提升阈值: 0.0
2025-07-09 08:56:14,282 - INFO - 步骤 1: 没有找到合适的扩展边
2025-07-09 08:56:14,287 - INFO - 匹配失败，处理时间: 0.0132秒
2025-07-09 08:56:14,288 - INFO - 处理第38/59个anchor
2025-07-09 08:56:14,288 - INFO - 开始处理anchor: ('00784342', '_verb_group', '00784727')
2025-07-09 08:56:14,293 - INFO - 规则类型: chain, 最大扩展步数: 2
2025-07-09 08:56:14,293 - INFO - Motif阈值: 0.8, 结构提升阈值: 0.0
2025-07-09 08:56:14,296 - INFO - 步骤 1: 没有找到合适的扩展边
2025-07-09 08:56:14,303 - INFO - 匹配失败，处理时间: 0.0140秒
2025-07-09 08:56:14,303 - INFO - 处理第39/59个anchor
2025-07-09 08:56:14,303 - INFO - 开始处理anchor: ('01768969', '_derivationally_related_form', '02636811')
2025-07-09 08:56:14,308 - INFO - 规则类型: chain, 最大扩展步数: 2
2025-07-09 08:56:14,308 - INFO - Motif阈值: 0.8, 结构提升阈值: 0.0
2025-07-09 08:56:14,312 - INFO - 相似度提升检查: -0.1324 >= 0.0
2025-07-09 08:56:14,313 - INFO - 步骤 1: 相似度提升不足 (-0.1324), 停止扩展
2025-07-09 08:56:14,318 - INFO - 匹配失败，处理时间: 0.0140秒
2025-07-09 08:56:14,319 - INFO - 处理第40/59个anchor
2025-07-09 08:56:14,319 - INFO - 开始处理anchor: ('01768969', '_hypernym', '08103777')
2025-07-09 08:56:14,323 - INFO - 规则类型: chain, 最大扩展步数: 2
2025-07-09 08:56:14,323 - INFO - Motif阈值: 0.8, 结构提升阈值: 0.0
2025-07-09 08:56:14,333 - INFO - 相似度提升检查: -0.1853 >= 0.0
2025-07-09 08:56:14,334 - INFO - 步骤 1: 相似度提升不足 (-0.1853), 停止扩展
2025-07-09 08:56:14,339 - INFO - 匹配失败，处理时间: 0.0198秒
2025-07-09 08:56:14,340 - INFO - 处理第41/59个anchor
2025-07-09 08:56:14,340 - INFO - 开始处理anchor: ('01768969', '_member_meronym', '01775879')
2025-07-09 08:56:14,344 - INFO - 规则类型: chain, 最大扩展步数: 2
2025-07-09 08:56:14,345 - INFO - Motif阈值: 0.8, 结构提升阈值: 0.0
2025-07-09 08:56:14,348 - INFO - 步骤 1: 没有找到合适的扩展边
2025-07-09 08:56:14,354 - INFO - 匹配失败，处理时间: 0.0140秒
2025-07-09 08:56:14,355 - INFO - 处理第42/59个anchor
2025-07-09 08:56:14,355 - INFO - 开始处理anchor: ('01768969', '_member_meronym', '01771966')
2025-07-09 08:56:14,360 - INFO - 规则类型: chain, 最大扩展步数: 2
2025-07-09 08:56:14,360 - INFO - Motif阈值: 0.8, 结构提升阈值: 0.0
2025-07-09 08:56:14,363 - INFO - 步骤 1: 没有找到合适的扩展边
2025-07-09 08:56:14,370 - INFO - 匹配失败，处理时间: 0.0148秒
2025-07-09 08:56:14,370 - INFO - 处理第43/59个anchor
2025-07-09 08:56:14,370 - INFO - 开始处理anchor: ('01768969', '_member_meronym', '01769347')
2025-07-09 08:56:14,376 - INFO - 规则类型: chain, 最大扩展步数: 2
2025-07-09 08:56:14,376 - INFO - Motif阈值: 0.8, 结构提升阈值: 0.0
2025-07-09 08:56:14,379 - INFO - 步骤 1: 没有找到合适的扩展边
2025-07-09 08:56:14,385 - INFO - 匹配失败，处理时间: 0.0130秒
2025-07-09 08:56:14,385 - INFO - 处理第44/59个anchor
2025-07-09 08:56:14,385 - INFO - 开始处理anchor: ('01768969', '_member_meronym', '01770553')
2025-07-09 08:56:14,390 - INFO - 规则类型: chain, 最大扩展步数: 2
2025-07-09 08:56:14,391 - INFO - Motif阈值: 0.8, 结构提升阈值: 0.0
2025-07-09 08:56:14,393 - INFO - 步骤 1: 没有找到合适的扩展边
2025-07-09 08:56:14,399 - INFO - 匹配失败，处理时间: 0.0132秒
2025-07-09 08:56:14,399 - INFO - 处理第45/59个anchor
2025-07-09 08:56:14,400 - INFO - 开始处理anchor: ('01768969', '_member_meronym', '01769635')
2025-07-09 08:56:14,405 - INFO - 规则类型: chain, 最大扩展步数: 2
2025-07-09 08:56:14,405 - INFO - Motif阈值: 0.8, 结构提升阈值: 0.0
2025-07-09 08:56:14,407 - INFO - 步骤 1: 没有找到合适的扩展边
2025-07-09 08:56:14,417 - INFO - 匹配失败，处理时间: 0.0159秒
2025-07-09 08:56:14,417 - INFO - 处理第46/59个anchor
2025-07-09 08:56:14,418 - INFO - 开始处理anchor: ('02636811', '_derivationally_related_form', '01769347')
2025-07-09 08:56:14,423 - INFO - 规则类型: chain, 最大扩展步数: 2
2025-07-09 08:56:14,424 - INFO - Motif阈值: 0.8, 结构提升阈值: 0.0
2025-07-09 08:56:14,428 - INFO - 相似度提升检查: -0.1570 >= 0.0
2025-07-09 08:56:14,428 - INFO - 步骤 1: 相似度提升不足 (-0.1570), 停止扩展
2025-07-09 08:56:14,435 - INFO - 匹配失败，处理时间: 0.0170秒
2025-07-09 08:56:14,435 - INFO - 处理第47/59个anchor
2025-07-09 08:56:14,436 - INFO - 开始处理anchor: ('02636811', '_derivationally_related_form', '01768969')
2025-07-09 08:56:14,441 - INFO - 规则类型: chain, 最大扩展步数: 2
2025-07-09 08:56:14,441 - INFO - Motif阈值: 0.8, 结构提升阈值: 0.0
2025-07-09 08:56:14,445 - INFO - 相似度提升检查: -0.1941 >= 0.0
2025-07-09 08:56:14,445 - INFO - 步骤 1: 相似度提升不足 (-0.1941), 停止扩展
2025-07-09 08:56:14,452 - INFO - 匹配失败，处理时间: 0.0160秒
2025-07-09 08:56:14,452 - INFO - 处理第48/59个anchor
2025-07-09 08:56:14,452 - INFO - 开始处理anchor: ('02636811', '_derivationally_related_form', '01772222')
2025-07-09 08:56:14,457 - INFO - 规则类型: chain, 最大扩展步数: 2
2025-07-09 08:56:14,458 - INFO - Motif阈值: 0.8, 结构提升阈值: 0.0
2025-07-09 08:56:14,460 - INFO - 相似度提升检查: -0.1925 >= 0.0
2025-07-09 08:56:14,461 - INFO - 步骤 1: 相似度提升不足 (-0.1925), 停止扩展
2025-07-09 08:56:14,466 - INFO - 匹配失败，处理时间: 0.0138秒
2025-07-09 08:56:14,467 - INFO - 处理第49/59个anchor
2025-07-09 08:56:14,467 - INFO - 开始处理anchor: ('01455754', '_hypernym', '01974062')
2025-07-09 08:56:14,472 - INFO - 规则类型: chain, 最大扩展步数: 2
2025-07-09 08:56:14,472 - INFO - Motif阈值: 0.8, 结构提升阈值: 0.0
2025-07-09 08:56:14,478 - INFO - 相似度提升检查: -0.1493 >= 0.0
2025-07-09 08:56:14,478 - INFO - 步骤 1: 相似度提升不足 (-0.1493), 停止扩展
2025-07-09 08:56:14,485 - INFO - 匹配失败，处理时间: 0.0179秒
2025-07-09 08:56:14,486 - INFO - 处理第50/59个anchor
2025-07-09 08:56:14,486 - INFO - 开始处理anchor: ('01974062', '_derivationally_related_form', '09206985')
2025-07-09 08:56:14,491 - INFO - 规则类型: chain, 最大扩展步数: 2
2025-07-09 08:56:14,491 - INFO - Motif阈值: 0.8, 结构提升阈值: 0.0
2025-07-09 08:56:14,497 - INFO - 相似度提升检查: -0.1810 >= 0.0
2025-07-09 08:56:14,497 - INFO - 步骤 1: 相似度提升不足 (-0.1810), 停止扩展
2025-07-09 08:56:14,503 - INFO - 匹配失败，处理时间: 0.0170秒
2025-07-09 08:56:14,504 - INFO - 处理第51/59个anchor
2025-07-09 08:56:14,505 - INFO - 开始处理anchor: ('01974062', '_derivationally_related_form', '07348399')
2025-07-09 08:56:14,509 - INFO - 规则类型: chain, 最大扩展步数: 2
2025-07-09 08:56:14,510 - INFO - Motif阈值: 0.8, 结构提升阈值: 0.0
2025-07-09 08:56:14,516 - INFO - 相似度提升检查: -0.0741 >= 0.0
2025-07-09 08:56:14,516 - INFO - 步骤 1: 相似度提升不足 (-0.0741), 停止扩展
2025-07-09 08:56:14,522 - INFO - 匹配失败，处理时间: 0.0176秒
2025-07-09 08:56:14,523 - INFO - 处理第52/59个anchor
2025-07-09 08:56:14,523 - INFO - 开始处理anchor: ('01974062', '_derivationally_related_form', '10773394')
2025-07-09 08:56:14,528 - INFO - 规则类型: chain, 最大扩展步数: 2
2025-07-09 08:56:14,528 - INFO - Motif阈值: 0.8, 结构提升阈值: 0.0
2025-07-09 08:56:14,536 - INFO - 相似度提升检查: -0.0940 >= 0.0
2025-07-09 08:56:14,536 - INFO - 步骤 1: 相似度提升不足 (-0.0940), 停止扩展
2025-07-09 08:56:14,540 - INFO - 匹配失败，处理时间: 0.0170秒
2025-07-09 08:56:14,540 - INFO - 处理第53/59个anchor
2025-07-09 08:56:14,541 - INFO - 开始处理anchor: ('01974062', '_derivationally_related_form', '07370671')
2025-07-09 08:56:14,547 - INFO - 规则类型: chain, 最大扩展步数: 2
2025-07-09 08:56:14,548 - INFO - Motif阈值: 0.8, 结构提升阈值: 0.0
2025-07-09 08:56:14,554 - INFO - 相似度提升检查: -0.1127 >= 0.0
2025-07-09 08:56:14,554 - INFO - 步骤 1: 相似度提升不足 (-0.1127), 停止扩展
2025-07-09 08:56:14,559 - INFO - 匹配失败，处理时间: 0.0180秒
2025-07-09 08:56:14,560 - INFO - 处理第54/59个anchor
2025-07-09 08:56:14,560 - INFO - 开始处理anchor: ('01974062', '_derivationally_related_form', '00116376')
2025-07-09 08:56:14,567 - INFO - 规则类型: chain, 最大扩展步数: 2
2025-07-09 08:56:14,568 - INFO - Motif阈值: 0.8, 结构提升阈值: 0.0
2025-07-09 08:56:14,572 - INFO - 相似度提升检查: -0.1295 >= 0.0
2025-07-09 08:56:14,572 - INFO - 步骤 1: 相似度提升不足 (-0.1295), 停止扩展
2025-07-09 08:56:14,577 - INFO - 匹配失败，处理时间: 0.0160秒
2025-07-09 08:56:14,577 - INFO - 处理第55/59个anchor
2025-07-09 08:56:14,578 - INFO - 开始处理anchor: ('01974062', '_derivationally_related_form', '04231693')
2025-07-09 08:56:14,584 - INFO - 规则类型: chain, 最大扩展步数: 2
2025-07-09 08:56:14,585 - INFO - Motif阈值: 0.8, 结构提升阈值: 0.0
2025-07-09 08:56:14,589 - INFO - 相似度提升检查: -0.1188 >= 0.0
2025-07-09 08:56:14,590 - INFO - 步骤 1: 相似度提升不足 (-0.1188), 停止扩展
2025-07-09 08:56:14,595 - INFO - 匹配失败，处理时间: 0.0170秒
2025-07-09 08:56:14,596 - INFO - 处理第56/59个anchor
2025-07-09 08:56:14,597 - INFO - 开始处理anchor: ('01974062', '_derivationally_related_form', '09366317')
2025-07-09 08:56:14,602 - INFO - 规则类型: chain, 最大扩展步数: 2
2025-07-09 08:56:14,603 - INFO - Motif阈值: 0.8, 结构提升阈值: 0.0
2025-07-09 08:56:14,607 - INFO - 相似度提升检查: -0.1863 >= 0.0
2025-07-09 08:56:14,608 - INFO - 步骤 1: 相似度提升不足 (-0.1863), 停止扩展
2025-07-09 08:56:14,613 - INFO - 匹配失败，处理时间: 0.0165秒
2025-07-09 08:56:14,614 - INFO - 处理第57/59个anchor
2025-07-09 08:56:14,614 - INFO - 开始处理anchor: ('01974062', '_derivationally_related_form', '03281145')
2025-07-09 08:56:14,621 - INFO - 规则类型: chain, 最大扩展步数: 2
2025-07-09 08:56:14,621 - INFO - Motif阈值: 0.8, 结构提升阈值: 0.0
2025-07-09 08:56:14,626 - INFO - 相似度提升检查: -0.1410 >= 0.0
2025-07-09 08:56:14,626 - INFO - 步骤 1: 相似度提升不足 (-0.1410), 停止扩展
2025-07-09 08:56:14,632 - INFO - 匹配失败，处理时间: 0.0170秒
2025-07-09 08:56:14,633 - INFO - 处理第58/59个anchor
2025-07-09 08:56:14,633 - INFO - 开始处理anchor: ('01974062', '_derivationally_related_form', '05131283')
2025-07-09 08:56:14,637 - INFO - 规则类型: chain, 最大扩展步数: 2
2025-07-09 08:56:14,638 - INFO - Motif阈值: 0.8, 结构提升阈值: 0.0
2025-07-09 08:56:14,644 - INFO - 相似度提升检查: -0.0945 >= 0.0
2025-07-09 08:56:14,644 - INFO - 步骤 1: 相似度提升不足 (-0.0945), 停止扩展
2025-07-09 08:56:14,650 - INFO - 匹配失败，处理时间: 0.0170秒
2025-07-09 08:56:14,651 - INFO - 处理第59/59个anchor
2025-07-09 08:56:14,651 - INFO - 开始处理anchor: ('01974062', '_derivationally_related_form', '00316594')
2025-07-09 08:56:14,655 - INFO - 规则类型: chain, 最大扩展步数: 2
2025-07-09 08:56:14,655 - INFO - Motif阈值: 0.8, 结构提升阈值: 0.0
2025-07-09 08:56:14,661 - INFO - 相似度提升检查: -0.1557 >= 0.0
2025-07-09 08:56:14,661 - INFO - 步骤 1: 相似度提升不足 (-0.1557), 停止扩展
2025-07-09 08:56:14,668 - INFO - 匹配失败，处理时间: 0.0175秒
2025-07-09 08:56:14,668 - INFO - 批量匹配完成: 0/59 成功匹配
2025-07-09 08:56:14,675 - INFO - 结果已保存到: result2.json
