2025-07-02 20:39:51,316 - INFO - 成功加载预训练embedding
2025-07-02 20:39:51,535 - INFO - StructMatch系统初始化完成（集成语义增强）
2025-07-02 20:39:51,536 - INFO - 开始加载数据...
2025-07-02 20:39:53,210 - INFO - 成功加载知识图谱: 40559个实体, 11种关系, 86835个三元组
2025-07-02 20:39:53,212 - INFO - 成功加载7条规则
2025-07-02 20:39:53,212 - INFO - 数据加载完成
2025-07-02 20:39:53,223 - INFO - 开始批量匹配，共4个anchor
2025-07-02 20:39:53,225 - INFO - 处理第1/4个anchor
2025-07-02 20:39:53,226 - INFO - 开始处理anchor: ('12090318', '_member_meronym', '12093769')
2025-07-02 20:39:53,265 - INFO - 规则前提大小: None, 最大扩展步数: 2
2025-07-02 20:39:53,305 - ERROR - 子图匹配失败: name 'target_motif' is not defined
2025-07-02 20:39:53,343 - INFO - 匹配失败，处理时间: 0.1149秒
2025-07-02 20:39:53,343 - INFO - 处理第2/4个anchor
2025-07-02 20:39:53,344 - INFO - 开始处理anchor: ('09322930', '_instance_hypernym', '09360122')
2025-07-02 20:39:53,356 - INFO - 规则前提大小: None, 最大扩展步数: 2
2025-07-02 20:39:53,382 - ERROR - 子图匹配失败: name 'target_motif' is not defined
2025-07-02 20:39:53,383 - INFO - 匹配失败，处理时间: 0.0377秒
2025-07-02 20:39:53,384 - INFO - 处理第3/4个anchor
2025-07-02 20:39:53,385 - INFO - 开始处理anchor: ('12493208', '_has_part', '12493426')
2025-07-02 20:39:53,399 - INFO - 规则前提大小: None, 最大扩展步数: 2
2025-07-02 20:39:53,423 - ERROR - 子图匹配失败: name 'target_motif' is not defined
2025-07-02 20:39:53,425 - INFO - 匹配失败，处理时间: 0.0406秒
2025-07-02 20:39:53,427 - INFO - 处理第4/4个anchor
2025-07-02 20:39:53,428 - INFO - 开始处理anchor: ('00260881', '_hypernym', '00260622')
2025-07-02 20:39:53,440 - INFO - 规则前提大小: None, 最大扩展步数: 2
2025-07-02 20:39:53,467 - ERROR - 子图匹配失败: name 'target_motif' is not defined
2025-07-02 20:39:53,468 - INFO - 匹配失败，处理时间: 0.0395秒
2025-07-02 20:39:53,468 - INFO - 批量匹配完成: 0/4 成功匹配
2025-07-02 20:39:53,471 - INFO - 结果已保存到: results.json
