2025-07-10 09:21:58,263 - INFO - 成功加载预训练embedding
2025-07-10 09:21:58,337 - INFO - StructMatch系统初始化完成（集成语义增强）
2025-07-10 09:21:58,339 - INFO - 开始加载数据...
2025-07-10 09:21:59,406 - INFO - 成功加载知识图谱: 40559个实体, 11种关系, 86835个三元组
2025-07-10 09:21:59,407 - INFO - 成功加载2条规则
2025-07-10 09:21:59,407 - INFO - 数据加载完成
2025-07-10 09:21:59,418 - INFO - 收集规则第一个谓词对应的anchor: _also_see
2025-07-10 09:21:59,526 - INFO - 收集到 1299 个anchor
2025-07-10 09:21:59,527 - INFO - 开始批量匹配，共1299个anchor
2025-07-10 09:21:59,527 - INFO - 处理第1/1299个anchor
2025-07-10 09:22:00,337 - ERROR - 图嵌入提取失败: mat1 and mat2 shapes cannot be multiplied (2x1 and 27x64)
2025-07-10 09:22:00,338 - ERROR - 子图匹配失败: 'EnhancedEmbedFusion' object has no attribute 'projection'
2025-07-10 09:22:00,366 - ERROR - 图嵌入提取失败: mat1 and mat2 shapes cannot be multiplied (2x1 and 27x64)
2025-07-10 09:22:00,367 - ERROR - 子图匹配失败: 'EnhancedEmbedFusion' object has no attribute 'projection'
2025-07-10 09:22:00,389 - ERROR - 图嵌入提取失败: mat1 and mat2 shapes cannot be multiplied (2x1 and 27x64)
2025-07-10 09:22:00,390 - ERROR - 子图匹配失败: 'EnhancedEmbedFusion' object has no attribute 'projection'
2025-07-10 09:22:00,406 - ERROR - 图嵌入提取失败: mat1 and mat2 shapes cannot be multiplied (2x1 and 27x64)
2025-07-10 09:22:00,406 - ERROR - 子图匹配失败: 'EnhancedEmbedFusion' object has no attribute 'projection'
2025-07-10 09:22:00,427 - ERROR - 图嵌入提取失败: mat1 and mat2 shapes cannot be multiplied (2x1 and 27x64)
2025-07-10 09:22:00,427 - ERROR - 子图匹配失败: 'EnhancedEmbedFusion' object has no attribute 'projection'
2025-07-10 09:22:00,447 - ERROR - 图嵌入提取失败: mat1 and mat2 shapes cannot be multiplied (2x1 and 27x64)
2025-07-10 09:22:00,448 - ERROR - 子图匹配失败: 'EnhancedEmbedFusion' object has no attribute 'projection'
2025-07-10 09:22:00,471 - ERROR - 图嵌入提取失败: mat1 and mat2 shapes cannot be multiplied (2x1 and 27x64)
2025-07-10 09:22:00,472 - ERROR - 子图匹配失败: 'EnhancedEmbedFusion' object has no attribute 'projection'
2025-07-10 09:22:00,492 - ERROR - 图嵌入提取失败: mat1 and mat2 shapes cannot be multiplied (2x1 and 27x64)
2025-07-10 09:22:00,493 - ERROR - 子图匹配失败: 'EnhancedEmbedFusion' object has no attribute 'projection'
2025-07-10 09:22:00,510 - ERROR - 图嵌入提取失败: mat1 and mat2 shapes cannot be multiplied (2x1 and 27x64)
2025-07-10 09:22:00,510 - ERROR - 子图匹配失败: 'EnhancedEmbedFusion' object has no attribute 'projection'
2025-07-10 09:22:00,524 - ERROR - 图嵌入提取失败: mat1 and mat2 shapes cannot be multiplied (2x1 and 27x64)
2025-07-10 09:22:00,526 - ERROR - 子图匹配失败: 'EnhancedEmbedFusion' object has no attribute 'projection'
2025-07-10 09:22:00,541 - ERROR - 图嵌入提取失败: mat1 and mat2 shapes cannot be multiplied (2x1 and 27x64)
2025-07-10 09:22:00,542 - ERROR - 子图匹配失败: 'EnhancedEmbedFusion' object has no attribute 'projection'
2025-07-10 09:22:00,560 - ERROR - 图嵌入提取失败: mat1 and mat2 shapes cannot be multiplied (2x1 and 27x64)
2025-07-10 09:22:00,561 - ERROR - 子图匹配失败: 'EnhancedEmbedFusion' object has no attribute 'projection'
2025-07-10 09:22:00,579 - ERROR - 图嵌入提取失败: mat1 and mat2 shapes cannot be multiplied (2x1 and 27x64)
2025-07-10 09:22:00,580 - ERROR - 子图匹配失败: 'EnhancedEmbedFusion' object has no attribute 'projection'
2025-07-10 09:22:00,598 - ERROR - 图嵌入提取失败: mat1 and mat2 shapes cannot be multiplied (2x1 and 27x64)
2025-07-10 09:22:00,599 - ERROR - 子图匹配失败: 'EnhancedEmbedFusion' object has no attribute 'projection'
2025-07-10 09:22:00,612 - ERROR - 图嵌入提取失败: mat1 and mat2 shapes cannot be multiplied (2x1 and 27x64)
2025-07-10 09:22:00,613 - ERROR - 子图匹配失败: 'EnhancedEmbedFusion' object has no attribute 'projection'
2025-07-10 09:22:00,632 - ERROR - 图嵌入提取失败: mat1 and mat2 shapes cannot be multiplied (2x1 and 27x64)
2025-07-10 09:22:00,633 - ERROR - 子图匹配失败: 'EnhancedEmbedFusion' object has no attribute 'projection'
2025-07-10 09:22:00,685 - ERROR - 图嵌入提取失败: mat1 and mat2 shapes cannot be multiplied (2x1 and 27x64)
2025-07-10 09:22:00,698 - ERROR - 子图匹配失败: 'EnhancedEmbedFusion' object has no attribute 'projection'
2025-07-10 09:22:00,748 - ERROR - 图嵌入提取失败: mat1 and mat2 shapes cannot be multiplied (2x1 and 27x64)
2025-07-10 09:22:00,750 - ERROR - 子图匹配失败: 'EnhancedEmbedFusion' object has no attribute 'projection'
2025-07-10 09:22:00,765 - ERROR - 图嵌入提取失败: mat1 and mat2 shapes cannot be multiplied (2x1 and 27x64)
2025-07-10 09:22:00,766 - ERROR - 子图匹配失败: 'EnhancedEmbedFusion' object has no attribute 'projection'
2025-07-10 09:22:00,781 - ERROR - 图嵌入提取失败: mat1 and mat2 shapes cannot be multiplied (2x1 and 27x64)
2025-07-10 09:22:00,782 - ERROR - 子图匹配失败: 'EnhancedEmbedFusion' object has no attribute 'projection'
2025-07-10 09:22:00,798 - ERROR - 图嵌入提取失败: mat1 and mat2 shapes cannot be multiplied (2x1 and 27x64)
2025-07-10 09:22:00,798 - ERROR - 子图匹配失败: 'EnhancedEmbedFusion' object has no attribute 'projection'
2025-07-10 09:22:00,815 - ERROR - 图嵌入提取失败: mat1 and mat2 shapes cannot be multiplied (2x1 and 27x64)
2025-07-10 09:22:00,816 - ERROR - 子图匹配失败: 'EnhancedEmbedFusion' object has no attribute 'projection'
2025-07-10 09:22:00,831 - ERROR - 图嵌入提取失败: mat1 and mat2 shapes cannot be multiplied (2x1 and 27x64)
2025-07-10 09:22:00,831 - ERROR - 子图匹配失败: 'EnhancedEmbedFusion' object has no attribute 'projection'
2025-07-10 09:22:00,852 - ERROR - 图嵌入提取失败: mat1 and mat2 shapes cannot be multiplied (2x1 and 27x64)
2025-07-10 09:22:00,852 - ERROR - 子图匹配失败: 'EnhancedEmbedFusion' object has no attribute 'projection'
2025-07-10 09:22:00,874 - ERROR - 图嵌入提取失败: mat1 and mat2 shapes cannot be multiplied (2x1 and 27x64)
2025-07-10 09:22:00,874 - ERROR - 子图匹配失败: 'EnhancedEmbedFusion' object has no attribute 'projection'
2025-07-10 09:22:00,898 - ERROR - 图嵌入提取失败: mat1 and mat2 shapes cannot be multiplied (2x1 and 27x64)
2025-07-10 09:22:00,898 - ERROR - 子图匹配失败: 'EnhancedEmbedFusion' object has no attribute 'projection'
2025-07-10 09:22:00,922 - ERROR - 图嵌入提取失败: mat1 and mat2 shapes cannot be multiplied (2x1 and 27x64)
2025-07-10 09:22:00,923 - ERROR - 子图匹配失败: 'EnhancedEmbedFusion' object has no attribute 'projection'
2025-07-10 09:22:00,945 - ERROR - 图嵌入提取失败: mat1 and mat2 shapes cannot be multiplied (2x1 and 27x64)
2025-07-10 09:22:00,946 - ERROR - 子图匹配失败: 'EnhancedEmbedFusion' object has no attribute 'projection'
2025-07-10 09:22:00,965 - ERROR - 图嵌入提取失败: mat1 and mat2 shapes cannot be multiplied (2x1 and 27x64)
2025-07-10 09:22:00,965 - ERROR - 子图匹配失败: 'EnhancedEmbedFusion' object has no attribute 'projection'
2025-07-10 09:22:00,982 - ERROR - 图嵌入提取失败: mat1 and mat2 shapes cannot be multiplied (2x1 and 27x64)
2025-07-10 09:22:00,983 - ERROR - 子图匹配失败: 'EnhancedEmbedFusion' object has no attribute 'projection'
2025-07-10 09:22:01,002 - ERROR - 图嵌入提取失败: mat1 and mat2 shapes cannot be multiplied (2x1 and 27x64)
2025-07-10 09:22:01,002 - ERROR - 子图匹配失败: 'EnhancedEmbedFusion' object has no attribute 'projection'
2025-07-10 09:22:01,020 - ERROR - 图嵌入提取失败: mat1 and mat2 shapes cannot be multiplied (2x1 and 27x64)
2025-07-10 09:22:01,021 - ERROR - 子图匹配失败: 'EnhancedEmbedFusion' object has no attribute 'projection'
2025-07-10 09:22:01,041 - ERROR - 图嵌入提取失败: mat1 and mat2 shapes cannot be multiplied (2x1 and 27x64)
2025-07-10 09:22:01,041 - ERROR - 子图匹配失败: 'EnhancedEmbedFusion' object has no attribute 'projection'
2025-07-10 09:22:01,060 - ERROR - 图嵌入提取失败: mat1 and mat2 shapes cannot be multiplied (2x1 and 27x64)
2025-07-10 09:22:01,061 - ERROR - 子图匹配失败: 'EnhancedEmbedFusion' object has no attribute 'projection'
2025-07-10 09:22:01,081 - ERROR - 图嵌入提取失败: mat1 and mat2 shapes cannot be multiplied (2x1 and 27x64)
2025-07-10 09:22:01,082 - ERROR - 子图匹配失败: 'EnhancedEmbedFusion' object has no attribute 'projection'
2025-07-10 09:22:01,109 - ERROR - 图嵌入提取失败: mat1 and mat2 shapes cannot be multiplied (2x1 and 27x64)
2025-07-10 09:22:01,110 - ERROR - 子图匹配失败: 'EnhancedEmbedFusion' object has no attribute 'projection'
2025-07-10 09:22:01,127 - ERROR - 图嵌入提取失败: mat1 and mat2 shapes cannot be multiplied (2x1 and 27x64)
2025-07-10 09:22:01,127 - ERROR - 子图匹配失败: 'EnhancedEmbedFusion' object has no attribute 'projection'
2025-07-10 09:22:01,143 - ERROR - 图嵌入提取失败: mat1 and mat2 shapes cannot be multiplied (2x1 and 27x64)
2025-07-10 09:22:01,143 - ERROR - 子图匹配失败: 'EnhancedEmbedFusion' object has no attribute 'projection'
2025-07-10 09:22:01,156 - ERROR - 图嵌入提取失败: mat1 and mat2 shapes cannot be multiplied (2x1 and 27x64)
2025-07-10 09:22:01,156 - ERROR - 子图匹配失败: 'EnhancedEmbedFusion' object has no attribute 'projection'
2025-07-10 09:22:01,169 - ERROR - 图嵌入提取失败: mat1 and mat2 shapes cannot be multiplied (2x1 and 27x64)
2025-07-10 09:22:01,170 - ERROR - 子图匹配失败: 'EnhancedEmbedFusion' object has no attribute 'projection'
2025-07-10 09:22:01,185 - ERROR - 图嵌入提取失败: mat1 and mat2 shapes cannot be multiplied (2x1 and 27x64)
2025-07-10 09:22:01,187 - ERROR - 子图匹配失败: 'EnhancedEmbedFusion' object has no attribute 'projection'
2025-07-10 09:22:01,200 - ERROR - 图嵌入提取失败: mat1 and mat2 shapes cannot be multiplied (2x1 and 27x64)
2025-07-10 09:22:01,200 - ERROR - 子图匹配失败: 'EnhancedEmbedFusion' object has no attribute 'projection'
2025-07-10 09:22:01,213 - ERROR - 图嵌入提取失败: mat1 and mat2 shapes cannot be multiplied (2x1 and 27x64)
2025-07-10 09:22:01,214 - ERROR - 子图匹配失败: 'EnhancedEmbedFusion' object has no attribute 'projection'
2025-07-10 09:22:01,229 - ERROR - 图嵌入提取失败: mat1 and mat2 shapes cannot be multiplied (2x1 and 27x64)
2025-07-10 09:22:01,230 - ERROR - 子图匹配失败: 'EnhancedEmbedFusion' object has no attribute 'projection'
2025-07-10 09:22:01,244 - ERROR - 图嵌入提取失败: mat1 and mat2 shapes cannot be multiplied (2x1 and 27x64)
2025-07-10 09:22:01,245 - ERROR - 子图匹配失败: 'EnhancedEmbedFusion' object has no attribute 'projection'
2025-07-10 09:22:01,258 - ERROR - 图嵌入提取失败: mat1 and mat2 shapes cannot be multiplied (2x1 and 27x64)
2025-07-10 09:22:01,259 - ERROR - 子图匹配失败: 'EnhancedEmbedFusion' object has no attribute 'projection'
2025-07-10 09:22:01,273 - ERROR - 图嵌入提取失败: mat1 and mat2 shapes cannot be multiplied (2x1 and 27x64)
2025-07-10 09:22:01,275 - ERROR - 子图匹配失败: 'EnhancedEmbedFusion' object has no attribute 'projection'
2025-07-10 09:22:01,289 - ERROR - 图嵌入提取失败: mat1 and mat2 shapes cannot be multiplied (2x1 and 27x64)
2025-07-10 09:22:01,290 - ERROR - 子图匹配失败: 'EnhancedEmbedFusion' object has no attribute 'projection'
2025-07-10 09:22:01,304 - ERROR - 图嵌入提取失败: mat1 and mat2 shapes cannot be multiplied (2x1 and 27x64)
2025-07-10 09:22:01,305 - ERROR - 子图匹配失败: 'EnhancedEmbedFusion' object has no attribute 'projection'
2025-07-10 09:22:01,319 - ERROR - 图嵌入提取失败: mat1 and mat2 shapes cannot be multiplied (2x1 and 27x64)
2025-07-10 09:22:01,321 - ERROR - 子图匹配失败: 'EnhancedEmbedFusion' object has no attribute 'projection'
2025-07-10 09:22:01,335 - ERROR - 图嵌入提取失败: mat1 and mat2 shapes cannot be multiplied (2x1 and 27x64)
2025-07-10 09:22:01,336 - ERROR - 子图匹配失败: 'EnhancedEmbedFusion' object has no attribute 'projection'
2025-07-10 09:22:01,351 - ERROR - 图嵌入提取失败: mat1 and mat2 shapes cannot be multiplied (2x1 and 27x64)
2025-07-10 09:22:01,351 - ERROR - 子图匹配失败: 'EnhancedEmbedFusion' object has no attribute 'projection'
2025-07-10 09:22:01,365 - ERROR - 图嵌入提取失败: mat1 and mat2 shapes cannot be multiplied (2x1 and 27x64)
2025-07-10 09:22:01,365 - ERROR - 子图匹配失败: 'EnhancedEmbedFusion' object has no attribute 'projection'
2025-07-10 09:22:01,379 - ERROR - 图嵌入提取失败: mat1 and mat2 shapes cannot be multiplied (2x1 and 27x64)
2025-07-10 09:22:01,379 - ERROR - 子图匹配失败: 'EnhancedEmbedFusion' object has no attribute 'projection'
2025-07-10 09:22:01,393 - ERROR - 图嵌入提取失败: mat1 and mat2 shapes cannot be multiplied (2x1 and 27x64)
2025-07-10 09:22:01,394 - ERROR - 子图匹配失败: 'EnhancedEmbedFusion' object has no attribute 'projection'
2025-07-10 09:22:01,409 - ERROR - 图嵌入提取失败: mat1 and mat2 shapes cannot be multiplied (2x1 and 27x64)
2025-07-10 09:22:01,410 - ERROR - 子图匹配失败: 'EnhancedEmbedFusion' object has no attribute 'projection'
2025-07-10 09:22:01,424 - ERROR - 图嵌入提取失败: mat1 and mat2 shapes cannot be multiplied (2x1 and 27x64)
2025-07-10 09:22:01,425 - ERROR - 子图匹配失败: 'EnhancedEmbedFusion' object has no attribute 'projection'
2025-07-10 09:22:01,438 - ERROR - 图嵌入提取失败: mat1 and mat2 shapes cannot be multiplied (2x1 and 27x64)
2025-07-10 09:22:01,439 - ERROR - 子图匹配失败: 'EnhancedEmbedFusion' object has no attribute 'projection'
2025-07-10 09:22:01,453 - ERROR - 图嵌入提取失败: mat1 and mat2 shapes cannot be multiplied (2x1 and 27x64)
2025-07-10 09:22:01,454 - ERROR - 子图匹配失败: 'EnhancedEmbedFusion' object has no attribute 'projection'
2025-07-10 09:22:01,467 - ERROR - 图嵌入提取失败: mat1 and mat2 shapes cannot be multiplied (2x1 and 27x64)
2025-07-10 09:22:01,467 - ERROR - 子图匹配失败: 'EnhancedEmbedFusion' object has no attribute 'projection'
2025-07-10 09:22:01,479 - ERROR - 图嵌入提取失败: mat1 and mat2 shapes cannot be multiplied (2x1 and 27x64)
2025-07-10 09:22:01,480 - ERROR - 子图匹配失败: 'EnhancedEmbedFusion' object has no attribute 'projection'
2025-07-10 09:22:01,494 - ERROR - 图嵌入提取失败: mat1 and mat2 shapes cannot be multiplied (2x1 and 27x64)
2025-07-10 09:22:01,496 - ERROR - 子图匹配失败: 'EnhancedEmbedFusion' object has no attribute 'projection'
2025-07-10 09:22:01,510 - ERROR - 图嵌入提取失败: mat1 and mat2 shapes cannot be multiplied (2x1 and 27x64)
2025-07-10 09:22:01,510 - ERROR - 子图匹配失败: 'EnhancedEmbedFusion' object has no attribute 'projection'
2025-07-10 09:22:01,526 - ERROR - 图嵌入提取失败: mat1 and mat2 shapes cannot be multiplied (2x1 and 27x64)
2025-07-10 09:22:01,526 - ERROR - 子图匹配失败: 'EnhancedEmbedFusion' object has no attribute 'projection'
2025-07-10 09:22:01,540 - ERROR - 图嵌入提取失败: mat1 and mat2 shapes cannot be multiplied (2x1 and 27x64)
2025-07-10 09:22:01,541 - ERROR - 子图匹配失败: 'EnhancedEmbedFusion' object has no attribute 'projection'
2025-07-10 09:22:01,554 - ERROR - 图嵌入提取失败: mat1 and mat2 shapes cannot be multiplied (2x1 and 27x64)
2025-07-10 09:22:01,554 - ERROR - 子图匹配失败: 'EnhancedEmbedFusion' object has no attribute 'projection'
2025-07-10 09:22:01,567 - ERROR - 图嵌入提取失败: mat1 and mat2 shapes cannot be multiplied (2x1 and 27x64)
2025-07-10 09:22:01,567 - ERROR - 子图匹配失败: 'EnhancedEmbedFusion' object has no attribute 'projection'
2025-07-10 09:22:01,580 - ERROR - 图嵌入提取失败: mat1 and mat2 shapes cannot be multiplied (2x1 and 27x64)
2025-07-10 09:22:01,581 - ERROR - 子图匹配失败: 'EnhancedEmbedFusion' object has no attribute 'projection'
2025-07-10 09:22:01,595 - ERROR - 图嵌入提取失败: mat1 and mat2 shapes cannot be multiplied (2x1 and 27x64)
2025-07-10 09:22:01,596 - ERROR - 子图匹配失败: 'EnhancedEmbedFusion' object has no attribute 'projection'
2025-07-10 09:22:01,610 - ERROR - 图嵌入提取失败: mat1 and mat2 shapes cannot be multiplied (2x1 and 27x64)
2025-07-10 09:22:01,610 - ERROR - 子图匹配失败: 'EnhancedEmbedFusion' object has no attribute 'projection'
2025-07-10 09:22:01,626 - ERROR - 图嵌入提取失败: mat1 and mat2 shapes cannot be multiplied (2x1 and 27x64)
2025-07-10 09:22:01,627 - ERROR - 子图匹配失败: 'EnhancedEmbedFusion' object has no attribute 'projection'
2025-07-10 09:22:01,642 - ERROR - 图嵌入提取失败: mat1 and mat2 shapes cannot be multiplied (2x1 and 27x64)
2025-07-10 09:22:01,642 - ERROR - 子图匹配失败: 'EnhancedEmbedFusion' object has no attribute 'projection'
2025-07-10 09:22:01,656 - ERROR - 图嵌入提取失败: mat1 and mat2 shapes cannot be multiplied (2x1 and 27x64)
2025-07-10 09:22:01,656 - ERROR - 子图匹配失败: 'EnhancedEmbedFusion' object has no attribute 'projection'
2025-07-10 09:22:01,672 - ERROR - 图嵌入提取失败: mat1 and mat2 shapes cannot be multiplied (2x1 and 27x64)
2025-07-10 09:22:01,673 - ERROR - 子图匹配失败: 'EnhancedEmbedFusion' object has no attribute 'projection'
2025-07-10 09:22:01,686 - ERROR - 图嵌入提取失败: mat1 and mat2 shapes cannot be multiplied (2x1 and 27x64)
2025-07-10 09:22:01,686 - ERROR - 子图匹配失败: 'EnhancedEmbedFusion' object has no attribute 'projection'
2025-07-10 09:22:01,702 - ERROR - 图嵌入提取失败: mat1 and mat2 shapes cannot be multiplied (2x1 and 27x64)
2025-07-10 09:22:01,703 - ERROR - 子图匹配失败: 'EnhancedEmbedFusion' object has no attribute 'projection'
2025-07-10 09:22:01,717 - ERROR - 图嵌入提取失败: mat1 and mat2 shapes cannot be multiplied (2x1 and 27x64)
2025-07-10 09:22:01,718 - ERROR - 子图匹配失败: 'EnhancedEmbedFusion' object has no attribute 'projection'
2025-07-10 09:22:01,731 - ERROR - 图嵌入提取失败: mat1 and mat2 shapes cannot be multiplied (2x1 and 27x64)
2025-07-10 09:22:01,732 - ERROR - 子图匹配失败: 'EnhancedEmbedFusion' object has no attribute 'projection'
2025-07-10 09:22:01,746 - ERROR - 图嵌入提取失败: mat1 and mat2 shapes cannot be multiplied (2x1 and 27x64)
2025-07-10 09:22:01,747 - ERROR - 子图匹配失败: 'EnhancedEmbedFusion' object has no attribute 'projection'
2025-07-10 09:22:01,760 - ERROR - 图嵌入提取失败: mat1 and mat2 shapes cannot be multiplied (2x1 and 27x64)
2025-07-10 09:22:01,760 - ERROR - 子图匹配失败: 'EnhancedEmbedFusion' object has no attribute 'projection'
2025-07-10 09:22:01,773 - ERROR - 图嵌入提取失败: mat1 and mat2 shapes cannot be multiplied (2x1 and 27x64)
2025-07-10 09:22:01,774 - ERROR - 子图匹配失败: 'EnhancedEmbedFusion' object has no attribute 'projection'
2025-07-10 09:22:01,789 - ERROR - 图嵌入提取失败: mat1 and mat2 shapes cannot be multiplied (2x1 and 27x64)
2025-07-10 09:22:01,790 - ERROR - 子图匹配失败: 'EnhancedEmbedFusion' object has no attribute 'projection'
2025-07-10 09:22:01,805 - ERROR - 图嵌入提取失败: mat1 and mat2 shapes cannot be multiplied (2x1 and 27x64)
2025-07-10 09:22:01,805 - ERROR - 子图匹配失败: 'EnhancedEmbedFusion' object has no attribute 'projection'
2025-07-10 09:22:01,818 - ERROR - 图嵌入提取失败: mat1 and mat2 shapes cannot be multiplied (2x1 and 27x64)
2025-07-10 09:22:01,818 - ERROR - 子图匹配失败: 'EnhancedEmbedFusion' object has no attribute 'projection'
2025-07-10 09:22:01,832 - ERROR - 图嵌入提取失败: mat1 and mat2 shapes cannot be multiplied (2x1 and 27x64)
2025-07-10 09:22:01,832 - ERROR - 子图匹配失败: 'EnhancedEmbedFusion' object has no attribute 'projection'
2025-07-10 09:22:01,844 - ERROR - 图嵌入提取失败: mat1 and mat2 shapes cannot be multiplied (2x1 and 27x64)
2025-07-10 09:22:01,845 - ERROR - 子图匹配失败: 'EnhancedEmbedFusion' object has no attribute 'projection'
2025-07-10 09:22:01,859 - ERROR - 图嵌入提取失败: mat1 and mat2 shapes cannot be multiplied (2x1 and 27x64)
2025-07-10 09:22:01,860 - ERROR - 子图匹配失败: 'EnhancedEmbedFusion' object has no attribute 'projection'
2025-07-10 09:22:01,874 - ERROR - 图嵌入提取失败: mat1 and mat2 shapes cannot be multiplied (2x1 and 27x64)
2025-07-10 09:22:01,875 - ERROR - 子图匹配失败: 'EnhancedEmbedFusion' object has no attribute 'projection'
2025-07-10 09:22:01,887 - ERROR - 图嵌入提取失败: mat1 and mat2 shapes cannot be multiplied (2x1 and 27x64)
2025-07-10 09:22:01,889 - ERROR - 子图匹配失败: 'EnhancedEmbedFusion' object has no attribute 'projection'
2025-07-10 09:22:01,903 - ERROR - 图嵌入提取失败: mat1 and mat2 shapes cannot be multiplied (2x1 and 27x64)
2025-07-10 09:22:01,904 - ERROR - 子图匹配失败: 'EnhancedEmbedFusion' object has no attribute 'projection'
2025-07-10 09:22:01,920 - ERROR - 图嵌入提取失败: mat1 and mat2 shapes cannot be multiplied (2x1 and 27x64)
2025-07-10 09:22:01,921 - ERROR - 子图匹配失败: 'EnhancedEmbedFusion' object has no attribute 'projection'
2025-07-10 09:22:01,937 - ERROR - 图嵌入提取失败: mat1 and mat2 shapes cannot be multiplied (2x1 and 27x64)
2025-07-10 09:22:01,938 - ERROR - 子图匹配失败: 'EnhancedEmbedFusion' object has no attribute 'projection'
2025-07-10 09:22:01,954 - ERROR - 图嵌入提取失败: mat1 and mat2 shapes cannot be multiplied (2x1 and 27x64)
2025-07-10 09:22:01,954 - ERROR - 子图匹配失败: 'EnhancedEmbedFusion' object has no attribute 'projection'
2025-07-10 09:22:01,967 - ERROR - 图嵌入提取失败: mat1 and mat2 shapes cannot be multiplied (2x1 and 27x64)
2025-07-10 09:22:01,968 - ERROR - 子图匹配失败: 'EnhancedEmbedFusion' object has no attribute 'projection'
2025-07-10 09:22:01,983 - ERROR - 图嵌入提取失败: mat1 and mat2 shapes cannot be multiplied (2x1 and 27x64)
2025-07-10 09:22:01,983 - ERROR - 子图匹配失败: 'EnhancedEmbedFusion' object has no attribute 'projection'
2025-07-10 09:22:01,999 - ERROR - 图嵌入提取失败: mat1 and mat2 shapes cannot be multiplied (2x1 and 27x64)
2025-07-10 09:22:01,999 - ERROR - 子图匹配失败: 'EnhancedEmbedFusion' object has no attribute 'projection'
2025-07-10 09:22:02,014 - ERROR - 图嵌入提取失败: mat1 and mat2 shapes cannot be multiplied (2x1 and 27x64)
2025-07-10 09:22:02,014 - ERROR - 子图匹配失败: 'EnhancedEmbedFusion' object has no attribute 'projection'
2025-07-10 09:22:02,032 - ERROR - 图嵌入提取失败: mat1 and mat2 shapes cannot be multiplied (2x1 and 27x64)
2025-07-10 09:22:02,032 - ERROR - 子图匹配失败: 'EnhancedEmbedFusion' object has no attribute 'projection'
2025-07-10 09:22:02,049 - ERROR - 图嵌入提取失败: mat1 and mat2 shapes cannot be multiplied (2x1 and 27x64)
2025-07-10 09:22:02,049 - ERROR - 子图匹配失败: 'EnhancedEmbedFusion' object has no attribute 'projection'
2025-07-10 09:22:02,065 - ERROR - 图嵌入提取失败: mat1 and mat2 shapes cannot be multiplied (2x1 and 27x64)
2025-07-10 09:22:02,065 - ERROR - 子图匹配失败: 'EnhancedEmbedFusion' object has no attribute 'projection'
2025-07-10 09:22:02,066 - INFO - 处理第101/1299个anchor
2025-07-10 09:22:02,080 - ERROR - 图嵌入提取失败: mat1 and mat2 shapes cannot be multiplied (2x1 and 27x64)
2025-07-10 09:22:02,081 - ERROR - 子图匹配失败: 'EnhancedEmbedFusion' object has no attribute 'projection'
2025-07-10 09:22:02,096 - ERROR - 图嵌入提取失败: mat1 and mat2 shapes cannot be multiplied (2x1 and 27x64)
2025-07-10 09:22:02,097 - ERROR - 子图匹配失败: 'EnhancedEmbedFusion' object has no attribute 'projection'
2025-07-10 09:22:02,116 - ERROR - 图嵌入提取失败: mat1 and mat2 shapes cannot be multiplied (2x1 and 27x64)
2025-07-10 09:22:02,117 - ERROR - 子图匹配失败: 'EnhancedEmbedFusion' object has no attribute 'projection'
2025-07-10 09:22:02,132 - ERROR - 图嵌入提取失败: mat1 and mat2 shapes cannot be multiplied (2x1 and 27x64)
2025-07-10 09:22:02,133 - ERROR - 子图匹配失败: 'EnhancedEmbedFusion' object has no attribute 'projection'
2025-07-10 09:22:02,147 - ERROR - 图嵌入提取失败: mat1 and mat2 shapes cannot be multiplied (2x1 and 27x64)
2025-07-10 09:22:02,149 - ERROR - 子图匹配失败: 'EnhancedEmbedFusion' object has no attribute 'projection'
2025-07-10 09:22:02,163 - ERROR - 图嵌入提取失败: mat1 and mat2 shapes cannot be multiplied (2x1 and 27x64)
2025-07-10 09:22:02,164 - ERROR - 子图匹配失败: 'EnhancedEmbedFusion' object has no attribute 'projection'
2025-07-10 09:22:02,178 - ERROR - 图嵌入提取失败: mat1 and mat2 shapes cannot be multiplied (2x1 and 27x64)
2025-07-10 09:22:02,178 - ERROR - 子图匹配失败: 'EnhancedEmbedFusion' object has no attribute 'projection'
2025-07-10 09:22:02,191 - ERROR - 图嵌入提取失败: mat1 and mat2 shapes cannot be multiplied (2x1 and 27x64)
2025-07-10 09:22:02,192 - ERROR - 子图匹配失败: 'EnhancedEmbedFusion' object has no attribute 'projection'
2025-07-10 09:22:02,205 - ERROR - 图嵌入提取失败: mat1 and mat2 shapes cannot be multiplied (2x1 and 27x64)
2025-07-10 09:22:02,205 - ERROR - 子图匹配失败: 'EnhancedEmbedFusion' object has no attribute 'projection'
2025-07-10 09:22:02,220 - ERROR - 图嵌入提取失败: mat1 and mat2 shapes cannot be multiplied (2x1 and 27x64)
2025-07-10 09:22:02,221 - ERROR - 子图匹配失败: 'EnhancedEmbedFusion' object has no attribute 'projection'
2025-07-10 09:22:02,234 - ERROR - 图嵌入提取失败: mat1 and mat2 shapes cannot be multiplied (2x1 and 27x64)
2025-07-10 09:22:02,235 - ERROR - 子图匹配失败: 'EnhancedEmbedFusion' object has no attribute 'projection'
2025-07-10 09:22:02,249 - ERROR - 图嵌入提取失败: mat1 and mat2 shapes cannot be multiplied (2x1 and 27x64)
2025-07-10 09:22:02,250 - ERROR - 子图匹配失败: 'EnhancedEmbedFusion' object has no attribute 'projection'
2025-07-10 09:22:02,263 - ERROR - 图嵌入提取失败: mat1 and mat2 shapes cannot be multiplied (2x1 and 27x64)
2025-07-10 09:22:02,264 - ERROR - 子图匹配失败: 'EnhancedEmbedFusion' object has no attribute 'projection'
2025-07-10 09:22:02,278 - ERROR - 图嵌入提取失败: mat1 and mat2 shapes cannot be multiplied (2x1 and 27x64)
2025-07-10 09:22:02,279 - ERROR - 子图匹配失败: 'EnhancedEmbedFusion' object has no attribute 'projection'
2025-07-10 09:22:02,294 - ERROR - 图嵌入提取失败: mat1 and mat2 shapes cannot be multiplied (2x1 and 27x64)
2025-07-10 09:22:02,295 - ERROR - 子图匹配失败: 'EnhancedEmbedFusion' object has no attribute 'projection'
2025-07-10 09:22:02,314 - ERROR - 图嵌入提取失败: mat1 and mat2 shapes cannot be multiplied (2x1 and 27x64)
2025-07-10 09:22:02,314 - ERROR - 子图匹配失败: 'EnhancedEmbedFusion' object has no attribute 'projection'
2025-07-10 09:22:02,333 - ERROR - 图嵌入提取失败: mat1 and mat2 shapes cannot be multiplied (2x1 and 27x64)
2025-07-10 09:22:02,333 - ERROR - 子图匹配失败: 'EnhancedEmbedFusion' object has no attribute 'projection'
2025-07-10 09:22:02,354 - ERROR - 图嵌入提取失败: mat1 and mat2 shapes cannot be multiplied (2x1 and 27x64)
2025-07-10 09:22:02,355 - ERROR - 子图匹配失败: 'EnhancedEmbedFusion' object has no attribute 'projection'
2025-07-10 09:22:02,407 - ERROR - 图嵌入提取失败: mat1 and mat2 shapes cannot be multiplied (2x1 and 27x64)
2025-07-10 09:22:02,439 - ERROR - 子图匹配失败: 'EnhancedEmbedFusion' object has no attribute 'projection'
2025-07-10 09:22:02,666 - ERROR - 图嵌入提取失败: mat1 and mat2 shapes cannot be multiplied (2x1 and 27x64)
2025-07-10 09:22:02,668 - ERROR - 子图匹配失败: 'EnhancedEmbedFusion' object has no attribute 'projection'
2025-07-10 09:22:02,686 - ERROR - 图嵌入提取失败: mat1 and mat2 shapes cannot be multiplied (2x1 and 27x64)
2025-07-10 09:22:02,686 - ERROR - 子图匹配失败: 'EnhancedEmbedFusion' object has no attribute 'projection'
2025-07-10 09:22:02,703 - ERROR - 图嵌入提取失败: mat1 and mat2 shapes cannot be multiplied (2x1 and 27x64)
2025-07-10 09:22:02,704 - ERROR - 子图匹配失败: 'EnhancedEmbedFusion' object has no attribute 'projection'
2025-07-10 09:22:02,724 - ERROR - 图嵌入提取失败: mat1 and mat2 shapes cannot be multiplied (2x1 and 27x64)
2025-07-10 09:22:02,725 - ERROR - 子图匹配失败: 'EnhancedEmbedFusion' object has no attribute 'projection'
2025-07-10 09:22:02,745 - ERROR - 图嵌入提取失败: mat1 and mat2 shapes cannot be multiplied (2x1 and 27x64)
2025-07-10 09:22:02,745 - ERROR - 子图匹配失败: 'EnhancedEmbedFusion' object has no attribute 'projection'
2025-07-10 09:22:02,763 - ERROR - 图嵌入提取失败: mat1 and mat2 shapes cannot be multiplied (2x1 and 27x64)
2025-07-10 09:22:02,764 - ERROR - 子图匹配失败: 'EnhancedEmbedFusion' object has no attribute 'projection'
2025-07-10 09:22:02,784 - ERROR - 图嵌入提取失败: mat1 and mat2 shapes cannot be multiplied (2x1 and 27x64)
2025-07-10 09:22:02,785 - ERROR - 子图匹配失败: 'EnhancedEmbedFusion' object has no attribute 'projection'
2025-07-10 09:22:02,806 - ERROR - 图嵌入提取失败: mat1 and mat2 shapes cannot be multiplied (2x1 and 27x64)
2025-07-10 09:22:02,807 - ERROR - 子图匹配失败: 'EnhancedEmbedFusion' object has no attribute 'projection'
2025-07-10 09:22:02,841 - ERROR - 图嵌入提取失败: mat1 and mat2 shapes cannot be multiplied (2x1 and 27x64)
2025-07-10 09:22:02,843 - ERROR - 子图匹配失败: 'EnhancedEmbedFusion' object has no attribute 'projection'
2025-07-10 09:22:02,864 - ERROR - 图嵌入提取失败: mat1 and mat2 shapes cannot be multiplied (2x1 and 27x64)
2025-07-10 09:22:02,864 - ERROR - 子图匹配失败: 'EnhancedEmbedFusion' object has no attribute 'projection'
2025-07-10 09:22:02,882 - ERROR - 图嵌入提取失败: mat1 and mat2 shapes cannot be multiplied (2x1 and 27x64)
2025-07-10 09:22:02,884 - ERROR - 子图匹配失败: 'EnhancedEmbedFusion' object has no attribute 'projection'
2025-07-10 09:22:02,909 - ERROR - 图嵌入提取失败: mat1 and mat2 shapes cannot be multiplied (2x1 and 27x64)
2025-07-10 09:22:02,909 - ERROR - 子图匹配失败: 'EnhancedEmbedFusion' object has no attribute 'projection'
2025-07-10 09:22:02,929 - ERROR - 图嵌入提取失败: mat1 and mat2 shapes cannot be multiplied (2x1 and 27x64)
2025-07-10 09:22:02,929 - ERROR - 子图匹配失败: 'EnhancedEmbedFusion' object has no attribute 'projection'
2025-07-10 09:22:02,951 - ERROR - 图嵌入提取失败: mat1 and mat2 shapes cannot be multiplied (2x1 and 27x64)
2025-07-10 09:22:02,952 - ERROR - 子图匹配失败: 'EnhancedEmbedFusion' object has no attribute 'projection'
2025-07-10 09:22:02,972 - ERROR - 图嵌入提取失败: mat1 and mat2 shapes cannot be multiplied (2x1 and 27x64)
2025-07-10 09:22:02,974 - ERROR - 子图匹配失败: 'EnhancedEmbedFusion' object has no attribute 'projection'
2025-07-10 09:22:02,992 - ERROR - 图嵌入提取失败: mat1 and mat2 shapes cannot be multiplied (2x1 and 27x64)
2025-07-10 09:22:02,993 - ERROR - 子图匹配失败: 'EnhancedEmbedFusion' object has no attribute 'projection'
2025-07-10 09:22:03,019 - ERROR - 图嵌入提取失败: mat1 and mat2 shapes cannot be multiplied (2x1 and 27x64)
2025-07-10 09:22:03,019 - ERROR - 子图匹配失败: 'EnhancedEmbedFusion' object has no attribute 'projection'
2025-07-10 09:22:03,037 - ERROR - 图嵌入提取失败: mat1 and mat2 shapes cannot be multiplied (2x1 and 27x64)
2025-07-10 09:22:03,038 - ERROR - 子图匹配失败: 'EnhancedEmbedFusion' object has no attribute 'projection'
2025-07-10 09:22:03,059 - ERROR - 图嵌入提取失败: mat1 and mat2 shapes cannot be multiplied (2x1 and 27x64)
2025-07-10 09:22:03,061 - ERROR - 子图匹配失败: 'EnhancedEmbedFusion' object has no attribute 'projection'
2025-07-10 09:22:03,081 - ERROR - 图嵌入提取失败: mat1 and mat2 shapes cannot be multiplied (2x1 and 27x64)
2025-07-10 09:22:03,081 - ERROR - 子图匹配失败: 'EnhancedEmbedFusion' object has no attribute 'projection'
2025-07-10 09:22:03,103 - ERROR - 图嵌入提取失败: mat1 and mat2 shapes cannot be multiplied (2x1 and 27x64)
2025-07-10 09:22:03,104 - ERROR - 子图匹配失败: 'EnhancedEmbedFusion' object has no attribute 'projection'
2025-07-10 09:22:03,124 - ERROR - 图嵌入提取失败: mat1 and mat2 shapes cannot be multiplied (2x1 and 27x64)
2025-07-10 09:22:03,125 - ERROR - 子图匹配失败: 'EnhancedEmbedFusion' object has no attribute 'projection'
2025-07-10 09:22:03,149 - ERROR - 图嵌入提取失败: mat1 and mat2 shapes cannot be multiplied (2x1 and 27x64)
2025-07-10 09:22:03,149 - ERROR - 子图匹配失败: 'EnhancedEmbedFusion' object has no attribute 'projection'
2025-07-10 09:22:03,169 - ERROR - 图嵌入提取失败: mat1 and mat2 shapes cannot be multiplied (2x1 and 27x64)
2025-07-10 09:22:03,169 - ERROR - 子图匹配失败: 'EnhancedEmbedFusion' object has no attribute 'projection'
2025-07-10 09:22:03,191 - ERROR - 图嵌入提取失败: mat1 and mat2 shapes cannot be multiplied (2x1 and 27x64)
2025-07-10 09:22:03,192 - ERROR - 子图匹配失败: 'EnhancedEmbedFusion' object has no attribute 'projection'
2025-07-10 09:22:03,214 - ERROR - 图嵌入提取失败: mat1 and mat2 shapes cannot be multiplied (2x1 and 27x64)
2025-07-10 09:22:03,214 - ERROR - 子图匹配失败: 'EnhancedEmbedFusion' object has no attribute 'projection'
2025-07-10 09:22:03,234 - ERROR - 图嵌入提取失败: mat1 and mat2 shapes cannot be multiplied (2x1 and 27x64)
2025-07-10 09:22:03,235 - ERROR - 子图匹配失败: 'EnhancedEmbedFusion' object has no attribute 'projection'
2025-07-10 09:22:03,257 - ERROR - 图嵌入提取失败: mat1 and mat2 shapes cannot be multiplied (2x1 and 27x64)
2025-07-10 09:22:03,257 - ERROR - 子图匹配失败: 'EnhancedEmbedFusion' object has no attribute 'projection'
2025-07-10 09:22:03,278 - ERROR - 图嵌入提取失败: mat1 and mat2 shapes cannot be multiplied (2x1 and 27x64)
2025-07-10 09:22:03,278 - ERROR - 子图匹配失败: 'EnhancedEmbedFusion' object has no attribute 'projection'
2025-07-10 09:22:03,300 - ERROR - 图嵌入提取失败: mat1 and mat2 shapes cannot be multiplied (2x1 and 27x64)
2025-07-10 09:22:03,300 - ERROR - 子图匹配失败: 'EnhancedEmbedFusion' object has no attribute 'projection'
2025-07-10 09:22:03,322 - ERROR - 图嵌入提取失败: mat1 and mat2 shapes cannot be multiplied (2x1 and 27x64)
2025-07-10 09:22:03,323 - ERROR - 子图匹配失败: 'EnhancedEmbedFusion' object has no attribute 'projection'
2025-07-10 09:22:03,345 - ERROR - 图嵌入提取失败: mat1 and mat2 shapes cannot be multiplied (2x1 and 27x64)
2025-07-10 09:22:03,345 - ERROR - 子图匹配失败: 'EnhancedEmbedFusion' object has no attribute 'projection'
2025-07-10 09:22:03,370 - ERROR - 图嵌入提取失败: mat1 and mat2 shapes cannot be multiplied (2x1 and 27x64)
2025-07-10 09:22:03,371 - ERROR - 子图匹配失败: 'EnhancedEmbedFusion' object has no attribute 'projection'
2025-07-10 09:22:03,396 - ERROR - 图嵌入提取失败: mat1 and mat2 shapes cannot be multiplied (2x1 and 27x64)
2025-07-10 09:22:03,397 - ERROR - 子图匹配失败: 'EnhancedEmbedFusion' object has no attribute 'projection'
2025-07-10 09:22:03,420 - ERROR - 图嵌入提取失败: mat1 and mat2 shapes cannot be multiplied (2x1 and 27x64)
2025-07-10 09:22:03,422 - ERROR - 子图匹配失败: 'EnhancedEmbedFusion' object has no attribute 'projection'
2025-07-10 09:22:03,444 - ERROR - 图嵌入提取失败: mat1 and mat2 shapes cannot be multiplied (2x1 and 27x64)
2025-07-10 09:22:03,445 - ERROR - 子图匹配失败: 'EnhancedEmbedFusion' object has no attribute 'projection'
2025-07-10 09:22:03,469 - ERROR - 图嵌入提取失败: mat1 and mat2 shapes cannot be multiplied (2x1 and 27x64)
2025-07-10 09:22:03,470 - ERROR - 子图匹配失败: 'EnhancedEmbedFusion' object has no attribute 'projection'
2025-07-10 09:22:03,493 - ERROR - 图嵌入提取失败: mat1 and mat2 shapes cannot be multiplied (2x1 and 27x64)
2025-07-10 09:22:03,494 - ERROR - 子图匹配失败: 'EnhancedEmbedFusion' object has no attribute 'projection'
2025-07-10 09:22:03,516 - ERROR - 图嵌入提取失败: mat1 and mat2 shapes cannot be multiplied (2x1 and 27x64)
2025-07-10 09:22:03,517 - ERROR - 子图匹配失败: 'EnhancedEmbedFusion' object has no attribute 'projection'
2025-07-10 09:22:03,534 - ERROR - 图嵌入提取失败: mat1 and mat2 shapes cannot be multiplied (2x1 and 27x64)
2025-07-10 09:22:03,535 - ERROR - 子图匹配失败: 'EnhancedEmbedFusion' object has no attribute 'projection'
2025-07-10 09:22:03,556 - ERROR - 图嵌入提取失败: mat1 and mat2 shapes cannot be multiplied (2x1 and 27x64)
2025-07-10 09:22:03,557 - ERROR - 子图匹配失败: 'EnhancedEmbedFusion' object has no attribute 'projection'
2025-07-10 09:22:03,575 - ERROR - 图嵌入提取失败: mat1 and mat2 shapes cannot be multiplied (2x1 and 27x64)
2025-07-10 09:22:03,577 - ERROR - 子图匹配失败: 'EnhancedEmbedFusion' object has no attribute 'projection'
2025-07-10 09:22:03,598 - ERROR - 图嵌入提取失败: mat1 and mat2 shapes cannot be multiplied (2x1 and 27x64)
2025-07-10 09:22:03,600 - ERROR - 子图匹配失败: 'EnhancedEmbedFusion' object has no attribute 'projection'
2025-07-10 09:22:03,616 - ERROR - 图嵌入提取失败: mat1 and mat2 shapes cannot be multiplied (2x1 and 27x64)
2025-07-10 09:22:03,618 - ERROR - 子图匹配失败: 'EnhancedEmbedFusion' object has no attribute 'projection'
2025-07-10 09:22:03,639 - ERROR - 图嵌入提取失败: mat1 and mat2 shapes cannot be multiplied (2x1 and 27x64)
2025-07-10 09:22:03,640 - ERROR - 子图匹配失败: 'EnhancedEmbedFusion' object has no attribute 'projection'
2025-07-10 09:22:03,662 - ERROR - 图嵌入提取失败: mat1 and mat2 shapes cannot be multiplied (2x1 and 27x64)
2025-07-10 09:22:03,663 - ERROR - 子图匹配失败: 'EnhancedEmbedFusion' object has no attribute 'projection'
2025-07-10 09:22:03,685 - ERROR - 图嵌入提取失败: mat1 and mat2 shapes cannot be multiplied (2x1 and 27x64)
2025-07-10 09:22:03,685 - ERROR - 子图匹配失败: 'EnhancedEmbedFusion' object has no attribute 'projection'
2025-07-10 09:22:03,705 - ERROR - 图嵌入提取失败: mat1 and mat2 shapes cannot be multiplied (2x1 and 27x64)
2025-07-10 09:22:03,706 - ERROR - 子图匹配失败: 'EnhancedEmbedFusion' object has no attribute 'projection'
2025-07-10 09:22:03,727 - ERROR - 图嵌入提取失败: mat1 and mat2 shapes cannot be multiplied (2x1 and 27x64)
2025-07-10 09:22:03,727 - ERROR - 子图匹配失败: 'EnhancedEmbedFusion' object has no attribute 'projection'
2025-07-10 09:22:03,746 - ERROR - 图嵌入提取失败: mat1 and mat2 shapes cannot be multiplied (2x1 and 27x64)
2025-07-10 09:22:03,746 - ERROR - 子图匹配失败: 'EnhancedEmbedFusion' object has no attribute 'projection'
2025-07-10 09:22:03,769 - ERROR - 图嵌入提取失败: mat1 and mat2 shapes cannot be multiplied (2x1 and 27x64)
2025-07-10 09:22:03,770 - ERROR - 子图匹配失败: 'EnhancedEmbedFusion' object has no attribute 'projection'
2025-07-10 09:22:03,794 - ERROR - 图嵌入提取失败: mat1 and mat2 shapes cannot be multiplied (2x1 and 27x64)
2025-07-10 09:22:03,794 - ERROR - 子图匹配失败: 'EnhancedEmbedFusion' object has no attribute 'projection'
2025-07-10 09:22:03,816 - ERROR - 图嵌入提取失败: mat1 and mat2 shapes cannot be multiplied (2x1 and 27x64)
2025-07-10 09:22:03,816 - ERROR - 子图匹配失败: 'EnhancedEmbedFusion' object has no attribute 'projection'
2025-07-10 09:22:03,833 - ERROR - 图嵌入提取失败: mat1 and mat2 shapes cannot be multiplied (2x1 and 27x64)
2025-07-10 09:22:03,834 - ERROR - 子图匹配失败: 'EnhancedEmbedFusion' object has no attribute 'projection'
2025-07-10 09:22:03,854 - ERROR - 图嵌入提取失败: mat1 and mat2 shapes cannot be multiplied (2x1 and 27x64)
2025-07-10 09:22:03,855 - ERROR - 子图匹配失败: 'EnhancedEmbedFusion' object has no attribute 'projection'
2025-07-10 09:22:03,875 - ERROR - 图嵌入提取失败: mat1 and mat2 shapes cannot be multiplied (2x1 and 27x64)
2025-07-10 09:22:03,876 - ERROR - 子图匹配失败: 'EnhancedEmbedFusion' object has no attribute 'projection'
2025-07-10 09:22:03,895 - ERROR - 图嵌入提取失败: mat1 and mat2 shapes cannot be multiplied (2x1 and 27x64)
2025-07-10 09:22:03,896 - ERROR - 子图匹配失败: 'EnhancedEmbedFusion' object has no attribute 'projection'
2025-07-10 09:22:03,916 - ERROR - 图嵌入提取失败: mat1 and mat2 shapes cannot be multiplied (2x1 and 27x64)
2025-07-10 09:22:03,917 - ERROR - 子图匹配失败: 'EnhancedEmbedFusion' object has no attribute 'projection'
2025-07-10 09:22:03,940 - ERROR - 图嵌入提取失败: mat1 and mat2 shapes cannot be multiplied (2x1 and 27x64)
2025-07-10 09:22:03,941 - ERROR - 子图匹配失败: 'EnhancedEmbedFusion' object has no attribute 'projection'
