2025-07-01 07:24:35,981 - INFO - StructMatch系统初始化完成
2025-07-01 07:24:35,983 - INFO - 开始加载数据...
2025-07-01 07:24:35,985 - INFO - 成功加载知识图谱: 10个实体, 4种关系, 12个三元组
2025-07-01 07:24:35,988 - INFO - 成功加载3条规则
2025-07-01 07:24:35,989 - INFO - 数据加载完成
2025-07-01 07:24:35,991 - INFO - 开始批量匹配，共4个anchor
2025-07-01 07:24:35,992 - INFO - 处理第1/4个anchor
2025-07-01 07:24:35,993 - INFO - 开始处理anchor: ('A', 'friendOf', 'B')
2025-07-01 07:24:36,160 - INFO - 步骤 1: 添加边 ('A', 'D', 'knows'), 当前相似度: 0.5400
2025-07-01 07:24:36,212 - INFO - 步骤 2: 添加边 ('B', 'E', 'knows'), 当前相似度: 0.9211
2025-07-01 07:24:36,274 - INFO - 步骤 3: 添加边 ('D', 'C', 'knows'), 当前相似度: 0.9472
2025-07-01 07:24:36,344 - INFO - 步骤 4: 添加边 ('E', 'F', 'friendOf'), 当前相似度: 0.9597
2025-07-01 07:24:36,429 - INFO - 步骤 5: 添加边 ('A', 'Tokyo', 'livesIn'), 当前相似度: 0.9700
2025-07-01 07:24:36,447 - INFO - 匹配成功: True
2025-07-01 07:24:36,448 - INFO - 匹配得分: 0.9748
2025-07-01 07:24:36,449 - INFO - 扩展子图节点: ['A', 'B', 'D', 'E', 'C', 'F', 'Tokyo']
2025-07-01 07:24:36,449 - INFO - 扩展子图边: [('A', 'B', 'friendOf'), ('A', 'D', 'knows'), ('A', 'Tokyo', 'livesIn'), ('B', 'E', 'knows'), ('D', 'C', 'knows'), ('E', 'F', 'friendOf')]
2025-07-01 07:24:36,450 - INFO - 处理第2/4个anchor
2025-07-01 07:24:36,450 - INFO - 开始处理anchor: ('B', 'worksWith', 'D')
2025-07-01 07:24:36,520 - INFO - 步骤 1: 添加边 ('A', 'D', 'knows'), 当前相似度: 0.4822
2025-07-01 07:24:36,589 - INFO - 步骤 2: 添加边 ('B', 'C', 'worksWith'), 当前相似度: 0.9097
2025-07-01 07:24:36,666 - INFO - 步骤 3: 添加边 ('D', 'Osaka', 'livesIn'), 当前相似度: 0.9363
2025-07-01 07:24:36,754 - INFO - 步骤 4: 添加边 ('B', 'Osaka', 'livesIn'), 当前相似度: 0.9486
2025-07-01 07:24:36,829 - INFO - 步骤 5: 添加边 ('A', 'B', 'friendOf'), 当前相似度: 0.9116
2025-07-01 07:24:36,844 - INFO - 匹配成功: True
2025-07-01 07:24:36,845 - INFO - 匹配得分: 0.9039
2025-07-01 07:24:36,846 - INFO - 扩展子图节点: ['B', 'D', 'A', 'C', 'Osaka']
2025-07-01 07:24:36,846 - INFO - 扩展子图边: [('B', 'D', 'worksWith'), ('B', 'C', 'worksWith'), ('B', 'Osaka', 'livesIn'), ('B', 'A', 'friendOf'), ('D', 'A', 'knows'), ('D', 'Osaka', 'livesIn')]
2025-07-01 07:24:36,847 - INFO - 处理第3/4个anchor
2025-07-01 07:24:36,847 - INFO - 开始处理anchor: ('E', 'friendOf', 'F')
2025-07-01 07:24:36,880 - INFO - 步骤 1: 添加边 ('B', 'E', 'knows'), 当前相似度: 0.4954
2025-07-01 07:24:36,916 - INFO - 步骤 2: 添加边 ('A', 'B', 'friendOf'), 当前相似度: 0.9325
2025-07-01 07:24:36,963 - INFO - 步骤 3: 添加边 ('A', 'Tokyo', 'livesIn'), 当前相似度: 0.9687
2025-07-01 07:24:37,015 - INFO - 步骤 4: 添加边 ('C', 'Tokyo', 'livesIn'), 当前相似度: 0.9628
2025-07-01 07:24:37,081 - INFO - 步骤 5: 添加边 ('F', 'G', 'worksWith'), 当前相似度: 0.9585
2025-07-01 07:24:37,097 - INFO - 匹配成功: True
2025-07-01 07:24:37,098 - INFO - 匹配得分: 0.9712
2025-07-01 07:24:37,098 - INFO - 扩展子图节点: ['E', 'F', 'B', 'A', 'Tokyo', 'C', 'G']
2025-07-01 07:24:37,098 - INFO - 扩展子图边: [('E', 'F', 'friendOf'), ('E', 'B', 'knows'), ('F', 'G', 'worksWith'), ('B', 'A', 'friendOf'), ('A', 'Tokyo', 'livesIn'), ('Tokyo', 'C', 'livesIn')]
2025-07-01 07:24:37,099 - INFO - 处理第4/4个anchor
2025-07-01 07:24:37,099 - INFO - 开始处理anchor: ('A', 'livesIn', 'Tokyo')
2025-07-01 07:24:37,138 - INFO - 步骤 1: 添加边 ('A', 'D', 'knows'), 当前相似度: 0.4997
2025-07-01 07:24:37,213 - INFO - 步骤 2: 添加边 ('C', 'Tokyo', 'livesIn'), 当前相似度: 0.9329
2025-07-01 07:24:37,414 - INFO - 步骤 3: 添加边 ('D', 'Osaka', 'livesIn'), 当前相似度: 0.9646
2025-07-01 07:24:37,470 - INFO - 步骤 4: 添加边 ('B', 'C', 'worksWith'), 当前相似度: 0.9676
2025-07-01 07:24:37,583 - INFO - 步骤 5: 添加边 ('A', 'B', 'friendOf'), 当前相似度: 0.9378
2025-07-01 07:24:37,598 - INFO - 匹配成功: True
2025-07-01 07:24:37,599 - INFO - 匹配得分: 0.9685
2025-07-01 07:24:37,599 - INFO - 扩展子图节点: ['A', 'Tokyo', 'D', 'C', 'Osaka', 'B']
2025-07-01 07:24:37,600 - INFO - 扩展子图边: [('A', 'Tokyo', 'livesIn'), ('A', 'D', 'knows'), ('A', 'B', 'friendOf'), ('Tokyo', 'C', 'livesIn'), ('D', 'Osaka', 'livesIn'), ('C', 'B', 'worksWith')]
2025-07-01 07:24:37,601 - INFO - 批量匹配完成: 4/4 成功匹配
