2025-07-17 02:21:21,231 - INFO - 成功加载预训练embedding
2025-07-17 02:21:21,332 - INFO - StructMatch系统初始化完成（集成语义增强）
2025-07-17 02:21:21,333 - INFO - 开始加载数据...
2025-07-17 02:21:22,464 - INFO - 成功加载知识图谱: 40559个实体, 11种关系, 86835个三元组
2025-07-17 02:21:22,466 - INFO - 成功加载2条规则
2025-07-17 02:21:22,467 - INFO - 数据加载完成
2025-07-17 02:21:22,476 - INFO - 收集规则第一个谓词对应的anchor: _also_see
2025-07-17 02:21:22,628 - INFO - 收集到 1299 个anchor
2025-07-17 02:21:22,629 - INFO - 开始批量匹配，共1299个anchor
2025-07-17 02:21:22,630 - INFO - 处理第1/1299个anchor
2025-07-17 02:23:07,255 - INFO - 处理第101/1299个anchor
2025-07-17 02:24:53,364 - INFO - 处理第201/1299个anchor
2025-07-17 02:26:36,113 - INFO - 处理第301/1299个anchor
2025-07-17 02:28:20,272 - INFO - 处理第401/1299个anchor
2025-07-17 02:30:00,440 - INFO - 处理第501/1299个anchor
2025-07-17 02:31:44,152 - INFO - 处理第601/1299个anchor
2025-07-17 02:33:26,933 - INFO - 处理第701/1299个anchor
2025-07-17 02:35:14,216 - INFO - 处理第801/1299个anchor
2025-07-17 02:36:55,659 - INFO - 处理第901/1299个anchor
2025-07-17 02:38:39,913 - INFO - 处理第1001/1299个anchor
2025-07-17 02:40:19,582 - INFO - 处理第1101/1299个anchor
2025-07-17 02:41:58,742 - INFO - 处理第1201/1299个anchor
2025-07-17 02:43:35,857 - INFO - 批量匹配完成: 0/1299 成功匹配
2025-07-17 02:43:35,958 - INFO - 结果已保存到: results.json
