2025-07-01 07:26:24,603 - INFO - StructMatch系统初始化完成
2025-07-01 07:26:24,604 - INFO - 开始加载数据...
2025-07-01 07:26:24,605 - INFO - 成功加载知识图谱: 10个实体, 4种关系, 12个三元组
2025-07-01 07:26:24,606 - INFO - 成功加载3条规则
2025-07-01 07:26:24,606 - INFO - 数据加载完成
2025-07-01 07:26:24,607 - INFO - 开始批量匹配，共4个anchor
2025-07-01 07:26:24,608 - INFO - 处理第1/4个anchor
2025-07-01 07:26:24,609 - INFO - 开始处理anchor: ('A', 'friendOf', 'B')
2025-07-01 07:26:24,690 - INFO - 步骤 1: 添加边 ('B', 'Osaka', 'livesIn'), 当前相似度: 0.4338
2025-07-01 07:26:24,735 - INFO - 步骤 2: 添加边 ('A', 'D', 'knows'), 当前相似度: 0.9382
2025-07-01 07:26:24,790 - INFO - 步骤 3: 添加边 ('A', 'Tokyo', 'livesIn'), 当前相似度: 0.9851
2025-07-01 07:26:24,890 - INFO - 步骤 4: 添加边 ('D', 'Osaka', 'livesIn'), 当前相似度: 0.9642
2025-07-01 07:26:24,935 - INFO - 步骤 5: 添加边 ('B', 'E', 'knows'), 当前相似度: 0.9544
2025-07-01 07:26:24,952 - INFO - 匹配成功: True
2025-07-01 07:26:24,953 - INFO - 匹配得分: 0.9729
2025-07-01 07:26:24,954 - INFO - 扩展子图节点: ['A', 'B', 'Osaka', 'D', 'Tokyo', 'E']
2025-07-01 07:26:24,954 - INFO - 扩展子图边: [('A', 'B', 'friendOf'), ('A', 'D', 'knows'), ('A', 'Tokyo', 'livesIn'), ('B', 'Osaka', 'livesIn'), ('B', 'E', 'knows'), ('Osaka', 'D', 'livesIn')]
2025-07-01 07:26:24,954 - INFO - 处理第2/4个anchor
2025-07-01 07:26:24,955 - INFO - 开始处理anchor: ('B', 'worksWith', 'D')
2025-07-01 07:26:25,065 - INFO - 步骤 1: 添加边 ('D', 'C', 'knows'), 当前相似度: 0.3797
2025-07-01 07:26:25,139 - INFO - 步骤 2: 添加边 ('B', 'Osaka', 'livesIn'), 当前相似度: 0.9494
2025-07-01 07:26:25,218 - INFO - 步骤 3: 添加边 ('C', 'Tokyo', 'livesIn'), 当前相似度: 0.9271
2025-07-01 07:26:25,341 - INFO - 步骤 4: 添加边 ('A', 'Tokyo', 'livesIn'), 当前相似度: 0.9212
2025-07-01 07:26:25,434 - INFO - 步骤 5: 添加边 ('A', 'B', 'friendOf'), 当前相似度: 0.9606
2025-07-01 07:26:25,449 - INFO - 匹配成功: True
2025-07-01 07:26:25,450 - INFO - 匹配得分: 0.9656
2025-07-01 07:26:25,450 - INFO - 扩展子图节点: ['B', 'D', 'C', 'Osaka', 'Tokyo', 'A']
2025-07-01 07:26:25,451 - INFO - 扩展子图边: [('B', 'D', 'worksWith'), ('B', 'Osaka', 'livesIn'), ('B', 'A', 'friendOf'), ('D', 'C', 'knows'), ('C', 'Tokyo', 'livesIn'), ('Tokyo', 'A', 'livesIn')]
2025-07-01 07:26:25,451 - INFO - 处理第3/4个anchor
2025-07-01 07:26:25,452 - INFO - 开始处理anchor: ('E', 'friendOf', 'F')
2025-07-01 07:26:25,484 - INFO - 步骤 1: 添加边 ('F', 'G', 'worksWith'), 当前相似度: 0.3517
2025-07-01 07:26:25,506 - INFO - 步骤 2: 添加边 ('G', 'H', 'knows'), 当前相似度: 0.9749
2025-07-01 07:26:25,523 - INFO - 步骤 3: 添加边 ('B', 'E', 'knows'), 当前相似度: 0.9643
2025-07-01 07:26:25,559 - INFO - 步骤 4: 添加边 ('A', 'B', 'friendOf'), 当前相似度: 0.9771
2025-07-01 07:26:25,611 - INFO - 步骤 5: 添加边 ('A', 'Tokyo', 'livesIn'), 当前相似度: 0.9637
2025-07-01 07:26:25,627 - INFO - 匹配成功: True
2025-07-01 07:26:25,628 - INFO - 匹配得分: 0.9849
2025-07-01 07:26:25,628 - INFO - 扩展子图节点: ['E', 'F', 'G', 'H', 'B', 'A', 'Tokyo']
2025-07-01 07:26:25,629 - INFO - 扩展子图边: [('E', 'F', 'friendOf'), ('E', 'B', 'knows'), ('F', 'G', 'worksWith'), ('G', 'H', 'knows'), ('B', 'A', 'friendOf'), ('A', 'Tokyo', 'livesIn')]
2025-07-01 07:26:25,630 - INFO - 处理第4/4个anchor
2025-07-01 07:26:25,631 - INFO - 开始处理anchor: ('A', 'livesIn', 'Tokyo')
2025-07-01 07:26:25,703 - INFO - 步骤 1: 添加边 ('C', 'Tokyo', 'livesIn'), 当前相似度: 0.3902
2025-07-01 07:26:25,741 - INFO - 步骤 2: 添加边 ('B', 'C', 'worksWith'), 当前相似度: 0.9111
2025-07-01 07:26:25,797 - INFO - 步骤 3: 添加边 ('B', 'Osaka', 'livesIn'), 当前相似度: 0.9289
2025-07-01 07:26:25,863 - INFO - 步骤 4: 添加边 ('A', 'D', 'knows'), 当前相似度: 0.9413
2025-07-01 07:26:25,938 - INFO - 步骤 5: 添加边 ('A', 'B', 'friendOf'), 当前相似度: 0.9174
2025-07-01 07:26:25,954 - INFO - 匹配成功: True
2025-07-01 07:26:25,954 - INFO - 匹配得分: 0.9127
2025-07-01 07:26:25,955 - INFO - 扩展子图节点: ['A', 'Tokyo', 'C', 'B', 'Osaka', 'D']
2025-07-01 07:26:25,956 - INFO - 扩展子图边: [('A', 'Tokyo', 'livesIn'), ('A', 'D', 'knows'), ('A', 'B', 'friendOf'), ('Tokyo', 'C', 'livesIn'), ('C', 'B', 'worksWith'), ('B', 'Osaka', 'livesIn')]
2025-07-01 07:26:25,956 - INFO - 批量匹配完成: 4/4 成功匹配
