2025-07-17 05:40:52,084 - INFO - 成功加载预训练embedding
2025-07-17 05:40:52,236 - INFO - StructMatch系统初始化完成（集成语义增强）
2025-07-17 05:40:52,237 - INFO - 开始加载数据...
2025-07-17 05:40:53,620 - INFO - 成功加载知识图谱: 40559个实体, 11种关系, 86835个三元组
2025-07-17 05:40:53,622 - INFO - 成功加载2条规则
2025-07-17 05:40:53,623 - INFO - 数据加载完成
2025-07-17 05:40:53,632 - INFO - 收集规则第一个谓词对应的anchor: _also_see
2025-07-17 05:40:53,824 - INFO - 收集到 1299 个anchor
2025-07-17 05:40:53,825 - INFO - 开始批量匹配，共1299个anchor
2025-07-17 05:40:53,826 - INFO - 处理第1/1299个anchor
2025-07-17 05:40:53,989 - INFO - 匹配成功: anchor ('01698271', '_also_see', '01754576'), 得分: 0.9012
2025-07-17 05:40:54,853 - INFO - 匹配成功: anchor ('00452512', '_also_see', '01695567'), 得分: 0.8975
2025-07-17 05:41:02,337 - INFO - 处理第101/1299个anchor
2025-07-17 05:41:03,575 - INFO - 匹配成功: anchor ('02251743', '_also_see', '02284803'), 得分: 0.8950
2025-07-17 05:41:05,212 - INFO - 匹配成功: anchor ('02207206', '_also_see', '02323286'), 得分: 0.8878
2025-07-17 05:41:12,369 - INFO - 匹配成功: anchor ('01494310', '_also_see', '01981036'), 得分: 0.8969
2025-07-17 05:41:13,371 - INFO - 处理第201/1299个anchor
2025-07-17 05:41:17,302 - INFO - 匹配成功: anchor ('02245403', '_also_see', '02166346'), 得分: 0.8709
2025-07-17 05:41:23,456 - INFO - 处理第301/1299个anchor
2025-07-17 05:41:34,641 - INFO - 处理第401/1299个anchor
2025-07-17 05:41:44,555 - INFO - 处理第501/1299个anchor
2025-07-17 05:41:53,133 - INFO - 匹配成功: anchor ('01849221', '_also_see', '01970348'), 得分: 0.9219
2025-07-17 05:41:54,713 - INFO - 处理第601/1299个anchor
2025-07-17 05:42:04,891 - INFO - 处理第701/1299个anchor
2025-07-17 05:42:08,170 - INFO - 匹配成功: anchor ('01493741', '_also_see', '00213794'), 得分: 0.9348
2025-07-17 05:42:11,441 - INFO - 匹配成功: anchor ('02174896', '_also_see', '02166346'), 得分: 0.8837
2025-07-17 05:42:15,208 - INFO - 处理第801/1299个anchor
2025-07-17 05:42:25,087 - INFO - 处理第901/1299个anchor
2025-07-17 05:42:26,186 - INFO - 匹配成功: anchor ('02244619', '_also_see', '02166346'), 得分: 0.9065
2025-07-17 05:42:35,318 - INFO - 处理第1001/1299个anchor
2025-07-17 05:42:35,526 - INFO - 匹配成功: anchor ('01908039', '_also_see', '00427786'), 得分: 0.9196
2025-07-17 05:42:35,605 - INFO - 匹配成功: anchor ('00427786', '_also_see', '01908039'), 得分: 0.9039
2025-07-17 05:42:43,743 - INFO - 处理第1101/1299个anchor
2025-07-17 05:42:50,454 - INFO - 匹配成功: anchor ('01646941', '_also_see', '01489722'), 得分: 0.8912
2025-07-17 05:42:50,592 - INFO - 匹配成功: anchor ('01646941', '_also_see', '02100709'), 得分: 0.9169
2025-07-17 05:42:50,886 - INFO - 匹配成功: anchor ('01489722', '_also_see', '01646941'), 得分: 0.8586
2025-07-17 05:42:52,768 - INFO - 处理第1201/1299个anchor
2025-07-17 05:42:57,433 - INFO - 匹配成功: anchor ('01417868', '_also_see', '01666002'), 得分: 0.9106
2025-07-17 05:43:01,411 - INFO - 批量匹配完成: 16/1299 成功匹配
2025-07-17 05:43:01,628 - INFO - 成功加载预训练embedding
2025-07-17 05:43:01,640 - INFO - StructMatch系统初始化完成（集成语义增强）
2025-07-17 05:43:01,660 - INFO - 开始加载数据...
2025-07-17 05:43:03,973 - INFO - 成功加载知识图谱: 40559个实体, 11种关系, 86835个三元组
2025-07-17 05:43:03,975 - INFO - 成功加载2条规则
2025-07-17 05:43:03,975 - INFO - 数据加载完成
2025-07-17 05:43:03,989 - INFO - 收集规则第一个谓词对应的anchor: _also_see
2025-07-17 05:43:04,162 - INFO - 收集到 1299 个anchor
2025-07-17 05:43:04,162 - INFO - 开始批量匹配，共1299个anchor
2025-07-17 05:43:04,163 - INFO - 处理第1/1299个anchor
2025-07-17 05:43:05,053 - INFO - 匹配成功: anchor ('00452512', '_also_see', '01695567'), 得分: 0.8100
2025-07-17 05:43:14,188 - INFO - 处理第101/1299个anchor
2025-07-17 05:43:18,794 - INFO - 匹配成功: anchor ('02207206', '_also_see', '02323286'), 得分: 0.8016
2025-07-17 05:43:25,639 - INFO - 匹配成功: anchor ('01494310', '_also_see', '01981036'), 得分: 0.7924
2025-07-17 05:43:27,288 - INFO - 处理第201/1299个anchor
2025-07-17 05:43:33,631 - INFO - 匹配成功: anchor ('02245403', '_also_see', '02166346'), 得分: 0.7908
2025-07-17 05:43:40,141 - INFO - 处理第301/1299个anchor
2025-07-17 05:43:50,653 - INFO - 处理第401/1299个anchor
2025-07-17 05:44:00,050 - INFO - 处理第501/1299个anchor
2025-07-17 05:44:02,215 - INFO - 匹配成功: anchor ('02100709', '_also_see', '01646941'), 得分: 0.7809
2025-07-17 05:44:10,650 - INFO - 处理第601/1299个anchor
2025-07-17 05:44:19,052 - INFO - 匹配成功: anchor ('02077656', '_also_see', '01981036'), 得分: 0.7288
2025-07-17 05:44:20,397 - INFO - 处理第701/1299个anchor
2025-07-17 05:44:29,514 - INFO - 处理第801/1299个anchor
2025-07-17 05:44:38,779 - INFO - 处理第901/1299个anchor
2025-07-17 05:44:39,651 - INFO - 匹配成功: anchor ('02244619', '_also_see', '02166346'), 得分: 0.7721
2025-07-17 05:44:39,747 - INFO - 匹配成功: anchor ('02166346', '_also_see', '02244619'), 得分: 0.7438
2025-07-17 05:44:47,123 - INFO - 处理第1001/1299个anchor
2025-07-17 05:44:53,147 - INFO - 匹配成功: anchor ('00111129', '_also_see', '01430111'), 得分: 0.7980
2025-07-17 05:44:55,896 - INFO - 处理第1101/1299个anchor
2025-07-17 05:45:03,199 - INFO - 匹配成功: anchor ('01646941', '_also_see', '01640850'), 得分: 0.7995
2025-07-17 05:45:03,334 - INFO - 匹配成功: anchor ('01489722', '_also_see', '01646941'), 得分: 0.7766
2025-07-17 05:45:05,092 - INFO - 处理第1201/1299个anchor
2025-07-17 05:45:10,232 - INFO - 匹配成功: anchor ('01417868', '_also_see', '01666002'), 得分: 0.7908
2025-07-17 05:45:13,914 - INFO - 批量匹配完成: 12/1299 成功匹配
2025-07-17 05:45:14,097 - INFO - 成功加载预训练embedding
2025-07-17 05:45:14,110 - INFO - StructMatch系统初始化完成（集成语义增强）
2025-07-17 05:45:14,153 - INFO - 开始加载数据...
2025-07-17 05:45:17,035 - INFO - 成功加载知识图谱: 40559个实体, 11种关系, 86835个三元组
2025-07-17 05:45:17,041 - INFO - 成功加载2条规则
2025-07-17 05:45:17,042 - INFO - 数据加载完成
2025-07-17 05:45:17,077 - INFO - 收集规则第一个谓词对应的anchor: _also_see
2025-07-17 05:45:17,494 - INFO - 收集到 1299 个anchor
2025-07-17 05:45:17,495 - INFO - 开始批量匹配，共1299个anchor
2025-07-17 05:45:17,496 - INFO - 处理第1/1299个anchor
2025-07-17 05:45:17,945 - INFO - 匹配成功: anchor ('01698271', '_also_see', '01754576'), 得分: 0.9022
2025-07-17 05:45:27,064 - INFO - 处理第101/1299个anchor
2025-07-17 05:45:31,291 - INFO - 匹配成功: anchor ('02207206', '_also_see', '02323286'), 得分: 0.8417
2025-07-17 05:45:31,404 - INFO - 匹配成功: anchor ('02207206', '_also_see', '02274299'), 得分: 0.9083
2025-07-17 05:45:38,103 - INFO - 处理第201/1299个anchor
2025-07-17 05:45:41,536 - INFO - 匹配成功: anchor ('02244956', '_also_see', '02260362'), 得分: 0.8948
2025-07-17 05:45:47,276 - INFO - 处理第301/1299个anchor
2025-07-17 05:45:52,737 - INFO - 匹配成功: anchor ('01430111', '_also_see', '00111129'), 得分: 0.8783
2025-07-17 05:45:56,941 - INFO - 处理第401/1299个anchor
2025-07-17 05:46:06,452 - INFO - 处理第501/1299个anchor
2025-07-17 05:46:08,375 - INFO - 匹配成功: anchor ('02100709', '_also_see', '01646941'), 得分: 0.9174
2025-07-17 05:46:15,232 - INFO - 匹配成功: anchor ('01849221', '_also_see', '01970348'), 得分: 0.9054
2025-07-17 05:46:16,458 - INFO - 处理第601/1299个anchor
2025-07-17 05:46:25,511 - INFO - 处理第701/1299个anchor
2025-07-17 05:46:36,716 - INFO - 处理第801/1299个anchor
2025-07-17 05:46:45,906 - INFO - 处理第901/1299个anchor
2025-07-17 05:46:46,878 - INFO - 匹配成功: anchor ('02244619', '_also_see', '02166346'), 得分: 0.8830
2025-07-17 05:46:46,979 - INFO - 匹配成功: anchor ('02166346', '_also_see', '02244619'), 得分: 0.8906
2025-07-17 05:46:47,131 - INFO - 匹配成功: anchor ('02166346', '_also_see', '02174896'), 得分: 0.8829
2025-07-17 05:46:55,966 - INFO - 处理第1001/1299个anchor
2025-07-17 05:46:56,236 - INFO - 匹配成功: anchor ('00427786', '_also_see', '01908039'), 得分: 0.8887
2025-07-17 05:47:02,083 - INFO - 匹配成功: anchor ('00111129', '_also_see', '01430111'), 得分: 0.9135
2025-07-17 05:47:05,678 - INFO - 处理第1101/1299个anchor
2025-07-17 05:47:15,418 - INFO - 处理第1201/1299个anchor
2025-07-17 05:47:18,972 - INFO - 匹配成功: anchor ('01484083', '_also_see', '01477806'), 得分: 0.8931
2025-07-17 05:47:20,414 - INFO - 匹配成功: anchor ('01417868', '_also_see', '01666002'), 得分: 0.9172
2025-07-17 05:47:24,333 - INFO - 批量匹配完成: 14/1299 成功匹配
2025-07-17 05:47:24,574 - INFO - 成功加载预训练embedding
2025-07-17 05:47:24,605 - INFO - StructMatch系统初始化完成（集成语义增强）
2025-07-17 05:47:24,642 - INFO - 开始加载数据...
2025-07-17 05:47:26,525 - INFO - 成功加载知识图谱: 40559个实体, 11种关系, 86835个三元组
2025-07-17 05:47:26,526 - INFO - 成功加载2条规则
2025-07-17 05:47:26,527 - INFO - 数据加载完成
2025-07-17 05:47:26,543 - INFO - 收集规则第一个谓词对应的anchor: _also_see
2025-07-17 05:47:26,753 - INFO - 收集到 1299 个anchor
2025-07-17 05:47:26,754 - INFO - 开始批量匹配，共1299个anchor
2025-07-17 05:47:26,755 - INFO - 处理第1/1299个anchor
2025-07-17 05:47:27,000 - INFO - 匹配成功: anchor ('01698271', '_also_see', '01754576'), 得分: 0.7854
2025-07-17 05:47:37,007 - INFO - 处理第101/1299个anchor
2025-07-17 05:47:38,560 - INFO - 匹配成功: anchor ('02251743', '_also_see', '02284803'), 得分: 0.8311
2025-07-17 05:47:47,102 - INFO - 处理第201/1299个anchor
2025-07-17 05:47:50,218 - INFO - 匹配成功: anchor ('02244956', '_also_see', '02260362'), 得分: 0.8103
2025-07-17 05:47:50,624 - INFO - 匹配成功: anchor ('02245403', '_also_see', '02166346'), 得分: 0.8247
2025-07-17 05:47:57,590 - INFO - 处理第301/1299个anchor
2025-07-17 05:48:07,585 - INFO - 处理第401/1299个anchor
2025-07-17 05:48:17,792 - INFO - 处理第501/1299个anchor
2025-07-17 05:48:28,007 - INFO - 处理第601/1299个anchor
2025-07-17 05:48:38,076 - INFO - 处理第701/1299个anchor
2025-07-17 05:48:48,261 - INFO - 处理第801/1299个anchor
2025-07-17 05:48:57,870 - INFO - 处理第901/1299个anchor
2025-07-17 05:48:59,355 - INFO - 匹配成功: anchor ('02166346', '_also_see', '02244619'), 得分: 0.8188
2025-07-17 05:49:09,012 - INFO - 处理第1001/1299个anchor
2025-07-17 05:49:18,281 - INFO - 匹配成功: anchor ('01477806', '_also_see', '01484083'), 得分: 0.8185
2025-07-17 05:49:18,654 - INFO - 处理第1101/1299个anchor
2025-07-17 05:49:24,969 - INFO - 匹配成功: anchor ('01646941', '_also_see', '01489722'), 得分: 0.8188
2025-07-17 05:49:25,371 - INFO - 匹配成功: anchor ('01646941', '_also_see', '01640850'), 得分: 0.7885
2025-07-17 05:49:25,526 - INFO - 匹配成功: anchor ('01489722', '_also_see', '01646941'), 得分: 0.7839
2025-07-17 05:49:27,354 - INFO - 处理第1201/1299个anchor
2025-07-17 05:49:30,794 - INFO - 匹配成功: anchor ('01484083', '_also_see', '01477806'), 得分: 0.7958
2025-07-17 05:49:32,492 - INFO - 匹配成功: anchor ('01417868', '_also_see', '01666002'), 得分: 0.8095
2025-07-17 05:49:36,642 - INFO - 批量匹配完成: 11/1299 成功匹配
2025-07-17 05:49:36,873 - INFO - 成功加载预训练embedding
2025-07-17 05:49:36,887 - INFO - StructMatch系统初始化完成（集成语义增强）
2025-07-17 05:49:36,909 - INFO - 开始加载数据...
2025-07-17 05:49:39,380 - INFO - 成功加载知识图谱: 40559个实体, 11种关系, 86835个三元组
2025-07-17 05:49:39,381 - INFO - 成功加载2条规则
2025-07-17 05:49:39,381 - INFO - 数据加载完成
2025-07-17 05:49:39,392 - INFO - 收集规则第一个谓词对应的anchor: _also_see
2025-07-17 05:49:39,638 - INFO - 收集到 1299 个anchor
2025-07-17 05:49:39,640 - INFO - 开始批量匹配，共1299个anchor
2025-07-17 05:49:39,641 - INFO - 处理第1/1299个anchor
2025-07-17 05:49:39,935 - INFO - 匹配成功: anchor ('01698271', '_also_see', '01754576'), 得分: 0.9283
2025-07-17 05:49:40,635 - INFO - 匹配成功: anchor ('00452512', '_also_see', '01695567'), 得分: 0.9104
2025-07-17 05:49:50,969 - INFO - 处理第101/1299个anchor
2025-07-17 05:49:52,526 - INFO - 匹配成功: anchor ('02251743', '_also_see', '02284803'), 得分: 0.9077
2025-07-17 05:50:01,403 - INFO - 处理第201/1299个anchor
2025-07-17 05:50:05,777 - INFO - 匹配成功: anchor ('02245403', '_also_see', '02166346'), 得分: 0.8661
2025-07-17 05:50:11,851 - INFO - 处理第301/1299个anchor
2025-07-17 05:50:18,490 - INFO - 匹配成功: anchor ('01430111', '_also_see', '00111129'), 得分: 0.9089
2025-07-17 05:50:23,010 - INFO - 处理第401/1299个anchor
2025-07-17 05:50:32,674 - INFO - 处理第501/1299个anchor
2025-07-17 05:50:34,885 - INFO - 匹配成功: anchor ('02100709', '_also_see', '01646941'), 得分: 0.9062
2025-07-17 05:50:41,473 - INFO - 匹配成功: anchor ('01849221', '_also_see', '01970348'), 得分: 0.8998
2025-07-17 05:50:43,097 - INFO - 处理第601/1299个anchor
2025-07-17 05:50:52,482 - INFO - 处理第701/1299个anchor
2025-07-17 05:51:02,794 - INFO - 处理第801/1299个anchor
2025-07-17 05:51:12,396 - INFO - 处理第901/1299个anchor
2025-07-17 05:51:14,122 - INFO - 匹配成功: anchor ('02166346', '_also_see', '02244619'), 得分: 0.9252
2025-07-17 05:51:23,039 - INFO - 处理第1001/1299个anchor
2025-07-17 05:51:33,076 - INFO - 处理第1101/1299个anchor
2025-07-17 05:51:41,063 - INFO - 匹配成功: anchor ('01646941', '_also_see', '01640850'), 得分: 0.8568
2025-07-17 05:51:43,594 - INFO - 处理第1201/1299个anchor
2025-07-17 05:51:47,053 - INFO - 匹配成功: anchor ('01484083', '_also_see', '01477806'), 得分: 0.9069
2025-07-17 05:51:48,543 - INFO - 匹配成功: anchor ('01417868', '_also_see', '01666002'), 得分: 0.9352
2025-07-17 05:51:52,799 - INFO - 批量匹配完成: 11/1299 成功匹配
2025-07-17 05:51:53,031 - INFO - 成功加载预训练embedding
2025-07-17 05:51:53,064 - INFO - StructMatch系统初始化完成（集成语义增强）
2025-07-17 05:51:53,097 - INFO - 开始加载数据...
2025-07-17 05:51:56,385 - INFO - 成功加载知识图谱: 40559个实体, 11种关系, 86835个三元组
2025-07-17 05:51:56,387 - INFO - 成功加载2条规则
2025-07-17 05:51:56,387 - INFO - 数据加载完成
2025-07-17 05:51:56,400 - INFO - 收集规则第一个谓词对应的anchor: _also_see
2025-07-17 05:51:56,663 - INFO - 收集到 1299 个anchor
2025-07-17 05:51:56,664 - INFO - 开始批量匹配，共1299个anchor
2025-07-17 05:51:56,664 - INFO - 处理第1/1299个anchor
2025-07-17 05:51:56,820 - INFO - 匹配成功: anchor ('01698271', '_also_see', '01754576'), 得分: 0.7943
2025-07-17 05:52:06,746 - INFO - 处理第101/1299个anchor
2025-07-17 05:52:08,562 - INFO - 匹配成功: anchor ('02251743', '_also_see', '02284803'), 得分: 0.7939
2025-07-17 05:52:11,306 - INFO - 匹配成功: anchor ('02207206', '_also_see', '02323286'), 得分: 0.8071
2025-07-17 05:52:11,407 - INFO - 匹配成功: anchor ('02207206', '_also_see', '02274299'), 得分: 0.8066
2025-07-17 05:52:18,559 - INFO - 处理第201/1299个anchor
2025-07-17 05:52:28,872 - INFO - 处理第301/1299个anchor
2025-07-17 05:52:38,784 - INFO - 处理第401/1299个anchor
2025-07-17 05:52:49,492 - INFO - 处理第501/1299个anchor
2025-07-17 05:52:59,028 - INFO - 处理第601/1299个anchor
2025-07-17 05:53:07,618 - INFO - 匹配成功: anchor ('02077656', '_also_see', '01981036'), 得分: 0.7609
2025-07-17 05:53:09,189 - INFO - 处理第701/1299个anchor
2025-07-17 05:53:15,844 - INFO - 匹配成功: anchor ('02174896', '_also_see', '02166346'), 得分: 0.7789
2025-07-17 05:53:20,316 - INFO - 处理第801/1299个anchor
2025-07-17 05:53:29,603 - INFO - 处理第901/1299个anchor
2025-07-17 05:53:30,581 - INFO - 匹配成功: anchor ('02166346', '_also_see', '02244619'), 得分: 0.8149
2025-07-17 05:53:30,714 - INFO - 匹配成功: anchor ('02166346', '_also_see', '02174896'), 得分: 0.7965
2025-07-17 05:53:39,177 - INFO - 处理第1001/1299个anchor
2025-07-17 05:53:39,375 - INFO - 匹配成功: anchor ('01908039', '_also_see', '00427786'), 得分: 0.8269
2025-07-17 05:53:45,782 - INFO - 匹配成功: anchor ('00111129', '_also_see', '01430111'), 得分: 0.8111
2025-07-17 05:53:49,445 - INFO - 处理第1101/1299个anchor
2025-07-17 05:54:02,431 - INFO - 匹配成功: anchor ('01646941', '_also_see', '01489722'), 得分: 0.7962
2025-07-17 05:54:02,596 - INFO - 匹配成功: anchor ('01646941', '_also_see', '02100709'), 得分: 0.7916
2025-07-17 05:54:02,767 - INFO - 匹配成功: anchor ('01646941', '_also_see', '01640850'), 得分: 0.7776
2025-07-17 05:54:02,934 - INFO - 匹配成功: anchor ('01489722', '_also_see', '01646941'), 得分: 0.7922
2025-07-17 05:54:05,066 - INFO - 处理第1201/1299个anchor
2025-07-17 05:54:08,981 - INFO - 匹配成功: anchor ('01484083', '_also_see', '01477806'), 得分: 0.7877
2025-07-17 05:54:10,521 - INFO - 匹配成功: anchor ('01417868', '_also_see', '01666002'), 得分: 0.8089
2025-07-17 05:54:16,375 - INFO - 批量匹配完成: 16/1299 成功匹配
2025-07-17 05:54:16,817 - INFO - 成功加载预训练embedding
2025-07-17 05:54:16,831 - INFO - StructMatch系统初始化完成（集成语义增强）
2025-07-17 05:54:16,858 - INFO - 开始加载数据...
2025-07-17 05:54:19,023 - INFO - 成功加载知识图谱: 40559个实体, 11种关系, 86835个三元组
2025-07-17 05:54:19,025 - INFO - 成功加载2条规则
2025-07-17 05:54:19,026 - INFO - 数据加载完成
2025-07-17 05:54:19,042 - INFO - 收集规则第一个谓词对应的anchor: _also_see
2025-07-17 05:54:19,238 - INFO - 收集到 1299 个anchor
2025-07-17 05:54:19,238 - INFO - 开始批量匹配，共1299个anchor
2025-07-17 05:54:19,239 - INFO - 处理第1/1299个anchor
2025-07-17 05:54:19,615 - INFO - 匹配成功: anchor ('01698271', '_also_see', '01754576'), 得分: 0.9044
2025-07-17 05:54:31,774 - INFO - 处理第101/1299个anchor
2025-07-17 05:54:36,341 - INFO - 匹配成功: anchor ('02207206', '_also_see', '02323286'), 得分: 0.9020
2025-07-17 05:54:36,462 - INFO - 匹配成功: anchor ('02207206', '_also_see', '02274299'), 得分: 0.8987
2025-07-17 05:54:44,288 - INFO - 处理第201/1299个anchor
2025-07-17 05:54:49,647 - INFO - 匹配成功: anchor ('02244956', '_also_see', '02260362'), 得分: 0.9026
2025-07-17 05:54:50,142 - INFO - 匹配成功: anchor ('02245403', '_also_see', '02166346'), 得分: 0.9270
2025-07-17 05:54:56,847 - INFO - 处理第301/1299个anchor
2025-07-17 05:55:09,448 - INFO - 处理第401/1299个anchor
2025-07-17 05:55:21,346 - INFO - 处理第501/1299个anchor
2025-07-17 05:55:31,263 - INFO - 匹配成功: anchor ('01849221', '_also_see', '01970348'), 得分: 0.9052
2025-07-17 05:55:33,175 - INFO - 处理第601/1299个anchor
2025-07-17 05:55:45,031 - INFO - 处理第701/1299个anchor
2025-07-17 05:55:57,997 - INFO - 处理第801/1299个anchor
2025-07-17 05:56:09,088 - INFO - 处理第901/1299个anchor
2025-07-17 05:56:10,366 - INFO - 匹配成功: anchor ('02166346', '_also_see', '02244619'), 得分: 0.9016
2025-07-17 05:56:21,419 - INFO - 处理第1001/1299个anchor
2025-07-17 05:56:21,735 - INFO - 匹配成功: anchor ('01908039', '_also_see', '00427786'), 得分: 0.9163
2025-07-17 05:56:29,256 - INFO - 匹配成功: anchor ('00111129', '_also_see', '01430111'), 得分: 0.8961
2025-07-17 05:56:32,986 - INFO - 处理第1101/1299个anchor
2025-07-17 05:56:44,537 - INFO - 处理第1201/1299个anchor
2025-07-17 05:56:48,926 - INFO - 匹配成功: anchor ('01484083', '_also_see', '01477806'), 得分: 0.9314
2025-07-17 05:56:51,030 - INFO - 匹配成功: anchor ('01417868', '_also_see', '01666002'), 得分: 0.9272
2025-07-17 05:56:55,954 - INFO - 批量匹配完成: 11/1299 成功匹配
2025-07-17 05:56:56,184 - INFO - 成功加载预训练embedding
2025-07-17 05:56:56,205 - INFO - StructMatch系统初始化完成（集成语义增强）
2025-07-17 05:56:56,231 - INFO - 开始加载数据...
2025-07-17 05:56:59,313 - INFO - 成功加载知识图谱: 40559个实体, 11种关系, 86835个三元组
2025-07-17 05:56:59,316 - INFO - 成功加载2条规则
2025-07-17 05:56:59,317 - INFO - 数据加载完成
2025-07-17 05:56:59,401 - INFO - 收集规则第一个谓词对应的anchor: _also_see
2025-07-17 05:56:59,658 - INFO - 收集到 1299 个anchor
2025-07-17 05:56:59,660 - INFO - 开始批量匹配，共1299个anchor
2025-07-17 05:56:59,660 - INFO - 处理第1/1299个anchor
2025-07-17 05:56:59,922 - INFO - 匹配成功: anchor ('01698271', '_also_see', '01754576'), 得分: 0.9132
2025-07-17 05:57:01,185 - INFO - 匹配成功: anchor ('00452512', '_also_see', '01695567'), 得分: 0.9113
2025-07-17 05:57:12,579 - INFO - 处理第101/1299个anchor
2025-07-17 05:57:14,622 - INFO - 匹配成功: anchor ('02251743', '_also_see', '02284803'), 得分: 0.9010
2025-07-17 05:57:18,017 - INFO - 匹配成功: anchor ('02207206', '_also_see', '02323286'), 得分: 0.9249
2025-07-17 05:57:18,132 - INFO - 匹配成功: anchor ('02207206', '_also_see', '02274299'), 得分: 0.9094
2025-07-17 05:57:24,410 - INFO - 匹配成功: anchor ('01494310', '_also_see', '01981036'), 得分: 0.8847
2025-07-17 05:57:25,459 - INFO - 处理第201/1299个anchor
2025-07-17 05:57:30,096 - INFO - 匹配成功: anchor ('02244956', '_also_see', '02260362'), 得分: 0.9055
2025-07-17 05:57:30,546 - INFO - 匹配成功: anchor ('02245403', '_also_see', '02166346'), 得分: 0.9255
2025-07-17 05:57:37,779 - INFO - 处理第301/1299个anchor
2025-07-17 05:57:44,649 - INFO - 匹配成功: anchor ('01430111', '_also_see', '00111129'), 得分: 0.9242
2025-07-17 05:57:50,214 - INFO - 处理第401/1299个anchor
2025-07-17 05:58:02,817 - INFO - 处理第501/1299个anchor
2025-07-17 05:58:14,658 - INFO - 处理第601/1299个anchor
2025-07-17 05:58:26,326 - INFO - 处理第701/1299个anchor
2025-07-17 05:58:30,160 - INFO - 匹配成功: anchor ('01493741', '_also_see', '00213794'), 得分: 0.8848
2025-07-17 05:58:38,581 - INFO - 处理第801/1299个anchor
2025-07-17 05:58:50,433 - INFO - 处理第901/1299个anchor
2025-07-17 05:58:52,576 - INFO - 匹配成功: anchor ('02244619', '_also_see', '02166346'), 得分: 0.9258
2025-07-17 05:58:52,713 - INFO - 匹配成功: anchor ('02166346', '_also_see', '02244619'), 得分: 0.9237
2025-07-17 05:58:52,895 - INFO - 匹配成功: anchor ('02166346', '_also_see', '02174896'), 得分: 0.9264
2025-07-17 05:59:03,594 - INFO - 处理第1001/1299个anchor
2025-07-17 05:59:03,967 - INFO - 匹配成功: anchor ('00427786', '_also_see', '01908039'), 得分: 0.9243
2025-07-17 05:59:10,922 - INFO - 匹配成功: anchor ('00111129', '_also_see', '01430111'), 得分: 0.9244
2025-07-17 05:59:14,491 - INFO - 匹配成功: anchor ('01477806', '_also_see', '01484083'), 得分: 0.9038
2025-07-17 05:59:15,221 - INFO - 处理第1101/1299个anchor
2025-07-17 05:59:24,376 - INFO - 匹配成功: anchor ('01646941', '_also_see', '01489722'), 得分: 0.9380
2025-07-17 05:59:24,589 - INFO - 匹配成功: anchor ('01646941', '_also_see', '01640850'), 得分: 0.9287
2025-07-17 05:59:26,862 - INFO - 处理第1201/1299个anchor
2025-07-17 05:59:33,137 - INFO - 匹配成功: anchor ('01417868', '_also_see', '01666002'), 得分: 0.9334
2025-07-17 05:59:37,928 - INFO - 批量匹配完成: 19/1299 成功匹配
2025-07-17 05:59:38,209 - INFO - 成功加载预训练embedding
2025-07-17 05:59:38,258 - INFO - StructMatch系统初始化完成（集成语义增强）
2025-07-17 05:59:38,334 - INFO - 开始加载数据...
2025-07-17 05:59:41,456 - INFO - 成功加载知识图谱: 40559个实体, 11种关系, 86835个三元组
2025-07-17 05:59:41,459 - INFO - 成功加载2条规则
2025-07-17 05:59:41,460 - INFO - 数据加载完成
2025-07-17 05:59:41,480 - INFO - 收集规则第一个谓词对应的anchor: _also_see
2025-07-17 05:59:41,699 - INFO - 收集到 1299 个anchor
2025-07-17 05:59:41,701 - INFO - 开始批量匹配，共1299个anchor
2025-07-17 05:59:41,701 - INFO - 处理第1/1299个anchor
2025-07-17 05:59:53,099 - INFO - 处理第101/1299个anchor
2025-07-17 05:59:55,962 - INFO - 匹配成功: anchor ('02251743', '_also_see', '02284803'), 得分: 0.8924
2025-07-17 06:00:06,659 - INFO - 处理第201/1299个anchor
2025-07-17 06:00:11,649 - INFO - 匹配成功: anchor ('02245403', '_also_see', '02166346'), 得分: 0.9165
2025-07-17 06:00:19,343 - INFO - 处理第301/1299个anchor
2025-07-17 06:00:25,257 - INFO - 匹配成功: anchor ('01430111', '_also_see', '00111129'), 得分: 0.9078
2025-07-17 06:00:30,426 - INFO - 处理第401/1299个anchor
2025-07-17 06:00:42,116 - INFO - 处理第501/1299个anchor
2025-07-17 06:00:52,268 - INFO - 匹配成功: anchor ('01849221', '_also_see', '01970348'), 得分: 0.9071
2025-07-17 06:00:53,895 - INFO - 处理第601/1299个anchor
2025-07-17 06:01:04,913 - INFO - 匹配成功: anchor ('02077656', '_also_see', '01981036'), 得分: 0.9211
2025-07-17 06:01:06,707 - INFO - 处理第701/1299个anchor
2025-07-17 06:01:13,424 - INFO - 匹配成功: anchor ('02174896', '_also_see', '02166346'), 得分: 0.9223
2025-07-17 06:01:19,468 - INFO - 处理第801/1299个anchor
2025-07-17 06:01:30,494 - INFO - 处理第901/1299个anchor
2025-07-17 06:01:31,647 - INFO - 匹配成功: anchor ('02244619', '_also_see', '02166346'), 得分: 0.9172
2025-07-17 06:01:31,766 - INFO - 匹配成功: anchor ('02166346', '_also_see', '02244619'), 得分: 0.8916
2025-07-17 06:01:42,378 - INFO - 处理第1001/1299个anchor
2025-07-17 06:01:42,655 - INFO - 匹配成功: anchor ('01908039', '_also_see', '00427786'), 得分: 0.9290
2025-07-17 06:01:55,533 - INFO - 处理第1101/1299个anchor
2025-07-17 06:02:01,229 - INFO - 匹配成功: anchor ('01646941', '_also_see', '02100709'), 得分: 0.9191
2025-07-17 06:02:01,325 - INFO - 匹配成功: anchor ('01646941', '_also_see', '01640850'), 得分: 0.9229
2025-07-17 06:02:03,320 - INFO - 处理第1201/1299个anchor
2025-07-17 06:02:06,556 - INFO - 匹配成功: anchor ('01484083', '_also_see', '01477806'), 得分: 0.9073
2025-07-17 06:02:07,772 - INFO - 匹配成功: anchor ('01417868', '_also_see', '01666002'), 得分: 0.8995
2025-07-17 06:02:11,567 - INFO - 批量匹配完成: 13/1299 成功匹配
2025-07-17 06:02:11,860 - INFO - 成功加载预训练embedding
2025-07-17 06:02:11,882 - INFO - StructMatch系统初始化完成（集成语义增强）
2025-07-17 06:02:11,911 - INFO - 开始加载数据...
2025-07-17 06:02:15,225 - INFO - 成功加载知识图谱: 40559个实体, 11种关系, 86835个三元组
2025-07-17 06:02:15,227 - INFO - 成功加载2条规则
2025-07-17 06:02:15,228 - INFO - 数据加载完成
2025-07-17 06:02:15,247 - INFO - 收集规则第一个谓词对应的anchor: _also_see
2025-07-17 06:02:15,624 - INFO - 收集到 1299 个anchor
2025-07-17 06:02:15,626 - INFO - 开始批量匹配，共1299个anchor
2025-07-17 06:02:15,626 - INFO - 处理第1/1299个anchor
2025-07-17 06:02:15,880 - INFO - 匹配成功: anchor ('01698271', '_also_see', '01754576'), 得分: 0.8168
2025-07-17 06:02:24,826 - INFO - 处理第101/1299个anchor
2025-07-17 06:02:34,264 - INFO - 处理第201/1299个anchor
2025-07-17 06:02:38,028 - INFO - 匹配成功: anchor ('02245403', '_also_see', '02166346'), 得分: 0.8851
2025-07-17 06:02:43,507 - INFO - 处理第301/1299个anchor
2025-07-17 06:02:52,708 - INFO - 处理第401/1299个anchor
2025-07-17 06:03:01,504 - INFO - 处理第501/1299个anchor
2025-07-17 06:03:03,514 - INFO - 匹配成功: anchor ('02100709', '_also_see', '01646941'), 得分: 0.8068
2025-07-17 06:03:08,929 - INFO - 匹配成功: anchor ('01849221', '_also_see', '01970348'), 得分: 0.8499
2025-07-17 06:03:10,312 - INFO - 处理第601/1299个anchor
2025-07-17 06:03:19,380 - INFO - 处理第701/1299个anchor
2025-07-17 06:03:22,080 - INFO - 匹配成功: anchor ('01493741', '_also_see', '00213794'), 得分: 0.8745
2025-07-17 06:03:24,216 - INFO - 匹配成功: anchor ('02174896', '_also_see', '02166346'), 得分: 0.8443
2025-07-17 06:03:28,095 - INFO - 处理第801/1299个anchor
2025-07-17 06:03:36,581 - INFO - 处理第901/1299个anchor
2025-07-17 06:03:37,630 - INFO - 匹配成功: anchor ('02244619', '_also_see', '02166346'), 得分: 0.9033
2025-07-17 06:03:37,729 - INFO - 匹配成功: anchor ('02166346', '_also_see', '02244619'), 得分: 0.9149
2025-07-17 06:03:45,717 - INFO - 处理第1001/1299个anchor
2025-07-17 06:03:45,949 - INFO - 匹配成功: anchor ('01908039', '_also_see', '00427786'), 得分: 0.8928
2025-07-17 06:03:54,267 - INFO - 处理第1101/1299个anchor
2025-07-17 06:04:00,813 - INFO - 匹配成功: anchor ('01646941', '_also_see', '01640850'), 得分: 0.9014
2025-07-17 06:04:00,982 - INFO - 匹配成功: anchor ('01489722', '_also_see', '01646941'), 得分: 0.8950
2025-07-17 06:04:02,777 - INFO - 处理第1201/1299个anchor
2025-07-17 06:04:05,667 - INFO - 匹配成功: anchor ('01484083', '_also_see', '01477806'), 得分: 0.9120
2025-07-17 06:04:06,960 - INFO - 匹配成功: anchor ('01417868', '_also_see', '01666002'), 得分: 0.8534
2025-07-17 06:04:10,741 - INFO - 批量匹配完成: 13/1299 成功匹配
2025-07-17 06:04:11,037 - INFO - 成功加载预训练embedding
2025-07-17 06:04:11,064 - INFO - StructMatch系统初始化完成（集成语义增强）
2025-07-17 06:04:11,097 - INFO - 开始加载数据...
2025-07-17 06:04:13,924 - INFO - 成功加载知识图谱: 40559个实体, 11种关系, 86835个三元组
2025-07-17 06:04:13,925 - INFO - 成功加载2条规则
2025-07-17 06:04:13,926 - INFO - 数据加载完成
2025-07-17 06:04:13,942 - INFO - 收集规则第一个谓词对应的anchor: _also_see
2025-07-17 06:04:14,181 - INFO - 收集到 1299 个anchor
2025-07-17 06:04:14,182 - INFO - 开始批量匹配，共1299个anchor
2025-07-17 06:04:14,182 - INFO - 处理第1/1299个anchor
2025-07-17 06:04:14,517 - INFO - 匹配成功: anchor ('01698271', '_also_see', '01754576'), 得分: 0.7770
2025-07-17 06:04:15,191 - INFO - 匹配成功: anchor ('00452512', '_also_see', '01695567'), 得分: 0.7715
2025-07-17 06:04:23,739 - INFO - 处理第101/1299个anchor
2025-07-17 06:04:27,134 - INFO - 匹配成功: anchor ('02207206', '_also_see', '02323286'), 得分: 0.7912
2025-07-17 06:04:33,107 - INFO - 处理第201/1299个anchor
2025-07-17 06:04:36,308 - INFO - 匹配成功: anchor ('02244956', '_also_see', '02260362'), 得分: 0.7873
2025-07-17 06:04:36,693 - INFO - 匹配成功: anchor ('02245403', '_also_see', '02166346'), 得分: 0.7968
2025-07-17 06:04:41,956 - INFO - 处理第301/1299个anchor
2025-07-17 06:04:47,025 - INFO - 匹配成功: anchor ('01430111', '_also_see', '00111129'), 得分: 0.7969
2025-07-17 06:04:51,031 - INFO - 处理第401/1299个anchor
2025-07-17 06:04:59,506 - INFO - 处理第501/1299个anchor
2025-07-17 06:05:08,567 - INFO - 处理第601/1299个anchor
2025-07-17 06:05:17,359 - INFO - 处理第701/1299个anchor
2025-07-17 06:05:20,260 - INFO - 匹配成功: anchor ('01493741', '_also_see', '00213794'), 得分: 0.7834
2025-07-17 06:05:22,294 - INFO - 匹配成功: anchor ('02174896', '_also_see', '02166346'), 得分: 0.8107
2025-07-17 06:05:26,299 - INFO - 处理第801/1299个anchor
2025-07-17 06:05:35,009 - INFO - 处理第901/1299个anchor
2025-07-17 06:05:36,020 - INFO - 匹配成功: anchor ('02244619', '_also_see', '02166346'), 得分: 0.7719
2025-07-17 06:05:36,115 - INFO - 匹配成功: anchor ('02166346', '_also_see', '02244619'), 得分: 0.7951
2025-07-17 06:05:36,216 - INFO - 匹配成功: anchor ('02166346', '_also_see', '02174896'), 得分: 0.8140
2025-07-17 06:05:43,634 - INFO - 处理第1001/1299个anchor
2025-07-17 06:05:51,715 - INFO - 匹配成功: anchor ('01477806', '_also_see', '01484083'), 得分: 0.7849
2025-07-17 06:05:52,116 - INFO - 处理第1101/1299个anchor
2025-07-17 06:05:58,659 - INFO - 匹配成功: anchor ('01646941', '_also_see', '02100709'), 得分: 0.8015
2025-07-17 06:05:58,762 - INFO - 匹配成功: anchor ('01646941', '_also_see', '01640850'), 得分: 0.8113
2025-07-17 06:05:58,930 - INFO - 匹配成功: anchor ('01489722', '_also_see', '01646941'), 得分: 0.7581
2025-07-17 06:06:00,679 - INFO - 处理第1201/1299个anchor
2025-07-17 06:06:04,685 - INFO - 匹配成功: anchor ('01417868', '_also_see', '01666002'), 得分: 0.7979
2025-07-17 06:06:08,234 - INFO - 批量匹配完成: 16/1299 成功匹配
2025-07-17 06:06:08,568 - INFO - 成功加载预训练embedding
2025-07-17 06:06:08,606 - INFO - StructMatch系统初始化完成（集成语义增强）
2025-07-17 06:06:08,654 - INFO - 开始加载数据...
2025-07-17 06:06:11,982 - INFO - 成功加载知识图谱: 40559个实体, 11种关系, 86835个三元组
2025-07-17 06:06:11,986 - INFO - 成功加载2条规则
2025-07-17 06:06:11,987 - INFO - 数据加载完成
2025-07-17 06:06:12,012 - INFO - 收集规则第一个谓词对应的anchor: _also_see
2025-07-17 06:06:12,368 - INFO - 收集到 1299 个anchor
2025-07-17 06:06:12,369 - INFO - 开始批量匹配，共1299个anchor
2025-07-17 06:06:12,369 - INFO - 处理第1/1299个anchor
2025-07-17 06:06:12,563 - INFO - 匹配成功: anchor ('01698271', '_also_see', '01754576'), 得分: 0.7814
2025-07-17 06:06:21,223 - INFO - 处理第101/1299个anchor
2025-07-17 06:06:24,817 - INFO - 匹配成功: anchor ('02207206', '_also_see', '02323286'), 得分: 0.7807
2025-07-17 06:06:24,919 - INFO - 匹配成功: anchor ('02207206', '_also_see', '02274299'), 得分: 0.8084
2025-07-17 06:06:30,705 - INFO - 处理第201/1299个anchor
2025-07-17 06:06:34,528 - INFO - 匹配成功: anchor ('02245403', '_also_see', '02166346'), 得分: 0.8014
2025-07-17 06:06:39,554 - INFO - 处理第301/1299个anchor
2025-07-17 06:06:48,244 - INFO - 处理第401/1299个anchor
2025-07-17 06:06:56,654 - INFO - 处理第501/1299个anchor
2025-07-17 06:07:05,064 - INFO - 处理第601/1299个anchor
2025-07-17 06:07:13,591 - INFO - 处理第701/1299个anchor
2025-07-17 06:07:18,453 - INFO - 匹配成功: anchor ('02174896', '_also_see', '02166346'), 得分: 0.7943
2025-07-17 06:07:22,111 - INFO - 处理第801/1299个anchor
2025-07-17 06:07:30,519 - INFO - 处理第901/1299个anchor
2025-07-17 06:07:31,418 - INFO - 匹配成功: anchor ('02244619', '_also_see', '02166346'), 得分: 0.7955
2025-07-17 06:07:31,611 - INFO - 匹配成功: anchor ('02166346', '_also_see', '02244619'), 得分: 0.8143
2025-07-17 06:07:31,703 - INFO - 匹配成功: anchor ('02166346', '_also_see', '02174896'), 得分: 0.8158
2025-07-17 06:07:39,154 - INFO - 处理第1001/1299个anchor
2025-07-17 06:07:39,364 - INFO - 匹配成功: anchor ('01908039', '_also_see', '00427786'), 得分: 0.8173
2025-07-17 06:07:39,465 - INFO - 匹配成功: anchor ('00427786', '_also_see', '01908039'), 得分: 0.8143
2025-07-17 06:07:44,354 - INFO - 匹配成功: anchor ('00111129', '_also_see', '01430111'), 得分: 0.7665
2025-07-17 06:07:46,746 - INFO - 匹配成功: anchor ('01477806', '_also_see', '01484083'), 得分: 0.8238
2025-07-17 06:07:47,249 - INFO - 处理第1101/1299个anchor
2025-07-17 06:07:55,415 - INFO - 处理第1201/1299个anchor
2025-07-17 06:07:59,435 - INFO - 匹配成功: anchor ('01417868', '_also_see', '01666002'), 得分: 0.8104
2025-07-17 06:08:02,833 - INFO - 批量匹配完成: 13/1299 成功匹配
2025-07-17 06:08:03,080 - INFO - 成功加载预训练embedding
2025-07-17 06:08:03,100 - INFO - StructMatch系统初始化完成（集成语义增强）
2025-07-17 06:08:03,122 - INFO - 开始加载数据...
2025-07-17 06:08:06,871 - INFO - 成功加载知识图谱: 40559个实体, 11种关系, 86835个三元组
2025-07-17 06:08:06,875 - INFO - 成功加载2条规则
2025-07-17 06:08:06,876 - INFO - 数据加载完成
2025-07-17 06:08:06,892 - INFO - 收集规则第一个谓词对应的anchor: _also_see
2025-07-17 06:08:07,090 - INFO - 收集到 1299 个anchor
2025-07-17 06:08:07,091 - INFO - 开始批量匹配，共1299个anchor
2025-07-17 06:08:07,091 - INFO - 处理第1/1299个anchor
2025-07-17 06:08:07,296 - INFO - 匹配成功: anchor ('01698271', '_also_see', '01754576'), 得分: 0.7989
2025-07-17 06:08:15,883 - INFO - 处理第101/1299个anchor
2025-07-17 06:08:24,729 - INFO - 处理第201/1299个anchor
2025-07-17 06:08:27,921 - INFO - 匹配成功: anchor ('02244956', '_also_see', '02260362'), 得分: 0.7969
2025-07-17 06:08:28,304 - INFO - 匹配成功: anchor ('02245403', '_also_see', '02166346'), 得分: 0.7931
2025-07-17 06:08:33,403 - INFO - 处理第301/1299个anchor
2025-07-17 06:08:42,348 - INFO - 处理第401/1299个anchor
2025-07-17 06:08:50,502 - INFO - 处理第501/1299个anchor
2025-07-17 06:08:58,951 - INFO - 处理第601/1299个anchor
2025-07-17 06:09:07,504 - INFO - 处理第701/1299个anchor
2025-07-17 06:09:10,400 - INFO - 匹配成功: anchor ('01493741', '_also_see', '00213794'), 得分: 0.7846
2025-07-17 06:09:16,051 - INFO - 处理第801/1299个anchor
2025-07-17 06:09:24,023 - INFO - 处理第901/1299个anchor
2025-07-17 06:09:25,044 - INFO - 匹配成功: anchor ('02244619', '_also_see', '02166346'), 得分: 0.8216
2025-07-17 06:09:25,147 - INFO - 匹配成功: anchor ('02166346', '_also_see', '02244619'), 得分: 0.8000
2025-07-17 06:09:32,898 - INFO - 处理第1001/1299个anchor
2025-07-17 06:09:33,146 - INFO - 匹配成功: anchor ('01908039', '_also_see', '00427786'), 得分: 0.7885
2025-07-17 06:09:33,250 - INFO - 匹配成功: anchor ('00427786', '_also_see', '01908039'), 得分: 0.8161
2025-07-17 06:09:40,693 - INFO - 匹配成功: anchor ('01477806', '_also_see', '01484083'), 得分: 0.8038
2025-07-17 06:09:41,123 - INFO - 处理第1101/1299个anchor
2025-07-17 06:09:47,335 - INFO - 匹配成功: anchor ('01646941', '_also_see', '01640850'), 得分: 0.7768
2025-07-17 06:09:49,255 - INFO - 处理第1201/1299个anchor
2025-07-17 06:09:53,251 - INFO - 匹配成功: anchor ('01417868', '_also_see', '01666002'), 得分: 0.7567
2025-07-17 06:09:56,570 - INFO - 批量匹配完成: 11/1299 成功匹配
2025-07-17 06:09:56,809 - INFO - 成功加载预训练embedding
2025-07-17 06:09:56,827 - INFO - StructMatch系统初始化完成（集成语义增强）
2025-07-17 06:09:56,848 - INFO - 开始加载数据...
2025-07-17 06:09:58,754 - INFO - 成功加载知识图谱: 40559个实体, 11种关系, 86835个三元组
2025-07-17 06:09:58,756 - INFO - 成功加载2条规则
2025-07-17 06:09:58,757 - INFO - 数据加载完成
2025-07-17 06:09:58,769 - INFO - 收集规则第一个谓词对应的anchor: _also_see
2025-07-17 06:09:59,045 - INFO - 收集到 1299 个anchor
2025-07-17 06:09:59,046 - INFO - 开始批量匹配，共1299个anchor
2025-07-17 06:09:59,047 - INFO - 处理第1/1299个anchor
2025-07-17 06:10:07,663 - INFO - 处理第101/1299个anchor
2025-07-17 06:10:09,147 - INFO - 匹配成功: anchor ('02251743', '_also_see', '02284803'), 得分: 0.9244
2025-07-17 06:10:15,623 - INFO - 匹配成功: anchor ('01494310', '_also_see', '01981036'), 得分: 0.8773
2025-07-17 06:10:16,674 - INFO - 处理第201/1299个anchor
2025-07-17 06:10:25,235 - INFO - 处理第301/1299个anchor
2025-07-17 06:10:34,101 - INFO - 处理第401/1299个anchor
2025-07-17 06:10:42,173 - INFO - 处理第501/1299个anchor
2025-07-17 06:10:44,160 - INFO - 匹配成功: anchor ('02100709', '_also_see', '01646941'), 得分: 0.9279
2025-07-17 06:10:49,335 - INFO - 匹配成功: anchor ('01849221', '_also_see', '01970348'), 得分: 0.9350
2025-07-17 06:10:50,815 - INFO - 处理第601/1299个anchor
2025-07-17 06:10:59,015 - INFO - 处理第701/1299个anchor
2025-07-17 06:11:03,789 - INFO - 匹配成功: anchor ('02174896', '_also_see', '02166346'), 得分: 0.9021
2025-07-17 06:11:07,424 - INFO - 处理第801/1299个anchor
2025-07-17 06:11:15,649 - INFO - 处理第901/1299个anchor
2025-07-17 06:11:16,527 - INFO - 匹配成功: anchor ('02244619', '_also_see', '02166346'), 得分: 0.9335
2025-07-17 06:11:24,125 - INFO - 处理第1001/1299个anchor
2025-07-17 06:11:24,452 - INFO - 匹配成功: anchor ('00427786', '_also_see', '01908039'), 得分: 0.9240
2025-07-17 06:11:32,171 - INFO - 匹配成功: anchor ('01477806', '_also_see', '01484083'), 得分: 0.9361
2025-07-17 06:11:32,588 - INFO - 处理第1101/1299个anchor
2025-07-17 06:11:38,819 - INFO - 匹配成功: anchor ('01646941', '_also_see', '01489722'), 得分: 0.9053
2025-07-17 06:11:40,832 - INFO - 处理第1201/1299个anchor
2025-07-17 06:11:44,875 - INFO - 匹配成功: anchor ('01417868', '_also_see', '01666002'), 得分: 0.9353
2025-07-17 06:11:48,343 - INFO - 批量匹配完成: 10/1299 成功匹配
2025-07-17 06:11:48,639 - INFO - 成功加载预训练embedding
2025-07-17 06:11:48,680 - INFO - StructMatch系统初始化完成（集成语义增强）
2025-07-17 06:11:48,732 - INFO - 开始加载数据...
2025-07-17 06:11:51,924 - INFO - 成功加载知识图谱: 40559个实体, 11种关系, 86835个三元组
2025-07-17 06:11:51,932 - INFO - 成功加载2条规则
2025-07-17 06:11:51,933 - INFO - 数据加载完成
2025-07-17 06:11:51,974 - INFO - 收集规则第一个谓词对应的anchor: _also_see
2025-07-17 06:11:52,301 - INFO - 收集到 1299 个anchor
2025-07-17 06:11:52,303 - INFO - 开始批量匹配，共1299个anchor
2025-07-17 06:11:52,305 - INFO - 处理第1/1299个anchor
2025-07-17 06:11:52,558 - INFO - 匹配成功: anchor ('01698271', '_also_see', '01754576'), 得分: 0.8248
2025-07-17 06:11:53,334 - INFO - 匹配成功: anchor ('00452512', '_also_see', '01695567'), 得分: 0.8094
2025-07-17 06:12:00,990 - INFO - 处理第101/1299个anchor
2025-07-17 06:12:04,270 - INFO - 匹配成功: anchor ('02207206', '_also_see', '02323286'), 得分: 0.8152
2025-07-17 06:12:10,164 - INFO - 处理第201/1299个anchor
2025-07-17 06:12:13,705 - INFO - 匹配成功: anchor ('02245403', '_also_see', '02166346'), 得分: 0.8031
2025-07-17 06:12:18,700 - INFO - 处理第301/1299个anchor
2025-07-17 06:12:27,311 - INFO - 处理第401/1299个anchor
2025-07-17 06:12:35,243 - INFO - 处理第501/1299个anchor
2025-07-17 06:12:42,748 - INFO - 处理第601/1299个anchor
2025-07-17 06:12:50,077 - INFO - 处理第701/1299个anchor
2025-07-17 06:12:52,548 - INFO - 匹配成功: anchor ('01493741', '_also_see', '00213794'), 得分: 0.7929
2025-07-17 06:12:54,325 - INFO - 匹配成功: anchor ('02174896', '_also_see', '02166346'), 得分: 0.7839
2025-07-17 06:12:57,597 - INFO - 处理第801/1299个anchor
2025-07-17 06:13:05,403 - INFO - 处理第901/1299个anchor
2025-07-17 06:13:06,238 - INFO - 匹配成功: anchor ('02244619', '_also_see', '02166346'), 得分: 0.8054
2025-07-17 06:13:12,998 - INFO - 处理第1001/1299个anchor
2025-07-17 06:13:13,230 - INFO - 匹配成功: anchor ('01908039', '_also_see', '00427786'), 得分: 0.7893
2025-07-17 06:13:24,197 - INFO - 处理第1101/1299个anchor
2025-07-17 06:13:31,235 - INFO - 处理第1201/1299个anchor
2025-07-17 06:13:35,120 - INFO - 匹配成功: anchor ('01417868', '_also_see', '01666002'), 得分: 0.8246
2025-07-17 06:13:37,922 - INFO - 批量匹配完成: 9/1299 成功匹配
2025-07-17 06:13:38,038 - INFO - 成功加载预训练embedding
2025-07-17 06:13:38,044 - INFO - StructMatch系统初始化完成（集成语义增强）
2025-07-17 06:13:38,057 - INFO - 开始加载数据...
2025-07-17 06:13:39,783 - INFO - 成功加载知识图谱: 40559个实体, 11种关系, 86835个三元组
2025-07-17 06:13:39,785 - INFO - 成功加载2条规则
2025-07-17 06:13:39,786 - INFO - 数据加载完成
2025-07-17 06:13:39,797 - INFO - 收集规则第一个谓词对应的anchor: _also_see
2025-07-17 06:13:39,959 - INFO - 收集到 1299 个anchor
2025-07-17 06:13:39,959 - INFO - 开始批量匹配，共1299个anchor
2025-07-17 06:13:39,959 - INFO - 处理第1/1299个anchor
2025-07-17 06:13:40,128 - INFO - 匹配成功: anchor ('01698271', '_also_see', '01754576'), 得分: 0.9152
2025-07-17 06:13:46,104 - INFO - 处理第101/1299个anchor
2025-07-17 06:13:53,683 - INFO - 匹配成功: anchor ('01494310', '_also_see', '01981036'), 得分: 0.9108
2025-07-17 06:13:55,425 - INFO - 处理第201/1299个anchor
2025-07-17 06:13:58,563 - INFO - 匹配成功: anchor ('02245403', '_also_see', '02166346'), 得分: 0.9262
2025-07-17 06:14:02,897 - INFO - 处理第301/1299个anchor
2025-07-17 06:14:10,927 - INFO - 处理第401/1299个anchor
2025-07-17 06:14:18,745 - INFO - 处理第501/1299个anchor
2025-07-17 06:14:20,277 - INFO - 匹配成功: anchor ('02100709', '_also_see', '01646941'), 得分: 0.9385
2025-07-17 06:14:24,921 - INFO - 匹配成功: anchor ('01849221', '_also_see', '01970348'), 得分: 0.9114
2025-07-17 06:14:26,260 - INFO - 处理第601/1299个anchor
2025-07-17 06:14:33,651 - INFO - 处理第701/1299个anchor
2025-07-17 06:14:38,297 - INFO - 匹配成功: anchor ('02174896', '_also_see', '02166346'), 得分: 0.9106
2025-07-17 06:14:41,896 - INFO - 处理第801/1299个anchor
2025-07-17 06:14:49,051 - INFO - 处理第901/1299个anchor
2025-07-17 06:14:49,889 - INFO - 匹配成功: anchor ('02166346', '_also_see', '02244619'), 得分: 0.9256
2025-07-17 06:14:49,974 - INFO - 匹配成功: anchor ('02166346', '_also_see', '02174896'), 得分: 0.9155
2025-07-17 06:14:57,061 - INFO - 处理第1001/1299个anchor
2025-07-17 06:14:57,274 - INFO - 匹配成功: anchor ('01908039', '_also_see', '00427786'), 得分: 0.9287
