2025-07-16 22:58:13,131 - INFO - ≥…π¶º”‘ÿ‘§—µ¡∑embedding
2025-07-16 22:58:13,228 - INFO - StructMatchœµÕ≥≥ı ºªØÕÍ≥…£®ºØ≥…”Ô“Â‘ˆ«ø£©
2025-07-16 22:58:13,229 - INFO - ø™ ºº”‘ÿ ˝æ›...
2025-07-16 22:58:14,505 - INFO - ≥…π¶º”‘ÿ÷™ ∂Õº∆◊: 40559∏ˆ µÃÂ, 11÷÷πÿœµ, 86835∏ˆ»˝‘™◊È
2025-07-16 22:58:14,506 - INFO - ≥…π¶º”‘ÿ2ÃıπÊ‘Ú
2025-07-16 22:58:14,507 - INFO -  ˝æ›º”‘ÿÕÍ≥…
2025-07-16 22:58:14,515 - INFO -  ’ºØπÊ‘Úµ⁄“ª∏ˆŒΩ¥ ∂‘”¶µƒanchor: _also_see
2025-07-16 22:58:14,650 - INFO -  ’ºØµΩ 1299 ∏ˆanchor
2025-07-16 22:58:14,651 - INFO - ø™ º≈˙¡ø∆•≈‰£¨π≤1299∏ˆanchor
2025-07-16 22:58:14,651 - INFO - ¥¶¿Ìµ⁄1/1299∏ˆanchor
2025-07-16 22:58:14,663 - ERROR - ◊”Õº∆•≈‰ ß∞‹: not enough values to unpack (expected 3, got 2)
2025-07-16 22:58:14,681 - ERROR - ◊”Õº∆•≈‰ ß∞‹: not enough values to unpack (expected 3, got 2)
2025-07-16 22:58:14,697 - ERROR - ◊”Õº∆•≈‰ ß∞‹: not enough values to unpack (expected 3, got 2)
2025-07-16 22:58:14,707 - ERROR - ◊”Õº∆•≈‰ ß∞‹: not enough values to unpack (expected 3, got 2)
2025-07-16 22:58:14,714 - ERROR - ◊”Õº∆•≈‰ ß∞‹: not enough values to unpack (expected 3, got 2)
2025-07-16 22:58:14,727 - ERROR - ◊”Õº∆•≈‰ ß∞‹: not enough values to unpack (expected 3, got 2)
2025-07-16 22:58:14,736 - ERROR - ◊”Õº∆•≈‰ ß∞‹: not enough values to unpack (expected 3, got 2)
2025-07-16 22:58:14,746 - ERROR - ◊”Õº∆•≈‰ ß∞‹: not enough values to unpack (expected 3, got 2)
2025-07-16 22:58:14,756 - ERROR - ◊”Õº∆•≈‰ ß∞‹: not enough values to unpack (expected 3, got 2)
2025-07-16 22:58:14,769 - ERROR - ◊”Õº∆•≈‰ ß∞‹: not enough values to unpack (expected 3, got 2)
2025-07-16 22:58:14,789 - ERROR - ◊”Õº∆•≈‰ ß∞‹: not enough values to unpack (expected 3, got 2)
2025-07-16 22:58:14,801 - ERROR - ◊”Õº∆•≈‰ ß∞‹: not enough values to unpack (expected 3, got 2)
2025-07-16 22:58:14,810 - ERROR - ◊”Õº∆•≈‰ ß∞‹: not enough values to unpack (expected 3, got 2)
2025-07-16 22:58:14,823 - ERROR - ◊”Õº∆•≈‰ ß∞‹: not enough values to unpack (expected 3, got 2)
2025-07-16 22:58:14,834 - ERROR - ◊”Õº∆•≈‰ ß∞‹: not enough values to unpack (expected 3, got 2)
2025-07-16 22:58:14,854 - ERROR - ◊”Õº∆•≈‰ ß∞‹: not enough values to unpack (expected 3, got 2)
2025-07-16 22:58:14,865 - ERROR - ◊”Õº∆•≈‰ ß∞‹: not enough values to unpack (expected 3, got 2)
2025-07-16 22:58:14,876 - ERROR - ◊”Õº∆•≈‰ ß∞‹: not enough values to unpack (expected 3, got 2)
2025-07-16 22:58:14,890 - ERROR - ◊”Õº∆•≈‰ ß∞‹: not enough values to unpack (expected 3, got 2)
2025-07-16 22:58:14,897 - ERROR - ◊”Õº∆•≈‰ ß∞‹: not enough values to unpack (expected 3, got 2)
2025-07-16 22:58:14,910 - ERROR - ◊”Õº∆•≈‰ ß∞‹: not enough values to unpack (expected 3, got 2)
2025-07-16 22:58:14,920 - ERROR - ◊”Õº∆•≈‰ ß∞‹: not enough values to unpack (expected 3, got 2)
2025-07-16 22:58:14,929 - ERROR - ◊”Õº∆•≈‰ ß∞‹: not enough values to unpack (expected 3, got 2)
2025-07-16 22:58:14,939 - ERROR - ◊”Õº∆•≈‰ ß∞‹: not enough values to unpack (expected 3, got 2)
2025-07-16 22:58:14,950 - ERROR - ◊”Õº∆•≈‰ ß∞‹: not enough values to unpack (expected 3, got 2)
2025-07-16 22:58:14,964 - ERROR - ◊”Õº∆•≈‰ ß∞‹: not enough values to unpack (expected 3, got 2)
2025-07-16 22:58:14,978 - ERROR - ◊”Õº∆•≈‰ ß∞‹: not enough values to unpack (expected 3, got 2)
2025-07-16 22:58:14,995 - ERROR - ◊”Õº∆•≈‰ ß∞‹: not enough values to unpack (expected 3, got 2)
2025-07-16 22:58:15,009 - ERROR - ◊”Õº∆•≈‰ ß∞‹: not enough values to unpack (expected 3, got 2)
2025-07-16 22:58:15,017 - ERROR - ◊”Õº∆•≈‰ ß∞‹: not enough values to unpack (expected 3, got 2)
2025-07-16 22:58:15,030 - ERROR - ◊”Õº∆•≈‰ ß∞‹: not enough values to unpack (expected 3, got 2)
2025-07-16 22:58:15,044 - ERROR - ◊”Õº∆•≈‰ ß∞‹: not enough values to unpack (expected 3, got 2)
2025-07-16 22:58:15,062 - ERROR - ◊”Õº∆•≈‰ ß∞‹: not enough values to unpack (expected 3, got 2)
2025-07-16 22:58:15,077 - ERROR - ◊”Õº∆•≈‰ ß∞‹: not enough values to unpack (expected 3, got 2)
2025-07-16 22:58:15,094 - ERROR - ◊”Õº∆•≈‰ ß∞‹: not enough values to unpack (expected 3, got 2)
2025-07-16 22:58:15,109 - ERROR - ◊”Õº∆•≈‰ ß∞‹: not enough values to unpack (expected 3, got 2)
2025-07-16 22:58:15,123 - ERROR - ◊”Õº∆•≈‰ ß∞‹: not enough values to unpack (expected 3, got 2)
2025-07-16 22:58:15,135 - ERROR - ◊”Õº∆•≈‰ ß∞‹: not enough values to unpack (expected 3, got 2)
2025-07-16 22:58:15,147 - ERROR - ◊”Õº∆•≈‰ ß∞‹: not enough values to unpack (expected 3, got 2)
2025-07-16 22:58:15,160 - ERROR - ◊”Õº∆•≈‰ ß∞‹: not enough values to unpack (expected 3, got 2)
2025-07-16 22:58:15,176 - ERROR - ◊”Õº∆•≈‰ ß∞‹: not enough values to unpack (expected 3, got 2)
2025-07-16 22:58:15,197 - ERROR - ◊”Õº∆•≈‰ ß∞‹: not enough values to unpack (expected 3, got 2)
2025-07-16 22:58:15,222 - ERROR - ◊”Õº∆•≈‰ ß∞‹: not enough values to unpack (expected 3, got 2)
2025-07-16 22:58:15,244 - ERROR - ◊”Õº∆•≈‰ ß∞‹: not enough values to unpack (expected 3, got 2)
2025-07-16 22:58:15,263 - ERROR - ◊”Õº∆•≈‰ ß∞‹: not enough values to unpack (expected 3, got 2)
2025-07-16 22:58:15,285 - ERROR - ◊”Õº∆•≈‰ ß∞‹: not enough values to unpack (expected 3, got 2)
2025-07-16 22:58:15,326 - ERROR - ◊”Õº∆•≈‰ ß∞‹: not enough values to unpack (expected 3, got 2)
2025-07-16 22:58:15,340 - ERROR - ◊”Õº∆•≈‰ ß∞‹: not enough values to unpack (expected 3, got 2)
2025-07-16 22:58:15,354 - ERROR - ◊”Õº∆•≈‰ ß∞‹: not enough values to unpack (expected 3, got 2)
2025-07-16 22:58:15,366 - ERROR - ◊”Õº∆•≈‰ ß∞‹: not enough values to unpack (expected 3, got 2)
2025-07-16 22:58:15,377 - ERROR - ◊”Õº∆•≈‰ ß∞‹: not enough values to unpack (expected 3, got 2)
2025-07-16 22:58:15,394 - ERROR - ◊”Õº∆•≈‰ ß∞‹: not enough values to unpack (expected 3, got 2)
2025-07-16 22:58:15,408 - ERROR - ◊”Õº∆•≈‰ ß∞‹: not enough values to unpack (expected 3, got 2)
2025-07-16 22:58:15,429 - ERROR - ◊”Õº∆•≈‰ ß∞‹: not enough values to unpack (expected 3, got 2)
2025-07-16 22:58:15,450 - ERROR - ◊”Õº∆•≈‰ ß∞‹: not enough values to unpack (expected 3, got 2)
2025-07-16 22:58:15,465 - ERROR - ◊”Õº∆•≈‰ ß∞‹: not enough values to unpack (expected 3, got 2)
2025-07-16 22:58:15,490 - ERROR - ◊”Õº∆•≈‰ ß∞‹: not enough values to unpack (expected 3, got 2)
2025-07-16 22:58:15,499 - ERROR - ◊”Õº∆•≈‰ ß∞‹: not enough values to unpack (expected 3, got 2)
2025-07-16 22:58:15,513 - ERROR - ◊”Õº∆•≈‰ ß∞‹: not enough values to unpack (expected 3, got 2)
2025-07-16 22:58:15,530 - ERROR - ◊”Õº∆•≈‰ ß∞‹: not enough values to unpack (expected 3, got 2)
2025-07-16 22:58:15,553 - ERROR - ◊”Õº∆•≈‰ ß∞‹: not enough values to unpack (expected 3, got 2)
2025-07-16 22:58:15,563 - ERROR - ◊”Õº∆•≈‰ ß∞‹: not enough values to unpack (expected 3, got 2)
2025-07-16 22:58:15,577 - ERROR - ◊”Õº∆•≈‰ ß∞‹: not enough values to unpack (expected 3, got 2)
2025-07-16 22:58:15,594 - ERROR - ◊”Õº∆•≈‰ ß∞‹: not enough values to unpack (expected 3, got 2)
2025-07-16 22:58:15,610 - ERROR - ◊”Õº∆•≈‰ ß∞‹: not enough values to unpack (expected 3, got 2)
2025-07-16 22:58:15,644 - ERROR - ◊”Õº∆•≈‰ ß∞‹: not enough values to unpack (expected 3, got 2)
2025-07-16 22:58:15,661 - ERROR - ◊”Õº∆•≈‰ ß∞‹: not enough values to unpack (expected 3, got 2)
2025-07-16 22:58:15,679 - ERROR - ◊”Õº∆•≈‰ ß∞‹: not enough values to unpack (expected 3, got 2)
2025-07-16 22:58:15,698 - ERROR - ◊”Õº∆•≈‰ ß∞‹: not enough values to unpack (expected 3, got 2)
2025-07-16 22:58:15,717 - ERROR - ◊”Õº∆•≈‰ ß∞‹: not enough values to unpack (expected 3, got 2)
2025-07-16 22:58:15,729 - ERROR - ◊”Õº∆•≈‰ ß∞‹: not enough values to unpack (expected 3, got 2)
2025-07-16 22:58:15,744 - ERROR - ◊”Õº∆•≈‰ ß∞‹: not enough values to unpack (expected 3, got 2)
2025-07-16 22:58:15,762 - ERROR - ◊”Õº∆•≈‰ ß∞‹: not enough values to unpack (expected 3, got 2)
2025-07-16 22:58:15,778 - ERROR - ◊”Õº∆•≈‰ ß∞‹: not enough values to unpack (expected 3, got 2)
2025-07-16 22:58:15,790 - ERROR - ◊”Õº∆•≈‰ ß∞‹: not enough values to unpack (expected 3, got 2)
2025-07-16 22:58:15,802 - ERROR - ◊”Õº∆•≈‰ ß∞‹: not enough values to unpack (expected 3, got 2)
2025-07-16 22:58:15,813 - ERROR - ◊”Õº∆•≈‰ ß∞‹: not enough values to unpack (expected 3, got 2)
2025-07-16 22:58:15,830 - ERROR - ◊”Õº∆•≈‰ ß∞‹: not enough values to unpack (expected 3, got 2)
2025-07-16 22:58:15,846 - ERROR - ◊”Õº∆•≈‰ ß∞‹: not enough values to unpack (expected 3, got 2)
2025-07-16 22:58:15,863 - ERROR - ◊”Õº∆•≈‰ ß∞‹: not enough values to unpack (expected 3, got 2)
2025-07-16 22:58:15,877 - ERROR - ◊”Õº∆•≈‰ ß∞‹: not enough values to unpack (expected 3, got 2)
2025-07-16 22:58:15,892 - ERROR - ◊”Õº∆•≈‰ ß∞‹: not enough values to unpack (expected 3, got 2)
2025-07-16 22:58:15,915 - ERROR - ◊”Õº∆•≈‰ ß∞‹: not enough values to unpack (expected 3, got 2)
2025-07-16 22:58:15,932 - ERROR - ◊”Õº∆•≈‰ ß∞‹: not enough values to unpack (expected 3, got 2)
2025-07-16 22:58:15,953 - ERROR - ◊”Õº∆•≈‰ ß∞‹: not enough values to unpack (expected 3, got 2)
2025-07-16 22:58:16,013 - ERROR - ◊”Õº∆•≈‰ ß∞‹: not enough values to unpack (expected 3, got 2)
2025-07-16 22:58:16,029 - ERROR - ◊”Õº∆•≈‰ ß∞‹: not enough values to unpack (expected 3, got 2)
2025-07-16 22:58:16,092 - ERROR - ◊”Õº∆•≈‰ ß∞‹: not enough values to unpack (expected 3, got 2)
2025-07-16 22:58:16,103 - ERROR - ◊”Õº∆•≈‰ ß∞‹: not enough values to unpack (expected 3, got 2)
2025-07-16 22:58:16,164 - ERROR - ◊”Õº∆•≈‰ ß∞‹: not enough values to unpack (expected 3, got 2)
2025-07-16 22:58:16,196 - ERROR - ◊”Õº∆•≈‰ ß∞‹: not enough values to unpack (expected 3, got 2)
2025-07-16 22:58:16,233 - ERROR - ◊”Õº∆•≈‰ ß∞‹: not enough values to unpack (expected 3, got 2)
2025-07-16 22:58:16,249 - ERROR - ◊”Õº∆•≈‰ ß∞‹: not enough values to unpack (expected 3, got 2)
2025-07-16 22:58:16,275 - ERROR - ◊”Õº∆•≈‰ ß∞‹: not enough values to unpack (expected 3, got 2)
2025-07-16 22:58:16,287 - ERROR - ◊”Õº∆•≈‰ ß∞‹: not enough values to unpack (expected 3, got 2)
2025-07-16 22:58:16,318 - ERROR - ◊”Õº∆•≈‰ ß∞‹: not enough values to unpack (expected 3, got 2)
2025-07-16 22:58:16,334 - ERROR - ◊”Õº∆•≈‰ ß∞‹: not enough values to unpack (expected 3, got 2)
2025-07-16 22:58:16,350 - ERROR - ◊”Õº∆•≈‰ ß∞‹: not enough values to unpack (expected 3, got 2)
2025-07-16 22:58:16,363 - ERROR - ◊”Õº∆•≈‰ ß∞‹: not enough values to unpack (expected 3, got 2)
2025-07-16 22:58:16,390 - ERROR - ◊”Õº∆•≈‰ ß∞‹: not enough values to unpack (expected 3, got 2)
2025-07-16 22:58:16,392 - INFO - ¥¶¿Ìµ⁄101/1299∏ˆanchor
2025-07-16 22:58:16,401 - ERROR - ◊”Õº∆•≈‰ ß∞‹: not enough values to unpack (expected 3, got 2)
2025-07-16 22:58:16,431 - ERROR - ◊”Õº∆•≈‰ ß∞‹: not enough values to unpack (expected 3, got 2)
2025-07-16 22:58:16,570 - ERROR - ◊”Õº∆•≈‰ ß∞‹: not enough values to unpack (expected 3, got 2)
2025-07-16 22:58:16,591 - ERROR - ◊”Õº∆•≈‰ ß∞‹: not enough values to unpack (expected 3, got 2)
2025-07-16 22:58:16,649 - ERROR - ◊”Õº∆•≈‰ ß∞‹: not enough values to unpack (expected 3, got 2)
2025-07-16 22:58:16,675 - ERROR - ◊”Õº∆•≈‰ ß∞‹: not enough values to unpack (expected 3, got 2)
2025-07-16 22:58:16,687 - ERROR - ◊”Õº∆•≈‰ ß∞‹: not enough values to unpack (expected 3, got 2)
2025-07-16 22:58:16,698 - ERROR - ◊”Õº∆•≈‰ ß∞‹: not enough values to unpack (expected 3, got 2)
2025-07-16 22:58:16,716 - ERROR - ◊”Õº∆•≈‰ ß∞‹: not enough values to unpack (expected 3, got 2)
2025-07-16 22:58:16,736 - ERROR - ◊”Õº∆•≈‰ ß∞‹: not enough values to unpack (expected 3, got 2)
2025-07-16 22:58:16,796 - ERROR - ◊”Õº∆•≈‰ ß∞‹: not enough values to unpack (expected 3, got 2)
2025-07-16 22:58:17,017 - ERROR - ◊”Õº∆•≈‰ ß∞‹: not enough values to unpack (expected 3, got 2)
2025-07-16 22:58:17,026 - ERROR - ◊”Õº∆•≈‰ ß∞‹: not enough values to unpack (expected 3, got 2)
2025-07-16 22:58:17,083 - ERROR - ◊”Õº∆•≈‰ ß∞‹: not enough values to unpack (expected 3, got 2)
2025-07-16 22:58:17,110 - ERROR - ◊”Õº∆•≈‰ ß∞‹: not enough values to unpack (expected 3, got 2)
2025-07-16 22:58:17,128 - ERROR - ◊”Õº∆•≈‰ ß∞‹: not enough values to unpack (expected 3, got 2)
2025-07-16 22:58:17,139 - ERROR - ◊”Õº∆•≈‰ ß∞‹: not enough values to unpack (expected 3, got 2)
2025-07-16 22:58:17,150 - ERROR - ◊”Õº∆•≈‰ ß∞‹: not enough values to unpack (expected 3, got 2)
2025-07-16 22:58:17,174 - ERROR - ◊”Õº∆•≈‰ ß∞‹: not enough values to unpack (expected 3, got 2)
2025-07-16 22:58:17,186 - ERROR - ◊”Õº∆•≈‰ ß∞‹: not enough values to unpack (expected 3, got 2)
2025-07-16 22:58:17,197 - ERROR - ◊”Õº∆•≈‰ ß∞‹: not enough values to unpack (expected 3, got 2)
2025-07-16 22:58:17,211 - ERROR - ◊”Õº∆•≈‰ ß∞‹: not enough values to unpack (expected 3, got 2)
2025-07-16 22:58:17,222 - ERROR - ◊”Õº∆•≈‰ ß∞‹: not enough values to unpack (expected 3, got 2)
2025-07-16 22:58:17,234 - ERROR - ◊”Õº∆•≈‰ ß∞‹: not enough values to unpack (expected 3, got 2)
2025-07-16 22:58:17,254 - ERROR - ◊”Õº∆•≈‰ ß∞‹: not enough values to unpack (expected 3, got 2)
2025-07-16 22:58:17,264 - ERROR - ◊”Õº∆•≈‰ ß∞‹: not enough values to unpack (expected 3, got 2)
2025-07-16 22:58:17,280 - ERROR - ◊”Õº∆•≈‰ ß∞‹: not enough values to unpack (expected 3, got 2)
2025-07-16 22:58:17,293 - ERROR - ◊”Õº∆•≈‰ ß∞‹: not enough values to unpack (expected 3, got 2)
2025-07-16 22:58:17,303 - ERROR - ◊”Õº∆•≈‰ ß∞‹: not enough values to unpack (expected 3, got 2)
2025-07-16 22:58:17,314 - ERROR - ◊”Õº∆•≈‰ ß∞‹: not enough values to unpack (expected 3, got 2)
2025-07-16 22:58:17,326 - ERROR - ◊”Õº∆•≈‰ ß∞‹: not enough values to unpack (expected 3, got 2)
2025-07-16 22:58:17,335 - ERROR - ◊”Õº∆•≈‰ ß∞‹: not enough values to unpack (expected 3, got 2)
2025-07-16 22:58:17,344 - ERROR - ◊”Õº∆•≈‰ ß∞‹: not enough values to unpack (expected 3, got 2)
2025-07-16 22:58:17,357 - ERROR - ◊”Õº∆•≈‰ ß∞‹: not enough values to unpack (expected 3, got 2)
2025-07-16 22:58:17,379 - ERROR - ◊”Õº∆•≈‰ ß∞‹: not enough values to unpack (expected 3, got 2)
2025-07-16 22:58:17,393 - ERROR - ◊”Õº∆•≈‰ ß∞‹: not enough values to unpack (expected 3, got 2)
2025-07-16 22:58:17,408 - ERROR - ◊”Õº∆•≈‰ ß∞‹: not enough values to unpack (expected 3, got 2)
2025-07-16 22:58:17,421 - ERROR - ◊”Õº∆•≈‰ ß∞‹: not enough values to unpack (expected 3, got 2)
2025-07-16 22:58:17,431 - ERROR - ◊”Õº∆•≈‰ ß∞‹: not enough values to unpack (expected 3, got 2)
2025-07-16 22:58:17,444 - ERROR - ◊”Õº∆•≈‰ ß∞‹: not enough values to unpack (expected 3, got 2)
2025-07-16 22:58:17,453 - ERROR - ◊”Õº∆•≈‰ ß∞‹: not enough values to unpack (expected 3, got 2)
2025-07-16 22:58:17,463 - ERROR - ◊”Õº∆•≈‰ ß∞‹: not enough values to unpack (expected 3, got 2)
2025-07-16 22:58:17,478 - ERROR - ◊”Õº∆•≈‰ ß∞‹: not enough values to unpack (expected 3, got 2)
2025-07-16 22:58:17,488 - ERROR - ◊”Õº∆•≈‰ ß∞‹: not enough values to unpack (expected 3, got 2)
2025-07-16 22:58:17,503 - ERROR - ◊”Õº∆•≈‰ ß∞‹: not enough values to unpack (expected 3, got 2)
2025-07-16 22:58:17,514 - ERROR - ◊”Õº∆•≈‰ ß∞‹: not enough values to unpack (expected 3, got 2)
2025-07-16 22:58:17,528 - ERROR - ◊”Õº∆•≈‰ ß∞‹: not enough values to unpack (expected 3, got 2)
2025-07-16 22:58:17,543 - ERROR - ◊”Õº∆•≈‰ ß∞‹: not enough values to unpack (expected 3, got 2)
2025-07-16 22:58:17,552 - ERROR - ◊”Õº∆•≈‰ ß∞‹: not enough values to unpack (expected 3, got 2)
2025-07-16 22:58:17,561 - ERROR - ◊”Õº∆•≈‰ ß∞‹: not enough values to unpack (expected 3, got 2)
2025-07-16 22:58:17,570 - ERROR - ◊”Õº∆•≈‰ ß∞‹: not enough values to unpack (expected 3, got 2)
2025-07-16 22:58:17,579 - ERROR - ◊”Õº∆•≈‰ ß∞‹: not enough values to unpack (expected 3, got 2)
2025-07-16 22:58:17,592 - ERROR - ◊”Õº∆•≈‰ ß∞‹: not enough values to unpack (expected 3, got 2)
2025-07-16 22:58:17,602 - ERROR - ◊”Õº∆•≈‰ ß∞‹: not enough values to unpack (expected 3, got 2)
2025-07-16 22:58:17,614 - ERROR - ◊”Õº∆•≈‰ ß∞‹: not enough values to unpack (expected 3, got 2)
2025-07-16 22:58:17,628 - ERROR - ◊”Õº∆•≈‰ ß∞‹: not enough values to unpack (expected 3, got 2)
2025-07-16 22:58:17,638 - ERROR - ◊”Õº∆•≈‰ ß∞‹: not enough values to unpack (expected 3, got 2)
2025-07-16 22:58:17,649 - ERROR - ◊”Õº∆•≈‰ ß∞‹: not enough values to unpack (expected 3, got 2)
2025-07-16 22:58:17,660 - ERROR - ◊”Õº∆•≈‰ ß∞‹: not enough values to unpack (expected 3, got 2)
2025-07-16 22:58:17,672 - ERROR - ◊”Õº∆•≈‰ ß∞‹: not enough values to unpack (expected 3, got 2)
2025-07-16 22:58:17,680 - ERROR - ◊”Õº∆•≈‰ ß∞‹: not enough values to unpack (expected 3, got 2)
2025-07-16 22:58:17,693 - ERROR - ◊”Õº∆•≈‰ ß∞‹: not enough values to unpack (expected 3, got 2)
2025-07-16 22:58:17,701 - ERROR - ◊”Õº∆•≈‰ ß∞‹: not enough values to unpack (expected 3, got 2)
2025-07-16 22:58:17,711 - ERROR - ◊”Õº∆•≈‰ ß∞‹: not enough values to unpack (expected 3, got 2)
2025-07-16 22:58:17,721 - ERROR - ◊”Õº∆•≈‰ ß∞‹: not enough values to unpack (expected 3, got 2)
2025-07-16 22:58:17,731 - ERROR - ◊”Õº∆•≈‰ ß∞‹: not enough values to unpack (expected 3, got 2)
2025-07-16 22:58:17,744 - ERROR - ◊”Õº∆•≈‰ ß∞‹: not enough values to unpack (expected 3, got 2)
2025-07-16 22:58:17,755 - ERROR - ◊”Õº∆•≈‰ ß∞‹: not enough values to unpack (expected 3, got 2)
2025-07-16 22:58:17,764 - ERROR - ◊”Õº∆•≈‰ ß∞‹: not enough values to unpack (expected 3, got 2)
2025-07-16 22:58:17,777 - ERROR - ◊”Õº∆•≈‰ ß∞‹: not enough values to unpack (expected 3, got 2)
2025-07-16 22:58:17,789 - ERROR - ◊”Õº∆•≈‰ ß∞‹: not enough values to unpack (expected 3, got 2)
2025-07-16 22:58:17,797 - ERROR - ◊”Õº∆•≈‰ ß∞‹: not enough values to unpack (expected 3, got 2)
2025-07-16 22:58:17,813 - ERROR - ◊”Õº∆•≈‰ ß∞‹: not enough values to unpack (expected 3, got 2)
2025-07-16 22:58:17,830 - ERROR - ◊”Õº∆•≈‰ ß∞‹: not enough values to unpack (expected 3, got 2)
2025-07-16 22:58:17,844 - ERROR - ◊”Õº∆•≈‰ ß∞‹: not enough values to unpack (expected 3, got 2)
2025-07-16 22:58:17,853 - ERROR - ◊”Õº∆•≈‰ ß∞‹: not enough values to unpack (expected 3, got 2)
2025-07-16 22:58:17,862 - ERROR - ◊”Õº∆•≈‰ ß∞‹: not enough values to unpack (expected 3, got 2)
2025-07-16 22:58:17,871 - ERROR - ◊”Õº∆•≈‰ ß∞‹: not enough values to unpack (expected 3, got 2)
2025-07-16 22:58:17,880 - ERROR - ◊”Õº∆•≈‰ ß∞‹: not enough values to unpack (expected 3, got 2)
2025-07-16 22:58:17,890 - ERROR - ◊”Õº∆•≈‰ ß∞‹: not enough values to unpack (expected 3, got 2)
2025-07-16 22:58:17,898 - ERROR - ◊”Õº∆•≈‰ ß∞‹: not enough values to unpack (expected 3, got 2)
2025-07-16 22:58:17,910 - ERROR - ◊”Õº∆•≈‰ ß∞‹: not enough values to unpack (expected 3, got 2)
2025-07-16 22:58:17,920 - ERROR - ◊”Õº∆•≈‰ ß∞‹: not enough values to unpack (expected 3, got 2)
2025-07-16 22:58:17,928 - ERROR - ◊”Õº∆•≈‰ ß∞‹: not enough values to unpack (expected 3, got 2)
2025-07-16 22:58:17,936 - ERROR - ◊”Õº∆•≈‰ ß∞‹: not enough values to unpack (expected 3, got 2)
2025-07-16 22:58:17,947 - ERROR - ◊”Õº∆•≈‰ ß∞‹: not enough values to unpack (expected 3, got 2)
2025-07-16 22:58:17,960 - ERROR - ◊”Õº∆•≈‰ ß∞‹: not enough values to unpack (expected 3, got 2)
2025-07-16 22:58:17,967 - ERROR - ◊”Õº∆•≈‰ ß∞‹: not enough values to unpack (expected 3, got 2)
2025-07-16 22:58:17,978 - ERROR - ◊”Õº∆•≈‰ ß∞‹: not enough values to unpack (expected 3, got 2)
2025-07-16 22:58:17,989 - ERROR - ◊”Õº∆•≈‰ ß∞‹: not enough values to unpack (expected 3, got 2)
2025-07-16 22:58:17,997 - ERROR - ◊”Õº∆•≈‰ ß∞‹: not enough values to unpack (expected 3, got 2)
2025-07-16 22:58:18,013 - ERROR - ◊”Õº∆•≈‰ ß∞‹: not enough values to unpack (expected 3, got 2)
2025-07-16 22:58:18,026 - ERROR - ◊”Õº∆•≈‰ ß∞‹: not enough values to unpack (expected 3, got 2)
2025-07-16 22:58:18,038 - ERROR - ◊”Õº∆•≈‰ ß∞‹: not enough values to unpack (expected 3, got 2)
2025-07-16 22:58:18,048 - ERROR - ◊”Õº∆•≈‰ ß∞‹: not enough values to unpack (expected 3, got 2)
2025-07-16 22:58:18,058 - ERROR - ◊”Õº∆•≈‰ ß∞‹: not enough values to unpack (expected 3, got 2)
2025-07-16 22:58:18,065 - ERROR - ◊”Õº∆•≈‰ ß∞‹: not enough values to unpack (expected 3, got 2)
2025-07-16 22:58:18,076 - ERROR - ◊”Õº∆•≈‰ ß∞‹: not enough values to unpack (expected 3, got 2)
2025-07-16 22:58:18,084 - ERROR - ◊”Õº∆•≈‰ ß∞‹: not enough values to unpack (expected 3, got 2)
2025-07-16 22:58:18,094 - ERROR - ◊”Õº∆•≈‰ ß∞‹: not enough values to unpack (expected 3, got 2)
2025-07-16 22:58:18,095 - INFO - ¥¶¿Ìµ⁄201/1299∏ˆanchor
2025-07-16 22:58:18,104 - ERROR - ◊”Õº∆•≈‰ ß∞‹: not enough values to unpack (expected 3, got 2)
2025-07-16 22:58:18,114 - ERROR - ◊”Õº∆•≈‰ ß∞‹: not enough values to unpack (expected 3, got 2)
2025-07-16 22:58:18,126 - ERROR - ◊”Õº∆•≈‰ ß∞‹: not enough values to unpack (expected 3, got 2)
2025-07-16 22:58:18,136 - ERROR - ◊”Õº∆•≈‰ ß∞‹: not enough values to unpack (expected 3, got 2)
2025-07-16 22:58:18,145 - ERROR - ◊”Õº∆•≈‰ ß∞‹: not enough values to unpack (expected 3, got 2)
2025-07-16 22:58:18,156 - ERROR - ◊”Õº∆•≈‰ ß∞‹: not enough values to unpack (expected 3, got 2)
2025-07-16 22:58:18,164 - ERROR - ◊”Õº∆•≈‰ ß∞‹: not enough values to unpack (expected 3, got 2)
2025-07-16 22:58:18,176 - ERROR - ◊”Õº∆•≈‰ ß∞‹: not enough values to unpack (expected 3, got 2)
2025-07-16 22:58:18,183 - ERROR - ◊”Õº∆•≈‰ ß∞‹: not enough values to unpack (expected 3, got 2)
2025-07-16 22:58:18,193 - ERROR - ◊”Õº∆•≈‰ ß∞‹: not enough values to unpack (expected 3, got 2)
2025-07-16 22:58:18,200 - ERROR - ◊”Õº∆•≈‰ ß∞‹: not enough values to unpack (expected 3, got 2)
2025-07-16 22:58:18,211 - ERROR - ◊”Õº∆•≈‰ ß∞‹: not enough values to unpack (expected 3, got 2)
2025-07-16 22:58:18,218 - ERROR - ◊”Õº∆•≈‰ ß∞‹: not enough values to unpack (expected 3, got 2)
2025-07-16 22:58:18,226 - ERROR - ◊”Õº∆•≈‰ ß∞‹: not enough values to unpack (expected 3, got 2)
2025-07-16 22:58:18,236 - ERROR - ◊”Õº∆•≈‰ ß∞‹: not enough values to unpack (expected 3, got 2)
2025-07-16 22:58:18,246 - ERROR - ◊”Õº∆•≈‰ ß∞‹: not enough values to unpack (expected 3, got 2)
2025-07-16 22:58:18,256 - ERROR - ◊”Õº∆•≈‰ ß∞‹: not enough values to unpack (expected 3, got 2)
2025-07-16 22:58:18,267 - ERROR - ◊”Õº∆•≈‰ ß∞‹: not enough values to unpack (expected 3, got 2)
2025-07-16 22:58:18,277 - ERROR - ◊”Õº∆•≈‰ ß∞‹: not enough values to unpack (expected 3, got 2)
2025-07-16 22:58:18,286 - ERROR - ◊”Õº∆•≈‰ ß∞‹: not enough values to unpack (expected 3, got 2)
2025-07-16 22:58:18,297 - ERROR - ◊”Õº∆•≈‰ ß∞‹: not enough values to unpack (expected 3, got 2)
2025-07-16 22:58:18,307 - ERROR - ◊”Õº∆•≈‰ ß∞‹: not enough values to unpack (expected 3, got 2)
2025-07-16 22:58:18,317 - ERROR - ◊”Õº∆•≈‰ ß∞‹: not enough values to unpack (expected 3, got 2)
2025-07-16 22:58:18,329 - ERROR - ◊”Õº∆•≈‰ ß∞‹: not enough values to unpack (expected 3, got 2)
2025-07-16 22:58:18,338 - ERROR - ◊”Õº∆•≈‰ ß∞‹: not enough values to unpack (expected 3, got 2)
2025-07-16 22:58:18,346 - ERROR - ◊”Õº∆•≈‰ ß∞‹: not enough values to unpack (expected 3, got 2)
2025-07-16 22:58:18,354 - ERROR - ◊”Õº∆•≈‰ ß∞‹: not enough values to unpack (expected 3, got 2)
2025-07-16 22:58:18,362 - ERROR - ◊”Õº∆•≈‰ ß∞‹: not enough values to unpack (expected 3, got 2)
2025-07-16 22:58:18,370 - ERROR - ◊”Õº∆•≈‰ ß∞‹: not enough values to unpack (expected 3, got 2)
2025-07-16 22:58:18,378 - ERROR - ◊”Õº∆•≈‰ ß∞‹: not enough values to unpack (expected 3, got 2)
2025-07-16 22:58:18,386 - ERROR - ◊”Õº∆•≈‰ ß∞‹: not enough values to unpack (expected 3, got 2)
2025-07-16 22:58:18,394 - ERROR - ◊”Õº∆•≈‰ ß∞‹: not enough values to unpack (expected 3, got 2)
2025-07-16 22:58:18,404 - ERROR - ◊”Õº∆•≈‰ ß∞‹: not enough values to unpack (expected 3, got 2)
2025-07-16 22:58:18,412 - ERROR - ◊”Õº∆•≈‰ ß∞‹: not enough values to unpack (expected 3, got 2)
2025-07-16 22:58:18,423 - ERROR - ◊”Õº∆•≈‰ ß∞‹: not enough values to unpack (expected 3, got 2)
2025-07-16 22:58:18,431 - ERROR - ◊”Õº∆•≈‰ ß∞‹: not enough values to unpack (expected 3, got 2)
2025-07-16 22:58:18,443 - ERROR - ◊”Õº∆•≈‰ ß∞‹: not enough values to unpack (expected 3, got 2)
2025-07-16 22:58:18,455 - ERROR - ◊”Õº∆•≈‰ ß∞‹: not enough values to unpack (expected 3, got 2)
2025-07-16 22:58:18,465 - ERROR - ◊”Õº∆•≈‰ ß∞‹: not enough values to unpack (expected 3, got 2)
2025-07-16 22:58:18,474 - ERROR - ◊”Õº∆•≈‰ ß∞‹: not enough values to unpack (expected 3, got 2)
2025-07-16 22:58:18,484 - ERROR - ◊”Õº∆•≈‰ ß∞‹: not enough values to unpack (expected 3, got 2)
2025-07-16 22:58:18,495 - ERROR - ◊”Õº∆•≈‰ ß∞‹: not enough values to unpack (expected 3, got 2)
2025-07-16 22:58:18,509 - ERROR - ◊”Õº∆•≈‰ ß∞‹: not enough values to unpack (expected 3, got 2)
2025-07-16 22:58:18,520 - ERROR - ◊”Õº∆•≈‰ ß∞‹: not enough values to unpack (expected 3, got 2)
2025-07-16 22:58:18,530 - ERROR - ◊”Õº∆•≈‰ ß∞‹: not enough values to unpack (expected 3, got 2)
2025-07-16 22:58:18,542 - ERROR - ◊”Õº∆•≈‰ ß∞‹: not enough values to unpack (expected 3, got 2)
2025-07-16 22:58:18,550 - ERROR - ◊”Õº∆•≈‰ ß∞‹: not enough values to unpack (expected 3, got 2)
2025-07-16 22:58:18,560 - ERROR - ◊”Õº∆•≈‰ ß∞‹: not enough values to unpack (expected 3, got 2)
2025-07-16 22:58:18,568 - ERROR - ◊”Õº∆•≈‰ ß∞‹: not enough values to unpack (expected 3, got 2)
2025-07-16 22:58:18,578 - ERROR - ◊”Õº∆•≈‰ ß∞‹: not enough values to unpack (expected 3, got 2)
2025-07-16 22:58:18,587 - ERROR - ◊”Õº∆•≈‰ ß∞‹: not enough values to unpack (expected 3, got 2)
2025-07-16 22:58:18,596 - ERROR - ◊”Õº∆•≈‰ ß∞‹: not enough values to unpack (expected 3, got 2)
2025-07-16 22:58:18,605 - ERROR - ◊”Õº∆•≈‰ ß∞‹: not enough values to unpack (expected 3, got 2)
2025-07-16 22:58:18,614 - ERROR - ◊”Õº∆•≈‰ ß∞‹: not enough values to unpack (expected 3, got 2)
2025-07-16 22:58:18,623 - ERROR - ◊”Õº∆•≈‰ ß∞‹: not enough values to unpack (expected 3, got 2)
2025-07-16 22:58:18,632 - ERROR - ◊”Õº∆•≈‰ ß∞‹: not enough values to unpack (expected 3, got 2)
2025-07-16 22:58:18,643 - ERROR - ◊”Õº∆•≈‰ ß∞‹: not enough values to unpack (expected 3, got 2)
2025-07-16 22:58:18,653 - ERROR - ◊”Õº∆•≈‰ ß∞‹: not enough values to unpack (expected 3, got 2)
2025-07-16 22:58:18,664 - ERROR - ◊”Õº∆•≈‰ ß∞‹: not enough values to unpack (expected 3, got 2)
2025-07-16 22:58:18,677 - ERROR - ◊”Õº∆•≈‰ ß∞‹: not enough values to unpack (expected 3, got 2)
2025-07-16 22:58:18,688 - ERROR - ◊”Õº∆•≈‰ ß∞‹: not enough values to unpack (expected 3, got 2)
2025-07-16 22:58:18,698 - ERROR - ◊”Õº∆•≈‰ ß∞‹: not enough values to unpack (expected 3, got 2)
2025-07-16 22:58:18,709 - ERROR - ◊”Õº∆•≈‰ ß∞‹: not enough values to unpack (expected 3, got 2)
2025-07-16 22:58:18,716 - ERROR - ◊”Õº∆•≈‰ ß∞‹: not enough values to unpack (expected 3, got 2)
2025-07-16 22:58:18,727 - ERROR - ◊”Õº∆•≈‰ ß∞‹: not enough values to unpack (expected 3, got 2)
2025-07-16 22:58:18,735 - ERROR - ◊”Õº∆•≈‰ ß∞‹: not enough values to unpack (expected 3, got 2)
2025-07-16 22:58:18,743 - ERROR - ◊”Õº∆•≈‰ ß∞‹: not enough values to unpack (expected 3, got 2)
2025-07-16 22:58:18,753 - ERROR - ◊”Õº∆•≈‰ ß∞‹: not enough values to unpack (expected 3, got 2)
2025-07-16 22:58:18,762 - ERROR - ◊”Õº∆•≈‰ ß∞‹: not enough values to unpack (expected 3, got 2)
2025-07-16 22:58:18,771 - ERROR - ◊”Õº∆•≈‰ ß∞‹: not enough values to unpack (expected 3, got 2)
2025-07-16 22:58:18,780 - ERROR - ◊”Õº∆•≈‰ ß∞‹: not enough values to unpack (expected 3, got 2)
2025-07-16 22:58:18,789 - ERROR - ◊”Õº∆•≈‰ ß∞‹: not enough values to unpack (expected 3, got 2)
2025-07-16 22:58:18,796 - ERROR - ◊”Õº∆•≈‰ ß∞‹: not enough values to unpack (expected 3, got 2)
2025-07-16 22:58:18,807 - ERROR - ◊”Õº∆•≈‰ ß∞‹: not enough values to unpack (expected 3, got 2)
2025-07-16 22:58:18,814 - ERROR - ◊”Õº∆•≈‰ ß∞‹: not enough values to unpack (expected 3, got 2)
2025-07-16 22:58:18,827 - ERROR - ◊”Õº∆•≈‰ ß∞‹: not enough values to unpack (expected 3, got 2)
2025-07-16 22:58:18,835 - ERROR - ◊”Õº∆•≈‰ ß∞‹: not enough values to unpack (expected 3, got 2)
2025-07-16 22:58:18,843 - ERROR - ◊”Õº∆•≈‰ ß∞‹: not enough values to unpack (expected 3, got 2)
2025-07-16 22:58:18,851 - ERROR - ◊”Õº∆•≈‰ ß∞‹: not enough values to unpack (expected 3, got 2)
2025-07-16 22:58:18,862 - ERROR - ◊”Õº∆•≈‰ ß∞‹: not enough values to unpack (expected 3, got 2)
2025-07-16 22:58:18,871 - ERROR - ◊”Õº∆•≈‰ ß∞‹: not enough values to unpack (expected 3, got 2)
2025-07-16 22:58:18,881 - ERROR - ◊”Õº∆•≈‰ ß∞‹: not enough values to unpack (expected 3, got 2)
2025-07-16 22:58:18,891 - ERROR - ◊”Õº∆•≈‰ ß∞‹: not enough values to unpack (expected 3, got 2)
2025-07-16 22:58:18,898 - ERROR - ◊”Õº∆•≈‰ ß∞‹: not enough values to unpack (expected 3, got 2)
2025-07-16 22:58:18,908 - ERROR - ◊”Õº∆•≈‰ ß∞‹: not enough values to unpack (expected 3, got 2)
2025-07-16 22:58:18,917 - ERROR - ◊”Õº∆•≈‰ ß∞‹: not enough values to unpack (expected 3, got 2)
2025-07-16 22:58:18,927 - ERROR - ◊”Õº∆•≈‰ ß∞‹: not enough values to unpack (expected 3, got 2)
2025-07-16 22:58:18,935 - ERROR - ◊”Õº∆•≈‰ ß∞‹: not enough values to unpack (expected 3, got 2)
2025-07-16 22:58:18,945 - ERROR - ◊”Õº∆•≈‰ ß∞‹: not enough values to unpack (expected 3, got 2)
2025-07-16 22:58:18,955 - ERROR - ◊”Õº∆•≈‰ ß∞‹: not enough values to unpack (expected 3, got 2)
2025-07-16 22:58:18,964 - ERROR - ◊”Õº∆•≈‰ ß∞‹: not enough values to unpack (expected 3, got 2)
2025-07-16 22:58:18,976 - ERROR - ◊”Õº∆•≈‰ ß∞‹: not enough values to unpack (expected 3, got 2)
2025-07-16 22:58:18,986 - ERROR - ◊”Õº∆•≈‰ ß∞‹: not enough values to unpack (expected 3, got 2)
2025-07-16 22:58:18,994 - ERROR - ◊”Õº∆•≈‰ ß∞‹: not enough values to unpack (expected 3, got 2)
2025-07-16 22:58:19,007 - ERROR - ◊”Õº∆•≈‰ ß∞‹: not enough values to unpack (expected 3, got 2)
2025-07-16 22:58:19,017 - ERROR - ◊”Õº∆•≈‰ ß∞‹: not enough values to unpack (expected 3, got 2)
2025-07-16 22:58:19,027 - ERROR - ◊”Õº∆•≈‰ ß∞‹: not enough values to unpack (expected 3, got 2)
2025-07-16 22:58:19,039 - ERROR - ◊”Õº∆•≈‰ ß∞‹: not enough values to unpack (expected 3, got 2)
2025-07-16 22:58:19,050 - ERROR - ◊”Õº∆•≈‰ ß∞‹: not enough values to unpack (expected 3, got 2)
2025-07-16 22:58:19,062 - ERROR - ◊”Õº∆•≈‰ ß∞‹: not enough values to unpack (expected 3, got 2)
2025-07-16 22:58:19,063 - INFO - ¥¶¿Ìµ⁄301/1299∏ˆanchor
2025-07-16 22:58:19,076 - ERROR - ◊”Õº∆•≈‰ ß∞‹: not enough values to unpack (expected 3, got 2)
2025-07-16 22:58:19,086 - ERROR - ◊”Õº∆•≈‰ ß∞‹: not enough values to unpack (expected 3, got 2)
2025-07-16 22:58:19,095 - ERROR - ◊”Õº∆•≈‰ ß∞‹: not enough values to unpack (expected 3, got 2)
2025-07-16 22:58:19,107 - ERROR - ◊”Õº∆•≈‰ ß∞‹: not enough values to unpack (expected 3, got 2)
2025-07-16 22:58:19,115 - ERROR - ◊”Õº∆•≈‰ ß∞‹: not enough values to unpack (expected 3, got 2)
2025-07-16 22:58:19,124 - ERROR - ◊”Õº∆•≈‰ ß∞‹: not enough values to unpack (expected 3, got 2)
2025-07-16 22:58:19,133 - ERROR - ◊”Õº∆•≈‰ ß∞‹: not enough values to unpack (expected 3, got 2)
2025-07-16 22:58:19,144 - ERROR - ◊”Õº∆•≈‰ ß∞‹: not enough values to unpack (expected 3, got 2)
2025-07-16 22:58:19,152 - ERROR - ◊”Õº∆•≈‰ ß∞‹: not enough values to unpack (expected 3, got 2)
2025-07-16 22:58:19,162 - ERROR - ◊”Õº∆•≈‰ ß∞‹: not enough values to unpack (expected 3, got 2)
2025-07-16 22:58:19,174 - ERROR - ◊”Õº∆•≈‰ ß∞‹: not enough values to unpack (expected 3, got 2)
2025-07-16 22:58:19,184 - ERROR - ◊”Õº∆•≈‰ ß∞‹: not enough values to unpack (expected 3, got 2)
2025-07-16 22:58:19,197 - ERROR - ◊”Õº∆•≈‰ ß∞‹: not enough values to unpack (expected 3, got 2)
2025-07-16 22:58:19,208 - ERROR - ◊”Õº∆•≈‰ ß∞‹: not enough values to unpack (expected 3, got 2)
2025-07-16 22:58:19,216 - ERROR - ◊”Õº∆•≈‰ ß∞‹: not enough values to unpack (expected 3, got 2)
2025-07-16 22:58:19,226 - ERROR - ◊”Õº∆•≈‰ ß∞‹: not enough values to unpack (expected 3, got 2)
2025-07-16 22:58:19,233 - ERROR - ◊”Õº∆•≈‰ ß∞‹: not enough values to unpack (expected 3, got 2)
2025-07-16 22:58:19,242 - ERROR - ◊”Õº∆•≈‰ ß∞‹: not enough values to unpack (expected 3, got 2)
2025-07-16 22:58:19,254 - ERROR - ◊”Õº∆•≈‰ ß∞‹: not enough values to unpack (expected 3, got 2)
2025-07-16 22:58:19,262 - ERROR - ◊”Õº∆•≈‰ ß∞‹: not enough values to unpack (expected 3, got 2)
2025-07-16 22:58:19,272 - ERROR - ◊”Õº∆•≈‰ ß∞‹: not enough values to unpack (expected 3, got 2)
2025-07-16 22:58:19,281 - ERROR - ◊”Õº∆•≈‰ ß∞‹: not enough values to unpack (expected 3, got 2)
2025-07-16 22:58:19,290 - ERROR - ◊”Õº∆•≈‰ ß∞‹: not enough values to unpack (expected 3, got 2)
2025-07-16 22:58:19,298 - ERROR - ◊”Õº∆•≈‰ ß∞‹: not enough values to unpack (expected 3, got 2)
2025-07-16 22:58:19,308 - ERROR - ◊”Õº∆•≈‰ ß∞‹: not enough values to unpack (expected 3, got 2)
2025-07-16 22:58:19,315 - ERROR - ◊”Õº∆•≈‰ ß∞‹: not enough values to unpack (expected 3, got 2)
2025-07-16 22:58:19,327 - ERROR - ◊”Õº∆•≈‰ ß∞‹: not enough values to unpack (expected 3, got 2)
2025-07-16 22:58:19,334 - ERROR - ◊”Õº∆•≈‰ ß∞‹: not enough values to unpack (expected 3, got 2)
2025-07-16 22:58:19,345 - ERROR - ◊”Õº∆•≈‰ ß∞‹: not enough values to unpack (expected 3, got 2)
2025-07-16 22:58:19,354 - ERROR - ◊”Õº∆•≈‰ ß∞‹: not enough values to unpack (expected 3, got 2)
2025-07-16 22:58:19,363 - ERROR - ◊”Õº∆•≈‰ ß∞‹: not enough values to unpack (expected 3, got 2)
2025-07-16 22:58:19,375 - ERROR - ◊”Õº∆•≈‰ ß∞‹: not enough values to unpack (expected 3, got 2)
2025-07-16 22:58:19,384 - ERROR - ◊”Õº∆•≈‰ ß∞‹: not enough values to unpack (expected 3, got 2)
2025-07-16 22:58:19,395 - ERROR - ◊”Õº∆•≈‰ ß∞‹: not enough values to unpack (expected 3, got 2)
2025-07-16 22:58:19,409 - ERROR - ◊”Õº∆•≈‰ ß∞‹: not enough values to unpack (expected 3, got 2)
2025-07-16 22:58:19,417 - ERROR - ◊”Õº∆•≈‰ ß∞‹: not enough values to unpack (expected 3, got 2)
2025-07-16 22:58:19,429 - ERROR - ◊”Õº∆•≈‰ ß∞‹: not enough values to unpack (expected 3, got 2)
2025-07-16 22:58:19,441 - ERROR - ◊”Õº∆•≈‰ ß∞‹: not enough values to unpack (expected 3, got 2)
2025-07-16 22:58:19,448 - ERROR - ◊”Õº∆•≈‰ ß∞‹: not enough values to unpack (expected 3, got 2)
2025-07-16 22:58:19,457 - ERROR - ◊”Õº∆•≈‰ ß∞‹: not enough values to unpack (expected 3, got 2)
2025-07-16 22:58:19,468 - ERROR - ◊”Õº∆•≈‰ ß∞‹: not enough values to unpack (expected 3, got 2)
2025-07-16 22:58:19,477 - ERROR - ◊”Õº∆•≈‰ ß∞‹: not enough values to unpack (expected 3, got 2)
2025-07-16 22:58:19,484 - ERROR - ◊”Õº∆•≈‰ ß∞‹: not enough values to unpack (expected 3, got 2)
2025-07-16 22:58:19,494 - ERROR - ◊”Õº∆•≈‰ ß∞‹: not enough values to unpack (expected 3, got 2)
2025-07-16 22:58:19,502 - ERROR - ◊”Õº∆•≈‰ ß∞‹: not enough values to unpack (expected 3, got 2)
2025-07-16 22:58:19,512 - ERROR - ◊”Õº∆•≈‰ ß∞‹: not enough values to unpack (expected 3, got 2)
2025-07-16 22:58:19,521 - ERROR - ◊”Õº∆•≈‰ ß∞‹: not enough values to unpack (expected 3, got 2)
2025-07-16 22:58:19,529 - ERROR - ◊”Õº∆•≈‰ ß∞‹: not enough values to unpack (expected 3, got 2)
2025-07-16 22:58:19,539 - ERROR - ◊”Õº∆•≈‰ ß∞‹: not enough values to unpack (expected 3, got 2)
2025-07-16 22:58:19,547 - ERROR - ◊”Õº∆•≈‰ ß∞‹: not enough values to unpack (expected 3, got 2)
2025-07-16 22:58:19,557 - ERROR - ◊”Õº∆•≈‰ ß∞‹: not enough values to unpack (expected 3, got 2)
2025-07-16 22:58:19,565 - ERROR - ◊”Õº∆•≈‰ ß∞‹: not enough values to unpack (expected 3, got 2)
2025-07-16 22:58:19,576 - ERROR - ◊”Õº∆•≈‰ ß∞‹: not enough values to unpack (expected 3, got 2)
2025-07-16 22:58:19,584 - ERROR - ◊”Õº∆•≈‰ ß∞‹: not enough values to unpack (expected 3, got 2)
2025-07-16 22:58:19,594 - ERROR - ◊”Õº∆•≈‰ ß∞‹: not enough values to unpack (expected 3, got 2)
2025-07-16 22:58:19,607 - ERROR - ◊”Õº∆•≈‰ ß∞‹: not enough values to unpack (expected 3, got 2)
2025-07-16 22:58:19,616 - ERROR - ◊”Õº∆•≈‰ ß∞‹: not enough values to unpack (expected 3, got 2)
2025-07-16 22:58:19,624 - ERROR - ◊”Õº∆•≈‰ ß∞‹: not enough values to unpack (expected 3, got 2)
2025-07-16 22:58:19,632 - ERROR - ◊”Õº∆•≈‰ ß∞‹: not enough values to unpack (expected 3, got 2)
2025-07-16 22:58:19,643 - ERROR - ◊”Õº∆•≈‰ ß∞‹: not enough values to unpack (expected 3, got 2)
2025-07-16 22:58:19,653 - ERROR - ◊”Õº∆•≈‰ ß∞‹: not enough values to unpack (expected 3, got 2)
2025-07-16 22:58:19,661 - ERROR - ◊”Õº∆•≈‰ ß∞‹: not enough values to unpack (expected 3, got 2)
2025-07-16 22:58:19,670 - ERROR - ◊”Õº∆•≈‰ ß∞‹: not enough values to unpack (expected 3, got 2)
2025-07-16 22:58:19,680 - ERROR - ◊”Õº∆•≈‰ ß∞‹: not enough values to unpack (expected 3, got 2)
2025-07-16 22:58:19,690 - ERROR - ◊”Õº∆•≈‰ ß∞‹: not enough values to unpack (expected 3, got 2)
2025-07-16 22:58:19,697 - ERROR - ◊”Õº∆•≈‰ ß∞‹: not enough values to unpack (expected 3, got 2)
2025-07-16 22:58:19,708 - ERROR - ◊”Õº∆•≈‰ ß∞‹: not enough values to unpack (expected 3, got 2)
2025-07-16 22:58:19,715 - ERROR - ◊”Õº∆•≈‰ ß∞‹: not enough values to unpack (expected 3, got 2)
2025-07-16 22:58:19,726 - ERROR - ◊”Õº∆•≈‰ ß∞‹: not enough values to unpack (expected 3, got 2)
2025-07-16 22:58:19,733 - ERROR - ◊”Õº∆•≈‰ ß∞‹: not enough values to unpack (expected 3, got 2)
2025-07-16 22:58:19,742 - ERROR - ◊”Õº∆•≈‰ ß∞‹: not enough values to unpack (expected 3, got 2)
2025-07-16 22:58:19,753 - ERROR - ◊”Õº∆•≈‰ ß∞‹: not enough values to unpack (expected 3, got 2)
2025-07-16 22:58:19,761 - ERROR - ◊”Õº∆•≈‰ ß∞‹: not enough values to unpack (expected 3, got 2)
2025-07-16 22:58:19,768 - ERROR - ◊”Õº∆•≈‰ ß∞‹: not enough values to unpack (expected 3, got 2)
2025-07-16 22:58:19,777 - ERROR - ◊”Õº∆•≈‰ ß∞‹: not enough values to unpack (expected 3, got 2)
2025-07-16 22:58:19,784 - ERROR - ◊”Õº∆•≈‰ ß∞‹: not enough values to unpack (expected 3, got 2)
2025-07-16 22:58:19,792 - ERROR - ◊”Õº∆•≈‰ ß∞‹: not enough values to unpack (expected 3, got 2)
2025-07-16 22:58:19,798 - ERROR - ◊”Õº∆•≈‰ ß∞‹: not enough values to unpack (expected 3, got 2)
2025-07-16 22:58:19,811 - ERROR - ◊”Õº∆•≈‰ ß∞‹: not enough values to unpack (expected 3, got 2)
2025-07-16 22:58:19,821 - ERROR - ◊”Õº∆•≈‰ ß∞‹: not enough values to unpack (expected 3, got 2)
2025-07-16 22:58:19,829 - ERROR - ◊”Õº∆•≈‰ ß∞‹: not enough values to unpack (expected 3, got 2)
2025-07-16 22:58:19,837 - ERROR - ◊”Õº∆•≈‰ ß∞‹: not enough values to unpack (expected 3, got 2)
2025-07-16 22:58:19,845 - ERROR - ◊”Õº∆•≈‰ ß∞‹: not enough values to unpack (expected 3, got 2)
2025-07-16 22:58:19,854 - ERROR - ◊”Õº∆•≈‰ ß∞‹: not enough values to unpack (expected 3, got 2)
2025-07-16 22:58:19,862 - ERROR - ◊”Õº∆•≈‰ ß∞‹: not enough values to unpack (expected 3, got 2)
2025-07-16 22:58:19,873 - ERROR - ◊”Õº∆•≈‰ ß∞‹: not enough values to unpack (expected 3, got 2)
2025-07-16 22:58:19,883 - ERROR - ◊”Õº∆•≈‰ ß∞‹: not enough values to unpack (expected 3, got 2)
2025-07-16 22:58:19,894 - ERROR - ◊”Õº∆•≈‰ ß∞‹: not enough values to unpack (expected 3, got 2)
2025-07-16 22:58:19,903 - ERROR - ◊”Õº∆•≈‰ ß∞‹: not enough values to unpack (expected 3, got 2)
2025-07-16 22:58:19,913 - ERROR - ◊”Õº∆•≈‰ ß∞‹: not enough values to unpack (expected 3, got 2)
2025-07-16 22:58:19,925 - ERROR - ◊”Õº∆•≈‰ ß∞‹: not enough values to unpack (expected 3, got 2)
2025-07-16 22:58:19,932 - ERROR - ◊”Õº∆•≈‰ ß∞‹: not enough values to unpack (expected 3, got 2)
2025-07-16 22:58:19,944 - ERROR - ◊”Õº∆•≈‰ ß∞‹: not enough values to unpack (expected 3, got 2)
2025-07-16 22:58:19,953 - ERROR - ◊”Õº∆•≈‰ ß∞‹: not enough values to unpack (expected 3, got 2)
2025-07-16 22:58:19,969 - ERROR - ◊”Õº∆•≈‰ ß∞‹: not enough values to unpack (expected 3, got 2)
2025-07-16 22:58:19,979 - ERROR - ◊”Õº∆•≈‰ ß∞‹: not enough values to unpack (expected 3, got 2)
2025-07-16 22:58:19,992 - ERROR - ◊”Õº∆•≈‰ ß∞‹: not enough values to unpack (expected 3, got 2)
2025-07-16 22:58:20,003 - ERROR - ◊”Õº∆•≈‰ ß∞‹: not enough values to unpack (expected 3, got 2)
2025-07-16 22:58:20,060 - ERROR - ◊”Õº∆•≈‰ ß∞‹: not enough values to unpack (expected 3, got 2)
2025-07-16 22:58:20,083 - ERROR - ◊”Õº∆•≈‰ ß∞‹: not enough values to unpack (expected 3, got 2)
2025-07-16 22:58:20,084 - INFO - ¥¶¿Ìµ⁄401/1299∏ˆanchor
2025-07-16 22:58:20,095 - ERROR - ◊”Õº∆•≈‰ ß∞‹: not enough values to unpack (expected 3, got 2)
2025-07-16 22:58:20,104 - ERROR - ◊”Õº∆•≈‰ ß∞‹: not enough values to unpack (expected 3, got 2)
2025-07-16 22:58:20,114 - ERROR - ◊”Õº∆•≈‰ ß∞‹: not enough values to unpack (expected 3, got 2)
2025-07-16 22:58:20,129 - ERROR - ◊”Õº∆•≈‰ ß∞‹: not enough values to unpack (expected 3, got 2)
2025-07-16 22:58:20,141 - ERROR - ◊”Õº∆•≈‰ ß∞‹: not enough values to unpack (expected 3, got 2)
2025-07-16 22:58:20,154 - ERROR - ◊”Õº∆•≈‰ ß∞‹: not enough values to unpack (expected 3, got 2)
2025-07-16 22:58:20,161 - ERROR - ◊”Õº∆•≈‰ ß∞‹: not enough values to unpack (expected 3, got 2)
2025-07-16 22:58:20,177 - ERROR - ◊”Õº∆•≈‰ ß∞‹: not enough values to unpack (expected 3, got 2)
2025-07-16 22:58:20,189 - ERROR - ◊”Õº∆•≈‰ ß∞‹: not enough values to unpack (expected 3, got 2)
2025-07-16 22:58:20,199 - ERROR - ◊”Õº∆•≈‰ ß∞‹: not enough values to unpack (expected 3, got 2)
2025-07-16 22:58:20,212 - ERROR - ◊”Õº∆•≈‰ ß∞‹: not enough values to unpack (expected 3, got 2)
2025-07-16 22:58:20,226 - ERROR - ◊”Õº∆•≈‰ ß∞‹: not enough values to unpack (expected 3, got 2)
2025-07-16 22:58:20,237 - ERROR - ◊”Õº∆•≈‰ ß∞‹: not enough values to unpack (expected 3, got 2)
2025-07-16 22:58:20,247 - ERROR - ◊”Õº∆•≈‰ ß∞‹: not enough values to unpack (expected 3, got 2)
2025-07-16 22:58:20,259 - ERROR - ◊”Õº∆•≈‰ ß∞‹: not enough values to unpack (expected 3, got 2)
2025-07-16 22:58:20,276 - ERROR - ◊”Õº∆•≈‰ ß∞‹: not enough values to unpack (expected 3, got 2)
2025-07-16 22:58:20,287 - ERROR - ◊”Õº∆•≈‰ ß∞‹: not enough values to unpack (expected 3, got 2)
2025-07-16 22:58:20,297 - ERROR - ◊”Õº∆•≈‰ ß∞‹: not enough values to unpack (expected 3, got 2)
2025-07-16 22:58:20,310 - ERROR - ◊”Õº∆•≈‰ ß∞‹: not enough values to unpack (expected 3, got 2)
2025-07-16 22:58:20,321 - ERROR - ◊”Õº∆•≈‰ ß∞‹: not enough values to unpack (expected 3, got 2)
2025-07-16 22:58:20,331 - ERROR - ◊”Õº∆•≈‰ ß∞‹: not enough values to unpack (expected 3, got 2)
2025-07-16 22:58:20,348 - ERROR - ◊”Õº∆•≈‰ ß∞‹: not enough values to unpack (expected 3, got 2)
2025-07-16 22:58:20,375 - ERROR - ◊”Õº∆•≈‰ ß∞‹: not enough values to unpack (expected 3, got 2)
2025-07-16 22:58:20,382 - ERROR - ◊”Õº∆•≈‰ ß∞‹: not enough values to unpack (expected 3, got 2)
2025-07-16 22:58:20,399 - ERROR - ◊”Õº∆•≈‰ ß∞‹: not enough values to unpack (expected 3, got 2)
2025-07-16 22:58:20,412 - ERROR - ◊”Õº∆•≈‰ ß∞‹: not enough values to unpack (expected 3, got 2)
2025-07-16 22:58:20,429 - ERROR - ◊”Õº∆•≈‰ ß∞‹: not enough values to unpack (expected 3, got 2)
2025-07-16 22:58:20,445 - ERROR - ◊”Õº∆•≈‰ ß∞‹: not enough values to unpack (expected 3, got 2)
2025-07-16 22:58:20,458 - ERROR - ◊”Õº∆•≈‰ ß∞‹: not enough values to unpack (expected 3, got 2)
2025-07-16 22:58:20,473 - ERROR - ◊”Õº∆•≈‰ ß∞‹: not enough values to unpack (expected 3, got 2)
2025-07-16 22:58:20,483 - ERROR - ◊”Õº∆•≈‰ ß∞‹: not enough values to unpack (expected 3, got 2)
2025-07-16 22:58:20,494 - ERROR - ◊”Õº∆•≈‰ ß∞‹: not enough values to unpack (expected 3, got 2)
2025-07-16 22:58:20,508 - ERROR - ◊”Õº∆•≈‰ ß∞‹: not enough values to unpack (expected 3, got 2)
2025-07-16 22:58:20,520 - ERROR - ◊”Õº∆•≈‰ ß∞‹: not enough values to unpack (expected 3, got 2)
2025-07-16 22:58:20,530 - ERROR - ◊”Õº∆•≈‰ ß∞‹: not enough values to unpack (expected 3, got 2)
2025-07-16 22:58:20,545 - ERROR - ◊”Õº∆•≈‰ ß∞‹: not enough values to unpack (expected 3, got 2)
2025-07-16 22:58:20,558 - ERROR - ◊”Õº∆•≈‰ ß∞‹: not enough values to unpack (expected 3, got 2)
2025-07-16 22:58:20,566 - ERROR - ◊”Õº∆•≈‰ ß∞‹: not enough values to unpack (expected 3, got 2)
2025-07-16 22:58:20,578 - ERROR - ◊”Õº∆•≈‰ ß∞‹: not enough values to unpack (expected 3, got 2)
2025-07-16 22:58:20,590 - ERROR - ◊”Õº∆•≈‰ ß∞‹: not enough values to unpack (expected 3, got 2)
2025-07-16 22:58:20,598 - ERROR - ◊”Õº∆•≈‰ ß∞‹: not enough values to unpack (expected 3, got 2)
2025-07-16 22:58:20,610 - ERROR - ◊”Õº∆•≈‰ ß∞‹: not enough values to unpack (expected 3, got 2)
2025-07-16 22:58:20,621 - ERROR - ◊”Õº∆•≈‰ ß∞‹: not enough values to unpack (expected 3, got 2)
2025-07-16 22:58:20,647 - ERROR - ◊”Õº∆•≈‰ ß∞‹: not enough values to unpack (expected 3, got 2)
2025-07-16 22:58:20,658 - ERROR - ◊”Õº∆•≈‰ ß∞‹: not enough values to unpack (expected 3, got 2)
2025-07-16 22:58:20,671 - ERROR - ◊”Õº∆•≈‰ ß∞‹: not enough values to unpack (expected 3, got 2)
2025-07-16 22:58:20,694 - ERROR - ◊”Õº∆•≈‰ ß∞‹: not enough values to unpack (expected 3, got 2)
2025-07-16 22:58:20,725 - ERROR - ◊”Õº∆•≈‰ ß∞‹: not enough values to unpack (expected 3, got 2)
2025-07-16 22:58:20,753 - ERROR - ◊”Õº∆•≈‰ ß∞‹: not enough values to unpack (expected 3, got 2)
2025-07-16 22:58:20,785 - ERROR - ◊”Õº∆•≈‰ ß∞‹: not enough values to unpack (expected 3, got 2)
2025-07-16 22:58:20,811 - ERROR - ◊”Õº∆•≈‰ ß∞‹: not enough values to unpack (expected 3, got 2)
2025-07-16 22:58:20,856 - ERROR - ◊”Õº∆•≈‰ ß∞‹: not enough values to unpack (expected 3, got 2)
2025-07-16 22:58:20,883 - ERROR - ◊”Õº∆•≈‰ ß∞‹: not enough values to unpack (expected 3, got 2)
2025-07-16 22:58:20,904 - ERROR - ◊”Õº∆•≈‰ ß∞‹: not enough values to unpack (expected 3, got 2)
2025-07-16 22:58:20,936 - ERROR - ◊”Õº∆•≈‰ ß∞‹: not enough values to unpack (expected 3, got 2)
2025-07-16 22:58:20,995 - ERROR - ◊”Õº∆•≈‰ ß∞‹: not enough values to unpack (expected 3, got 2)
2025-07-16 22:58:21,013 - ERROR - ◊”Õº∆•≈‰ ß∞‹: not enough values to unpack (expected 3, got 2)
2025-07-16 22:58:21,034 - ERROR - ◊”Õº∆•≈‰ ß∞‹: not enough values to unpack (expected 3, got 2)
2025-07-16 22:58:21,046 - ERROR - ◊”Õº∆•≈‰ ß∞‹: not enough values to unpack (expected 3, got 2)
2025-07-16 22:58:21,061 - ERROR - ◊”Õº∆•≈‰ ß∞‹: not enough values to unpack (expected 3, got 2)
2025-07-16 22:58:21,098 - ERROR - ◊”Õº∆•≈‰ ß∞‹: not enough values to unpack (expected 3, got 2)
2025-07-16 22:58:21,116 - ERROR - ◊”Õº∆•≈‰ ß∞‹: not enough values to unpack (expected 3, got 2)
2025-07-16 22:58:21,136 - ERROR - ◊”Õº∆•≈‰ ß∞‹: not enough values to unpack (expected 3, got 2)
2025-07-16 22:58:21,146 - ERROR - ◊”Õº∆•≈‰ ß∞‹: not enough values to unpack (expected 3, got 2)
2025-07-16 22:58:21,158 - ERROR - ◊”Õº∆•≈‰ ß∞‹: not enough values to unpack (expected 3, got 2)
2025-07-16 22:58:21,175 - ERROR - ◊”Õº∆•≈‰ ß∞‹: not enough values to unpack (expected 3, got 2)
2025-07-16 22:58:21,183 - ERROR - ◊”Õº∆•≈‰ ß∞‹: not enough values to unpack (expected 3, got 2)
2025-07-16 22:58:21,195 - ERROR - ◊”Õº∆•≈‰ ß∞‹: not enough values to unpack (expected 3, got 2)
2025-07-16 22:58:21,208 - ERROR - ◊”Õº∆•≈‰ ß∞‹: not enough values to unpack (expected 3, got 2)
2025-07-16 22:58:21,216 - ERROR - ◊”Õº∆•≈‰ ß∞‹: not enough values to unpack (expected 3, got 2)
2025-07-16 22:58:21,228 - ERROR - ◊”Õº∆•≈‰ ß∞‹: not enough values to unpack (expected 3, got 2)
2025-07-16 22:58:21,240 - ERROR - ◊”Õº∆•≈‰ ß∞‹: not enough values to unpack (expected 3, got 2)
2025-07-16 22:58:21,267 - ERROR - ◊”Õº∆•≈‰ ß∞‹: not enough values to unpack (expected 3, got 2)
2025-07-16 22:58:21,277 - ERROR - ◊”Õº∆•≈‰ ß∞‹: not enough values to unpack (expected 3, got 2)
2025-07-16 22:58:21,285 - ERROR - ◊”Õº∆•≈‰ ß∞‹: not enough values to unpack (expected 3, got 2)
2025-07-16 22:58:21,294 - ERROR - ◊”Õº∆•≈‰ ß∞‹: not enough values to unpack (expected 3, got 2)
2025-07-16 22:58:21,303 - ERROR - ◊”Õº∆•≈‰ ß∞‹: not enough values to unpack (expected 3, got 2)
2025-07-16 22:58:21,312 - ERROR - ◊”Õº∆•≈‰ ß∞‹: not enough values to unpack (expected 3, got 2)
2025-07-16 22:58:21,328 - ERROR - ◊”Õº∆•≈‰ ß∞‹: not enough values to unpack (expected 3, got 2)
2025-07-16 22:58:21,341 - ERROR - ◊”Õº∆•≈‰ ß∞‹: not enough values to unpack (expected 3, got 2)
2025-07-16 22:58:21,351 - ERROR - ◊”Õº∆•≈‰ ß∞‹: not enough values to unpack (expected 3, got 2)
2025-07-16 22:58:21,362 - ERROR - ◊”Õº∆•≈‰ ß∞‹: not enough values to unpack (expected 3, got 2)
2025-07-16 22:58:21,376 - ERROR - ◊”Õº∆•≈‰ ß∞‹: not enough values to unpack (expected 3, got 2)
2025-07-16 22:58:21,386 - ERROR - ◊”Õº∆•≈‰ ß∞‹: not enough values to unpack (expected 3, got 2)
2025-07-16 22:58:21,395 - ERROR - ◊”Õº∆•≈‰ ß∞‹: not enough values to unpack (expected 3, got 2)
2025-07-16 22:58:21,412 - ERROR - ◊”Õº∆•≈‰ ß∞‹: not enough values to unpack (expected 3, got 2)
2025-07-16 22:58:21,426 - ERROR - ◊”Õº∆•≈‰ ß∞‹: not enough values to unpack (expected 3, got 2)
2025-07-16 22:58:21,435 - ERROR - ◊”Õº∆•≈‰ ß∞‹: not enough values to unpack (expected 3, got 2)
2025-07-16 22:58:21,446 - ERROR - ◊”Õº∆•≈‰ ß∞‹: not enough values to unpack (expected 3, got 2)
2025-07-16 22:58:21,459 - ERROR - ◊”Õº∆•≈‰ ß∞‹: not enough values to unpack (expected 3, got 2)
2025-07-16 22:58:21,474 - ERROR - ◊”Õº∆•≈‰ ß∞‹: not enough values to unpack (expected 3, got 2)
2025-07-16 22:58:21,497 - ERROR - ◊”Õº∆•≈‰ ß∞‹: not enough values to unpack (expected 3, got 2)
2025-07-16 22:58:21,515 - ERROR - ◊”Õº∆•≈‰ ß∞‹: not enough values to unpack (expected 3, got 2)
2025-07-16 22:58:21,529 - ERROR - ◊”Õº∆•≈‰ ß∞‹: not enough values to unpack (expected 3, got 2)
2025-07-16 22:58:21,541 - ERROR - ◊”Õº∆•≈‰ ß∞‹: not enough values to unpack (expected 3, got 2)
2025-07-16 22:58:21,549 - ERROR - ◊”Õº∆•≈‰ ß∞‹: not enough values to unpack (expected 3, got 2)
2025-07-16 22:58:21,561 - ERROR - ◊”Õº∆•≈‰ ß∞‹: not enough values to unpack (expected 3, got 2)
2025-07-16 22:58:21,573 - ERROR - ◊”Õº∆•≈‰ ß∞‹: not enough values to unpack (expected 3, got 2)
2025-07-16 22:58:21,579 - ERROR - ◊”Õº∆•≈‰ ß∞‹: not enough values to unpack (expected 3, got 2)
2025-07-16 22:58:21,594 - ERROR - ◊”Õº∆•≈‰ ß∞‹: not enough values to unpack (expected 3, got 2)
2025-07-16 22:58:21,597 - INFO - ¥¶¿Ìµ⁄501/1299∏ˆanchor
2025-07-16 22:58:21,613 - ERROR - ◊”Õº∆•≈‰ ß∞‹: not enough values to unpack (expected 3, got 2)
2025-07-16 22:58:21,629 - ERROR - ◊”Õº∆•≈‰ ß∞‹: not enough values to unpack (expected 3, got 2)
2025-07-16 22:58:21,703 - ERROR - ◊”Õº∆•≈‰ ß∞‹: not enough values to unpack (expected 3, got 2)
2025-07-16 22:58:21,734 - ERROR - ◊”Õº∆•≈‰ ß∞‹: not enough values to unpack (expected 3, got 2)
2025-07-16 22:58:21,779 - ERROR - ◊”Õº∆•≈‰ ß∞‹: not enough values to unpack (expected 3, got 2)
2025-07-16 22:58:21,814 - ERROR - ◊”Õº∆•≈‰ ß∞‹: not enough values to unpack (expected 3, got 2)
2025-07-16 22:58:21,826 - ERROR - ◊”Õº∆•≈‰ ß∞‹: not enough values to unpack (expected 3, got 2)
2025-07-16 22:58:21,867 - ERROR - ◊”Õº∆•≈‰ ß∞‹: not enough values to unpack (expected 3, got 2)
2025-07-16 22:58:21,880 - ERROR - ◊”Õº∆•≈‰ ß∞‹: not enough values to unpack (expected 3, got 2)
2025-07-16 22:58:21,890 - ERROR - ◊”Õº∆•≈‰ ß∞‹: not enough values to unpack (expected 3, got 2)
2025-07-16 22:58:21,949 - ERROR - ◊”Õº∆•≈‰ ß∞‹: not enough values to unpack (expected 3, got 2)
2025-07-16 22:58:21,977 - ERROR - ◊”Õº∆•≈‰ ß∞‹: not enough values to unpack (expected 3, got 2)
2025-07-16 22:58:22,042 - ERROR - ◊”Õº∆•≈‰ ß∞‹: not enough values to unpack (expected 3, got 2)
2025-07-16 22:58:22,057 - ERROR - ◊”Õº∆•≈‰ ß∞‹: not enough values to unpack (expected 3, got 2)
2025-07-16 22:58:22,070 - ERROR - ◊”Õº∆•≈‰ ß∞‹: not enough values to unpack (expected 3, got 2)
2025-07-16 22:58:22,080 - ERROR - ◊”Õº∆•≈‰ ß∞‹: not enough values to unpack (expected 3, got 2)
2025-07-16 22:58:22,093 - ERROR - ◊”Õº∆•≈‰ ß∞‹: not enough values to unpack (expected 3, got 2)
2025-07-16 22:58:22,108 - ERROR - ◊”Õº∆•≈‰ ß∞‹: not enough values to unpack (expected 3, got 2)
2025-07-16 22:58:22,119 - ERROR - ◊”Õº∆•≈‰ ß∞‹: not enough values to unpack (expected 3, got 2)
2025-07-16 22:58:22,131 - ERROR - ◊”Õº∆•≈‰ ß∞‹: not enough values to unpack (expected 3, got 2)
2025-07-16 22:58:22,152 - ERROR - ◊”Õº∆•≈‰ ß∞‹: not enough values to unpack (expected 3, got 2)
2025-07-16 22:58:22,176 - ERROR - ◊”Õº∆•≈‰ ß∞‹: not enough values to unpack (expected 3, got 2)
2025-07-16 22:58:22,191 - ERROR - ◊”Õº∆•≈‰ ß∞‹: not enough values to unpack (expected 3, got 2)
2025-07-16 22:58:22,203 - ERROR - ◊”Õº∆•≈‰ ß∞‹: not enough values to unpack (expected 3, got 2)
2025-07-16 22:58:22,214 - ERROR - ◊”Õº∆•≈‰ ß∞‹: not enough values to unpack (expected 3, got 2)
2025-07-16 22:58:22,227 - ERROR - ◊”Õº∆•≈‰ ß∞‹: not enough values to unpack (expected 3, got 2)
2025-07-16 22:58:22,239 - ERROR - ◊”Õº∆•≈‰ ß∞‹: not enough values to unpack (expected 3, got 2)
2025-07-16 22:58:22,363 - ERROR - ◊”Õº∆•≈‰ ß∞‹: not enough values to unpack (expected 3, got 2)
2025-07-16 22:58:22,427 - ERROR - ◊”Õº∆•≈‰ ß∞‹: not enough values to unpack (expected 3, got 2)
2025-07-16 22:58:22,464 - ERROR - ◊”Õº∆•≈‰ ß∞‹: not enough values to unpack (expected 3, got 2)
2025-07-16 22:58:22,503 - ERROR - ◊”Õº∆•≈‰ ß∞‹: not enough values to unpack (expected 3, got 2)
2025-07-16 22:58:22,595 - ERROR - ◊”Õº∆•≈‰ ß∞‹: not enough values to unpack (expected 3, got 2)
2025-07-16 22:58:22,656 - ERROR - ◊”Õº∆•≈‰ ß∞‹: not enough values to unpack (expected 3, got 2)
2025-07-16 22:58:22,698 - ERROR - ◊”Õº∆•≈‰ ß∞‹: not enough values to unpack (expected 3, got 2)
2025-07-16 22:58:22,730 - ERROR - ◊”Õº∆•≈‰ ß∞‹: not enough values to unpack (expected 3, got 2)
2025-07-16 22:58:22,749 - ERROR - ◊”Õº∆•≈‰ ß∞‹: not enough values to unpack (expected 3, got 2)
2025-07-16 22:58:22,761 - ERROR - ◊”Õº∆•≈‰ ß∞‹: not enough values to unpack (expected 3, got 2)
2025-07-16 22:58:22,785 - ERROR - ◊”Õº∆•≈‰ ß∞‹: not enough values to unpack (expected 3, got 2)
2025-07-16 22:58:22,854 - ERROR - ◊”Õº∆•≈‰ ß∞‹: not enough values to unpack (expected 3, got 2)
2025-07-16 22:58:22,912 - ERROR - ◊”Õº∆•≈‰ ß∞‹: not enough values to unpack (expected 3, got 2)
2025-07-16 22:58:22,939 - ERROR - ◊”Õº∆•≈‰ ß∞‹: not enough values to unpack (expected 3, got 2)
2025-07-16 22:58:22,966 - ERROR - ◊”Õº∆•≈‰ ß∞‹: not enough values to unpack (expected 3, got 2)
2025-07-16 22:58:23,114 - ERROR - ◊”Õº∆•≈‰ ß∞‹: not enough values to unpack (expected 3, got 2)
2025-07-16 22:58:23,149 - ERROR - ◊”Õº∆•≈‰ ß∞‹: not enough values to unpack (expected 3, got 2)
2025-07-16 22:58:23,253 - ERROR - ◊”Õº∆•≈‰ ß∞‹: not enough values to unpack (expected 3, got 2)
2025-07-16 22:58:23,447 - ERROR - ◊”Õº∆•≈‰ ß∞‹: not enough values to unpack (expected 3, got 2)
2025-07-16 22:58:23,488 - ERROR - ◊”Õº∆•≈‰ ß∞‹: not enough values to unpack (expected 3, got 2)
2025-07-16 22:58:23,519 - ERROR - ◊”Õº∆•≈‰ ß∞‹: not enough values to unpack (expected 3, got 2)
2025-07-16 22:58:23,545 - ERROR - ◊”Õº∆•≈‰ ß∞‹: not enough values to unpack (expected 3, got 2)
2025-07-16 22:58:23,557 - ERROR - ◊”Õº∆•≈‰ ß∞‹: not enough values to unpack (expected 3, got 2)
2025-07-16 22:58:23,575 - ERROR - ◊”Õº∆•≈‰ ß∞‹: not enough values to unpack (expected 3, got 2)
2025-07-16 22:58:23,594 - ERROR - ◊”Õº∆•≈‰ ß∞‹: not enough values to unpack (expected 3, got 2)
2025-07-16 22:58:23,612 - ERROR - ◊”Õº∆•≈‰ ß∞‹: not enough values to unpack (expected 3, got 2)
2025-07-16 22:58:23,625 - ERROR - ◊”Õº∆•≈‰ ß∞‹: not enough values to unpack (expected 3, got 2)
2025-07-16 22:58:23,660 - ERROR - ◊”Õº∆•≈‰ ß∞‹: not enough values to unpack (expected 3, got 2)
2025-07-16 22:58:23,711 - ERROR - ◊”Õº∆•≈‰ ß∞‹: not enough values to unpack (expected 3, got 2)
2025-07-16 22:58:23,744 - ERROR - ◊”Õº∆•≈‰ ß∞‹: not enough values to unpack (expected 3, got 2)
2025-07-16 22:58:23,781 - ERROR - ◊”Õº∆•≈‰ ß∞‹: not enough values to unpack (expected 3, got 2)
2025-07-16 22:58:23,803 - ERROR - ◊”Õº∆•≈‰ ß∞‹: not enough values to unpack (expected 3, got 2)
2025-07-16 22:58:23,828 - ERROR - ◊”Õº∆•≈‰ ß∞‹: not enough values to unpack (expected 3, got 2)
2025-07-16 22:58:23,851 - ERROR - ◊”Õº∆•≈‰ ß∞‹: not enough values to unpack (expected 3, got 2)
2025-07-16 22:58:23,884 - ERROR - ◊”Õº∆•≈‰ ß∞‹: not enough values to unpack (expected 3, got 2)
2025-07-16 22:58:23,897 - ERROR - ◊”Õº∆•≈‰ ß∞‹: not enough values to unpack (expected 3, got 2)
2025-07-16 22:58:23,914 - ERROR - ◊”Õº∆•≈‰ ß∞‹: not enough values to unpack (expected 3, got 2)
2025-07-16 22:58:23,932 - ERROR - ◊”Õº∆•≈‰ ß∞‹: not enough values to unpack (expected 3, got 2)
2025-07-16 22:58:23,955 - ERROR - ◊”Õº∆•≈‰ ß∞‹: not enough values to unpack (expected 3, got 2)
2025-07-16 22:58:24,017 - ERROR - ◊”Õº∆•≈‰ ß∞‹: not enough values to unpack (expected 3, got 2)
2025-07-16 22:58:24,047 - ERROR - ◊”Õº∆•≈‰ ß∞‹: not enough values to unpack (expected 3, got 2)
2025-07-16 22:58:24,171 - ERROR - ◊”Õº∆•≈‰ ß∞‹: not enough values to unpack (expected 3, got 2)
2025-07-16 22:58:24,200 - ERROR - ◊”Õº∆•≈‰ ß∞‹: not enough values to unpack (expected 3, got 2)
2025-07-16 22:58:24,221 - ERROR - ◊”Õº∆•≈‰ ß∞‹: not enough values to unpack (expected 3, got 2)
2025-07-16 22:58:24,255 - ERROR - ◊”Õº∆•≈‰ ß∞‹: not enough values to unpack (expected 3, got 2)
2025-07-16 22:58:24,347 - ERROR - ◊”Õº∆•≈‰ ß∞‹: not enough values to unpack (expected 3, got 2)
2025-07-16 22:58:24,383 - ERROR - ◊”Õº∆•≈‰ ß∞‹: not enough values to unpack (expected 3, got 2)
2025-07-16 22:58:24,409 - ERROR - ◊”Õº∆•≈‰ ß∞‹: not enough values to unpack (expected 3, got 2)
2025-07-16 22:58:24,432 - ERROR - ◊”Õº∆•≈‰ ß∞‹: not enough values to unpack (expected 3, got 2)
2025-07-16 22:58:24,489 - ERROR - ◊”Õº∆•≈‰ ß∞‹: not enough values to unpack (expected 3, got 2)
2025-07-16 22:58:24,509 - ERROR - ◊”Õº∆•≈‰ ß∞‹: not enough values to unpack (expected 3, got 2)
2025-07-16 22:58:24,523 - ERROR - ◊”Õº∆•≈‰ ß∞‹: not enough values to unpack (expected 3, got 2)
2025-07-16 22:58:24,540 - ERROR - ◊”Õº∆•≈‰ ß∞‹: not enough values to unpack (expected 3, got 2)
2025-07-16 22:58:24,556 - ERROR - ◊”Õº∆•≈‰ ß∞‹: not enough values to unpack (expected 3, got 2)
2025-07-16 22:58:24,569 - ERROR - ◊”Õº∆•≈‰ ß∞‹: not enough values to unpack (expected 3, got 2)
2025-07-16 22:58:24,965 - ERROR - ◊”Õº∆•≈‰ ß∞‹: not enough values to unpack (expected 3, got 2)
2025-07-16 22:58:25,237 - ERROR - ◊”Õº∆•≈‰ ß∞‹: not enough values to unpack (expected 3, got 2)
2025-07-16 22:58:25,268 - ERROR - ◊”Õº∆•≈‰ ß∞‹: not enough values to unpack (expected 3, got 2)
2025-07-16 22:58:25,301 - ERROR - ◊”Õº∆•≈‰ ß∞‹: not enough values to unpack (expected 3, got 2)
2025-07-16 22:58:25,316 - ERROR - ◊”Õº∆•≈‰ ß∞‹: not enough values to unpack (expected 3, got 2)
2025-07-16 22:58:25,330 - ERROR - ◊”Õº∆•≈‰ ß∞‹: not enough values to unpack (expected 3, got 2)
2025-07-16 22:58:25,341 - ERROR - ◊”Õº∆•≈‰ ß∞‹: not enough values to unpack (expected 3, got 2)
2025-07-16 22:58:25,390 - ERROR - ◊”Õº∆•≈‰ ß∞‹: not enough values to unpack (expected 3, got 2)
2025-07-16 22:58:25,436 - ERROR - ◊”Õº∆•≈‰ ß∞‹: not enough values to unpack (expected 3, got 2)
2025-07-16 22:58:25,476 - ERROR - ◊”Õº∆•≈‰ ß∞‹: not enough values to unpack (expected 3, got 2)
2025-07-16 22:58:25,499 - ERROR - ◊”Õº∆•≈‰ ß∞‹: not enough values to unpack (expected 3, got 2)
2025-07-16 22:58:25,513 - ERROR - ◊”Õº∆•≈‰ ß∞‹: not enough values to unpack (expected 3, got 2)
2025-07-16 22:58:25,577 - ERROR - ◊”Õº∆•≈‰ ß∞‹: not enough values to unpack (expected 3, got 2)
2025-07-16 22:58:25,609 - ERROR - ◊”Õº∆•≈‰ ß∞‹: not enough values to unpack (expected 3, got 2)
2025-07-16 22:58:25,633 - ERROR - ◊”Õº∆•≈‰ ß∞‹: not enough values to unpack (expected 3, got 2)
2025-07-16 22:58:25,650 - ERROR - ◊”Õº∆•≈‰ ß∞‹: not enough values to unpack (expected 3, got 2)
2025-07-16 22:58:25,670 - ERROR - ◊”Õº∆•≈‰ ß∞‹: not enough values to unpack (expected 3, got 2)
2025-07-16 22:58:25,682 - ERROR - ◊”Õº∆•≈‰ ß∞‹: not enough values to unpack (expected 3, got 2)
2025-07-16 22:58:25,682 - INFO - ¥¶¿Ìµ⁄601/1299∏ˆanchor
2025-07-16 22:58:25,704 - ERROR - ◊”Õº∆•≈‰ ß∞‹: not enough values to unpack (expected 3, got 2)
2025-07-16 22:58:25,715 - ERROR - ◊”Õº∆•≈‰ ß∞‹: not enough values to unpack (expected 3, got 2)
2025-07-16 22:58:25,738 - ERROR - ◊”Õº∆•≈‰ ß∞‹: not enough values to unpack (expected 3, got 2)
2025-07-16 22:58:25,757 - ERROR - ◊”Õº∆•≈‰ ß∞‹: not enough values to unpack (expected 3, got 2)
2025-07-16 22:58:25,773 - ERROR - ◊”Õº∆•≈‰ ß∞‹: not enough values to unpack (expected 3, got 2)
2025-07-16 22:58:25,804 - ERROR - ◊”Õº∆•≈‰ ß∞‹: not enough values to unpack (expected 3, got 2)
2025-07-16 22:58:25,825 - ERROR - ◊”Õº∆•≈‰ ß∞‹: not enough values to unpack (expected 3, got 2)
2025-07-16 22:58:25,855 - ERROR - ◊”Õº∆•≈‰ ß∞‹: not enough values to unpack (expected 3, got 2)
2025-07-16 22:58:25,870 - ERROR - ◊”Õº∆•≈‰ ß∞‹: not enough values to unpack (expected 3, got 2)
2025-07-16 22:58:25,903 - ERROR - ◊”Õº∆•≈‰ ß∞‹: not enough values to unpack (expected 3, got 2)
2025-07-16 22:58:25,922 - ERROR - ◊”Õº∆•≈‰ ß∞‹: not enough values to unpack (expected 3, got 2)
2025-07-16 22:58:25,937 - ERROR - ◊”Õº∆•≈‰ ß∞‹: not enough values to unpack (expected 3, got 2)
2025-07-16 22:58:25,953 - ERROR - ◊”Õº∆•≈‰ ß∞‹: not enough values to unpack (expected 3, got 2)
2025-07-16 22:58:25,981 - ERROR - ◊”Õº∆•≈‰ ß∞‹: not enough values to unpack (expected 3, got 2)
2025-07-16 22:58:26,013 - ERROR - ◊”Õº∆•≈‰ ß∞‹: not enough values to unpack (expected 3, got 2)
2025-07-16 22:58:26,309 - ERROR - ◊”Õº∆•≈‰ ß∞‹: not enough values to unpack (expected 3, got 2)
2025-07-16 22:58:26,748 - ERROR - ◊”Õº∆•≈‰ ß∞‹: not enough values to unpack (expected 3, got 2)
2025-07-16 22:58:26,813 - ERROR - ◊”Õº∆•≈‰ ß∞‹: not enough values to unpack (expected 3, got 2)
2025-07-16 22:58:26,834 - ERROR - ◊”Õº∆•≈‰ ß∞‹: not enough values to unpack (expected 3, got 2)
2025-07-16 22:58:26,883 - ERROR - ◊”Õº∆•≈‰ ß∞‹: not enough values to unpack (expected 3, got 2)
2025-07-16 22:58:26,964 - ERROR - ◊”Õº∆•≈‰ ß∞‹: not enough values to unpack (expected 3, got 2)
2025-07-16 22:58:26,992 - ERROR - ◊”Õº∆•≈‰ ß∞‹: not enough values to unpack (expected 3, got 2)
2025-07-16 22:58:27,017 - ERROR - ◊”Õº∆•≈‰ ß∞‹: not enough values to unpack (expected 3, got 2)
2025-07-16 22:58:27,031 - ERROR - ◊”Õº∆•≈‰ ß∞‹: not enough values to unpack (expected 3, got 2)
2025-07-16 22:58:27,075 - ERROR - ◊”Õº∆•≈‰ ß∞‹: not enough values to unpack (expected 3, got 2)
2025-07-16 22:58:27,105 - ERROR - ◊”Õº∆•≈‰ ß∞‹: not enough values to unpack (expected 3, got 2)
2025-07-16 22:58:27,138 - ERROR - ◊”Õº∆•≈‰ ß∞‹: not enough values to unpack (expected 3, got 2)
2025-07-16 22:58:27,170 - ERROR - ◊”Õº∆•≈‰ ß∞‹: not enough values to unpack (expected 3, got 2)
2025-07-16 22:58:27,192 - ERROR - ◊”Õº∆•≈‰ ß∞‹: not enough values to unpack (expected 3, got 2)
2025-07-16 22:58:27,207 - ERROR - ◊”Õº∆•≈‰ ß∞‹: not enough values to unpack (expected 3, got 2)
2025-07-16 22:58:27,223 - ERROR - ◊”Õº∆•≈‰ ß∞‹: not enough values to unpack (expected 3, got 2)
2025-07-16 22:58:27,235 - ERROR - ◊”Õº∆•≈‰ ß∞‹: not enough values to unpack (expected 3, got 2)
2025-07-16 22:58:27,272 - ERROR - ◊”Õº∆•≈‰ ß∞‹: not enough values to unpack (expected 3, got 2)
2025-07-16 22:58:27,290 - ERROR - ◊”Õº∆•≈‰ ß∞‹: not enough values to unpack (expected 3, got 2)
2025-07-16 22:58:27,311 - ERROR - ◊”Õº∆•≈‰ ß∞‹: not enough values to unpack (expected 3, got 2)
2025-07-16 22:58:27,330 - ERROR - ◊”Õº∆•≈‰ ß∞‹: not enough values to unpack (expected 3, got 2)
2025-07-16 22:58:27,345 - ERROR - ◊”Õº∆•≈‰ ß∞‹: not enough values to unpack (expected 3, got 2)
2025-07-16 22:58:27,368 - ERROR - ◊”Õº∆•≈‰ ß∞‹: not enough values to unpack (expected 3, got 2)
2025-07-16 22:58:27,378 - ERROR - ◊”Õº∆•≈‰ ß∞‹: not enough values to unpack (expected 3, got 2)
2025-07-16 22:58:27,391 - ERROR - ◊”Õº∆•≈‰ ß∞‹: not enough values to unpack (expected 3, got 2)
2025-07-16 22:58:27,406 - ERROR - ◊”Õº∆•≈‰ ß∞‹: not enough values to unpack (expected 3, got 2)
2025-07-16 22:58:27,416 - ERROR - ◊”Õº∆•≈‰ ß∞‹: not enough values to unpack (expected 3, got 2)
2025-07-16 22:58:27,429 - ERROR - ◊”Õº∆•≈‰ ß∞‹: not enough values to unpack (expected 3, got 2)
2025-07-16 22:58:27,454 - ERROR - ◊”Õº∆•≈‰ ß∞‹: not enough values to unpack (expected 3, got 2)
2025-07-16 22:58:27,477 - ERROR - ◊”Õº∆•≈‰ ß∞‹: not enough values to unpack (expected 3, got 2)
2025-07-16 22:58:27,497 - ERROR - ◊”Õº∆•≈‰ ß∞‹: not enough values to unpack (expected 3, got 2)
2025-07-16 22:58:27,511 - ERROR - ◊”Õº∆•≈‰ ß∞‹: not enough values to unpack (expected 3, got 2)
2025-07-16 22:58:27,537 - ERROR - ◊”Õº∆•≈‰ ß∞‹: not enough values to unpack (expected 3, got 2)
2025-07-16 22:58:27,592 - ERROR - ◊”Õº∆•≈‰ ß∞‹: not enough values to unpack (expected 3, got 2)
2025-07-16 22:58:27,604 - ERROR - ◊”Õº∆•≈‰ ß∞‹: not enough values to unpack (expected 3, got 2)
2025-07-16 22:58:27,616 - ERROR - ◊”Õº∆•≈‰ ß∞‹: not enough values to unpack (expected 3, got 2)
2025-07-16 22:58:27,625 - ERROR - ◊”Õº∆•≈‰ ß∞‹: not enough values to unpack (expected 3, got 2)
2025-07-16 22:58:27,633 - ERROR - ◊”Õº∆•≈‰ ß∞‹: not enough values to unpack (expected 3, got 2)
2025-07-16 22:58:27,644 - ERROR - ◊”Õº∆•≈‰ ß∞‹: not enough values to unpack (expected 3, got 2)
2025-07-16 22:58:27,658 - ERROR - ◊”Õº∆•≈‰ ß∞‹: not enough values to unpack (expected 3, got 2)
2025-07-16 22:58:27,671 - ERROR - ◊”Õº∆•≈‰ ß∞‹: not enough values to unpack (expected 3, got 2)
2025-07-16 22:58:27,681 - ERROR - ◊”Õº∆•≈‰ ß∞‹: not enough values to unpack (expected 3, got 2)
2025-07-16 22:58:27,696 - ERROR - ◊”Õº∆•≈‰ ß∞‹: not enough values to unpack (expected 3, got 2)
2025-07-16 22:58:27,709 - ERROR - ◊”Õº∆•≈‰ ß∞‹: not enough values to unpack (expected 3, got 2)
2025-07-16 22:58:27,723 - ERROR - ◊”Õº∆•≈‰ ß∞‹: not enough values to unpack (expected 3, got 2)
2025-07-16 22:58:27,731 - ERROR - ◊”Õº∆•≈‰ ß∞‹: not enough values to unpack (expected 3, got 2)
2025-07-16 22:58:27,743 - ERROR - ◊”Õº∆•≈‰ ß∞‹: not enough values to unpack (expected 3, got 2)
2025-07-16 22:58:27,760 - ERROR - ◊”Õº∆•≈‰ ß∞‹: not enough values to unpack (expected 3, got 2)
2025-07-16 22:58:27,774 - ERROR - ◊”Õº∆•≈‰ ß∞‹: not enough values to unpack (expected 3, got 2)
2025-07-16 22:58:27,790 - ERROR - ◊”Õº∆•≈‰ ß∞‹: not enough values to unpack (expected 3, got 2)
2025-07-16 22:58:27,809 - ERROR - ◊”Õº∆•≈‰ ß∞‹: not enough values to unpack (expected 3, got 2)
2025-07-16 22:58:27,820 - ERROR - ◊”Õº∆•≈‰ ß∞‹: not enough values to unpack (expected 3, got 2)
2025-07-16 22:58:27,831 - ERROR - ◊”Õº∆•≈‰ ß∞‹: not enough values to unpack (expected 3, got 2)
2025-07-16 22:58:27,843 - ERROR - ◊”Õº∆•≈‰ ß∞‹: not enough values to unpack (expected 3, got 2)
2025-07-16 22:58:27,853 - ERROR - ◊”Õº∆•≈‰ ß∞‹: not enough values to unpack (expected 3, got 2)
2025-07-16 22:58:27,866 - ERROR - ◊”Õº∆•≈‰ ß∞‹: not enough values to unpack (expected 3, got 2)
2025-07-16 22:58:27,877 - ERROR - ◊”Õº∆•≈‰ ß∞‹: not enough values to unpack (expected 3, got 2)
2025-07-16 22:58:27,884 - ERROR - ◊”Õº∆•≈‰ ß∞‹: not enough values to unpack (expected 3, got 2)
2025-07-16 22:58:27,898 - ERROR - ◊”Õº∆•≈‰ ß∞‹: not enough values to unpack (expected 3, got 2)
2025-07-16 22:58:27,916 - ERROR - ◊”Õº∆•≈‰ ß∞‹: not enough values to unpack (expected 3, got 2)
2025-07-16 22:58:27,929 - ERROR - ◊”Õº∆•≈‰ ß∞‹: not enough values to unpack (expected 3, got 2)
2025-07-16 22:58:27,942 - ERROR - ◊”Õº∆•≈‰ ß∞‹: not enough values to unpack (expected 3, got 2)
2025-07-16 22:58:27,958 - ERROR - ◊”Õº∆•≈‰ ß∞‹: not enough values to unpack (expected 3, got 2)
2025-07-16 22:58:27,967 - ERROR - ◊”Õº∆•≈‰ ß∞‹: not enough values to unpack (expected 3, got 2)
2025-07-16 22:58:27,978 - ERROR - ◊”Õº∆•≈‰ ß∞‹: not enough values to unpack (expected 3, got 2)
2025-07-16 22:58:27,993 - ERROR - ◊”Õº∆•≈‰ ß∞‹: not enough values to unpack (expected 3, got 2)
2025-07-16 22:58:28,005 - ERROR - ◊”Õº∆•≈‰ ß∞‹: not enough values to unpack (expected 3, got 2)
2025-07-16 22:58:28,017 - ERROR - ◊”Õº∆•≈‰ ß∞‹: not enough values to unpack (expected 3, got 2)
2025-07-16 22:58:28,028 - ERROR - ◊”Õº∆•≈‰ ß∞‹: not enough values to unpack (expected 3, got 2)
2025-07-16 22:58:28,037 - ERROR - ◊”Õº∆•≈‰ ß∞‹: not enough values to unpack (expected 3, got 2)
2025-07-16 22:58:28,067 - ERROR - ◊”Õº∆•≈‰ ß∞‹: not enough values to unpack (expected 3, got 2)
2025-07-16 22:58:28,088 - ERROR - ◊”Õº∆•≈‰ ß∞‹: not enough values to unpack (expected 3, got 2)
2025-07-16 22:58:28,107 - ERROR - ◊”Õº∆•≈‰ ß∞‹: not enough values to unpack (expected 3, got 2)
2025-07-16 22:58:28,127 - ERROR - ◊”Õº∆•≈‰ ß∞‹: not enough values to unpack (expected 3, got 2)
2025-07-16 22:58:28,139 - ERROR - ◊”Õº∆•≈‰ ß∞‹: not enough values to unpack (expected 3, got 2)
2025-07-16 22:58:28,165 - ERROR - ◊”Õº∆•≈‰ ß∞‹: not enough values to unpack (expected 3, got 2)
2025-07-16 22:58:28,178 - ERROR - ◊”Õº∆•≈‰ ß∞‹: not enough values to unpack (expected 3, got 2)
2025-07-16 22:58:28,201 - ERROR - ◊”Õº∆•≈‰ ß∞‹: not enough values to unpack (expected 3, got 2)
2025-07-16 22:58:28,218 - ERROR - ◊”Õº∆•≈‰ ß∞‹: not enough values to unpack (expected 3, got 2)
2025-07-16 22:58:28,233 - ERROR - ◊”Õº∆•≈‰ ß∞‹: not enough values to unpack (expected 3, got 2)
2025-07-16 22:58:28,258 - ERROR - ◊”Õº∆•≈‰ ß∞‹: not enough values to unpack (expected 3, got 2)
2025-07-16 22:58:28,272 - ERROR - ◊”Õº∆•≈‰ ß∞‹: not enough values to unpack (expected 3, got 2)
2025-07-16 22:58:28,283 - ERROR - ◊”Õº∆•≈‰ ß∞‹: not enough values to unpack (expected 3, got 2)
2025-07-16 22:58:28,298 - ERROR - ◊”Õº∆•≈‰ ß∞‹: not enough values to unpack (expected 3, got 2)
2025-07-16 22:58:28,311 - ERROR - ◊”Õº∆•≈‰ ß∞‹: not enough values to unpack (expected 3, got 2)
2025-07-16 22:58:28,311 - INFO - ¥¶¿Ìµ⁄701/1299∏ˆanchor
2025-07-16 22:58:28,328 - ERROR - ◊”Õº∆•≈‰ ß∞‹: not enough values to unpack (expected 3, got 2)
2025-07-16 22:58:28,364 - ERROR - ◊”Õº∆•≈‰ ß∞‹: not enough values to unpack (expected 3, got 2)
2025-07-16 22:58:28,390 - ERROR - ◊”Õº∆•≈‰ ß∞‹: not enough values to unpack (expected 3, got 2)
2025-07-16 22:58:28,400 - ERROR - ◊”Õº∆•≈‰ ß∞‹: not enough values to unpack (expected 3, got 2)
2025-07-16 22:58:28,416 - ERROR - ◊”Õº∆•≈‰ ß∞‹: not enough values to unpack (expected 3, got 2)
2025-07-16 22:58:28,431 - ERROR - ◊”Õº∆•≈‰ ß∞‹: not enough values to unpack (expected 3, got 2)
2025-07-16 22:58:28,445 - ERROR - ◊”Õº∆•≈‰ ß∞‹: not enough values to unpack (expected 3, got 2)
2025-07-16 22:58:28,460 - ERROR - ◊”Õº∆•≈‰ ß∞‹: not enough values to unpack (expected 3, got 2)
2025-07-16 22:58:28,476 - ERROR - ◊”Õº∆•≈‰ ß∞‹: not enough values to unpack (expected 3, got 2)
2025-07-16 22:58:28,491 - ERROR - ◊”Õº∆•≈‰ ß∞‹: not enough values to unpack (expected 3, got 2)
2025-07-16 22:58:28,500 - ERROR - ◊”Õº∆•≈‰ ß∞‹: not enough values to unpack (expected 3, got 2)
2025-07-16 22:58:28,514 - ERROR - ◊”Õº∆•≈‰ ß∞‹: not enough values to unpack (expected 3, got 2)
2025-07-16 22:58:28,529 - ERROR - ◊”Õº∆•≈‰ ß∞‹: not enough values to unpack (expected 3, got 2)
2025-07-16 22:58:28,548 - ERROR - ◊”Õº∆•≈‰ ß∞‹: not enough values to unpack (expected 3, got 2)
2025-07-16 22:58:28,565 - ERROR - ◊”Õº∆•≈‰ ß∞‹: not enough values to unpack (expected 3, got 2)
2025-07-16 22:58:28,578 - ERROR - ◊”Õº∆•≈‰ ß∞‹: not enough values to unpack (expected 3, got 2)
2025-07-16 22:58:28,598 - ERROR - ◊”Õº∆•≈‰ ß∞‹: not enough values to unpack (expected 3, got 2)
2025-07-16 22:58:28,615 - ERROR - ◊”Õº∆•≈‰ ß∞‹: not enough values to unpack (expected 3, got 2)
2025-07-16 22:58:28,632 - ERROR - ◊”Õº∆•≈‰ ß∞‹: not enough values to unpack (expected 3, got 2)
2025-07-16 22:58:28,646 - ERROR - ◊”Õº∆•≈‰ ß∞‹: not enough values to unpack (expected 3, got 2)
2025-07-16 22:58:28,664 - ERROR - ◊”Õº∆•≈‰ ß∞‹: not enough values to unpack (expected 3, got 2)
2025-07-16 22:58:28,678 - ERROR - ◊”Õº∆•≈‰ ß∞‹: not enough values to unpack (expected 3, got 2)
2025-07-16 22:58:28,703 - ERROR - ◊”Õº∆•≈‰ ß∞‹: not enough values to unpack (expected 3, got 2)
2025-07-16 22:58:28,724 - ERROR - ◊”Õº∆•≈‰ ß∞‹: not enough values to unpack (expected 3, got 2)
2025-07-16 22:58:28,736 - ERROR - ◊”Õº∆•≈‰ ß∞‹: not enough values to unpack (expected 3, got 2)
2025-07-16 22:58:28,758 - ERROR - ◊”Õº∆•≈‰ ß∞‹: not enough values to unpack (expected 3, got 2)
2025-07-16 22:58:28,768 - ERROR - ◊”Õº∆•≈‰ ß∞‹: not enough values to unpack (expected 3, got 2)
2025-07-16 22:58:28,793 - ERROR - ◊”Õº∆•≈‰ ß∞‹: not enough values to unpack (expected 3, got 2)
2025-07-16 22:58:28,808 - ERROR - ◊”Õº∆•≈‰ ß∞‹: not enough values to unpack (expected 3, got 2)
2025-07-16 22:58:28,817 - ERROR - ◊”Õº∆•≈‰ ß∞‹: not enough values to unpack (expected 3, got 2)
2025-07-16 22:58:28,828 - ERROR - ◊”Õº∆•≈‰ ß∞‹: not enough values to unpack (expected 3, got 2)
2025-07-16 22:58:28,841 - ERROR - ◊”Õº∆•≈‰ ß∞‹: not enough values to unpack (expected 3, got 2)
2025-07-16 22:58:28,858 - ERROR - ◊”Õº∆•≈‰ ß∞‹: not enough values to unpack (expected 3, got 2)
2025-07-16 22:58:28,884 - ERROR - ◊”Õº∆•≈‰ ß∞‹: not enough values to unpack (expected 3, got 2)
2025-07-16 22:58:28,903 - ERROR - ◊”Õº∆•≈‰ ß∞‹: not enough values to unpack (expected 3, got 2)
2025-07-16 22:58:28,919 - ERROR - ◊”Õº∆•≈‰ ß∞‹: not enough values to unpack (expected 3, got 2)
2025-07-16 22:58:28,931 - ERROR - ◊”Õº∆•≈‰ ß∞‹: not enough values to unpack (expected 3, got 2)
2025-07-16 22:58:28,943 - ERROR - ◊”Õº∆•≈‰ ß∞‹: not enough values to unpack (expected 3, got 2)
2025-07-16 22:58:28,960 - ERROR - ◊”Õº∆•≈‰ ß∞‹: not enough values to unpack (expected 3, got 2)
2025-07-16 22:58:28,978 - ERROR - ◊”Õº∆•≈‰ ß∞‹: not enough values to unpack (expected 3, got 2)
2025-07-16 22:58:28,992 - ERROR - ◊”Õº∆•≈‰ ß∞‹: not enough values to unpack (expected 3, got 2)
2025-07-16 22:58:29,003 - ERROR - ◊”Õº∆•≈‰ ß∞‹: not enough values to unpack (expected 3, got 2)
2025-07-16 22:58:29,014 - ERROR - ◊”Õº∆•≈‰ ß∞‹: not enough values to unpack (expected 3, got 2)
2025-07-16 22:58:29,027 - ERROR - ◊”Õº∆•≈‰ ß∞‹: not enough values to unpack (expected 3, got 2)
2025-07-16 22:58:29,036 - ERROR - ◊”Õº∆•≈‰ ß∞‹: not enough values to unpack (expected 3, got 2)
2025-07-16 22:58:29,052 - ERROR - ◊”Õº∆•≈‰ ß∞‹: not enough values to unpack (expected 3, got 2)
2025-07-16 22:58:29,066 - ERROR - ◊”Õº∆•≈‰ ß∞‹: not enough values to unpack (expected 3, got 2)
2025-07-16 22:58:29,086 - ERROR - ◊”Õº∆•≈‰ ß∞‹: not enough values to unpack (expected 3, got 2)
2025-07-16 22:58:29,099 - ERROR - ◊”Õº∆•≈‰ ß∞‹: not enough values to unpack (expected 3, got 2)
2025-07-16 22:58:29,116 - ERROR - ◊”Õº∆•≈‰ ß∞‹: not enough values to unpack (expected 3, got 2)
2025-07-16 22:58:29,128 - ERROR - ◊”Õº∆•≈‰ ß∞‹: not enough values to unpack (expected 3, got 2)
2025-07-16 22:58:29,138 - ERROR - ◊”Õº∆•≈‰ ß∞‹: not enough values to unpack (expected 3, got 2)
2025-07-16 22:58:29,152 - ERROR - ◊”Õº∆•≈‰ ß∞‹: not enough values to unpack (expected 3, got 2)
2025-07-16 22:58:29,161 - ERROR - ◊”Õº∆•≈‰ ß∞‹: not enough values to unpack (expected 3, got 2)
2025-07-16 22:58:29,177 - ERROR - ◊”Õº∆•≈‰ ß∞‹: not enough values to unpack (expected 3, got 2)
2025-07-16 22:58:29,193 - ERROR - ◊”Õº∆•≈‰ ß∞‹: not enough values to unpack (expected 3, got 2)
2025-07-16 22:58:29,209 - ERROR - ◊”Õº∆•≈‰ ß∞‹: not enough values to unpack (expected 3, got 2)
2025-07-16 22:58:29,218 - ERROR - ◊”Õº∆•≈‰ ß∞‹: not enough values to unpack (expected 3, got 2)
2025-07-16 22:58:29,228 - ERROR - ◊”Õº∆•≈‰ ß∞‹: not enough values to unpack (expected 3, got 2)
2025-07-16 22:58:29,247 - ERROR - ◊”Õº∆•≈‰ ß∞‹: not enough values to unpack (expected 3, got 2)
2025-07-16 22:58:29,260 - ERROR - ◊”Õº∆•≈‰ ß∞‹: not enough values to unpack (expected 3, got 2)
2025-07-16 22:58:29,295 - ERROR - ◊”Õº∆•≈‰ ß∞‹: not enough values to unpack (expected 3, got 2)
2025-07-16 22:58:29,305 - ERROR - ◊”Õº∆•≈‰ ß∞‹: not enough values to unpack (expected 3, got 2)
2025-07-16 22:58:29,331 - ERROR - ◊”Õº∆•≈‰ ß∞‹: not enough values to unpack (expected 3, got 2)
2025-07-16 22:58:29,348 - ERROR - ◊”Õº∆•≈‰ ß∞‹: not enough values to unpack (expected 3, got 2)
2025-07-16 22:58:29,359 - ERROR - ◊”Õº∆•≈‰ ß∞‹: not enough values to unpack (expected 3, got 2)
2025-07-16 22:58:29,377 - ERROR - ◊”Õº∆•≈‰ ß∞‹: not enough values to unpack (expected 3, got 2)
2025-07-16 22:58:29,386 - ERROR - ◊”Õº∆•≈‰ ß∞‹: not enough values to unpack (expected 3, got 2)
2025-07-16 22:58:29,395 - ERROR - ◊”Õº∆•≈‰ ß∞‹: not enough values to unpack (expected 3, got 2)
2025-07-16 22:58:29,408 - ERROR - ◊”Õº∆•≈‰ ß∞‹: not enough values to unpack (expected 3, got 2)
2025-07-16 22:58:29,427 - ERROR - ◊”Õº∆•≈‰ ß∞‹: not enough values to unpack (expected 3, got 2)
2025-07-16 22:58:29,437 - ERROR - ◊”Õº∆•≈‰ ß∞‹: not enough values to unpack (expected 3, got 2)
2025-07-16 22:58:29,447 - ERROR - ◊”Õº∆•≈‰ ß∞‹: not enough values to unpack (expected 3, got 2)
2025-07-16 22:58:29,456 - ERROR - ◊”Õº∆•≈‰ ß∞‹: not enough values to unpack (expected 3, got 2)
2025-07-16 22:58:29,476 - ERROR - ◊”Õº∆•≈‰ ß∞‹: not enough values to unpack (expected 3, got 2)
2025-07-16 22:58:29,500 - ERROR - ◊”Õº∆•≈‰ ß∞‹: not enough values to unpack (expected 3, got 2)
2025-07-16 22:58:29,512 - ERROR - ◊”Õº∆•≈‰ ß∞‹: not enough values to unpack (expected 3, got 2)
2025-07-16 22:58:29,523 - ERROR - ◊”Õº∆•≈‰ ß∞‹: not enough values to unpack (expected 3, got 2)
2025-07-16 22:58:29,533 - ERROR - ◊”Õº∆•≈‰ ß∞‹: not enough values to unpack (expected 3, got 2)
2025-07-16 22:58:29,544 - ERROR - ◊”Õº∆•≈‰ ß∞‹: not enough values to unpack (expected 3, got 2)
2025-07-16 22:58:29,624 - ERROR - ◊”Õº∆•≈‰ ß∞‹: not enough values to unpack (expected 3, got 2)
2025-07-16 22:58:29,637 - ERROR - ◊”Õº∆•≈‰ ß∞‹: not enough values to unpack (expected 3, got 2)
2025-07-16 22:58:29,652 - ERROR - ◊”Õº∆•≈‰ ß∞‹: not enough values to unpack (expected 3, got 2)
2025-07-16 22:58:29,663 - ERROR - ◊”Õº∆•≈‰ ß∞‹: not enough values to unpack (expected 3, got 2)
2025-07-16 22:58:29,798 - ERROR - ◊”Õº∆•≈‰ ß∞‹: not enough values to unpack (expected 3, got 2)
2025-07-16 22:58:29,811 - ERROR - ◊”Õº∆•≈‰ ß∞‹: not enough values to unpack (expected 3, got 2)
2025-07-16 22:58:29,927 - ERROR - ◊”Õº∆•≈‰ ß∞‹: not enough values to unpack (expected 3, got 2)
2025-07-16 22:58:29,975 - ERROR - ◊”Õº∆•≈‰ ß∞‹: not enough values to unpack (expected 3, got 2)
2025-07-16 22:58:29,987 - ERROR - ◊”Õº∆•≈‰ ß∞‹: not enough values to unpack (expected 3, got 2)
2025-07-16 22:58:30,000 - ERROR - ◊”Õº∆•≈‰ ß∞‹: not enough values to unpack (expected 3, got 2)
2025-07-16 22:58:30,013 - ERROR - ◊”Õº∆•≈‰ ß∞‹: not enough values to unpack (expected 3, got 2)
2025-07-16 22:58:30,024 - ERROR - ◊”Õº∆•≈‰ ß∞‹: not enough values to unpack (expected 3, got 2)
2025-07-16 22:58:30,064 - ERROR - ◊”Õº∆•≈‰ ß∞‹: not enough values to unpack (expected 3, got 2)
2025-07-16 22:58:30,081 - ERROR - ◊”Õº∆•≈‰ ß∞‹: not enough values to unpack (expected 3, got 2)
2025-07-16 22:58:30,094 - ERROR - ◊”Õº∆•≈‰ ß∞‹: not enough values to unpack (expected 3, got 2)
2025-07-16 22:58:30,150 - ERROR - ◊”Õº∆•≈‰ ß∞‹: not enough values to unpack (expected 3, got 2)
2025-07-16 22:58:30,166 - ERROR - ◊”Õº∆•≈‰ ß∞‹: not enough values to unpack (expected 3, got 2)
2025-07-16 22:58:30,183 - ERROR - ◊”Õº∆•≈‰ ß∞‹: not enough values to unpack (expected 3, got 2)
2025-07-16 22:58:30,192 - ERROR - ◊”Õº∆•≈‰ ß∞‹: not enough values to unpack (expected 3, got 2)
2025-07-16 22:58:30,209 - ERROR - ◊”Õº∆•≈‰ ß∞‹: not enough values to unpack (expected 3, got 2)
2025-07-16 22:58:30,210 - INFO - ¥¶¿Ìµ⁄801/1299∏ˆanchor
2025-07-16 22:58:30,223 - ERROR - ◊”Õº∆•≈‰ ß∞‹: not enough values to unpack (expected 3, got 2)
2025-07-16 22:58:30,240 - ERROR - ◊”Õº∆•≈‰ ß∞‹: not enough values to unpack (expected 3, got 2)
2025-07-16 22:58:30,255 - ERROR - ◊”Õº∆•≈‰ ß∞‹: not enough values to unpack (expected 3, got 2)
2025-07-16 22:58:30,273 - ERROR - ◊”Õº∆•≈‰ ß∞‹: not enough values to unpack (expected 3, got 2)
2025-07-16 22:58:30,286 - ERROR - ◊”Õº∆•≈‰ ß∞‹: not enough values to unpack (expected 3, got 2)
2025-07-16 22:58:30,299 - ERROR - ◊”Õº∆•≈‰ ß∞‹: not enough values to unpack (expected 3, got 2)
2025-07-16 22:58:30,311 - ERROR - ◊”Õº∆•≈‰ ß∞‹: not enough values to unpack (expected 3, got 2)
2025-07-16 22:58:30,328 - ERROR - ◊”Õº∆•≈‰ ß∞‹: not enough values to unpack (expected 3, got 2)
2025-07-16 22:58:30,342 - ERROR - ◊”Õº∆•≈‰ ß∞‹: not enough values to unpack (expected 3, got 2)
2025-07-16 22:58:30,377 - ERROR - ◊”Õº∆•≈‰ ß∞‹: not enough values to unpack (expected 3, got 2)
2025-07-16 22:58:30,398 - ERROR - ◊”Õº∆•≈‰ ß∞‹: not enough values to unpack (expected 3, got 2)
2025-07-16 22:58:30,410 - ERROR - ◊”Õº∆•≈‰ ß∞‹: not enough values to unpack (expected 3, got 2)
2025-07-16 22:58:30,424 - ERROR - ◊”Õº∆•≈‰ ß∞‹: not enough values to unpack (expected 3, got 2)
2025-07-16 22:58:30,435 - ERROR - ◊”Õº∆•≈‰ ß∞‹: not enough values to unpack (expected 3, got 2)
2025-07-16 22:58:30,449 - ERROR - ◊”Õº∆•≈‰ ß∞‹: not enough values to unpack (expected 3, got 2)
2025-07-16 22:58:30,459 - ERROR - ◊”Õº∆•≈‰ ß∞‹: not enough values to unpack (expected 3, got 2)
2025-07-16 22:58:30,468 - ERROR - ◊”Õº∆•≈‰ ß∞‹: not enough values to unpack (expected 3, got 2)
2025-07-16 22:58:30,481 - ERROR - ◊”Õº∆•≈‰ ß∞‹: not enough values to unpack (expected 3, got 2)
2025-07-16 22:58:30,503 - ERROR - ◊”Õº∆•≈‰ ß∞‹: not enough values to unpack (expected 3, got 2)
2025-07-16 22:58:30,514 - ERROR - ◊”Õº∆•≈‰ ß∞‹: not enough values to unpack (expected 3, got 2)
2025-07-16 22:58:30,525 - ERROR - ◊”Õº∆•≈‰ ß∞‹: not enough values to unpack (expected 3, got 2)
2025-07-16 22:58:30,537 - ERROR - ◊”Õº∆•≈‰ ß∞‹: not enough values to unpack (expected 3, got 2)
2025-07-16 22:58:30,550 - ERROR - ◊”Õº∆•≈‰ ß∞‹: not enough values to unpack (expected 3, got 2)
2025-07-16 22:58:30,558 - ERROR - ◊”Õº∆•≈‰ ß∞‹: not enough values to unpack (expected 3, got 2)
2025-07-16 22:58:30,568 - ERROR - ◊”Õº∆•≈‰ ß∞‹: not enough values to unpack (expected 3, got 2)
2025-07-16 22:58:30,667 - ERROR - ◊”Õº∆•≈‰ ß∞‹: not enough values to unpack (expected 3, got 2)
2025-07-16 22:58:30,679 - ERROR - ◊”Õº∆•≈‰ ß∞‹: not enough values to unpack (expected 3, got 2)
2025-07-16 22:58:30,713 - ERROR - ◊”Õº∆•≈‰ ß∞‹: not enough values to unpack (expected 3, got 2)
2025-07-16 22:58:30,931 - ERROR - ◊”Õº∆•≈‰ ß∞‹: not enough values to unpack (expected 3, got 2)
2025-07-16 22:58:30,956 - ERROR - ◊”Õº∆•≈‰ ß∞‹: not enough values to unpack (expected 3, got 2)
2025-07-16 22:58:30,969 - ERROR - ◊”Õº∆•≈‰ ß∞‹: not enough values to unpack (expected 3, got 2)
2025-07-16 22:58:30,986 - ERROR - ◊”Õº∆•≈‰ ß∞‹: not enough values to unpack (expected 3, got 2)
2025-07-16 22:58:30,994 - ERROR - ◊”Õº∆•≈‰ ß∞‹: not enough values to unpack (expected 3, got 2)
2025-07-16 22:58:31,009 - ERROR - ◊”Õº∆•≈‰ ß∞‹: not enough values to unpack (expected 3, got 2)
2025-07-16 22:58:31,026 - ERROR - ◊”Õº∆•≈‰ ß∞‹: not enough values to unpack (expected 3, got 2)
2025-07-16 22:58:31,046 - ERROR - ◊”Õº∆•≈‰ ß∞‹: not enough values to unpack (expected 3, got 2)
2025-07-16 22:58:31,055 - ERROR - ◊”Õº∆•≈‰ ß∞‹: not enough values to unpack (expected 3, got 2)
2025-07-16 22:58:31,065 - ERROR - ◊”Õº∆•≈‰ ß∞‹: not enough values to unpack (expected 3, got 2)
2025-07-16 22:58:31,077 - ERROR - ◊”Õº∆•≈‰ ß∞‹: not enough values to unpack (expected 3, got 2)
2025-07-16 22:58:31,095 - ERROR - ◊”Õº∆•≈‰ ß∞‹: not enough values to unpack (expected 3, got 2)
2025-07-16 22:58:31,106 - ERROR - ◊”Õº∆•≈‰ ß∞‹: not enough values to unpack (expected 3, got 2)
2025-07-16 22:58:31,120 - ERROR - ◊”Õº∆•≈‰ ß∞‹: not enough values to unpack (expected 3, got 2)
2025-07-16 22:58:31,129 - ERROR - ◊”Õº∆•≈‰ ß∞‹: not enough values to unpack (expected 3, got 2)
2025-07-16 22:58:31,151 - ERROR - ◊”Õº∆•≈‰ ß∞‹: not enough values to unpack (expected 3, got 2)
2025-07-16 22:58:31,162 - ERROR - ◊”Õº∆•≈‰ ß∞‹: not enough values to unpack (expected 3, got 2)
2025-07-16 22:58:31,189 - ERROR - ◊”Õº∆•≈‰ ß∞‹: not enough values to unpack (expected 3, got 2)
2025-07-16 22:58:31,202 - ERROR - ◊”Õº∆•≈‰ ß∞‹: not enough values to unpack (expected 3, got 2)
2025-07-16 22:58:31,216 - ERROR - ◊”Õº∆•≈‰ ß∞‹: not enough values to unpack (expected 3, got 2)
2025-07-16 22:58:31,229 - ERROR - ◊”Õº∆•≈‰ ß∞‹: not enough values to unpack (expected 3, got 2)
2025-07-16 22:58:31,260 - ERROR - ◊”Õº∆•≈‰ ß∞‹: not enough values to unpack (expected 3, got 2)
2025-07-16 22:58:31,269 - ERROR - ◊”Õº∆•≈‰ ß∞‹: not enough values to unpack (expected 3, got 2)
2025-07-16 22:58:31,281 - ERROR - ◊”Õº∆•≈‰ ß∞‹: not enough values to unpack (expected 3, got 2)
2025-07-16 22:58:31,292 - ERROR - ◊”Õº∆•≈‰ ß∞‹: not enough values to unpack (expected 3, got 2)
2025-07-16 22:58:31,307 - ERROR - ◊”Õº∆•≈‰ ß∞‹: not enough values to unpack (expected 3, got 2)
2025-07-16 22:58:31,330 - ERROR - ◊”Õº∆•≈‰ ß∞‹: not enough values to unpack (expected 3, got 2)
2025-07-16 22:58:31,345 - ERROR - ◊”Õº∆•≈‰ ß∞‹: not enough values to unpack (expected 3, got 2)
2025-07-16 22:58:31,358 - ERROR - ◊”Õº∆•≈‰ ß∞‹: not enough values to unpack (expected 3, got 2)
2025-07-16 22:58:31,366 - ERROR - ◊”Õº∆•≈‰ ß∞‹: not enough values to unpack (expected 3, got 2)
2025-07-16 22:58:31,377 - ERROR - ◊”Õº∆•≈‰ ß∞‹: not enough values to unpack (expected 3, got 2)
2025-07-16 22:58:31,389 - ERROR - ◊”Õº∆•≈‰ ß∞‹: not enough values to unpack (expected 3, got 2)
2025-07-16 22:58:31,399 - ERROR - ◊”Õº∆•≈‰ ß∞‹: not enough values to unpack (expected 3, got 2)
2025-07-16 22:58:31,411 - ERROR - ◊”Õº∆•≈‰ ß∞‹: not enough values to unpack (expected 3, got 2)
2025-07-16 22:58:31,422 - ERROR - ◊”Õº∆•≈‰ ß∞‹: not enough values to unpack (expected 3, got 2)
2025-07-16 22:58:31,430 - ERROR - ◊”Õº∆•≈‰ ß∞‹: not enough values to unpack (expected 3, got 2)
2025-07-16 22:58:31,446 - ERROR - ◊”Õº∆•≈‰ ß∞‹: not enough values to unpack (expected 3, got 2)
2025-07-16 22:58:31,459 - ERROR - ◊”Õº∆•≈‰ ß∞‹: not enough values to unpack (expected 3, got 2)
2025-07-16 22:58:31,471 - ERROR - ◊”Õº∆•≈‰ ß∞‹: not enough values to unpack (expected 3, got 2)
2025-07-16 22:58:31,483 - ERROR - ◊”Õº∆•≈‰ ß∞‹: not enough values to unpack (expected 3, got 2)
2025-07-16 22:58:31,496 - ERROR - ◊”Õº∆•≈‰ ß∞‹: not enough values to unpack (expected 3, got 2)
2025-07-16 22:58:31,508 - ERROR - ◊”Õº∆•≈‰ ß∞‹: not enough values to unpack (expected 3, got 2)
2025-07-16 22:58:31,519 - ERROR - ◊”Õº∆•≈‰ ß∞‹: not enough values to unpack (expected 3, got 2)
2025-07-16 22:58:31,529 - ERROR - ◊”Õº∆•≈‰ ß∞‹: not enough values to unpack (expected 3, got 2)
2025-07-16 22:58:31,541 - ERROR - ◊”Õº∆•≈‰ ß∞‹: not enough values to unpack (expected 3, got 2)
2025-07-16 22:58:31,558 - ERROR - ◊”Õº∆•≈‰ ß∞‹: not enough values to unpack (expected 3, got 2)
2025-07-16 22:58:31,569 - ERROR - ◊”Õº∆•≈‰ ß∞‹: not enough values to unpack (expected 3, got 2)
2025-07-16 22:58:31,578 - ERROR - ◊”Õº∆•≈‰ ß∞‹: not enough values to unpack (expected 3, got 2)
2025-07-16 22:58:31,589 - ERROR - ◊”Õº∆•≈‰ ß∞‹: not enough values to unpack (expected 3, got 2)
2025-07-16 22:58:31,602 - ERROR - ◊”Õº∆•≈‰ ß∞‹: not enough values to unpack (expected 3, got 2)
2025-07-16 22:58:31,614 - ERROR - ◊”Õº∆•≈‰ ß∞‹: not enough values to unpack (expected 3, got 2)
2025-07-16 22:58:31,627 - ERROR - ◊”Õº∆•≈‰ ß∞‹: not enough values to unpack (expected 3, got 2)
2025-07-16 22:58:31,637 - ERROR - ◊”Õº∆•≈‰ ß∞‹: not enough values to unpack (expected 3, got 2)
2025-07-16 22:58:31,646 - ERROR - ◊”Õº∆•≈‰ ß∞‹: not enough values to unpack (expected 3, got 2)
2025-07-16 22:58:31,657 - ERROR - ◊”Õº∆•≈‰ ß∞‹: not enough values to unpack (expected 3, got 2)
2025-07-16 22:58:31,675 - ERROR - ◊”Õº∆•≈‰ ß∞‹: not enough values to unpack (expected 3, got 2)
2025-07-16 22:58:31,691 - ERROR - ◊”Õº∆•≈‰ ß∞‹: not enough values to unpack (expected 3, got 2)
2025-07-16 22:58:31,703 - ERROR - ◊”Õº∆•≈‰ ß∞‹: not enough values to unpack (expected 3, got 2)
2025-07-16 22:58:31,717 - ERROR - ◊”Õº∆•≈‰ ß∞‹: not enough values to unpack (expected 3, got 2)
2025-07-16 22:58:31,730 - ERROR - ◊”Õº∆•≈‰ ß∞‹: not enough values to unpack (expected 3, got 2)
2025-07-16 22:58:31,740 - ERROR - ◊”Õº∆•≈‰ ß∞‹: not enough values to unpack (expected 3, got 2)
2025-07-16 22:58:31,753 - ERROR - ◊”Õº∆•≈‰ ß∞‹: not enough values to unpack (expected 3, got 2)
2025-07-16 22:58:31,763 - ERROR - ◊”Õº∆•≈‰ ß∞‹: not enough values to unpack (expected 3, got 2)
2025-07-16 22:58:31,778 - ERROR - ◊”Õº∆•≈‰ ß∞‹: not enough values to unpack (expected 3, got 2)
2025-07-16 22:58:31,788 - ERROR - ◊”Õº∆•≈‰ ß∞‹: not enough values to unpack (expected 3, got 2)
2025-07-16 22:58:31,796 - ERROR - ◊”Õº∆•≈‰ ß∞‹: not enough values to unpack (expected 3, got 2)
2025-07-16 22:58:31,808 - ERROR - ◊”Õº∆•≈‰ ß∞‹: not enough values to unpack (expected 3, got 2)
2025-07-16 22:58:31,820 - ERROR - ◊”Õº∆•≈‰ ß∞‹: not enough values to unpack (expected 3, got 2)
2025-07-16 22:58:31,828 - ERROR - ◊”Õº∆•≈‰ ß∞‹: not enough values to unpack (expected 3, got 2)
2025-07-16 22:58:31,837 - ERROR - ◊”Õº∆•≈‰ ß∞‹: not enough values to unpack (expected 3, got 2)
2025-07-16 22:58:31,846 - ERROR - ◊”Õº∆•≈‰ ß∞‹: not enough values to unpack (expected 3, got 2)
2025-07-16 22:58:31,858 - ERROR - ◊”Õº∆•≈‰ ß∞‹: not enough values to unpack (expected 3, got 2)
2025-07-16 22:58:31,858 - INFO - ¥¶¿Ìµ⁄901/1299∏ˆanchor
2025-07-16 22:58:31,876 - ERROR - ◊”Õº∆•≈‰ ß∞‹: not enough values to unpack (expected 3, got 2)
2025-07-16 22:58:31,892 - ERROR - ◊”Õº∆•≈‰ ß∞‹: not enough values to unpack (expected 3, got 2)
