2025-07-02 22:15:29,834 - INFO - 成功加载预训练embedding
2025-07-02 22:15:29,960 - INFO - StructMatch系统初始化完成（集成语义增强）
2025-07-02 22:15:29,961 - INFO - 开始加载数据...
2025-07-02 22:15:31,370 - INFO - 成功加载知识图谱: 40559个实体, 11种关系, 86835个三元组
2025-07-02 22:15:31,371 - INFO - 成功加载7条规则
2025-07-02 22:15:31,371 - INFO - 数据加载完成
2025-07-02 22:15:31,382 - INFO - 开始批量匹配，共4个anchor
2025-07-02 22:15:31,382 - INFO - 处理第1/4个anchor
2025-07-02 22:15:31,383 - INFO - 开始处理anchor: ('12090318', '_member_meronym', '12093769')
2025-07-02 22:15:31,405 - WARNING - 未提供target_motif，motif剪枝将被跳过
2025-07-02 22:15:31,406 - INFO - 规则前提大小: None, 最大扩展步数: 2
2025-07-02 22:15:31,509 - INFO - 步骤 1: 添加边 ('12090318', '12094121', '_member_meronym'), 相似度提升: 0.4596 (当前: 0.9886)
2025-07-02 22:15:31,594 - INFO - 步骤 2: 添加边 ('12093769', '12093885', '_member_meronym'), 相似度提升: 0.0169 (当前: 0.9901)
2025-07-02 22:15:31,610 - INFO - 匹配成功: True
2025-07-02 22:15:31,611 - INFO - 匹配得分: 0.8276
2025-07-02 22:15:31,612 - INFO - 扩展子图节点: ['12090318', '12093769', '12094121', '12093885']
2025-07-02 22:15:31,612 - INFO - 扩展子图边: [('12090318', '12093769'), ('12090318', '12094121'), ('12093769', '12093885')]
2025-07-02 22:15:31,613 - INFO - 处理第2/4个anchor
2025-07-02 22:15:31,613 - INFO - 开始处理anchor: ('09322930', '_instance_hypernym', '09360122')
2025-07-02 22:15:31,629 - WARNING - 未提供target_motif，motif剪枝将被跳过
2025-07-02 22:15:31,630 - INFO - 规则前提大小: None, 最大扩展步数: 2
2025-07-02 22:15:31,779 - INFO - 步骤 1: 添加边 ('09303647', '09322930', '_has_part'), 相似度提升: 0.4067 (当前: 0.9706)
2025-07-02 22:15:31,912 - INFO - 步骤 2: 添加边 ('09303647', '09365288', '_has_part'), 相似度提升: 0.0193 (当前: 0.9830)
2025-07-02 22:15:31,929 - INFO - 匹配成功: True
2025-07-02 22:15:31,931 - INFO - 匹配得分: 0.8125
2025-07-02 22:15:31,932 - INFO - 扩展子图节点: ['09322930', '09360122', '09303647', '09365288']
2025-07-02 22:15:31,933 - INFO - 扩展子图边: [('09322930', '09360122'), ('09322930', '09303647'), ('09303647', '09365288')]
2025-07-02 22:15:31,933 - INFO - 处理第3/4个anchor
2025-07-02 22:15:31,934 - INFO - 开始处理anchor: ('12493208', '_has_part', '12493426')
2025-07-02 22:15:31,944 - WARNING - 未提供target_motif，motif剪枝将被跳过
2025-07-02 22:15:31,945 - INFO - 规则前提大小: None, 最大扩展步数: 2
2025-07-02 22:15:31,996 - INFO - 步骤 1: 添加边 ('12493090', '12493208', '_member_meronym'), 相似度提升: 0.3725 (当前: 0.9039)
2025-07-02 22:15:32,040 - INFO - 步骤 2: 添加边 ('12487647', '12493090', '_member_meronym'), 相似度提升: 0.0226 (当前: 0.9329)
2025-07-02 22:15:32,062 - INFO - 匹配成功: True
2025-07-02 22:15:32,062 - INFO - 匹配得分: 0.7848
2025-07-02 22:15:32,063 - INFO - 扩展子图节点: ['12493208', '12493426', '12493090', '12487647']
2025-07-02 22:15:32,064 - INFO - 扩展子图边: [('12493208', '12493426'), ('12493208', '12493090'), ('12493090', '12487647')]
2025-07-02 22:15:32,064 - INFO - 处理第4/4个anchor
2025-07-02 22:15:32,066 - INFO - 开始处理anchor: ('00260881', '_hypernym', '00260622')
2025-07-02 22:15:32,086 - WARNING - 未提供target_motif，motif剪枝将被跳过
2025-07-02 22:15:32,087 - INFO - 规则前提大小: None, 最大扩展步数: 2
2025-07-02 22:15:32,142 - INFO - 步骤 1: 添加边 ('00260622', '00265673', '_derivationally_related_form'), 相似度提升: 0.4444 (当前: 0.9674)
2025-07-02 22:15:32,205 - INFO - 步骤 2: 相似度提升不足 (0.0036), 停止扩展
2025-07-02 22:15:32,221 - INFO - 匹配成功: True
2025-07-02 22:15:32,221 - INFO - 匹配得分: 0.8303
2025-07-02 22:15:32,222 - INFO - 扩展子图节点: ['00260881', '00260622', '00265673']
2025-07-02 22:15:32,223 - INFO - 扩展子图边: [('00260881', '00260622'), ('00260622', '00265673')]
2025-07-02 22:15:32,225 - INFO - 批量匹配完成: 4/4 成功匹配
2025-07-02 22:15:32,231 - INFO - 结果已保存到: results.json
