2025-06-30 23:33:54,272 - INFO - StructMatch系统初始化完成
2025-06-30 23:33:54,273 - INFO - 开始加载数据...
2025-06-30 23:33:54,274 - INFO - 成功加载知识图谱: 9个实体, 3种关系, 12个三元组
2025-06-30 23:33:54,275 - INFO - 成功加载3条规则
2025-06-30 23:33:54,275 - INFO - 数据加载完成
2025-06-30 23:33:54,276 - INFO - 开始批量匹配，共4个anchor
2025-06-30 23:33:54,276 - INFO - 处理第1/4个anchor
2025-06-30 23:33:54,277 - INFO - 开始处理anchor: ('A', 'friendOf', 'B')
2025-06-30 23:33:54,312 - INFO - 步骤 1: 添加边 ('B', 'Tokyo', 'livesIn'), 当前相似度: 0.8573
2025-06-30 23:33:54,338 - INFO - 步骤 2: 添加边 ('A', 'Tokyo', 'livesIn'), 当前相似度: 0.2531
2025-06-30 23:33:54,352 - INFO - 步骤 3: 添加边 ('A', 'C', 'worksWith'), 当前相似度: 1.0000
2025-06-30 23:33:54,388 - INFO - 步骤 4: 添加边 ('C', 'D', 'friendOf'), 当前相似度: 0.3640
2025-06-30 23:33:54,422 - INFO - 步骤 5: 添加边 ('B', 'C', 'friendOf'), 当前相似度: 0.3489
2025-06-30 23:33:54,427 - INFO - 匹配结果: False, 得分: 0.3766
2025-06-30 23:33:54,427 - INFO - 处理第2/4个anchor
2025-06-30 23:33:54,427 - INFO - 开始处理anchor: ('B', 'worksWith', 'D')
2025-06-30 23:33:54,455 - INFO - 步骤 1: 添加边 ('D', 'Osaka', 'livesIn'), 当前相似度: 0.8573
2025-06-30 23:33:54,480 - INFO - 步骤 2: 添加边 ('C', 'D', 'friendOf'), 当前相似度: 0.3273
2025-06-30 23:33:54,516 - INFO - 步骤 3: 添加边 ('C', 'Osaka', 'livesIn'), 当前相似度: 0.3780
2025-06-30 23:33:54,542 - INFO - 步骤 4: 添加边 ('B', 'C', 'friendOf'), 当前相似度: 0.3942
2025-06-30 23:33:54,560 - INFO - 步骤 5: 添加边 ('A', 'C', 'worksWith'), 当前相似度: 0.4146
2025-06-30 23:33:54,565 - INFO - 匹配结果: False, 得分: 0.3062
2025-06-30 23:33:54,565 - INFO - 处理第3/4个anchor
2025-06-30 23:33:54,566 - INFO - 开始处理anchor: ('E', 'friendOf', 'F')
2025-06-30 23:33:54,582 - INFO - 步骤 1: 添加边 ('E', 'G', 'worksWith'), 当前相似度: 0.8573
2025-06-30 23:33:54,596 - INFO - 步骤 2: 添加边 ('F', 'G', 'friendOf'), 当前相似度: 0.2879
2025-06-30 23:33:54,607 - INFO - 匹配结果: True, 得分: 1.0000
2025-06-30 23:33:54,607 - INFO - 处理第4/4个anchor
2025-06-30 23:33:54,608 - INFO - 开始处理anchor: ('A', 'livesIn', 'Tokyo')
2025-06-30 23:33:54,630 - INFO - 步骤 1: 添加边 ('B', 'Tokyo', 'livesIn'), 当前相似度: 0.8573
2025-06-30 23:33:54,658 - INFO - 步骤 2: 添加边 ('A', 'B', 'friendOf'), 当前相似度: 0.2322
2025-06-30 23:33:54,696 - INFO - 步骤 3: 添加边 ('A', 'C', 'worksWith'), 当前相似度: 1.0000
2025-06-30 23:33:54,760 - INFO - 步骤 4: 添加边 ('B', 'C', 'friendOf'), 当前相似度: 0.4228
2025-06-30 23:33:54,794 - INFO - 步骤 5: 添加边 ('C', 'D', 'friendOf'), 当前相似度: 0.3979
2025-06-30 23:33:54,799 - INFO - 匹配结果: False, 得分: 0.3961
2025-06-30 23:33:54,800 - INFO - 批量匹配完成: 1/4 成功匹配
2025-06-30 23:33:54,806 - INFO - 结果已保存到: results.json
