2025-07-01 07:27:12,021 - INFO - StructMatch系统初始化完成
2025-07-01 07:27:12,022 - INFO - 开始加载数据...
2025-07-01 07:27:12,023 - INFO - 成功加载知识图谱: 10个实体, 4种关系, 12个三元组
2025-07-01 07:27:12,024 - INFO - 成功加载3条规则
2025-07-01 07:27:12,024 - INFO - 数据加载完成
2025-07-01 07:27:12,025 - INFO - 开始批量匹配，共4个anchor
2025-07-01 07:27:12,025 - INFO - 处理第1/4个anchor
2025-07-01 07:27:12,026 - INFO - 开始处理anchor: ('A', 'friendOf', 'B')
2025-07-01 07:27:12,101 - INFO - 步骤 1: 添加边 ('B', 'C', 'worksWith'), 当前相似度: 0.1263
2025-07-01 07:27:12,154 - INFO - 步骤 2: 添加边 ('D', 'C', 'knows'), 当前相似度: 0.9545
2025-07-01 07:27:12,217 - INFO - 步骤 3: 添加边 ('A', 'Tokyo', 'livesIn'), 当前相似度: 0.9756
2025-07-01 07:27:12,293 - INFO - 步骤 4: 添加边 ('D', 'Osaka', 'livesIn'), 当前相似度: 0.9439
2025-07-01 07:27:12,369 - INFO - 步骤 5: 添加边 ('B', 'E', 'knows'), 当前相似度: 0.9689
2025-07-01 07:27:12,386 - INFO - 匹配成功: True
2025-07-01 07:27:12,387 - INFO - 匹配得分: 0.9650
2025-07-01 07:27:12,388 - INFO - 扩展子图节点: ['A', 'B', 'C', 'D', 'Tokyo', 'Osaka', 'E']
2025-07-01 07:27:12,389 - INFO - 扩展子图边: [('A', 'B', 'friendOf'), ('A', 'Tokyo', 'livesIn'), ('B', 'C', 'worksWith'), ('B', 'E', 'knows'), ('C', 'D', 'knows'), ('D', 'Osaka', 'livesIn')]
2025-07-01 07:27:12,390 - INFO - 处理第2/4个anchor
2025-07-01 07:27:12,390 - INFO - 开始处理anchor: ('B', 'worksWith', 'D')
2025-07-01 07:27:12,452 - INFO - 步骤 1: 添加边 ('D', 'C', 'knows'), 当前相似度: 0.1762
2025-07-01 07:27:12,523 - INFO - 步骤 2: 添加边 ('A', 'B', 'friendOf'), 当前相似度: 0.9479
2025-07-01 07:27:12,603 - INFO - 步骤 3: 添加边 ('A', 'Tokyo', 'livesIn'), 当前相似度: 0.9669
2025-07-01 07:27:12,693 - INFO - 步骤 4: 添加边 ('B', 'E', 'knows'), 当前相似度: 0.9694
2025-07-01 07:27:12,783 - INFO - 步骤 5: 添加边 ('C', 'Tokyo', 'livesIn'), 当前相似度: 0.9762
2025-07-01 07:27:12,797 - INFO - 匹配成功: True
2025-07-01 07:27:12,798 - INFO - 匹配得分: 0.9566
2025-07-01 07:27:12,798 - INFO - 扩展子图节点: ['B', 'D', 'C', 'A', 'Tokyo', 'E']
2025-07-01 07:27:12,799 - INFO - 扩展子图边: [('B', 'D', 'worksWith'), ('B', 'A', 'friendOf'), ('B', 'E', 'knows'), ('D', 'C', 'knows'), ('C', 'Tokyo', 'livesIn'), ('A', 'Tokyo', 'livesIn')]
2025-07-01 07:27:12,799 - INFO - 处理第3/4个anchor
2025-07-01 07:27:12,800 - INFO - 开始处理anchor: ('E', 'friendOf', 'F')
2025-07-01 07:27:12,830 - INFO - 步骤 1: 添加边 ('B', 'E', 'knows'), 当前相似度: 0.0920
2025-07-01 07:27:12,865 - INFO - 步骤 2: 添加边 ('F', 'G', 'worksWith'), 当前相似度: 0.9410
2025-07-01 07:27:12,908 - INFO - 步骤 3: 添加边 ('B', 'C', 'worksWith'), 当前相似度: 0.9220
2025-07-01 07:27:12,959 - INFO - 步骤 4: 添加边 ('C', 'Tokyo', 'livesIn'), 当前相似度: 0.9524
2025-07-01 07:27:13,021 - INFO - 步骤 5: 添加边 ('A', 'Tokyo', 'livesIn'), 当前相似度: 0.9536
2025-07-01 07:27:13,036 - INFO - 匹配成功: True
2025-07-01 07:27:13,037 - INFO - 匹配得分: 0.9547
2025-07-01 07:27:13,038 - INFO - 扩展子图节点: ['E', 'F', 'B', 'G', 'C', 'Tokyo', 'A']
2025-07-01 07:27:13,039 - INFO - 扩展子图边: [('E', 'F', 'friendOf'), ('E', 'B', 'knows'), ('F', 'G', 'worksWith'), ('B', 'C', 'worksWith'), ('C', 'Tokyo', 'livesIn'), ('Tokyo', 'A', 'livesIn')]
2025-07-01 07:27:13,040 - INFO - 处理第4/4个anchor
2025-07-01 07:27:13,041 - INFO - 开始处理anchor: ('A', 'livesIn', 'Tokyo')
2025-07-01 07:27:13,080 - INFO - 步骤 1: 添加边 ('C', 'Tokyo', 'livesIn'), 当前相似度: 0.1000
2025-07-01 07:27:13,115 - INFO - 步骤 2: 添加边 ('D', 'C', 'knows'), 当前相似度: 0.9283
2025-07-01 07:27:13,167 - INFO - 步骤 3: 添加边 ('A', 'B', 'friendOf'), 当前相似度: 0.9709
2025-07-01 07:27:13,259 - INFO - 步骤 4: 添加边 ('B', 'Osaka', 'livesIn'), 当前相似度: 0.9448
2025-07-01 07:27:13,331 - INFO - 步骤 5: 添加边 ('B', 'C', 'worksWith'), 当前相似度: 0.9822
2025-07-01 07:27:13,344 - INFO - 匹配成功: True
2025-07-01 07:27:13,345 - INFO - 匹配得分: 0.9620
2025-07-01 07:27:13,345 - INFO - 扩展子图节点: ['A', 'Tokyo', 'C', 'D', 'B', 'Osaka']
2025-07-01 07:27:13,345 - INFO - 扩展子图边: [('A', 'Tokyo', 'livesIn'), ('A', 'B', 'friendOf'), ('Tokyo', 'C', 'livesIn'), ('C', 'D', 'knows'), ('C', 'B', 'worksWith'), ('B', 'Osaka', 'livesIn')]
2025-07-01 07:27:13,346 - INFO - 批量匹配完成: 4/4 成功匹配
