2025-07-09 07:36:41,512 - INFO - 成功加载预训练embedding
2025-07-09 07:36:41,581 - WARNING - 加载训练模型失败: No module named 'simple_train'
2025-07-09 07:36:41,583 - INFO - StructMatch系统初始化完成（集成语义增强）
2025-07-09 07:36:41,584 - INFO - 开始加载数据...
2025-07-09 07:36:42,534 - INFO - 成功加载知识图谱: 40559个实体, 11种关系, 86835个三元组
2025-07-09 07:36:42,535 - INFO - 成功加载2条规则
2025-07-09 07:36:42,535 - INFO - 数据加载完成
2025-07-09 07:36:42,817 - INFO - 规则大小: 2, 规则前提: [{'h': 'X', 'r': '_also_see', 't': 'Y'}, {'h': 'Y', 'r': '_synset_domain_topic_of', 't': 'Z'}]
2025-07-09 07:36:42,818 - INFO - 最大扩展步数: 1
2025-07-09 07:36:42,841 - INFO - 步骤 1: 相似度提升不足 (-0.2044), 停止扩展
2025-07-09 07:36:42,851 - INFO - 最终子图大小: 1, 目标大小: 2
2025-07-09 07:36:42,859 - INFO - 规则大小: 2, 规则前提: [{'h': 'X', 'r': '_also_see', 't': 'Y'}, {'h': 'Y', 'r': '_synset_domain_topic_of', 't': 'Z'}]
2025-07-09 07:36:42,860 - INFO - 最大扩展步数: 1
2025-07-09 07:36:42,877 - INFO - 步骤 1: 相似度提升不足 (-0.1656), 停止扩展
2025-07-09 07:36:42,877 - INFO - 最终子图大小: 1, 目标大小: 2
2025-07-09 07:36:42,886 - INFO - 规则大小: 2, 规则前提: [{'h': 'X', 'r': '_also_see', 't': 'Y'}, {'h': 'Y', 'r': '_synset_domain_topic_of', 't': 'Z'}]
2025-07-09 07:36:42,887 - INFO - 最大扩展步数: 1
2025-07-09 07:36:42,948 - INFO - 步骤 1: 相似度提升不足 (-0.1335), 停止扩展
2025-07-09 07:36:42,985 - INFO - 最终子图大小: 1, 目标大小: 2
2025-07-09 07:36:43,039 - INFO - 规则大小: 2, 规则前提: [{'h': 'X', 'r': '_also_see', 't': 'Y'}, {'h': 'Y', 'r': '_synset_domain_topic_of', 't': 'Z'}]
2025-07-09 07:36:43,040 - INFO - 最大扩展步数: 1
2025-07-09 07:36:43,080 - INFO - 步骤 1: 相似度提升不足 (-0.1785), 停止扩展
2025-07-09 07:36:43,081 - INFO - 最终子图大小: 1, 目标大小: 2
2025-07-09 07:36:43,094 - INFO - 规则大小: 2, 规则前提: [{'h': 'X', 'r': '_also_see', 't': 'Y'}, {'h': 'Y', 'r': '_synset_domain_topic_of', 't': 'Z'}]
2025-07-09 07:36:43,094 - INFO - 最大扩展步数: 1
2025-07-09 07:36:43,143 - INFO - 步骤 1: 相似度提升不足 (-0.2046), 停止扩展
2025-07-09 07:36:43,143 - INFO - 最终子图大小: 1, 目标大小: 2
2025-07-09 07:36:43,154 - INFO - 规则大小: 2, 规则前提: [{'h': 'X', 'r': '_also_see', 't': 'Y'}, {'h': 'Y', 'r': '_synset_domain_topic_of', 't': 'Z'}]
2025-07-09 07:36:43,155 - INFO - 最大扩展步数: 1
2025-07-09 07:36:43,213 - INFO - 步骤 1: 相似度提升不足 (-0.1411), 停止扩展
2025-07-09 07:36:43,214 - INFO - 最终子图大小: 1, 目标大小: 2
2025-07-09 07:36:43,224 - INFO - 规则大小: 2, 规则前提: [{'h': 'X', 'r': '_also_see', 't': 'Y'}, {'h': 'Y', 'r': '_synset_domain_topic_of', 't': 'Z'}]
2025-07-09 07:36:43,225 - INFO - 最大扩展步数: 1
2025-07-09 07:36:43,255 - INFO - 步骤 1: 相似度提升不足 (-0.0998), 停止扩展
2025-07-09 07:36:43,256 - INFO - 最终子图大小: 1, 目标大小: 2
2025-07-09 07:36:43,268 - INFO - 规则大小: 2, 规则前提: [{'h': 'X', 'r': '_also_see', 't': 'Y'}, {'h': 'Y', 'r': '_synset_domain_topic_of', 't': 'Z'}]
2025-07-09 07:36:43,268 - INFO - 最大扩展步数: 1
2025-07-09 07:36:43,315 - INFO - 步骤 1: 添加边 ('01698271', '00929718', '_derivationally_related_form'), 相似度提升: 0.0000 (当前: 0.2127)
2025-07-09 07:36:43,315 - INFO - 最终子图大小: 1, 目标大小: 2
2025-07-09 07:36:43,327 - INFO - 规则大小: 2, 规则前提: [{'h': 'X', 'r': '_also_see', 't': 'Y'}, {'h': 'Y', 'r': '_synset_domain_topic_of', 't': 'Z'}]
2025-07-09 07:36:43,328 - INFO - 最大扩展步数: 1
2025-07-09 07:36:43,354 - INFO - 步骤 1: 相似度提升不足 (-0.0872), 停止扩展
2025-07-09 07:36:43,355 - INFO - 最终子图大小: 1, 目标大小: 2
2025-07-09 07:36:43,364 - INFO - 规则大小: 2, 规则前提: [{'h': 'X', 'r': '_also_see', 't': 'Y'}, {'h': 'Y', 'r': '_synset_domain_topic_of', 't': 'Z'}]
2025-07-09 07:36:43,365 - INFO - 最大扩展步数: 1
2025-07-09 07:36:43,407 - INFO - 步骤 1: 相似度提升不足 (-0.1460), 停止扩展
2025-07-09 07:36:43,408 - INFO - 最终子图大小: 1, 目标大小: 2
