2025-07-17 01:56:28,195 - INFO - 成功加载预训练embedding
2025-07-17 01:56:28,432 - INFO - StructMatch系统初始化完成（集成语义增强）
2025-07-17 01:56:28,434 - INFO - 开始加载数据...
2025-07-17 01:56:30,295 - INFO - 成功加载知识图谱: 40559个实体, 11种关系, 86835个三元组
2025-07-17 01:56:30,296 - INFO - 成功加载2条规则
2025-07-17 01:56:30,297 - INFO - 数据加载完成
2025-07-17 01:56:30,307 - INFO - 收集规则第一个谓词对应的anchor: _also_see
2025-07-17 01:56:30,528 - INFO - 收集到 1299 个anchor
2025-07-17 01:56:30,529 - INFO - 开始批量匹配，共1299个anchor
2025-07-17 01:56:30,530 - INFO - 处理第1/1299个anchor
2025-07-17 01:56:30,634 - INFO - 步骤 1: 添加边 ('01974062', '09366317', '_derivationally_related_form'), 当前相似度: 0.0107
2025-07-17 01:56:30,761 - INFO - 步骤 2: 添加边 ('09366317', '01974062', '_derivationally_related_form'), 当前相似度: 0.9615
2025-07-17 01:56:30,843 - INFO - 步骤 3: 添加边 ('09359803', '09366317', '_hypernym'), 当前相似度: 0.9132
2025-07-17 01:56:30,921 - INFO - 步骤 4: 添加边 ('09359803', '10334567', '_derivationally_related_form'), 当前相似度: 0.9461
2025-07-17 01:56:31,015 - INFO - 步骤 5: 添加边 ('10334567', '09929298', '_hypernym'), 当前相似度: 0.9558
2025-07-17 01:56:31,086 - INFO - 步骤 1: 添加边 ('01698271', '01697816', '_hypernym'), 当前相似度: 0.0304
2025-07-17 01:56:31,158 - INFO - 步骤 2: 添加边 ('01704452', '01698271', '_hypernym'), 当前相似度: 0.9465
2025-07-17 01:56:31,246 - INFO - 步骤 3: 添加边 ('01698271', '00929718', '_synset_domain_topic_of'), 当前相似度: 0.8935
2025-07-17 01:56:31,341 - INFO - 步骤 4: 添加边 ('01698271', '01744611', '_verb_group'), 当前相似度: 0.9080
2025-07-17 01:56:31,448 - INFO - 步骤 5: 添加边 ('01704953', '01698271', '_hypernym'), 当前相似度: 0.9180
2025-07-17 01:56:31,515 - INFO - 步骤 1: 添加边 ('00252019', '00230746', '_hypernym'), 当前相似度: 0.0378
2025-07-17 01:56:31,587 - INFO - 步骤 2: 添加边 ('00310386', '00230746', '_hypernym'), 当前相似度: 0.9453
2025-07-17 01:56:31,667 - INFO - 步骤 3: 添加边 ('00230746', '13497135', '_derivationally_related_form'), 当前相似度: 0.9295
2025-07-17 01:56:31,757 - INFO - 步骤 4: 添加边 ('00240810', '00230746', '_hypernym'), 当前相似度: 0.9377
2025-07-17 01:56:31,862 - INFO - 步骤 5: 添加边 ('13497135', '00153263', '_derivationally_related_form'), 当前相似度: 0.9285
2025-07-17 01:56:31,934 - INFO - 步骤 1: 添加边 ('00677544', '00674607', '_hypernym'), 当前相似度: 0.0514
2025-07-17 01:56:32,009 - INFO - 步骤 2: 添加边 ('00674607', '00161243', '_derivationally_related_form'), 当前相似度: 0.8951
2025-07-17 01:56:32,089 - INFO - 步骤 3: 添加边 ('00677203', '00674607', '_hypernym'), 当前相似度: 0.9180
2025-07-17 01:56:32,179 - INFO - 步骤 4: 添加边 ('00674607', '00697589', '_hypernym'), 当前相似度: 0.9258
2025-07-17 01:56:32,289 - INFO - 步骤 5: 添加边 ('00677683', '00674607', '_hypernym'), 当前相似度: 0.9487
2025-07-17 01:56:32,367 - INFO - 步骤 1: 添加边 ('01230555', '01410223', '_hypernym'), 当前相似度: 0.0399
2025-07-17 01:56:32,436 - INFO - 步骤 2: 添加边 ('01230555', '00334935', '_derivationally_related_form'), 当前相似度: 0.9331
2025-07-17 01:56:32,517 - INFO - 步骤 3: 添加边 ('00334935', '02062212', '_derivationally_related_form'), 当前相似度: 0.9327
2025-07-17 01:56:32,611 - INFO - 步骤 4: 添加边 ('02062212', '10495756', '_derivationally_related_form'), 当前相似度: 0.9161
2025-07-17 01:56:32,717 - INFO - 步骤 5: 添加边 ('02062212', '00334935', '_derivationally_related_form'), 当前相似度: 0.9286
2025-07-17 01:56:32,791 - INFO - 步骤 1: 添加边 ('01783158', '04826999', '_derivationally_related_form'), 当前相似度: -0.0432
2025-07-17 01:56:32,864 - INFO - 步骤 2: 添加边 ('01781478', '02578235', '_also_see'), 当前相似度: 0.9424
2025-07-17 01:56:32,946 - INFO - 步骤 3: 添加边 ('02578235', '02271544', '_also_see'), 当前相似度: 0.9054
2025-07-17 01:56:33,038 - INFO - 步骤 4: 添加边 ('02578235', '09998101', '_derivationally_related_form'), 当前相似度: 0.9225
2025-07-17 01:56:33,154 - INFO - 步骤 5: 添加边 ('02578235', '02573275', '_hypernym'), 当前相似度: 0.9360
2025-07-17 01:56:33,223 - INFO - 步骤 1: 添加边 ('02578235', '01781478', '_also_see'), 当前相似度: 0.0367
2025-07-17 01:56:33,291 - INFO - 步骤 2: 添加边 ('02271544', '02578235', '_also_see'), 当前相似度: 0.9145
2025-07-17 01:56:33,377 - INFO - 步骤 3: 添加边 ('00754118', '02578235', '_derivationally_related_form'), 当前相似度: 0.9695
2025-07-17 01:56:33,463 - INFO - 步骤 4: 添加边 ('02578235', '02573275', '_hypernym'), 当前相似度: 0.9605
2025-07-17 01:56:33,562 - INFO - 步骤 5: 添加边 ('09998101', '02578235', '_derivationally_related_form'), 当前相似度: 0.9612
2025-07-17 01:56:33,631 - INFO - 步骤 1: 添加边 ('00754118', '02578235', '_derivationally_related_form'), 当前相似度: -0.0178
2025-07-17 01:56:33,701 - INFO - 步骤 2: 添加边 ('01781478', '01783158', '_also_see'), 当前相似度: 0.9565
2025-07-17 01:56:33,778 - INFO - 步骤 3: 添加边 ('02578235', '00754118', '_derivationally_related_form'), 当前相似度: 0.9540
2025-07-17 01:56:33,869 - INFO - 步骤 4: 添加边 ('02271544', '02578235', '_also_see'), 当前相似度: 0.9447
2025-07-17 01:56:33,954 - INFO - 步骤 5: 添加边 ('04826999', '01783158', '_derivationally_related_form'), 当前相似度: 0.9278
2025-07-17 01:56:34,019 - INFO - 步骤 1: 添加边 ('01781478', '04826771', '_derivationally_related_form'), 当前相似度: 0.0195
2025-07-17 01:56:34,086 - INFO - 步骤 2: 添加边 ('04826999', '04826771', '_hypernym'), 当前相似度: 0.9295
2025-07-17 01:56:34,168 - INFO - 步骤 3: 添加边 ('01783158', '01781478', '_also_see'), 当前相似度: 0.9448
2025-07-17 01:56:34,254 - INFO - 步骤 4: 添加边 ('01783158', '05946687', '_derivationally_related_form'), 当前相似度: 0.8947
2025-07-17 01:56:34,353 - INFO - 步骤 5: 添加边 ('01783158', '04826999', '_derivationally_related_form'), 当前相似度: 0.9279
2025-07-17 01:56:34,425 - INFO - 步骤 1: 添加边 ('00453424', '00452512', '_hypernym'), 当前相似度: 0.0126
2025-07-17 01:56:34,491 - INFO - 步骤 2: 添加边 ('03714721', '00452512', '_derivationally_related_form'), 当前相似度: 0.9502
2025-07-17 01:56:34,571 - INFO - 步骤 3: 添加边 ('01490336', '00452512', '_hypernym'), 当前相似度: 0.9189
2025-07-17 01:56:34,656 - INFO - 步骤 4: 添加边 ('00452512', '03714721', '_derivationally_related_form'), 当前相似度: 0.9635
2025-07-17 01:56:34,745 - INFO - 步骤 5: 添加边 ('01524523', '00452512', '_hypernym'), 当前相似度: 0.9271
2025-07-17 01:56:34,817 - INFO - 步骤 1: 添加边 ('00452512', '14868243', '_derivationally_related_form'), 当前相似度: -0.0163
2025-07-17 01:56:34,885 - INFO - 步骤 2: 添加边 ('00261533', '14868243', '_derivationally_related_form'), 当前相似度: 0.9599
2025-07-17 01:56:34,954 - INFO - 步骤 3: 添加边 ('03714721', '00452512', '_derivationally_related_form'), 当前相似度: 0.9437
2025-07-17 01:56:35,040 - INFO - 步骤 4: 添加边 ('00452512', '03714721', '_derivationally_related_form'), 当前相似度: 0.9550
2025-07-17 01:56:35,124 - INFO - 步骤 5: 添加边 ('01490336', '00452512', '_hypernym'), 当前相似度: 0.9664
2025-07-17 01:56:35,198 - INFO - 步骤 1: 添加边 ('00612114', '00146572', '_derivationally_related_form'), 当前相似度: 0.0201
2025-07-17 01:56:35,268 - INFO - 步骤 2: 添加边 ('00612114', '00368847', '_derivationally_related_form'), 当前相似度: 0.9377
2025-07-17 01:56:35,340 - INFO - 步骤 3: 添加边 ('00612114', '02032634', '_derivationally_related_form'), 当前相似度: 0.9286
2025-07-17 01:56:35,430 - INFO - 步骤 4: 添加边 ('00612114', '02710402', '_derivationally_related_form'), 当前相似度: 0.9370
2025-07-17 01:56:35,527 - INFO - 步骤 5: 添加边 ('00612114', '01718867', '_also_see'), 当前相似度: 0.9689
2025-07-17 01:56:35,597 - INFO - 步骤 1: 添加边 ('00612652', '02709906', '_derivationally_related_form'), 当前相似度: -0.0842
2025-07-17 01:56:35,661 - INFO - 步骤 2: 添加边 ('00612652', '02032415', '_derivationally_related_form'), 当前相似度: 0.9212
2025-07-17 01:56:35,737 - INFO - 步骤 3: 添加边 ('00612652', '01718867', '_also_see'), 当前相似度: 0.9532
2025-07-17 01:56:35,813 - INFO - 步骤 4: 添加边 ('02032415', '01831531', '_hypernym'), 当前相似度: 0.9519
2025-07-17 01:56:35,901 - INFO - 步骤 5: 添加边 ('01718867', '05557839', '_derivationally_related_form'), 当前相似度: 0.9500
2025-07-17 01:56:35,975 - INFO - 步骤 1: 添加边 ('00146572', '00612114', '_derivationally_related_form'), 当前相似度: -0.0080
2025-07-17 01:56:36,040 - INFO - 步骤 2: 添加边 ('01718867', '00612114', '_also_see'), 当前相似度: 0.9160
2025-07-17 01:56:36,111 - INFO - 步骤 3: 添加边 ('00612114', '00368847', '_derivationally_related_form'), 当前相似度: 0.9188
2025-07-17 01:56:36,188 - INFO - 步骤 4: 添加边 ('07414740', '00612114', '_derivationally_related_form'), 当前相似度: 0.9046
2025-07-17 01:56:36,272 - INFO - 步骤 5: 添加边 ('00368847', '00612114', '_derivationally_related_form'), 当前相似度: 0.9063
2025-07-17 01:56:36,340 - INFO - 步骤 1: 添加边 ('02034828', '01878466', '_also_see'), 当前相似度: 0.0051
2025-07-17 01:56:36,406 - INFO - 步骤 2: 添加边 ('01129977', '02034828', '_also_see'), 当前相似度: 0.9242
2025-07-17 01:56:36,478 - INFO - 步骤 3: 添加边 ('02034828', '01129977', '_also_see'), 当前相似度: 0.9568
2025-07-17 01:56:36,555 - INFO - 步骤 4: 添加边 ('01878466', '02034828', '_also_see'), 当前相似度: 0.9465
2025-07-17 01:56:36,633 - INFO - 步骤 5: 添加边 ('01369663', '02034828', '_also_see'), 当前相似度: 0.9198
2025-07-17 01:56:36,695 - INFO - 步骤 1: 添加边 ('00914421', '00021766', '_also_see'), 当前相似度: -0.0296
2025-07-17 01:56:36,755 - INFO - 步骤 2: 添加边 ('00021766', '00914421', '_also_see'), 当前相似度: 0.9106
2025-07-17 01:56:36,822 - INFO - 步骤 3: 添加边 ('00914421', '01749320', '_also_see'), 当前相似度: 0.9773
2025-07-17 01:56:36,894 - INFO - 步骤 4: 添加边 ('01749320', '01751353', '_similar_to'), 当前相似度: 0.9449
2025-07-17 01:56:36,989 - INFO - 步骤 5: 添加边 ('04802198', '00631391', '_derivationally_related_form'), 当前相似度: 0.9649
2025-07-17 01:56:37,056 - INFO - 步骤 1: 添加边 ('01369663', '02034828', '_also_see'), 当前相似度: -0.0015
2025-07-17 01:56:37,123 - INFO - 步骤 2: 添加边 ('01129977', '02034828', '_also_see'), 当前相似度: 0.9434
2025-07-17 01:56:37,203 - INFO - 步骤 3: 添加边 ('01878466', '04898437', '_derivationally_related_form'), 当前相似度: 0.9513
2025-07-17 01:56:37,307 - INFO - 步骤 4: 添加边 ('01369663', '00956131', '_also_see'), 当前相似度: 0.9206
2025-07-17 01:56:37,415 - INFO - 步骤 5: 添加边 ('01369663', '01226240', '_also_see'), 当前相似度: 0.9225
2025-07-17 01:56:37,491 - INFO - 步骤 1: 添加边 ('02034828', '01878466', '_also_see'), 当前相似度: 0.0360
2025-07-17 01:56:37,571 - INFO - 步骤 2: 添加边 ('02034828', '01369663', '_also_see'), 当前相似度: 0.9145
2025-07-17 01:56:37,655 - INFO - 步骤 3: 添加边 ('01129977', '02034828', '_also_see'), 当前相似度: 0.9324
2025-07-17 01:56:37,746 - INFO - 步骤 4: 添加边 ('01369663', '00956131', '_also_see'), 当前相似度: 0.9226
2025-07-17 01:56:37,852 - INFO - 步骤 5: 添加边 ('01226240', '01369663', '_also_see'), 当前相似度: 0.9359
2025-07-17 01:56:37,920 - INFO - 步骤 1: 添加边 ('01183573', '02080577', '_derivationally_related_form'), 当前相似度: -0.0109
2025-07-17 01:56:37,988 - INFO - 步骤 2: 添加边 ('13580723', '01183573', '_derivationally_related_form'), 当前相似度: 0.9241
2025-07-17 01:56:38,066 - INFO - 步骤 3: 添加边 ('01194114', '01183573', '_hypernym'), 当前相似度: 0.9139
2025-07-17 01:56:38,145 - INFO - 步骤 4: 添加边 ('01183573', '01182709', '_hypernym'), 当前相似度: 0.9494
2025-07-17 01:56:38,247 - INFO - 步骤 5: 添加边 ('01193721', '13580723', '_derivationally_related_form'), 当前相似度: 0.9491
2025-07-17 01:56:38,330 - INFO - 步骤 1: 添加边 ('00628491', '10708292', '_derivationally_related_form'), 当前相似度: -0.0318
2025-07-17 01:56:38,405 - INFO - 步骤 2: 添加边 ('00628491', '05784242', '_derivationally_related_form'), 当前相似度: 0.9480
2025-07-17 01:56:38,476 - INFO - 步骤 3: 添加边 ('00739340', '00628491', '_hypernym'), 当前相似度: 0.9205
2025-07-17 01:56:38,571 - INFO - 步骤 4: 添加边 ('05784242', '00628491', '_derivationally_related_form'), 当前相似度: 0.9536
2025-07-17 01:56:38,661 - INFO - 步骤 5: 添加边 ('00703512', '05784242', '_derivationally_related_form'), 当前相似度: 0.9602
2025-07-17 01:56:38,760 - INFO - 步骤 1: 添加边 ('00629257', '00628491', '_hypernym'), 当前相似度: 0.0109
2025-07-17 01:56:38,830 - INFO - 步骤 2: 添加边 ('00628491', '00630380', '_also_see'), 当前相似度: 0.9461
2025-07-17 01:56:38,907 - INFO - 步骤 3: 添加边 ('00628491', '10708292', '_derivationally_related_form'), 当前相似度: 0.9538
2025-07-17 01:56:39,005 - INFO - 步骤 4: 添加边 ('01634142', '01631534', '_hypernym'), 当前相似度: 0.9547
2025-07-17 01:56:39,128 - INFO - 步骤 5: 添加边 ('00628491', '05770926', '_derivationally_related_form'), 当前相似度: 0.9355
2025-07-17 01:56:39,181 - INFO - 步骤 1: 添加边 ('00803394', '00246217', '_derivationally_related_form'), 当前相似度: -0.0088
2025-07-17 01:56:39,230 - INFO - 步骤 2: 添加边 ('00246217', '05860200', '_derivationally_related_form'), 当前相似度: 0.9247
2025-07-17 01:56:39,299 - INFO - 步骤 3: 添加边 ('00246217', '00803394', '_derivationally_related_form'), 当前相似度: 0.8760
2025-07-17 01:56:39,357 - INFO - 步骤 4: 添加边 ('05860200', '05859991', '_hypernym'), 当前相似度: 0.9340
2025-07-17 01:56:39,420 - INFO - 步骤 5: 添加边 ('00488225', '00803394', '_has_part'), 当前相似度: 0.9228
2025-07-17 01:56:39,492 - INFO - 步骤 1: 添加边 ('02460483', '02649830', '_hypernym'), 当前相似度: 0.0083
2025-07-17 01:56:39,560 - INFO - 步骤 2: 添加边 ('02649830', '02655135', '_hypernym'), 当前相似度: 0.9486
2025-07-17 01:56:39,635 - INFO - 步骤 3: 添加边 ('02649830', '03259505', '_derivationally_related_form'), 当前相似度: 0.9361
2025-07-17 01:56:39,730 - INFO - 步骤 4: 添加边 ('03259505', '03319745', '_has_part'), 当前相似度: 0.9487
2025-07-17 01:56:39,849 - INFO - 步骤 5: 添加边 ('03259505', '03546340', '_hypernym'), 当前相似度: 0.9588
2025-07-17 01:56:39,923 - INFO - 步骤 1: 添加边 ('02649830', '02655135', '_hypernym'), 当前相似度: -0.0452
2025-07-17 01:56:40,026 - INFO - 步骤 2: 添加边 ('02648639', '02649830', '_hypernym'), 当前相似度: 0.8555
2025-07-17 01:56:40,246 - INFO - 步骤 3: 添加边 ('02649830', '01054545', '_derivationally_related_form'), 当前相似度: 0.9661
2025-07-17 01:56:40,348 - INFO - 步骤 4: 添加边 ('01054545', '01054335', '_hypernym'), 当前相似度: 0.9544
2025-07-17 01:56:40,465 - INFO - 步骤 5: 添加边 ('01054335', '01053920', '_hypernym'), 当前相似度: 0.9530
2025-07-17 01:56:40,542 - INFO - 步骤 1: 添加边 ('01637633', '09993901', '_derivationally_related_form'), 当前相似度: 0.0105
2025-07-17 01:56:40,612 - INFO - 步骤 2: 添加边 ('01637633', '01636397', '_hypernym'), 当前相似度: 0.9399
2025-07-17 01:56:40,693 - INFO - 步骤 3: 添加边 ('01637633', '05768806', '_derivationally_related_form'), 当前相似度: 0.9393
2025-07-17 01:56:40,789 - INFO - 步骤 4: 添加边 ('01634142', '01631534', '_hypernym'), 当前相似度: 0.9549
2025-07-17 01:56:40,894 - INFO - 步骤 5: 添加边 ('05634219', '01634142', '_derivationally_related_form'), 当前相似度: 0.9361
2025-07-17 01:56:40,968 - INFO - 步骤 1: 添加边 ('02049190', '01907258', '_hypernym'), 当前相似度: 0.0442
2025-07-17 01:56:41,039 - INFO - 步骤 2: 添加边 ('02033137', '01907258', '_hypernym'), 当前相似度: 0.9224
2025-07-17 01:56:41,118 - INFO - 步骤 3: 添加边 ('01907258', '00897564', '_also_see'), 当前相似度: 0.8775
2025-07-17 01:56:41,204 - INFO - 步骤 4: 添加边 ('02034300', '01907258', '_hypernym'), 当前相似度: 0.8822
2025-07-17 01:56:41,295 - INFO - 步骤 5: 添加边 ('02064887', '01907258', '_hypernym'), 当前相似度: 0.9046
2025-07-17 01:56:41,367 - INFO - 步骤 1: 添加边 ('02046572', '01907258', '_hypernym'), 当前相似度: -0.0446
2025-07-17 01:56:41,434 - INFO - 步骤 2: 添加边 ('00350030', '01907258', '_derivationally_related_form'), 当前相似度: 0.9435
2025-07-17 01:56:41,513 - INFO - 步骤 3: 添加边 ('01907258', '07351612', '_derivationally_related_form'), 当前相似度: 0.9051
2025-07-17 01:56:41,604 - INFO - 步骤 4: 添加边 ('01907258', '02089984', '_verb_group'), 当前相似度: 0.9441
2025-07-17 01:56:41,708 - INFO - 步骤 5: 添加边 ('02049190', '01907258', '_hypernym'), 当前相似度: 0.9463
2025-07-17 01:56:41,790 - INFO - 步骤 1: 添加边 ('00931555', '00064479', '_also_see'), 当前相似度: -0.0526
2025-07-17 01:56:41,885 - INFO - 步骤 2: 添加边 ('00064479', '05155821', '_derivationally_related_form'), 当前相似度: 0.9734
2025-07-17 01:56:41,963 - INFO - 步骤 3: 添加边 ('00064479', '05160796', '_derivationally_related_form'), 当前相似度: 0.9733
2025-07-17 01:56:42,056 - INFO - 步骤 4: 添加边 ('00064479', '00931555', '_also_see'), 当前相似度: 0.9570
2025-07-17 01:56:42,158 - INFO - 步骤 5: 添加边 ('00064479', '00065184', '_similar_to'), 当前相似度: 0.9656
2025-07-17 01:56:42,233 - INFO - 步骤 1: 添加边 ('00064479', '01660994', '_also_see'), 当前相似度: 0.0690
2025-07-17 01:56:42,319 - INFO - 步骤 2: 添加边 ('00064479', '01870889', '_also_see'), 当前相似度: 0.8938
2025-07-17 01:56:42,378 - INFO - 步骤 3: 添加边 ('00064479', '00931555', '_also_see'), 当前相似度: 0.8384
2025-07-17 01:56:42,446 - INFO - 步骤 4: 添加边 ('00064479', '05160796', '_derivationally_related_form'), 当前相似度: 0.8871
2025-07-17 01:56:42,538 - INFO - 步骤 5: 添加边 ('00064479', '00065184', '_similar_to'), 当前相似度: 0.8858
2025-07-17 01:56:42,604 - INFO - 步骤 1: 添加边 ('02495922', '01195536', '_also_see'), 当前相似度: -0.0263
2025-07-17 01:56:42,670 - INFO - 步骤 2: 添加边 ('01195536', '00619972', '_also_see'), 当前相似度: 0.9193
2025-07-17 01:56:42,752 - INFO - 步骤 3: 添加边 ('02416278', '00619972', '_derivationally_related_form'), 当前相似度: 0.9381
2025-07-17 01:56:42,835 - INFO - 步骤 4: 添加边 ('01195536', '02495922', '_also_see'), 当前相似度: 0.9381
2025-07-17 01:56:42,924 - INFO - 步骤 5: 添加边 ('02495922', '00931555', '_also_see'), 当前相似度: 0.9083
2025-07-17 01:56:43,000 - INFO - 步骤 1: 添加边 ('00931555', '00604617', '_also_see'), 当前相似度: 0.0600
2025-07-17 01:56:43,070 - INFO - 步骤 2: 添加边 ('00019131', '02007417', '_derivationally_related_form'), 当前相似度: 0.9374
2025-07-17 01:56:43,150 - INFO - 步骤 3: 添加边 ('00019131', '00604617', '_also_see'), 当前相似度: 0.9388
2025-07-17 01:56:43,221 - INFO - 步骤 4: 添加边 ('02007417', '00019131', '_derivationally_related_form'), 当前相似度: 0.9508
2025-07-17 01:56:43,296 - INFO - 步骤 5: 添加边 ('02007417', '00281132', '_derivationally_related_form'), 当前相似度: 0.9316
2025-07-17 01:56:43,364 - INFO - 步骤 1: 添加边 ('00604617', '04718563', '_derivationally_related_form'), 当前相似度: 0.0260
2025-07-17 01:56:43,435 - INFO - 步骤 2: 添加边 ('00931555', '04835488', '_derivationally_related_form'), 当前相似度: 0.8635
2025-07-17 01:56:43,523 - INFO - 步骤 3: 添加边 ('04835488', '10379376', '_derivationally_related_form'), 当前相似度: 0.9523
2025-07-17 01:56:43,619 - INFO - 步骤 4: 添加边 ('04718563', '00604617', '_derivationally_related_form'), 当前相似度: 0.9308
2025-07-17 01:56:43,707 - INFO - 步骤 5: 添加边 ('10379376', '04835488', '_derivationally_related_form'), 当前相似度: 0.9192
2025-07-17 01:56:43,771 - INFO - 步骤 1: 添加边 ('04764741', '00485711', '_derivationally_related_form'), 当前相似度: 0.0097
2025-07-17 01:56:43,837 - INFO - 步骤 2: 添加边 ('04795545', '00485711', '_derivationally_related_form'), 当前相似度: 0.9262
2025-07-17 01:56:43,908 - INFO - 步骤 3: 添加边 ('00485711', '01672607', '_also_see'), 当前相似度: 0.8730
2025-07-17 01:56:43,988 - INFO - 步骤 4: 添加边 ('04796086', '04795545', '_hypernym'), 当前相似度: 0.9120
2025-07-17 01:56:44,075 - INFO - 步骤 5: 添加边 ('00485711', '04795545', '_derivationally_related_form'), 当前相似度: 0.8728
2025-07-17 01:56:44,138 - INFO - 步骤 1: 添加边 ('04795545', '00485711', '_derivationally_related_form'), 当前相似度: -0.0735
2025-07-17 01:56:44,210 - INFO - 步骤 2: 添加边 ('01672607', '04794751', '_derivationally_related_form'), 当前相似度: 0.9487
2025-07-17 01:56:44,282 - INFO - 步骤 3: 添加边 ('01672607', '00485711', '_also_see'), 当前相似度: 0.9535
2025-07-17 01:56:44,354 - INFO - 步骤 4: 添加边 ('00485711', '04795545', '_derivationally_related_form'), 当前相似度: 0.9524
2025-07-17 01:56:44,411 - INFO - 步骤 5: 添加边 ('04764741', '00485711', '_derivationally_related_form'), 当前相似度: 0.9354
2025-07-17 01:56:44,468 - INFO - 步骤 1: 添加边 ('02918595', '01239619', '_derivationally_related_form'), 当前相似度: -0.0290
2025-07-17 01:56:44,528 - INFO - 步骤 2: 添加边 ('01235769', '01240308', '_also_see'), 当前相似度: 0.9376
2025-07-17 01:56:44,768 - INFO - 步骤 3: 添加边 ('02958343', '02918595', '_has_part'), 当前相似度: 0.9188
2025-07-17 01:56:44,857 - INFO - 步骤 4: 添加边 ('02958343', '01930738', '_derivationally_related_form'), 当前相似度: 0.9473
2025-07-17 01:56:44,973 - INFO - 步骤 5: 添加边 ('02918595', '03736970', '_hypernym'), 当前相似度: 0.9289
2025-07-17 01:56:45,037 - INFO - 步骤 1: 添加边 ('00853776', '01725712', '_also_see'), 当前相似度: -0.0577
2025-07-17 01:56:45,105 - INFO - 步骤 2: 添加边 ('04626280', '00853776', '_derivationally_related_form'), 当前相似度: 0.9408
2025-07-17 01:56:45,187 - INFO - 步骤 3: 添加边 ('04628192', '04626280', '_hypernym'), 当前相似度: 0.9400
2025-07-17 01:56:45,284 - INFO - 步骤 4: 添加边 ('04628850', '04626280', '_hypernym'), 当前相似度: 0.9467
2025-07-17 01:56:45,401 - INFO - 步骤 5: 添加边 ('04627000', '04626280', '_hypernym'), 当前相似度: 0.9461
2025-07-17 01:56:45,474 - INFO - 步骤 1: 添加边 ('00853776', '02530861', '_also_see'), 当前相似度: 0.0353
2025-07-17 01:56:45,543 - INFO - 步骤 2: 添加边 ('01725712', '07480896', '_derivationally_related_form'), 当前相似度: 0.9322
2025-07-17 01:56:45,620 - INFO - 步骤 3: 添加边 ('01725712', '01256332', '_also_see'), 当前相似度: 0.9051
2025-07-17 01:56:45,705 - INFO - 步骤 4: 添加边 ('01257145', '01256332', '_similar_to'), 当前相似度: 0.9252
2025-07-17 01:56:45,805 - INFO - 步骤 5: 添加边 ('00853776', '01725712', '_also_see'), 当前相似度: 0.9377
2025-07-17 01:56:45,873 - INFO - 步骤 1: 添加边 ('07480896', '01725712', '_derivationally_related_form'), 当前相似度: 0.0031
2025-07-17 01:56:45,940 - INFO - 步骤 2: 添加边 ('01725712', '07480896', '_derivationally_related_form'), 当前相似度: 0.9184
2025-07-17 01:56:46,001 - INFO - 步骤 3: 添加边 ('01725712', '01256332', '_also_see'), 当前相似度: 0.8706
2025-07-17 01:56:46,061 - INFO - 步骤 4: 添加边 ('00853776', '01725712', '_also_see'), 当前相似度: 0.9121
2025-07-17 01:56:46,151 - INFO - 步骤 5: 添加边 ('04626280', '00853776', '_derivationally_related_form'), 当前相似度: 0.8831
2025-07-17 01:56:46,234 - INFO - 步骤 1: 添加边 ('00636279', '00634906', '_hypernym'), 当前相似度: -0.0456
2025-07-17 01:56:46,322 - INFO - 步骤 2: 添加边 ('06743506', '00636279', '_derivationally_related_form'), 当前相似度: 0.9380
2025-07-17 01:56:46,398 - INFO - 步骤 3: 添加边 ('00636279', '06743506', '_derivationally_related_form'), 当前相似度: 0.9466
2025-07-17 01:56:46,483 - INFO - 步骤 4: 添加边 ('06743506', '06722453', '_hypernym'), 当前相似度: 0.9693
2025-07-17 01:56:46,569 - INFO - 步骤 5: 添加边 ('00190783', '00634906', '_derivationally_related_form'), 当前相似度: 0.9694
2025-07-17 01:56:46,646 - INFO - 步骤 1: 添加边 ('00637259', '00301187', '_derivationally_related_form'), 当前相似度: -0.0431
2025-07-17 01:56:46,719 - INFO - 步骤 2: 添加边 ('00712708', '00688377', '_hypernym'), 当前相似度: 0.9162
2025-07-17 01:56:46,801 - INFO - 步骤 3: 添加边 ('14001728', '00688377', '_derivationally_related_form'), 当前相似度: 0.9555
2025-07-17 01:56:46,894 - INFO - 步骤 4: 添加边 ('00712708', '14001348', '_derivationally_related_form'), 当前相似度: 0.9736
2025-07-17 01:56:46,997 - INFO - 步骤 5: 添加边 ('00637259', '00868910', '_derivationally_related_form'), 当前相似度: 0.9676
2025-07-17 01:56:47,068 - INFO - 步骤 1: 添加边 ('00428404', '04820258', '_derivationally_related_form'), 当前相似度: 0.0277
2025-07-17 01:56:47,135 - INFO - 步骤 2: 添加边 ('00588221', '00532892', '_derivationally_related_form'), 当前相似度: 0.9372
2025-07-17 01:56:47,208 - INFO - 步骤 3: 添加边 ('00103696', '00428404', '_also_see'), 当前相似度: 0.9436
2025-07-17 01:56:47,376 - INFO - 步骤 4: 添加边 ('00588221', '10240082', '_derivationally_related_form'), 当前相似度: 0.9276
2025-07-17 01:56:47,507 - INFO - 步骤 5: 添加边 ('00588221', '00588888', '_hypernym'), 当前相似度: 0.9355
2025-07-17 01:56:47,592 - INFO - 步骤 1: 添加边 ('01149494', '00909363', '_also_see'), 当前相似度: 0.0005
2025-07-17 01:56:47,677 - INFO - 步骤 2: 添加边 ('00909363', '07539367', '_derivationally_related_form'), 当前相似度: 0.9507
2025-07-17 01:56:47,786 - INFO - 步骤 3: 添加边 ('07539367', '07537485', '_hypernym'), 当前相似度: 0.9246
2025-07-17 01:56:47,887 - INFO - 步骤 4: 添加边 ('01149494', '13988663', '_derivationally_related_form'), 当前相似度: 0.9151
2025-07-17 01:56:47,970 - INFO - 步骤 5: 添加边 ('01149494', '07532440', '_derivationally_related_form'), 当前相似度: 0.9486
2025-07-17 01:56:48,024 - INFO - 步骤 1: 添加边 ('02058794', '02523275', '_also_see'), 当前相似度: -0.0232
2025-07-17 01:56:48,075 - INFO - 步骤 2: 添加边 ('02523275', '02058794', '_also_see'), 当前相似度: 0.9569
2025-07-17 01:56:48,128 - INFO - 步骤 3: 添加边 ('01886407', '02523275', '_also_see'), 当前相似度: 0.9500
2025-07-17 01:56:48,183 - INFO - 步骤 4: 添加边 ('01886407', '02094755', '_also_see'), 当前相似度: 0.9440
2025-07-17 01:56:48,259 - INFO - 步骤 5: 添加边 ('02523275', '02360448', '_also_see'), 当前相似度: 0.9342
2025-07-17 01:56:48,323 - INFO - 步骤 1: 添加边 ('02523275', '02058794', '_also_see'), 当前相似度: 0.0009
2025-07-17 01:56:48,392 - INFO - 步骤 2: 添加边 ('02523275', '02360448', '_also_see'), 当前相似度: 0.9646
2025-07-17 01:56:48,466 - INFO - 步骤 3: 添加边 ('02094755', '02523275', '_also_see'), 当前相似度: 0.9462
2025-07-17 01:56:48,528 - INFO - 步骤 4: 添加边 ('02523275', '01886407', '_also_see'), 当前相似度: 0.9469
2025-07-17 01:56:48,595 - INFO - 步骤 5: 添加边 ('02094755', '01886407', '_also_see'), 当前相似度: 0.9367
2025-07-17 01:56:48,655 - INFO - 步骤 1: 添加边 ('02523275', '02094755', '_also_see'), 当前相似度: 0.1090
2025-07-17 01:56:48,748 - INFO - 步骤 2: 添加边 ('02523275', '05042871', '_derivationally_related_form'), 当前相似度: 0.8396
2025-07-17 01:56:48,861 - INFO - 步骤 3: 添加边 ('02523275', '02360448', '_also_see'), 当前相似度: 0.9234
2025-07-17 01:56:48,948 - INFO - 步骤 4: 添加边 ('01886407', '02094755', '_also_see'), 当前相似度: 0.9147
2025-07-17 01:56:49,033 - INFO - 步骤 5: 添加边 ('05042871', '02523275', '_derivationally_related_form'), 当前相似度: 0.8986
2025-07-17 01:56:49,109 - INFO - 步骤 1: 添加边 ('02523275', '02058794', '_also_see'), 当前相似度: 0.0238
2025-07-17 01:56:49,179 - INFO - 步骤 2: 添加边 ('02058794', '02523275', '_also_see'), 当前相似度: 0.9605
2025-07-17 01:56:49,253 - INFO - 步骤 3: 添加边 ('02360448', '01886407', '_also_see'), 当前相似度: 0.9611
2025-07-17 01:56:49,371 - INFO - 步骤 4: 添加边 ('02360448', '02523275', '_also_see'), 当前相似度: 0.9593
2025-07-17 01:56:49,429 - INFO - 步骤 5: 添加边 ('01886407', '02360448', '_also_see'), 当前相似度: 0.9587
2025-07-17 01:56:49,598 - INFO - 步骤 1: 添加边 ('02179279', '01222360', '_also_see'), 当前相似度: -0.0216
2025-07-17 01:56:49,702 - INFO - 步骤 2: 添加边 ('01222360', '02179279', '_also_see'), 当前相似度: 0.9234
2025-07-17 01:56:49,772 - INFO - 步骤 3: 添加边 ('01932973', '02179279', '_also_see'), 当前相似度: 0.9435
2025-07-17 01:56:49,826 - INFO - 步骤 4: 添加边 ('01932973', '02603699', '_derivationally_related_form'), 当前相似度: 0.9106
2025-07-17 01:56:49,889 - INFO - 步骤 5: 添加边 ('02603699', '01932973', '_derivationally_related_form'), 当前相似度: 0.9117
2025-07-17 01:56:49,936 - INFO - 步骤 1: 添加边 ('04872531', '01309991', '_derivationally_related_form'), 当前相似度: 0.0555
2025-07-17 01:56:49,981 - INFO - 步骤 2: 添加边 ('00646413', '02271544', '_also_see'), 当前相似度: 0.9298
2025-07-17 01:56:50,033 - INFO - 步骤 3: 添加边 ('04872531', '04871720', '_hypernym'), 当前相似度: 0.9457
2025-07-17 01:56:50,091 - INFO - 步骤 4: 添加边 ('00763901', '04871720', '_derivationally_related_form'), 当前相似度: 0.9346
2025-07-17 01:56:50,154 - INFO - 步骤 5: 添加边 ('00763901', '01222360', '_also_see'), 当前相似度: 0.9519
2025-07-17 01:56:50,203 - INFO - 步骤 1: 添加边 ('01017987', '00781000', '_derivationally_related_form'), 当前相似度: 0.0106
2025-07-17 01:56:50,245 - INFO - 步骤 2: 添加边 ('00781000', '01017987', '_derivationally_related_form'), 当前相似度: 0.9355
2025-07-17 01:56:50,300 - INFO - 步骤 3: 添加边 ('01017987', '01995549', '_derivationally_related_form'), 当前相似度: 0.9627
2025-07-17 01:56:50,358 - INFO - 步骤 4: 添加边 ('02679899', '01995549', '_verb_group'), 当前相似度: 0.9733
2025-07-17 01:56:50,420 - INFO - 步骤 5: 添加边 ('01995549', '01017987', '_derivationally_related_form'), 当前相似度: 0.9350
2025-07-17 01:56:50,471 - INFO - 步骤 1: 添加边 ('01835496', '00279835', '_derivationally_related_form'), 当前相似度: -0.0587
2025-07-17 01:56:50,518 - INFO - 步骤 2: 添加边 ('02051694', '01835496', '_hypernym'), 当前相似度: 0.9733
2025-07-17 01:56:50,572 - INFO - 步骤 3: 添加边 ('00279835', '01835496', '_derivationally_related_form'), 当前相似度: 0.8737
2025-07-17 01:56:50,612 - INFO - 步骤 4: 添加边 ('00279835', '00191142', '_hypernym'), 当前相似度: 0.9386
2025-07-17 01:56:50,679 - INFO - 步骤 5: 添加边 ('02051694', '10404672', '_derivationally_related_form'), 当前相似度: 0.9623
2025-07-17 01:56:50,734 - INFO - 步骤 1: 添加边 ('01970646', '01970826', '_hypernym'), 当前相似度: -0.0029
2025-07-17 01:56:50,800 - INFO - 步骤 2: 添加边 ('01971603', '01970826', '_hypernym'), 当前相似度: 0.9077
2025-07-17 01:56:50,872 - INFO - 步骤 3: 添加边 ('01970826', '01989053', '_also_see'), 当前相似度: 0.9209
2025-07-17 01:56:50,950 - INFO - 步骤 4: 添加边 ('01989053', '01989562', '_verb_group'), 当前相似度: 0.9488
2025-07-17 01:56:51,034 - INFO - 步骤 5: 添加边 ('01989053', '07477945', '_derivationally_related_form'), 当前相似度: 0.9179
2025-07-17 01:56:51,091 - INFO - 步骤 1: 添加边 ('07370671', '01968569', '_derivationally_related_form'), 当前相似度: -0.0892
2025-07-17 01:56:51,137 - INFO - 步骤 2: 添加边 ('01968569', '07370671', '_derivationally_related_form'), 当前相似度: 0.9447
2025-07-17 01:56:51,188 - INFO - 步骤 3: 添加边 ('01968569', '01835496', '_hypernym'), 当前相似度: 0.9466
2025-07-17 01:56:51,236 - INFO - 步骤 4: 添加边 ('07370671', '01973759', '_derivationally_related_form'), 当前相似度: 0.9346
2025-07-17 01:56:51,302 - INFO - 步骤 5: 添加边 ('01973759', '01850315', '_hypernym'), 当前相似度: 0.9348
2025-07-17 01:56:51,359 - INFO - 步骤 1: 添加边 ('02073714', '09755241', '_derivationally_related_form'), 当前相似度: -0.0454
2025-07-17 01:56:51,405 - INFO - 步骤 2: 添加边 ('09755241', '02073714', '_derivationally_related_form'), 当前相似度: 0.9286
2025-07-17 01:56:51,448 - INFO - 步骤 3: 添加边 ('01835496', '00781000', '_also_see'), 当前相似度: 0.9076
2025-07-17 01:56:51,507 - INFO - 步骤 4: 添加边 ('05051896', '00781000', '_derivationally_related_form'), 当前相似度: 0.9171
2025-07-17 01:56:51,567 - INFO - 步骤 5: 添加边 ('00055633', '02073714', '_derivationally_related_form'), 当前相似度: 0.9485
2025-07-17 01:56:51,611 - INFO - 步骤 1: 添加边 ('01887576', '02072849', '_also_see'), 当前相似度: -0.0151
2025-07-17 01:56:51,665 - INFO - 步骤 2: 添加边 ('02073065', '02072849', '_hypernym'), 当前相似度: 0.9568
2025-07-17 01:56:51,711 - INFO - 步骤 3: 添加边 ('15271417', '02072849', '_derivationally_related_form'), 当前相似度: 0.9443
2025-07-17 01:56:51,772 - INFO - 步骤 4: 添加边 ('01886488', '02072849', '_also_see'), 当前相似度: 0.9423
2025-07-17 01:56:51,839 - INFO - 步骤 5: 添加边 ('02072849', '15271417', '_derivationally_related_form'), 当前相似度: 0.9249
2025-07-17 01:56:51,888 - INFO - 步骤 1: 添加边 ('01835496', '00781000', '_also_see'), 当前相似度: -0.0052
2025-07-17 01:56:51,934 - INFO - 步骤 2: 添加边 ('01017987', '00781000', '_derivationally_related_form'), 当前相似度: 0.9367
2025-07-17 01:56:51,985 - INFO - 步骤 3: 添加边 ('05051896', '00781000', '_derivationally_related_form'), 当前相似度: 0.9687
2025-07-17 01:56:52,036 - INFO - 步骤 4: 添加边 ('00969873', '05088324', '_derivationally_related_form'), 当前相似度: 0.9647
