2025-06-30 23:20:48,610 - INFO - StructMatch系统初始化完成
2025-06-30 23:20:48,612 - INFO - 开始加载数据...
2025-06-30 23:20:48,612 - INFO - 成功加载知识图谱: 9个实体, 3种关系, 12个三元组
2025-06-30 23:20:48,613 - INFO - 成功加载3条规则
2025-06-30 23:20:48,613 - INFO - 数据加载完成
2025-06-30 23:20:48,613 - INFO - 开始批量匹配，共4个anchor
2025-06-30 23:20:48,614 - INFO - 处理第1/4个anchor
2025-06-30 23:20:48,614 - INFO - 开始处理anchor: ('A', 'friendOf', 'B')
2025-06-30 23:20:48,664 - ERROR - 子图扩展失败: attempted relative import beyond top-level package
2025-06-30 23:20:48,666 - INFO - 处理第2/4个anchor
2025-06-30 23:20:48,666 - INFO - 开始处理anchor: ('B', 'worksWith', 'D')
2025-06-30 23:20:48,670 - ERROR - 子图扩展失败: attempted relative import beyond top-level package
2025-06-30 23:20:48,671 - INFO - 处理第3/4个anchor
2025-06-30 23:20:48,671 - INFO - 开始处理anchor: ('E', 'friendOf', 'F')
2025-06-30 23:20:48,676 - ERROR - 子图扩展失败: attempted relative import beyond top-level package
2025-06-30 23:20:48,677 - INFO - 处理第4/4个anchor
2025-06-30 23:20:48,677 - INFO - 开始处理anchor: ('A', 'livesIn', 'Tokyo')
2025-06-30 23:20:48,685 - ERROR - 子图扩展失败: attempted relative import beyond top-level package
2025-06-30 23:20:48,685 - INFO - 批量匹配完成: 0/4 成功匹配
2025-06-30 23:20:48,688 - INFO - 结果已保存到: results.json
