2025-07-17 01:35:35,170 - INFO - 成功加载预训练embedding
2025-07-17 01:35:35,297 - INFO - StructMatch系统初始化完成（集成语义增强）
2025-07-17 01:35:35,298 - INFO - 开始加载数据...
2025-07-17 01:35:36,748 - INFO - 成功加载知识图谱: 40559个实体, 11种关系, 86835个三元组
2025-07-17 01:35:36,750 - INFO - 成功加载2条规则
2025-07-17 01:35:36,751 - INFO - 数据加载完成
2025-07-17 01:35:36,760 - INFO - 收集规则第一个谓词对应的anchor: _also_see
2025-07-17 01:35:36,916 - INFO - 收集到 1299 个anchor
2025-07-17 01:35:36,916 - INFO - 开始批量匹配，共1299个anchor
2025-07-17 01:35:36,917 - INFO - 处理第1/1299个anchor
2025-07-17 01:35:36,990 - INFO - 步骤 1: 添加边 ('01974062', '09206985', '_derivationally_related_form'), 当前相似度: 0.2848
2025-07-17 01:35:37,080 - INFO - 步骤 2: 添加边 ('01976089', '01974062', '_hypernym'), 当前相似度: 0.9430
2025-07-17 01:35:37,133 - INFO - 步骤 3: 添加边 ('02037989', '09206985', '_derivationally_related_form'), 当前相似度: 0.9388
2025-07-17 01:35:37,196 - INFO - 步骤 4: 添加边 ('01380638', '01976089', '_also_see'), 当前相似度: 0.9531
2025-07-17 01:35:37,263 - INFO - 步骤 5: 添加边 ('01921964', '09206985', '_derivationally_related_form'), 当前相似度: 0.9524
2025-07-17 01:35:37,326 - INFO - 步骤 1: 添加边 ('01698271', '00929718', '_derivationally_related_form'), 当前相似度: 0.4167
2025-07-17 01:35:37,382 - INFO - 步骤 2: 添加边 ('01704452', '00929718', '_synset_domain_topic_of'), 当前相似度: 0.9248
2025-07-17 01:35:37,449 - INFO - 步骤 3: 添加边 ('10794014', '01704452', '_derivationally_related_form'), 当前相似度: 0.9356
2025-07-17 01:35:37,518 - INFO - 步骤 4: 添加边 ('10794014', '09610660', '_hypernym'), 当前相似度: 0.9308
2025-07-17 01:35:37,602 - INFO - 步骤 5: 添加边 ('09610660', '00007846', '_hypernym'), 当前相似度: 0.9544
2025-07-17 01:35:37,661 - INFO - 步骤 1: 添加边 ('00155143', '00230746', '_hypernym'), 当前相似度: 0.3264
2025-07-17 01:35:37,741 - INFO - 步骤 2: 添加边 ('00310386', '00230746', '_hypernym'), 当前相似度: 0.9326
2025-07-17 01:35:37,832 - INFO - 步骤 3: 添加边 ('00230746', '13497135', '_derivationally_related_form'), 当前相似度: 0.9402
2025-07-17 01:35:37,917 - INFO - 步骤 4: 添加边 ('02077148', '00230746', '_hypernym'), 当前相似度: 0.9588
2025-07-17 01:35:38,004 - INFO - 步骤 5: 添加边 ('00252019', '00230746', '_hypernym'), 当前相似度: 0.9412
2025-07-17 01:35:38,078 - INFO - 步骤 1: 添加边 ('01460785', '01460029', '_hypernym'), 当前相似度: 0.3790
2025-07-17 01:35:38,158 - INFO - 步骤 2: 添加边 ('01460937', '01460029', '_hypernym'), 当前相似度: 0.9426
2025-07-17 01:35:38,240 - INFO - 步骤 3: 添加边 ('01460029', '01254051', '_derivationally_related_form'), 当前相似度: 0.8735
2025-07-17 01:35:38,354 - INFO - 步骤 4: 添加边 ('01254051', '01460937', '_derivationally_related_form'), 当前相似度: 0.9114
2025-07-17 01:35:38,662 - INFO - 步骤 5: 添加边 ('01254051', '01254253', '_hypernym'), 当前相似度: 0.9011
2025-07-17 01:35:38,734 - INFO - 步骤 1: 添加边 ('01410223', '10178216', '_derivationally_related_form'), 当前相似度: 0.4233
2025-07-17 01:35:38,797 - INFO - 步骤 2: 添加边 ('10276045', '01258302', '_derivationally_related_form'), 当前相似度: 0.9143
2025-07-17 01:35:38,858 - INFO - 步骤 3: 添加边 ('01258642', '01258302', '_hypernym'), 当前相似度: 0.8859
2025-07-17 01:35:38,927 - INFO - 步骤 4: 添加边 ('01410223', '04337740', '_derivationally_related_form'), 当前相似度: 0.9130
2025-07-17 01:35:39,001 - INFO - 步骤 5: 添加边 ('10276045', '10241300', '_hypernym'), 当前相似度: 0.9057
2025-07-17 01:35:39,048 - INFO - 步骤 1: 添加边 ('04826999', '01783158', '_derivationally_related_form'), 当前相似度: 0.3395
2025-07-17 01:35:39,097 - INFO - 步骤 2: 添加边 ('01783158', '04826999', '_derivationally_related_form'), 当前相似度: 0.8954
2025-07-17 01:35:39,140 - INFO - 步骤 3: 添加边 ('01781478', '04826771', '_derivationally_related_form'), 当前相似度: 0.8552
2025-07-17 01:35:39,184 - INFO - 步骤 4: 添加边 ('04826771', '01781478', '_derivationally_related_form'), 当前相似度: 0.9236
2025-07-17 01:35:39,243 - INFO - 步骤 5: 添加边 ('04827175', '04826999', '_hypernym'), 当前相似度: 0.9039
2025-07-17 01:35:39,290 - INFO - 步骤 1: 添加边 ('01781478', '04826771', '_derivationally_related_form'), 当前相似度: 0.3529
2025-07-17 01:35:39,341 - INFO - 步骤 2: 添加边 ('02513269', '00360650', '_also_see'), 当前相似度: 0.9227
2025-07-17 01:35:39,391 - INFO - 步骤 3: 添加边 ('02513269', '01129977', '_also_see'), 当前相似度: 0.9331
2025-07-17 01:35:39,449 - INFO - 步骤 4: 添加边 ('04826771', '04826235', '_hypernym'), 当前相似度: 0.9458
2025-07-17 01:35:39,516 - INFO - 步骤 5: 添加边 ('01548193', '02513269', '_also_see'), 当前相似度: 0.9343
2025-07-17 01:35:39,558 - INFO - 步骤 1: 添加边 ('09998101', '02578235', '_derivationally_related_form'), 当前相似度: 0.3213
2025-07-17 01:35:39,603 - INFO - 步骤 2: 添加边 ('10549925', '09998101', '_hypernym'), 当前相似度: 0.9652
2025-07-17 01:35:39,659 - INFO - 步骤 3: 添加边 ('10201535', '09998101', '_hypernym'), 当前相似度: 0.9627
2025-07-17 01:35:39,713 - INFO - 步骤 4: 添加边 ('09998101', '02574516', '_derivationally_related_form'), 当前相似度: 0.9663
2025-07-17 01:35:39,784 - INFO - 步骤 5: 添加边 ('10076957', '09998101', '_hypernym'), 当前相似度: 0.9671
2025-07-17 01:35:39,829 - INFO - 步骤 1: 添加边 ('02578235', '01781478', '_also_see'), 当前相似度: 0.3153
2025-07-17 01:35:39,877 - INFO - 步骤 2: 添加边 ('02578235', '02573275', '_hypernym'), 当前相似度: 0.9336
2025-07-17 01:35:39,935 - INFO - 步骤 3: 添加边 ('01781478', '02578235', '_also_see'), 当前相似度: 0.9110
2025-07-17 01:35:39,993 - INFO - 步骤 4: 添加边 ('02578235', '00754118', '_derivationally_related_form'), 当前相似度: 0.9363
2025-07-17 01:35:40,058 - INFO - 步骤 5: 添加边 ('02288656', '02573275', '_hypernym'), 当前相似度: 0.9125
2025-07-17 01:35:40,108 - INFO - 步骤 1: 添加边 ('01695567', '00933420', '_synset_domain_topic_of'), 当前相似度: 0.2949
2025-07-17 01:35:40,156 - INFO - 步骤 2: 添加边 ('04682018', '01695567', '_derivationally_related_form'), 当前相似度: 0.9272
2025-07-17 01:35:40,205 - INFO - 步骤 3: 添加边 ('01686956', '00933420', '_synset_domain_topic_of'), 当前相似度: 0.9576
2025-07-17 01:35:40,264 - INFO - 步骤 4: 添加边 ('01490336', '00452512', '_hypernym'), 当前相似度: 0.9346
2025-07-17 01:35:40,329 - INFO - 步骤 5: 添加边 ('00452512', '01194938', '_also_see'), 当前相似度: 0.9345
2025-07-17 01:35:40,382 - INFO - 步骤 1: 添加边 ('01194938', '05268965', '_derivationally_related_form'), 当前相似度: 0.3248
2025-07-17 01:35:40,433 - INFO - 步骤 2: 添加边 ('05268965', '05267548', '_hypernym'), 当前相似度: 0.9211
2025-07-17 01:35:40,483 - INFO - 步骤 3: 添加边 ('05268965', '01194938', '_derivationally_related_form'), 当前相似度: 0.9379
2025-07-17 01:35:40,543 - INFO - 步骤 4: 添加边 ('05522283', '05268965', '_hypernym'), 当前相似度: 0.9503
2025-07-17 01:35:40,611 - INFO - 步骤 5: 添加边 ('00452512', '14868243', '_derivationally_related_form'), 当前相似度: 0.9373
2025-07-17 01:35:40,663 - INFO - 步骤 1: 添加边 ('01718867', '05557839', '_derivationally_related_form'), 当前相似度: 0.4345
2025-07-17 01:35:40,714 - INFO - 步骤 2: 添加边 ('00612114', '01718867', '_also_see'), 当前相似度: 0.8804
2025-07-17 01:35:40,763 - INFO - 步骤 3: 添加边 ('05557839', '01718867', '_derivationally_related_form'), 当前相似度: 0.9335
2025-07-17 01:35:40,812 - INFO - 步骤 4: 添加边 ('00612114', '00146572', '_derivationally_related_form'), 当前相似度: 0.9327
2025-07-17 01:35:40,871 - INFO - 步骤 5: 添加边 ('01718867', '00612652', '_also_see'), 当前相似度: 0.9451
2025-07-17 01:35:40,917 - INFO - 步骤 1: 添加边 ('05557839', '01718867', '_derivationally_related_form'), 当前相似度: 0.3553
2025-07-17 01:35:40,978 - INFO - 步骤 2: 添加边 ('00612652', '01718867', '_also_see'), 当前相似度: 0.9461
2025-07-17 01:35:41,034 - INFO - 步骤 3: 添加边 ('01004072', '00612652', '_derivationally_related_form'), 当前相似度: 0.9439
2025-07-17 01:35:41,095 - INFO - 步骤 4: 添加边 ('02032415', '01004072', '_derivationally_related_form'), 当前相似度: 0.9453
2025-07-17 01:35:41,170 - INFO - 步骤 5: 添加边 ('01004072', '02032415', '_derivationally_related_form'), 当前相似度: 0.9590
2025-07-17 01:35:41,222 - INFO - 步骤 1: 添加边 ('05557839', '01718867', '_derivationally_related_form'), 当前相似度: 0.2820
2025-07-17 01:35:41,272 - INFO - 步骤 2: 添加边 ('01718867', '05557839', '_derivationally_related_form'), 当前相似度: 0.8871
2025-07-17 01:35:41,327 - INFO - 步骤 3: 添加边 ('00612114', '07414740', '_derivationally_related_form'), 当前相似度: 0.9320
2025-07-17 01:35:41,381 - INFO - 步骤 4: 添加边 ('07414922', '07414740', '_hypernym'), 当前相似度: 0.9225
2025-07-17 01:35:41,438 - INFO - 步骤 5: 添加边 ('07414922', '02023107', '_derivationally_related_form'), 当前相似度: 0.9193
2025-07-17 01:35:41,485 - INFO - 步骤 1: 添加边 ('00631391', '00021766', '_also_see'), 当前相似度: 0.3770
2025-07-17 01:35:41,538 - INFO - 步骤 2: 添加边 ('01878466', '00631391', '_also_see'), 当前相似度: 0.9487
2025-07-17 01:35:41,585 - INFO - 步骤 3: 添加边 ('00021766', '01837744', '_also_see'), 当前相似度: 0.9672
2025-07-17 01:35:41,638 - INFO - 步骤 4: 添加边 ('02034828', '01878466', '_also_see'), 当前相似度: 0.9660
2025-07-17 01:35:41,696 - INFO - 步骤 5: 添加边 ('01837744', '04821451', '_derivationally_related_form'), 当前相似度: 0.9600
2025-07-17 01:35:41,746 - INFO - 步骤 1: 添加边 ('01878466', '00631391', '_also_see'), 当前相似度: 0.3511
