2025-07-17 05:03:53,368 - INFO - 成功加载预训练embedding
2025-07-17 05:03:53,503 - INFO - StructMatch系统初始化完成（集成语义增强）
2025-07-17 05:03:53,504 - INFO - 开始加载数据...
2025-07-17 05:03:55,042 - INFO - 成功加载知识图谱: 40559个实体, 11种关系, 86835个三元组
2025-07-17 05:03:55,043 - INFO - 成功加载2条规则
2025-07-17 05:03:55,044 - INFO - 数据加载完成
2025-07-17 05:03:55,054 - INFO - 收集规则第一个谓词对应的anchor: _also_see
2025-07-17 05:03:55,247 - INFO - 收集到 1299 个anchor
2025-07-17 05:03:55,247 - INFO - 开始批量匹配，共1299个anchor
2025-07-17 05:03:55,248 - INFO - 处理第1/1299个anchor
2025-07-17 05:03:55,447 - INFO - 匹配成功: anchor ('01974062', '_also_see', '01976089'), 得分: 0.8932
2025-07-17 05:03:55,568 - INFO - 匹配成功: anchor ('01698271', '_also_see', '01754576'), 得分: 0.8737
2025-07-17 05:03:55,687 - INFO - 匹配成功: anchor ('00230746', '_also_see', '02540347'), 得分: 0.8693
2025-07-17 05:03:55,808 - INFO - 匹配成功: anchor ('01460029', '_also_see', '00677544'), 得分: 0.8804
2025-07-17 05:03:55,955 - INFO - 匹配成功: anchor ('01410223', '_also_see', '01258302'), 得分: 0.8824
2025-07-17 05:03:56,108 - INFO - 匹配成功: anchor ('01781478', '_also_see', '01783158'), 得分: 0.9210
2025-07-17 05:03:56,260 - INFO - 匹配成功: anchor ('01781478', '_also_see', '02513269'), 得分: 0.9029
2025-07-17 05:03:56,589 - INFO - 匹配成功: anchor ('01781478', '_also_see', '02578235'), 得分: 0.9203
2025-07-17 05:03:56,713 - INFO - 匹配成功: anchor ('01781478', '_also_see', '02055062'), 得分: 0.8921
2025-07-17 05:03:56,916 - INFO - 匹配成功: anchor ('00452512', '_also_see', '01695567'), 得分: 0.8524
2025-07-17 05:03:57,160 - INFO - 匹配成功: anchor ('00452512', '_also_see', '01194938'), 得分: 0.9055
2025-07-17 05:03:57,360 - INFO - 匹配成功: anchor ('01718867', '_also_see', '00612114'), 得分: 0.7805
2025-07-17 05:03:57,542 - INFO - 匹配成功: anchor ('01718867', '_also_see', '00612652'), 得分: 0.8595
2025-07-17 05:03:57,850 - INFO - 匹配成功: anchor ('00612114', '_also_see', '01718867'), 得分: 0.8653
2025-07-17 05:03:57,959 - INFO - 匹配成功: anchor ('00631391', '_also_see', '01878466'), 得分: 0.8926
2025-07-17 05:03:58,052 - INFO - 匹配成功: anchor ('00631391', '_also_see', '00021766'), 得分: 0.8600
2025-07-17 05:03:58,148 - INFO - 匹配成功: anchor ('01878466', '_also_see', '02034828'), 得分: 0.8863
2025-07-17 05:03:58,243 - INFO - 匹配成功: anchor ('01878466', '_also_see', '00631391'), 得分: 0.9003
2025-07-17 05:03:58,332 - INFO - 匹配成功: anchor ('00051045', '_also_see', '02080577'), 得分: 0.8841
2025-07-17 05:03:58,427 - INFO - 匹配成功: anchor ('00628491', '_also_see', '00630380'), 得分: 0.9018
2025-07-17 05:03:58,520 - INFO - 匹配成功: anchor ('00628491', '_also_see', '01634142'), 得分: 0.8987
2025-07-17 05:03:58,587 - INFO - 匹配成功: anchor ('00246217', '_also_see', '01139623'), 得分: 0.8904
2025-07-17 05:03:58,677 - INFO - 匹配成功: anchor ('02649830', '_also_see', '01177505'), 得分: 0.8910
2025-07-17 05:03:58,769 - INFO - 匹配成功: anchor ('02649830', '_also_see', '01177314'), 得分: 0.8638
2025-07-17 05:03:58,867 - INFO - 匹配成功: anchor ('01637633', '_also_see', '01634142'), 得分: 0.8496
2025-07-17 05:03:58,953 - INFO - 匹配成功: anchor ('01907258', '_also_see', '02034300'), 得分: 0.8918
2025-07-17 05:03:59,050 - INFO - 匹配成功: anchor ('01907258', '_also_see', '00897564'), 得分: 0.8974
2025-07-17 05:03:59,139 - INFO - 匹配成功: anchor ('00931555', '_also_see', '00604617'), 得分: 0.8903
2025-07-17 05:03:59,228 - INFO - 匹配成功: anchor ('00931555', '_also_see', '00064479'), 得分: 0.8705
2025-07-17 05:03:59,326 - INFO - 匹配成功: anchor ('00931555', '_also_see', '02495922'), 得分: 0.8832
2025-07-17 05:03:59,411 - INFO - 匹配成功: anchor ('00604617', '_also_see', '00019131'), 得分: 0.8986
2025-07-17 05:03:59,495 - INFO - 匹配成功: anchor ('00604617', '_also_see', '00931555'), 得分: 0.8850
2025-07-17 05:03:59,578 - INFO - 匹配成功: anchor ('01672607', '_also_see', '00485711'), 得分: 0.8703
2025-07-17 05:03:59,658 - INFO - 匹配成功: anchor ('00485711', '_also_see', '01672607'), 得分: 0.8585
2025-07-17 05:03:59,731 - INFO - 匹配成功: anchor ('01239619', '_also_see', '01240308'), 得分: 0.8987
2025-07-17 05:03:59,811 - INFO - 匹配成功: anchor ('01725712', '_also_see', '01256332'), 得分: 0.8779
2025-07-17 05:03:59,897 - INFO - 匹配成功: anchor ('01725712', '_also_see', '00853776'), 得分: 0.8976
2025-07-17 05:03:59,969 - INFO - 匹配成功: anchor ('01256332', '_also_see', '01725712'), 得分: 0.8600
2025-07-17 05:04:00,074 - INFO - 匹配成功: anchor ('00637259', '_also_see', '00634906'), 得分: 0.8849
2025-07-17 05:04:00,168 - INFO - 匹配成功: anchor ('00637259', '_also_see', '00712708'), 得分: 0.8737
2025-07-17 05:04:00,266 - INFO - 匹配成功: anchor ('00532892', '_also_see', '00428404'), 得分: 0.9047
2025-07-17 05:04:00,375 - INFO - 匹配成功: anchor ('00589624', '_also_see', '01149494'), 得分: 0.9157
2025-07-17 05:04:00,481 - INFO - 匹配成功: anchor ('02523275', '_also_see', '01886407'), 得分: 0.8772
2025-07-17 05:04:00,585 - INFO - 匹配成功: anchor ('02523275', '_also_see', '02094755'), 得分: 0.8946
2025-07-17 05:04:00,817 - INFO - 匹配成功: anchor ('02523275', '_also_see', '02058794'), 得分: 0.8976
2025-07-17 05:04:00,902 - INFO - 匹配成功: anchor ('02523275', '_also_see', '02360448'), 得分: 0.8677
2025-07-17 05:04:00,986 - INFO - 匹配成功: anchor ('01309991', '_also_see', '02179279'), 得分: 0.8762
2025-07-17 05:04:01,074 - INFO - 匹配成功: anchor ('01309991', '_also_see', '02271544'), 得分: 0.8901
2025-07-17 05:04:01,166 - INFO - 匹配成功: anchor ('01835496', '_also_see', '00781000'), 得分: 0.8924
2025-07-17 05:04:01,258 - INFO - 匹配成功: anchor ('01835496', '_also_see', '02051694'), 得分: 0.8874
2025-07-17 05:04:01,352 - INFO - 匹配成功: anchor ('01835496', '_also_see', '01970646'), 得分: 0.9126
2025-07-17 05:04:01,451 - INFO - 匹配成功: anchor ('01835496', '_also_see', '01968569'), 得分: 0.9058
2025-07-17 05:04:01,543 - INFO - 匹配成功: anchor ('01835496', '_also_see', '02073714'), 得分: 0.8736
2025-07-17 05:04:01,637 - INFO - 匹配成功: anchor ('01835496', '_also_see', '02072849'), 得分: 0.8985
2025-07-17 05:04:01,732 - INFO - 匹配成功: anchor ('01835496', '_also_see', '00969873'), 得分: 0.9050
2025-07-17 05:04:01,824 - INFO - 匹配成功: anchor ('01835496', '_also_see', '01970826'), 得分: 0.9020
2025-07-17 05:04:01,918 - INFO - 匹配成功: anchor ('01835496', '_also_see', '01921964'), 得分: 0.9030
2025-07-17 05:04:02,008 - INFO - 匹配成功: anchor ('01835496', '_also_see', '01989873'), 得分: 0.8728
2025-07-17 05:04:02,086 - INFO - 匹配成功: anchor ('02569130', '_also_see', '01898129'), 得分: 0.8550
2025-07-17 05:04:02,167 - INFO - 匹配成功: anchor ('00503982', '_also_see', '00889831'), 得分: 0.8804
2025-07-17 05:04:02,259 - INFO - 匹配成功: anchor ('00889831', '_also_see', '00503982'), 得分: 0.9008
2025-07-17 05:04:02,342 - INFO - 匹配成功: anchor ('00889831', '_also_see', '02062670'), 得分: 0.8364
2025-07-17 05:04:02,431 - INFO - 匹配成功: anchor ('01921964', '_also_see', '01923414'), 得分: 0.8886
2025-07-17 05:04:02,525 - INFO - 匹配成功: anchor ('01921964', '_also_see', '01978576'), 得分: 0.9080
2025-07-17 05:04:02,621 - INFO - 匹配成功: anchor ('02531422', '_also_see', '01076793'), 得分: 0.8914
2025-07-17 05:04:02,709 - INFO - 匹配成功: anchor ('02531422', '_also_see', '01257612'), 得分: 0.8846
2025-07-17 05:04:02,810 - INFO - 匹配成功: anchor ('02531422', '_also_see', '00856860'), 得分: 0.8956
2025-07-17 05:04:02,910 - INFO - 匹配成功: anchor ('02531422', '_also_see', '00087152'), 得分: 0.8980
2025-07-17 05:04:03,005 - INFO - 匹配成功: anchor ('01076793', '_also_see', '00561036'), 得分: 0.8710
2025-07-17 05:04:03,102 - INFO - 匹配成功: anchor ('01076793', '_also_see', '02531422'), 得分: 0.8427
2025-07-17 05:04:03,196 - INFO - 匹配成功: anchor ('01076793', '_also_see', '02258600'), 得分: 0.8661
2025-07-17 05:04:03,290 - INFO - 匹配成功: anchor ('01076793', '_also_see', '01244410'), 得分: 0.8693
2025-07-17 05:04:03,386 - INFO - 匹配成功: anchor ('01497736', '_also_see', '02164402'), 得分: 0.8808
2025-07-17 05:04:03,490 - INFO - 匹配成功: anchor ('01497736', '_also_see', '01279978'), 得分: 0.8919
2025-07-17 05:04:03,739 - INFO - 匹配成功: anchor ('01950798', '_also_see', '01955508'), 得分: 0.8979
2025-07-17 05:04:03,839 - INFO - 匹配成功: anchor ('01950798', '_also_see', '01955127'), 得分: 0.8643
2025-07-17 05:04:03,937 - INFO - 匹配成功: anchor ('00744916', '_also_see', '01155354'), 得分: 0.8857
2025-07-17 05:04:04,039 - INFO - 匹配成功: anchor ('02123672', '_also_see', '02126022'), 得分: 0.8461
2025-07-17 05:04:04,117 - INFO - 匹配成功: anchor ('00417413', '_also_see', '02422685'), 得分: 0.8969
2025-07-17 05:04:04,210 - INFO - 匹配成功: anchor ('00417413', '_also_see', '02115324'), 得分: 0.8703
2025-07-17 05:04:04,291 - INFO - 匹配成功: anchor ('02422685', '_also_see', '00417413'), 得分: 0.8799
2025-07-17 05:04:04,388 - INFO - 匹配成功: anchor ('02392878', '_also_see', '00849357'), 得分: 0.8926
2025-07-17 05:04:04,482 - INFO - 匹配成功: anchor ('01370590', '_also_see', '02035337'), 得分: 0.8701
2025-07-17 05:04:04,577 - INFO - 匹配成功: anchor ('01370590', '_also_see', '00957176'), 得分: 0.8343
2025-07-17 05:04:04,681 - INFO - 匹配成功: anchor ('01370590', '_also_see', '01227137'), 得分: 0.8606
2025-07-17 05:04:04,784 - INFO - 匹配成功: anchor ('01370590', '_also_see', '02037272'), 得分: 0.8660
2025-07-17 05:04:04,893 - INFO - 匹配成功: anchor ('02035337', '_also_see', '01131043'), 得分: 0.9122
2025-07-17 05:04:04,992 - INFO - 匹配成功: anchor ('02035337', '_also_see', '02513740'), 得分: 0.9194
2025-07-17 05:04:05,078 - INFO - 匹配成功: anchor ('02035337', '_also_see', '01880531'), 得分: 0.9007
2025-07-17 05:04:05,162 - INFO - 匹配成功: anchor ('02035337', '_also_see', '01549291'), 得分: 0.8384
2025-07-17 05:04:05,241 - INFO - 匹配成功: anchor ('02035337', '_also_see', '01370590'), 得分: 0.8609
2025-07-17 05:04:05,327 - INFO - 匹配成功: anchor ('02137132', '_also_see', '02141973'), 得分: 0.8829
2025-07-17 05:04:05,422 - INFO - 匹配成功: anchor ('01970826', '_also_see', '01989053'), 得分: 0.8853
2025-07-17 05:04:05,513 - INFO - 匹配成功: anchor ('02446651', '_also_see', '00828779'), 得分: 0.8873
2025-07-17 05:04:05,608 - INFO - 匹配成功: anchor ('02341266', '_also_see', '00227507'), 得分: 0.9146
2025-07-17 05:04:05,696 - INFO - 匹配成功: anchor ('00788821', '_also_see', '00156839'), 得分: 0.8917
2025-07-17 05:04:05,790 - INFO - 匹配成功: anchor ('00788821', '_also_see', '01892953'), 得分: 0.8670
2025-07-17 05:04:05,892 - INFO - 匹配成功: anchor ('00788821', '_also_see', '01612053'), 得分: 0.9161
2025-07-17 05:04:05,997 - INFO - 匹配成功: anchor ('02504131', '_also_see', '00583990'), 得分: 0.9207
2025-07-17 05:04:06,084 - INFO - 匹配成功: anchor ('01925372', '_also_see', '01430111'), 得分: 0.8608
2025-07-17 05:04:06,085 - INFO - 处理第101/1299个anchor
2025-07-17 05:04:06,170 - INFO - 匹配成功: anchor ('01925372', '_also_see', '01943406'), 得分: 0.8726
2025-07-17 05:04:06,257 - INFO - 匹配成功: anchor ('01837744', '_also_see', '00021766'), 得分: 0.8860
2025-07-17 05:04:06,351 - INFO - 匹配成功: anchor ('01837744', '_also_see', '00779374'), 得分: 0.9129
2025-07-17 05:04:06,603 - INFO - 匹配成功: anchor ('00021766', '_also_see', '01837744'), 得分: 0.8213
2025-07-17 05:04:06,704 - INFO - 匹配成功: anchor ('00021766', '_also_see', '00631391'), 得分: 0.8852
2025-07-17 05:04:06,804 - INFO - 匹配成功: anchor ('00021766', '_also_see', '00914421'), 得分: 0.8537
2025-07-17 05:04:06,913 - INFO - 匹配成功: anchor ('01460421', '_also_see', '01624633'), 得分: 0.9263
2025-07-17 05:04:07,019 - INFO - 匹配成功: anchor ('01516534', '_also_see', '01352996'), 得分: 0.9280
2025-07-17 05:04:07,122 - INFO - 匹配成功: anchor ('01090335', '_also_see', '01131197'), 得分: 0.9180
2025-07-17 05:04:07,237 - INFO - 匹配成功: anchor ('02230990', '_also_see', '02238462'), 得分: 0.8993
2025-07-17 05:04:07,335 - INFO - 匹配成功: anchor ('02578235', '_also_see', '01781478'), 得分: 0.8997
2025-07-17 05:04:07,447 - INFO - 匹配成功: anchor ('02578235', '_also_see', '02271544'), 得分: 0.9017
2025-07-17 05:04:07,545 - INFO - 匹配成功: anchor ('02251743', '_also_see', '02352019'), 得分: 0.8776
2025-07-17 05:04:07,659 - INFO - 匹配成功: anchor ('02251743', '_also_see', '02301502'), 得分: 0.9024
2025-07-17 05:04:07,769 - INFO - 匹配成功: anchor ('02251743', '_also_see', '02215506'), 得分: 0.8435
2025-07-17 05:04:07,862 - INFO - 匹配成功: anchor ('02251743', '_also_see', '02284803'), 得分: 0.8654
2025-07-17 05:04:07,960 - INFO - 匹配成功: anchor ('00941990', '_also_see', '00916123'), 得分: 0.8896
2025-07-17 05:04:08,065 - INFO - 匹配成功: anchor ('00941990', '_also_see', '01051956'), 得分: 0.8603
2025-07-17 05:04:08,163 - INFO - 匹配成功: anchor ('01888295', '_also_see', '02076027'), 得分: 0.8704
2025-07-17 05:04:08,265 - INFO - 匹配成功: anchor ('01888295', '_also_see', '02072849'), 得分: 0.9269
2025-07-17 05:04:08,389 - INFO - 匹配成功: anchor ('02399331', '_also_see', '02482425'), 得分: 0.9071
2025-07-17 05:04:08,489 - INFO - 匹配成功: anchor ('02180797', '_also_see', '02461723'), 得分: 0.9250
2025-07-17 05:04:08,586 - INFO - 匹配成功: anchor ('02180797', '_also_see', '01116380'), 得分: 0.8699
2025-07-17 05:04:08,686 - INFO - 匹配成功: anchor ('02180797', '_also_see', '01934554'), 得分: 0.8854
2025-07-17 05:04:08,796 - INFO - 匹配成功: anchor ('02180797', '_also_see', '01222884'), 得分: 0.8844
2025-07-17 05:04:08,910 - INFO - 匹配成功: anchor ('02461723', '_also_see', '02180797'), 得分: 0.8469
2025-07-17 05:04:09,028 - INFO - 匹配成功: anchor ('02461723', '_also_see', '00632438'), 得分: 0.8862
2025-07-17 05:04:09,138 - INFO - 匹配成功: anchor ('02461723', '_also_see', '01222884'), 得分: 0.8932
2025-07-17 05:04:09,258 - INFO - 匹配成功: anchor ('02461723', '_also_see', '01116380'), 得分: 0.8449
2025-07-17 05:04:09,398 - INFO - 匹配成功: anchor ('02495922', '_also_see', '01195536'), 得分: 0.9002
2025-07-17 05:04:09,495 - INFO - 匹配成功: anchor ('02495922', '_also_see', '02123812'), 得分: 0.9003
2025-07-17 05:04:09,592 - INFO - 匹配成功: anchor ('02495922', '_also_see', '01870889'), 得分: 0.9151
2025-07-17 05:04:09,839 - INFO - 匹配成功: anchor ('02495922', '_also_see', '00931555'), 得分: 0.8913
2025-07-17 05:04:09,964 - INFO - 匹配成功: anchor ('02495922', '_also_see', '00834198'), 得分: 0.8969
2025-07-17 05:04:10,074 - INFO - 匹配成功: anchor ('01195536', '_also_see', '02495922'), 得分: 0.9132
2025-07-17 05:04:10,176 - INFO - 匹配成功: anchor ('01195536', '_also_see', '00619972'), 得分: 0.9041
2025-07-17 05:04:10,283 - INFO - 匹配成功: anchor ('02207206', '_also_see', '02323286'), 得分: 0.8944
2025-07-17 05:04:10,375 - INFO - 匹配成功: anchor ('02207206', '_also_see', '02274299'), 得分: 0.8708
2025-07-17 05:04:10,486 - INFO - 匹配成功: anchor ('00583990', '_also_see', '02519555'), 得分: 0.8855
2025-07-17 05:04:10,583 - INFO - 匹配成功: anchor ('00583990', '_also_see', '00959731'), 得分: 0.8805
2025-07-17 05:04:10,692 - INFO - 匹配成功: anchor ('00583990', '_also_see', '00344125'), 得分: 0.8890
2025-07-17 05:04:10,829 - INFO - 匹配成功: anchor ('00583990', '_also_see', '02504131'), 得分: 0.9149
2025-07-17 05:04:10,922 - INFO - 匹配成功: anchor ('00583990', '_also_see', '02291843'), 得分: 0.9069
2025-07-17 05:04:11,009 - INFO - 匹配成功: anchor ('00996448', '_also_see', '00075515'), 得分: 0.7859
2025-07-17 05:04:11,113 - INFO - 匹配成功: anchor ('00996448', '_also_see', '01244410'), 得分: 0.9089
2025-07-17 05:04:11,210 - INFO - 匹配成功: anchor ('00996448', '_also_see', '00647542'), 得分: 0.8773
2025-07-17 05:04:11,307 - INFO - 匹配成功: anchor ('00996448', '_also_see', '01125429'), 得分: 0.8570
2025-07-17 05:04:11,403 - INFO - 匹配成功: anchor ('00075515', '_also_see', '00996448'), 得分: 0.8902
2025-07-17 05:04:11,495 - INFO - 匹配成功: anchor ('02056971', '_also_see', '02002720'), 得分: 0.8855
2025-07-17 05:04:11,590 - INFO - 匹配成功: anchor ('02056971', '_also_see', '02056466'), 得分: 0.8697
2025-07-17 05:04:11,684 - INFO - 匹配成功: anchor ('01822936', '_also_see', '01776214'), 得分: 0.7610
2025-07-17 05:04:11,779 - INFO - 匹配成功: anchor ('01822936', '_also_see', '02550296'), 得分: 0.8534
2025-07-17 05:04:11,884 - INFO - 匹配成功: anchor ('00101956', '_also_see', '00006238'), 得分: 0.8956
2025-07-17 05:04:11,971 - INFO - 匹配成功: anchor ('00101956', '_also_see', '02200341'), 得分: 0.7809
2025-07-17 05:04:12,053 - INFO - 匹配成功: anchor ('02571251', '_also_see', '02570062'), 得分: 0.8598
2025-07-17 05:04:12,142 - INFO - 匹配成功: anchor ('00473322', '_also_see', '00429060'), 得分: 0.8951
2025-07-17 05:04:12,199 - INFO - 匹配成功: anchor ('00473322', '_also_see', '00472671'), 得分: 0.9013
