2025-06-30 23:32:18,313 - INFO - StructMatch系统初始化完成
2025-06-30 23:32:18,314 - INFO - 开始加载数据...
2025-06-30 23:32:18,314 - INFO - 成功加载知识图谱: 9个实体, 3种关系, 12个三元组
2025-06-30 23:32:18,315 - INFO - 成功加载3条规则
2025-06-30 23:32:18,315 - INFO - 数据加载完成
2025-06-30 23:32:18,316 - INFO - 开始批量匹配，共4个anchor
2025-06-30 23:32:18,317 - INFO - 处理第1/4个anchor
2025-06-30 23:32:18,317 - INFO - 开始处理anchor: ('A', 'friendOf', 'B')
2025-06-30 23:32:18,363 - INFO - 步骤 1: 添加边 ('B', 'C', 'friendOf'), 当前相似度: 0.8647
2025-06-30 23:32:18,393 - ERROR - 子图扩展失败: '<' not supported between instances of 'Graph' and 'Graph'
2025-06-30 23:32:18,394 - INFO - 处理第2/4个anchor
2025-06-30 23:32:18,396 - INFO - 开始处理anchor: ('B', 'worksWith', 'D')
2025-06-30 23:32:18,429 - INFO - 步骤 1: 添加边 ('B', 'Tokyo', 'livesIn'), 当前相似度: 0.8647
2025-06-30 23:32:18,459 - INFO - 步骤 2: 添加边 ('D', 'Osaka', 'livesIn'), 当前相似度: -0.1376
2025-06-30 23:32:18,498 - INFO - 步骤 3: 添加边 ('B', 'C', 'friendOf'), 当前相似度: -0.0450
2025-06-30 23:32:18,539 - INFO - 步骤 4: 添加边 ('C', 'D', 'friendOf'), 当前相似度: 0.0024
2025-06-30 23:32:18,571 - INFO - 步骤 5: 添加边 ('A', 'C', 'worksWith'), 当前相似度: -0.0180
2025-06-30 23:32:18,576 - INFO - 匹配结果: False, 得分: -0.0214
2025-06-30 23:32:18,576 - INFO - 处理第3/4个anchor
2025-06-30 23:32:18,576 - INFO - 开始处理anchor: ('E', 'friendOf', 'F')
2025-06-30 23:32:18,592 - INFO - 步骤 1: 添加边 ('F', 'G', 'friendOf'), 当前相似度: 0.8647
2025-06-30 23:32:18,606 - ERROR - 子图扩展失败: '<' not supported between instances of 'Graph' and 'Graph'
2025-06-30 23:32:18,606 - INFO - 处理第4/4个anchor
2025-06-30 23:32:18,606 - INFO - 开始处理anchor: ('A', 'livesIn', 'Tokyo')
2025-06-30 23:32:18,625 - INFO - 步骤 1: 添加边 ('A', 'B', 'friendOf'), 当前相似度: 0.8647
2025-06-30 23:32:18,652 - ERROR - 子图扩展失败: '<' not supported between instances of 'Graph' and 'Graph'
2025-06-30 23:32:18,653 - INFO - 批量匹配完成: 0/4 成功匹配
2025-06-30 23:32:18,656 - INFO - 结果已保存到: results.json
