2025-07-02 22:29:42,146 - INFO - 成功加载预训练embedding
2025-07-02 22:29:42,260 - INFO - StructMatch系统初始化完成（集成语义增强）
2025-07-02 22:29:42,261 - INFO - 开始加载数据...
2025-07-02 22:29:43,396 - INFO - 成功加载知识图谱: 40559个实体, 11种关系, 86835个三元组
2025-07-02 22:29:43,397 - INFO - 成功加载7条规则
2025-07-02 22:29:43,397 - INFO - 数据加载完成
2025-07-02 22:29:43,407 - INFO - 开始批量匹配，共4个anchor
2025-07-02 22:29:43,408 - INFO - 处理第1/4个anchor
2025-07-02 22:29:43,408 - INFO - 开始处理anchor: ('12090318', '_member_meronym', '12093769')
2025-07-02 22:29:43,433 - WARNING - 未提供target_motif，motif剪枝将被跳过
2025-07-02 22:29:43,435 - INFO - 规则前提大小: 2, 最大扩展步数: 1
2025-07-02 22:29:43,567 - INFO - 步骤 1: 添加边 ('12090318', '12094121', '_member_meronym'), 相似度提升: 0.6388 (当前: 0.9407)
2025-07-02 22:29:43,583 - INFO - 匹配失败，处理时间: 0.1729秒
2025-07-02 22:29:43,583 - INFO - 处理第2/4个anchor
2025-07-02 22:29:43,584 - INFO - 开始处理anchor: ('09322930', '_instance_hypernym', '09360122')
2025-07-02 22:29:43,594 - WARNING - 未提供target_motif，motif剪枝将被跳过
2025-07-02 22:29:43,596 - INFO - 规则前提大小: 2, 最大扩展步数: 1
2025-07-02 22:29:43,618 - INFO - 步骤 1: 没有找到合适的扩展边
2025-07-02 22:29:43,628 - INFO - 匹配失败，处理时间: 0.0442秒
2025-07-02 22:29:43,629 - INFO - 处理第3/4个anchor
2025-07-02 22:29:43,629 - INFO - 开始处理anchor: ('12493208', '_has_part', '12493426')
2025-07-02 22:29:43,650 - WARNING - 未提供target_motif，motif剪枝将被跳过
2025-07-02 22:29:43,651 - INFO - 规则前提大小: 2, 最大扩展步数: 1
2025-07-02 22:29:43,666 - INFO - 步骤 1: 没有找到合适的扩展边
2025-07-02 22:29:43,675 - INFO - 匹配失败，处理时间: 0.0449秒
2025-07-02 22:29:43,676 - INFO - 处理第4/4个anchor
2025-07-02 22:29:43,677 - INFO - 开始处理anchor: ('00260881', '_hypernym', '00260622')
2025-07-02 22:29:43,692 - WARNING - 未提供target_motif，motif剪枝将被跳过
2025-07-02 22:29:43,693 - INFO - 规则前提大小: 2, 最大扩展步数: 1
2025-07-02 22:29:43,711 - INFO - 步骤 1: 没有找到合适的扩展边
2025-07-02 22:29:43,725 - INFO - 匹配失败，处理时间: 0.0469秒
2025-07-02 22:29:43,726 - INFO - 批量匹配完成: 0/4 成功匹配
2025-07-02 22:29:43,729 - INFO - 结果已保存到: results.json
