2025-07-10 09:24:16,333 - INFO - 成功加载预训练embedding
2025-07-10 09:24:16,447 - INFO - StructMatch系统初始化完成（集成语义增强）
2025-07-10 09:24:16,448 - INFO - 开始加载数据...
2025-07-10 09:24:17,907 - INFO - 成功加载知识图谱: 40559个实体, 11种关系, 86835个三元组
2025-07-10 09:24:17,908 - INFO - 成功加载2条规则
2025-07-10 09:24:17,908 - INFO - 数据加载完成
2025-07-10 09:24:17,922 - INFO - 收集规则第一个谓词对应的anchor: _also_see
2025-07-10 09:24:18,084 - INFO - 收集到 1299 个anchor
2025-07-10 09:24:18,086 - INFO - 开始批量匹配，共1299个anchor
2025-07-10 09:24:18,087 - INFO - 处理第1/1299个anchor
2025-07-10 09:24:19,296 - ERROR - 图嵌入提取失败: mat1 and mat2 shapes cannot be multiplied (2x1 and 27x64)
2025-07-10 09:24:19,314 - ERROR - 图嵌入提取失败: mat1 and mat2 shapes cannot be multiplied (3x1 and 27x64)
2025-07-10 09:24:19,322 - ERROR - 图嵌入提取失败: mat1 and mat2 shapes cannot be multiplied (3x1 and 27x64)
2025-07-10 09:24:19,327 - ERROR - 图嵌入提取失败: mat1 and mat2 shapes cannot be multiplied (3x1 and 27x64)
2025-07-10 09:24:19,332 - ERROR - 图嵌入提取失败: mat1 and mat2 shapes cannot be multiplied (3x1 and 27x64)
2025-07-10 09:24:19,339 - ERROR - 图嵌入提取失败: mat1 and mat2 shapes cannot be multiplied (3x1 and 27x64)
2025-07-10 09:24:19,344 - ERROR - 图嵌入提取失败: mat1 and mat2 shapes cannot be multiplied (3x1 and 27x64)
2025-07-10 09:24:19,348 - ERROR - 图嵌入提取失败: mat1 and mat2 shapes cannot be multiplied (3x1 and 27x64)
2025-07-10 09:24:19,354 - ERROR - 图嵌入提取失败: mat1 and mat2 shapes cannot be multiplied (3x1 and 27x64)
2025-07-10 09:24:19,360 - ERROR - 图嵌入提取失败: mat1 and mat2 shapes cannot be multiplied (3x1 and 27x64)
2025-07-10 09:24:19,361 - INFO - 步骤 1: 添加边 ('01974062', '00116376', '_derivationally_related_form'), 当前相似度: 0.0000
2025-07-10 09:24:19,365 - ERROR - 图嵌入提取失败: mat1 and mat2 shapes cannot be multiplied (3x1 and 27x64)
2025-07-10 09:24:19,372 - ERROR - 图嵌入提取失败: mat1 and mat2 shapes cannot be multiplied (4x1 and 27x64)
2025-07-10 09:24:19,376 - ERROR - 图嵌入提取失败: mat1 and mat2 shapes cannot be multiplied (4x1 and 27x64)
2025-07-10 09:24:19,380 - ERROR - 图嵌入提取失败: mat1 and mat2 shapes cannot be multiplied (4x1 and 27x64)
2025-07-10 09:24:19,386 - ERROR - 图嵌入提取失败: mat1 and mat2 shapes cannot be multiplied (4x1 and 27x64)
2025-07-10 09:24:19,395 - ERROR - 图嵌入提取失败: mat1 and mat2 shapes cannot be multiplied (4x1 and 27x64)
2025-07-10 09:24:19,402 - ERROR - 图嵌入提取失败: mat1 and mat2 shapes cannot be multiplied (4x1 and 27x64)
2025-07-10 09:24:19,407 - ERROR - 图嵌入提取失败: mat1 and mat2 shapes cannot be multiplied (4x1 and 27x64)
2025-07-10 09:24:19,410 - ERROR - 图嵌入提取失败: mat1 and mat2 shapes cannot be multiplied (4x1 and 27x64)
2025-07-10 09:24:19,416 - ERROR - 图嵌入提取失败: mat1 and mat2 shapes cannot be multiplied (4x1 and 27x64)
2025-07-10 09:24:19,417 - INFO - 步骤 2: 添加边 ('01974062', '00316594', '_derivationally_related_form'), 当前相似度: 0.0000
2025-07-10 09:24:19,423 - ERROR - 图嵌入提取失败: mat1 and mat2 shapes cannot be multiplied (4x1 and 27x64)
2025-07-10 09:24:19,429 - ERROR - 图嵌入提取失败: mat1 and mat2 shapes cannot be multiplied (5x1 and 27x64)
2025-07-10 09:24:19,433 - ERROR - 图嵌入提取失败: mat1 and mat2 shapes cannot be multiplied (5x1 and 27x64)
2025-07-10 09:24:19,437 - ERROR - 图嵌入提取失败: mat1 and mat2 shapes cannot be multiplied (5x1 and 27x64)
2025-07-10 09:24:19,444 - ERROR - 图嵌入提取失败: mat1 and mat2 shapes cannot be multiplied (5x1 and 27x64)
2025-07-10 09:24:19,450 - ERROR - 图嵌入提取失败: mat1 and mat2 shapes cannot be multiplied (5x1 and 27x64)
2025-07-10 09:24:19,455 - ERROR - 图嵌入提取失败: mat1 and mat2 shapes cannot be multiplied (5x1 and 27x64)
2025-07-10 09:24:19,458 - ERROR - 图嵌入提取失败: mat1 and mat2 shapes cannot be multiplied (5x1 and 27x64)
2025-07-10 09:24:19,465 - ERROR - 图嵌入提取失败: mat1 and mat2 shapes cannot be multiplied (5x1 and 27x64)
2025-07-10 09:24:19,471 - ERROR - 图嵌入提取失败: mat1 and mat2 shapes cannot be multiplied (5x1 and 27x64)
2025-07-10 09:24:19,472 - INFO - 步骤 3: 添加边 ('01974062', '03281145', '_derivationally_related_form'), 当前相似度: 0.0000
2025-07-10 09:24:19,476 - ERROR - 图嵌入提取失败: mat1 and mat2 shapes cannot be multiplied (5x1 and 27x64)
2025-07-10 09:24:19,481 - ERROR - 图嵌入提取失败: mat1 and mat2 shapes cannot be multiplied (5x1 and 27x64)
2025-07-10 09:24:19,486 - ERROR - 图嵌入提取失败: mat1 and mat2 shapes cannot be multiplied (6x1 and 27x64)
2025-07-10 09:24:19,493 - ERROR - 图嵌入提取失败: mat1 and mat2 shapes cannot be multiplied (6x1 and 27x64)
2025-07-10 09:24:19,500 - ERROR - 图嵌入提取失败: mat1 and mat2 shapes cannot be multiplied (6x1 and 27x64)
2025-07-10 09:24:19,505 - ERROR - 图嵌入提取失败: mat1 and mat2 shapes cannot be multiplied (6x1 and 27x64)
2025-07-10 09:24:19,509 - ERROR - 图嵌入提取失败: mat1 and mat2 shapes cannot be multiplied (6x1 and 27x64)
2025-07-10 09:24:19,520 - ERROR - 图嵌入提取失败: mat1 and mat2 shapes cannot be multiplied (6x1 and 27x64)
2025-07-10 09:24:19,525 - ERROR - 图嵌入提取失败: mat1 and mat2 shapes cannot be multiplied (6x1 and 27x64)
2025-07-10 09:24:19,530 - ERROR - 图嵌入提取失败: mat1 and mat2 shapes cannot be multiplied (6x1 and 27x64)
2025-07-10 09:24:19,531 - INFO - 步骤 4: 添加边 ('00116376', '00045250', '_hypernym'), 当前相似度: 0.0000
2025-07-10 09:24:19,538 - ERROR - 图嵌入提取失败: mat1 and mat2 shapes cannot be multiplied (6x1 and 27x64)
2025-07-10 09:24:19,545 - ERROR - 图嵌入提取失败: mat1 and mat2 shapes cannot be multiplied (6x1 and 27x64)
2025-07-10 09:24:19,553 - ERROR - 图嵌入提取失败: mat1 and mat2 shapes cannot be multiplied (7x1 and 27x64)
2025-07-10 09:24:19,558 - ERROR - 图嵌入提取失败: mat1 and mat2 shapes cannot be multiplied (7x1 and 27x64)
2025-07-10 09:24:19,567 - ERROR - 图嵌入提取失败: mat1 and mat2 shapes cannot be multiplied (7x1 and 27x64)
2025-07-10 09:24:19,575 - ERROR - 图嵌入提取失败: mat1 and mat2 shapes cannot be multiplied (7x1 and 27x64)
2025-07-10 09:24:19,581 - ERROR - 图嵌入提取失败: mat1 and mat2 shapes cannot be multiplied (7x1 and 27x64)
2025-07-10 09:24:19,587 - ERROR - 图嵌入提取失败: mat1 and mat2 shapes cannot be multiplied (7x1 and 27x64)
2025-07-10 09:24:19,594 - ERROR - 图嵌入提取失败: mat1 and mat2 shapes cannot be multiplied (7x1 and 27x64)
2025-07-10 09:24:19,601 - ERROR - 图嵌入提取失败: mat1 and mat2 shapes cannot be multiplied (7x1 and 27x64)
2025-07-10 09:24:19,602 - INFO - 步骤 5: 添加边 ('00116376', '01455184', '_derivationally_related_form'), 当前相似度: 0.0000
2025-07-10 09:24:19,873 - ERROR - 图嵌入提取失败: mat1 and mat2 shapes cannot be multiplied (2x1 and 27x64)
2025-07-10 09:24:19,878 - ERROR - 图嵌入提取失败: mat1 and mat2 shapes cannot be multiplied (3x1 and 27x64)
2025-07-10 09:24:19,883 - ERROR - 图嵌入提取失败: mat1 and mat2 shapes cannot be multiplied (3x1 and 27x64)
2025-07-10 09:24:19,887 - ERROR - 图嵌入提取失败: mat1 and mat2 shapes cannot be multiplied (3x1 and 27x64)
2025-07-10 09:24:19,892 - ERROR - 图嵌入提取失败: mat1 and mat2 shapes cannot be multiplied (3x1 and 27x64)
2025-07-10 09:24:19,899 - ERROR - 图嵌入提取失败: mat1 and mat2 shapes cannot be multiplied (3x1 and 27x64)
2025-07-10 09:24:19,905 - ERROR - 图嵌入提取失败: mat1 and mat2 shapes cannot be multiplied (3x1 and 27x64)
2025-07-10 09:24:19,911 - ERROR - 图嵌入提取失败: mat1 and mat2 shapes cannot be multiplied (3x1 and 27x64)
2025-07-10 09:24:19,916 - ERROR - 图嵌入提取失败: mat1 and mat2 shapes cannot be multiplied (3x1 and 27x64)
2025-07-10 09:24:19,920 - ERROR - 图嵌入提取失败: mat1 and mat2 shapes cannot be multiplied (3x1 and 27x64)
2025-07-10 09:24:19,921 - INFO - 步骤 1: 添加边 ('01698271', '00929718', '_derivationally_related_form'), 当前相似度: 0.0000
2025-07-10 09:24:19,924 - ERROR - 图嵌入提取失败: mat1 and mat2 shapes cannot be multiplied (3x1 and 27x64)
2025-07-10 09:24:19,929 - ERROR - 图嵌入提取失败: mat1 and mat2 shapes cannot be multiplied (3x1 and 27x64)
2025-07-10 09:24:19,935 - ERROR - 图嵌入提取失败: mat1 and mat2 shapes cannot be multiplied (4x1 and 27x64)
2025-07-10 09:24:19,941 - ERROR - 图嵌入提取失败: mat1 and mat2 shapes cannot be multiplied (4x1 and 27x64)
2025-07-10 09:24:19,946 - ERROR - 图嵌入提取失败: mat1 and mat2 shapes cannot be multiplied (4x1 and 27x64)
2025-07-10 09:24:19,952 - ERROR - 图嵌入提取失败: mat1 and mat2 shapes cannot be multiplied (4x1 and 27x64)
2025-07-10 09:24:19,957 - ERROR - 图嵌入提取失败: mat1 and mat2 shapes cannot be multiplied (4x1 and 27x64)
2025-07-10 09:24:19,963 - ERROR - 图嵌入提取失败: mat1 and mat2 shapes cannot be multiplied (4x1 and 27x64)
2025-07-10 09:24:19,967 - ERROR - 图嵌入提取失败: mat1 and mat2 shapes cannot be multiplied (4x1 and 27x64)
2025-07-10 09:24:19,973 - ERROR - 图嵌入提取失败: mat1 and mat2 shapes cannot be multiplied (4x1 and 27x64)
2025-07-10 09:24:19,975 - INFO - 步骤 2: 添加边 ('01698271', '00929718', '_synset_domain_topic_of'), 当前相似度: 0.0000
2025-07-10 09:24:19,980 - ERROR - 图嵌入提取失败: mat1 and mat2 shapes cannot be multiplied (3x1 and 27x64)
2025-07-10 09:24:19,985 - ERROR - 图嵌入提取失败: mat1 and mat2 shapes cannot be multiplied (4x1 and 27x64)
2025-07-10 09:24:19,990 - ERROR - 图嵌入提取失败: mat1 and mat2 shapes cannot be multiplied (4x1 and 27x64)
2025-07-10 09:24:19,994 - ERROR - 图嵌入提取失败: mat1 and mat2 shapes cannot be multiplied (4x1 and 27x64)
2025-07-10 09:24:19,999 - ERROR - 图嵌入提取失败: mat1 and mat2 shapes cannot be multiplied (4x1 and 27x64)
2025-07-10 09:24:20,003 - ERROR - 图嵌入提取失败: mat1 and mat2 shapes cannot be multiplied (4x1 and 27x64)
2025-07-10 09:24:20,008 - ERROR - 图嵌入提取失败: mat1 and mat2 shapes cannot be multiplied (4x1 and 27x64)
2025-07-10 09:24:20,012 - ERROR - 图嵌入提取失败: mat1 and mat2 shapes cannot be multiplied (4x1 and 27x64)
2025-07-10 09:24:20,016 - ERROR - 图嵌入提取失败: mat1 and mat2 shapes cannot be multiplied (4x1 and 27x64)
2025-07-10 09:24:20,020 - ERROR - 图嵌入提取失败: mat1 and mat2 shapes cannot be multiplied (4x1 and 27x64)
2025-07-10 09:24:20,021 - INFO - 步骤 3: 添加边 ('01698271', '01697816', '_hypernym'), 当前相似度: 0.0000
2025-07-10 09:24:20,025 - ERROR - 图嵌入提取失败: mat1 and mat2 shapes cannot be multiplied (4x1 and 27x64)
2025-07-10 09:24:20,030 - ERROR - 图嵌入提取失败: mat1 and mat2 shapes cannot be multiplied (5x1 and 27x64)
2025-07-10 09:24:20,036 - ERROR - 图嵌入提取失败: mat1 and mat2 shapes cannot be multiplied (5x1 and 27x64)
2025-07-10 09:24:20,043 - ERROR - 图嵌入提取失败: mat1 and mat2 shapes cannot be multiplied (5x1 and 27x64)
2025-07-10 09:24:20,047 - ERROR - 图嵌入提取失败: mat1 and mat2 shapes cannot be multiplied (5x1 and 27x64)
2025-07-10 09:24:20,051 - ERROR - 图嵌入提取失败: mat1 and mat2 shapes cannot be multiplied (5x1 and 27x64)
2025-07-10 09:24:20,055 - ERROR - 图嵌入提取失败: mat1 and mat2 shapes cannot be multiplied (5x1 and 27x64)
2025-07-10 09:24:20,062 - ERROR - 图嵌入提取失败: mat1 and mat2 shapes cannot be multiplied (5x1 and 27x64)
2025-07-10 09:24:20,068 - ERROR - 图嵌入提取失败: mat1 and mat2 shapes cannot be multiplied (5x1 and 27x64)
2025-07-10 09:24:20,073 - ERROR - 图嵌入提取失败: mat1 and mat2 shapes cannot be multiplied (5x1 and 27x64)
2025-07-10 09:24:20,074 - INFO - 步骤 4: 添加边 ('01697816', '01617192', '_hypernym'), 当前相似度: 0.0000
2025-07-10 09:24:20,080 - ERROR - 图嵌入提取失败: mat1 and mat2 shapes cannot be multiplied (5x1 and 27x64)
2025-07-10 09:24:20,088 - ERROR - 图嵌入提取失败: mat1 and mat2 shapes cannot be multiplied (5x1 and 27x64)
2025-07-10 09:24:20,094 - ERROR - 图嵌入提取失败: mat1 and mat2 shapes cannot be multiplied (5x1 and 27x64)
2025-07-10 09:24:20,099 - ERROR - 图嵌入提取失败: mat1 and mat2 shapes cannot be multiplied (5x1 and 27x64)
2025-07-10 09:24:20,106 - ERROR - 图嵌入提取失败: mat1 and mat2 shapes cannot be multiplied (6x1 and 27x64)
2025-07-10 09:24:20,110 - ERROR - 图嵌入提取失败: mat1 and mat2 shapes cannot be multiplied (6x1 and 27x64)
2025-07-10 09:24:20,117 - ERROR - 图嵌入提取失败: mat1 and mat2 shapes cannot be multiplied (6x1 and 27x64)
2025-07-10 09:24:20,123 - ERROR - 图嵌入提取失败: mat1 and mat2 shapes cannot be multiplied (6x1 and 27x64)
2025-07-10 09:24:20,128 - ERROR - 图嵌入提取失败: mat1 and mat2 shapes cannot be multiplied (6x1 and 27x64)
2025-07-10 09:24:20,135 - ERROR - 图嵌入提取失败: mat1 and mat2 shapes cannot be multiplied (6x1 and 27x64)
2025-07-10 09:24:20,136 - INFO - 步骤 5: 添加边 ('00929718', '01698271', '_derivationally_related_form'), 当前相似度: 0.0000
2025-07-10 09:24:20,229 - ERROR - 图嵌入提取失败: mat1 and mat2 shapes cannot be multiplied (2x1 and 27x64)
2025-07-10 09:24:20,235 - ERROR - 图嵌入提取失败: mat1 and mat2 shapes cannot be multiplied (3x1 and 27x64)
2025-07-10 09:24:20,242 - ERROR - 图嵌入提取失败: mat1 and mat2 shapes cannot be multiplied (3x1 and 27x64)
2025-07-10 09:24:20,248 - ERROR - 图嵌入提取失败: mat1 and mat2 shapes cannot be multiplied (3x1 and 27x64)
2025-07-10 09:24:20,257 - ERROR - 图嵌入提取失败: mat1 and mat2 shapes cannot be multiplied (3x1 and 27x64)
2025-07-10 09:24:20,262 - ERROR - 图嵌入提取失败: mat1 and mat2 shapes cannot be multiplied (3x1 and 27x64)
2025-07-10 09:24:20,267 - ERROR - 图嵌入提取失败: mat1 and mat2 shapes cannot be multiplied (3x1 and 27x64)
2025-07-10 09:24:20,273 - ERROR - 图嵌入提取失败: mat1 and mat2 shapes cannot be multiplied (3x1 and 27x64)
2025-07-10 09:24:20,277 - ERROR - 图嵌入提取失败: mat1 and mat2 shapes cannot be multiplied (3x1 and 27x64)
2025-07-10 09:24:20,282 - ERROR - 图嵌入提取失败: mat1 and mat2 shapes cannot be multiplied (3x1 and 27x64)
2025-07-10 09:24:20,283 - INFO - 步骤 1: 添加边 ('00155143', '00230746', '_hypernym'), 当前相似度: 0.0000
2025-07-10 09:24:20,289 - ERROR - 图嵌入提取失败: mat1 and mat2 shapes cannot be multiplied (3x1 and 27x64)
2025-07-10 09:24:20,296 - ERROR - 图嵌入提取失败: mat1 and mat2 shapes cannot be multiplied (4x1 and 27x64)
2025-07-10 09:24:20,304 - ERROR - 图嵌入提取失败: mat1 and mat2 shapes cannot be multiplied (4x1 and 27x64)
2025-07-10 09:24:20,311 - ERROR - 图嵌入提取失败: mat1 and mat2 shapes cannot be multiplied (4x1 and 27x64)
2025-07-10 09:24:20,315 - ERROR - 图嵌入提取失败: mat1 and mat2 shapes cannot be multiplied (4x1 and 27x64)
2025-07-10 09:24:20,320 - ERROR - 图嵌入提取失败: mat1 and mat2 shapes cannot be multiplied (4x1 and 27x64)
2025-07-10 09:24:20,325 - ERROR - 图嵌入提取失败: mat1 and mat2 shapes cannot be multiplied (4x1 and 27x64)
2025-07-10 09:24:20,329 - ERROR - 图嵌入提取失败: mat1 and mat2 shapes cannot be multiplied (4x1 and 27x64)
2025-07-10 09:24:20,335 - ERROR - 图嵌入提取失败: mat1 and mat2 shapes cannot be multiplied (4x1 and 27x64)
2025-07-10 09:24:20,343 - ERROR - 图嵌入提取失败: mat1 and mat2 shapes cannot be multiplied (4x1 and 27x64)
2025-07-10 09:24:20,344 - INFO - 步骤 2: 添加边 ('00230746', '00156601', '_hypernym'), 当前相似度: 0.0000
2025-07-10 09:24:20,348 - ERROR - 图嵌入提取失败: mat1 and mat2 shapes cannot be multiplied (4x1 and 27x64)
2025-07-10 09:24:20,353 - ERROR - 图嵌入提取失败: mat1 and mat2 shapes cannot be multiplied (5x1 and 27x64)
2025-07-10 09:24:20,357 - ERROR - 图嵌入提取失败: mat1 and mat2 shapes cannot be multiplied (5x1 and 27x64)
2025-07-10 09:24:20,362 - ERROR - 图嵌入提取失败: mat1 and mat2 shapes cannot be multiplied (5x1 and 27x64)
2025-07-10 09:24:20,369 - ERROR - 图嵌入提取失败: mat1 and mat2 shapes cannot be multiplied (5x1 and 27x64)
2025-07-10 09:24:20,373 - ERROR - 图嵌入提取失败: mat1 and mat2 shapes cannot be multiplied (5x1 and 27x64)
2025-07-10 09:24:20,377 - ERROR - 图嵌入提取失败: mat1 and mat2 shapes cannot be multiplied (5x1 and 27x64)
2025-07-10 09:24:20,381 - ERROR - 图嵌入提取失败: mat1 and mat2 shapes cannot be multiplied (5x1 and 27x64)
2025-07-10 09:24:20,388 - ERROR - 图嵌入提取失败: mat1 and mat2 shapes cannot be multiplied (5x1 and 27x64)
2025-07-10 09:24:20,394 - ERROR - 图嵌入提取失败: mat1 and mat2 shapes cannot be multiplied (5x1 and 27x64)
2025-07-10 09:24:20,395 - INFO - 步骤 3: 添加边 ('00156601', '00363260', '_derivationally_related_form'), 当前相似度: 0.0000
2025-07-10 09:24:20,400 - ERROR - 图嵌入提取失败: mat1 and mat2 shapes cannot be multiplied (5x1 and 27x64)
2025-07-10 09:24:20,406 - ERROR - 图嵌入提取失败: mat1 and mat2 shapes cannot be multiplied (6x1 and 27x64)
2025-07-10 09:24:20,413 - ERROR - 图嵌入提取失败: mat1 and mat2 shapes cannot be multiplied (6x1 and 27x64)
2025-07-10 09:24:20,421 - ERROR - 图嵌入提取失败: mat1 and mat2 shapes cannot be multiplied (6x1 and 27x64)
2025-07-10 09:24:20,426 - ERROR - 图嵌入提取失败: mat1 and mat2 shapes cannot be multiplied (6x1 and 27x64)
2025-07-10 09:24:20,433 - ERROR - 图嵌入提取失败: mat1 and mat2 shapes cannot be multiplied (6x1 and 27x64)
2025-07-10 09:24:20,443 - ERROR - 图嵌入提取失败: mat1 and mat2 shapes cannot be multiplied (6x1 and 27x64)
2025-07-10 09:24:20,449 - ERROR - 图嵌入提取失败: mat1 and mat2 shapes cannot be multiplied (6x1 and 27x64)
2025-07-10 09:24:20,454 - ERROR - 图嵌入提取失败: mat1 and mat2 shapes cannot be multiplied (6x1 and 27x64)
2025-07-10 09:24:20,461 - ERROR - 图嵌入提取失败: mat1 and mat2 shapes cannot be multiplied (6x1 and 27x64)
2025-07-10 09:24:20,462 - INFO - 步骤 4: 添加边 ('00156601', '00169651', '_hypernym'), 当前相似度: 0.0000
2025-07-10 09:24:20,469 - ERROR - 图嵌入提取失败: mat1 and mat2 shapes cannot be multiplied (6x1 and 27x64)
2025-07-10 09:24:20,477 - ERROR - 图嵌入提取失败: mat1 and mat2 shapes cannot be multiplied (7x1 and 27x64)
2025-07-10 09:24:20,485 - ERROR - 图嵌入提取失败: mat1 and mat2 shapes cannot be multiplied (7x1 and 27x64)
2025-07-10 09:24:20,494 - ERROR - 图嵌入提取失败: mat1 and mat2 shapes cannot be multiplied (7x1 and 27x64)
2025-07-10 09:24:20,501 - ERROR - 图嵌入提取失败: mat1 and mat2 shapes cannot be multiplied (7x1 and 27x64)
2025-07-10 09:24:20,511 - ERROR - 图嵌入提取失败: mat1 and mat2 shapes cannot be multiplied (7x1 and 27x64)
2025-07-10 09:24:20,520 - ERROR - 图嵌入提取失败: mat1 and mat2 shapes cannot be multiplied (7x1 and 27x64)
2025-07-10 09:24:20,526 - ERROR - 图嵌入提取失败: mat1 and mat2 shapes cannot be multiplied (7x1 and 27x64)
2025-07-10 09:24:20,533 - ERROR - 图嵌入提取失败: mat1 and mat2 shapes cannot be multiplied (7x1 and 27x64)
2025-07-10 09:24:20,540 - ERROR - 图嵌入提取失败: mat1 and mat2 shapes cannot be multiplied (7x1 and 27x64)
2025-07-10 09:24:20,541 - INFO - 步骤 5: 添加边 ('00156601', '05108947', '_derivationally_related_form'), 当前相似度: 0.0000
2025-07-10 09:24:20,698 - ERROR - 图嵌入提取失败: mat1 and mat2 shapes cannot be multiplied (2x1 and 27x64)
2025-07-10 09:24:20,702 - ERROR - 图嵌入提取失败: mat1 and mat2 shapes cannot be multiplied (3x1 and 27x64)
2025-07-10 09:24:20,705 - ERROR - 图嵌入提取失败: mat1 and mat2 shapes cannot be multiplied (3x1 and 27x64)
2025-07-10 09:24:20,711 - ERROR - 图嵌入提取失败: mat1 and mat2 shapes cannot be multiplied (3x1 and 27x64)
2025-07-10 09:24:20,716 - ERROR - 图嵌入提取失败: mat1 and mat2 shapes cannot be multiplied (3x1 and 27x64)
2025-07-10 09:24:20,720 - ERROR - 图嵌入提取失败: mat1 and mat2 shapes cannot be multiplied (3x1 and 27x64)
2025-07-10 09:24:20,724 - ERROR - 图嵌入提取失败: mat1 and mat2 shapes cannot be multiplied (3x1 and 27x64)
2025-07-10 09:24:20,728 - ERROR - 图嵌入提取失败: mat1 and mat2 shapes cannot be multiplied (3x1 and 27x64)
2025-07-10 09:24:20,734 - ERROR - 图嵌入提取失败: mat1 and mat2 shapes cannot be multiplied (3x1 and 27x64)
2025-07-10 09:24:20,739 - ERROR - 图嵌入提取失败: mat1 and mat2 shapes cannot be multiplied (3x1 and 27x64)
2025-07-10 09:24:20,740 - INFO - 步骤 1: 添加边 ('01254051', '01460029', '_derivationally_related_form'), 当前相似度: 0.0000
2025-07-10 09:24:20,743 - ERROR - 图嵌入提取失败: mat1 and mat2 shapes cannot be multiplied (3x1 and 27x64)
2025-07-10 09:24:20,748 - ERROR - 图嵌入提取失败: mat1 and mat2 shapes cannot be multiplied (4x1 and 27x64)
2025-07-10 09:24:20,753 - ERROR - 图嵌入提取失败: mat1 and mat2 shapes cannot be multiplied (4x1 and 27x64)
2025-07-10 09:24:20,758 - ERROR - 图嵌入提取失败: mat1 and mat2 shapes cannot be multiplied (3x1 and 27x64)
2025-07-10 09:24:20,764 - ERROR - 图嵌入提取失败: mat1 and mat2 shapes cannot be multiplied (4x1 and 27x64)
2025-07-10 09:24:20,769 - ERROR - 图嵌入提取失败: mat1 and mat2 shapes cannot be multiplied (4x1 and 27x64)
2025-07-10 09:24:20,774 - ERROR - 图嵌入提取失败: mat1 and mat2 shapes cannot be multiplied (4x1 and 27x64)
2025-07-10 09:24:20,779 - ERROR - 图嵌入提取失败: mat1 and mat2 shapes cannot be multiplied (4x1 and 27x64)
2025-07-10 09:24:20,784 - ERROR - 图嵌入提取失败: mat1 and mat2 shapes cannot be multiplied (4x1 and 27x64)
2025-07-10 09:24:20,790 - ERROR - 图嵌入提取失败: mat1 and mat2 shapes cannot be multiplied (4x1 and 27x64)
2025-07-10 09:24:20,791 - INFO - 步骤 2: 添加边 ('01460029', '01254051', '_derivationally_related_form'), 当前相似度: 0.0000
2025-07-10 09:24:20,796 - ERROR - 图嵌入提取失败: mat1 and mat2 shapes cannot be multiplied (3x1 and 27x64)
2025-07-10 09:24:20,799 - ERROR - 图嵌入提取失败: mat1 and mat2 shapes cannot be multiplied (4x1 and 27x64)
2025-07-10 09:24:20,803 - ERROR - 图嵌入提取失败: mat1 and mat2 shapes cannot be multiplied (4x1 and 27x64)
2025-07-10 09:24:20,807 - ERROR - 图嵌入提取失败: mat1 and mat2 shapes cannot be multiplied (4x1 and 27x64)
2025-07-10 09:24:20,810 - ERROR - 图嵌入提取失败: mat1 and mat2 shapes cannot be multiplied (4x1 and 27x64)
2025-07-10 09:24:20,814 - ERROR - 图嵌入提取失败: mat1 and mat2 shapes cannot be multiplied (4x1 and 27x64)
2025-07-10 09:24:20,819 - ERROR - 图嵌入提取失败: mat1 and mat2 shapes cannot be multiplied (4x1 and 27x64)
2025-07-10 09:24:20,824 - ERROR - 图嵌入提取失败: mat1 and mat2 shapes cannot be multiplied (4x1 and 27x64)
2025-07-10 09:24:20,828 - ERROR - 图嵌入提取失败: mat1 and mat2 shapes cannot be multiplied (4x1 and 27x64)
2025-07-10 09:24:20,832 - ERROR - 图嵌入提取失败: mat1 and mat2 shapes cannot be multiplied (4x1 and 27x64)
2025-07-10 09:24:20,834 - INFO - 步骤 3: 添加边 ('01254051', '01460937', '_derivationally_related_form'), 当前相似度: 0.0000
2025-07-10 09:24:20,838 - ERROR - 图嵌入提取失败: mat1 and mat2 shapes cannot be multiplied (4x1 and 27x64)
2025-07-10 09:24:20,845 - ERROR - 图嵌入提取失败: mat1 and mat2 shapes cannot be multiplied (5x1 and 27x64)
2025-07-10 09:24:20,850 - ERROR - 图嵌入提取失败: mat1 and mat2 shapes cannot be multiplied (5x1 and 27x64)
2025-07-10 09:24:20,856 - ERROR - 图嵌入提取失败: mat1 and mat2 shapes cannot be multiplied (5x1 and 27x64)
2025-07-10 09:24:20,861 - ERROR - 图嵌入提取失败: mat1 and mat2 shapes cannot be multiplied (5x1 and 27x64)
2025-07-10 09:24:20,865 - ERROR - 图嵌入提取失败: mat1 and mat2 shapes cannot be multiplied (4x1 and 27x64)
2025-07-10 09:24:20,869 - ERROR - 图嵌入提取失败: mat1 and mat2 shapes cannot be multiplied (5x1 and 27x64)
2025-07-10 09:24:20,873 - ERROR - 图嵌入提取失败: mat1 and mat2 shapes cannot be multiplied (5x1 and 27x64)
2025-07-10 09:24:20,879 - ERROR - 图嵌入提取失败: mat1 and mat2 shapes cannot be multiplied (5x1 and 27x64)
2025-07-10 09:24:20,885 - ERROR - 图嵌入提取失败: mat1 and mat2 shapes cannot be multiplied (5x1 and 27x64)
2025-07-10 09:24:20,886 - INFO - 步骤 4: 添加边 ('01254051', '01254253', '_hypernym'), 当前相似度: 0.0000
2025-07-10 09:24:20,891 - ERROR - 图嵌入提取失败: mat1 and mat2 shapes cannot be multiplied (5x1 and 27x64)
2025-07-10 09:24:20,896 - ERROR - 图嵌入提取失败: mat1 and mat2 shapes cannot be multiplied (6x1 and 27x64)
2025-07-10 09:24:20,901 - ERROR - 图嵌入提取失败: mat1 and mat2 shapes cannot be multiplied (6x1 and 27x64)
2025-07-10 09:24:20,906 - ERROR - 图嵌入提取失败: mat1 and mat2 shapes cannot be multiplied (6x1 and 27x64)
2025-07-10 09:24:20,910 - ERROR - 图嵌入提取失败: mat1 and mat2 shapes cannot be multiplied (5x1 and 27x64)
2025-07-10 09:24:20,915 - ERROR - 图嵌入提取失败: mat1 and mat2 shapes cannot be multiplied (5x1 and 27x64)
2025-07-10 09:24:20,919 - ERROR - 图嵌入提取失败: mat1 and mat2 shapes cannot be multiplied (5x1 and 27x64)
2025-07-10 09:24:20,924 - ERROR - 图嵌入提取失败: mat1 and mat2 shapes cannot be multiplied (6x1 and 27x64)
2025-07-10 09:24:20,929 - ERROR - 图嵌入提取失败: mat1 and mat2 shapes cannot be multiplied (6x1 and 27x64)
2025-07-10 09:24:20,935 - ERROR - 图嵌入提取失败: mat1 and mat2 shapes cannot be multiplied (6x1 and 27x64)
2025-07-10 09:24:20,938 - INFO - 步骤 5: 添加边 ('01254253', '01016832', '_hypernym'), 当前相似度: 0.0000
2025-07-10 09:24:21,058 - ERROR - 图嵌入提取失败: mat1 and mat2 shapes cannot be multiplied (2x1 and 27x64)
2025-07-10 09:24:21,062 - ERROR - 图嵌入提取失败: mat1 and mat2 shapes cannot be multiplied (3x1 and 27x64)
2025-07-10 09:24:21,066 - ERROR - 图嵌入提取失败: mat1 and mat2 shapes cannot be multiplied (3x1 and 27x64)
2025-07-10 09:24:21,072 - ERROR - 图嵌入提取失败: mat1 and mat2 shapes cannot be multiplied (3x1 and 27x64)
2025-07-10 09:24:21,076 - ERROR - 图嵌入提取失败: mat1 and mat2 shapes cannot be multiplied (3x1 and 27x64)
2025-07-10 09:24:21,080 - ERROR - 图嵌入提取失败: mat1 and mat2 shapes cannot be multiplied (3x1 and 27x64)
2025-07-10 09:24:21,084 - ERROR - 图嵌入提取失败: mat1 and mat2 shapes cannot be multiplied (3x1 and 27x64)
2025-07-10 09:24:21,088 - ERROR - 图嵌入提取失败: mat1 and mat2 shapes cannot be multiplied (3x1 and 27x64)
2025-07-10 09:24:21,093 - ERROR - 图嵌入提取失败: mat1 and mat2 shapes cannot be multiplied (3x1 and 27x64)
2025-07-10 09:24:21,098 - ERROR - 图嵌入提取失败: mat1 and mat2 shapes cannot be multiplied (3x1 and 27x64)
2025-07-10 09:24:21,099 - INFO - 步骤 1: 添加边 ('01230555', '01410223', '_hypernym'), 当前相似度: 0.0000
2025-07-10 09:24:21,103 - ERROR - 图嵌入提取失败: mat1 and mat2 shapes cannot be multiplied (3x1 and 27x64)
2025-07-10 09:24:21,108 - ERROR - 图嵌入提取失败: mat1 and mat2 shapes cannot be multiplied (4x1 and 27x64)
2025-07-10 09:24:21,112 - ERROR - 图嵌入提取失败: mat1 and mat2 shapes cannot be multiplied (4x1 and 27x64)
2025-07-10 09:24:21,118 - ERROR - 图嵌入提取失败: mat1 and mat2 shapes cannot be multiplied (4x1 and 27x64)
2025-07-10 09:24:21,124 - ERROR - 图嵌入提取失败: mat1 and mat2 shapes cannot be multiplied (4x1 and 27x64)
2025-07-10 09:24:21,129 - ERROR - 图嵌入提取失败: mat1 and mat2 shapes cannot be multiplied (4x1 and 27x64)
2025-07-10 09:24:21,133 - ERROR - 图嵌入提取失败: mat1 and mat2 shapes cannot be multiplied (4x1 and 27x64)
2025-07-10 09:24:21,138 - ERROR - 图嵌入提取失败: mat1 and mat2 shapes cannot be multiplied (4x1 and 27x64)
2025-07-10 09:24:21,143 - ERROR - 图嵌入提取失败: mat1 and mat2 shapes cannot be multiplied (4x1 and 27x64)
2025-07-10 09:24:21,148 - ERROR - 图嵌入提取失败: mat1 and mat2 shapes cannot be multiplied (4x1 and 27x64)
2025-07-10 09:24:21,149 - INFO - 步骤 2: 添加边 ('01238640', '01410223', '_hypernym'), 当前相似度: 0.0000
2025-07-10 09:24:21,154 - ERROR - 图嵌入提取失败: mat1 and mat2 shapes cannot be multiplied (4x1 and 27x64)
2025-07-10 09:24:21,161 - ERROR - 图嵌入提取失败: mat1 and mat2 shapes cannot be multiplied (5x1 and 27x64)
2025-07-10 09:24:21,166 - ERROR - 图嵌入提取失败: mat1 and mat2 shapes cannot be multiplied (5x1 and 27x64)
2025-07-10 09:24:21,170 - ERROR - 图嵌入提取失败: mat1 and mat2 shapes cannot be multiplied (5x1 and 27x64)
2025-07-10 09:24:21,176 - ERROR - 图嵌入提取失败: mat1 and mat2 shapes cannot be multiplied (5x1 and 27x64)
2025-07-10 09:24:21,179 - ERROR - 图嵌入提取失败: mat1 and mat2 shapes cannot be multiplied (5x1 and 27x64)
2025-07-10 09:24:21,185 - ERROR - 图嵌入提取失败: mat1 and mat2 shapes cannot be multiplied (5x1 and 27x64)
2025-07-10 09:24:21,190 - ERROR - 图嵌入提取失败: mat1 and mat2 shapes cannot be multiplied (5x1 and 27x64)
2025-07-10 09:24:21,195 - ERROR - 图嵌入提取失败: mat1 and mat2 shapes cannot be multiplied (5x1 and 27x64)
2025-07-10 09:24:21,200 - ERROR - 图嵌入提取失败: mat1 and mat2 shapes cannot be multiplied (5x1 and 27x64)
2025-07-10 09:24:21,201 - INFO - 步骤 3: 添加边 ('01410223', '00125629', '_derivationally_related_form'), 当前相似度: 0.0000
2025-07-10 09:24:21,207 - ERROR - 图嵌入提取失败: mat1 and mat2 shapes cannot be multiplied (5x1 and 27x64)
2025-07-10 09:24:21,214 - ERROR - 图嵌入提取失败: mat1 and mat2 shapes cannot be multiplied (6x1 and 27x64)
2025-07-10 09:24:21,220 - ERROR - 图嵌入提取失败: mat1 and mat2 shapes cannot be multiplied (6x1 and 27x64)
2025-07-10 09:24:21,226 - ERROR - 图嵌入提取失败: mat1 and mat2 shapes cannot be multiplied (6x1 and 27x64)
2025-07-10 09:24:21,232 - ERROR - 图嵌入提取失败: mat1 and mat2 shapes cannot be multiplied (6x1 and 27x64)
2025-07-10 09:24:21,238 - ERROR - 图嵌入提取失败: mat1 and mat2 shapes cannot be multiplied (6x1 and 27x64)
2025-07-10 09:24:21,243 - ERROR - 图嵌入提取失败: mat1 and mat2 shapes cannot be multiplied (6x1 and 27x64)
2025-07-10 09:24:21,249 - ERROR - 图嵌入提取失败: mat1 and mat2 shapes cannot be multiplied (6x1 and 27x64)
2025-07-10 09:24:21,255 - ERROR - 图嵌入提取失败: mat1 and mat2 shapes cannot be multiplied (6x1 and 27x64)
2025-07-10 09:24:21,261 - ERROR - 图嵌入提取失败: mat1 and mat2 shapes cannot be multiplied (6x1 and 27x64)
2025-07-10 09:24:21,263 - INFO - 步骤 4: 添加边 ('01236164', '01410223', '_verb_group'), 当前相似度: 0.0000
2025-07-10 09:24:21,271 - ERROR - 图嵌入提取失败: mat1 and mat2 shapes cannot be multiplied (6x1 and 27x64)
2025-07-10 09:24:21,279 - ERROR - 图嵌入提取失败: mat1 and mat2 shapes cannot be multiplied (7x1 and 27x64)
2025-07-10 09:24:21,286 - ERROR - 图嵌入提取失败: mat1 and mat2 shapes cannot be multiplied (7x1 and 27x64)
2025-07-10 09:24:21,291 - ERROR - 图嵌入提取失败: mat1 and mat2 shapes cannot be multiplied (7x1 and 27x64)
2025-07-10 09:24:21,299 - ERROR - 图嵌入提取失败: mat1 and mat2 shapes cannot be multiplied (7x1 and 27x64)
2025-07-10 09:24:21,306 - ERROR - 图嵌入提取失败: mat1 and mat2 shapes cannot be multiplied (6x1 and 27x64)
2025-07-10 09:24:21,313 - ERROR - 图嵌入提取失败: mat1 and mat2 shapes cannot be multiplied (7x1 and 27x64)
2025-07-10 09:24:21,319 - ERROR - 图嵌入提取失败: mat1 and mat2 shapes cannot be multiplied (7x1 and 27x64)
2025-07-10 09:24:21,325 - ERROR - 图嵌入提取失败: mat1 and mat2 shapes cannot be multiplied (7x1 and 27x64)
2025-07-10 09:24:21,330 - ERROR - 图嵌入提取失败: mat1 and mat2 shapes cannot be multiplied (7x1 and 27x64)
2025-07-10 09:24:21,332 - INFO - 步骤 5: 添加边 ('01236164', '00125629', '_derivationally_related_form'), 当前相似度: 0.0000
2025-07-10 09:24:21,482 - ERROR - 图嵌入提取失败: mat1 and mat2 shapes cannot be multiplied (2x1 and 27x64)
2025-07-10 09:24:21,490 - ERROR - 图嵌入提取失败: mat1 and mat2 shapes cannot be multiplied (3x1 and 27x64)
2025-07-10 09:24:21,494 - ERROR - 图嵌入提取失败: mat1 and mat2 shapes cannot be multiplied (2x1 and 27x64)
2025-07-10 09:24:21,498 - ERROR - 图嵌入提取失败: mat1 and mat2 shapes cannot be multiplied (3x1 and 27x64)
2025-07-10 09:24:21,504 - ERROR - 图嵌入提取失败: mat1 and mat2 shapes cannot be multiplied (3x1 and 27x64)
2025-07-10 09:24:21,509 - ERROR - 图嵌入提取失败: mat1 and mat2 shapes cannot be multiplied (3x1 and 27x64)
2025-07-10 09:24:21,513 - ERROR - 图嵌入提取失败: mat1 and mat2 shapes cannot be multiplied (3x1 and 27x64)
2025-07-10 09:24:21,520 - ERROR - 图嵌入提取失败: mat1 and mat2 shapes cannot be multiplied (3x1 and 27x64)
2025-07-10 09:24:21,525 - ERROR - 图嵌入提取失败: mat1 and mat2 shapes cannot be multiplied (3x1 and 27x64)
2025-07-10 09:24:21,529 - ERROR - 图嵌入提取失败: mat1 and mat2 shapes cannot be multiplied (3x1 and 27x64)
2025-07-10 09:24:21,530 - INFO - 步骤 1: 添加边 ('01781478', '02055062', '_also_see'), 当前相似度: 0.0000
2025-07-10 09:24:21,533 - ERROR - 图嵌入提取失败: mat1 and mat2 shapes cannot be multiplied (3x1 and 27x64)
2025-07-10 09:24:21,537 - ERROR - 图嵌入提取失败: mat1 and mat2 shapes cannot be multiplied (4x1 and 27x64)
2025-07-10 09:24:21,541 - ERROR - 图嵌入提取失败: mat1 and mat2 shapes cannot be multiplied (3x1 and 27x64)
2025-07-10 09:24:21,547 - ERROR - 图嵌入提取失败: mat1 and mat2 shapes cannot be multiplied (4x1 and 27x64)
2025-07-10 09:24:21,553 - ERROR - 图嵌入提取失败: mat1 and mat2 shapes cannot be multiplied (4x1 and 27x64)
2025-07-10 09:24:21,559 - ERROR - 图嵌入提取失败: mat1 and mat2 shapes cannot be multiplied (4x1 and 27x64)
2025-07-10 09:24:21,564 - ERROR - 图嵌入提取失败: mat1 and mat2 shapes cannot be multiplied (4x1 and 27x64)
2025-07-10 09:24:21,569 - ERROR - 图嵌入提取失败: mat1 and mat2 shapes cannot be multiplied (4x1 and 27x64)
2025-07-10 09:24:21,574 - ERROR - 图嵌入提取失败: mat1 and mat2 shapes cannot be multiplied (4x1 and 27x64)
2025-07-10 09:24:21,578 - ERROR - 图嵌入提取失败: mat1 and mat2 shapes cannot be multiplied (4x1 and 27x64)
2025-07-10 09:24:21,579 - INFO - 步骤 2: 添加边 ('01781478', '02513269', '_also_see'), 当前相似度: 0.0000
2025-07-10 09:24:21,582 - ERROR - 图嵌入提取失败: mat1 and mat2 shapes cannot be multiplied (4x1 and 27x64)
2025-07-10 09:24:21,588 - ERROR - 图嵌入提取失败: mat1 and mat2 shapes cannot be multiplied (5x1 and 27x64)
2025-07-10 09:24:21,594 - ERROR - 图嵌入提取失败: mat1 and mat2 shapes cannot be multiplied (5x1 and 27x64)
