2025-07-17 06:49:41,658 - INFO - 成功加载预训练embedding
2025-07-17 06:49:42,007 - INFO - StructMatch系统初始化完成（集成语义增强）
2025-07-17 06:49:42,012 - INFO - 开始加载数据...
2025-07-17 06:49:43,943 - INFO - 成功加载知识图谱: 40559个实体, 11种关系, 86835个三元组
2025-07-17 06:49:43,978 - INFO - 成功加载15条规则
2025-07-17 06:49:43,982 - INFO - 数据加载完成
2025-07-17 06:49:43,994 - INFO - 收集规则第一个谓词对应的anchor: _verb_group
2025-07-17 06:49:44,157 - INFO - 收集到 1138 个anchor
2025-07-17 06:49:44,157 - INFO - 开始批量匹配，共1138个anchor
2025-07-17 06:49:44,158 - INFO - 处理第1/1138个anchor
2025-07-17 06:49:45,090 - INFO - 匹配成功: anchor ('01698271', '_verb_group', '01744611'), 得分: 0.7044
2025-07-17 06:49:49,136 - INFO - 匹配成功: anchor ('00267041', '_verb_group', '00266798'), 得分: 0.7824
2025-07-17 06:49:50,400 - INFO - 匹配成功: anchor ('01719302', '_verb_group', '01722077'), 得分: 0.7375
2025-07-17 06:49:51,125 - INFO - 匹配成功: anchor ('01113473', '_verb_group', '01140654'), 得分: 0.7463
2025-07-17 06:49:51,517 - INFO - 匹配成功: anchor ('00570003', '_verb_group', '00570205'), 得分: 0.7742
2025-07-17 06:49:52,674 - INFO - 匹配成功: anchor ('01930482', '_verb_group', '02056971'), 得分: 0.7984
2025-07-17 06:49:53,706 - INFO - 处理第101/1138个anchor
2025-07-17 06:49:57,441 - INFO - 匹配成功: anchor ('01941093', '_verb_group', '01840238'), 得分: 0.7852
2025-07-17 06:49:57,641 - INFO - 匹配成功: anchor ('01941093', '_verb_group', '01451842'), 得分: 0.7204
2025-07-17 06:49:57,738 - INFO - 匹配成功: anchor ('01840238', '_verb_group', '01941093'), 得分: 0.7636
2025-07-17 06:49:57,927 - INFO - 匹配成功: anchor ('02114056', '_verb_group', '02113850'), 得分: 0.7730
2025-07-17 06:49:58,587 - INFO - 匹配成功: anchor ('01313249', '_verb_group', '01360899'), 得分: 0.7918
2025-07-17 06:50:00,650 - INFO - 匹配成功: anchor ('01451842', '_verb_group', '01941093'), 得分: 0.7562
2025-07-17 06:50:01,869 - INFO - 处理第201/1138个anchor
2025-07-17 06:50:09,517 - INFO - 匹配成功: anchor ('01864038', '_verb_group', '02242256'), 得分: 0.8106
2025-07-17 06:50:10,612 - INFO - 处理第301/1138个anchor
2025-07-17 06:50:13,802 - INFO - 匹配成功: anchor ('01731031', '_verb_group', '01067816'), 得分: 0.7352
2025-07-17 06:50:14,079 - INFO - 匹配成功: anchor ('01930874', '_verb_group', '01930482'), 得分: 0.7792
2025-07-17 06:50:14,321 - INFO - 匹配成功: anchor ('00475183', '_verb_group', '00229026'), 得分: 0.7331
2025-07-17 06:50:15,571 - INFO - 匹配成功: anchor ('01140654', '_verb_group', '01113473'), 得分: 0.7139
2025-07-17 06:50:18,825 - INFO - 匹配成功: anchor ('02114433', '_verb_group', '02114056'), 得分: 0.7550
2025-07-17 06:50:19,627 - INFO - 处理第401/1138个anchor
2025-07-17 06:50:25,048 - INFO - 匹配成功: anchor ('02767760', '_verb_group', '02764765'), 得分: 0.7427
2025-07-17 06:50:28,733 - INFO - 处理第501/1138个anchor
2025-07-17 06:50:30,574 - INFO - 匹配成功: anchor ('02329578', '_verb_group', '02329733'), 得分: 0.7973
2025-07-17 06:50:31,452 - INFO - 匹配成功: anchor ('01406356', '_verb_group', '01406684'), 得分: 0.6619
2025-07-17 06:50:31,537 - INFO - 匹配成功: anchor ('01406356', '_verb_group', '01406512'), 得分: 0.7579
2025-07-17 06:50:31,987 - INFO - 匹配成功: anchor ('01751836', '_verb_group', '01741221'), 得分: 0.7715
2025-07-17 06:50:33,973 - INFO - 匹配成功: anchor ('00662589', '_verb_group', '02520997'), 得分: 0.7941
2025-07-17 06:50:35,121 - INFO - 匹配成功: anchor ('02742232', '_verb_group', '01930874'), 得分: 0.7568
2025-07-17 06:50:36,657 - INFO - 匹配成功: anchor ('02728570', '_verb_group', '02247028'), 得分: 0.7708
2025-07-17 06:50:37,791 - INFO - 处理第601/1138个anchor
2025-07-17 06:50:38,221 - INFO - 匹配成功: anchor ('01949966', '_verb_group', '01842508'), 得分: 0.7820
2025-07-17 06:50:38,527 - INFO - 匹配成功: anchor ('00949288', '_verb_group', '00640828'), 得分: 0.8026
2025-07-17 06:50:40,881 - INFO - 匹配成功: anchor ('01465054', '_verb_group', '00190180'), 得分: 0.7370
2025-07-17 06:50:42,019 - INFO - 匹配成功: anchor ('00229280', '_verb_group', '00229026'), 得分: 0.7733
2025-07-17 06:50:42,777 - INFO - 匹配成功: anchor ('01957529', '_verb_group', '02102398'), 得分: 0.7867
2025-07-17 06:50:45,438 - INFO - 匹配成功: anchor ('01726172', '_verb_group', '01725051'), 得分: 0.7815
2025-07-17 06:50:45,698 - INFO - 处理第701/1138个anchor
2025-07-17 06:50:48,974 - INFO - 匹配成功: anchor ('01847845', '_verb_group', '01941093'), 得分: 0.7685
2025-07-17 06:50:52,810 - INFO - 匹配成功: anchor ('02520997', '_verb_group', '00662589'), 得分: 0.8059
2025-07-17 06:50:54,061 - INFO - 匹配成功: anchor ('02329733', '_verb_group', '02329578'), 得分: 0.7851
2025-07-17 06:50:54,139 - INFO - 处理第801/1138个anchor
2025-07-17 06:50:54,318 - INFO - 匹配成功: anchor ('02242256', '_verb_group', '01864038'), 得分: 0.7768
2025-07-17 06:50:54,771 - INFO - 匹配成功: anchor ('00748616', '_verb_group', '01069638'), 得分: 0.7489
2025-07-17 06:50:56,326 - INFO - 匹配成功: anchor ('01364184', '_verb_group', '00542809'), 得分: 0.7438
2025-07-17 06:50:58,601 - INFO - 匹配成功: anchor ('01060746', '_verb_group', '01069638'), 得分: 0.7577
2025-07-17 06:50:58,687 - INFO - 匹配成功: anchor ('01069638', '_verb_group', '00748616'), 得分: 0.7389
2025-07-17 06:50:58,788 - INFO - 匹配成功: anchor ('01069638', '_verb_group', '01060746'), 得分: 0.7920
2025-07-17 06:50:59,815 - INFO - 匹配成功: anchor ('00654015', '_verb_group', '00654258'), 得分: 0.7841
2025-07-17 06:51:00,288 - INFO - 匹配成功: anchor ('01406512', '_verb_group', '01406356'), 得分: 0.7547
2025-07-17 06:51:01,729 - INFO - 匹配成功: anchor ('02247028', '_verb_group', '02728570'), 得分: 0.7922
2025-07-17 06:51:02,656 - INFO - 匹配成功: anchor ('01308681', '_verb_group', '00506952'), 得分: 0.6956
2025-07-17 06:51:02,913 - INFO - 处理第901/1138个anchor
2025-07-17 06:51:05,021 - INFO - 匹配成功: anchor ('00542809', '_verb_group', '01364184'), 得分: 0.7741
2025-07-17 06:51:05,189 - INFO - 匹配成功: anchor ('02113850', '_verb_group', '02114433'), 得分: 0.7763
2025-07-17 06:51:05,284 - INFO - 匹配成功: anchor ('02113850', '_verb_group', '02114056'), 得分: 0.6646
2025-07-17 06:51:06,033 - INFO - 匹配成功: anchor ('01067816', '_verb_group', '01731031'), 得分: 0.7907
2025-07-17 06:51:06,404 - INFO - 匹配成功: anchor ('02030764', '_verb_group', '02073233'), 得分: 0.7600
2025-07-17 06:51:07,611 - INFO - 匹配成功: anchor ('01585523', '_verb_group', '00086320'), 得分: 0.7478
2025-07-17 06:51:07,789 - INFO - 匹配成功: anchor ('00575169', '_verb_group', '00574996'), 得分: 0.7646
2025-07-17 06:51:09,181 - INFO - 匹配成功: anchor ('01203074', '_verb_group', '01740320'), 得分: 0.7925
2025-07-17 06:51:09,268 - INFO - 匹配成功: anchor ('01740320', '_verb_group', '01203074'), 得分: 0.7982
2025-07-17 06:51:09,588 - INFO - 匹配成功: anchor ('01731353', '_verb_group', '01730384'), 得分: 0.7791
2025-07-17 06:51:11,177 - INFO - 处理第1001/1138个anchor
2025-07-17 06:51:16,083 - INFO - 匹配成功: anchor ('01084588', '_verb_group', '01084866'), 得分: 0.7338
2025-07-17 06:51:18,045 - INFO - 匹配成功: anchor ('01863158', '_verb_group', '01863410'), 得分: 0.7682
2025-07-17 06:51:19,151 - INFO - 处理第1101/1138个anchor
2025-07-17 06:51:20,643 - INFO - 匹配成功: anchor ('01863410', '_verb_group', '01863158'), 得分: 0.8163
2025-07-17 06:51:21,001 - INFO - 匹配成功: anchor ('00570205', '_verb_group', '00570003'), 得分: 0.8181
2025-07-17 06:51:22,219 - INFO - 批量匹配完成: 59/1138 成功匹配
2025-07-17 06:51:22,335 - INFO - 结果已保存到: results.json
