2025-07-09 09:06:06,030 - INFO - 成功加载预训练embedding
2025-07-09 09:06:06,112 - WARNING - 加载训练模型失败: No module named 'simple_train'
2025-07-09 09:06:06,114 - INFO - StructMatch系统初始化完成（集成语义增强）
2025-07-09 09:06:06,115 - INFO - 开始加载数据...
2025-07-09 09:06:07,222 - INFO - 成功加载知识图谱: 40559个实体, 11种关系, 86835个三元组
2025-07-09 09:06:07,222 - INFO - 成功加载2条规则
2025-07-09 09:06:07,223 - INFO - 数据加载完成
2025-07-09 09:06:07,399 - INFO - 开始批量匹配，共100个anchor，规则ID: rule_001
2025-07-09 09:06:07,399 - INFO - 规则关系类型: {'_also_see', '_synset_domain_topic_of'}
2025-07-09 09:06:07,400 - INFO - 原始anchor数量: 100
2025-07-09 09:06:07,400 - INFO - 优先关系anchor: 9, 其他关系anchor: 50
2025-07-09 09:06:07,410 - INFO - 筛选后总anchor数量: 59
2025-07-09 09:06:07,410 - INFO - 智能筛选后，保留59个相关anchor
2025-07-09 09:06:07,411 - INFO - 处理第1/59个anchor
2025-07-09 09:06:07,412 - INFO - 开始处理anchor: ('00260881', '_synset_domain_topic_of', '01124794')
2025-07-09 09:06:07,438 - INFO - 最大扩展步数: 2
2025-07-09 09:06:07,565 - INFO - 步骤 1: 添加边 ('01124794', '02586619', '_derivationally_related_form'), 相似度提升: 0.0508
2025-07-09 09:06:07,752 - INFO - 步骤 2: 添加边 ('08050678', '02586619', '_derivationally_related_form'), 相似度提升: 0.0265
2025-07-09 09:06:07,761 - INFO - 匹配成功: True
2025-07-09 09:06:07,762 - INFO - 匹配得分: 0.9570
2025-07-09 09:06:07,762 - INFO - 扩展子图节点: ['00260881', '01124794', '02586619', '08050678']
2025-07-09 09:06:07,763 - INFO - 扩展子图边: [('00260881', '01124794', {'relation': '_synset_domain_topic_of'}), ('01124794', '02586619', {'relation': '_derivationally_related_form'}), ('08050678', '02586619', {'relation': '_derivationally_related_form'})]
2025-07-09 09:06:07,763 - INFO - 处理第2/59个anchor
2025-07-09 09:06:07,764 - INFO - 开始处理anchor: ('02636811', '_synset_domain_topic_of', '06083243')
2025-07-09 09:06:07,770 - INFO - 最大扩展步数: 2
2025-07-09 09:06:07,896 - INFO - 步骤 1: 添加边 ('06073494', '06083243', '_hypernym'), 相似度提升: 0.0137
2025-07-09 09:06:08,025 - INFO - 步骤 2: 添加边 ('01769347', '02636811', '_derivationally_related_form'), 相似度提升: 0.0040
2025-07-09 09:06:08,034 - INFO - 匹配成功: True
2025-07-09 09:06:08,034 - INFO - 匹配得分: 0.9723
2025-07-09 09:06:08,035 - INFO - 扩展子图节点: ['02636811', '06083243', '06073494', '01769347']
2025-07-09 09:06:08,035 - INFO - 扩展子图边: [('02636811', '06083243', {'relation': '_synset_domain_topic_of'}), ('06073494', '06083243', {'relation': '_hypernym'}), ('01769347', '02636811', {'relation': '_derivationally_related_form'})]
2025-07-09 09:06:08,035 - INFO - 处理第3/59个anchor
2025-07-09 09:06:08,035 - INFO - 开始处理anchor: ('01974062', '_also_see', '01976089')
2025-07-09 09:06:08,040 - INFO - 最大扩展步数: 2
2025-07-09 09:06:08,282 - INFO - 步骤 1: 添加边 ('01380638', '01976089', '_also_see'), 相似度提升: 0.0126
2025-07-09 09:06:08,796 - INFO - 步骤 2: 添加边 ('01455754', '01974062', '_hypernym'), 相似度提升: 0.0559
2025-07-09 09:06:08,825 - INFO - 匹配成功: True
2025-07-09 09:06:08,826 - INFO - 匹配得分: 0.9522
2025-07-09 09:06:08,826 - INFO - 扩展子图节点: ['01974062', '01976089', '01380638', '01455754']
2025-07-09 09:06:08,827 - INFO - 扩展子图边: [('01974062', '01976089', {'relation': '_also_see'}), ('01380638', '01976089', {'relation': '_also_see'}), ('01455754', '01974062', {'relation': '_hypernym'})]
2025-07-09 09:06:08,827 - INFO - 处理第4/59个anchor
2025-07-09 09:06:08,827 - INFO - 开始处理anchor: ('00057306', '_synset_domain_topic_of', '08199025')
2025-07-09 09:06:08,835 - INFO - 最大扩展步数: 2
2025-07-09 09:06:09,245 - INFO - 步骤 1: 添加边 ('09899782', '08199025', '_synset_domain_topic_of'), 相似度提升: 0.0336
2025-07-09 09:06:09,651 - INFO - 步骤 2: 添加边 ('00331531', '08199025', '_synset_domain_topic_of'), 相似度提升: 0.0520
2025-07-09 09:06:09,657 - INFO - 匹配成功: True
2025-07-09 09:06:09,657 - INFO - 匹配得分: 0.9271
2025-07-09 09:06:09,657 - INFO - 扩展子图节点: ['00057306', '08199025', '09899782', '00331531']
2025-07-09 09:06:09,658 - INFO - 扩展子图边: [('00057306', '08199025', {'relation': '_synset_domain_topic_of'}), ('09899782', '08199025', {'relation': '_synset_domain_topic_of'}), ('00331531', '08199025', {'relation': '_synset_domain_topic_of'})]
2025-07-09 09:06:09,659 - INFO - 处理第5/59个anchor
2025-07-09 09:06:09,659 - INFO - 开始处理anchor: ('00056912', '_synset_domain_topic_of', '08199025')
2025-07-09 09:06:09,666 - INFO - 最大扩展步数: 2
2025-07-09 09:06:10,064 - INFO - 步骤 1: 添加边 ('03550153', '08199025', '_synset_domain_topic_of'), 相似度提升: 0.0671
2025-07-09 09:06:10,530 - INFO - 步骤 2: 添加边 ('02740300', '08199025', '_synset_domain_topic_of'), 相似度提升: 0.0407
2025-07-09 09:06:10,540 - INFO - 匹配成功: True
2025-07-09 09:06:10,540 - INFO - 匹配得分: 0.9192
2025-07-09 09:06:10,541 - INFO - 扩展子图节点: ['00056912', '08199025', '03550153', '02740300']
2025-07-09 09:06:10,541 - INFO - 扩展子图边: [('00056912', '08199025', {'relation': '_synset_domain_topic_of'}), ('03550153', '08199025', {'relation': '_synset_domain_topic_of'}), ('02740300', '08199025', {'relation': '_synset_domain_topic_of'})]
2025-07-09 09:06:10,541 - INFO - 处理第6/59个anchor
2025-07-09 09:06:10,542 - INFO - 开始处理anchor: ('10341660', '_synset_domain_topic_of', '06037666')
2025-07-09 09:06:10,551 - INFO - 最大扩展步数: 2
2025-07-09 09:06:10,928 - INFO - 步骤 1: 添加边 ('08111419', '06037666', '_synset_domain_topic_of'), 相似度提升: 0.0416
2025-07-09 09:06:11,240 - INFO - 步骤 2: 添加边 ('08102555', '06037666', '_synset_domain_topic_of'), 相似度提升: 0.0540
2025-07-09 09:06:11,247 - INFO - 匹配成功: True
2025-07-09 09:06:11,248 - INFO - 匹配得分: 0.9164
2025-07-09 09:06:11,248 - INFO - 扩展子图节点: ['10341660', '06037666', '08111419', '08102555']
2025-07-09 09:06:11,248 - INFO - 扩展子图边: [('10341660', '06037666', {'relation': '_synset_domain_topic_of'}), ('08111419', '06037666', {'relation': '_synset_domain_topic_of'}), ('08102555', '06037666', {'relation': '_synset_domain_topic_of'})]
2025-07-09 09:06:11,248 - INFO - 处理第7/59个anchor
2025-07-09 09:06:11,249 - INFO - 开始处理anchor: ('01698271', '_also_see', '01754576')
2025-07-09 09:06:11,254 - INFO - 最大扩展步数: 2
2025-07-09 09:06:11,371 - INFO - 步骤 1: 添加边 ('01699700', '01698271', '_hypernym'), 相似度提升: 0.0329
2025-07-09 09:06:11,488 - INFO - 步骤 2: 添加边 ('01754576', '01698271', '_hypernym'), 相似度提升: 0.0076
2025-07-09 09:06:11,495 - INFO - 匹配成功: True
2025-07-09 09:06:11,496 - INFO - 匹配得分: 0.9454
2025-07-09 09:06:11,496 - INFO - 扩展子图节点: ['01698271', '01754576', '01699700']
2025-07-09 09:06:11,497 - INFO - 扩展子图边: [('01698271', '01754576', {'relation': '_also_see'}), ('01754576', '01698271', {'relation': '_hypernym'}), ('01699700', '01698271', {'relation': '_hypernym'})]
2025-07-09 09:06:11,499 - INFO - 处理第8/59个anchor
2025-07-09 09:06:11,499 - INFO - 开始处理anchor: ('01698271', '_synset_domain_topic_of', '00929718')
2025-07-09 09:06:11,502 - INFO - 最大扩展步数: 2
2025-07-09 09:06:11,707 - INFO - 步骤 1: 添加边 ('01754576', '01698271', '_hypernym'), 相似度提升: 0.0868
2025-07-09 09:06:11,911 - INFO - 步骤 2: 添加边 ('01704752', '00929718', '_synset_domain_topic_of'), 相似度提升: 0.0266
2025-07-09 09:06:11,918 - INFO - 匹配成功: True
2025-07-09 09:06:11,919 - INFO - 匹配得分: 0.9582
2025-07-09 09:06:11,919 - INFO - 扩展子图节点: ['01698271', '00929718', '01754576', '01704752']
2025-07-09 09:06:11,919 - INFO - 扩展子图边: [('01698271', '00929718', {'relation': '_synset_domain_topic_of'}), ('01754576', '01698271', {'relation': '_hypernym'}), ('01704752', '00929718', {'relation': '_synset_domain_topic_of'})]
2025-07-09 09:06:11,919 - INFO - 处理第9/59个anchor
2025-07-09 09:06:11,919 - INFO - 开始处理anchor: ('01754576', '_synset_domain_topic_of', '00929718')
2025-07-09 09:06:11,924 - INFO - 最大扩展步数: 2
2025-07-09 09:06:12,037 - INFO - 步骤 1: 添加边 ('00929718', '10794014', '_derivationally_related_form'), 相似度提升: 0.0265
2025-07-09 09:06:12,367 - INFO - 步骤 2: 添加边 ('00931453', '00929718', '_hypernym'), 相似度提升: 0.0445
2025-07-09 09:06:12,373 - INFO - 匹配成功: True
2025-07-09 09:06:12,374 - INFO - 匹配得分: 0.9728
2025-07-09 09:06:12,374 - INFO - 扩展子图节点: ['01754576', '00929718', '10794014', '00931453']
2025-07-09 09:06:12,375 - INFO - 扩展子图边: [('01754576', '00929718', {'relation': '_synset_domain_topic_of'}), ('00929718', '10794014', {'relation': '_derivationally_related_form'}), ('00931453', '00929718', {'relation': '_hypernym'})]
2025-07-09 09:06:12,375 - INFO - 处理第10/59个anchor
2025-07-09 09:06:12,376 - INFO - 开始处理anchor: ('00260881', '_hypernym', '00260622')
2025-07-09 09:06:12,382 - INFO - 最大扩展步数: 2
2025-07-09 09:06:12,412 - INFO - 步骤 1: 添加边 ('00265673', '00260622', '_derivationally_related_form'), 相似度提升: 0.0471
2025-07-09 09:06:12,451 - INFO - 步骤 2: 添加边 ('00260622', '00265673', '_derivationally_related_form'), 相似度提升: 0.0219
2025-07-09 09:06:12,458 - INFO - 匹配成功: True
2025-07-09 09:06:12,458 - INFO - 匹配得分: 0.9055
2025-07-09 09:06:12,459 - INFO - 扩展子图节点: ['00260881', '00260622', '00265673']
2025-07-09 09:06:12,459 - INFO - 扩展子图边: [('00260881', '00260622', {'relation': '_hypernym'}), ('00260622', '00265673', {'relation': '_derivationally_related_form'}), ('00265673', '00260622', {'relation': '_derivationally_related_form'})]
2025-07-09 09:06:12,460 - INFO - 处理第11/59个anchor
2025-07-09 09:06:12,460 - INFO - 开始处理anchor: ('00260622', '_derivationally_related_form', '00265386')
2025-07-09 09:06:12,468 - INFO - 最大扩展步数: 2
2025-07-09 09:06:12,526 - INFO - 步骤 1: 添加边 ('00265673', '00260622', '_derivationally_related_form'), 相似度提升: 0.0510
2025-07-09 09:06:12,587 - INFO - 步骤 2: 添加边 ('00260622', '00248977', '_hypernym'), 相似度提升: 0.0346
2025-07-09 09:06:12,594 - INFO - 匹配成功: True
2025-07-09 09:06:12,594 - INFO - 匹配得分: 0.9609
2025-07-09 09:06:12,595 - INFO - 扩展子图节点: ['00260622', '00265386', '00265673', '00248977']
2025-07-09 09:06:12,595 - INFO - 扩展子图边: [('00260622', '00265386', {'relation': '_derivationally_related_form'}), ('00260622', '00248977', {'relation': '_hypernym'}), ('00265673', '00260622', {'relation': '_derivationally_related_form'})]
2025-07-09 09:06:12,596 - INFO - 处理第12/59个anchor
2025-07-09 09:06:12,596 - INFO - 开始处理anchor: ('00260622', '_hypernym', '00248977')
2025-07-09 09:06:12,602 - INFO - 最大扩展步数: 2
2025-07-09 09:06:12,674 - INFO - 步骤 1: 添加边 ('00251013', '00248977', '_hypernym'), 相似度提升: 0.0596
2025-07-09 09:06:12,832 - INFO - 步骤 2: 添加边 ('00265119', '00248977', '_hypernym'), 相似度提升: 0.0054
2025-07-09 09:06:12,838 - INFO - 匹配成功: True
2025-07-09 09:06:12,839 - INFO - 匹配得分: 0.9152
2025-07-09 09:06:12,839 - INFO - 扩展子图节点: ['00260622', '00248977', '00251013', '00265119']
2025-07-09 09:06:12,839 - INFO - 扩展子图边: [('00260622', '00248977', {'relation': '_hypernym'}), ('00251013', '00248977', {'relation': '_hypernym'}), ('00265119', '00248977', {'relation': '_hypernym'})]
2025-07-09 09:06:12,839 - INFO - 处理第13/59个anchor
2025-07-09 09:06:12,839 - INFO - 开始处理anchor: ('00260622', '_derivationally_related_form', '00265673')
2025-07-09 09:06:12,845 - INFO - 最大扩展步数: 2
2025-07-09 09:06:12,886 - INFO - 步骤 1: 添加边 ('00260622', '00265386', '_derivationally_related_form'), 相似度提升: 0.0355
2025-07-09 09:06:12,946 - INFO - 步骤 2: 添加边 ('00260881', '00260622', '_hypernym'), 相似度提升: 0.0201
2025-07-09 09:06:12,953 - INFO - 匹配成功: True
2025-07-09 09:06:12,953 - INFO - 匹配得分: 0.9553
2025-07-09 09:06:12,954 - INFO - 扩展子图节点: ['00260622', '00265673', '00265386', '00260881']
2025-07-09 09:06:12,954 - INFO - 扩展子图边: [('00260622', '00265673', {'relation': '_derivationally_related_form'}), ('00260622', '00265386', {'relation': '_derivationally_related_form'}), ('00260881', '00260622', {'relation': '_hypernym'})]
2025-07-09 09:06:12,954 - INFO - 处理第14/59个anchor
2025-07-09 09:06:12,954 - INFO - 开始处理anchor: ('01332730', '_derivationally_related_form', '03122748')
2025-07-09 09:06:12,960 - INFO - 最大扩展步数: 2
2025-07-09 09:06:13,164 - INFO - 步骤 1: 添加边 ('03122748', '00021939', '_hypernym'), 相似度提升: 0.0425
2025-07-09 09:06:13,519 - INFO - 步骤 2: 添加边 ('03848729', '00021939', '_hypernym'), 相似度提升: 0.1071
2025-07-09 09:06:13,524 - INFO - 匹配成功: True
2025-07-09 09:06:13,525 - INFO - 匹配得分: 0.8983
2025-07-09 09:06:13,525 - INFO - 扩展子图节点: ['01332730', '03122748', '00021939', '03848729']
2025-07-09 09:06:13,525 - INFO - 扩展子图边: [('01332730', '03122748', {'relation': '_derivationally_related_form'}), ('03122748', '00021939', {'relation': '_hypernym'}), ('03848729', '00021939', {'relation': '_hypernym'})]
2025-07-09 09:06:13,525 - INFO - 处理第15/59个anchor
2025-07-09 09:06:13,526 - INFO - 开始处理anchor: ('01332730', '_derivationally_related_form', '02840619')
2025-07-09 09:06:13,533 - INFO - 最大扩展步数: 2
2025-07-09 09:06:13,704 - INFO - 步骤 1: 添加边 ('01338113', '01332730', '_hypernym'), 相似度提升: 0.0147
2025-07-09 09:06:13,881 - INFO - 步骤 2: 添加边 ('01365131', '01332730', '_hypernym'), 相似度提升: 0.0818
2025-07-09 09:06:13,888 - INFO - 匹配成功: True
2025-07-09 09:06:13,889 - INFO - 匹配得分: 0.9460
2025-07-09 09:06:13,889 - INFO - 扩展子图节点: ['01332730', '02840619', '01338113', '01365131']
2025-07-09 09:06:13,889 - INFO - 扩展子图边: [('01332730', '02840619', {'relation': '_derivationally_related_form'}), ('01338113', '01332730', {'relation': '_hypernym'}), ('01365131', '01332730', {'relation': '_hypernym'})]
2025-07-09 09:06:13,889 - INFO - 处理第16/59个anchor
2025-07-09 09:06:13,889 - INFO - 开始处理anchor: ('01332730', '_verb_group', '01336635')
2025-07-09 09:06:13,896 - INFO - 最大扩展步数: 2
2025-07-09 09:06:14,064 - INFO - 步骤 1: 添加边 ('01338113', '01332730', '_hypernym'), 相似度提升: 0.0494
2025-07-09 09:06:14,231 - INFO - 步骤 2: 相似度提升不足 (0.0007), 停止扩展
2025-07-09 09:06:14,236 - INFO - 匹配成功: True
2025-07-09 09:06:14,237 - INFO - 匹配得分: 0.9623
2025-07-09 09:06:14,237 - INFO - 扩展子图节点: ['01332730', '01336635', '01338113']
2025-07-09 09:06:14,237 - INFO - 扩展子图边: [('01332730', '01336635', {'relation': '_verb_group'}), ('01338113', '01332730', {'relation': '_hypernym'})]
2025-07-09 09:06:14,237 - INFO - 处理第17/59个anchor
2025-07-09 09:06:14,237 - INFO - 开始处理anchor: ('01332730', '_verb_group', '01207951')
2025-07-09 09:06:14,242 - INFO - 最大扩展步数: 2
2025-07-09 09:06:14,421 - INFO - 步骤 1: 相似度提升不足 (-0.0001), 停止扩展
2025-07-09 09:06:14,425 - INFO - 匹配成功: True
2025-07-09 09:06:14,427 - INFO - 匹配得分: 0.9379
2025-07-09 09:06:14,427 - INFO - 扩展子图节点: ['01332730', '01207951']
2025-07-09 09:06:14,428 - INFO - 扩展子图边: [('01332730', '01207951', {'relation': '_verb_group'})]
2025-07-09 09:06:14,428 - INFO - 处理第18/59个anchor
2025-07-09 09:06:14,428 - INFO - 开始处理anchor: ('01332730', '_derivationally_related_form', '04151940')
2025-07-09 09:06:14,436 - INFO - 最大扩展步数: 2
2025-07-09 09:06:14,635 - INFO - 步骤 1: 添加边 ('01264283', '01332730', '_hypernym'), 相似度提升: 0.0903
2025-07-09 09:06:14,896 - INFO - 步骤 2: 添加边 ('01332730', '02840619', '_derivationally_related_form'), 相似度提升: 0.0702
2025-07-09 09:06:14,903 - INFO - 匹配成功: True
2025-07-09 09:06:14,903 - INFO - 匹配得分: 0.9197
2025-07-09 09:06:14,904 - INFO - 扩展子图节点: ['01332730', '04151940', '01264283', '02840619']
2025-07-09 09:06:14,904 - INFO - 扩展子图边: [('01332730', '04151940', {'relation': '_derivationally_related_form'}), ('01332730', '02840619', {'relation': '_derivationally_related_form'}), ('01264283', '01332730', {'relation': '_hypernym'})]
2025-07-09 09:06:14,904 - INFO - 处理第19/59个anchor
2025-07-09 09:06:14,904 - INFO - 开始处理anchor: ('03122748', '_derivationally_related_form', '01332730')
2025-07-09 09:06:14,909 - INFO - 最大扩展步数: 2
2025-07-09 09:06:15,107 - INFO - 步骤 1: 添加边 ('03724870', '03122748', '_hypernym'), 相似度提升: 0.0378
2025-07-09 09:06:15,318 - INFO - 步骤 2: 添加边 ('02840619', '01332730', '_derivationally_related_form'), 相似度提升: 0.0364
2025-07-09 09:06:15,325 - INFO - 匹配成功: True
2025-07-09 09:06:15,325 - INFO - 匹配得分: 0.9601
2025-07-09 09:06:15,325 - INFO - 扩展子图节点: ['03122748', '01332730', '03724870', '02840619']
2025-07-09 09:06:15,326 - INFO - 扩展子图边: [('03122748', '01332730', {'relation': '_derivationally_related_form'}), ('03724870', '03122748', {'relation': '_hypernym'}), ('02840619', '01332730', {'relation': '_derivationally_related_form'})]
2025-07-09 09:06:15,326 - INFO - 处理第20/59个anchor
2025-07-09 09:06:15,327 - INFO - 开始处理anchor: ('03122748', '_hypernym', '00021939')
2025-07-09 09:06:15,333 - INFO - 最大扩展步数: 2
2025-07-09 09:06:15,537 - INFO - 步骤 1: 添加边 ('03129123', '00021939', '_hypernym'), 相似度提升: 0.0307
2025-07-09 09:06:15,760 - INFO - 步骤 2: 添加边 ('04188643', '00021939', '_hypernym'), 相似度提升: 0.0311
2025-07-09 09:06:15,769 - INFO - 匹配成功: True
2025-07-09 09:06:15,769 - INFO - 匹配得分: 0.9342
2025-07-09 09:06:15,769 - INFO - 扩展子图节点: ['03122748', '00021939', '03129123', '04188643']
2025-07-09 09:06:15,769 - INFO - 扩展子图边: [('03122748', '00021939', {'relation': '_hypernym'}), ('03129123', '00021939', {'relation': '_hypernym'}), ('04188643', '00021939', {'relation': '_hypernym'})]
2025-07-09 09:06:15,771 - INFO - 处理第21/59个anchor
2025-07-09 09:06:15,780 - INFO - 开始处理anchor: ('06066555', '_derivationally_related_form', '00645415')
2025-07-09 09:06:15,787 - INFO - 最大扩展步数: 2
2025-07-09 09:06:15,933 - INFO - 步骤 1: 添加边 ('10346514', '06066555', '_synset_domain_topic_of'), 相似度提升: 0.0783
2025-07-09 09:06:16,089 - INFO - 步骤 2: 添加边 ('11553240', '06066555', '_synset_domain_topic_of'), 相似度提升: 0.0291
2025-07-09 09:06:16,098 - INFO - 匹配成功: True
2025-07-09 09:06:16,098 - INFO - 匹配得分: 0.9387
2025-07-09 09:06:16,099 - INFO - 扩展子图节点: ['06066555', '00645415', '10346514', '11553240']
2025-07-09 09:06:16,100 - INFO - 扩展子图边: [('06066555', '00645415', {'relation': '_derivationally_related_form'}), ('10346514', '06066555', {'relation': '_synset_domain_topic_of'}), ('11553240', '06066555', {'relation': '_synset_domain_topic_of'})]
2025-07-09 09:06:16,100 - INFO - 处理第22/59个anchor
2025-07-09 09:06:16,100 - INFO - 开始处理anchor: ('06066555', '_derivationally_related_form', '09868270')
2025-07-09 09:06:16,104 - INFO - 最大扩展步数: 2
2025-07-09 09:06:16,286 - INFO - 步骤 1: 添加边 ('09426621', '06066555', '_synset_domain_topic_of'), 相似度提升: 0.0577
2025-07-09 09:06:16,446 - INFO - 步骤 2: 添加边 ('00017222', '06066555', '_synset_domain_topic_of'), 相似度提升: 0.0439
2025-07-09 09:06:16,454 - INFO - 匹配成功: True
2025-07-09 09:06:16,454 - INFO - 匹配得分: 0.9544
2025-07-09 09:06:16,454 - INFO - 扩展子图节点: ['06066555', '09868270', '09426621', '00017222']
2025-07-09 09:06:16,455 - INFO - 扩展子图边: [('06066555', '09868270', {'relation': '_derivationally_related_form'}), ('09426621', '06066555', {'relation': '_synset_domain_topic_of'}), ('00017222', '06066555', {'relation': '_synset_domain_topic_of'})]
2025-07-09 09:06:16,455 - INFO - 处理第23/59个anchor
2025-07-09 09:06:16,455 - INFO - 开始处理anchor: ('06066555', '_hypernym', '06037666')
2025-07-09 09:06:16,461 - INFO - 最大扩展步数: 2
2025-07-09 09:06:16,857 - INFO - 步骤 1: 添加边 ('08110373', '06037666', '_synset_domain_topic_of'), 相似度提升: 0.0907
2025-07-09 09:06:17,272 - INFO - 步骤 2: 添加边 ('02244619', '06066555', '_synset_domain_topic_of'), 相似度提升: 0.0328
2025-07-09 09:06:17,280 - INFO - 匹配成功: True
2025-07-09 09:06:17,281 - INFO - 匹配得分: 0.9428
2025-07-09 09:06:17,281 - INFO - 扩展子图节点: ['06066555', '06037666', '08110373', '02244619']
2025-07-09 09:06:17,282 - INFO - 扩展子图边: [('06066555', '06037666', {'relation': '_hypernym'}), ('08110373', '06037666', {'relation': '_synset_domain_topic_of'}), ('02244619', '06066555', {'relation': '_synset_domain_topic_of'})]
2025-07-09 09:06:17,282 - INFO - 处理第24/59个anchor
2025-07-09 09:06:17,282 - INFO - 开始处理anchor: ('00645415', '_derivationally_related_form', '06066555')
2025-07-09 09:06:17,287 - INFO - 最大扩展步数: 2
2025-07-09 09:06:17,439 - INFO - 步骤 1: 添加边 ('02245403', '06066555', '_synset_domain_topic_of'), 相似度提升: 0.0222
2025-07-09 09:06:17,600 - INFO - 步骤 2: 添加边 ('02244619', '06066555', '_synset_domain_topic_of'), 相似度提升: 0.0353
2025-07-09 09:06:17,606 - INFO - 匹配成功: True
2025-07-09 09:06:17,606 - INFO - 匹配得分: 0.9557
2025-07-09 09:06:17,607 - INFO - 扩展子图节点: ['00645415', '06066555', '02245403', '02244619']
2025-07-09 09:06:17,607 - INFO - 扩展子图边: [('00645415', '06066555', {'relation': '_derivationally_related_form'}), ('02245403', '06066555', {'relation': '_synset_domain_topic_of'}), ('02244619', '06066555', {'relation': '_synset_domain_topic_of'})]
2025-07-09 09:06:17,607 - INFO - 处理第25/59个anchor
2025-07-09 09:06:17,608 - INFO - 开始处理anchor: ('00645415', '_hypernym', '00643473')
2025-07-09 09:06:17,613 - INFO - 最大扩展步数: 2
2025-07-09 09:06:17,674 - INFO - 步骤 1: 添加边 ('00643473', '09790482', '_derivationally_related_form'), 相似度提升: 0.0475
2025-07-09 09:06:17,749 - INFO - 步骤 2: 添加边 ('06066555', '00645415', '_derivationally_related_form'), 相似度提升: 0.0184
2025-07-09 09:06:17,756 - INFO - 匹配成功: True
2025-07-09 09:06:17,756 - INFO - 匹配得分: 0.9430
2025-07-09 09:06:17,756 - INFO - 扩展子图节点: ['00645415', '00643473', '09790482', '06066555']
2025-07-09 09:06:17,757 - INFO - 扩展子图边: [('00645415', '00643473', {'relation': '_hypernym'}), ('00643473', '09790482', {'relation': '_derivationally_related_form'}), ('06066555', '00645415', {'relation': '_derivationally_related_form'})]
2025-07-09 09:06:17,757 - INFO - 处理第26/59个anchor
2025-07-09 09:06:17,757 - INFO - 开始处理anchor: ('09322930', '_instance_hypernym', '09360122')
2025-07-09 09:06:17,765 - INFO - 最大扩展步数: 2
2025-07-09 09:06:17,923 - INFO - 步骤 1: 添加边 ('09251832', '09360122', '_instance_hypernym'), 相似度提升: 0.0788
2025-07-09 09:06:18,090 - INFO - 步骤 2: 添加边 ('09290626', '09360122', '_instance_hypernym'), 相似度提升: 0.0524
2025-07-09 09:06:18,098 - INFO - 匹配成功: True
2025-07-09 09:06:18,099 - INFO - 匹配得分: 0.9538
2025-07-09 09:06:18,099 - INFO - 扩展子图节点: ['09322930', '09360122', '09251832', '09290626']
2025-07-09 09:06:18,100 - INFO - 扩展子图边: [('09322930', '09360122', {'relation': '_instance_hypernym'}), ('09251832', '09360122', {'relation': '_instance_hypernym'}), ('09290626', '09360122', {'relation': '_instance_hypernym'})]
2025-07-09 09:06:18,100 - INFO - 处理第27/59个anchor
2025-07-09 09:06:18,100 - INFO - 开始处理anchor: ('09360122', '_hypernym', '08617963')
2025-07-09 09:06:18,105 - INFO - 最大扩展步数: 2
2025-07-09 09:06:18,286 - INFO - 步骤 1: 添加边 ('09396275', '09360122', '_instance_hypernym'), 相似度提升: 0.0357
2025-07-09 09:06:18,478 - INFO - 步骤 2: 添加边 ('09197945', '09360122', '_instance_hypernym'), 相似度提升: 0.0451
2025-07-09 09:06:18,486 - INFO - 匹配成功: True
2025-07-09 09:06:18,486 - INFO - 匹配得分: 0.9496
2025-07-09 09:06:18,486 - INFO - 扩展子图节点: ['09360122', '08617963', '09396275', '09197945']
2025-07-09 09:06:18,487 - INFO - 扩展子图边: [('09360122', '08617963', {'relation': '_hypernym'}), ('09396275', '09360122', {'relation': '_instance_hypernym'}), ('09197945', '09360122', {'relation': '_instance_hypernym'})]
2025-07-09 09:06:18,487 - INFO - 处理第28/59个anchor
2025-07-09 09:06:18,487 - INFO - 开始处理anchor: ('07193596', '_derivationally_related_form', '00784342')
2025-07-09 09:06:18,492 - INFO - 最大扩展步数: 2
2025-07-09 09:06:18,575 - INFO - 步骤 1: 添加边 ('00785008', '07193596', '_derivationally_related_form'), 相似度提升: 0.0405
2025-07-09 09:06:18,698 - INFO - 步骤 2: 添加边 ('10207831', '00784342', '_derivationally_related_form'), 相似度提升: 0.0237
2025-07-09 09:06:18,705 - INFO - 匹配成功: True
2025-07-09 09:06:18,706 - INFO - 匹配得分: 0.9560
2025-07-09 09:06:18,706 - INFO - 扩展子图节点: ['07193596', '00784342', '00785008', '10207831']
2025-07-09 09:06:18,707 - INFO - 扩展子图边: [('07193596', '00784342', {'relation': '_derivationally_related_form'}), ('00785008', '07193596', {'relation': '_derivationally_related_form'}), ('10207831', '00784342', {'relation': '_derivationally_related_form'})]
2025-07-09 09:06:18,708 - INFO - 处理第29/59个anchor
2025-07-09 09:06:18,708 - INFO - 开始处理anchor: ('07193596', '_derivationally_related_form', '00788184')
2025-07-09 09:06:18,715 - INFO - 最大扩展步数: 2
2025-07-09 09:06:18,802 - INFO - 步骤 1: 添加边 ('07193596', '07193184', '_hypernym'), 相似度提升: 0.0546
2025-07-09 09:06:18,917 - INFO - 步骤 2: 添加边 ('07193958', '07193184', '_hypernym'), 相似度提升: 0.0280
2025-07-09 09:06:18,923 - INFO - 匹配成功: True
2025-07-09 09:06:18,924 - INFO - 匹配得分: 0.9561
2025-07-09 09:06:18,924 - INFO - 扩展子图节点: ['07193596', '00788184', '07193184', '07193958']
2025-07-09 09:06:18,924 - INFO - 扩展子图边: [('07193596', '00788184', {'relation': '_derivationally_related_form'}), ('07193596', '07193184', {'relation': '_hypernym'}), ('07193958', '07193184', {'relation': '_hypernym'})]
2025-07-09 09:06:18,925 - INFO - 处理第30/59个anchor
2025-07-09 09:06:18,925 - INFO - 开始处理anchor: ('07193596', '_hypernym', '07193184')
2025-07-09 09:06:18,932 - INFO - 最大扩展步数: 2
2025-07-09 09:06:19,005 - INFO - 步骤 1: 添加边 ('07193184', '00784342', '_derivationally_related_form'), 相似度提升: 0.1008
2025-07-09 09:06:19,122 - INFO - 步骤 2: 添加边 ('00897746', '00784342', '_verb_group'), 相似度提升: 0.0466
2025-07-09 09:06:19,131 - INFO - 匹配成功: True
2025-07-09 09:06:19,131 - INFO - 匹配得分: 0.9648
2025-07-09 09:06:19,131 - INFO - 扩展子图节点: ['07193596', '07193184', '00784342', '00897746']
2025-07-09 09:06:19,132 - INFO - 扩展子图边: [('07193596', '07193184', {'relation': '_hypernym'}), ('07193184', '00784342', {'relation': '_derivationally_related_form'}), ('00897746', '00784342', {'relation': '_verb_group'})]
2025-07-09 09:06:19,132 - INFO - 处理第31/59个anchor
2025-07-09 09:06:19,132 - INFO - 开始处理anchor: ('07193596', '_derivationally_related_form', '00808855')
2025-07-09 09:06:19,137 - INFO - 最大扩展步数: 2
2025-07-09 09:06:19,207 - INFO - 步骤 1: 添加边 ('10213180', '00808855', '_derivationally_related_form'), 相似度提升: 0.0059
2025-07-09 09:06:19,281 - INFO - 步骤 2: 添加边 ('00808855', '10213319', '_derivationally_related_form'), 相似度提升: 0.0956
2025-07-09 09:06:19,287 - INFO - 匹配成功: True
2025-07-09 09:06:19,287 - INFO - 匹配得分: 0.9195
2025-07-09 09:06:19,287 - INFO - 扩展子图节点: ['07193596', '00808855', '10213180', '10213319']
2025-07-09 09:06:19,287 - INFO - 扩展子图边: [('07193596', '00808855', {'relation': '_derivationally_related_form'}), ('00808855', '10213319', {'relation': '_derivationally_related_form'}), ('10213180', '00808855', {'relation': '_derivationally_related_form'})]
2025-07-09 09:06:19,288 - INFO - 处理第32/59个anchor
2025-07-09 09:06:19,288 - INFO - 开始处理anchor: ('07193596', '_derivationally_related_form', '00785008')
2025-07-09 09:06:19,294 - INFO - 最大扩展步数: 2
2025-07-09 09:06:19,366 - INFO - 步骤 1: 添加边 ('00788184', '07193596', '_derivationally_related_form'), 相似度提升: 0.0400
2025-07-09 09:06:19,470 - INFO - 步骤 2: 添加边 ('00788184', '07196682', '_derivationally_related_form'), 相似度提升: 0.0406
2025-07-09 09:06:19,478 - INFO - 匹配成功: True
2025-07-09 09:06:19,479 - INFO - 匹配得分: 0.9471
2025-07-09 09:06:19,479 - INFO - 扩展子图节点: ['07193596', '00785008', '00788184', '07196682']
2025-07-09 09:06:19,480 - INFO - 扩展子图边: [('07193596', '00785008', {'relation': '_derivationally_related_form'}), ('00788184', '07193596', {'relation': '_derivationally_related_form'}), ('00788184', '07196682', {'relation': '_derivationally_related_form'})]
2025-07-09 09:06:19,480 - INFO - 处理第33/59个anchor
2025-07-09 09:06:19,480 - INFO - 开始处理anchor: ('00784342', '_derivationally_related_form', '10207831')
2025-07-09 09:06:19,487 - INFO - 最大扩展步数: 2
2025-07-09 09:06:19,580 - INFO - 步骤 1: 添加边 ('09980458', '10207831', '_hypernym'), 相似度提升: 0.0117
2025-07-09 09:06:19,678 - INFO - 步骤 2: 添加边 ('10208287', '10207831', '_hypernym'), 相似度提升: 0.0221
2025-07-09 09:06:19,687 - INFO - 匹配成功: True
2025-07-09 09:06:19,688 - INFO - 匹配得分: 0.9704
2025-07-09 09:06:19,688 - INFO - 扩展子图节点: ['00784342', '10207831', '09980458', '10208287']
2025-07-09 09:06:19,688 - INFO - 扩展子图边: [('00784342', '10207831', {'relation': '_derivationally_related_form'}), ('09980458', '10207831', {'relation': '_hypernym'}), ('10208287', '10207831', {'relation': '_hypernym'})]
2025-07-09 09:06:19,688 - INFO - 处理第34/59个anchor
2025-07-09 09:06:19,689 - INFO - 开始处理anchor: ('00784342', '_hypernym', '00740577')
2025-07-09 09:06:19,694 - INFO - 最大扩展步数: 2
2025-07-09 09:06:19,854 - INFO - 步骤 1: 添加边 ('00963570', '00740577', '_hypernym'), 相似度提升: 0.0261
2025-07-09 09:06:20,061 - INFO - 步骤 2: 添加边 ('10207831', '00784342', '_derivationally_related_form'), 相似度提升: 0.0178
2025-07-09 09:06:20,069 - INFO - 匹配成功: True
2025-07-09 09:06:20,069 - INFO - 匹配得分: 0.9578
2025-07-09 09:06:20,070 - INFO - 扩展子图节点: ['00784342', '00740577', '00963570', '10207831']
2025-07-09 09:06:20,070 - INFO - 扩展子图边: [('00784342', '00740577', {'relation': '_hypernym'}), ('00963570', '00740577', {'relation': '_hypernym'}), ('10207831', '00784342', {'relation': '_derivationally_related_form'})]
2025-07-09 09:06:20,070 - INFO - 处理第35/59个anchor
2025-07-09 09:06:20,070 - INFO - 开始处理anchor: ('00784342', '_derivationally_related_form', '07193596')
2025-07-09 09:06:20,075 - INFO - 最大扩展步数: 2
2025-07-09 09:06:20,162 - INFO - 步骤 1: 添加边 ('07193596', '07193184', '_hypernym'), 相似度提升: 0.0324
2025-07-09 09:06:20,277 - INFO - 步骤 2: 添加边 ('00877559', '00784342', '_hypernym'), 相似度提升: 0.0256
2025-07-09 09:06:20,284 - INFO - 匹配成功: True
2025-07-09 09:06:20,284 - INFO - 匹配得分: 0.9646
2025-07-09 09:06:20,284 - INFO - 扩展子图节点: ['00784342', '07193596', '07193184', '00877559']
2025-07-09 09:06:20,285 - INFO - 扩展子图边: [('00784342', '07193596', {'relation': '_derivationally_related_form'}), ('07193596', '07193184', {'relation': '_hypernym'}), ('00877559', '00784342', {'relation': '_hypernym'})]
2025-07-09 09:06:20,285 - INFO - 处理第36/59个anchor
2025-07-09 09:06:20,285 - INFO - 开始处理anchor: ('00784342', '_verb_group', '00897746')
2025-07-09 09:06:20,291 - INFO - 最大扩展步数: 2
2025-07-09 09:06:20,367 - INFO - 步骤 1: 添加边 ('10207831', '00897746', '_derivationally_related_form'), 相似度提升: 0.0299
2025-07-09 09:06:20,474 - INFO - 步骤 2: 添加边 ('10207831', '00784342', '_derivationally_related_form'), 相似度提升: 0.0132
2025-07-09 09:06:20,480 - INFO - 匹配成功: True
2025-07-09 09:06:20,481 - INFO - 匹配得分: 0.9305
2025-07-09 09:06:20,481 - INFO - 扩展子图节点: ['00784342', '00897746', '10207831']
2025-07-09 09:06:20,482 - INFO - 扩展子图边: [('00784342', '00897746', {'relation': '_verb_group'}), ('10207831', '00897746', {'relation': '_derivationally_related_form'}), ('10207831', '00784342', {'relation': '_derivationally_related_form'})]
2025-07-09 09:06:20,482 - INFO - 处理第37/59个anchor
2025-07-09 09:06:20,482 - INFO - 开始处理anchor: ('00784342', '_derivationally_related_form', '07193184')
2025-07-09 09:06:20,487 - INFO - 最大扩展步数: 2
2025-07-09 09:06:20,571 - INFO - 步骤 1: 添加边 ('00784342', '00740577', '_hypernym'), 相似度提升: 0.0361
2025-07-09 09:06:20,764 - INFO - 步骤 2: 添加边 ('00784342', '00784727', '_verb_group'), 相似度提升: 0.0503
2025-07-09 09:06:20,770 - INFO - 匹配成功: True
2025-07-09 09:06:20,771 - INFO - 匹配得分: 0.9541
2025-07-09 09:06:20,771 - INFO - 扩展子图节点: ['00784342', '07193184', '00740577', '00784727']
2025-07-09 09:06:20,771 - INFO - 扩展子图边: [('00784342', '07193184', {'relation': '_derivationally_related_form'}), ('00784342', '00740577', {'relation': '_hypernym'}), ('00784342', '00784727', {'relation': '_verb_group'})]
2025-07-09 09:06:20,771 - INFO - 处理第38/59个anchor
2025-07-09 09:06:20,771 - INFO - 开始处理anchor: ('00784342', '_verb_group', '00784727')
2025-07-09 09:06:20,778 - INFO - 最大扩展步数: 2
2025-07-09 09:06:20,844 - INFO - 步骤 1: 添加边 ('07193596', '00784342', '_derivationally_related_form'), 相似度提升: 0.0868
2025-07-09 09:06:20,943 - INFO - 步骤 2: 添加边 ('00877559', '00784342', '_hypernym'), 相似度提升: 0.0339
2025-07-09 09:06:20,951 - INFO - 匹配成功: True
2025-07-09 09:06:20,951 - INFO - 匹配得分: 0.9558
2025-07-09 09:06:20,952 - INFO - 扩展子图节点: ['00784342', '00784727', '07193596', '00877559']
2025-07-09 09:06:20,952 - INFO - 扩展子图边: [('00784342', '00784727', {'relation': '_verb_group'}), ('07193596', '00784342', {'relation': '_derivationally_related_form'}), ('00877559', '00784342', {'relation': '_hypernym'})]
2025-07-09 09:06:20,952 - INFO - 处理第39/59个anchor
2025-07-09 09:06:20,953 - INFO - 开始处理anchor: ('01768969', '_derivationally_related_form', '02636811')
2025-07-09 09:06:20,957 - INFO - 最大扩展步数: 2
2025-07-09 09:06:21,022 - INFO - 步骤 1: 相似度提升不足 (-0.0002), 停止扩展
2025-07-09 09:06:21,028 - INFO - 匹配成功: True
2025-07-09 09:06:21,028 - INFO - 匹配得分: 0.9289
2025-07-09 09:06:21,029 - INFO - 扩展子图节点: ['01768969', '02636811']
2025-07-09 09:06:21,030 - INFO - 扩展子图边: [('01768969', '02636811', {'relation': '_derivationally_related_form'})]
2025-07-09 09:06:21,030 - INFO - 处理第40/59个anchor
2025-07-09 09:06:21,031 - INFO - 开始处理anchor: ('01768969', '_hypernym', '08103777')
2025-07-09 09:06:21,036 - INFO - 最大扩展步数: 2
2025-07-09 09:06:21,426 - INFO - 步骤 1: 添加边 ('02319967', '08103777', '_hypernym'), 相似度提升: 0.0470
2025-07-09 09:06:21,825 - INFO - 步骤 2: 添加边 ('11668952', '08103777', '_hypernym'), 相似度提升: 0.0477
2025-07-09 09:06:21,834 - INFO - 匹配成功: True
2025-07-09 09:06:21,834 - INFO - 匹配得分: 0.9568
2025-07-09 09:06:21,834 - INFO - 扩展子图节点: ['01768969', '08103777', '02319967', '11668952']
2025-07-09 09:06:21,835 - INFO - 扩展子图边: [('01768969', '08103777', {'relation': '_hypernym'}), ('02319967', '08103777', {'relation': '_hypernym'}), ('11668952', '08103777', {'relation': '_hypernym'})]
2025-07-09 09:06:21,835 - INFO - 处理第41/59个anchor
2025-07-09 09:06:21,835 - INFO - 开始处理anchor: ('01768969', '_member_meronym', '01775879')
2025-07-09 09:06:21,840 - INFO - 最大扩展步数: 2
2025-07-09 09:06:21,909 - INFO - 步骤 1: 相似度提升不足 (0.0006), 停止扩展
2025-07-09 09:06:21,915 - INFO - 匹配成功: True
2025-07-09 09:06:21,916 - INFO - 匹配得分: 0.9264
2025-07-09 09:06:21,916 - INFO - 扩展子图节点: ['01768969', '01775879']
2025-07-09 09:06:21,916 - INFO - 扩展子图边: [('01768969', '01775879', {'relation': '_member_meronym'})]
2025-07-09 09:06:21,916 - INFO - 处理第42/59个anchor
2025-07-09 09:06:21,917 - INFO - 开始处理anchor: ('01768969', '_member_meronym', '01771966')
2025-07-09 09:06:21,921 - INFO - 最大扩展步数: 2
2025-07-09 09:06:21,995 - INFO - 步骤 1: 添加边 ('01768969', '01769635', '_member_meronym'), 相似度提升: 0.0310
2025-07-09 09:06:22,071 - INFO - 步骤 2: 添加边 ('01771966', '01775592', '_member_meronym'), 相似度提升: 0.0222
2025-07-09 09:06:22,080 - INFO - 匹配成功: True
2025-07-09 09:06:22,081 - INFO - 匹配得分: 0.9066
2025-07-09 09:06:22,081 - INFO - 扩展子图节点: ['01768969', '01771966', '01769635', '01775592']
2025-07-09 09:06:22,081 - INFO - 扩展子图边: [('01768969', '01771966', {'relation': '_member_meronym'}), ('01768969', '01769635', {'relation': '_member_meronym'}), ('01771966', '01775592', {'relation': '_member_meronym'})]
2025-07-09 09:06:22,082 - INFO - 处理第43/59个anchor
2025-07-09 09:06:22,083 - INFO - 开始处理anchor: ('01768969', '_member_meronym', '01769347')
2025-07-09 09:06:22,087 - INFO - 最大扩展步数: 2
2025-07-09 09:06:22,160 - INFO - 步骤 1: 添加边 ('01768402', '01768969', '_member_meronym'), 相似度提升: 0.0619
2025-07-09 09:06:22,239 - INFO - 步骤 2: 添加边 ('02636811', '01769347', '_derivationally_related_form'), 相似度提升: 0.0380
2025-07-09 09:06:22,247 - INFO - 匹配成功: True
2025-07-09 09:06:22,247 - INFO - 匹配得分: 0.9438
2025-07-09 09:06:22,248 - INFO - 扩展子图节点: ['01768969', '01769347', '01768402', '02636811']
2025-07-09 09:06:22,248 - INFO - 扩展子图边: [('01768969', '01769347', {'relation': '_member_meronym'}), ('01768402', '01768969', {'relation': '_member_meronym'}), ('02636811', '01769347', {'relation': '_derivationally_related_form'})]
2025-07-09 09:06:22,248 - INFO - 处理第44/59个anchor
2025-07-09 09:06:22,248 - INFO - 开始处理anchor: ('01768969', '_member_meronym', '01770553')
2025-07-09 09:06:22,253 - INFO - 最大扩展步数: 2
2025-07-09 09:06:22,309 - INFO - 步骤 1: 添加边 ('01768969', '01769635', '_member_meronym'), 相似度提升: 0.0389
2025-07-09 09:06:22,362 - INFO - 步骤 2: 添加边 ('01770553', '01770967', '_member_meronym'), 相似度提升: 0.0286
2025-07-09 09:06:22,370 - INFO - 匹配成功: True
2025-07-09 09:06:22,370 - INFO - 匹配得分: 0.9235
2025-07-09 09:06:22,370 - INFO - 扩展子图节点: ['01768969', '01770553', '01769635', '01770967']
2025-07-09 09:06:22,370 - INFO - 扩展子图边: [('01768969', '01770553', {'relation': '_member_meronym'}), ('01768969', '01769635', {'relation': '_member_meronym'}), ('01770553', '01770967', {'relation': '_member_meronym'})]
2025-07-09 09:06:22,371 - INFO - 处理第45/59个anchor
2025-07-09 09:06:22,371 - INFO - 开始处理anchor: ('01768969', '_member_meronym', '01769635')
2025-07-09 09:06:22,378 - INFO - 最大扩展步数: 2
2025-07-09 09:06:22,428 - INFO - 步骤 1: 添加边 ('01768402', '01768969', '_member_meronym'), 相似度提升: 0.0109
2025-07-09 09:06:22,491 - INFO - 步骤 2: 添加边 ('01768402', '08103777', '_hypernym'), 相似度提升: 0.0445
2025-07-09 09:06:22,500 - INFO - 匹配成功: True
2025-07-09 09:06:22,500 - INFO - 匹配得分: 0.9459
2025-07-09 09:06:22,500 - INFO - 扩展子图节点: ['01768969', '01769635', '01768402', '08103777']
2025-07-09 09:06:22,501 - INFO - 扩展子图边: [('01768969', '01769635', {'relation': '_member_meronym'}), ('01768402', '01768969', {'relation': '_member_meronym'}), ('01768402', '08103777', {'relation': '_hypernym'})]
2025-07-09 09:06:22,501 - INFO - 处理第46/59个anchor
2025-07-09 09:06:22,501 - INFO - 开始处理anchor: ('02636811', '_derivationally_related_form', '01769347')
2025-07-09 09:06:22,506 - INFO - 最大扩展步数: 2
2025-07-09 09:06:22,574 - INFO - 步骤 1: 添加边 ('01772222', '02636811', '_derivationally_related_form'), 相似度提升: 0.0370
2025-07-09 09:06:22,657 - INFO - 步骤 2: 添加边 ('01776192', '01769347', '_hypernym'), 相似度提升: 0.1212
2025-07-09 09:06:22,667 - INFO - 匹配成功: True
2025-07-09 09:06:22,667 - INFO - 匹配得分: 0.9635
2025-07-09 09:06:22,667 - INFO - 扩展子图节点: ['02636811', '01769347', '01772222', '01776192']
2025-07-09 09:06:22,668 - INFO - 扩展子图边: [('02636811', '01769347', {'relation': '_derivationally_related_form'}), ('01772222', '02636811', {'relation': '_derivationally_related_form'}), ('01776192', '01769347', {'relation': '_hypernym'})]
2025-07-09 09:06:22,668 - INFO - 处理第47/59个anchor
2025-07-09 09:06:22,668 - INFO - 开始处理anchor: ('02636811', '_derivationally_related_form', '01768969')
2025-07-09 09:06:22,672 - INFO - 最大扩展步数: 2
2025-07-09 09:06:22,736 - INFO - 步骤 1: 添加边 ('01768969', '08103777', '_hypernym'), 相似度提升: 0.0953
2025-07-09 09:06:23,204 - INFO - 步骤 2: 添加边 ('01997698', '08103777', '_hypernym'), 相似度提升: 0.0706
2025-07-09 09:06:23,214 - INFO - 匹配成功: True
2025-07-09 09:06:23,214 - INFO - 匹配得分: 0.9261
2025-07-09 09:06:23,215 - INFO - 扩展子图节点: ['02636811', '01768969', '08103777', '01997698']
2025-07-09 09:06:23,216 - INFO - 扩展子图边: [('02636811', '01768969', {'relation': '_derivationally_related_form'}), ('01768969', '08103777', {'relation': '_hypernym'}), ('01997698', '08103777', {'relation': '_hypernym'})]
2025-07-09 09:06:23,216 - INFO - 处理第48/59个anchor
2025-07-09 09:06:23,216 - INFO - 开始处理anchor: ('02636811', '_derivationally_related_form', '01772222')
2025-07-09 09:06:23,221 - INFO - 最大扩展步数: 2
2025-07-09 09:06:23,282 - INFO - 步骤 1: 添加边 ('01771966', '01772222', '_member_meronym'), 相似度提升: 0.0838
2025-07-09 09:06:23,370 - INFO - 步骤 2: 添加边 ('02636811', '06083243', '_synset_domain_topic_of'), 相似度提升: 0.0142
2025-07-09 09:06:23,380 - INFO - 匹配成功: True
2025-07-09 09:06:23,381 - INFO - 匹配得分: 0.9082
2025-07-09 09:06:23,381 - INFO - 扩展子图节点: ['02636811', '01772222', '01771966', '06083243']
2025-07-09 09:06:23,382 - INFO - 扩展子图边: [('02636811', '01772222', {'relation': '_derivationally_related_form'}), ('02636811', '06083243', {'relation': '_synset_domain_topic_of'}), ('01771966', '01772222', {'relation': '_member_meronym'})]
2025-07-09 09:06:23,382 - INFO - 处理第49/59个anchor
2025-07-09 09:06:23,382 - INFO - 开始处理anchor: ('01455754', '_hypernym', '01974062')
2025-07-09 09:06:23,387 - INFO - 最大扩展步数: 2
2025-07-09 09:06:23,557 - INFO - 步骤 1: 添加边 ('00316594', '01974062', '_derivationally_related_form'), 相似度提升: 0.1168
2025-07-09 09:06:23,706 - INFO - 步骤 2: 添加边 ('00116376', '01974062', '_derivationally_related_form'), 相似度提升: 0.0615
2025-07-09 09:06:23,714 - INFO - 匹配成功: True
2025-07-09 09:06:23,715 - INFO - 匹配得分: 0.9554
2025-07-09 09:06:23,715 - INFO - 扩展子图节点: ['01455754', '01974062', '00316594', '00116376']
2025-07-09 09:06:23,715 - INFO - 扩展子图边: [('01455754', '01974062', {'relation': '_hypernym'}), ('00316594', '01974062', {'relation': '_derivationally_related_form'}), ('00116376', '01974062', {'relation': '_derivationally_related_form'})]
2025-07-09 09:06:23,716 - INFO - 处理第50/59个anchor
2025-07-09 09:06:23,716 - INFO - 开始处理anchor: ('01974062', '_derivationally_related_form', '09206985')
2025-07-09 09:06:23,721 - INFO - 最大扩展步数: 2
2025-07-09 09:06:23,912 - INFO - 步骤 1: 添加边 ('10773394', '01974062', '_derivationally_related_form'), 相似度提升: 0.0596
2025-07-09 09:06:24,125 - INFO - 步骤 2: 添加边 ('02037989', '09206985', '_derivationally_related_form'), 相似度提升: 0.0429
2025-07-09 09:06:24,134 - INFO - 匹配成功: True
2025-07-09 09:06:24,135 - INFO - 匹配得分: 0.9426
2025-07-09 09:06:24,135 - INFO - 扩展子图节点: ['01974062', '09206985', '10773394', '02037989']
2025-07-09 09:06:24,135 - INFO - 扩展子图边: [('01974062', '09206985', {'relation': '_derivationally_related_form'}), ('10773394', '01974062', {'relation': '_derivationally_related_form'}), ('02037989', '09206985', {'relation': '_derivationally_related_form'})]
2025-07-09 09:06:24,135 - INFO - 处理第51/59个anchor
2025-07-09 09:06:24,135 - INFO - 开始处理anchor: ('01974062', '_derivationally_related_form', '07348399')
2025-07-09 09:06:24,141 - INFO - 最大扩展步数: 2
2025-07-09 09:06:24,333 - INFO - 步骤 1: 添加边 ('05131283', '01974062', '_derivationally_related_form'), 相似度提升: 0.0354
2025-07-09 09:06:24,517 - INFO - 步骤 2: 添加边 ('09366317', '01974062', '_derivationally_related_form'), 相似度提升: 0.0543
2025-07-09 09:06:24,525 - INFO - 匹配成功: True
2025-07-09 09:06:24,525 - INFO - 匹配得分: 0.9563
2025-07-09 09:06:24,525 - INFO - 扩展子图节点: ['01974062', '07348399', '05131283', '09366317']
2025-07-09 09:06:24,526 - INFO - 扩展子图边: [('01974062', '07348399', {'relation': '_derivationally_related_form'}), ('05131283', '01974062', {'relation': '_derivationally_related_form'}), ('09366317', '01974062', {'relation': '_derivationally_related_form'})]
2025-07-09 09:06:24,526 - INFO - 处理第52/59个anchor
2025-07-09 09:06:24,527 - INFO - 开始处理anchor: ('01974062', '_derivationally_related_form', '10773394')
2025-07-09 09:06:24,534 - INFO - 最大扩展步数: 2
2025-07-09 09:06:24,711 - INFO - 步骤 1: 添加边 ('09366317', '01974062', '_derivationally_related_form'), 相似度提升: 0.0575
2025-07-09 09:06:24,913 - INFO - 步骤 2: 添加边 ('10773394', '09820263', '_hypernym'), 相似度提升: 0.0064
2025-07-09 09:06:24,920 - INFO - 匹配成功: True
2025-07-09 09:06:24,920 - INFO - 匹配得分: 0.9569
2025-07-09 09:06:24,921 - INFO - 扩展子图节点: ['01974062', '10773394', '09366317', '09820263']
2025-07-09 09:06:24,921 - INFO - 扩展子图边: [('01974062', '10773394', {'relation': '_derivationally_related_form'}), ('10773394', '09820263', {'relation': '_hypernym'}), ('09366317', '01974062', {'relation': '_derivationally_related_form'})]
2025-07-09 09:06:24,921 - INFO - 处理第53/59个anchor
2025-07-09 09:06:24,921 - INFO - 开始处理anchor: ('01974062', '_derivationally_related_form', '07370671')
2025-07-09 09:06:24,927 - INFO - 最大扩展步数: 2
2025-07-09 09:06:25,122 - INFO - 步骤 1: 添加边 ('01975121', '01974062', '_hypernym'), 相似度提升: 0.0324
2025-07-09 09:06:25,325 - INFO - 步骤 2: 添加边 ('01974062', '07348399', '_derivationally_related_form'), 相似度提升: 0.0465
2025-07-09 09:06:25,337 - INFO - 匹配成功: True
2025-07-09 09:06:25,338 - INFO - 匹配得分: 0.9244
2025-07-09 09:06:25,338 - INFO - 扩展子图节点: ['01974062', '07370671', '01975121', '07348399']
2025-07-09 09:06:25,338 - INFO - 扩展子图边: [('01974062', '07370671', {'relation': '_derivationally_related_form'}), ('01974062', '07348399', {'relation': '_derivationally_related_form'}), ('01975121', '01974062', {'relation': '_hypernym'})]
2025-07-09 09:06:25,339 - INFO - 处理第54/59个anchor
2025-07-09 09:06:25,339 - INFO - 开始处理anchor: ('01974062', '_derivationally_related_form', '00116376')
2025-07-09 09:06:25,344 - INFO - 最大扩展步数: 2
2025-07-09 09:06:25,542 - INFO - 步骤 1: 添加边 ('01982866', '01974062', '_hypernym'), 相似度提升: 0.0055
2025-07-09 09:06:25,739 - INFO - 步骤 2: 添加边 ('09206985', '01974062', '_derivationally_related_form'), 相似度提升: 0.0273
2025-07-09 09:06:25,748 - INFO - 匹配成功: True
2025-07-09 09:06:25,748 - INFO - 匹配得分: 0.9540
2025-07-09 09:06:25,749 - INFO - 扩展子图节点: ['01974062', '00116376', '01982866', '09206985']
2025-07-09 09:06:25,749 - INFO - 扩展子图边: [('01974062', '00116376', {'relation': '_derivationally_related_form'}), ('01982866', '01974062', {'relation': '_hypernym'}), ('09206985', '01974062', {'relation': '_derivationally_related_form'})]
2025-07-09 09:06:25,749 - INFO - 处理第55/59个anchor
2025-07-09 09:06:25,749 - INFO - 开始处理anchor: ('01974062', '_derivationally_related_form', '04231693')
2025-07-09 09:06:25,754 - INFO - 最大扩展步数: 2
2025-07-09 09:06:25,921 - INFO - 步骤 1: 添加边 ('01455754', '01974062', '_hypernym'), 相似度提升: 0.0855
2025-07-09 09:06:26,094 - INFO - 步骤 2: 添加边 ('01974062', '09206985', '_derivationally_related_form'), 相似度提升: 0.0370
2025-07-09 09:06:26,102 - INFO - 匹配成功: True
2025-07-09 09:06:26,102 - INFO - 匹配得分: 0.9702
2025-07-09 09:06:26,103 - INFO - 扩展子图节点: ['01974062', '04231693', '01455754', '09206985']
2025-07-09 09:06:26,103 - INFO - 扩展子图边: [('01974062', '04231693', {'relation': '_derivationally_related_form'}), ('01974062', '09206985', {'relation': '_derivationally_related_form'}), ('01455754', '01974062', {'relation': '_hypernym'})]
2025-07-09 09:06:26,103 - INFO - 处理第56/59个anchor
2025-07-09 09:06:26,103 - INFO - 开始处理anchor: ('01974062', '_derivationally_related_form', '09366317')
2025-07-09 09:06:26,109 - INFO - 最大扩展步数: 2
2025-07-09 09:06:26,298 - INFO - 步骤 1: 添加边 ('10773394', '01974062', '_derivationally_related_form'), 相似度提升: 0.0027
2025-07-09 09:06:26,494 - INFO - 步骤 2: 添加边 ('10773394', '09820263', '_hypernym'), 相似度提升: 0.0299
2025-07-09 09:06:26,501 - INFO - 匹配成功: True
2025-07-09 09:06:26,501 - INFO - 匹配得分: 0.9512
2025-07-09 09:06:26,501 - INFO - 扩展子图节点: ['01974062', '09366317', '10773394', '09820263']
2025-07-09 09:06:26,502 - INFO - 扩展子图边: [('01974062', '09366317', {'relation': '_derivationally_related_form'}), ('10773394', '01974062', {'relation': '_derivationally_related_form'}), ('10773394', '09820263', {'relation': '_hypernym'})]
2025-07-09 09:06:26,502 - INFO - 处理第57/59个anchor
2025-07-09 09:06:26,502 - INFO - 开始处理anchor: ('01974062', '_derivationally_related_form', '03281145')
2025-07-09 09:06:26,507 - INFO - 最大扩展步数: 2
2025-07-09 09:06:26,676 - INFO - 步骤 1: 添加边 ('01982866', '01974062', '_hypernym'), 相似度提升: 0.0968
2025-07-09 09:06:26,853 - INFO - 步骤 2: 添加边 ('01974062', '01976089', '_also_see'), 相似度提升: 0.0393
2025-07-09 09:06:26,860 - INFO - 匹配成功: True
2025-07-09 09:06:26,861 - INFO - 匹配得分: 0.9500
2025-07-09 09:06:26,861 - INFO - 扩展子图节点: ['01974062', '03281145', '01982866', '01976089']
2025-07-09 09:06:26,862 - INFO - 扩展子图边: [('01974062', '03281145', {'relation': '_derivationally_related_form'}), ('01974062', '01976089', {'relation': '_also_see'}), ('01982866', '01974062', {'relation': '_hypernym'})]
2025-07-09 09:06:26,862 - INFO - 处理第58/59个anchor
2025-07-09 09:06:26,863 - INFO - 开始处理anchor: ('01974062', '_derivationally_related_form', '05131283')
2025-07-09 09:06:26,868 - INFO - 最大扩展步数: 2
2025-07-09 09:06:27,038 - INFO - 步骤 1: 添加边 ('01974062', '03281145', '_derivationally_related_form'), 相似度提升: 0.0675
2025-07-09 09:06:27,247 - INFO - 步骤 2: 添加边 ('00316594', '01974062', '_derivationally_related_form'), 相似度提升: 0.0664
2025-07-09 09:06:27,254 - INFO - 匹配成功: True
2025-07-09 09:06:27,254 - INFO - 匹配得分: 0.9590
2025-07-09 09:06:27,255 - INFO - 扩展子图节点: ['01974062', '05131283', '03281145', '00316594']
2025-07-09 09:06:27,256 - INFO - 扩展子图边: [('01974062', '05131283', {'relation': '_derivationally_related_form'}), ('01974062', '03281145', {'relation': '_derivationally_related_form'}), ('00316594', '01974062', {'relation': '_derivationally_related_form'})]
2025-07-09 09:06:27,256 - INFO - 处理第59/59个anchor
2025-07-09 09:06:27,256 - INFO - 开始处理anchor: ('01974062', '_derivationally_related_form', '00316594')
2025-07-09 09:06:27,262 - INFO - 最大扩展步数: 2
2025-07-09 09:06:27,421 - INFO - 步骤 1: 添加边 ('03664514', '01974062', '_derivationally_related_form'), 相似度提升: 0.1136
2025-07-09 09:06:27,586 - INFO - 步骤 2: 添加边 ('09366317', '01974062', '_derivationally_related_form'), 相似度提升: 0.0260
2025-07-09 09:06:27,592 - INFO - 匹配成功: True
2025-07-09 09:06:27,593 - INFO - 匹配得分: 0.9403
2025-07-09 09:06:27,593 - INFO - 扩展子图节点: ['01974062', '00316594', '03664514', '09366317']
2025-07-09 09:06:27,594 - INFO - 扩展子图边: [('01974062', '00316594', {'relation': '_derivationally_related_form'}), ('03664514', '01974062', {'relation': '_derivationally_related_form'}), ('09366317', '01974062', {'relation': '_derivationally_related_form'})]
2025-07-09 09:06:27,594 - INFO - 批量匹配完成: 59/59 成功匹配
2025-07-09 09:06:27,595 - INFO - 开始批量匹配，共100个anchor，规则ID: rule_002
2025-07-09 09:06:27,595 - INFO - 规则关系类型: {'_also_see', '_synset_domain_topic_of'}
2025-07-09 09:06:27,596 - INFO - 原始anchor数量: 100
2025-07-09 09:06:27,596 - INFO - 优先关系anchor: 9, 其他关系anchor: 50
2025-07-09 09:06:27,597 - INFO - 筛选后总anchor数量: 59
2025-07-09 09:06:27,597 - INFO - 智能筛选后，保留59个相关anchor
2025-07-09 09:06:27,598 - INFO - 处理第1/59个anchor
2025-07-09 09:06:27,598 - INFO - 开始处理anchor: ('00260881', '_synset_domain_topic_of', '01124794')
2025-07-09 09:06:27,603 - INFO - 最大扩展步数: 2
2025-07-09 09:06:27,700 - INFO - 步骤 1: 添加边 ('02586619', '01124794', '_derivationally_related_form'), 相似度提升: 0.0459
2025-07-09 09:06:27,849 - INFO - 步骤 2: 添加边 ('01070708', '01124794', '_synset_domain_topic_of'), 相似度提升: 0.0285
2025-07-09 09:06:27,855 - INFO - 匹配成功: True
2025-07-09 09:06:27,855 - INFO - 匹配得分: 0.9738
2025-07-09 09:06:27,855 - INFO - 扩展子图节点: ['00260881', '01124794', '02586619', '01070708']
2025-07-09 09:06:27,856 - INFO - 扩展子图边: [('00260881', '01124794', {'relation': '_synset_domain_topic_of'}), ('02586619', '01124794', {'relation': '_derivationally_related_form'}), ('01070708', '01124794', {'relation': '_synset_domain_topic_of'})]
2025-07-09 09:06:27,856 - INFO - 处理第2/59个anchor
2025-07-09 09:06:27,856 - INFO - 开始处理anchor: ('02636811', '_synset_domain_topic_of', '06083243')
2025-07-09 09:06:27,861 - INFO - 最大扩展步数: 2
2025-07-09 09:06:27,958 - INFO - 步骤 1: 添加边 ('02637380', '06083243', '_synset_domain_topic_of'), 相似度提升: 0.0208
2025-07-09 09:06:28,051 - INFO - 步骤 2: 添加边 ('00319534', '06083243', '_synset_domain_topic_of'), 相似度提升: 0.0235
2025-07-09 09:06:28,057 - INFO - 匹配成功: True
2025-07-09 09:06:28,057 - INFO - 匹配得分: 0.9592
2025-07-09 09:06:28,057 - INFO - 扩展子图节点: ['02636811', '06083243', '02637380', '00319534']
2025-07-09 09:06:28,058 - INFO - 扩展子图边: [('02636811', '06083243', {'relation': '_synset_domain_topic_of'}), ('02637380', '06083243', {'relation': '_synset_domain_topic_of'}), ('00319534', '06083243', {'relation': '_synset_domain_topic_of'})]
2025-07-09 09:06:28,059 - INFO - 处理第3/59个anchor
2025-07-09 09:06:28,059 - INFO - 开始处理anchor: ('01974062', '_also_see', '01976089')
2025-07-09 09:06:28,066 - INFO - 最大扩展步数: 2
2025-07-09 09:06:28,231 - INFO - 步骤 1: 添加边 ('09366317', '01974062', '_derivationally_related_form'), 相似度提升: 0.0570
2025-07-09 09:06:28,421 - INFO - 步骤 2: 添加边 ('01455754', '01974062', '_hypernym'), 相似度提升: 0.0177
2025-07-09 09:06:28,429 - INFO - 匹配成功: True
2025-07-09 09:06:28,430 - INFO - 匹配得分: 0.9611
2025-07-09 09:06:28,430 - INFO - 扩展子图节点: ['01974062', '01976089', '09366317', '01455754']
2025-07-09 09:06:28,431 - INFO - 扩展子图边: [('01974062', '01976089', {'relation': '_also_see'}), ('09366317', '01974062', {'relation': '_derivationally_related_form'}), ('01455754', '01974062', {'relation': '_hypernym'})]
2025-07-09 09:06:28,431 - INFO - 处理第4/59个anchor
2025-07-09 09:06:28,432 - INFO - 开始处理anchor: ('00057306', '_synset_domain_topic_of', '08199025')
2025-07-09 09:06:28,436 - INFO - 最大扩展步数: 2
2025-07-09 09:06:28,835 - INFO - 步骤 1: 相似度提升不足 (-0.0043), 停止扩展
2025-07-09 09:06:28,840 - INFO - 匹配成功: True
2025-07-09 09:06:28,840 - INFO - 匹配得分: 0.8942
2025-07-09 09:06:28,841 - INFO - 扩展子图节点: ['00057306', '08199025']
2025-07-09 09:06:28,841 - INFO - 扩展子图边: [('00057306', '08199025', {'relation': '_synset_domain_topic_of'})]
2025-07-09 09:06:28,841 - INFO - 处理第5/59个anchor
2025-07-09 09:06:28,842 - INFO - 开始处理anchor: ('00056912', '_synset_domain_topic_of', '08199025')
2025-07-09 09:06:28,847 - INFO - 最大扩展步数: 2
2025-07-09 09:06:29,242 - INFO - 步骤 1: 添加边 ('08197742', '08199025', '_synset_domain_topic_of'), 相似度提升: 0.0230
2025-07-09 09:06:29,639 - INFO - 步骤 2: 添加边 ('03541393', '08199025', '_synset_domain_topic_of'), 相似度提升: 0.0130
2025-07-09 09:06:29,648 - INFO - 匹配成功: True
2025-07-09 09:06:29,648 - INFO - 匹配得分: 0.9449
2025-07-09 09:06:29,648 - INFO - 扩展子图节点: ['00056912', '08199025', '08197742', '03541393']
2025-07-09 09:06:29,649 - INFO - 扩展子图边: [('00056912', '08199025', {'relation': '_synset_domain_topic_of'}), ('08197742', '08199025', {'relation': '_synset_domain_topic_of'}), ('03541393', '08199025', {'relation': '_synset_domain_topic_of'})]
2025-07-09 09:06:29,649 - INFO - 处理第6/59个anchor
2025-07-09 09:06:29,649 - INFO - 开始处理anchor: ('10341660', '_synset_domain_topic_of', '06037666')
2025-07-09 09:06:29,653 - INFO - 最大扩展步数: 2
2025-07-09 09:06:29,955 - INFO - 步骤 1: 添加边 ('00176756', '06037666', '_synset_domain_topic_of'), 相似度提升: 0.0753
2025-07-09 09:06:30,267 - INFO - 步骤 2: 添加边 ('06075527', '06037666', '_hypernym'), 相似度提升: 0.0170
2025-07-09 09:06:30,273 - INFO - 匹配成功: True
2025-07-09 09:06:30,273 - INFO - 匹配得分: 0.9511
2025-07-09 09:06:30,274 - INFO - 扩展子图节点: ['10341660', '06037666', '00176756', '06075527']
2025-07-09 09:06:30,275 - INFO - 扩展子图边: [('10341660', '06037666', {'relation': '_synset_domain_topic_of'}), ('00176756', '06037666', {'relation': '_synset_domain_topic_of'}), ('06075527', '06037666', {'relation': '_hypernym'})]
2025-07-09 09:06:30,275 - INFO - 处理第7/59个anchor
2025-07-09 09:06:30,275 - INFO - 开始处理anchor: ('01698271', '_also_see', '01754576')
2025-07-09 09:06:30,282 - INFO - 最大扩展步数: 2
2025-07-09 09:06:30,397 - INFO - 步骤 1: 添加边 ('01699172', '01698271', '_hypernym'), 相似度提升: 0.0487
2025-07-09 09:06:30,513 - INFO - 步骤 2: 添加边 ('01698916', '01698271', '_hypernym'), 相似度提升: 0.0674
2025-07-09 09:06:30,520 - INFO - 匹配成功: True
2025-07-09 09:06:30,521 - INFO - 匹配得分: 0.9193
2025-07-09 09:06:30,521 - INFO - 扩展子图节点: ['01698271', '01754576', '01699172', '01698916']
2025-07-09 09:06:30,521 - INFO - 扩展子图边: [('01698271', '01754576', {'relation': '_also_see'}), ('01699172', '01698271', {'relation': '_hypernym'}), ('01698916', '01698271', {'relation': '_hypernym'})]
2025-07-09 09:06:30,522 - INFO - 处理第8/59个anchor
2025-07-09 09:06:30,522 - INFO - 开始处理anchor: ('01698271', '_synset_domain_topic_of', '00929718')
2025-07-09 09:06:30,528 - INFO - 最大扩展步数: 2
2025-07-09 09:06:30,719 - INFO - 步骤 1: 添加边 ('01698271', '10794014', '_derivationally_related_form'), 相似度提升: 0.0113
2025-07-09 09:06:31,127 - INFO - 步骤 2: 添加边 ('01698271', '00929718', '_derivationally_related_form'), 相似度提升: 0.0371
2025-07-09 09:06:31,134 - INFO - 匹配成功: True
2025-07-09 09:06:31,135 - INFO - 匹配得分: 0.9454
2025-07-09 09:06:31,135 - INFO - 扩展子图节点: ['01698271', '00929718', '10794014']
2025-07-09 09:06:31,135 - INFO - 扩展子图边: [('01698271', '00929718', {'relation': '_derivationally_related_form'}), ('01698271', '10794014', {'relation': '_derivationally_related_form'})]
2025-07-09 09:06:31,136 - INFO - 处理第9/59个anchor
2025-07-09 09:06:31,136 - INFO - 开始处理anchor: ('01754576', '_synset_domain_topic_of', '00929718')
2025-07-09 09:06:31,141 - INFO - 最大扩展步数: 2
2025-07-09 09:06:31,271 - INFO - 步骤 1: 添加边 ('00931453', '00929718', '_hypernym'), 相似度提升: 0.0486
2025-07-09 09:06:31,389 - INFO - 步骤 2: 添加边 ('01698271', '01754576', '_also_see'), 相似度提升: 0.0589
2025-07-09 09:06:31,397 - INFO - 匹配成功: True
2025-07-09 09:06:31,398 - INFO - 匹配得分: 0.9530
2025-07-09 09:06:31,398 - INFO - 扩展子图节点: ['01754576', '00929718', '00931453', '01698271']
2025-07-09 09:06:31,399 - INFO - 扩展子图边: [('01754576', '00929718', {'relation': '_synset_domain_topic_of'}), ('00931453', '00929718', {'relation': '_hypernym'}), ('01698271', '01754576', {'relation': '_also_see'})]
2025-07-09 09:06:31,399 - INFO - 处理第10/59个anchor
2025-07-09 09:06:31,400 - INFO - 开始处理anchor: ('00260881', '_hypernym', '00260622')
2025-07-09 09:06:31,404 - INFO - 最大扩展步数: 2
2025-07-09 09:06:31,434 - INFO - 步骤 1: 添加边 ('00260622', '00248977', '_hypernym'), 相似度提升: 0.0113
2025-07-09 09:06:31,510 - INFO - 步骤 2: 添加边 ('00264366', '00248977', '_hypernym'), 相似度提升: 0.0475
2025-07-09 09:06:31,518 - INFO - 匹配成功: True
2025-07-09 09:06:31,518 - INFO - 匹配得分: 0.9088
2025-07-09 09:06:31,518 - INFO - 扩展子图节点: ['00260881', '00260622', '00248977', '00264366']
2025-07-09 09:06:31,518 - INFO - 扩展子图边: [('00260881', '00260622', {'relation': '_hypernym'}), ('00260622', '00248977', {'relation': '_hypernym'}), ('00264366', '00248977', {'relation': '_hypernym'})]
2025-07-09 09:06:31,519 - INFO - 处理第11/59个anchor
2025-07-09 09:06:31,519 - INFO - 开始处理anchor: ('00260622', '_derivationally_related_form', '00265386')
2025-07-09 09:06:31,524 - INFO - 最大扩展步数: 2
2025-07-09 09:06:31,576 - INFO - 步骤 1: 添加边 ('00260881', '00260622', '_hypernym'), 相似度提升: 0.0362
2025-07-09 09:06:31,623 - INFO - 步骤 2: 添加边 ('00800940', '00265386', '_derivationally_related_form'), 相似度提升: 0.0250
2025-07-09 09:06:31,633 - INFO - 匹配成功: True
2025-07-09 09:06:31,633 - INFO - 匹配得分: 0.9247
2025-07-09 09:06:31,633 - INFO - 扩展子图节点: ['00260622', '00265386', '00260881', '00800940']
2025-07-09 09:06:31,633 - INFO - 扩展子图边: [('00260622', '00265386', {'relation': '_derivationally_related_form'}), ('00260881', '00260622', {'relation': '_hypernym'}), ('00800940', '00265386', {'relation': '_derivationally_related_form'})]
2025-07-09 09:06:31,633 - INFO - 处理第12/59个anchor
2025-07-09 09:06:31,634 - INFO - 开始处理anchor: ('00260622', '_hypernym', '00248977')
2025-07-09 09:06:31,639 - INFO - 最大扩展步数: 2
2025-07-09 09:06:31,718 - INFO - 步骤 1: 添加边 ('00261029', '00248977', '_hypernym'), 相似度提升: 0.0443
2025-07-09 09:06:31,804 - INFO - 步骤 2: 添加边 ('00261029', '00205046', '_derivationally_related_form'), 相似度提升: 0.0349
2025-07-09 09:06:31,811 - INFO - 匹配成功: True
2025-07-09 09:06:31,812 - INFO - 匹配得分: 0.9438
2025-07-09 09:06:31,813 - INFO - 扩展子图节点: ['00260622', '00248977', '00261029', '00205046']
2025-07-09 09:06:31,814 - INFO - 扩展子图边: [('00260622', '00248977', {'relation': '_hypernym'}), ('00261029', '00248977', {'relation': '_hypernym'}), ('00261029', '00205046', {'relation': '_derivationally_related_form'})]
2025-07-09 09:06:31,814 - INFO - 处理第13/59个anchor
2025-07-09 09:06:31,815 - INFO - 开始处理anchor: ('00260622', '_derivationally_related_form', '00265673')
2025-07-09 09:06:31,819 - INFO - 最大扩展步数: 2
2025-07-09 09:06:31,855 - INFO - 步骤 1: 添加边 ('00260881', '00260622', '_hypernym'), 相似度提升: 0.0349
2025-07-09 09:06:31,890 - INFO - 步骤 2: 添加边 ('00265673', '00260622', '_derivationally_related_form'), 相似度提升: 0.0334
2025-07-09 09:06:31,899 - INFO - 匹配成功: True
2025-07-09 09:06:31,899 - INFO - 匹配得分: 0.9430
2025-07-09 09:06:31,899 - INFO - 扩展子图节点: ['00260622', '00265673', '00260881']
2025-07-09 09:06:31,899 - INFO - 扩展子图边: [('00260622', '00265673', {'relation': '_derivationally_related_form'}), ('00265673', '00260622', {'relation': '_derivationally_related_form'}), ('00260881', '00260622', {'relation': '_hypernym'})]
2025-07-09 09:06:31,900 - INFO - 处理第14/59个anchor
2025-07-09 09:06:31,900 - INFO - 开始处理anchor: ('01332730', '_derivationally_related_form', '03122748')
2025-07-09 09:06:31,905 - INFO - 最大扩展步数: 2
2025-07-09 09:06:32,105 - INFO - 步骤 1: 添加边 ('03050026', '03122748', '_hypernym'), 相似度提升: 0.0398
2025-07-09 09:06:32,323 - INFO - 步骤 2: 添加边 ('01270784', '01332730', '_hypernym'), 相似度提升: 0.0746
2025-07-09 09:06:32,331 - INFO - 匹配成功: True
2025-07-09 09:06:32,331 - INFO - 匹配得分: 0.9384
2025-07-09 09:06:32,332 - INFO - 扩展子图节点: ['01332730', '03122748', '03050026', '01270784']
2025-07-09 09:06:32,332 - INFO - 扩展子图边: [('01332730', '03122748', {'relation': '_derivationally_related_form'}), ('03050026', '03122748', {'relation': '_hypernym'}), ('01270784', '01332730', {'relation': '_hypernym'})]
2025-07-09 09:06:32,332 - INFO - 处理第15/59个anchor
2025-07-09 09:06:32,332 - INFO - 开始处理anchor: ('01332730', '_derivationally_related_form', '02840619')
2025-07-09 09:06:32,336 - INFO - 最大扩展步数: 2
2025-07-09 09:06:32,516 - INFO - 步骤 1: 添加边 ('01332730', '01336635', '_verb_group'), 相似度提升: 0.0593
2025-07-09 09:06:32,708 - INFO - 步骤 2: 添加边 ('01269379', '01332730', '_hypernym'), 相似度提升: 0.0658
2025-07-09 09:06:32,716 - INFO - 匹配成功: True
2025-07-09 09:06:32,717 - INFO - 匹配得分: 0.9612
2025-07-09 09:06:32,718 - INFO - 扩展子图节点: ['01332730', '02840619', '01336635', '01269379']
2025-07-09 09:06:32,718 - INFO - 扩展子图边: [('01332730', '02840619', {'relation': '_derivationally_related_form'}), ('01332730', '01336635', {'relation': '_verb_group'}), ('01269379', '01332730', {'relation': '_hypernym'})]
2025-07-09 09:06:32,718 - INFO - 处理第16/59个anchor
2025-07-09 09:06:32,718 - INFO - 开始处理anchor: ('01332730', '_verb_group', '01336635')
2025-07-09 09:06:32,723 - INFO - 最大扩展步数: 2
2025-07-09 09:06:32,890 - INFO - 步骤 1: 添加边 ('01338663', '01332730', '_hypernym'), 相似度提升: 0.0424
2025-07-09 09:06:33,054 - INFO - 步骤 2: 添加边 ('04187233', '01336635', '_derivationally_related_form'), 相似度提升: 0.0494
2025-07-09 09:06:33,062 - INFO - 匹配成功: True
2025-07-09 09:06:33,062 - INFO - 匹配得分: 0.9603
2025-07-09 09:06:33,063 - INFO - 扩展子图节点: ['01332730', '01336635', '01338663', '04187233']
2025-07-09 09:06:33,063 - INFO - 扩展子图边: [('01332730', '01336635', {'relation': '_verb_group'}), ('01338663', '01332730', {'relation': '_hypernym'}), ('04187233', '01336635', {'relation': '_derivationally_related_form'})]
2025-07-09 09:06:33,064 - INFO - 处理第17/59个anchor
2025-07-09 09:06:33,064 - INFO - 开始处理anchor: ('01332730', '_verb_group', '01207951')
2025-07-09 09:06:33,069 - INFO - 最大扩展步数: 2
2025-07-09 09:06:33,252 - INFO - 步骤 1: 添加边 ('00217152', '01207951', '_hypernym'), 相似度提升: 0.0455
2025-07-09 09:06:33,460 - INFO - 步骤 2: 添加边 ('00217427', '00217152', '_hypernym'), 相似度提升: 0.0140
2025-07-09 09:06:33,468 - INFO - 匹配成功: True
2025-07-09 09:06:33,469 - INFO - 匹配得分: 0.9477
2025-07-09 09:06:33,469 - INFO - 扩展子图节点: ['01332730', '01207951', '00217152', '00217427']
2025-07-09 09:06:33,469 - INFO - 扩展子图边: [('01332730', '01207951', {'relation': '_verb_group'}), ('00217152', '01207951', {'relation': '_hypernym'}), ('00217427', '00217152', {'relation': '_hypernym'})]
2025-07-09 09:06:33,469 - INFO - 处理第18/59个anchor
2025-07-09 09:06:33,469 - INFO - 开始处理anchor: ('01332730', '_derivationally_related_form', '04151940')
2025-07-09 09:06:33,475 - INFO - 最大扩展步数: 2
2025-07-09 09:06:33,650 - INFO - 步骤 1: 添加边 ('01338663', '01332730', '_hypernym'), 相似度提升: 0.0218
2025-07-09 09:06:33,823 - INFO - 步骤 2: 添加边 ('01269379', '01332730', '_hypernym'), 相似度提升: 0.0682
2025-07-09 09:06:33,830 - INFO - 匹配成功: True
2025-07-09 09:06:33,831 - INFO - 匹配得分: 0.9466
2025-07-09 09:06:33,831 - INFO - 扩展子图节点: ['01332730', '04151940', '01338663', '01269379']
2025-07-09 09:06:33,831 - INFO - 扩展子图边: [('01332730', '04151940', {'relation': '_derivationally_related_form'}), ('01338663', '01332730', {'relation': '_hypernym'}), ('01269379', '01332730', {'relation': '_hypernym'})]
2025-07-09 09:06:33,832 - INFO - 处理第19/59个anchor
2025-07-09 09:06:33,833 - INFO - 开始处理anchor: ('03122748', '_derivationally_related_form', '01332730')
2025-07-09 09:06:33,837 - INFO - 最大扩展步数: 2
2025-07-09 09:06:34,037 - INFO - 步骤 1: 添加边 ('01271189', '01332730', '_hypernym'), 相似度提升: 0.0606
2025-07-09 09:06:34,243 - INFO - 步骤 2: 添加边 ('02840619', '01332730', '_derivationally_related_form'), 相似度提升: 0.0797
2025-07-09 09:06:34,251 - INFO - 匹配成功: True
2025-07-09 09:06:34,251 - INFO - 匹配得分: 0.9096
2025-07-09 09:06:34,251 - INFO - 扩展子图节点: ['03122748', '01332730', '01271189', '02840619']
2025-07-09 09:06:34,251 - INFO - 扩展子图边: [('03122748', '01332730', {'relation': '_derivationally_related_form'}), ('01271189', '01332730', {'relation': '_hypernym'}), ('02840619', '01332730', {'relation': '_derivationally_related_form'})]
2025-07-09 09:06:34,251 - INFO - 处理第20/59个anchor
2025-07-09 09:06:34,251 - INFO - 开始处理anchor: ('03122748', '_hypernym', '00021939')
2025-07-09 09:06:34,257 - INFO - 最大扩展步数: 2
2025-07-09 09:06:34,463 - INFO - 步骤 1: 添加边 ('03357376', '03122748', '_hypernym'), 相似度提升: 0.0844
2025-07-09 09:06:34,678 - INFO - 步骤 2: 添加边 ('00585406', '00021939', '_hypernym'), 相似度提升: 0.0123
2025-07-09 09:06:34,686 - INFO - 匹配成功: True
2025-07-09 09:06:34,686 - INFO - 匹配得分: 0.9406
2025-07-09 09:06:34,687 - INFO - 扩展子图节点: ['03122748', '00021939', '03357376', '00585406']
2025-07-09 09:06:34,687 - INFO - 扩展子图边: [('03122748', '00021939', {'relation': '_hypernym'}), ('03357376', '03122748', {'relation': '_hypernym'}), ('00585406', '00021939', {'relation': '_hypernym'})]
2025-07-09 09:06:34,687 - INFO - 处理第21/59个anchor
2025-07-09 09:06:34,687 - INFO - 开始处理anchor: ('06066555', '_derivationally_related_form', '00645415')
2025-07-09 09:06:34,693 - INFO - 最大扩展步数: 2
2025-07-09 09:06:34,845 - INFO - 步骤 1: 添加边 ('13483190', '06066555', '_synset_domain_topic_of'), 相似度提升: 0.0357
2025-07-09 09:06:34,995 - INFO - 步骤 2: 相似度提升不足 (0.0004), 停止扩展
2025-07-09 09:06:35,001 - INFO - 匹配成功: True
2025-07-09 09:06:35,001 - INFO - 匹配得分: 0.9406
2025-07-09 09:06:35,002 - INFO - 扩展子图节点: ['06066555', '00645415', '13483190']
2025-07-09 09:06:35,002 - INFO - 扩展子图边: [('06066555', '00645415', {'relation': '_derivationally_related_form'}), ('13483190', '06066555', {'relation': '_synset_domain_topic_of'})]
2025-07-09 09:06:35,002 - INFO - 处理第22/59个anchor
2025-07-09 09:06:35,002 - INFO - 开始处理anchor: ('06066555', '_derivationally_related_form', '09868270')
2025-07-09 09:06:35,007 - INFO - 最大扩展步数: 2
2025-07-09 09:06:35,178 - INFO - 步骤 1: 添加边 ('03022349', '06066555', '_synset_domain_topic_of'), 相似度提升: 0.0233
2025-07-09 09:06:35,372 - INFO - 步骤 2: 添加边 ('09868270', '06066555', '_derivationally_related_form'), 相似度提升: 0.0620
2025-07-09 09:06:35,382 - INFO - 匹配成功: True
2025-07-09 09:06:35,383 - INFO - 匹配得分: 0.9451
2025-07-09 09:06:35,383 - INFO - 扩展子图节点: ['06066555', '09868270', '03022349']
2025-07-09 09:06:35,384 - INFO - 扩展子图边: [('06066555', '09868270', {'relation': '_derivationally_related_form'}), ('09868270', '06066555', {'relation': '_derivationally_related_form'}), ('03022349', '06066555', {'relation': '_synset_domain_topic_of'})]
2025-07-09 09:06:35,384 - INFO - 处理第23/59个anchor
2025-07-09 09:06:35,384 - INFO - 开始处理anchor: ('06066555', '_hypernym', '06037666')
2025-07-09 09:06:35,391 - INFO - 最大扩展步数: 2
2025-07-09 09:06:36,080 - INFO - 步骤 1: 添加边 ('06037666', '06037298', '_hypernym'), 相似度提升: 0.0482
2025-07-09 09:06:36,575 - INFO - 步骤 2: 添加边 ('11553240', '06066555', '_synset_domain_topic_of'), 相似度提升: 0.0354
2025-07-09 09:06:36,585 - INFO - 匹配成功: True
2025-07-09 09:06:36,585 - INFO - 匹配得分: 0.9660
2025-07-09 09:06:36,586 - INFO - 扩展子图节点: ['06066555', '06037666', '06037298', '11553240']
2025-07-09 09:06:36,586 - INFO - 扩展子图边: [('06066555', '06037666', {'relation': '_hypernym'}), ('06037666', '06037298', {'relation': '_hypernym'}), ('11553240', '06066555', {'relation': '_synset_domain_topic_of'})]
2025-07-09 09:06:36,586 - INFO - 处理第24/59个anchor
2025-07-09 09:06:36,586 - INFO - 开始处理anchor: ('00645415', '_derivationally_related_form', '06066555')
2025-07-09 09:06:36,592 - INFO - 最大扩展步数: 2
2025-07-09 09:06:36,774 - INFO - 步骤 1: 添加边 ('09868270', '06066555', '_derivationally_related_form'), 相似度提升: 0.0618
2025-07-09 09:06:36,969 - INFO - 步骤 2: 添加边 ('01752728', '06066555', '_synset_domain_topic_of'), 相似度提升: 0.0421
2025-07-09 09:06:36,978 - INFO - 匹配成功: True
2025-07-09 09:06:36,979 - INFO - 匹配得分: 0.9703
2025-07-09 09:06:36,980 - INFO - 扩展子图节点: ['00645415', '06066555', '09868270', '01752728']
2025-07-09 09:06:36,981 - INFO - 扩展子图边: [('00645415', '06066555', {'relation': '_derivationally_related_form'}), ('09868270', '06066555', {'relation': '_derivationally_related_form'}), ('01752728', '06066555', {'relation': '_synset_domain_topic_of'})]
2025-07-09 09:06:36,981 - INFO - 处理第25/59个anchor
2025-07-09 09:06:36,982 - INFO - 开始处理anchor: ('00645415', '_hypernym', '00643473')
2025-07-09 09:06:36,987 - INFO - 最大扩展步数: 2
2025-07-09 09:06:37,061 - INFO - 步骤 1: 添加边 ('06066555', '00645415', '_derivationally_related_form'), 相似度提升: 0.0649
2025-07-09 09:06:37,283 - INFO - 步骤 2: 添加边 ('11552806', '06066555', '_synset_domain_topic_of'), 相似度提升: 0.0281
2025-07-09 09:06:37,292 - INFO - 匹配成功: True
2025-07-09 09:06:37,292 - INFO - 匹配得分: 0.9371
2025-07-09 09:06:37,293 - INFO - 扩展子图节点: ['00645415', '00643473', '06066555', '11552806']
2025-07-09 09:06:37,293 - INFO - 扩展子图边: [('00645415', '00643473', {'relation': '_hypernym'}), ('06066555', '00645415', {'relation': '_derivationally_related_form'}), ('11552806', '06066555', {'relation': '_synset_domain_topic_of'})]
2025-07-09 09:06:37,293 - INFO - 处理第26/59个anchor
2025-07-09 09:06:37,294 - INFO - 开始处理anchor: ('09322930', '_instance_hypernym', '09360122')
2025-07-09 09:06:37,301 - INFO - 最大扩展步数: 2
2025-07-09 09:06:37,484 - INFO - 步骤 1: 相似度提升不足 (-0.0132), 停止扩展
2025-07-09 09:06:37,489 - INFO - 匹配成功: True
2025-07-09 09:06:37,489 - INFO - 匹配得分: 0.9183
2025-07-09 09:06:37,490 - INFO - 扩展子图节点: ['09322930', '09360122']
2025-07-09 09:06:37,491 - INFO - 扩展子图边: [('09322930', '09360122', {'relation': '_instance_hypernym'})]
2025-07-09 09:06:37,491 - INFO - 处理第27/59个anchor
2025-07-09 09:06:37,492 - INFO - 开始处理anchor: ('09360122', '_hypernym', '08617963')
2025-07-09 09:06:37,499 - INFO - 最大扩展步数: 2
2025-07-09 09:06:37,709 - INFO - 步骤 1: 添加边 ('09396275', '09360122', '_instance_hypernym'), 相似度提升: 0.0409
2025-07-09 09:06:37,943 - INFO - 步骤 2: 添加边 ('09463721', '09360122', '_instance_hypernym'), 相似度提升: 0.0302
2025-07-09 09:06:37,952 - INFO - 匹配成功: True
2025-07-09 09:06:37,953 - INFO - 匹配得分: 0.9432
2025-07-09 09:06:37,954 - INFO - 扩展子图节点: ['09360122', '08617963', '09396275', '09463721']
2025-07-09 09:06:37,954 - INFO - 扩展子图边: [('09360122', '08617963', {'relation': '_hypernym'}), ('09396275', '09360122', {'relation': '_instance_hypernym'}), ('09463721', '09360122', {'relation': '_instance_hypernym'})]
2025-07-09 09:06:37,954 - INFO - 处理第28/59个anchor
2025-07-09 09:06:37,954 - INFO - 开始处理anchor: ('07193596', '_derivationally_related_form', '00784342')
2025-07-09 09:06:37,962 - INFO - 最大扩展步数: 2
2025-07-09 09:06:38,052 - INFO - 步骤 1: 添加边 ('00784342', '00897746', '_verb_group'), 相似度提升: 0.0309
2025-07-09 09:06:38,166 - INFO - 步骤 2: 添加边 ('00897746', '00897564', '_hypernym'), 相似度提升: 0.0499
2025-07-09 09:06:38,173 - INFO - 匹配成功: True
2025-07-09 09:06:38,173 - INFO - 匹配得分: 0.9531
2025-07-09 09:06:38,173 - INFO - 扩展子图节点: ['07193596', '00784342', '00897746', '00897564']
2025-07-09 09:06:38,174 - INFO - 扩展子图边: [('07193596', '00784342', {'relation': '_derivationally_related_form'}), ('00784342', '00897746', {'relation': '_verb_group'}), ('00897746', '00897564', {'relation': '_hypernym'})]
2025-07-09 09:06:38,174 - INFO - 处理第29/59个anchor
2025-07-09 09:06:38,175 - INFO - 开始处理anchor: ('07193596', '_derivationally_related_form', '00788184')
2025-07-09 09:06:38,183 - INFO - 最大扩展步数: 2
2025-07-09 09:06:38,275 - INFO - 步骤 1: 添加边 ('07193596', '00785008', '_derivationally_related_form'), 相似度提升: 0.0320
2025-07-09 09:06:38,400 - INFO - 步骤 2: 添加边 ('00785008', '07193184', '_derivationally_related_form'), 相似度提升: 0.0189
2025-07-09 09:06:38,410 - INFO - 匹配成功: True
2025-07-09 09:06:38,410 - INFO - 匹配得分: 0.9517
2025-07-09 09:06:38,411 - INFO - 扩展子图节点: ['07193596', '00788184', '00785008', '07193184']
2025-07-09 09:06:38,412 - INFO - 扩展子图边: [('07193596', '00788184', {'relation': '_derivationally_related_form'}), ('07193596', '00785008', {'relation': '_derivationally_related_form'}), ('00785008', '07193184', {'relation': '_derivationally_related_form'})]
2025-07-09 09:06:38,413 - INFO - 处理第30/59个anchor
2025-07-09 09:06:38,413 - INFO - 开始处理anchor: ('07193596', '_hypernym', '07193184')
2025-07-09 09:06:38,420 - INFO - 最大扩展步数: 2
2025-07-09 09:06:38,506 - INFO - 步骤 1: 添加边 ('07193184', '00784342', '_derivationally_related_form'), 相似度提升: 0.0274
2025-07-09 09:06:38,639 - INFO - 步骤 2: 添加边 ('00788184', '07193596', '_derivationally_related_form'), 相似度提升: 0.0094
2025-07-09 09:06:38,648 - INFO - 匹配成功: True
2025-07-09 09:06:38,648 - INFO - 匹配得分: 0.9616
2025-07-09 09:06:38,648 - INFO - 扩展子图节点: ['07193596', '07193184', '00784342', '00788184']
2025-07-09 09:06:38,649 - INFO - 扩展子图边: [('07193596', '07193184', {'relation': '_hypernym'}), ('07193184', '00784342', {'relation': '_derivationally_related_form'}), ('00788184', '07193596', {'relation': '_derivationally_related_form'})]
2025-07-09 09:06:38,649 - INFO - 处理第31/59个anchor
2025-07-09 09:06:38,649 - INFO - 开始处理anchor: ('07193596', '_derivationally_related_form', '00808855')
2025-07-09 09:06:38,654 - INFO - 最大扩展步数: 2
2025-07-09 09:06:38,738 - INFO - 步骤 1: 添加边 ('07193596', '00785008', '_derivationally_related_form'), 相似度提升: 0.0619
2025-07-09 09:06:38,855 - INFO - 步骤 2: 添加边 ('00785008', '07196682', '_derivationally_related_form'), 相似度提升: 0.0525
2025-07-09 09:06:38,865 - INFO - 匹配成功: True
2025-07-09 09:06:38,865 - INFO - 匹配得分: 0.9665
2025-07-09 09:06:38,865 - INFO - 扩展子图节点: ['07193596', '00808855', '00785008', '07196682']
2025-07-09 09:06:38,866 - INFO - 扩展子图边: [('07193596', '00808855', {'relation': '_derivationally_related_form'}), ('07193596', '00785008', {'relation': '_derivationally_related_form'}), ('00785008', '07196682', {'relation': '_derivationally_related_form'})]
2025-07-09 09:06:38,866 - INFO - 处理第32/59个anchor
2025-07-09 09:06:38,866 - INFO - 开始处理anchor: ('07193596', '_derivationally_related_form', '00785008')
2025-07-09 09:06:38,872 - INFO - 最大扩展步数: 2
2025-07-09 09:06:38,953 - INFO - 步骤 1: 添加边 ('00784342', '07193596', '_derivationally_related_form'), 相似度提升: 0.0072
2025-07-09 09:06:39,090 - INFO - 步骤 2: 添加边 ('07193596', '00808855', '_derivationally_related_form'), 相似度提升: 0.0279
2025-07-09 09:06:39,101 - INFO - 匹配成功: True
2025-07-09 09:06:39,101 - INFO - 匹配得分: 0.9409
2025-07-09 09:06:39,101 - INFO - 扩展子图节点: ['07193596', '00785008', '00784342', '00808855']
2025-07-09 09:06:39,102 - INFO - 扩展子图边: [('07193596', '00785008', {'relation': '_derivationally_related_form'}), ('07193596', '00808855', {'relation': '_derivationally_related_form'}), ('00784342', '07193596', {'relation': '_derivationally_related_form'})]
2025-07-09 09:06:39,102 - INFO - 处理第33/59个anchor
2025-07-09 09:06:39,103 - INFO - 开始处理anchor: ('00784342', '_derivationally_related_form', '10207831')
2025-07-09 09:06:39,108 - INFO - 最大扩展步数: 2
2025-07-09 09:06:39,215 - INFO - 步骤 1: 添加边 ('00784727', '10207831', '_derivationally_related_form'), 相似度提升: 0.0233
2025-07-09 09:06:39,338 - INFO - 步骤 2: 添加边 ('00897746', '00784342', '_verb_group'), 相似度提升: 0.0426
2025-07-09 09:06:39,347 - INFO - 匹配成功: True
2025-07-09 09:06:39,347 - INFO - 匹配得分: 0.9556
2025-07-09 09:06:39,348 - INFO - 扩展子图节点: ['00784342', '10207831', '00784727', '00897746']
2025-07-09 09:06:39,348 - INFO - 扩展子图边: [('00784342', '10207831', {'relation': '_derivationally_related_form'}), ('00784727', '10207831', {'relation': '_derivationally_related_form'}), ('00897746', '00784342', {'relation': '_verb_group'})]
2025-07-09 09:06:39,348 - INFO - 处理第34/59个anchor
2025-07-09 09:06:39,349 - INFO - 开始处理anchor: ('00784342', '_hypernym', '00740577')
2025-07-09 09:06:39,353 - INFO - 最大扩展步数: 2
2025-07-09 09:06:39,554 - INFO - 步骤 1: 添加边 ('00877559', '00784342', '_hypernym'), 相似度提升: 0.0356
2025-07-09 09:06:39,800 - INFO - 步骤 2: 添加边 ('00784342', '07193184', '_derivationally_related_form'), 相似度提升: 0.0116
2025-07-09 09:06:39,808 - INFO - 匹配成功: True
2025-07-09 09:06:39,809 - INFO - 匹配得分: 0.9660
2025-07-09 09:06:39,809 - INFO - 扩展子图节点: ['00784342', '00740577', '00877559', '07193184']
2025-07-09 09:06:39,809 - INFO - 扩展子图边: [('00784342', '00740577', {'relation': '_hypernym'}), ('00784342', '07193184', {'relation': '_derivationally_related_form'}), ('00877559', '00784342', {'relation': '_hypernym'})]
2025-07-09 09:06:39,809 - INFO - 处理第35/59个anchor
2025-07-09 09:06:39,809 - INFO - 开始处理anchor: ('00784342', '_derivationally_related_form', '07193596')
2025-07-09 09:06:39,817 - INFO - 最大扩展步数: 2
2025-07-09 09:06:39,920 - INFO - 步骤 1: 添加边 ('00788184', '07193596', '_derivationally_related_form'), 相似度提升: 0.1038
2025-07-09 09:06:40,068 - INFO - 步骤 2: 添加边 ('00788184', '07196682', '_derivationally_related_form'), 相似度提升: 0.0166
2025-07-09 09:06:40,076 - INFO - 匹配成功: True
2025-07-09 09:06:40,077 - INFO - 匹配得分: 0.9510
2025-07-09 09:06:40,077 - INFO - 扩展子图节点: ['00784342', '07193596', '00788184', '07196682']
2025-07-09 09:06:40,077 - INFO - 扩展子图边: [('00784342', '07193596', {'relation': '_derivationally_related_form'}), ('00788184', '07193596', {'relation': '_derivationally_related_form'}), ('00788184', '07196682', {'relation': '_derivationally_related_form'})]
2025-07-09 09:06:40,078 - INFO - 处理第36/59个anchor
2025-07-09 09:06:40,078 - INFO - 开始处理anchor: ('00784342', '_verb_group', '00897746')
2025-07-09 09:06:40,085 - INFO - 最大扩展步数: 2
2025-07-09 09:06:40,170 - INFO - 步骤 1: 添加边 ('00897746', '00897564', '_hypernym'), 相似度提升: 0.0329
2025-07-09 09:06:40,270 - INFO - 步骤 2: 添加边 ('00784342', '07193184', '_derivationally_related_form'), 相似度提升: 0.0346
2025-07-09 09:06:40,280 - INFO - 匹配成功: True
2025-07-09 09:06:40,281 - INFO - 匹配得分: 0.9479
2025-07-09 09:06:40,281 - INFO - 扩展子图节点: ['00784342', '00897746', '00897564', '07193184']
2025-07-09 09:06:40,281 - INFO - 扩展子图边: [('00784342', '00897746', {'relation': '_verb_group'}), ('00784342', '07193184', {'relation': '_derivationally_related_form'}), ('00897746', '00897564', {'relation': '_hypernym'})]
2025-07-09 09:06:40,282 - INFO - 处理第37/59个anchor
2025-07-09 09:06:40,282 - INFO - 开始处理anchor: ('00784342', '_derivationally_related_form', '07193184')
2025-07-09 09:06:40,288 - INFO - 最大扩展步数: 2
2025-07-09 09:06:40,392 - INFO - 步骤 1: 添加边 ('07193184', '00785962', '_derivationally_related_form'), 相似度提升: 0.0276
2025-07-09 09:06:40,544 - INFO - 步骤 2: 添加边 ('00785008', '07193184', '_derivationally_related_form'), 相似度提升: 0.0328
2025-07-09 09:06:40,554 - INFO - 匹配成功: True
2025-07-09 09:06:40,554 - INFO - 匹配得分: 0.9670
2025-07-09 09:06:40,555 - INFO - 扩展子图节点: ['00784342', '07193184', '00785962', '00785008']
2025-07-09 09:06:40,555 - INFO - 扩展子图边: [('00784342', '07193184', {'relation': '_derivationally_related_form'}), ('07193184', '00785962', {'relation': '_derivationally_related_form'}), ('00785008', '07193184', {'relation': '_derivationally_related_form'})]
2025-07-09 09:06:40,556 - INFO - 处理第38/59个anchor
2025-07-09 09:06:40,556 - INFO - 开始处理anchor: ('00784342', '_verb_group', '00784727')
2025-07-09 09:06:40,564 - INFO - 最大扩展步数: 2
2025-07-09 09:06:40,638 - INFO - 步骤 1: 添加边 ('00784727', '10207831', '_derivationally_related_form'), 相似度提升: 0.0875
2025-07-09 09:06:40,758 - INFO - 步骤 2: 添加边 ('07193596', '00784342', '_derivationally_related_form'), 相似度提升: 0.0840
2025-07-09 09:06:40,768 - INFO - 匹配成功: True
2025-07-09 09:06:40,769 - INFO - 匹配得分: 0.9220
2025-07-09 09:06:40,769 - INFO - 扩展子图节点: ['00784342', '00784727', '10207831', '07193596']
2025-07-09 09:06:40,769 - INFO - 扩展子图边: [('00784342', '00784727', {'relation': '_verb_group'}), ('00784727', '10207831', {'relation': '_derivationally_related_form'}), ('07193596', '00784342', {'relation': '_derivationally_related_form'})]
2025-07-09 09:06:40,769 - INFO - 处理第39/59个anchor
2025-07-09 09:06:40,769 - INFO - 开始处理anchor: ('01768969', '_derivationally_related_form', '02636811')
2025-07-09 09:06:40,777 - INFO - 最大扩展步数: 2
2025-07-09 09:06:40,853 - INFO - 步骤 1: 相似度提升不足 (-0.0156), 停止扩展
2025-07-09 09:06:40,859 - INFO - 匹配成功: True
2025-07-09 09:06:40,859 - INFO - 匹配得分: 0.9671
2025-07-09 09:06:40,860 - INFO - 扩展子图节点: ['01768969', '02636811']
2025-07-09 09:06:40,860 - INFO - 扩展子图边: [('01768969', '02636811', {'relation': '_derivationally_related_form'})]
2025-07-09 09:06:40,862 - INFO - 处理第40/59个anchor
2025-07-09 09:06:40,862 - INFO - 开始处理anchor: ('01768969', '_hypernym', '08103777')
2025-07-09 09:06:40,868 - INFO - 最大扩展步数: 2
2025-07-09 09:06:41,342 - INFO - 步骤 1: 添加边 ('11910835', '08103777', '_hypernym'), 相似度提升: 0.0341
2025-07-09 09:06:41,841 - INFO - 步骤 2: 添加边 ('01402169', '08103777', '_hypernym'), 相似度提升: 0.0344
2025-07-09 09:06:41,852 - INFO - 匹配成功: True
2025-07-09 09:06:41,852 - INFO - 匹配得分: 0.9348
2025-07-09 09:06:41,852 - INFO - 扩展子图节点: ['01768969', '08103777', '11910835', '01402169']
2025-07-09 09:06:41,853 - INFO - 扩展子图边: [('01768969', '08103777', {'relation': '_hypernym'}), ('11910835', '08103777', {'relation': '_hypernym'}), ('01402169', '08103777', {'relation': '_hypernym'})]
2025-07-09 09:06:41,853 - INFO - 处理第41/59个anchor
2025-07-09 09:06:41,853 - INFO - 开始处理anchor: ('01768969', '_member_meronym', '01775879')
2025-07-09 09:06:41,859 - INFO - 最大扩展步数: 2
2025-07-09 09:06:41,938 - INFO - 步骤 1: 添加边 ('01768969', '01770553', '_member_meronym'), 相似度提升: 0.0711
2025-07-09 09:06:42,023 - INFO - 步骤 2: 添加边 ('01770553', '01770795', '_member_meronym'), 相似度提升: 0.0205
2025-07-09 09:06:42,032 - INFO - 匹配成功: True
2025-07-09 09:06:42,033 - INFO - 匹配得分: 0.9294
2025-07-09 09:06:42,033 - INFO - 扩展子图节点: ['01768969', '01775879', '01770553', '01770795']
2025-07-09 09:06:42,033 - INFO - 扩展子图边: [('01768969', '01775879', {'relation': '_member_meronym'}), ('01768969', '01770553', {'relation': '_member_meronym'}), ('01770553', '01770795', {'relation': '_member_meronym'})]
2025-07-09 09:06:42,033 - INFO - 处理第42/59个anchor
2025-07-09 09:06:42,034 - INFO - 开始处理anchor: ('01768969', '_member_meronym', '01771966')
2025-07-09 09:06:42,040 - INFO - 最大扩展步数: 2
2025-07-09 09:06:42,121 - INFO - 步骤 1: 添加边 ('01771966', '01774595', '_member_meronym'), 相似度提升: 0.0286
2025-07-09 09:06:42,201 - INFO - 步骤 2: 添加边 ('01768969', '01770553', '_member_meronym'), 相似度提升: 0.0308
2025-07-09 09:06:42,208 - INFO - 匹配成功: True
2025-07-09 09:06:42,209 - INFO - 匹配得分: 0.9244
2025-07-09 09:06:42,209 - INFO - 扩展子图节点: ['01768969', '01771966', '01774595', '01770553']
2025-07-09 09:06:42,210 - INFO - 扩展子图边: [('01768969', '01771966', {'relation': '_member_meronym'}), ('01768969', '01770553', {'relation': '_member_meronym'}), ('01771966', '01774595', {'relation': '_member_meronym'})]
2025-07-09 09:06:42,210 - INFO - 处理第43/59个anchor
2025-07-09 09:06:42,211 - INFO - 开始处理anchor: ('01768969', '_member_meronym', '01769347')
2025-07-09 09:06:42,219 - INFO - 最大扩展步数: 2
2025-07-09 09:06:42,309 - INFO - 步骤 1: 添加边 ('01768402', '01768969', '_member_meronym'), 相似度提升: 0.0254
2025-07-09 09:06:42,403 - INFO - 步骤 2: 添加边 ('01768402', '01787191', '_member_meronym'), 相似度提升: 0.0181
2025-07-09 09:06:42,413 - INFO - 匹配成功: True
2025-07-09 09:06:42,414 - INFO - 匹配得分: 0.9295
2025-07-09 09:06:42,414 - INFO - 扩展子图节点: ['01768969', '01769347', '01768402', '01787191']
2025-07-09 09:06:42,414 - INFO - 扩展子图边: [('01768969', '01769347', {'relation': '_member_meronym'}), ('01768402', '01768969', {'relation': '_member_meronym'}), ('01768402', '01787191', {'relation': '_member_meronym'})]
2025-07-09 09:06:42,415 - INFO - 处理第44/59个anchor
2025-07-09 09:06:42,415 - INFO - 开始处理anchor: ('01768969', '_member_meronym', '01770553')
2025-07-09 09:06:42,422 - INFO - 最大扩展步数: 2
2025-07-09 09:06:42,486 - INFO - 步骤 1: 添加边 ('02636811', '01768969', '_derivationally_related_form'), 相似度提升: 0.0094
2025-07-09 09:06:42,566 - INFO - 步骤 2: 添加边 ('02636811', '01772222', '_derivationally_related_form'), 相似度提升: 0.0649
2025-07-09 09:06:42,574 - INFO - 匹配成功: True
2025-07-09 09:06:42,574 - INFO - 匹配得分: 0.9508
2025-07-09 09:06:42,575 - INFO - 扩展子图节点: ['01768969', '01770553', '02636811', '01772222']
2025-07-09 09:06:42,575 - INFO - 扩展子图边: [('01768969', '01770553', {'relation': '_member_meronym'}), ('02636811', '01768969', {'relation': '_derivationally_related_form'}), ('02636811', '01772222', {'relation': '_derivationally_related_form'})]
2025-07-09 09:06:42,576 - INFO - 处理第45/59个anchor
2025-07-09 09:06:42,576 - INFO - 开始处理anchor: ('01768969', '_member_meronym', '01769635')
2025-07-09 09:06:42,584 - INFO - 最大扩展步数: 2
2025-07-09 09:06:42,638 - INFO - 步骤 1: 添加边 ('01768969', '02636811', '_derivationally_related_form'), 相似度提升: 0.0628
2025-07-09 09:06:42,719 - INFO - 步骤 2: 添加边 ('02636811', '06083243', '_synset_domain_topic_of'), 相似度提升: 0.0613
2025-07-09 09:06:42,728 - INFO - 匹配成功: True
2025-07-09 09:06:42,728 - INFO - 匹配得分: 0.9609
2025-07-09 09:06:42,729 - INFO - 扩展子图节点: ['01768969', '01769635', '02636811', '06083243']
2025-07-09 09:06:42,730 - INFO - 扩展子图边: [('01768969', '01769635', {'relation': '_member_meronym'}), ('01768969', '02636811', {'relation': '_derivationally_related_form'}), ('02636811', '06083243', {'relation': '_synset_domain_topic_of'})]
2025-07-09 09:06:42,730 - INFO - 处理第46/59个anchor
2025-07-09 09:06:42,731 - INFO - 开始处理anchor: ('02636811', '_derivationally_related_form', '01769347')
2025-07-09 09:06:42,736 - INFO - 最大扩展步数: 2
2025-07-09 09:06:42,813 - INFO - 步骤 1: 添加边 ('01768969', '01769347', '_member_meronym'), 相似度提升: 0.0201
2025-07-09 09:06:42,920 - INFO - 步骤 2: 相似度提升不足 (-0.0025), 停止扩展
2025-07-09 09:06:42,927 - INFO - 匹配成功: True
2025-07-09 09:06:42,928 - INFO - 匹配得分: 0.9284
2025-07-09 09:06:42,929 - INFO - 扩展子图节点: ['02636811', '01769347', '01768969']
2025-07-09 09:06:42,929 - INFO - 扩展子图边: [('02636811', '01769347', {'relation': '_derivationally_related_form'}), ('01768969', '01769347', {'relation': '_member_meronym'})]
2025-07-09 09:06:42,930 - INFO - 处理第47/59个anchor
2025-07-09 09:06:42,930 - INFO - 开始处理anchor: ('02636811', '_derivationally_related_form', '01768969')
2025-07-09 09:06:42,937 - INFO - 最大扩展步数: 2
2025-07-09 09:06:43,012 - INFO - 步骤 1: 相似度提升不足 (-0.0082), 停止扩展
2025-07-09 09:06:43,018 - INFO - 匹配成功: True
2025-07-09 09:06:43,018 - INFO - 匹配得分: 0.9372
2025-07-09 09:06:43,019 - INFO - 扩展子图节点: ['02636811', '01768969']
2025-07-09 09:06:43,019 - INFO - 扩展子图边: [('02636811', '01768969', {'relation': '_derivationally_related_form'})]
2025-07-09 09:06:43,019 - INFO - 处理第48/59个anchor
2025-07-09 09:06:43,020 - INFO - 开始处理anchor: ('02636811', '_derivationally_related_form', '01772222')
2025-07-09 09:06:43,026 - INFO - 最大扩展步数: 2
2025-07-09 09:06:43,094 - INFO - 步骤 1: 添加边 ('01775062', '01772222', '_hypernym'), 相似度提升: 0.0016
2025-07-09 09:06:43,163 - INFO - 步骤 2: 添加边 ('01772222', '02636811', '_derivationally_related_form'), 相似度提升: 0.0238
2025-07-09 09:06:43,171 - INFO - 匹配成功: True
2025-07-09 09:06:43,172 - INFO - 匹配得分: 0.9632
2025-07-09 09:06:43,172 - INFO - 扩展子图节点: ['02636811', '01772222', '01775062']
2025-07-09 09:06:43,172 - INFO - 扩展子图边: [('02636811', '01772222', {'relation': '_derivationally_related_form'}), ('01772222', '02636811', {'relation': '_derivationally_related_form'}), ('01775062', '01772222', {'relation': '_hypernym'})]
2025-07-09 09:06:43,173 - INFO - 处理第49/59个anchor
2025-07-09 09:06:43,173 - INFO - 开始处理anchor: ('01455754', '_hypernym', '01974062')
2025-07-09 09:06:43,181 - INFO - 最大扩展步数: 2
2025-07-09 09:06:43,364 - INFO - 步骤 1: 添加边 ('01974062', '03281145', '_derivationally_related_form'), 相似度提升: 0.0668
2025-07-09 09:06:43,586 - INFO - 步骤 2: 添加边 ('01974062', '07348399', '_derivationally_related_form'), 相似度提升: 0.0326
2025-07-09 09:06:43,596 - INFO - 匹配成功: True
2025-07-09 09:06:43,596 - INFO - 匹配得分: 0.9552
2025-07-09 09:06:43,597 - INFO - 扩展子图节点: ['01455754', '01974062', '03281145', '07348399']
2025-07-09 09:06:43,598 - INFO - 扩展子图边: [('01455754', '01974062', {'relation': '_hypernym'}), ('01974062', '03281145', {'relation': '_derivationally_related_form'}), ('01974062', '07348399', {'relation': '_derivationally_related_form'})]
2025-07-09 09:06:43,599 - INFO - 处理第50/59个anchor
2025-07-09 09:06:43,599 - INFO - 开始处理anchor: ('01974062', '_derivationally_related_form', '09206985')
2025-07-09 09:06:43,604 - INFO - 最大扩展步数: 2
2025-07-09 09:06:43,835 - INFO - 步骤 1: 添加边 ('03281145', '01974062', '_derivationally_related_form'), 相似度提升: 0.0581
2025-07-09 09:06:44,119 - INFO - 步骤 2: 相似度提升不足 (-0.0051), 停止扩展
2025-07-09 09:06:44,127 - INFO - 匹配成功: True
2025-07-09 09:06:44,127 - INFO - 匹配得分: 0.9722
2025-07-09 09:06:44,128 - INFO - 扩展子图节点: ['01974062', '09206985', '03281145']
2025-07-09 09:06:44,128 - INFO - 扩展子图边: [('01974062', '09206985', {'relation': '_derivationally_related_form'}), ('03281145', '01974062', {'relation': '_derivationally_related_form'})]
2025-07-09 09:06:44,129 - INFO - 处理第51/59个anchor
2025-07-09 09:06:44,130 - INFO - 开始处理anchor: ('01974062', '_derivationally_related_form', '07348399')
2025-07-09 09:06:44,136 - INFO - 最大扩展步数: 2
2025-07-09 09:06:44,345 - INFO - 步骤 1: 添加边 ('01239359', '01974062', '_hypernym'), 相似度提升: 0.0172
2025-07-09 09:06:44,561 - INFO - 步骤 2: 添加边 ('01976089', '01974062', '_hypernym'), 相似度提升: 0.0226
2025-07-09 09:06:44,571 - INFO - 匹配成功: True
2025-07-09 09:06:44,571 - INFO - 匹配得分: 0.9376
2025-07-09 09:06:44,571 - INFO - 扩展子图节点: ['01974062', '07348399', '01239359', '01976089']
2025-07-09 09:06:44,572 - INFO - 扩展子图边: [('01974062', '07348399', {'relation': '_derivationally_related_form'}), ('01239359', '01974062', {'relation': '_hypernym'}), ('01976089', '01974062', {'relation': '_hypernym'})]
2025-07-09 09:06:44,572 - INFO - 处理第52/59个anchor
2025-07-09 09:06:44,572 - INFO - 开始处理anchor: ('01974062', '_derivationally_related_form', '10773394')
2025-07-09 09:06:44,579 - INFO - 最大扩展步数: 2
2025-07-09 09:06:44,787 - INFO - 步骤 1: 添加边 ('01150370', '10773394', '_derivationally_related_form'), 相似度提升: 0.0612
2025-07-09 09:06:45,028 - INFO - 步骤 2: 添加边 ('01974062', '07370671', '_derivationally_related_form'), 相似度提升: 0.0305
2025-07-09 09:06:45,037 - INFO - 匹配成功: True
2025-07-09 09:06:45,038 - INFO - 匹配得分: 0.9583
2025-07-09 09:06:45,038 - INFO - 扩展子图节点: ['01974062', '10773394', '01150370', '07370671']
2025-07-09 09:06:45,038 - INFO - 扩展子图边: [('01974062', '10773394', {'relation': '_derivationally_related_form'}), ('01974062', '07370671', {'relation': '_derivationally_related_form'}), ('01150370', '10773394', {'relation': '_derivationally_related_form'})]
2025-07-09 09:06:45,039 - INFO - 处理第53/59个anchor
2025-07-09 09:06:45,039 - INFO - 开始处理anchor: ('01974062', '_derivationally_related_form', '07370671')
2025-07-09 09:06:45,047 - INFO - 最大扩展步数: 2
2025-07-09 09:06:45,258 - INFO - 步骤 1: 添加边 ('07370671', '07445480', '_hypernym'), 相似度提升: 0.0194
2025-07-09 09:06:45,526 - INFO - 步骤 2: 添加边 ('01974062', '04231693', '_derivationally_related_form'), 相似度提升: 0.0295
2025-07-09 09:06:45,537 - INFO - 匹配成功: True
2025-07-09 09:06:45,537 - INFO - 匹配得分: 0.9707
2025-07-09 09:06:45,537 - INFO - 扩展子图节点: ['01974062', '07370671', '07445480', '04231693']
2025-07-09 09:06:45,538 - INFO - 扩展子图边: [('01974062', '07370671', {'relation': '_derivationally_related_form'}), ('01974062', '04231693', {'relation': '_derivationally_related_form'}), ('07370671', '07445480', {'relation': '_hypernym'})]
2025-07-09 09:06:45,538 - INFO - 处理第54/59个anchor
2025-07-09 09:06:45,538 - INFO - 开始处理anchor: ('01974062', '_derivationally_related_form', '00116376')
2025-07-09 09:06:45,548 - INFO - 最大扩展步数: 2
2025-07-09 09:06:45,772 - INFO - 步骤 1: 添加边 ('01239359', '01974062', '_hypernym'), 相似度提升: 0.0470
2025-07-09 09:06:46,022 - INFO - 步骤 2: 添加边 ('00116376', '01455866', '_derivationally_related_form'), 相似度提升: 0.0434
2025-07-09 09:06:46,032 - INFO - 匹配成功: True
2025-07-09 09:06:46,033 - INFO - 匹配得分: 0.9234
2025-07-09 09:06:46,033 - INFO - 扩展子图节点: ['01974062', '00116376', '01239359', '01455866']
2025-07-09 09:06:46,033 - INFO - 扩展子图边: [('01974062', '00116376', {'relation': '_derivationally_related_form'}), ('00116376', '01455866', {'relation': '_derivationally_related_form'}), ('01239359', '01974062', {'relation': '_hypernym'})]
2025-07-09 09:06:46,033 - INFO - 处理第55/59个anchor
2025-07-09 09:06:46,034 - INFO - 开始处理anchor: ('01974062', '_derivationally_related_form', '04231693')
2025-07-09 09:06:46,040 - INFO - 最大扩展步数: 2
2025-07-09 09:06:46,249 - INFO - 步骤 1: 添加边 ('03281145', '01974062', '_derivationally_related_form'), 相似度提升: 0.0131
2025-07-09 09:06:46,482 - INFO - 步骤 2: 添加边 ('01455754', '01974062', '_hypernym'), 相似度提升: 0.0149
2025-07-09 09:06:46,490 - INFO - 匹配成功: True
2025-07-09 09:06:46,491 - INFO - 匹配得分: 0.9418
2025-07-09 09:06:46,491 - INFO - 扩展子图节点: ['01974062', '04231693', '03281145', '01455754']
2025-07-09 09:06:46,492 - INFO - 扩展子图边: [('01974062', '04231693', {'relation': '_derivationally_related_form'}), ('03281145', '01974062', {'relation': '_derivationally_related_form'}), ('01455754', '01974062', {'relation': '_hypernym'})]
2025-07-09 09:06:46,492 - INFO - 处理第56/59个anchor
2025-07-09 09:06:46,492 - INFO - 开始处理anchor: ('01974062', '_derivationally_related_form', '09366317')
2025-07-09 09:06:46,500 - INFO - 最大扩展步数: 2
2025-07-09 09:06:46,729 - INFO - 步骤 1: 添加边 ('01974062', '01976089', '_also_see'), 相似度提升: 0.0118
2025-07-09 09:06:46,973 - INFO - 步骤 2: 添加边 ('01975387', '01974062', '_hypernym'), 相似度提升: 0.0233
2025-07-09 09:06:46,983 - INFO - 匹配成功: True
2025-07-09 09:06:46,984 - INFO - 匹配得分: 0.9606
2025-07-09 09:06:46,984 - INFO - 扩展子图节点: ['01974062', '09366317', '01976089', '01975387']
2025-07-09 09:06:46,985 - INFO - 扩展子图边: [('01974062', '09366317', {'relation': '_derivationally_related_form'}), ('01974062', '01976089', {'relation': '_also_see'}), ('01975387', '01974062', {'relation': '_hypernym'})]
2025-07-09 09:06:46,985 - INFO - 处理第57/59个anchor
2025-07-09 09:06:46,985 - INFO - 开始处理anchor: ('01974062', '_derivationally_related_form', '03281145')
2025-07-09 09:06:46,990 - INFO - 最大扩展步数: 2
2025-07-09 09:06:47,199 - INFO - 步骤 1: 相似度提升不足 (-0.0023), 停止扩展
2025-07-09 09:06:47,204 - INFO - 匹配成功: True
2025-07-09 09:06:47,205 - INFO - 匹配得分: 0.9416
2025-07-09 09:06:47,206 - INFO - 扩展子图节点: ['01974062', '03281145']
2025-07-09 09:06:47,206 - INFO - 扩展子图边: [('01974062', '03281145', {'relation': '_derivationally_related_form'})]
2025-07-09 09:06:47,206 - INFO - 处理第58/59个anchor
2025-07-09 09:06:47,206 - INFO - 开始处理anchor: ('01974062', '_derivationally_related_form', '05131283')
2025-07-09 09:06:47,214 - INFO - 最大扩展步数: 2
2025-07-09 09:06:47,423 - INFO - 步骤 1: 添加边 ('01975912', '01974062', '_hypernym'), 相似度提升: 0.0548
2025-07-09 09:06:47,635 - INFO - 步骤 2: 添加边 ('01974916', '01974062', '_hypernym'), 相似度提升: 0.0524
2025-07-09 09:06:47,644 - INFO - 匹配成功: True
2025-07-09 09:06:47,644 - INFO - 匹配得分: 0.8504
2025-07-09 09:06:47,645 - INFO - 扩展子图节点: ['01974062', '05131283', '01975912', '01974916']
2025-07-09 09:06:47,646 - INFO - 扩展子图边: [('01974062', '05131283', {'relation': '_derivationally_related_form'}), ('01975912', '01974062', {'relation': '_hypernym'}), ('01974916', '01974062', {'relation': '_hypernym'})]
2025-07-09 09:06:47,646 - INFO - 处理第59/59个anchor
2025-07-09 09:06:47,647 - INFO - 开始处理anchor: ('01974062', '_derivationally_related_form', '00316594')
2025-07-09 09:06:47,653 - INFO - 最大扩展步数: 2
2025-07-09 09:06:47,849 - INFO - 步骤 1: 添加边 ('01974062', '00116376', '_derivationally_related_form'), 相似度提升: 0.0293
2025-07-09 09:06:48,322 - INFO - 步骤 2: 添加边 ('01974916', '01974062', '_hypernym'), 相似度提升: 0.0125
2025-07-09 09:06:48,339 - INFO - 匹配成功: True
2025-07-09 09:06:48,339 - INFO - 匹配得分: 0.9392
2025-07-09 09:06:48,339 - INFO - 扩展子图节点: ['01974062', '00316594', '00116376', '01974916']
2025-07-09 09:06:48,340 - INFO - 扩展子图边: [('01974062', '00316594', {'relation': '_derivationally_related_form'}), ('01974062', '00116376', {'relation': '_derivationally_related_form'}), ('01974916', '01974062', {'relation': '_hypernym'})]
2025-07-09 09:06:48,341 - INFO - 批量匹配完成: 59/59 成功匹配
2025-07-09 09:06:48,387 - INFO - 结果已保存到: result2.json
