2025-07-08 09:17:59,967 - INFO - 成功加载预训练embedding
2025-07-08 09:18:00,063 - INFO - 成功加载训练好的结构嵌入模型
2025-07-08 09:18:00,064 - INFO - StructMatch系统初始化完成（集成语义增强）
2025-07-08 09:18:00,065 - INFO - 开始加载数据...
2025-07-08 09:18:01,217 - INFO - 成功加载知识图谱: 40559个实体, 11种关系, 86835个三元组
2025-07-08 09:18:01,218 - INFO - 成功加载2条规则
2025-07-08 09:18:01,218 - INFO - 数据加载完成
2025-07-08 09:18:01,338 - INFO - 开始批量匹配，共1299个anchor，规则ID: rule_001
2025-07-08 09:18:01,341 - INFO - 处理第1/1299个anchor
2025-07-08 09:18:01,341 - INFO - 开始处理anchor: ('01974062', '_also_see', '01976089')
2025-07-08 09:18:01,345 - WARNING - 未提供target_motif，motif剪枝将被跳过
2025-07-08 09:18:01,350 - INFO - 规则前提大小: 2, 最大扩展步数: 2
2025-07-08 09:18:01,353 - INFO - 步骤 1: 添加边 ('01380638', '01976089', '_also_see'), 相似度提升: 0.1239 (当前: 0.2102)
2025-07-08 09:18:01,359 - INFO - 步骤 2: 没有找到合适的扩展边
2025-07-08 09:18:01,361 - INFO - 匹配失败，处理时间: 0.0198秒
2025-07-08 09:18:01,361 - INFO - 处理第2/1299个anchor
2025-07-08 09:18:01,362 - INFO - 开始处理anchor: ('01698271', '_also_see', '01754576')
2025-07-08 09:18:01,364 - WARNING - 未提供target_motif，motif剪枝将被跳过
2025-07-08 09:18:01,365 - INFO - 规则前提大小: 2, 最大扩展步数: 2
2025-07-08 09:18:01,369 - INFO - 步骤 1: 添加边 ('01698271', '00929718', '_synset_domain_topic_of'), 相似度提升: 0.2550 (当前: 0.3413)
2025-07-08 09:18:01,370 - INFO - 步骤 1: 子图与规则同构，提前终止扩展
2025-07-08 09:18:01,377 - INFO - 匹配成功: True
2025-07-08 09:18:01,377 - INFO - 匹配得分: 1.0000
2025-07-08 09:18:01,377 - INFO - 扩展子图节点: ['01698271', '01754576', '00929718']
2025-07-08 09:18:01,378 - INFO - 扩展子图边: [('01698271', '01754576'), ('01698271', '00929718')]
2025-07-08 09:18:01,379 - INFO - 处理第3/1299个anchor
2025-07-08 09:18:01,379 - INFO - 开始处理anchor: ('00230746', '_also_see', '02540347')
2025-07-08 09:18:01,381 - WARNING - 未提供target_motif，motif剪枝将被跳过
2025-07-08 09:18:01,382 - INFO - 规则前提大小: 2, 最大扩展步数: 2
2025-07-08 09:18:01,384 - INFO - 步骤 1: 没有找到合适的扩展边
2025-07-08 09:18:01,385 - INFO - 匹配失败，处理时间: 0.0052秒
2025-07-08 09:18:01,386 - INFO - 处理第4/1299个anchor
2025-07-08 09:18:01,386 - INFO - 开始处理anchor: ('01460029', '_also_see', '00677544')
2025-07-08 09:18:01,391 - WARNING - 未提供target_motif，motif剪枝将被跳过
2025-07-08 09:18:01,392 - INFO - 规则前提大小: 2, 最大扩展步数: 2
2025-07-08 09:18:01,398 - INFO - 步骤 1: 添加边 ('01382083', '00677544', '_also_see'), 相似度提升: 0.1239 (当前: 0.2102)
2025-07-08 09:18:01,403 - INFO - 步骤 2: 没有找到合适的扩展边
2025-07-08 09:18:01,407 - INFO - 匹配失败，处理时间: 0.0203秒
2025-07-08 09:18:01,408 - INFO - 处理第5/1299个anchor
2025-07-08 09:18:01,409 - INFO - 开始处理anchor: ('01410223', '_also_see', '01258302')
2025-07-08 09:18:01,412 - WARNING - 未提供target_motif，motif剪枝将被跳过
2025-07-08 09:18:01,413 - INFO - 规则前提大小: 2, 最大扩展步数: 2
2025-07-08 09:18:01,416 - INFO - 步骤 1: 没有找到合适的扩展边
2025-07-08 09:18:01,417 - INFO - 匹配失败，处理时间: 0.0081秒
2025-07-08 09:18:01,417 - INFO - 处理第6/1299个anchor
2025-07-08 09:18:01,418 - INFO - 开始处理anchor: ('01781478', '_also_see', '01783158')
2025-07-08 09:18:01,420 - WARNING - 未提供target_motif，motif剪枝将被跳过
2025-07-08 09:18:01,421 - INFO - 规则前提大小: 2, 最大扩展步数: 2
2025-07-08 09:18:01,435 - INFO - 步骤 1: 添加边 ('01781478', '02055062', '_also_see'), 相似度提升: 0.2550 (当前: 0.3413)
2025-07-08 09:18:01,446 - INFO - 步骤 2: 没有找到合适的扩展边
2025-07-08 09:18:01,448 - INFO - 匹配失败，处理时间: 0.0307秒
2025-07-08 09:18:01,448 - INFO - 处理第7/1299个anchor
2025-07-08 09:18:01,449 - INFO - 开始处理anchor: ('01781478', '_also_see', '02513269')
2025-07-08 09:18:01,450 - WARNING - 未提供target_motif，motif剪枝将被跳过
2025-07-08 09:18:01,452 - INFO - 规则前提大小: 2, 最大扩展步数: 2
2025-07-08 09:18:01,471 - INFO - 步骤 1: 添加边 ('01781478', '01783158', '_also_see'), 相似度提升: 0.2550 (当前: 0.3413)
2025-07-08 09:18:01,484 - INFO - 步骤 2: 没有找到合适的扩展边
2025-07-08 09:18:01,485 - INFO - 匹配失败，处理时间: 0.0359秒
2025-07-08 09:18:01,486 - INFO - 处理第8/1299个anchor
2025-07-08 09:18:01,486 - INFO - 开始处理anchor: ('01781478', '_also_see', '02578235')
2025-07-08 09:18:01,488 - WARNING - 未提供target_motif，motif剪枝将被跳过
2025-07-08 09:18:01,490 - INFO - 规则前提大小: 2, 最大扩展步数: 2
2025-07-08 09:18:01,502 - INFO - 步骤 1: 添加边 ('01781478', '01783158', '_also_see'), 相似度提升: 0.2550 (当前: 0.3413)
2025-07-08 09:18:01,515 - INFO - 步骤 2: 没有找到合适的扩展边
2025-07-08 09:18:01,516 - INFO - 匹配失败，处理时间: 0.0293秒
2025-07-08 09:18:01,516 - INFO - 处理第9/1299个anchor
2025-07-08 09:18:01,516 - INFO - 开始处理anchor: ('01781478', '_also_see', '02055062')
2025-07-08 09:18:01,518 - WARNING - 未提供target_motif，motif剪枝将被跳过
2025-07-08 09:18:01,519 - INFO - 规则前提大小: 2, 最大扩展步数: 2
2025-07-08 09:18:01,535 - INFO - 步骤 1: 添加边 ('01781478', '01783158', '_also_see'), 相似度提升: 0.2550 (当前: 0.3413)
2025-07-08 09:18:01,545 - INFO - 步骤 2: 没有找到合适的扩展边
2025-07-08 09:18:01,547 - INFO - 匹配失败，处理时间: 0.0310秒
2025-07-08 09:18:01,547 - INFO - 处理第10/1299个anchor
2025-07-08 09:18:01,547 - INFO - 开始处理anchor: ('00452512', '_also_see', '01695567')
2025-07-08 09:18:01,549 - WARNING - 未提供target_motif，motif剪枝将被跳过
2025-07-08 09:18:01,550 - INFO - 规则前提大小: 2, 最大扩展步数: 2
2025-07-08 09:18:01,554 - INFO - 步骤 1: 添加边 ('00452512', '01194938', '_also_see'), 相似度提升: 0.2550 (当前: 0.3413)
2025-07-08 09:18:01,561 - INFO - 步骤 2: 没有找到合适的扩展边
2025-07-08 09:18:01,563 - INFO - 匹配失败，处理时间: 0.0144秒
2025-07-08 09:18:01,563 - INFO - 处理第11/1299个anchor
2025-07-08 09:18:01,563 - INFO - 开始处理anchor: ('00452512', '_also_see', '01194938')
2025-07-08 09:18:01,565 - WARNING - 未提供target_motif，motif剪枝将被跳过
2025-07-08 09:18:01,566 - INFO - 规则前提大小: 2, 最大扩展步数: 2
2025-07-08 09:18:01,569 - INFO - 步骤 1: 添加边 ('00452512', '01695567', '_also_see'), 相似度提升: 0.2550 (当前: 0.3413)
2025-07-08 09:18:01,574 - INFO - 步骤 2: 没有找到合适的扩展边
2025-07-08 09:18:01,577 - INFO - 匹配失败，处理时间: 0.0130秒
2025-07-08 09:18:01,577 - INFO - 处理第12/1299个anchor
2025-07-08 09:18:01,577 - INFO - 开始处理anchor: ('01718867', '_also_see', '00612114')
2025-07-08 09:18:01,580 - WARNING - 未提供target_motif，motif剪枝将被跳过
2025-07-08 09:18:01,580 - INFO - 规则前提大小: 2, 最大扩展步数: 2
2025-07-08 09:18:01,585 - INFO - 步骤 1: 添加边 ('01718867', '00612652', '_also_see'), 相似度提升: 0.2550 (当前: 0.3413)
2025-07-08 09:18:01,595 - INFO - 步骤 2: 没有找到合适的扩展边
2025-07-08 09:18:01,596 - INFO - 匹配失败，处理时间: 0.0181秒
2025-07-08 09:18:01,597 - INFO - 处理第13/1299个anchor
2025-07-08 09:18:01,597 - INFO - 开始处理anchor: ('01718867', '_also_see', '00612652')
2025-07-08 09:18:01,599 - WARNING - 未提供target_motif，motif剪枝将被跳过
2025-07-08 09:18:01,600 - INFO - 规则前提大小: 2, 最大扩展步数: 2
2025-07-08 09:18:01,608 - INFO - 步骤 1: 添加边 ('01718867', '00612114', '_also_see'), 相似度提升: 0.2550 (当前: 0.3413)
2025-07-08 09:18:01,614 - INFO - 步骤 2: 没有找到合适的扩展边
2025-07-08 09:18:01,615 - INFO - 匹配失败，处理时间: 0.0182秒
2025-07-08 09:18:01,616 - INFO - 处理第14/1299个anchor
2025-07-08 09:18:01,616 - INFO - 开始处理anchor: ('00612114', '_also_see', '01718867')
2025-07-08 09:18:01,617 - WARNING - 未提供target_motif，motif剪枝将被跳过
2025-07-08 09:18:01,618 - INFO - 规则前提大小: 2, 最大扩展步数: 2
2025-07-08 09:18:01,627 - INFO - 步骤 1: 添加边 ('00612652', '01718867', '_also_see'), 相似度提升: 0.1239 (当前: 0.2102)
2025-07-08 09:18:01,632 - INFO - 步骤 2: 没有找到合适的扩展边
2025-07-08 09:18:01,634 - INFO - 匹配失败，处理时间: 0.0171秒
2025-07-08 09:18:01,634 - INFO - 处理第15/1299个anchor
2025-07-08 09:18:01,635 - INFO - 开始处理anchor: ('00631391', '_also_see', '01878466')
2025-07-08 09:18:01,636 - WARNING - 未提供target_motif，motif剪枝将被跳过
2025-07-08 09:18:01,636 - INFO - 规则前提大小: 2, 最大扩展步数: 2
2025-07-08 09:18:01,648 - INFO - 步骤 1: 添加边 ('00631391', '00021766', '_also_see'), 相似度提升: 0.2550 (当前: 0.3413)
2025-07-08 09:18:01,660 - INFO - 步骤 2: 没有找到合适的扩展边
2025-07-08 09:18:01,662 - INFO - 匹配失败，处理时间: 0.0279秒
2025-07-08 09:18:01,662 - INFO - 处理第16/1299个anchor
2025-07-08 09:18:01,662 - INFO - 开始处理anchor: ('00631391', '_also_see', '00021766')
2025-07-08 09:18:01,664 - WARNING - 未提供target_motif，motif剪枝将被跳过
2025-07-08 09:18:01,666 - INFO - 规则前提大小: 2, 最大扩展步数: 2
2025-07-08 09:18:01,678 - INFO - 步骤 1: 添加边 ('00631391', '01878466', '_also_see'), 相似度提升: 0.2550 (当前: 0.3413)
2025-07-08 09:18:01,688 - INFO - 步骤 2: 没有找到合适的扩展边
2025-07-08 09:18:01,690 - INFO - 匹配失败，处理时间: 0.0269秒
2025-07-08 09:18:01,691 - INFO - 处理第17/1299个anchor
2025-07-08 09:18:01,691 - INFO - 开始处理anchor: ('01878466', '_also_see', '02034828')
2025-07-08 09:18:01,694 - WARNING - 未提供target_motif，motif剪枝将被跳过
2025-07-08 09:18:01,695 - INFO - 规则前提大小: 2, 最大扩展步数: 2
2025-07-08 09:18:01,709 - INFO - 步骤 1: 添加边 ('01878466', '00631391', '_also_see'), 相似度提升: 0.2550 (当前: 0.3413)
2025-07-08 09:18:01,719 - INFO - 步骤 2: 没有找到合适的扩展边
2025-07-08 09:18:01,721 - INFO - 匹配失败，处理时间: 0.0281秒
2025-07-08 09:18:01,721 - INFO - 处理第18/1299个anchor
2025-07-08 09:18:01,722 - INFO - 开始处理anchor: ('01878466', '_also_see', '00631391')
2025-07-08 09:18:01,725 - WARNING - 未提供target_motif，motif剪枝将被跳过
2025-07-08 09:18:01,726 - INFO - 规则前提大小: 2, 最大扩展步数: 2
2025-07-08 09:18:01,736 - INFO - 步骤 1: 添加边 ('01878466', '02034828', '_also_see'), 相似度提升: 0.2550 (当前: 0.3413)
2025-07-08 09:18:01,747 - INFO - 步骤 2: 没有找到合适的扩展边
2025-07-08 09:18:01,749 - INFO - 匹配失败，处理时间: 0.0251秒
2025-07-08 09:18:01,749 - INFO - 处理第19/1299个anchor
2025-07-08 09:18:01,749 - INFO - 开始处理anchor: ('00051045', '_also_see', '02080577')
2025-07-08 09:18:01,751 - WARNING - 未提供target_motif，motif剪枝将被跳过
2025-07-08 09:18:01,752 - INFO - 规则前提大小: 2, 最大扩展步数: 2
2025-07-08 09:18:01,754 - INFO - 步骤 1: 没有找到合适的扩展边
2025-07-08 09:18:01,758 - INFO - 匹配失败，处理时间: 0.0088秒
2025-07-08 09:18:01,758 - INFO - 处理第20/1299个anchor
2025-07-08 09:18:01,759 - INFO - 开始处理anchor: ('00628491', '_also_see', '00630380')
2025-07-08 09:18:01,761 - WARNING - 未提供target_motif，motif剪枝将被跳过
2025-07-08 09:18:01,763 - INFO - 规则前提大小: 2, 最大扩展步数: 2
2025-07-08 09:18:01,767 - INFO - 步骤 1: 添加边 ('00628491', '01634142', '_also_see'), 相似度提升: 0.2550 (当前: 0.3413)
2025-07-08 09:18:01,770 - INFO - 步骤 2: 没有找到合适的扩展边
2025-07-08 09:18:01,772 - INFO - 匹配失败，处理时间: 0.0123秒
2025-07-08 09:18:01,773 - INFO - 处理第21/1299个anchor
2025-07-08 09:18:01,775 - INFO - 开始处理anchor: ('00628491', '_also_see', '01634142')
2025-07-08 09:18:01,778 - WARNING - 未提供target_motif，motif剪枝将被跳过
2025-07-08 09:18:01,780 - INFO - 规则前提大小: 2, 最大扩展步数: 2
2025-07-08 09:18:01,784 - INFO - 步骤 1: 添加边 ('00628491', '00630380', '_also_see'), 相似度提升: 0.2550 (当前: 0.3413)
2025-07-08 09:18:01,787 - INFO - 步骤 2: 没有找到合适的扩展边
2025-07-08 09:18:01,790 - INFO - 匹配失败，处理时间: 0.0147秒
2025-07-08 09:18:01,791 - INFO - 处理第22/1299个anchor
2025-07-08 09:18:01,791 - INFO - 开始处理anchor: ('00246217', '_also_see', '01139623')
2025-07-08 09:18:01,794 - WARNING - 未提供target_motif，motif剪枝将被跳过
2025-07-08 09:18:01,796 - INFO - 规则前提大小: 2, 最大扩展步数: 2
2025-07-08 09:18:01,798 - INFO - 步骤 1: 没有找到合适的扩展边
2025-07-08 09:18:01,799 - INFO - 匹配失败，处理时间: 0.0070秒
2025-07-08 09:18:01,800 - INFO - 处理第23/1299个anchor
2025-07-08 09:18:01,800 - INFO - 开始处理anchor: ('02649830', '_also_see', '01177505')
2025-07-08 09:18:01,802 - WARNING - 未提供target_motif，motif剪枝将被跳过
2025-07-08 09:18:01,803 - INFO - 规则前提大小: 2, 最大扩展步数: 2
2025-07-08 09:18:01,809 - INFO - 步骤 1: 添加边 ('02649830', '01177314', '_also_see'), 相似度提升: 0.2550 (当前: 0.3413)
2025-07-08 09:18:01,814 - INFO - 步骤 2: 没有找到合适的扩展边
2025-07-08 09:18:01,816 - INFO - 匹配失败，处理时间: 0.0148秒
2025-07-08 09:18:01,816 - INFO - 处理第24/1299个anchor
2025-07-08 09:18:01,816 - INFO - 开始处理anchor: ('02649830', '_also_see', '01177314')
2025-07-08 09:18:01,818 - WARNING - 未提供target_motif，motif剪枝将被跳过
2025-07-08 09:18:01,819 - INFO - 规则前提大小: 2, 最大扩展步数: 2
2025-07-08 09:18:01,826 - INFO - 步骤 1: 添加边 ('02649830', '01177505', '_also_see'), 相似度提升: 0.2550 (当前: 0.3413)
2025-07-08 09:18:01,830 - INFO - 步骤 2: 没有找到合适的扩展边
2025-07-08 09:18:01,832 - INFO - 匹配失败，处理时间: 0.0152秒
2025-07-08 09:18:01,832 - INFO - 处理第25/1299个anchor
2025-07-08 09:18:01,833 - INFO - 开始处理anchor: ('01637633', '_also_see', '01634142')
2025-07-08 09:18:01,834 - WARNING - 未提供target_motif，motif剪枝将被跳过
2025-07-08 09:18:01,835 - INFO - 规则前提大小: 2, 最大扩展步数: 2
2025-07-08 09:18:01,838 - INFO - 步骤 1: 没有找到合适的扩展边
2025-07-08 09:18:01,842 - INFO - 匹配失败，处理时间: 0.0090秒
2025-07-08 09:18:01,842 - INFO - 处理第26/1299个anchor
2025-07-08 09:18:01,843 - INFO - 开始处理anchor: ('01907258', '_also_see', '02034300')
2025-07-08 09:18:01,845 - WARNING - 未提供target_motif，motif剪枝将被跳过
2025-07-08 09:18:01,847 - INFO - 规则前提大小: 2, 最大扩展步数: 2
2025-07-08 09:18:01,851 - INFO - 步骤 1: 添加边 ('01907258', '00897564', '_also_see'), 相似度提升: 0.2550 (当前: 0.3413)
2025-07-08 09:18:01,853 - INFO - 步骤 2: 没有找到合适的扩展边
2025-07-08 09:18:01,857 - INFO - 匹配失败，处理时间: 0.0126秒
2025-07-08 09:18:01,857 - INFO - 处理第27/1299个anchor
2025-07-08 09:18:01,858 - INFO - 开始处理anchor: ('01907258', '_also_see', '00897564')
2025-07-08 09:18:01,860 - WARNING - 未提供target_motif，motif剪枝将被跳过
2025-07-08 09:18:01,862 - INFO - 规则前提大小: 2, 最大扩展步数: 2
2025-07-08 09:18:01,867 - INFO - 步骤 1: 添加边 ('01907258', '02034300', '_also_see'), 相似度提升: 0.2550 (当前: 0.3413)
2025-07-08 09:18:01,869 - INFO - 步骤 2: 没有找到合适的扩展边
2025-07-08 09:18:01,870 - INFO - 匹配失败，处理时间: 0.0111秒
2025-07-08 09:18:01,870 - INFO - 处理第28/1299个anchor
2025-07-08 09:18:01,871 - INFO - 开始处理anchor: ('00931555', '_also_see', '00604617')
2025-07-08 09:18:01,875 - WARNING - 未提供target_motif，motif剪枝将被跳过
2025-07-08 09:18:01,877 - INFO - 规则前提大小: 2, 最大扩展步数: 2
2025-07-08 09:18:01,892 - INFO - 步骤 1: 添加边 ('00931555', '00064479', '_also_see'), 相似度提升: 0.2550 (当前: 0.3413)
2025-07-08 09:18:01,902 - INFO - 步骤 2: 没有找到合适的扩展边
2025-07-08 09:18:01,903 - INFO - 匹配失败，处理时间: 0.0318秒
2025-07-08 09:18:01,904 - INFO - 处理第29/1299个anchor
2025-07-08 09:18:01,904 - INFO - 开始处理anchor: ('00931555', '_also_see', '00064479')
2025-07-08 09:18:01,908 - WARNING - 未提供target_motif，motif剪枝将被跳过
2025-07-08 09:18:01,909 - INFO - 规则前提大小: 2, 最大扩展步数: 2
2025-07-08 09:18:01,925 - INFO - 步骤 1: 添加边 ('00931555', '00604617', '_also_see'), 相似度提升: 0.2550 (当前: 0.3413)
2025-07-08 09:18:01,936 - INFO - 步骤 2: 没有找到合适的扩展边
2025-07-08 09:18:01,937 - INFO - 匹配失败，处理时间: 0.0339秒
2025-07-08 09:18:01,938 - INFO - 处理第30/1299个anchor
2025-07-08 09:18:01,939 - INFO - 开始处理anchor: ('00931555', '_also_see', '02495922')
2025-07-08 09:18:01,942 - WARNING - 未提供target_motif，motif剪枝将被跳过
2025-07-08 09:18:01,944 - INFO - 规则前提大小: 2, 最大扩展步数: 2
2025-07-08 09:18:01,963 - INFO - 步骤 1: 添加边 ('00931555', '00064479', '_also_see'), 相似度提升: 0.2550 (当前: 0.3413)
2025-07-08 09:18:01,977 - INFO - 步骤 2: 没有找到合适的扩展边
2025-07-08 09:18:01,979 - INFO - 匹配失败，处理时间: 0.0389秒
2025-07-08 09:18:01,980 - INFO - 处理第31/1299个anchor
2025-07-08 09:18:01,980 - INFO - 开始处理anchor: ('00604617', '_also_see', '00019131')
2025-07-08 09:18:01,982 - WARNING - 未提供target_motif，motif剪枝将被跳过
2025-07-08 09:18:01,983 - INFO - 规则前提大小: 2, 最大扩展步数: 2
2025-07-08 09:18:01,990 - INFO - 步骤 1: 添加边 ('00604617', '00931555', '_also_see'), 相似度提升: 0.2550 (当前: 0.3413)
2025-07-08 09:18:01,998 - INFO - 步骤 2: 没有找到合适的扩展边
2025-07-08 09:18:02,000 - INFO - 匹配失败，处理时间: 0.0193秒
2025-07-08 09:18:02,000 - INFO - 处理第32/1299个anchor
2025-07-08 09:18:02,000 - INFO - 开始处理anchor: ('00604617', '_also_see', '00931555')
2025-07-08 09:18:02,003 - WARNING - 未提供target_motif，motif剪枝将被跳过
2025-07-08 09:18:02,003 - INFO - 规则前提大小: 2, 最大扩展步数: 2
2025-07-08 09:18:02,020 - INFO - 步骤 1: 添加边 ('00604617', '00019131', '_also_see'), 相似度提升: 0.2550 (当前: 0.3413)
2025-07-08 09:18:02,033 - INFO - 步骤 2: 没有找到合适的扩展边
2025-07-08 09:18:02,035 - INFO - 匹配失败，处理时间: 0.0347秒
2025-07-08 09:18:02,035 - INFO - 处理第33/1299个anchor
2025-07-08 09:18:02,035 - INFO - 开始处理anchor: ('01672607', '_also_see', '00485711')
2025-07-08 09:18:02,038 - WARNING - 未提供target_motif，motif剪枝将被跳过
2025-07-08 09:18:02,041 - INFO - 规则前提大小: 2, 最大扩展步数: 2
2025-07-08 09:18:02,046 - INFO - 步骤 1: 没有找到合适的扩展边
2025-07-08 09:18:02,048 - INFO - 匹配失败，处理时间: 0.0121秒
2025-07-08 09:18:02,048 - INFO - 处理第34/1299个anchor
2025-07-08 09:18:02,048 - INFO - 开始处理anchor: ('00485711', '_also_see', '01672607')
2025-07-08 09:18:02,050 - WARNING - 未提供target_motif，motif剪枝将被跳过
2025-07-08 09:18:02,051 - INFO - 规则前提大小: 2, 最大扩展步数: 2
2025-07-08 09:18:02,054 - INFO - 步骤 1: 没有找到合适的扩展边
2025-07-08 09:18:02,057 - INFO - 匹配失败，处理时间: 0.0080秒
2025-07-08 09:18:02,058 - INFO - 处理第35/1299个anchor
2025-07-08 09:18:02,058 - INFO - 开始处理anchor: ('01239619', '_also_see', '01240308')
2025-07-08 09:18:02,060 - WARNING - 未提供target_motif，motif剪枝将被跳过
2025-07-08 09:18:02,062 - INFO - 规则前提大小: 2, 最大扩展步数: 2
2025-07-08 09:18:02,065 - INFO - 步骤 1: 添加边 ('01235769', '01240308', '_also_see'), 相似度提升: 0.1239 (当前: 0.2102)
2025-07-08 09:18:02,067 - INFO - 步骤 2: 没有找到合适的扩展边
2025-07-08 09:18:02,068 - INFO - 匹配失败，处理时间: 0.0084秒
2025-07-08 09:18:02,069 - INFO - 处理第36/1299个anchor
2025-07-08 09:18:02,069 - INFO - 开始处理anchor: ('01725712', '_also_see', '01256332')
2025-07-08 09:18:02,071 - WARNING - 未提供target_motif，motif剪枝将被跳过
2025-07-08 09:18:02,072 - INFO - 规则前提大小: 2, 最大扩展步数: 2
2025-07-08 09:18:02,082 - INFO - 步骤 1: 添加边 ('01725712', '00853776', '_also_see'), 相似度提升: 0.2550 (当前: 0.3413)
2025-07-08 09:18:02,089 - INFO - 步骤 2: 没有找到合适的扩展边
2025-07-08 09:18:02,092 - INFO - 匹配失败，处理时间: 0.0228秒
2025-07-08 09:18:02,092 - INFO - 处理第37/1299个anchor
2025-07-08 09:18:02,093 - INFO - 开始处理anchor: ('01725712', '_also_see', '00853776')
2025-07-08 09:18:02,095 - WARNING - 未提供target_motif，motif剪枝将被跳过
2025-07-08 09:18:02,096 - INFO - 规则前提大小: 2, 最大扩展步数: 2
2025-07-08 09:18:02,106 - INFO - 步骤 1: 添加边 ('01725712', '01256332', '_also_see'), 相似度提升: 0.2550 (当前: 0.3413)
2025-07-08 09:18:02,115 - INFO - 步骤 2: 没有找到合适的扩展边
2025-07-08 09:18:02,116 - INFO - 匹配失败，处理时间: 0.0226秒
2025-07-08 09:18:02,116 - INFO - 处理第38/1299个anchor
2025-07-08 09:18:02,117 - INFO - 开始处理anchor: ('01256332', '_also_see', '01725712')
2025-07-08 09:18:02,118 - WARNING - 未提供target_motif，motif剪枝将被跳过
2025-07-08 09:18:02,119 - INFO - 规则前提大小: 2, 最大扩展步数: 2
2025-07-08 09:18:02,130 - INFO - 步骤 1: 添加边 ('00853776', '01725712', '_also_see'), 相似度提升: 0.1239 (当前: 0.2102)
2025-07-08 09:18:02,137 - INFO - 步骤 2: 添加边 ('02530861', '00853776', '_also_see'), 相似度提升: 0.0582 (当前: 0.2684)
2025-07-08 09:18:02,139 - INFO - 匹配失败，处理时间: 0.0221秒
2025-07-08 09:18:02,140 - INFO - 处理第39/1299个anchor
2025-07-08 09:18:02,141 - INFO - 开始处理anchor: ('00637259', '_also_see', '00634906')
2025-07-08 09:18:02,143 - WARNING - 未提供target_motif，motif剪枝将被跳过
2025-07-08 09:18:02,145 - INFO - 规则前提大小: 2, 最大扩展步数: 2
2025-07-08 09:18:02,148 - INFO - 步骤 1: 添加边 ('00637259', '00712708', '_also_see'), 相似度提升: 0.2550 (当前: 0.3413)
2025-07-08 09:18:02,151 - INFO - 步骤 2: 没有找到合适的扩展边
2025-07-08 09:18:02,152 - INFO - 匹配失败，处理时间: 0.0108秒
2025-07-08 09:18:02,153 - INFO - 处理第40/1299个anchor
2025-07-08 09:18:02,153 - INFO - 开始处理anchor: ('00637259', '_also_see', '00712708')
2025-07-08 09:18:02,154 - WARNING - 未提供target_motif，motif剪枝将被跳过
2025-07-08 09:18:02,156 - INFO - 规则前提大小: 2, 最大扩展步数: 2
2025-07-08 09:18:02,162 - INFO - 步骤 1: 添加边 ('00637259', '00634906', '_also_see'), 相似度提升: 0.2550 (当前: 0.3413)
2025-07-08 09:18:02,165 - INFO - 步骤 2: 没有找到合适的扩展边
2025-07-08 09:18:02,166 - INFO - 匹配失败，处理时间: 0.0125秒
2025-07-08 09:18:02,167 - INFO - 处理第41/1299个anchor
2025-07-08 09:18:02,167 - INFO - 开始处理anchor: ('00532892', '_also_see', '00428404')
2025-07-08 09:18:02,169 - WARNING - 未提供target_motif，motif剪枝将被跳过
2025-07-08 09:18:02,170 - INFO - 规则前提大小: 2, 最大扩展步数: 2
2025-07-08 09:18:02,179 - INFO - 步骤 1: 添加边 ('00103696', '00428404', '_also_see'), 相似度提升: 0.1239 (当前: 0.2102)
2025-07-08 09:18:02,186 - INFO - 步骤 2: 添加边 ('00896555', '00103696', '_also_see'), 相似度提升: 0.0582 (当前: 0.2684)
2025-07-08 09:18:02,189 - INFO - 匹配失败，处理时间: 0.0218秒
2025-07-08 09:18:02,190 - INFO - 处理第42/1299个anchor
2025-07-08 09:18:02,191 - INFO - 开始处理anchor: ('00589624', '_also_see', '01149494')
2025-07-08 09:18:02,194 - WARNING - 未提供target_motif，motif剪枝将被跳过
2025-07-08 09:18:02,196 - INFO - 规则前提大小: 2, 最大扩展步数: 2
2025-07-08 09:18:02,209 - INFO - 步骤 1: 添加边 ('00364479', '01149494', '_also_see'), 相似度提升: 0.1239 (当前: 0.2102)
2025-07-08 09:18:02,219 - INFO - 步骤 2: 添加边 ('01368192', '00364479', '_also_see'), 相似度提升: 0.0582 (当前: 0.2684)
2025-07-08 09:18:02,220 - INFO - 匹配失败，处理时间: 0.0288秒
2025-07-08 09:18:02,220 - INFO - 处理第43/1299个anchor
2025-07-08 09:18:02,220 - INFO - 开始处理anchor: ('02523275', '_also_see', '01886407')
2025-07-08 09:18:02,225 - WARNING - 未提供target_motif，motif剪枝将被跳过
2025-07-08 09:18:02,226 - INFO - 规则前提大小: 2, 最大扩展步数: 2
2025-07-08 09:18:02,242 - INFO - 步骤 1: 添加边 ('02523275', '02058794', '_also_see'), 相似度提升: 0.2550 (当前: 0.3413)
2025-07-08 09:18:02,251 - INFO - 步骤 2: 没有找到合适的扩展边
2025-07-08 09:18:02,253 - INFO - 匹配失败，处理时间: 0.0322秒
2025-07-08 09:18:02,253 - INFO - 处理第44/1299个anchor
2025-07-08 09:18:02,253 - INFO - 开始处理anchor: ('02523275', '_also_see', '02094755')
2025-07-08 09:18:02,258 - WARNING - 未提供target_motif，motif剪枝将被跳过
2025-07-08 09:18:02,259 - INFO - 规则前提大小: 2, 最大扩展步数: 2
2025-07-08 09:18:02,271 - INFO - 步骤 1: 添加边 ('02523275', '01886407', '_also_see'), 相似度提升: 0.2550 (当前: 0.3413)
2025-07-08 09:18:02,284 - INFO - 步骤 2: 没有找到合适的扩展边
2025-07-08 09:18:02,286 - INFO - 匹配失败，处理时间: 0.0320秒
2025-07-08 09:18:02,286 - INFO - 处理第45/1299个anchor
2025-07-08 09:18:02,286 - INFO - 开始处理anchor: ('02523275', '_also_see', '02058794')
2025-07-08 09:18:02,290 - WARNING - 未提供target_motif，motif剪枝将被跳过
2025-07-08 09:18:02,291 - INFO - 规则前提大小: 2, 最大扩展步数: 2
2025-07-08 09:18:02,308 - INFO - 步骤 1: 添加边 ('02523275', '01886407', '_also_see'), 相似度提升: 0.2550 (当前: 0.3413)
2025-07-08 09:18:02,318 - INFO - 步骤 2: 没有找到合适的扩展边
2025-07-08 09:18:02,319 - INFO - 匹配失败，处理时间: 0.0331秒
2025-07-08 09:18:02,319 - INFO - 处理第46/1299个anchor
2025-07-08 09:18:02,320 - INFO - 开始处理anchor: ('02523275', '_also_see', '02360448')
2025-07-08 09:18:02,325 - WARNING - 未提供target_motif，motif剪枝将被跳过
2025-07-08 09:18:02,326 - INFO - 规则前提大小: 2, 最大扩展步数: 2
2025-07-08 09:18:02,344 - INFO - 步骤 1: 添加边 ('02523275', '01886407', '_also_see'), 相似度提升: 0.2550 (当前: 0.3413)
2025-07-08 09:18:02,357 - INFO - 步骤 2: 没有找到合适的扩展边
2025-07-08 09:18:02,360 - INFO - 匹配失败，处理时间: 0.0392秒
2025-07-08 09:18:02,360 - INFO - 处理第47/1299个anchor
2025-07-08 09:18:02,361 - INFO - 开始处理anchor: ('01309991', '_also_see', '02179279')
2025-07-08 09:18:02,363 - WARNING - 未提供target_motif，motif剪枝将被跳过
2025-07-08 09:18:02,364 - INFO - 规则前提大小: 2, 最大扩展步数: 2
2025-07-08 09:18:02,377 - INFO - 步骤 1: 添加边 ('01309991', '02271544', '_also_see'), 相似度提升: 0.2550 (当前: 0.3413)
2025-07-08 09:18:02,386 - INFO - 步骤 2: 没有找到合适的扩展边
2025-07-08 09:18:02,388 - INFO - 匹配失败，处理时间: 0.0265秒
2025-07-08 09:18:02,388 - INFO - 处理第48/1299个anchor
2025-07-08 09:18:02,389 - INFO - 开始处理anchor: ('01309991', '_also_see', '02271544')
2025-07-08 09:18:02,392 - WARNING - 未提供target_motif，motif剪枝将被跳过
2025-07-08 09:18:02,393 - INFO - 规则前提大小: 2, 最大扩展步数: 2
2025-07-08 09:18:02,401 - INFO - 步骤 1: 添加边 ('01309991', '02179279', '_also_see'), 相似度提升: 0.2550 (当前: 0.3413)
2025-07-08 09:18:02,411 - INFO - 步骤 2: 没有找到合适的扩展边
2025-07-08 09:18:02,413 - INFO - 匹配失败，处理时间: 0.0240秒
2025-07-08 09:18:02,414 - INFO - 处理第49/1299个anchor
2025-07-08 09:18:02,414 - INFO - 开始处理anchor: ('01835496', '_also_see', '00781000')
2025-07-08 09:18:02,416 - WARNING - 未提供target_motif，motif剪枝将被跳过
2025-07-08 09:18:02,417 - INFO - 规则前提大小: 2, 最大扩展步数: 2
2025-07-08 09:18:02,435 - INFO - 步骤 1: 添加边 ('01835496', '00969873', '_also_see'), 相似度提升: 0.2550 (当前: 0.3413)
2025-07-08 09:18:02,446 - INFO - 步骤 2: 没有找到合适的扩展边
2025-07-08 09:18:02,448 - INFO - 匹配失败，处理时间: 0.0346秒
2025-07-08 09:18:02,448 - INFO - 处理第50/1299个anchor
2025-07-08 09:18:02,448 - INFO - 开始处理anchor: ('01835496', '_also_see', '02051694')
2025-07-08 09:18:02,450 - WARNING - 未提供target_motif，motif剪枝将被跳过
2025-07-08 09:18:02,451 - INFO - 规则前提大小: 2, 最大扩展步数: 2
2025-07-08 09:18:02,467 - INFO - 步骤 1: 添加边 ('01835496', '00781000', '_also_see'), 相似度提升: 0.2550 (当前: 0.3413)
2025-07-08 09:18:02,476 - INFO - 步骤 2: 没有找到合适的扩展边
2025-07-08 09:18:02,477 - INFO - 匹配失败，处理时间: 0.0279秒
2025-07-08 09:18:02,478 - INFO - 处理第51/1299个anchor
2025-07-08 09:18:02,478 - INFO - 开始处理anchor: ('01835496', '_also_see', '01970646')
2025-07-08 09:18:02,480 - WARNING - 未提供target_motif，motif剪枝将被跳过
2025-07-08 09:18:02,482 - INFO - 规则前提大小: 2, 最大扩展步数: 2
2025-07-08 09:18:02,497 - INFO - 步骤 1: 添加边 ('01835496', '00781000', '_also_see'), 相似度提升: 0.2550 (当前: 0.3413)
2025-07-08 09:18:02,503 - INFO - 步骤 2: 没有找到合适的扩展边
2025-07-08 09:18:02,506 - INFO - 匹配失败，处理时间: 0.0265秒
2025-07-08 09:18:02,506 - INFO - 处理第52/1299个anchor
2025-07-08 09:18:02,507 - INFO - 开始处理anchor: ('01835496', '_also_see', '01968569')
2025-07-08 09:18:02,510 - WARNING - 未提供target_motif，motif剪枝将被跳过
2025-07-08 09:18:02,512 - INFO - 规则前提大小: 2, 最大扩展步数: 2
2025-07-08 09:18:02,527 - INFO - 步骤 1: 添加边 ('01835496', '00781000', '_also_see'), 相似度提升: 0.2550 (当前: 0.3413)
2025-07-08 09:18:02,534 - INFO - 步骤 2: 没有找到合适的扩展边
2025-07-08 09:18:02,536 - INFO - 匹配失败，处理时间: 0.0289秒
2025-07-08 09:18:02,536 - INFO - 处理第53/1299个anchor
2025-07-08 09:18:02,536 - INFO - 开始处理anchor: ('01835496', '_also_see', '02073714')
2025-07-08 09:18:02,539 - WARNING - 未提供target_motif，motif剪枝将被跳过
2025-07-08 09:18:02,541 - INFO - 规则前提大小: 2, 最大扩展步数: 2
2025-07-08 09:18:02,561 - INFO - 步骤 1: 添加边 ('01835496', '00781000', '_also_see'), 相似度提升: 0.2550 (当前: 0.3413)
2025-07-08 09:18:02,569 - INFO - 步骤 2: 没有找到合适的扩展边
2025-07-08 09:18:02,570 - INFO - 匹配失败，处理时间: 0.0331秒
2025-07-08 09:18:02,571 - INFO - 处理第54/1299个anchor
2025-07-08 09:18:02,572 - INFO - 开始处理anchor: ('01835496', '_also_see', '02072849')
2025-07-08 09:18:02,576 - WARNING - 未提供target_motif，motif剪枝将被跳过
2025-07-08 09:18:02,577 - INFO - 规则前提大小: 2, 最大扩展步数: 2
2025-07-08 09:18:02,593 - INFO - 步骤 1: 添加边 ('01835496', '00781000', '_also_see'), 相似度提升: 0.2550 (当前: 0.3413)
2025-07-08 09:18:02,600 - INFO - 步骤 2: 没有找到合适的扩展边
2025-07-08 09:18:02,601 - INFO - 匹配失败，处理时间: 0.0279秒
2025-07-08 09:18:02,601 - INFO - 处理第55/1299个anchor
2025-07-08 09:18:02,602 - INFO - 开始处理anchor: ('01835496', '_also_see', '00969873')
2025-07-08 09:18:02,603 - WARNING - 未提供target_motif，motif剪枝将被跳过
2025-07-08 09:18:02,606 - INFO - 规则前提大小: 2, 最大扩展步数: 2
2025-07-08 09:18:02,620 - INFO - 步骤 1: 添加边 ('01835496', '00781000', '_also_see'), 相似度提升: 0.2550 (当前: 0.3413)
2025-07-08 09:18:02,629 - INFO - 步骤 2: 没有找到合适的扩展边
2025-07-08 09:18:02,631 - INFO - 匹配失败，处理时间: 0.0291秒
2025-07-08 09:18:02,631 - INFO - 处理第56/1299个anchor
2025-07-08 09:18:02,632 - INFO - 开始处理anchor: ('01835496', '_also_see', '01970826')
2025-07-08 09:18:02,633 - WARNING - 未提供target_motif，motif剪枝将被跳过
2025-07-08 09:18:02,634 - INFO - 规则前提大小: 2, 最大扩展步数: 2
2025-07-08 09:18:02,649 - INFO - 步骤 1: 添加边 ('01835496', '00781000', '_also_see'), 相似度提升: 0.2550 (当前: 0.3413)
2025-07-08 09:18:02,658 - INFO - 步骤 2: 没有找到合适的扩展边
2025-07-08 09:18:02,661 - INFO - 匹配失败，处理时间: 0.0290秒
2025-07-08 09:18:02,661 - INFO - 处理第57/1299个anchor
2025-07-08 09:18:02,662 - INFO - 开始处理anchor: ('01835496', '_also_see', '01921964')
2025-07-08 09:18:02,664 - WARNING - 未提供target_motif，motif剪枝将被跳过
2025-07-08 09:18:02,664 - INFO - 规则前提大小: 2, 最大扩展步数: 2
2025-07-08 09:18:02,678 - INFO - 步骤 1: 添加边 ('01835496', '00781000', '_also_see'), 相似度提升: 0.2550 (当前: 0.3413)
2025-07-08 09:18:02,685 - INFO - 步骤 2: 没有找到合适的扩展边
2025-07-08 09:18:02,687 - INFO - 匹配失败，处理时间: 0.0242秒
2025-07-08 09:18:02,687 - INFO - 处理第58/1299个anchor
2025-07-08 09:18:02,687 - INFO - 开始处理anchor: ('01835496', '_also_see', '01989873')
2025-07-08 09:18:02,691 - WARNING - 未提供target_motif，motif剪枝将被跳过
2025-07-08 09:18:02,692 - INFO - 规则前提大小: 2, 最大扩展步数: 2
2025-07-08 09:18:02,707 - INFO - 步骤 1: 添加边 ('01835496', '00781000', '_also_see'), 相似度提升: 0.2550 (当前: 0.3413)
2025-07-08 09:18:02,718 - INFO - 步骤 2: 没有找到合适的扩展边
2025-07-08 09:18:02,719 - INFO - 匹配失败，处理时间: 0.0308秒
2025-07-08 09:18:02,719 - INFO - 处理第59/1299个anchor
2025-07-08 09:18:02,720 - INFO - 开始处理anchor: ('02569130', '_also_see', '01898129')
2025-07-08 09:18:02,723 - WARNING - 未提供target_motif，motif剪枝将被跳过
2025-07-08 09:18:02,725 - INFO - 规则前提大小: 2, 最大扩展步数: 2
2025-07-08 09:18:02,734 - INFO - 步骤 1: 添加边 ('01894758', '01898129', '_also_see'), 相似度提升: 0.1239 (当前: 0.2102)
2025-07-08 09:18:02,745 - INFO - 步骤 2: 添加边 ('02421158', '01894758', '_also_see'), 相似度提升: 0.0582 (当前: 0.2684)
2025-07-08 09:18:02,747 - INFO - 匹配失败，处理时间: 0.0263秒
2025-07-08 09:18:02,747 - INFO - 处理第60/1299个anchor
2025-07-08 09:18:02,748 - INFO - 开始处理anchor: ('00503982', '_also_see', '00889831')
2025-07-08 09:18:02,749 - WARNING - 未提供target_motif，motif剪枝将被跳过
2025-07-08 09:18:02,750 - INFO - 规则前提大小: 2, 最大扩展步数: 2
2025-07-08 09:18:02,755 - INFO - 步骤 1: 添加边 ('00889831', '02062670', '_also_see'), 相似度提升: 0.1239 (当前: 0.2102)
2025-07-08 09:18:02,768 - INFO - 步骤 2: 添加边 ('01199751', '02062670', '_also_see'), 相似度提升: 0.0582 (当前: 0.2684)
2025-07-08 09:18:02,769 - INFO - 匹配失败，处理时间: 0.0217秒
2025-07-08 09:18:02,770 - INFO - 处理第61/1299个anchor
2025-07-08 09:18:02,770 - INFO - 开始处理anchor: ('00889831', '_also_see', '00503982')
2025-07-08 09:18:02,774 - WARNING - 未提供target_motif，motif剪枝将被跳过
2025-07-08 09:18:02,775 - INFO - 规则前提大小: 2, 最大扩展步数: 2
2025-07-08 09:18:02,781 - INFO - 步骤 1: 添加边 ('00889831', '02062670', '_also_see'), 相似度提升: 0.2550 (当前: 0.3413)
2025-07-08 09:18:02,789 - INFO - 步骤 2: 没有找到合适的扩展边
2025-07-08 09:18:02,791 - INFO - 匹配失败，处理时间: 0.0208秒
2025-07-08 09:18:02,792 - INFO - 处理第62/1299个anchor
2025-07-08 09:18:02,792 - INFO - 开始处理anchor: ('00889831', '_also_see', '02062670')
2025-07-08 09:18:02,795 - WARNING - 未提供target_motif，motif剪枝将被跳过
2025-07-08 09:18:02,796 - INFO - 规则前提大小: 2, 最大扩展步数: 2
2025-07-08 09:18:02,809 - INFO - 步骤 1: 添加边 ('00889831', '00503982', '_also_see'), 相似度提升: 0.2550 (当前: 0.3413)
2025-07-08 09:18:02,817 - INFO - 步骤 2: 没有找到合适的扩展边
2025-07-08 09:18:02,818 - INFO - 匹配失败，处理时间: 0.0253秒
2025-07-08 09:18:02,818 - INFO - 处理第63/1299个anchor
2025-07-08 09:18:02,819 - INFO - 开始处理anchor: ('01921964', '_also_see', '01923414')
2025-07-08 09:18:02,821 - WARNING - 未提供target_motif，motif剪枝将被跳过
2025-07-08 09:18:02,822 - INFO - 规则前提大小: 2, 最大扩展步数: 2
2025-07-08 09:18:02,829 - INFO - 步骤 1: 添加边 ('01921964', '01978576', '_also_see'), 相似度提升: 0.2550 (当前: 0.3413)
2025-07-08 09:18:02,832 - INFO - 步骤 2: 没有找到合适的扩展边
2025-07-08 09:18:02,834 - INFO - 匹配失败，处理时间: 0.0134秒
2025-07-08 09:18:02,834 - INFO - 处理第64/1299个anchor
2025-07-08 09:18:02,834 - INFO - 开始处理anchor: ('01921964', '_also_see', '01978576')
2025-07-08 09:18:02,836 - WARNING - 未提供target_motif，motif剪枝将被跳过
2025-07-08 09:18:02,837 - INFO - 规则前提大小: 2, 最大扩展步数: 2
2025-07-08 09:18:02,844 - INFO - 步骤 1: 添加边 ('01921964', '01923414', '_also_see'), 相似度提升: 0.2550 (当前: 0.3413)
2025-07-08 09:18:02,848 - INFO - 步骤 2: 没有找到合适的扩展边
2025-07-08 09:18:02,849 - INFO - 匹配失败，处理时间: 0.0150秒
2025-07-08 09:18:02,849 - INFO - 处理第65/1299个anchor
2025-07-08 09:18:02,850 - INFO - 开始处理anchor: ('02531422', '_also_see', '01076793')
2025-07-08 09:18:02,851 - WARNING - 未提供target_motif，motif剪枝将被跳过
2025-07-08 09:18:02,852 - INFO - 规则前提大小: 2, 最大扩展步数: 2
2025-07-08 09:18:02,869 - INFO - 步骤 1: 添加边 ('02531422', '00087152', '_also_see'), 相似度提升: 0.2550 (当前: 0.3413)
2025-07-08 09:18:02,883 - INFO - 步骤 2: 没有找到合适的扩展边
2025-07-08 09:18:02,884 - INFO - 匹配失败，处理时间: 0.0341秒
2025-07-08 09:18:02,885 - INFO - 处理第66/1299个anchor
2025-07-08 09:18:02,885 - INFO - 开始处理anchor: ('02531422', '_also_see', '01257612')
2025-07-08 09:18:02,887 - WARNING - 未提供target_motif，motif剪枝将被跳过
2025-07-08 09:18:02,888 - INFO - 规则前提大小: 2, 最大扩展步数: 2
2025-07-08 09:18:02,900 - INFO - 步骤 1: 添加边 ('02531422', '00087152', '_also_see'), 相似度提升: 0.2550 (当前: 0.3413)
2025-07-08 09:18:02,911 - INFO - 步骤 2: 没有找到合适的扩展边
2025-07-08 09:18:02,912 - INFO - 匹配失败，处理时间: 0.0269秒
2025-07-08 09:18:02,913 - INFO - 处理第67/1299个anchor
2025-07-08 09:18:02,913 - INFO - 开始处理anchor: ('02531422', '_also_see', '00856860')
2025-07-08 09:18:02,914 - WARNING - 未提供target_motif，motif剪枝将被跳过
2025-07-08 09:18:02,915 - INFO - 规则前提大小: 2, 最大扩展步数: 2
2025-07-08 09:18:02,927 - INFO - 步骤 1: 添加边 ('02531422', '00087152', '_also_see'), 相似度提升: 0.2550 (当前: 0.3413)
2025-07-08 09:18:02,935 - INFO - 步骤 2: 没有找到合适的扩展边
2025-07-08 09:18:02,936 - INFO - 匹配失败，处理时间: 0.0229秒
2025-07-08 09:18:02,937 - INFO - 处理第68/1299个anchor
2025-07-08 09:18:02,937 - INFO - 开始处理anchor: ('02531422', '_also_see', '00087152')
2025-07-08 09:18:02,940 - WARNING - 未提供target_motif，motif剪枝将被跳过
2025-07-08 09:18:02,942 - INFO - 规则前提大小: 2, 最大扩展步数: 2
2025-07-08 09:18:02,954 - INFO - 步骤 1: 添加边 ('02531422', '00856860', '_also_see'), 相似度提升: 0.2550 (当前: 0.3413)
2025-07-08 09:18:02,965 - INFO - 步骤 2: 没有找到合适的扩展边
2025-07-08 09:18:02,966 - INFO - 匹配失败，处理时间: 0.0284秒
2025-07-08 09:18:02,966 - INFO - 处理第69/1299个anchor
2025-07-08 09:18:02,966 - INFO - 开始处理anchor: ('01076793', '_also_see', '00561036')
2025-07-08 09:18:02,968 - WARNING - 未提供target_motif，motif剪枝将被跳过
2025-07-08 09:18:02,969 - INFO - 规则前提大小: 2, 最大扩展步数: 2
2025-07-08 09:18:02,982 - INFO - 步骤 1: 添加边 ('01076793', '01244410', '_also_see'), 相似度提升: 0.2550 (当前: 0.3413)
2025-07-08 09:18:02,996 - INFO - 步骤 2: 没有找到合适的扩展边
2025-07-08 09:18:02,997 - INFO - 匹配失败，处理时间: 0.0309秒
2025-07-08 09:18:02,997 - INFO - 处理第70/1299个anchor
2025-07-08 09:18:02,998 - INFO - 开始处理anchor: ('01076793', '_also_see', '02531422')
2025-07-08 09:18:02,999 - WARNING - 未提供target_motif，motif剪枝将被跳过
2025-07-08 09:18:03,001 - INFO - 规则前提大小: 2, 最大扩展步数: 2
2025-07-08 09:18:03,018 - INFO - 步骤 1: 添加边 ('01076793', '00561036', '_also_see'), 相似度提升: 0.2550 (当前: 0.3413)
2025-07-08 09:18:03,033 - INFO - 步骤 2: 没有找到合适的扩展边
2025-07-08 09:18:03,035 - INFO - 匹配失败，处理时间: 0.0370秒
2025-07-08 09:18:03,036 - INFO - 处理第71/1299个anchor
2025-07-08 09:18:03,036 - INFO - 开始处理anchor: ('01076793', '_also_see', '02258600')
2025-07-08 09:18:03,038 - WARNING - 未提供target_motif，motif剪枝将被跳过
2025-07-08 09:18:03,041 - INFO - 规则前提大小: 2, 最大扩展步数: 2
2025-07-08 09:18:03,050 - INFO - 步骤 1: 添加边 ('01076793', '00561036', '_also_see'), 相似度提升: 0.2550 (当前: 0.3413)
2025-07-08 09:18:03,061 - INFO - 步骤 2: 没有找到合适的扩展边
2025-07-08 09:18:03,062 - INFO - 匹配失败，处理时间: 0.0260秒
2025-07-08 09:18:03,063 - INFO - 处理第72/1299个anchor
2025-07-08 09:18:03,063 - INFO - 开始处理anchor: ('01076793', '_also_see', '01244410')
2025-07-08 09:18:03,065 - WARNING - 未提供target_motif，motif剪枝将被跳过
2025-07-08 09:18:03,066 - INFO - 规则前提大小: 2, 最大扩展步数: 2
2025-07-08 09:18:03,085 - INFO - 步骤 1: 添加边 ('01076793', '00561036', '_also_see'), 相似度提升: 0.2550 (当前: 0.3413)
2025-07-08 09:18:03,099 - INFO - 步骤 2: 没有找到合适的扩展边
2025-07-08 09:18:03,099 - INFO - 匹配失败，处理时间: 0.0360秒
2025-07-08 09:18:03,099 - INFO - 处理第73/1299个anchor
2025-07-08 09:18:03,101 - INFO - 开始处理anchor: ('01497736', '_also_see', '02164402')
2025-07-08 09:18:03,101 - WARNING - 未提供target_motif，motif剪枝将被跳过
2025-07-08 09:18:03,103 - INFO - 规则前提大小: 2, 最大扩展步数: 2
2025-07-08 09:18:03,114 - INFO - 步骤 1: 添加边 ('01497736', '01279978', '_also_see'), 相似度提升: 0.2550 (当前: 0.3413)
2025-07-08 09:18:03,123 - INFO - 步骤 2: 没有找到合适的扩展边
2025-07-08 09:18:03,127 - INFO - 匹配失败，处理时间: 0.0262秒
2025-07-08 09:18:03,127 - INFO - 处理第74/1299个anchor
2025-07-08 09:18:03,128 - INFO - 开始处理anchor: ('01497736', '_also_see', '01279978')
2025-07-08 09:18:03,130 - WARNING - 未提供target_motif，motif剪枝将被跳过
2025-07-08 09:18:03,131 - INFO - 规则前提大小: 2, 最大扩展步数: 2
2025-07-08 09:18:03,143 - INFO - 步骤 1: 添加边 ('01497736', '02164402', '_also_see'), 相似度提升: 0.2550 (当前: 0.3413)
2025-07-08 09:18:03,151 - INFO - 步骤 2: 没有找到合适的扩展边
2025-07-08 09:18:03,153 - INFO - 匹配失败，处理时间: 0.0256秒
2025-07-08 09:18:03,153 - INFO - 处理第75/1299个anchor
2025-07-08 09:18:03,153 - INFO - 开始处理anchor: ('01950798', '_also_see', '01955508')
2025-07-08 09:18:03,158 - WARNING - 未提供target_motif，motif剪枝将被跳过
2025-07-08 09:18:03,159 - INFO - 规则前提大小: 2, 最大扩展步数: 2
2025-07-08 09:18:03,163 - INFO - 步骤 1: 添加边 ('01950798', '01955127', '_also_see'), 相似度提升: 0.2550 (当前: 0.3413)
2025-07-08 09:18:03,165 - INFO - 步骤 2: 没有找到合适的扩展边
2025-07-08 09:18:03,166 - INFO - 匹配失败，处理时间: 0.0121秒
2025-07-08 09:18:03,167 - INFO - 处理第76/1299个anchor
2025-07-08 09:18:03,168 - INFO - 开始处理anchor: ('01950798', '_also_see', '01955127')
2025-07-08 09:18:03,169 - WARNING - 未提供target_motif，motif剪枝将被跳过
2025-07-08 09:18:03,170 - INFO - 规则前提大小: 2, 最大扩展步数: 2
2025-07-08 09:18:03,174 - INFO - 步骤 1: 添加边 ('01950798', '01955508', '_also_see'), 相似度提升: 0.2550 (当前: 0.3413)
2025-07-08 09:18:03,177 - INFO - 步骤 2: 没有找到合适的扩展边
2025-07-08 09:18:03,179 - INFO - 匹配失败，处理时间: 0.0115秒
2025-07-08 09:18:03,179 - INFO - 处理第77/1299个anchor
2025-07-08 09:18:03,180 - INFO - 开始处理anchor: ('00744916', '_also_see', '01155354')
2025-07-08 09:18:03,181 - WARNING - 未提供target_motif，motif剪枝将被跳过
2025-07-08 09:18:03,183 - INFO - 规则前提大小: 2, 最大扩展步数: 2
2025-07-08 09:18:03,192 - INFO - 步骤 1: 添加边 ('01155354', '01507402', '_also_see'), 相似度提升: 0.1239 (当前: 0.2102)
2025-07-08 09:18:03,202 - INFO - 步骤 2: 添加边 ('00247439', '01507402', '_also_see'), 相似度提升: 0.0582 (当前: 0.2684)
2025-07-08 09:18:03,203 - INFO - 匹配失败，处理时间: 0.0230秒
2025-07-08 09:18:03,204 - INFO - 处理第78/1299个anchor
2025-07-08 09:18:03,204 - INFO - 开始处理anchor: ('02123672', '_also_see', '02126022')
2025-07-08 09:18:03,209 - WARNING - 未提供target_motif，motif剪枝将被跳过
2025-07-08 09:18:03,210 - INFO - 规则前提大小: 2, 最大扩展步数: 2
2025-07-08 09:18:03,214 - INFO - 步骤 1: 添加边 ('02124106', '02126022', '_also_see'), 相似度提升: 0.1239 (当前: 0.2102)
2025-07-08 09:18:03,216 - INFO - 步骤 2: 没有找到合适的扩展边
2025-07-08 09:18:03,218 - INFO - 匹配失败，处理时间: 0.0130秒
2025-07-08 09:18:03,218 - INFO - 处理第79/1299个anchor
2025-07-08 09:18:03,219 - INFO - 开始处理anchor: ('00417413', '_also_see', '02422685')
2025-07-08 09:18:03,220 - WARNING - 未提供target_motif，motif剪枝将被跳过
2025-07-08 09:18:03,222 - INFO - 规则前提大小: 2, 最大扩展步数: 2
2025-07-08 09:18:03,230 - INFO - 步骤 1: 添加边 ('00417413', '02115324', '_also_see'), 相似度提升: 0.2550 (当前: 0.3413)
2025-07-08 09:18:03,234 - INFO - 步骤 2: 没有找到合适的扩展边
2025-07-08 09:18:03,236 - INFO - 匹配失败，处理时间: 0.0170秒
2025-07-08 09:18:03,236 - INFO - 处理第80/1299个anchor
2025-07-08 09:18:03,237 - INFO - 开始处理anchor: ('00417413', '_also_see', '02115324')
2025-07-08 09:18:03,240 - WARNING - 未提供target_motif，motif剪枝将被跳过
2025-07-08 09:18:03,241 - INFO - 规则前提大小: 2, 最大扩展步数: 2
2025-07-08 09:18:03,250 - INFO - 步骤 1: 添加边 ('00417413', '02422685', '_also_see'), 相似度提升: 0.2550 (当前: 0.3413)
2025-07-08 09:18:03,256 - INFO - 步骤 2: 没有找到合适的扩展边
2025-07-08 09:18:03,259 - INFO - 匹配失败，处理时间: 0.0220秒
2025-07-08 09:18:03,260 - INFO - 处理第81/1299个anchor
2025-07-08 09:18:03,260 - INFO - 开始处理anchor: ('02422685', '_also_see', '00417413')
2025-07-08 09:18:03,262 - WARNING - 未提供target_motif，motif剪枝将被跳过
2025-07-08 09:18:03,263 - INFO - 规则前提大小: 2, 最大扩展步数: 2
2025-07-08 09:18:03,268 - INFO - 步骤 1: 添加边 ('00417413', '02115324', '_also_see'), 相似度提升: 0.1239 (当前: 0.2102)
2025-07-08 09:18:03,277 - INFO - 步骤 2: 没有找到合适的扩展边
2025-07-08 09:18:03,278 - INFO - 匹配失败，处理时间: 0.0181秒
2025-07-08 09:18:03,278 - INFO - 处理第82/1299个anchor
2025-07-08 09:18:03,279 - INFO - 开始处理anchor: ('02392878', '_also_see', '00849357')
2025-07-08 09:18:03,281 - WARNING - 未提供target_motif，motif剪枝将被跳过
2025-07-08 09:18:03,282 - INFO - 规则前提大小: 2, 最大扩展步数: 2
2025-07-08 09:18:03,291 - INFO - 步骤 1: 添加边 ('00849357', '01947266', '_also_see'), 相似度提升: 0.1239 (当前: 0.2102)
2025-07-08 09:18:03,298 - INFO - 步骤 2: 没有找到合适的扩展边
2025-07-08 09:18:03,300 - INFO - 匹配失败，处理时间: 0.0211秒
2025-07-08 09:18:03,300 - INFO - 处理第83/1299个anchor
2025-07-08 09:18:03,300 - INFO - 开始处理anchor: ('01370590', '_also_see', '02035337')
2025-07-08 09:18:03,303 - WARNING - 未提供target_motif，motif剪枝将被跳过
2025-07-08 09:18:03,304 - INFO - 规则前提大小: 2, 最大扩展步数: 2
2025-07-08 09:18:03,332 - INFO - 步骤 1: 添加边 ('01370590', '00957176', '_also_see'), 相似度提升: 0.2550 (当前: 0.3413)
2025-07-08 09:18:03,347 - INFO - 步骤 2: 没有找到合适的扩展边
2025-07-08 09:18:03,349 - INFO - 匹配失败，处理时间: 0.0472秒
2025-07-08 09:18:03,350 - INFO - 处理第84/1299个anchor
2025-07-08 09:18:03,350 - INFO - 开始处理anchor: ('01370590', '_also_see', '00957176')
2025-07-08 09:18:03,352 - WARNING - 未提供target_motif，motif剪枝将被跳过
2025-07-08 09:18:03,352 - INFO - 规则前提大小: 2, 最大扩展步数: 2
2025-07-08 09:18:03,365 - INFO - 步骤 1: 添加边 ('01370590', '01227137', '_also_see'), 相似度提升: 0.2550 (当前: 0.3413)
2025-07-08 09:18:03,376 - INFO - 步骤 2: 没有找到合适的扩展边
2025-07-08 09:18:03,378 - INFO - 匹配失败，处理时间: 0.0279秒
2025-07-08 09:18:03,379 - INFO - 处理第85/1299个anchor
2025-07-08 09:18:03,379 - INFO - 开始处理anchor: ('01370590', '_also_see', '01227137')
2025-07-08 09:18:03,381 - WARNING - 未提供target_motif，motif剪枝将被跳过
2025-07-08 09:18:03,382 - INFO - 规则前提大小: 2, 最大扩展步数: 2
2025-07-08 09:18:03,403 - INFO - 步骤 1: 添加边 ('01370590', '00957176', '_also_see'), 相似度提升: 0.2550 (当前: 0.3413)
2025-07-08 09:18:03,420 - INFO - 步骤 2: 没有找到合适的扩展边
2025-07-08 09:18:03,425 - INFO - 匹配失败，处理时间: 0.0443秒
2025-07-08 09:18:03,425 - INFO - 处理第86/1299个anchor
2025-07-08 09:18:03,425 - INFO - 开始处理anchor: ('01370590', '_also_see', '02037272')
2025-07-08 09:18:03,428 - WARNING - 未提供target_motif，motif剪枝将被跳过
2025-07-08 09:18:03,430 - INFO - 规则前提大小: 2, 最大扩展步数: 2
2025-07-08 09:18:03,457 - INFO - 步骤 1: 添加边 ('01370590', '00957176', '_also_see'), 相似度提升: 0.2550 (当前: 0.3413)
2025-07-08 09:18:03,468 - INFO - 步骤 2: 没有找到合适的扩展边
2025-07-08 09:18:03,469 - INFO - 匹配失败，处理时间: 0.0434秒
2025-07-08 09:18:03,470 - INFO - 处理第87/1299个anchor
2025-07-08 09:18:03,470 - INFO - 开始处理anchor: ('02035337', '_also_see', '01131043')
2025-07-08 09:18:03,473 - WARNING - 未提供target_motif，motif剪枝将被跳过
2025-07-08 09:18:03,475 - INFO - 规则前提大小: 2, 最大扩展步数: 2
2025-07-08 09:18:03,500 - INFO - 步骤 1: 添加边 ('02035337', '01370590', '_also_see'), 相似度提升: 0.2550 (当前: 0.3413)
2025-07-08 09:18:03,519 - INFO - 步骤 2: 没有找到合适的扩展边
2025-07-08 09:18:03,520 - INFO - 匹配失败，处理时间: 0.0496秒
2025-07-08 09:18:03,520 - INFO - 处理第88/1299个anchor
2025-07-08 09:18:03,521 - INFO - 开始处理anchor: ('02035337', '_also_see', '02513740')
2025-07-08 09:18:03,525 - WARNING - 未提供target_motif，motif剪枝将被跳过
2025-07-08 09:18:03,527 - INFO - 规则前提大小: 2, 最大扩展步数: 2
2025-07-08 09:18:03,550 - INFO - 步骤 1: 添加边 ('02035337', '01131043', '_also_see'), 相似度提升: 0.2550 (当前: 0.3413)
2025-07-08 09:18:03,568 - INFO - 步骤 2: 没有找到合适的扩展边
2025-07-08 09:18:03,569 - INFO - 匹配失败，处理时间: 0.0483秒
2025-07-08 09:18:03,570 - INFO - 处理第89/1299个anchor
2025-07-08 09:18:03,570 - INFO - 开始处理anchor: ('02035337', '_also_see', '01880531')
2025-07-08 09:18:03,575 - WARNING - 未提供target_motif，motif剪枝将被跳过
2025-07-08 09:18:03,576 - INFO - 规则前提大小: 2, 最大扩展步数: 2
2025-07-08 09:18:03,600 - INFO - 步骤 1: 添加边 ('02035337', '01131043', '_also_see'), 相似度提升: 0.2550 (当前: 0.3413)
2025-07-08 09:18:03,617 - INFO - 步骤 2: 没有找到合适的扩展边
2025-07-08 09:18:03,619 - INFO - 匹配失败，处理时间: 0.0482秒
2025-07-08 09:18:03,619 - INFO - 处理第90/1299个anchor
2025-07-08 09:18:03,619 - INFO - 开始处理anchor: ('02035337', '_also_see', '01549291')
2025-07-08 09:18:03,625 - WARNING - 未提供target_motif，motif剪枝将被跳过
2025-07-08 09:18:03,627 - INFO - 规则前提大小: 2, 最大扩展步数: 2
2025-07-08 09:18:03,665 - INFO - 步骤 1: 添加边 ('02035337', '01131043', '_also_see'), 相似度提升: 0.2550 (当前: 0.3413)
2025-07-08 09:18:03,696 - INFO - 步骤 2: 没有找到合适的扩展边
2025-07-08 09:18:03,700 - INFO - 匹配失败，处理时间: 0.0790秒
2025-07-08 09:18:03,700 - INFO - 处理第91/1299个anchor
2025-07-08 09:18:03,700 - INFO - 开始处理anchor: ('02035337', '_also_see', '01370590')
2025-07-08 09:18:03,702 - WARNING - 未提供target_motif，motif剪枝将被跳过
2025-07-08 09:18:03,704 - INFO - 规则前提大小: 2, 最大扩展步数: 2
2025-07-08 09:18:03,736 - INFO - 步骤 1: 添加边 ('02035337', '01131043', '_also_see'), 相似度提升: 0.2550 (当前: 0.3413)
2025-07-08 09:18:03,754 - INFO - 步骤 2: 没有找到合适的扩展边
2025-07-08 09:18:03,759 - INFO - 匹配失败，处理时间: 0.0585秒
2025-07-08 09:18:03,760 - INFO - 处理第92/1299个anchor
2025-07-08 09:18:03,760 - INFO - 开始处理anchor: ('02137132', '_also_see', '02141973')
2025-07-08 09:18:03,764 - WARNING - 未提供target_motif，motif剪枝将被跳过
2025-07-08 09:18:03,765 - INFO - 规则前提大小: 2, 最大扩展步数: 2
2025-07-08 09:18:03,769 - INFO - 步骤 1: 没有找到合适的扩展边
2025-07-08 09:18:03,771 - INFO - 匹配失败，处理时间: 0.0093秒
2025-07-08 09:18:03,771 - INFO - 处理第93/1299个anchor
2025-07-08 09:18:03,773 - INFO - 开始处理anchor: ('01970826', '_also_see', '01989053')
2025-07-08 09:18:03,777 - WARNING - 未提供target_motif，motif剪枝将被跳过
2025-07-08 09:18:03,779 - INFO - 规则前提大小: 2, 最大扩展步数: 2
2025-07-08 09:18:03,782 - INFO - 步骤 1: 添加边 ('01835496', '01970826', '_also_see'), 相似度提升: 0.1239 (当前: 0.2102)
2025-07-08 09:18:03,797 - INFO - 步骤 2: 没有找到合适的扩展边
2025-07-08 09:18:03,799 - INFO - 匹配失败，处理时间: 0.0244秒
2025-07-08 09:18:03,799 - INFO - 处理第94/1299个anchor
2025-07-08 09:18:03,800 - INFO - 开始处理anchor: ('02446651', '_also_see', '00828779')
2025-07-08 09:18:03,802 - WARNING - 未提供target_motif，motif剪枝将被跳过
2025-07-08 09:18:03,803 - INFO - 规则前提大小: 2, 最大扩展步数: 2
2025-07-08 09:18:03,815 - INFO - 步骤 1: 添加边 ('00828779', '01182024', '_also_see'), 相似度提升: 0.1239 (当前: 0.2102)
2025-07-08 09:18:03,821 - INFO - 步骤 2: 没有找到合适的扩展边
2025-07-08 09:18:03,826 - INFO - 匹配失败，处理时间: 0.0258秒
2025-07-08 09:18:03,827 - INFO - 处理第95/1299个anchor
2025-07-08 09:18:03,827 - INFO - 开始处理anchor: ('02341266', '_also_see', '00227507')
2025-07-08 09:18:03,830 - WARNING - 未提供target_motif，motif剪枝将被跳过
2025-07-08 09:18:03,831 - INFO - 规则前提大小: 2, 最大扩展步数: 2
2025-07-08 09:18:03,844 - INFO - 步骤 1: 添加边 ('00227507', '00504592', '_also_see'), 相似度提升: 0.1239 (当前: 0.2102)
2025-07-08 09:18:03,853 - INFO - 步骤 2: 添加边 ('00504592', '01675190', '_also_see'), 相似度提升: 0.0582 (当前: 0.2684)
2025-07-08 09:18:03,854 - INFO - 匹配失败，处理时间: 0.0268秒
2025-07-08 09:18:03,855 - INFO - 处理第96/1299个anchor
2025-07-08 09:18:03,856 - INFO - 开始处理anchor: ('00788821', '_also_see', '00156839')
2025-07-08 09:18:03,860 - WARNING - 未提供target_motif，motif剪枝将被跳过
2025-07-08 09:18:03,862 - INFO - 规则前提大小: 2, 最大扩展步数: 2
2025-07-08 09:18:03,879 - INFO - 步骤 1: 添加边 ('00788821', '01612053', '_also_see'), 相似度提升: 0.2550 (当前: 0.3413)
2025-07-08 09:18:03,893 - INFO - 步骤 2: 没有找到合适的扩展边
2025-07-08 09:18:03,896 - INFO - 匹配失败，处理时间: 0.0390秒
2025-07-08 09:18:03,896 - INFO - 处理第97/1299个anchor
2025-07-08 09:18:03,897 - INFO - 开始处理anchor: ('00788821', '_also_see', '01892953')
2025-07-08 09:18:03,899 - WARNING - 未提供target_motif，motif剪枝将被跳过
2025-07-08 09:18:03,900 - INFO - 规则前提大小: 2, 最大扩展步数: 2
2025-07-08 09:18:03,908 - INFO - 步骤 1: 添加边 ('00788821', '00156839', '_also_see'), 相似度提升: 0.2550 (当前: 0.3413)
2025-07-08 09:18:03,915 - INFO - 步骤 2: 没有找到合适的扩展边
2025-07-08 09:18:03,917 - INFO - 匹配失败，处理时间: 0.0192秒
2025-07-08 09:18:03,917 - INFO - 处理第98/1299个anchor
2025-07-08 09:18:03,918 - INFO - 开始处理anchor: ('00788821', '_also_see', '01612053')
2025-07-08 09:18:03,919 - WARNING - 未提供target_motif，motif剪枝将被跳过
2025-07-08 09:18:03,920 - INFO - 规则前提大小: 2, 最大扩展步数: 2
2025-07-08 09:18:03,936 - INFO - 步骤 1: 添加边 ('00788821', '00156839', '_also_see'), 相似度提升: 0.2550 (当前: 0.3413)
2025-07-08 09:18:03,951 - INFO - 步骤 2: 没有找到合适的扩展边
2025-07-08 09:18:03,952 - INFO - 匹配失败，处理时间: 0.0338秒
2025-07-08 09:18:03,952 - INFO - 处理第99/1299个anchor
2025-07-08 09:18:03,953 - INFO - 开始处理anchor: ('02504131', '_also_see', '00583990')
2025-07-08 09:18:03,954 - WARNING - 未提供target_motif，motif剪枝将被跳过
2025-07-08 09:18:03,958 - INFO - 规则前提大小: 2, 最大扩展步数: 2
2025-07-08 09:18:03,981 - INFO - 步骤 1: 添加边 ('00344125', '00583990', '_also_see'), 相似度提升: 0.1239 (当前: 0.2102)
2025-07-08 09:18:03,991 - INFO - 步骤 2: 没有找到合适的扩展边
2025-07-08 09:18:03,994 - INFO - 匹配失败，处理时间: 0.0413秒
2025-07-08 09:18:03,995 - INFO - 处理第100/1299个anchor
2025-07-08 09:18:03,996 - INFO - 开始处理anchor: ('01925372', '_also_see', '01430111')
2025-07-08 09:18:03,998 - WARNING - 未提供target_motif，motif剪枝将被跳过
2025-07-08 09:18:03,999 - INFO - 规则前提大小: 2, 最大扩展步数: 2
2025-07-08 09:18:04,020 - INFO - 步骤 1: 添加边 ('01925372', '01943406', '_also_see'), 相似度提升: 0.2550 (当前: 0.3413)
2025-07-08 09:18:04,033 - INFO - 步骤 2: 没有找到合适的扩展边
2025-07-08 09:18:04,034 - INFO - 匹配失败，处理时间: 0.0375秒
2025-07-08 09:18:04,034 - INFO - 处理第101/1299个anchor
2025-07-08 09:18:04,034 - INFO - 开始处理anchor: ('01925372', '_also_see', '01943406')
2025-07-08 09:18:04,037 - WARNING - 未提供target_motif，motif剪枝将被跳过
2025-07-08 09:18:04,037 - INFO - 规则前提大小: 2, 最大扩展步数: 2
2025-07-08 09:18:04,059 - INFO - 步骤 1: 添加边 ('01925372', '01430111', '_also_see'), 相似度提升: 0.2550 (当前: 0.3413)
2025-07-08 09:18:04,072 - INFO - 步骤 2: 没有找到合适的扩展边
2025-07-08 09:18:04,075 - INFO - 匹配失败，处理时间: 0.0403秒
2025-07-08 09:18:04,075 - INFO - 处理第102/1299个anchor
2025-07-08 09:18:04,075 - INFO - 开始处理anchor: ('01837744', '_also_see', '00021766')
2025-07-08 09:18:04,078 - WARNING - 未提供target_motif，motif剪枝将被跳过
2025-07-08 09:18:04,079 - INFO - 规则前提大小: 2, 最大扩展步数: 2
2025-07-08 09:18:04,088 - INFO - 步骤 1: 添加边 ('01837744', '00779374', '_also_see'), 相似度提升: 0.2550 (当前: 0.3413)
2025-07-08 09:18:04,101 - INFO - 步骤 2: 没有找到合适的扩展边
2025-07-08 09:18:04,102 - INFO - 匹配失败，处理时间: 0.0260秒
2025-07-08 09:18:04,102 - INFO - 处理第103/1299个anchor
2025-07-08 09:18:04,103 - INFO - 开始处理anchor: ('01837744', '_also_see', '00779374')
2025-07-08 09:18:04,105 - WARNING - 未提供target_motif，motif剪枝将被跳过
2025-07-08 09:18:04,107 - INFO - 规则前提大小: 2, 最大扩展步数: 2
2025-07-08 09:18:04,117 - INFO - 步骤 1: 添加边 ('01837744', '00021766', '_also_see'), 相似度提升: 0.2550 (当前: 0.3413)
2025-07-08 09:18:04,127 - INFO - 步骤 2: 没有找到合适的扩展边
2025-07-08 09:18:04,130 - INFO - 匹配失败，处理时间: 0.0269秒
2025-07-08 09:18:04,131 - INFO - 处理第104/1299个anchor
2025-07-08 09:18:04,131 - INFO - 开始处理anchor: ('00021766', '_also_see', '01837744')
2025-07-08 09:18:04,133 - WARNING - 未提供target_motif，motif剪枝将被跳过
2025-07-08 09:18:04,134 - INFO - 规则前提大小: 2, 最大扩展步数: 2
2025-07-08 09:18:04,149 - INFO - 步骤 1: 添加边 ('00021766', '00631391', '_also_see'), 相似度提升: 0.2550 (当前: 0.3413)
2025-07-08 09:18:04,163 - INFO - 步骤 2: 没有找到合适的扩展边
2025-07-08 09:18:04,165 - INFO - 匹配失败，处理时间: 0.0338秒
2025-07-08 09:18:04,166 - INFO - 处理第105/1299个anchor
2025-07-08 09:18:04,166 - INFO - 开始处理anchor: ('00021766', '_also_see', '00631391')
2025-07-08 09:18:04,169 - WARNING - 未提供target_motif，motif剪枝将被跳过
2025-07-08 09:18:04,171 - INFO - 规则前提大小: 2, 最大扩展步数: 2
2025-07-08 09:18:04,189 - INFO - 步骤 1: 添加边 ('00021766', '00914421', '_also_see'), 相似度提升: 0.2550 (当前: 0.3413)
2025-07-08 09:18:04,203 - INFO - 步骤 2: 没有找到合适的扩展边
2025-07-08 09:18:04,208 - INFO - 匹配失败，处理时间: 0.0419秒
2025-07-08 09:18:04,208 - INFO - 处理第106/1299个anchor
2025-07-08 09:18:04,209 - INFO - 开始处理anchor: ('00021766', '_also_see', '00914421')
2025-07-08 09:18:04,211 - WARNING - 未提供target_motif，motif剪枝将被跳过
2025-07-08 09:18:04,213 - INFO - 规则前提大小: 2, 最大扩展步数: 2
2025-07-08 09:18:04,227 - INFO - 步骤 1: 添加边 ('00021766', '00631391', '_also_see'), 相似度提升: 0.2550 (当前: 0.3413)
2025-07-08 09:18:04,237 - INFO - 步骤 2: 没有找到合适的扩展边
2025-07-08 09:18:04,240 - INFO - 匹配失败，处理时间: 0.0311秒
2025-07-08 09:18:04,241 - INFO - 处理第107/1299个anchor
2025-07-08 09:18:04,241 - INFO - 开始处理anchor: ('01460421', '_also_see', '01624633')
2025-07-08 09:18:04,244 - WARNING - 未提供target_motif，motif剪枝将被跳过
2025-07-08 09:18:04,245 - INFO - 规则前提大小: 2, 最大扩展步数: 2
2025-07-08 09:18:04,257 - INFO - 步骤 1: 添加边 ('01131043', '01624633', '_also_see'), 相似度提升: 0.1239 (当前: 0.2102)
2025-07-08 09:18:04,275 - INFO - 步骤 2: 添加边 ('01244410', '01460421', '_also_see'), 相似度提升: 0.0582 (当前: 0.2684)
2025-07-08 09:18:04,277 - INFO - 匹配失败，处理时间: 0.0343秒
2025-07-08 09:18:04,278 - INFO - 处理第108/1299个anchor
2025-07-08 09:18:04,278 - INFO - 开始处理anchor: ('01516534', '_also_see', '01352996')
2025-07-08 09:18:04,280 - WARNING - 未提供target_motif，motif剪枝将被跳过
2025-07-08 09:18:04,281 - INFO - 规则前提大小: 2, 最大扩展步数: 2
2025-07-08 09:18:04,284 - INFO - 步骤 1: 没有找到合适的扩展边
2025-07-08 09:18:04,285 - INFO - 匹配失败，处理时间: 0.0077秒
2025-07-08 09:18:04,285 - INFO - 处理第109/1299个anchor
2025-07-08 09:18:04,286 - INFO - 开始处理anchor: ('01090335', '_also_see', '01131197')
2025-07-08 09:18:04,288 - WARNING - 未提供target_motif，motif剪枝将被跳过
2025-07-08 09:18:04,291 - INFO - 规则前提大小: 2, 最大扩展步数: 2
2025-07-08 09:18:04,296 - INFO - 步骤 1: 没有找到合适的扩展边
2025-07-08 09:18:04,297 - INFO - 匹配失败，处理时间: 0.0109秒
2025-07-08 09:18:04,298 - INFO - 处理第110/1299个anchor
2025-07-08 09:18:04,298 - INFO - 开始处理anchor: ('02230990', '_also_see', '02238462')
2025-07-08 09:18:04,300 - WARNING - 未提供target_motif，motif剪枝将被跳过
2025-07-08 09:18:04,302 - INFO - 规则前提大小: 2, 最大扩展步数: 2
2025-07-08 09:18:04,311 - INFO - 步骤 1: 添加边 ('00911327', '02238462', '_also_see'), 相似度提升: 0.1239 (当前: 0.2102)
2025-07-08 09:18:04,318 - INFO - 步骤 2: 没有找到合适的扩展边
2025-07-08 09:18:04,319 - INFO - 匹配失败，处理时间: 0.0199秒
2025-07-08 09:18:04,319 - INFO - 处理第111/1299个anchor
2025-07-08 09:18:04,320 - INFO - 开始处理anchor: ('02578235', '_also_see', '01781478')
2025-07-08 09:18:04,322 - WARNING - 未提供target_motif，motif剪枝将被跳过
2025-07-08 09:18:04,325 - INFO - 规则前提大小: 2, 最大扩展步数: 2
2025-07-08 09:18:04,341 - INFO - 步骤 1: 添加边 ('02578235', '02271544', '_also_see'), 相似度提升: 0.2550 (当前: 0.3413)
2025-07-08 09:18:04,351 - INFO - 步骤 2: 没有找到合适的扩展边
2025-07-08 09:18:04,352 - INFO - 匹配失败，处理时间: 0.0321秒
2025-07-08 09:18:04,352 - INFO - 处理第112/1299个anchor
2025-07-08 09:18:04,353 - INFO - 开始处理anchor: ('02578235', '_also_see', '02271544')
2025-07-08 09:18:04,356 - WARNING - 未提供target_motif，motif剪枝将被跳过
2025-07-08 09:18:04,358 - INFO - 规则前提大小: 2, 最大扩展步数: 2
2025-07-08 09:18:04,369 - INFO - 步骤 1: 添加边 ('02578235', '01781478', '_also_see'), 相似度提升: 0.2550 (当前: 0.3413)
2025-07-08 09:18:04,382 - INFO - 步骤 2: 没有找到合适的扩展边
2025-07-08 09:18:04,384 - INFO - 匹配失败，处理时间: 0.0310秒
2025-07-08 09:18:04,384 - INFO - 处理第113/1299个anchor
2025-07-08 09:18:04,384 - INFO - 开始处理anchor: ('02251743', '_also_see', '02352019')
2025-07-08 09:18:04,387 - WARNING - 未提供target_motif，motif剪枝将被跳过
2025-07-08 09:18:04,389 - INFO - 规则前提大小: 2, 最大扩展步数: 2
2025-07-08 09:18:04,397 - INFO - 步骤 1: 添加边 ('02251743', '02215506', '_also_see'), 相似度提升: 0.2550 (当前: 0.3413)
2025-07-08 09:18:04,400 - INFO - 步骤 2: 没有找到合适的扩展边
2025-07-08 09:18:04,402 - INFO - 匹配失败，处理时间: 0.0171秒
2025-07-08 09:18:04,402 - INFO - 处理第114/1299个anchor
2025-07-08 09:18:04,403 - INFO - 开始处理anchor: ('02251743', '_also_see', '02301502')
2025-07-08 09:18:04,407 - WARNING - 未提供target_motif，motif剪枝将被跳过
2025-07-08 09:18:04,409 - INFO - 规则前提大小: 2, 最大扩展步数: 2
2025-07-08 09:18:04,416 - INFO - 步骤 1: 添加边 ('02251743', '02215506', '_also_see'), 相似度提升: 0.2550 (当前: 0.3413)
2025-07-08 09:18:04,420 - INFO - 步骤 2: 没有找到合适的扩展边
2025-07-08 09:18:04,423 - INFO - 匹配失败，处理时间: 0.0191秒
2025-07-08 09:18:04,424 - INFO - 处理第115/1299个anchor
2025-07-08 09:18:04,425 - INFO - 开始处理anchor: ('02251743', '_also_see', '02215506')
2025-07-08 09:18:04,428 - WARNING - 未提供target_motif，motif剪枝将被跳过
2025-07-08 09:18:04,429 - INFO - 规则前提大小: 2, 最大扩展步数: 2
2025-07-08 09:18:04,435 - INFO - 步骤 1: 添加边 ('02251743', '02284803', '_also_see'), 相似度提升: 0.2550 (当前: 0.3413)
2025-07-08 09:18:04,439 - INFO - 步骤 2: 没有找到合适的扩展边
2025-07-08 09:18:04,442 - INFO - 匹配失败，处理时间: 0.0173秒
2025-07-08 09:18:04,442 - INFO - 处理第116/1299个anchor
2025-07-08 09:18:04,442 - INFO - 开始处理anchor: ('02251743', '_also_see', '02284803')
2025-07-08 09:18:04,445 - WARNING - 未提供target_motif，motif剪枝将被跳过
2025-07-08 09:18:04,446 - INFO - 规则前提大小: 2, 最大扩展步数: 2
2025-07-08 09:18:04,452 - INFO - 步骤 1: 添加边 ('02251743', '02215506', '_also_see'), 相似度提升: 0.2550 (当前: 0.3413)
2025-07-08 09:18:04,456 - INFO - 步骤 2: 没有找到合适的扩展边
2025-07-08 09:18:04,459 - INFO - 匹配失败，处理时间: 0.0160秒
2025-07-08 09:18:04,459 - INFO - 处理第117/1299个anchor
2025-07-08 09:18:04,460 - INFO - 开始处理anchor: ('00941990', '_also_see', '00916123')
2025-07-08 09:18:04,462 - WARNING - 未提供target_motif，motif剪枝将被跳过
2025-07-08 09:18:04,463 - INFO - 规则前提大小: 2, 最大扩展步数: 2
2025-07-08 09:18:04,468 - INFO - 步骤 1: 添加边 ('00941990', '01051956', '_also_see'), 相似度提升: 0.2550 (当前: 0.3413)
2025-07-08 09:18:04,469 - INFO - 步骤 2: 没有找到合适的扩展边
2025-07-08 09:18:04,474 - INFO - 匹配失败，处理时间: 0.0133秒
2025-07-08 09:18:04,475 - INFO - 处理第118/1299个anchor
2025-07-08 09:18:04,475 - INFO - 开始处理anchor: ('00941990', '_also_see', '01051956')
2025-07-08 09:18:04,478 - WARNING - 未提供target_motif，motif剪枝将被跳过
2025-07-08 09:18:04,480 - INFO - 规则前提大小: 2, 最大扩展步数: 2
2025-07-08 09:18:04,484 - INFO - 步骤 1: 添加边 ('00941990', '00916123', '_also_see'), 相似度提升: 0.2550 (当前: 0.3413)
