2025-07-02 20:54:11,253 - INFO - 成功加载预训练embedding
2025-07-02 20:54:11,381 - INFO - StructMatch系统初始化完成（集成语义增强）
2025-07-02 20:54:12,710 - INFO - 成功加载知识图谱: 40559个实体, 11种关系, 86835个三元组
2025-07-02 20:54:12,744 - WARNING - 未提供target_motif，motif剪枝将被跳过
2025-07-02 20:54:12,744 - INFO - 规则前提大小: None, 最大扩展步数: 2
2025-07-02 20:54:12,824 - INFO - 步骤 1: 添加边 ('02233338', '02232951', '_hypernym'), 相似度提升: 0.6445 (当前: 0.9517)
2025-07-02 20:54:12,973 - INFO - 步骤 2: 添加边 ('02233096', '02235321', '_member_meronym'), 相似度提升: 0.0208 (当前: 0.9585)
2025-07-02 20:54:13,041 - WARNING - 未提供target_motif，motif剪枝将被跳过
2025-07-02 20:54:13,052 - INFO - 规则前提大小: None, 最大扩展步数: 2
2025-07-02 20:54:13,552 - INFO - 步骤 1: 添加边 ('08969798', '08524735', '_instance_hypernym'), 相似度提升: 0.7238 (当前: 0.9868)
2025-07-02 20:54:13,935 - INFO - 步骤 2: 相似度提升不足 (-0.0220), 停止扩展
2025-07-02 20:54:13,986 - WARNING - 未提供target_motif，motif剪枝将被跳过
2025-07-02 20:54:13,988 - INFO - 规则前提大小: None, 最大扩展步数: 2
2025-07-02 20:54:14,191 - INFO - 步骤 1: 添加边 ('03240140', '03027250', '_has_part'), 相似度提升: 0.6119 (当前: 0.9575)
2025-07-02 20:54:14,542 - INFO - 步骤 2: 添加边 ('03240140', '03273061', '_has_part'), 相似度提升: 0.0515 (当前: 0.9517)
2025-07-02 20:54:14,611 - WARNING - 未提供target_motif，motif剪枝将被跳过
2025-07-02 20:54:14,612 - INFO - 规则前提大小: None, 最大扩展步数: 2
2025-07-02 20:54:15,052 - INFO - 步骤 1: 添加边 ('01354149', '01352059', '_hypernym'), 相似度提升: 0.7069 (当前: 0.9665)
2025-07-02 20:54:15,714 - INFO - 步骤 2: 添加边 ('01356086', '01354149', '_member_meronym'), 相似度提升: 0.0183 (当前: 0.9599)
2025-07-02 20:54:15,829 - WARNING - 未提供target_motif，motif剪枝将被跳过
2025-07-02 20:54:15,829 - INFO - 规则前提大小: None, 最大扩展步数: 2
2025-07-02 20:54:16,313 - INFO - 步骤 1: 添加边 ('06845599', '04441282', '_member_of_domain_usage'), 相似度提升: 0.6990 (当前: 0.9806)
2025-07-02 20:54:17,320 - INFO - 步骤 2: 添加边 ('06845599', '03818090', '_member_of_domain_usage'), 相似度提升: 0.0458 (当前: 0.9746)
