2025-07-02 21:42:37,995 - INFO - 成功加载预训练embedding
2025-07-02 21:42:38,069 - INFO - StructMatch系统初始化完成（集成语义增强）
2025-07-02 21:42:39,031 - INFO - 成功加载知识图谱: 40559个实体, 11种关系, 86835个三元组
2025-07-02 21:42:39,046 - WARNING - 未提供target_motif，motif剪枝将被跳过
2025-07-02 21:42:39,046 - INFO - 规则前提大小: None, 最大扩展步数: 2
2025-07-02 21:42:39,082 - INFO - 步骤 1: 添加边 ('02233096', '01342529', '_hypernym'), 相似度提升: 0.4070 (当前: 0.9246)
2025-07-02 21:42:39,224 - INFO - 步骤 2: 添加边 ('01477184', '01342529', '_hypernym'), 相似度提升: 0.0525 (当前: 0.9297)
2025-07-02 21:42:39,258 - WARNING - 未提供target_motif，motif剪枝将被跳过
2025-07-02 21:42:39,259 - INFO - 规则前提大小: None, 最大扩展步数: 2
2025-07-02 21:42:39,413 - INFO - 步骤 1: 添加边 ('08524735', '00499642', '_derivationally_related_form'), 相似度提升: 0.4288 (当前: 0.9363)
2025-07-02 21:42:39,560 - INFO - 步骤 2: 相似度提升不足 (-0.0300), 停止扩展
2025-07-02 21:42:39,589 - WARNING - 未提供target_motif，motif剪枝将被跳过
2025-07-02 21:42:39,589 - INFO - 规则前提大小: None, 最大扩展步数: 2
2025-07-02 21:42:39,650 - INFO - 步骤 1: 添加边 ('03646296', '03027250', '_has_part'), 相似度提升: 0.4328 (当前: 0.9532)
2025-07-02 21:42:39,730 - INFO - 步骤 2: 相似度提升不足 (-0.0018), 停止扩展
2025-07-02 21:42:39,761 - WARNING - 未提供target_motif，motif剪枝将被跳过
2025-07-02 21:42:39,762 - INFO - 规则前提大小: None, 最大扩展步数: 2
2025-07-02 21:42:39,878 - INFO - 步骤 1: 添加边 ('01366015', '01352059', '_hypernym'), 相似度提升: 0.5541 (当前: 0.9916)
2025-07-02 21:42:40,024 - INFO - 步骤 2: 添加边 ('01370913', '01371092', '_member_meronym'), 相似度提升: 0.0456 (当前: 0.9880)
2025-07-02 21:42:40,051 - WARNING - 未提供target_motif，motif剪枝将被跳过
2025-07-02 21:42:40,053 - INFO - 规则前提大小: None, 最大扩展步数: 2
2025-07-02 21:42:40,206 - INFO - 步骤 1: 添加边 ('06845599', '03830582', '_member_of_domain_usage'), 相似度提升: 0.4989 (当前: 0.9730)
2025-07-02 21:42:40,448 - INFO - 步骤 2: 相似度提升不足 (-0.0060), 停止扩展
