2025-07-17 06:56:10,999 - INFO - 成功加载预训练embedding
2025-07-17 06:56:11,134 - INFO - StructMatch系统初始化完成（集成语义增强）
2025-07-17 06:56:11,136 - INFO - 开始加载数据...
2025-07-17 06:56:12,612 - INFO - 成功加载知识图谱: 40559个实体, 11种关系, 86835个三元组
2025-07-17 06:56:12,613 - INFO - 成功加载15条规则
2025-07-17 06:56:12,613 - INFO - 数据加载完成
2025-07-17 06:56:12,625 - INFO - 收集规则第一个谓词对应的anchor: _verb_group
2025-07-17 06:56:12,792 - INFO - 收集到 1138 个anchor
2025-07-17 06:56:12,793 - INFO - 开始批量匹配，共1138个anchor
2025-07-17 06:56:12,794 - INFO - 处理第1/1138个anchor
2025-07-17 06:56:17,343 - INFO - 匹配成功: anchor ('02744977', '_verb_group', '01719921'), 得分: 0.8163
2025-07-17 06:56:19,494 - INFO - 匹配成功: anchor ('00238867', '_verb_group', '00239614'), 得分: 0.8153
2025-07-17 06:56:19,580 - INFO - 匹配成功: anchor ('00239614', '_verb_group', '00238867'), 得分: 0.8148
2025-07-17 06:56:19,679 - INFO - 匹配成功: anchor ('01113473', '_verb_group', '01140654'), 得分: 0.8007
2025-07-17 06:56:22,095 - INFO - 处理第101/1138个anchor
2025-07-17 06:56:23,075 - INFO - 匹配成功: anchor ('01719921', '_verb_group', '01716619'), 得分: 0.8208
2025-07-17 06:56:24,539 - INFO - 匹配成功: anchor ('01654628', '_verb_group', '01685601'), 得分: 0.8094
2025-07-17 06:56:25,787 - INFO - 匹配成功: anchor ('01941093', '_verb_group', '01840238'), 得分: 0.7879
2025-07-17 06:56:25,950 - INFO - 匹配成功: anchor ('01941093', '_verb_group', '01451842'), 得分: 0.8018
2025-07-17 06:56:26,057 - INFO - 匹配成功: anchor ('01840238', '_verb_group', '01941093'), 得分: 0.8084
2025-07-17 06:56:26,211 - INFO - 匹配成功: anchor ('02114056', '_verb_group', '02113850'), 得分: 0.7935
2025-07-17 06:56:26,518 - INFO - 匹配成功: anchor ('01500873', '_verb_group', '01501347'), 得分: 0.8124
2025-07-17 06:56:27,133 - INFO - 匹配成功: anchor ('01313249', '_verb_group', '01360899'), 得分: 0.8031
2025-07-17 06:56:28,408 - INFO - 匹配成功: anchor ('01725051', '_verb_group', '01726172'), 得分: 0.7758
2025-07-17 06:56:28,503 - INFO - 匹配成功: anchor ('01724459', '_verb_group', '01725051'), 得分: 0.8181
2025-07-17 06:56:29,015 - INFO - 匹配成功: anchor ('01451842', '_verb_group', '01941093'), 得分: 0.8211
2025-07-17 06:56:30,285 - INFO - 处理第201/1138个anchor
2025-07-17 06:56:31,618 - INFO - 匹配成功: anchor ('02246456', '_verb_group', '02246686'), 得分: 0.7619
2025-07-17 06:56:33,423 - INFO - 匹配成功: anchor ('01710481', '_verb_group', '02385813'), 得分: 0.8160
