2025-07-17 06:37:04,081 - INFO - 成功加载预训练embedding
2025-07-17 06:37:04,214 - INFO - StructMatch系统初始化完成（集成语义增强）
2025-07-17 06:37:04,215 - INFO - 开始加载数据...
2025-07-17 06:37:05,810 - INFO - 成功加载知识图谱: 40559个实体, 11种关系, 86835个三元组
2025-07-17 06:37:05,813 - INFO - 成功加载15条规则
2025-07-17 06:37:05,813 - INFO - 数据加载完成
2025-07-17 06:37:05,823 - INFO - 收集规则第一个谓词对应的anchor: _verb_group
2025-07-17 06:37:06,001 - INFO - 收集到 1138 个anchor
2025-07-17 06:37:06,002 - INFO - 开始批量匹配，共1138个anchor
2025-07-17 06:37:06,002 - INFO - 处理第1/1138个anchor
2025-07-17 06:37:06,996 - INFO - 匹配成功: anchor ('01698271', '_verb_group', '01744611'), 得分: 0.9073
2025-07-17 06:37:12,000 - INFO - 匹配成功: anchor ('00267041', '_verb_group', '00266798'), 得分: 0.9486
2025-07-17 06:37:13,556 - INFO - 匹配成功: anchor ('00239614', '_verb_group', '00238867'), 得分: 0.9290
2025-07-17 06:37:14,003 - INFO - 匹配成功: anchor ('00570003', '_verb_group', '00570205'), 得分: 0.8967
2025-07-17 06:37:16,331 - INFO - 处理第101/1138个anchor
2025-07-17 06:37:17,062 - INFO - 匹配成功: anchor ('01719921', '_verb_group', '01719302'), 得分: 0.9049
2025-07-17 06:37:20,248 - INFO - 匹配成功: anchor ('01941093', '_verb_group', '01840238'), 得分: 0.9207
2025-07-17 06:37:20,383 - INFO - 匹配成功: anchor ('01941093', '_verb_group', '01847845'), 得分: 0.9119
2025-07-17 06:37:20,744 - INFO - 匹配成功: anchor ('01840238', '_verb_group', '01941093'), 得分: 0.9270
2025-07-17 06:37:21,234 - INFO - 匹配成功: anchor ('02114056', '_verb_group', '02114433'), 得分: 0.9009
2025-07-17 06:37:21,698 - INFO - 匹配成功: anchor ('01500873', '_verb_group', '01501347'), 得分: 0.9454
2025-07-17 06:37:23,281 - INFO - 匹配成功: anchor ('01725051', '_verb_group', '01724459'), 得分: 0.9290
2025-07-17 06:37:25,581 - INFO - 处理第201/1138个anchor
2025-07-17 06:37:30,010 - INFO - 匹配成功: anchor ('01710481', '_verb_group', '02385813'), 得分: 0.9166
