2025-07-02 23:06:21,049 - INFO - 成功加载预训练embedding
2025-07-02 23:06:21,163 - INFO - StructMatch系统初始化完成（集成语义增强）
2025-07-02 23:06:21,164 - INFO - 开始加载数据...
2025-07-02 23:06:22,380 - INFO - 成功加载知识图谱: 40559个实体, 11种关系, 86835个三元组
2025-07-02 23:06:22,381 - INFO - 成功加载2条规则
2025-07-02 23:06:22,382 - INFO - 数据加载完成
2025-07-02 23:06:22,391 - INFO - 开始批量匹配，共4个anchor
2025-07-02 23:06:22,391 - INFO - 处理第1/4个anchor
2025-07-02 23:06:22,392 - INFO - 开始处理anchor: ('12090318', '_member_meronym', '12093769')
2025-07-02 23:06:22,414 - WARNING - 未提供target_motif，motif剪枝将被跳过
2025-07-02 23:06:22,414 - INFO - 规则前提大小: 2, 最大扩展步数: 2
2025-07-02 23:06:22,427 - INFO - 步骤 1: 没有找到合适的扩展边
2025-07-02 23:06:22,434 - INFO - 匹配失败，处理时间: 0.0422秒
2025-07-02 23:06:22,434 - INFO - 处理第2/4个anchor
2025-07-02 23:06:22,435 - INFO - 开始处理anchor: ('09322930', '_instance_hypernym', '09360122')
2025-07-02 23:06:22,444 - WARNING - 未提供target_motif，motif剪枝将被跳过
2025-07-02 23:06:22,446 - INFO - 规则前提大小: 2, 最大扩展步数: 2
2025-07-02 23:06:22,483 - INFO - 步骤 1: 没有找到合适的扩展边
2025-07-02 23:06:22,491 - INFO - 匹配失败，处理时间: 0.0557秒
2025-07-02 23:06:22,492 - INFO - 处理第3/4个anchor
2025-07-02 23:06:22,493 - INFO - 开始处理anchor: ('12493208', '_has_part', '12493426')
2025-07-02 23:06:22,501 - WARNING - 未提供target_motif，motif剪枝将被跳过
2025-07-02 23:06:22,502 - INFO - 规则前提大小: 2, 最大扩展步数: 2
2025-07-02 23:06:22,518 - INFO - 步骤 1: 没有找到合适的扩展边
2025-07-02 23:06:22,527 - INFO - 匹配失败，处理时间: 0.0343秒
2025-07-02 23:06:22,528 - INFO - 处理第4/4个anchor
2025-07-02 23:06:22,529 - INFO - 开始处理anchor: ('00260881', '_hypernym', '00260622')
2025-07-02 23:06:22,542 - WARNING - 未提供target_motif，motif剪枝将被跳过
2025-07-02 23:06:22,543 - INFO - 规则前提大小: 2, 最大扩展步数: 2
2025-07-02 23:06:22,564 - INFO - 步骤 1: 没有找到合适的扩展边
2025-07-02 23:06:22,572 - INFO - 匹配失败，处理时间: 0.0408秒
2025-07-02 23:06:22,575 - INFO - 批量匹配完成: 0/4 成功匹配
2025-07-02 23:06:22,586 - INFO - 结果已保存到: results.json
