2025-07-02 21:25:53,720 - INFO - 成功加载预训练embedding
2025-07-02 21:25:53,784 - INFO - StructMatch系统初始化完成（集成语义增强）
2025-07-02 21:25:53,785 - INFO - 开始加载数据...
2025-07-02 21:25:54,710 - INFO - 成功加载知识图谱: 40559个实体, 11种关系, 86835个三元组
2025-07-02 21:25:54,711 - INFO - 成功加载7条规则
2025-07-02 21:25:54,713 - INFO - 数据加载完成
2025-07-02 21:25:54,738 - WARNING - 未提供target_motif，motif剪枝将被跳过
2025-07-02 21:25:54,738 - INFO - 规则前提大小: None, 最大扩展步数: 2
2025-07-02 21:25:54,853 - INFO - 步骤 1: 添加边 ('01342529', '08106934', '_hypernym'), 相似度提升: 0.7949 (当前: 0.9846)
2025-07-02 21:25:54,961 - INFO - 步骤 2: 添加边 ('01423757', '01342529', '_hypernym'), 相似度提升: 0.0435 (当前: 0.9678)
2025-07-02 21:25:54,987 - WARNING - 未提供target_motif，motif剪枝将被跳过
2025-07-02 21:25:54,989 - INFO - 规则前提大小: None, 最大扩展步数: 2
2025-07-02 21:25:55,054 - INFO - 步骤 1: 添加边 ('09439433', '08435388', '_hypernym'), 相似度提升: 0.6100 (当前: 0.9083)
2025-07-02 21:25:55,146 - INFO - 步骤 2: 添加边 ('08366753', '08435388', '_hypernym'), 相似度提升: 0.0770 (当前: 0.9284)
2025-07-02 21:25:55,165 - WARNING - 未提供target_motif，motif剪枝将被跳过
2025-07-02 21:25:55,166 - INFO - 规则前提大小: None, 最大扩展步数: 2
2025-07-02 21:25:55,203 - INFO - 步骤 1: 添加边 ('08335886', '08441203', '_synset_domain_topic_of'), 相似度提升: 0.6775 (当前: 0.9544)
2025-07-02 21:25:55,342 - INFO - 步骤 2: 添加边 ('08454003', '08441203', '_hypernym'), 相似度提升: 0.0308 (当前: 0.9749)
2025-07-02 21:25:55,365 - WARNING - 未提供target_motif，motif剪枝将被跳过
2025-07-02 21:25:55,366 - INFO - 规则前提大小: None, 最大扩展步数: 2
2025-07-02 21:25:55,512 - INFO - 步骤 1: 添加边 ('08198398', '08199025', '_synset_domain_topic_of'), 相似度提升: 0.7050 (当前: 0.9555)
2025-07-02 21:25:55,644 - INFO - 步骤 2: 相似度提升不足 (-0.0048), 停止扩展
2025-07-02 21:25:55,665 - WARNING - 未提供target_motif，motif剪枝将被跳过
2025-07-02 21:25:55,666 - INFO - 规则前提大小: None, 最大扩展步数: 2
2025-07-02 21:25:55,726 - INFO - 步骤 1: 添加边 ('09894143', '08083599', '_synset_domain_topic_of'), 相似度提升: 0.6704 (当前: 0.9601)
2025-07-02 21:25:55,846 - INFO - 步骤 2: 添加边 ('01040390', '08083599', '_synset_domain_topic_of'), 相似度提升: 0.0600 (当前: 0.9552)
2025-07-02 21:25:55,871 - WARNING - 未提供target_motif，motif剪枝将被跳过
2025-07-02 21:25:55,871 - INFO - 规则前提大小: None, 最大扩展步数: 2
2025-07-02 21:25:55,926 - INFO - 步骤 1: 添加边 ('09381480', '09394007', '_hypernym'), 相似度提升: 0.7386 (当前: 0.9602)
2025-07-02 21:25:55,999 - INFO - 步骤 2: 添加边 ('09394007', '06095022', '_synset_domain_topic_of'), 相似度提升: 0.0633 (当前: 0.9729)
2025-07-02 21:25:56,022 - WARNING - 未提供target_motif，motif剪枝将被跳过
2025-07-02 21:25:56,023 - INFO - 规则前提大小: None, 最大扩展步数: 2
2025-07-02 21:25:56,055 - INFO - 步骤 1: 添加边 ('09533048', '15253139', '_synset_domain_topic_of'), 相似度提升: 0.5890 (当前: 0.8729)
2025-07-02 21:25:56,230 - INFO - 步骤 2: 相似度提升不足 (0.0070), 停止扩展
2025-07-02 21:25:56,260 - WARNING - 未提供target_motif，motif剪枝将被跳过
2025-07-02 21:25:56,260 - INFO - 规则前提大小: None, 最大扩展步数: 2
2025-07-02 21:25:56,306 - INFO - 步骤 1: 添加边 ('10086821', '10296176', '_hypernym'), 相似度提升: 0.7246 (当前: 0.9377)
2025-07-02 21:25:56,441 - INFO - 步骤 2: 相似度提升不足 (-0.0086), 停止扩展
2025-07-02 21:25:56,475 - WARNING - 未提供target_motif，motif剪枝将被跳过
2025-07-02 21:25:56,475 - INFO - 规则前提大小: None, 最大扩展步数: 2
2025-07-02 21:25:56,556 - INFO - 步骤 1: 添加边 ('09894143', '09857200', '_hypernym'), 相似度提升: 0.7989 (当前: 0.9812)
2025-07-02 21:25:57,345 - INFO - 步骤 2: 添加边 ('10842730', '10705615', '_instance_hypernym'), 相似度提升: 0.0429 (当前: 0.9901)
2025-07-02 21:25:57,421 - WARNING - 未提供target_motif，motif剪枝将被跳过
2025-07-02 21:25:57,422 - INFO - 规则前提大小: None, 最大扩展步数: 2
2025-07-02 21:25:57,990 - INFO - 步骤 1: 添加边 ('09798811', '10016103', '_hypernym'), 相似度提升: 0.7580 (当前: 0.9600)
2025-07-02 21:25:58,465 - INFO - 步骤 2: 添加边 ('09808080', '10016103', '_hypernym'), 相似度提升: 0.0841 (当前: 0.9833)
2025-07-02 21:25:58,880 - WARNING - 未提供target_motif，motif剪枝将被跳过
2025-07-02 21:25:58,880 - INFO - 规则前提大小: None, 最大扩展步数: 2
2025-07-02 21:25:59,268 - INFO - 步骤 1: 添加边 ('00521874', '08268321', '_derivationally_related_form'), 相似度提升: 0.7035 (当前: 0.9508)
2025-07-02 21:25:59,457 - INFO - 步骤 2: 添加边 ('08268085', '08267640', '_hypernym'), 相似度提升: 0.0345 (当前: 0.9330)
2025-07-02 21:25:59,544 - WARNING - 未提供target_motif，motif剪枝将被跳过
2025-07-02 21:25:59,547 - INFO - 规则前提大小: None, 最大扩展步数: 2
2025-07-02 21:25:59,668 - INFO - 步骤 1: 添加边 ('08589351', '08589801', '_hypernym'), 相似度提升: 0.7901 (当前: 0.9560)
2025-07-02 21:25:59,849 - INFO - 步骤 2: 添加边 ('08590172', '08589801', '_hypernym'), 相似度提升: 0.0374 (当前: 0.9826)
2025-07-02 21:25:59,944 - WARNING - 未提供target_motif，motif剪枝将被跳过
2025-07-02 21:25:59,946 - INFO - 规则前提大小: None, 最大扩展步数: 2
2025-07-02 21:26:00,403 - INFO - 步骤 1: 添加边 ('05586446', '05269901', '_has_part'), 相似度提升: 0.7163 (当前: 0.9764)
2025-07-02 21:26:00,694 - INFO - 步骤 2: 添加边 ('05269901', '05471629', '_has_part'), 相似度提升: 0.0316 (当前: 0.9757)
2025-07-02 21:26:00,732 - WARNING - 未提供target_motif，motif剪枝将被跳过
2025-07-02 21:26:00,733 - INFO - 规则前提大小: None, 最大扩展步数: 2
2025-07-02 21:26:00,894 - INFO - 步骤 1: 添加边 ('05543177', '05595083', '_hypernym'), 相似度提升: 0.6904 (当前: 0.9502)
2025-07-02 21:26:01,034 - INFO - 步骤 2: 添加边 ('05597188', '05543177', '_hypernym'), 相似度提升: 0.0945 (当前: 0.9605)
2025-07-02 21:26:01,080 - WARNING - 未提供target_motif，motif剪枝将被跳过
2025-07-02 21:26:01,080 - INFO - 规则前提大小: None, 最大扩展步数: 2
2025-07-02 21:26:01,725 - INFO - 步骤 1: 添加边 ('05549830', '05552607', '_has_part'), 相似度提升: 0.7861 (当前: 0.9810)
2025-07-02 21:26:02,111 - INFO - 步骤 2: 添加边 ('05552607', '05553049', '_has_part'), 相似度提升: 0.0649 (当前: 0.9477)
2025-07-02 21:26:02,159 - WARNING - 未提供target_motif，motif剪枝将被跳过
2025-07-02 21:26:02,160 - INFO - 规则前提大小: None, 最大扩展步数: 2
2025-07-02 21:26:02,434 - INFO - 步骤 1: 添加边 ('01422594', '08103777', '_hypernym'), 相似度提升: 0.7573 (当前: 0.9911)
2025-07-02 21:26:02,689 - INFO - 步骤 2: 相似度提升不足 (0.0038), 停止扩展
2025-07-02 21:26:02,727 - WARNING - 未提供target_motif，motif剪枝将被跳过
2025-07-02 21:26:02,730 - INFO - 规则前提大小: None, 最大扩展步数: 2
2025-07-02 21:26:02,871 - INFO - 步骤 1: 添加边 ('09439433', '09270894', '_member_meronym'), 相似度提升: 0.6944 (当前: 0.9693)
2025-07-02 21:26:03,064 - INFO - 步骤 2: 添加边 ('09322454', '09381480', '_instance_hypernym'), 相似度提升: 0.0181 (当前: 0.9616)
2025-07-02 21:26:03,104 - WARNING - 未提供target_motif，motif剪枝将被跳过
2025-07-02 21:26:03,105 - INFO - 规则前提大小: None, 最大扩展步数: 2
2025-07-02 21:26:03,176 - INFO - 步骤 1: 添加边 ('08356903', '08441203', '_synset_domain_topic_of'), 相似度提升: 0.6708 (当前: 0.9016)
2025-07-02 21:26:03,560 - INFO - 步骤 2: 添加边 ('08441203', '07951464', '_hypernym'), 相似度提升: 0.0581 (当前: 0.9266)
2025-07-02 21:26:03,601 - WARNING - 未提供target_motif，motif剪枝将被跳过
2025-07-02 21:26:03,602 - INFO - 规则前提大小: None, 最大扩展步数: 2
2025-07-02 21:26:03,703 - INFO - 步骤 1: 添加边 ('09439433', '09322454', '_member_meronym'), 相似度提升: 0.6638 (当前: 0.9408)
2025-07-02 21:26:03,855 - INFO - 步骤 2: 相似度提升不足 (-0.0017), 停止扩展
2025-07-02 21:26:03,896 - WARNING - 未提供target_motif，motif剪枝将被跳过
2025-07-02 21:26:03,897 - INFO - 规则前提大小: None, 最大扩展步数: 2
2025-07-02 21:26:03,926 - INFO - 步骤 1: 添加边 ('09533048', '15253139', '_synset_domain_topic_of'), 相似度提升: 0.6406 (当前: 0.8885)
2025-07-02 21:26:04,148 - INFO - 步骤 2: 添加边 ('10728828', '15253139', '_synset_domain_topic_of'), 相似度提升: 0.0331 (当前: 0.9821)
2025-07-02 21:26:04,185 - WARNING - 未提供target_motif，motif剪枝将被跳过
2025-07-02 21:26:04,186 - INFO - 规则前提大小: None, 最大扩展步数: 2
2025-07-02 21:26:04,248 - INFO - 步骤 1: 添加边 ('11051070', '10650162', '_instance_hypernym'), 相似度提升: 0.6717 (当前: 0.9253)
2025-07-02 21:26:04,490 - INFO - 步骤 2: 添加边 ('04890865', '10650162', '_derivationally_related_form'), 相似度提升: 0.0543 (当前: 0.9619)
2025-07-02 21:26:04,543 - WARNING - 未提供target_motif，motif剪枝将被跳过
2025-07-02 21:26:04,543 - INFO - 规则前提大小: None, 最大扩展步数: 2
2025-07-02 21:26:04,754 - INFO - 步骤 1: 添加边 ('01342529', '08106934', '_hypernym'), 相似度提升: 0.7864 (当前: 0.9476)
2025-07-02 21:26:05,032 - INFO - 步骤 2: 添加边 ('01708778', '01342529', '_hypernym'), 相似度提升: 0.0710 (当前: 0.9462)
2025-07-02 21:26:05,090 - WARNING - 未提供target_motif，motif剪枝将被跳过
2025-07-02 21:26:05,094 - INFO - 规则前提大小: None, 最大扩展步数: 2
2025-07-02 21:26:05,209 - INFO - 步骤 1: 添加边 ('09439433', '09355623', '_member_meronym'), 相似度提升: 0.7540 (当前: 0.9832)
2025-07-02 21:26:05,345 - INFO - 步骤 2: 添加边 ('09381480', '06095022', '_synset_domain_topic_of'), 相似度提升: 0.0751 (当前: 0.9848)
2025-07-02 21:26:05,379 - WARNING - 未提供target_motif，motif剪枝将被跳过
2025-07-02 21:26:05,380 - INFO - 规则前提大小: None, 最大扩展步数: 2
2025-07-02 21:26:05,508 - INFO - 步骤 1: 添加边 ('08335886', '08441203', '_synset_domain_topic_of'), 相似度提升: 0.7139 (当前: 0.9575)
2025-07-02 21:26:05,961 - INFO - 步骤 2: 相似度提升不足 (-0.0068), 停止扩展
2025-07-02 21:26:06,029 - WARNING - 未提供target_motif，motif剪枝将被跳过
2025-07-02 21:26:06,031 - INFO - 规则前提大小: None, 最大扩展步数: 2
2025-07-02 21:26:06,140 - INFO - 步骤 1: 添加边 ('09381480', '09394007', '_hypernym'), 相似度提升: 0.6645 (当前: 0.9509)
2025-07-02 21:26:06,279 - INFO - 步骤 2: 添加边 ('09394007', '09239740', '_hypernym'), 相似度提升: 0.0618 (当前: 0.9613)
2025-07-02 21:26:06,318 - WARNING - 未提供target_motif，motif剪枝将被跳过
2025-07-02 21:26:06,320 - INFO - 规则前提大小: None, 最大扩展步数: 2
2025-07-02 21:26:06,352 - INFO - 步骤 1: 添加边 ('09533048', '15253139', '_synset_domain_topic_of'), 相似度提升: 0.6468 (当前: 0.9189)
2025-07-02 21:26:06,600 - INFO - 步骤 2: 添加边 ('02921325', '15253139', '_synset_domain_topic_of'), 相似度提升: 0.0411 (当前: 0.9444)
2025-07-02 21:26:06,647 - WARNING - 未提供target_motif，motif剪枝将被跳过
2025-07-02 21:26:06,648 - INFO - 规则前提大小: None, 最大扩展步数: 2
2025-07-02 21:26:06,704 - INFO - 步骤 1: 添加边 ('11051070', '10650162', '_instance_hypernym'), 相似度提升: 0.7152 (当前: 0.9645)
2025-07-02 21:26:06,929 - INFO - 步骤 2: 添加边 ('10812047', '10650162', '_instance_hypernym'), 相似度提升: 0.0112 (当前: 0.9695)
2025-07-02 21:26:06,966 - WARNING - 未提供target_motif，motif剪枝将被跳过
2025-07-02 21:26:06,966 - INFO - 规则前提大小: None, 最大扩展步数: 2
2025-07-02 21:26:07,016 - INFO - 步骤 1: 添加边 ('08268321', '00521874', '_derivationally_related_form'), 相似度提升: 0.7552 (当前: 0.9390)
2025-07-02 21:26:07,100 - INFO - 步骤 2: 添加边 ('00521874', '08268321', '_derivationally_related_form'), 相似度提升: 0.0407 (当前: 0.9367)
2025-07-02 21:26:07,138 - WARNING - 未提供target_motif，motif剪枝将被跳过
2025-07-02 21:26:07,139 - INFO - 规则前提大小: None, 最大扩展步数: 2
2025-07-02 21:26:07,263 - INFO - 步骤 1: 添加边 ('08589351', '06118563', '_synset_domain_topic_of'), 相似度提升: 0.7461 (当前: 0.9574)
2025-07-02 21:26:07,430 - INFO - 步骤 2: 相似度提升不足 (-0.0019), 停止扩展
2025-07-02 21:26:07,467 - WARNING - 未提供target_motif，motif剪枝将被跳过
2025-07-02 21:26:07,467 - INFO - 规则前提大小: None, 最大扩展步数: 2
2025-07-02 21:26:07,683 - INFO - 步骤 1: 添加边 ('05586446', '01471682', '_synset_domain_topic_of'), 相似度提升: 0.7870 (当前: 0.9687)
2025-07-02 21:26:07,920 - INFO - 步骤 2: 添加边 ('01471682', '02157557', '_has_part'), 相似度提升: 0.0462 (当前: 0.9716)
2025-07-02 21:26:07,966 - WARNING - 未提供target_motif，motif剪枝将被跳过
2025-07-02 21:26:07,966 - INFO - 规则前提大小: None, 最大扩展步数: 2
2025-07-02 21:26:08,263 - INFO - 步骤 1: 添加边 ('12975608', '08103777', '_hypernym'), 相似度提升: 0.5773 (当前: 0.9277)
2025-07-02 21:26:08,485 - INFO - 步骤 2: 添加边 ('08106934', '08107499', '_member_meronym'), 相似度提升: 0.0858 (当前: 0.9106)
2025-07-02 21:26:08,545 - WARNING - 未提供target_motif，motif剪枝将被跳过
2025-07-02 21:26:08,547 - INFO - 规则前提大小: None, 最大扩展步数: 2
2025-07-02 21:26:08,684 - INFO - 步骤 1: 添加边 ('08501565', '09439433', '_has_part'), 相似度提升: 0.7745 (当前: 0.9812)
2025-07-02 21:26:08,844 - INFO - 步骤 2: 添加边 ('09381480', '09394007', '_hypernym'), 相似度提升: 0.0706 (当前: 0.9885)
2025-07-02 21:26:08,884 - WARNING - 未提供target_motif，motif剪枝将被跳过
2025-07-02 21:26:08,885 - INFO - 规则前提大小: None, 最大扩展步数: 2
2025-07-02 21:26:08,977 - INFO - 步骤 1: 添加边 ('09439433', '09322454', '_member_meronym'), 相似度提升: 0.7199 (当前: 0.9443)
2025-07-02 21:26:09,119 - INFO - 步骤 2: 添加边 ('09381480', '06095022', '_synset_domain_topic_of'), 相似度提升: 0.1078 (当前: 0.9577)
2025-07-02 21:26:09,159 - WARNING - 未提供target_motif，motif剪枝将被跳过
2025-07-02 21:26:09,160 - INFO - 规则前提大小: None, 最大扩展步数: 2
2025-07-02 21:26:09,182 - INFO - 步骤 1: 添加边 ('09533048', '15253139', '_synset_domain_topic_of'), 相似度提升: 0.6618 (当前: 0.9369)
2025-07-02 21:26:09,394 - INFO - 步骤 2: 添加边 ('09552681', '15253139', '_synset_domain_topic_of'), 相似度提升: 0.0693 (当前: 0.9530)
2025-07-02 21:26:09,433 - WARNING - 未提供target_motif，motif剪枝将被跳过
2025-07-02 21:26:09,433 - INFO - 规则前提大小: None, 最大扩展步数: 2
2025-07-02 21:26:09,485 - INFO - 步骤 1: 添加边 ('00521874', '08268321', '_derivationally_related_form'), 相似度提升: 0.7199 (当前: 0.9686)
2025-07-02 21:26:09,566 - INFO - 步骤 2: 相似度提升不足 (0.0034), 停止扩展
2025-07-02 21:26:09,600 - WARNING - 未提供target_motif，motif剪枝将被跳过
2025-07-02 21:26:09,601 - INFO - 规则前提大小: None, 最大扩展步数: 2
2025-07-02 21:26:09,670 - INFO - 步骤 1: 添加边 ('08589351', '06118563', '_synset_domain_topic_of'), 相似度提升: 0.7406 (当前: 0.9647)
2025-07-02 21:26:09,857 - INFO - 步骤 2: 添加边 ('13452750', '06118563', '_synset_domain_topic_of'), 相似度提升: 0.0615 (当前: 0.9717)
