2025-07-09 09:02:54,056 - INFO - 成功加载预训练embedding
2025-07-09 09:02:54,128 - WARNING - 加载训练模型失败: No module named 'simple_train'
2025-07-09 09:02:54,130 - INFO - StructMatch系统初始化完成（集成语义增强）
2025-07-09 09:02:54,130 - INFO - 开始加载数据...
2025-07-09 09:02:55,272 - INFO - 成功加载知识图谱: 40559个实体, 11种关系, 86835个三元组
2025-07-09 09:02:55,273 - INFO - 成功加载2条规则
2025-07-09 09:02:55,273 - INFO - 数据加载完成
2025-07-09 09:02:55,432 - INFO - 开始批量匹配，共100个anchor，规则ID: rule_001
2025-07-09 09:02:55,433 - INFO - 规则关系类型: {'_synset_domain_topic_of', '_also_see'}
2025-07-09 09:02:55,434 - INFO - 原始anchor数量: 100
2025-07-09 09:02:55,434 - INFO - 优先关系anchor: 9, 其他关系anchor: 50
2025-07-09 09:02:55,434 - INFO - 筛选后总anchor数量: 59
2025-07-09 09:02:55,435 - INFO - 智能筛选后，保留59个相关anchor
2025-07-09 09:02:55,436 - INFO - 处理第1/59个anchor
2025-07-09 09:02:55,436 - INFO - 开始处理anchor: ('00260881', '_synset_domain_topic_of', '01124794')
2025-07-09 09:02:55,466 - INFO - 最大扩展步数: 2
2025-07-09 09:02:55,609 - INFO - 步骤 1: 添加边 ('02442205', '01124794', '_derivationally_related_form'), 相似度提升: 0.1491
2025-07-09 09:02:55,741 - INFO - 步骤 2: 添加边 ('01070708', '01124794', '_synset_domain_topic_of'), 相似度提升: 0.0968
2025-07-09 09:02:55,761 - INFO - 匹配成功: True
2025-07-09 09:02:55,762 - INFO - 匹配得分: 0.9433
2025-07-09 09:02:55,762 - INFO - 扩展子图节点: ['00260881', '01124794', '02442205', '01070708']
2025-07-09 09:02:55,762 - INFO - 扩展子图边: [('00260881', '01124794', {'relation': '_synset_domain_topic_of'}), ('02442205', '01124794', {'relation': '_derivationally_related_form'}), ('01070708', '01124794', {'relation': '_synset_domain_topic_of'})]
2025-07-09 09:02:55,762 - INFO - 处理第2/59个anchor
2025-07-09 09:02:55,762 - INFO - 开始处理anchor: ('02636811', '_synset_domain_topic_of', '06083243')
2025-07-09 09:02:55,771 - INFO - 最大扩展步数: 2
2025-07-09 09:02:55,903 - INFO - 步骤 1: 添加边 ('02615079', '06083243', '_synset_domain_topic_of'), 相似度提升: 0.0462
2025-07-09 09:02:56,027 - INFO - 步骤 2: 添加边 ('01772222', '02636811', '_derivationally_related_form'), 相似度提升: 0.0697
2025-07-09 09:02:56,040 - INFO - 匹配成功: True
2025-07-09 09:02:56,040 - INFO - 匹配得分: 0.9592
2025-07-09 09:02:56,041 - INFO - 扩展子图节点: ['02636811', '06083243', '02615079', '01772222']
2025-07-09 09:02:56,041 - INFO - 扩展子图边: [('02636811', '06083243', {'relation': '_synset_domain_topic_of'}), ('02615079', '06083243', {'relation': '_synset_domain_topic_of'}), ('01772222', '02636811', {'relation': '_derivationally_related_form'})]
2025-07-09 09:02:56,041 - INFO - 处理第3/59个anchor
2025-07-09 09:02:56,042 - INFO - 开始处理anchor: ('01974062', '_also_see', '01976089')
2025-07-09 09:02:56,051 - INFO - 最大扩展步数: 2
2025-07-09 09:02:56,311 - INFO - 步骤 1: 添加边 ('01455639', '01974062', '_hypernym'), 相似度提升: 0.0611
2025-07-09 09:02:56,690 - INFO - 步骤 2: 添加边 ('01976089', '01974062', '_hypernym'), 相似度提升: 0.0522
2025-07-09 09:02:56,699 - INFO - 匹配成功: True
2025-07-09 09:02:56,700 - INFO - 匹配得分: 0.9382
2025-07-09 09:02:56,700 - INFO - 扩展子图节点: ['01974062', '01976089', '01455639']
2025-07-09 09:02:56,700 - INFO - 扩展子图边: [('01974062', '01976089', {'relation': '_also_see'}), ('01976089', '01974062', {'relation': '_hypernym'}), ('01455639', '01974062', {'relation': '_hypernym'})]
2025-07-09 09:02:56,700 - INFO - 处理第4/59个anchor
2025-07-09 09:02:56,700 - INFO - 开始处理anchor: ('00057306', '_synset_domain_topic_of', '08199025')
2025-07-09 09:02:56,707 - INFO - 最大扩展步数: 2
2025-07-09 09:02:57,192 - INFO - 步骤 1: 添加边 ('00331531', '08199025', '_synset_domain_topic_of'), 相似度提升: 0.0195
2025-07-09 09:02:57,592 - INFO - 步骤 2: 添加边 ('08426816', '08199025', '_synset_domain_topic_of'), 相似度提升: 0.0023
2025-07-09 09:02:57,598 - INFO - 匹配成功: True
2025-07-09 09:02:57,598 - INFO - 匹配得分: 0.9306
2025-07-09 09:02:57,599 - INFO - 扩展子图节点: ['00057306', '08199025', '00331531', '08426816']
2025-07-09 09:02:57,599 - INFO - 扩展子图边: [('00057306', '08199025', {'relation': '_synset_domain_topic_of'}), ('00331531', '08199025', {'relation': '_synset_domain_topic_of'}), ('08426816', '08199025', {'relation': '_synset_domain_topic_of'})]
2025-07-09 09:02:57,600 - INFO - 处理第5/59个anchor
2025-07-09 09:02:57,600 - INFO - 开始处理anchor: ('00056912', '_synset_domain_topic_of', '08199025')
2025-07-09 09:02:57,606 - INFO - 最大扩展步数: 2
2025-07-09 09:02:57,997 - INFO - 步骤 1: 添加边 ('07986381', '08199025', '_synset_domain_topic_of'), 相似度提升: 0.1163
2025-07-09 09:02:58,409 - INFO - 步骤 2: 添加边 ('02739889', '08199025', '_synset_domain_topic_of'), 相似度提升: 0.0499
2025-07-09 09:02:58,416 - INFO - 匹配成功: True
2025-07-09 09:02:58,416 - INFO - 匹配得分: 0.9738
2025-07-09 09:02:58,417 - INFO - 扩展子图节点: ['00056912', '08199025', '07986381', '02739889']
2025-07-09 09:02:58,417 - INFO - 扩展子图边: [('00056912', '08199025', {'relation': '_synset_domain_topic_of'}), ('07986381', '08199025', {'relation': '_synset_domain_topic_of'}), ('02739889', '08199025', {'relation': '_synset_domain_topic_of'})]
2025-07-09 09:02:58,418 - INFO - 处理第6/59个anchor
2025-07-09 09:02:58,418 - INFO - 开始处理anchor: ('10341660', '_synset_domain_topic_of', '06037666')
2025-07-09 09:02:58,424 - INFO - 最大扩展步数: 2
2025-07-09 09:02:58,739 - INFO - 步骤 1: 添加边 ('06142598', '06037666', '_synset_domain_topic_of'), 相似度提升: 0.0889
2025-07-09 09:02:59,050 - INFO - 步骤 2: 添加边 ('08103299', '06037666', '_synset_domain_topic_of'), 相似度提升: 0.0643
2025-07-09 09:02:59,060 - INFO - 匹配成功: True
2025-07-09 09:02:59,060 - INFO - 匹配得分: 0.9293
2025-07-09 09:02:59,060 - INFO - 扩展子图节点: ['10341660', '06037666', '06142598', '08103299']
2025-07-09 09:02:59,061 - INFO - 扩展子图边: [('10341660', '06037666', {'relation': '_synset_domain_topic_of'}), ('06142598', '06037666', {'relation': '_synset_domain_topic_of'}), ('08103299', '06037666', {'relation': '_synset_domain_topic_of'})]
2025-07-09 09:02:59,061 - INFO - 处理第7/59个anchor
2025-07-09 09:02:59,061 - INFO - 开始处理anchor: ('01698271', '_also_see', '01754576')
2025-07-09 09:02:59,067 - INFO - 最大扩展步数: 2
2025-07-09 09:02:59,189 - INFO - 步骤 1: 添加边 ('01754576', '00929718', '_synset_domain_topic_of'), 相似度提升: 0.0814
2025-07-09 09:02:59,402 - INFO - 步骤 2: 添加边 ('01699172', '00929718', '_synset_domain_topic_of'), 相似度提升: 0.0577
2025-07-09 09:02:59,410 - INFO - 匹配成功: True
2025-07-09 09:02:59,410 - INFO - 匹配得分: 0.9426
2025-07-09 09:02:59,411 - INFO - 扩展子图节点: ['01698271', '01754576', '00929718', '01699172']
2025-07-09 09:02:59,411 - INFO - 扩展子图边: [('01698271', '01754576', {'relation': '_also_see'}), ('01754576', '00929718', {'relation': '_synset_domain_topic_of'}), ('01699172', '00929718', {'relation': '_synset_domain_topic_of'})]
2025-07-09 09:02:59,411 - INFO - 处理第8/59个anchor
2025-07-09 09:02:59,411 - INFO - 开始处理anchor: ('01698271', '_synset_domain_topic_of', '00929718')
2025-07-09 09:02:59,418 - INFO - 最大扩展步数: 2
2025-07-09 09:02:59,628 - INFO - 步骤 1: 添加边 ('01700655', '01698271', '_hypernym'), 相似度提升: 0.0644
2025-07-09 09:02:59,868 - INFO - 步骤 2: 添加边 ('00929718', '10794014', '_derivationally_related_form'), 相似度提升: 0.0079
2025-07-09 09:02:59,875 - INFO - 匹配成功: True
2025-07-09 09:02:59,875 - INFO - 匹配得分: 0.9343
2025-07-09 09:02:59,876 - INFO - 扩展子图节点: ['01698271', '00929718', '01700655', '10794014']
2025-07-09 09:02:59,876 - INFO - 扩展子图边: [('01698271', '00929718', {'relation': '_synset_domain_topic_of'}), ('00929718', '10794014', {'relation': '_derivationally_related_form'}), ('01700655', '01698271', {'relation': '_hypernym'})]
2025-07-09 09:02:59,876 - INFO - 处理第9/59个anchor
2025-07-09 09:02:59,877 - INFO - 开始处理anchor: ('01754576', '_synset_domain_topic_of', '00929718')
2025-07-09 09:02:59,883 - INFO - 最大扩展步数: 2
2025-07-09 09:03:00,000 - INFO - 步骤 1: 添加边 ('01701634', '00929718', '_synset_domain_topic_of'), 相似度提升: 0.0783
2025-07-09 09:03:00,141 - INFO - 步骤 2: 添加边 ('00931721', '00929718', '_hypernym'), 相似度提升: 0.0433
2025-07-09 09:03:00,147 - INFO - 匹配成功: True
2025-07-09 09:03:00,147 - INFO - 匹配得分: 0.9141
2025-07-09 09:03:00,148 - INFO - 扩展子图节点: ['01754576', '00929718', '01701634', '00931721']
2025-07-09 09:03:00,149 - INFO - 扩展子图边: [('01754576', '00929718', {'relation': '_synset_domain_topic_of'}), ('01701634', '00929718', {'relation': '_synset_domain_topic_of'}), ('00931721', '00929718', {'relation': '_hypernym'})]
2025-07-09 09:03:00,149 - INFO - 处理第10/59个anchor
2025-07-09 09:03:00,150 - INFO - 开始处理anchor: ('00260881', '_hypernym', '00260622')
2025-07-09 09:03:00,155 - INFO - 最大扩展步数: 2
2025-07-09 09:03:00,185 - INFO - 步骤 1: 添加边 ('00260881', '01124794', '_synset_domain_topic_of'), 相似度提升: 0.0095
2025-07-09 09:03:00,294 - INFO - 步骤 2: 添加边 ('00260622', '00265386', '_derivationally_related_form'), 相似度提升: 0.0317
2025-07-09 09:03:00,301 - INFO - 匹配成功: True
2025-07-09 09:03:00,302 - INFO - 匹配得分: 0.9681
2025-07-09 09:03:00,302 - INFO - 扩展子图节点: ['00260881', '00260622', '01124794', '00265386']
2025-07-09 09:03:00,303 - INFO - 扩展子图边: [('00260881', '00260622', {'relation': '_hypernym'}), ('00260881', '01124794', {'relation': '_synset_domain_topic_of'}), ('00260622', '00265386', {'relation': '_derivationally_related_form'})]
2025-07-09 09:03:00,303 - INFO - 处理第11/59个anchor
2025-07-09 09:03:00,304 - INFO - 开始处理anchor: ('00260622', '_derivationally_related_form', '00265386')
2025-07-09 09:03:00,309 - INFO - 最大扩展步数: 2
2025-07-09 09:03:00,359 - INFO - 步骤 1: 添加边 ('00800940', '00265386', '_derivationally_related_form'), 相似度提升: 0.0529
2025-07-09 09:03:00,412 - INFO - 步骤 2: 添加边 ('00265386', '10515194', '_derivationally_related_form'), 相似度提升: 0.0285
2025-07-09 09:03:00,420 - INFO - 匹配成功: True
2025-07-09 09:03:00,421 - INFO - 匹配得分: 0.9408
2025-07-09 09:03:00,421 - INFO - 扩展子图节点: ['00260622', '00265386', '00800940', '10515194']
2025-07-09 09:03:00,421 - INFO - 扩展子图边: [('00260622', '00265386', {'relation': '_derivationally_related_form'}), ('00265386', '10515194', {'relation': '_derivationally_related_form'}), ('00800940', '00265386', {'relation': '_derivationally_related_form'})]
2025-07-09 09:03:00,422 - INFO - 处理第12/59个anchor
2025-07-09 09:03:00,422 - INFO - 开始处理anchor: ('00260622', '_hypernym', '00248977')
2025-07-09 09:03:00,428 - INFO - 最大扩展步数: 2
2025-07-09 09:03:00,511 - INFO - 步骤 1: 添加边 ('00265119', '00248977', '_hypernym'), 相似度提升: 0.0289
2025-07-09 09:03:00,607 - INFO - 步骤 2: 添加边 ('00266806', '00248977', '_hypernym'), 相似度提升: 0.0413
2025-07-09 09:03:00,613 - INFO - 匹配成功: True
2025-07-09 09:03:00,613 - INFO - 匹配得分: 0.9402
2025-07-09 09:03:00,614 - INFO - 扩展子图节点: ['00260622', '00248977', '00265119', '00266806']
2025-07-09 09:03:00,614 - INFO - 扩展子图边: [('00260622', '00248977', {'relation': '_hypernym'}), ('00265119', '00248977', {'relation': '_hypernym'}), ('00266806', '00248977', {'relation': '_hypernym'})]
2025-07-09 09:03:00,615 - INFO - 处理第13/59个anchor
2025-07-09 09:03:00,615 - INFO - 开始处理anchor: ('00260622', '_derivationally_related_form', '00265673')
2025-07-09 09:03:00,622 - INFO - 最大扩展步数: 2
2025-07-09 09:03:00,661 - INFO - 步骤 1: 添加边 ('00265673', '10515194', '_derivationally_related_form'), 相似度提升: 0.1097
2025-07-09 09:03:00,816 - INFO - 步骤 2: 添加边 ('05967097', '10515194', '_derivationally_related_form'), 相似度提升: 0.0017
2025-07-09 09:03:00,825 - INFO - 匹配成功: True
2025-07-09 09:03:00,826 - INFO - 匹配得分: 0.8872
2025-07-09 09:03:00,826 - INFO - 扩展子图节点: ['00260622', '00265673', '10515194', '05967097']
2025-07-09 09:03:00,826 - INFO - 扩展子图边: [('00260622', '00265673', {'relation': '_derivationally_related_form'}), ('00265673', '10515194', {'relation': '_derivationally_related_form'}), ('05967097', '10515194', {'relation': '_derivationally_related_form'})]
2025-07-09 09:03:00,826 - INFO - 处理第14/59个anchor
2025-07-09 09:03:00,826 - INFO - 开始处理anchor: ('01332730', '_derivationally_related_form', '03122748')
2025-07-09 09:03:00,832 - INFO - 最大扩展步数: 2
2025-07-09 09:03:01,035 - INFO - 步骤 1: 添加边 ('03376279', '03122748', '_hypernym'), 相似度提升: 0.0187
2025-07-09 09:03:01,318 - INFO - 步骤 2: 添加边 ('03561657', '03122748', '_hypernym'), 相似度提升: 0.0730
2025-07-09 09:03:01,325 - INFO - 匹配成功: True
2025-07-09 09:03:01,325 - INFO - 匹配得分: 0.9377
2025-07-09 09:03:01,326 - INFO - 扩展子图节点: ['01332730', '03122748', '03376279', '03561657']
2025-07-09 09:03:01,326 - INFO - 扩展子图边: [('01332730', '03122748', {'relation': '_derivationally_related_form'}), ('03376279', '03122748', {'relation': '_hypernym'}), ('03561657', '03122748', {'relation': '_hypernym'})]
2025-07-09 09:03:01,326 - INFO - 处理第15/59个anchor
2025-07-09 09:03:01,326 - INFO - 开始处理anchor: ('01332730', '_derivationally_related_form', '02840619')
2025-07-09 09:03:01,334 - INFO - 最大扩展步数: 2
2025-07-09 09:03:01,569 - INFO - 步骤 1: 添加边 ('01233387', '01332730', '_hypernym'), 相似度提升: 0.0351
2025-07-09 09:03:01,829 - INFO - 步骤 2: 添加边 ('02840619', '00185857', '_derivationally_related_form'), 相似度提升: 0.0543
2025-07-09 09:03:01,841 - INFO - 匹配成功: True
2025-07-09 09:03:01,841 - INFO - 匹配得分: 0.9214
2025-07-09 09:03:01,841 - INFO - 扩展子图节点: ['01332730', '02840619', '01233387', '00185857']
2025-07-09 09:03:01,842 - INFO - 扩展子图边: [('01332730', '02840619', {'relation': '_derivationally_related_form'}), ('02840619', '00185857', {'relation': '_derivationally_related_form'}), ('01233387', '01332730', {'relation': '_hypernym'})]
2025-07-09 09:03:01,842 - INFO - 处理第16/59个anchor
2025-07-09 09:03:01,842 - INFO - 开始处理anchor: ('01332730', '_verb_group', '01336635')
2025-07-09 09:03:01,847 - INFO - 最大扩展步数: 2
2025-07-09 09:03:02,025 - INFO - 步骤 1: 相似度提升不足 (-0.0030), 停止扩展
2025-07-09 09:03:02,031 - INFO - 匹配成功: True
2025-07-09 09:03:02,032 - INFO - 匹配得分: 0.9107
2025-07-09 09:03:02,032 - INFO - 扩展子图节点: ['01332730', '01336635']
2025-07-09 09:03:02,032 - INFO - 扩展子图边: [('01332730', '01336635', {'relation': '_verb_group'})]
2025-07-09 09:03:02,033 - INFO - 处理第17/59个anchor
2025-07-09 09:03:02,033 - INFO - 开始处理anchor: ('01332730', '_verb_group', '01207951')
2025-07-09 09:03:02,038 - INFO - 最大扩展步数: 2
2025-07-09 09:03:02,229 - INFO - 步骤 1: 添加边 ('01270784', '01332730', '_hypernym'), 相似度提升: 0.0834
2025-07-09 09:03:02,411 - INFO - 步骤 2: 添加边 ('01270784', '03673767', '_derivationally_related_form'), 相似度提升: 0.0339
2025-07-09 09:03:02,419 - INFO - 匹配成功: True
2025-07-09 09:03:02,420 - INFO - 匹配得分: 0.9540
2025-07-09 09:03:02,420 - INFO - 扩展子图节点: ['01332730', '01207951', '01270784', '03673767']
2025-07-09 09:03:02,420 - INFO - 扩展子图边: [('01332730', '01207951', {'relation': '_verb_group'}), ('01270784', '01332730', {'relation': '_hypernym'}), ('01270784', '03673767', {'relation': '_derivationally_related_form'})]
2025-07-09 09:03:02,421 - INFO - 处理第18/59个anchor
2025-07-09 09:03:02,421 - INFO - 开始处理anchor: ('01332730', '_derivationally_related_form', '04151940')
2025-07-09 09:03:02,426 - INFO - 最大扩展步数: 2
2025-07-09 09:03:02,601 - INFO - 步骤 1: 添加边 ('01268112', '01332730', '_hypernym'), 相似度提升: 0.0808
2025-07-09 09:03:02,804 - INFO - 步骤 2: 添加边 ('01268112', '10397001', '_derivationally_related_form'), 相似度提升: 0.0432
2025-07-09 09:03:02,811 - INFO - 匹配成功: True
2025-07-09 09:03:02,811 - INFO - 匹配得分: 0.9287
2025-07-09 09:03:02,811 - INFO - 扩展子图节点: ['01332730', '04151940', '01268112', '10397001']
2025-07-09 09:03:02,812 - INFO - 扩展子图边: [('01332730', '04151940', {'relation': '_derivationally_related_form'}), ('01268112', '01332730', {'relation': '_hypernym'}), ('01268112', '10397001', {'relation': '_derivationally_related_form'})]
2025-07-09 09:03:02,812 - INFO - 处理第19/59个anchor
2025-07-09 09:03:02,812 - INFO - 开始处理anchor: ('03122748', '_derivationally_related_form', '01332730')
2025-07-09 09:03:02,820 - INFO - 最大扩展步数: 2
2025-07-09 09:03:03,024 - INFO - 步骤 1: 添加边 ('04151940', '03122748', '_hypernym'), 相似度提升: 0.0749
2025-07-09 09:03:03,268 - INFO - 步骤 2: 添加边 ('01271189', '01332730', '_hypernym'), 相似度提升: 0.0596
2025-07-09 09:03:03,276 - INFO - 匹配成功: True
2025-07-09 09:03:03,276 - INFO - 匹配得分: 0.9420
2025-07-09 09:03:03,276 - INFO - 扩展子图节点: ['03122748', '01332730', '04151940', '01271189']
2025-07-09 09:03:03,276 - INFO - 扩展子图边: [('03122748', '01332730', {'relation': '_derivationally_related_form'}), ('04151940', '03122748', {'relation': '_hypernym'}), ('01271189', '01332730', {'relation': '_hypernym'})]
2025-07-09 09:03:03,276 - INFO - 处理第20/59个anchor
2025-07-09 09:03:03,277 - INFO - 开始处理anchor: ('03122748', '_hypernym', '00021939')
2025-07-09 09:03:03,282 - INFO - 最大扩展步数: 2
2025-07-09 09:03:03,486 - INFO - 步骤 1: 添加边 ('03730893', '03122748', '_hypernym'), 相似度提升: 0.0228
2025-07-09 09:03:03,700 - INFO - 步骤 2: 添加边 ('02701393', '00021939', '_hypernym'), 相似度提升: 0.0470
2025-07-09 09:03:03,707 - INFO - 匹配成功: True
2025-07-09 09:03:03,708 - INFO - 匹配得分: 0.8925
2025-07-09 09:03:03,708 - INFO - 扩展子图节点: ['03122748', '00021939', '03730893', '02701393']
2025-07-09 09:03:03,708 - INFO - 扩展子图边: [('03122748', '00021939', {'relation': '_hypernym'}), ('03730893', '03122748', {'relation': '_hypernym'}), ('02701393', '00021939', {'relation': '_hypernym'})]
2025-07-09 09:03:03,709 - INFO - 处理第21/59个anchor
2025-07-09 09:03:03,709 - INFO - 开始处理anchor: ('06066555', '_derivationally_related_form', '00645415')
2025-07-09 09:03:03,714 - INFO - 最大扩展步数: 2
2025-07-09 09:03:03,865 - INFO - 步骤 1: 添加边 ('11677259', '06066555', '_synset_domain_topic_of'), 相似度提升: 0.0461
2025-07-09 09:03:04,017 - INFO - 步骤 2: 添加边 ('02937720', '06066555', '_synset_domain_topic_of'), 相似度提升: 0.0966
2025-07-09 09:03:04,025 - INFO - 匹配成功: True
2025-07-09 09:03:04,025 - INFO - 匹配得分: 0.9521
2025-07-09 09:03:04,025 - INFO - 扩展子图节点: ['06066555', '00645415', '11677259', '02937720']
2025-07-09 09:03:04,025 - INFO - 扩展子图边: [('06066555', '00645415', {'relation': '_derivationally_related_form'}), ('11677259', '06066555', {'relation': '_synset_domain_topic_of'}), ('02937720', '06066555', {'relation': '_synset_domain_topic_of'})]
2025-07-09 09:03:04,026 - INFO - 处理第22/59个anchor
2025-07-09 09:03:04,026 - INFO - 开始处理anchor: ('06066555', '_derivationally_related_form', '09868270')
2025-07-09 09:03:04,032 - INFO - 最大扩展步数: 2
2025-07-09 09:03:04,187 - INFO - 步骤 1: 添加边 ('02244619', '06066555', '_synset_domain_topic_of'), 相似度提升: 0.0478
2025-07-09 09:03:04,359 - INFO - 步骤 2: 添加边 ('02244619', '02166346', '_also_see'), 相似度提升: 0.0242
2025-07-09 09:03:04,368 - INFO - 匹配成功: True
2025-07-09 09:03:04,369 - INFO - 匹配得分: 0.9584
2025-07-09 09:03:04,369 - INFO - 扩展子图节点: ['06066555', '09868270', '02244619', '02166346']
2025-07-09 09:03:04,370 - INFO - 扩展子图边: [('06066555', '09868270', {'relation': '_derivationally_related_form'}), ('02244619', '06066555', {'relation': '_synset_domain_topic_of'}), ('02244619', '02166346', {'relation': '_also_see'})]
2025-07-09 09:03:04,370 - INFO - 处理第23/59个anchor
2025-07-09 09:03:04,370 - INFO - 开始处理anchor: ('06066555', '_hypernym', '06037666')
2025-07-09 09:03:04,375 - INFO - 最大扩展步数: 2
2025-07-09 09:03:04,765 - INFO - 步骤 1: 添加边 ('11553240', '06066555', '_synset_domain_topic_of'), 相似度提升: 0.0497
2025-07-09 09:03:05,180 - INFO - 步骤 2: 添加边 ('08111157', '06037666', '_synset_domain_topic_of'), 相似度提升: 0.0235
2025-07-09 09:03:05,189 - INFO - 匹配成功: True
2025-07-09 09:03:05,189 - INFO - 匹配得分: 0.9579
2025-07-09 09:03:05,189 - INFO - 扩展子图节点: ['06066555', '06037666', '11553240', '08111157']
2025-07-09 09:03:05,189 - INFO - 扩展子图边: [('06066555', '06037666', {'relation': '_hypernym'}), ('11553240', '06066555', {'relation': '_synset_domain_topic_of'}), ('08111157', '06037666', {'relation': '_synset_domain_topic_of'})]
2025-07-09 09:03:05,190 - INFO - 处理第24/59个anchor
2025-07-09 09:03:05,190 - INFO - 开始处理anchor: ('00645415', '_derivationally_related_form', '06066555')
2025-07-09 09:03:05,195 - INFO - 最大扩展步数: 2
2025-07-09 09:03:05,361 - INFO - 步骤 1: 添加边 ('00017222', '06066555', '_synset_domain_topic_of'), 相似度提升: 0.0743
2025-07-09 09:03:05,685 - INFO - 步骤 2: 添加边 ('11529603', '00017222', '_member_meronym'), 相似度提升: 0.0748
2025-07-09 09:03:05,692 - INFO - 匹配成功: True
2025-07-09 09:03:05,693 - INFO - 匹配得分: 0.9288
2025-07-09 09:03:05,693 - INFO - 扩展子图节点: ['00645415', '06066555', '00017222', '11529603']
2025-07-09 09:03:05,693 - INFO - 扩展子图边: [('00645415', '06066555', {'relation': '_derivationally_related_form'}), ('00017222', '06066555', {'relation': '_synset_domain_topic_of'}), ('11529603', '00017222', {'relation': '_member_meronym'})]
2025-07-09 09:03:05,694 - INFO - 处理第25/59个anchor
2025-07-09 09:03:05,694 - INFO - 开始处理anchor: ('00645415', '_hypernym', '00643473')
2025-07-09 09:03:05,699 - INFO - 最大扩展步数: 2
2025-07-09 09:03:05,762 - INFO - 步骤 1: 添加边 ('00643473', '05782140', '_derivationally_related_form'), 相似度提升: 0.0756
2025-07-09 09:03:05,837 - INFO - 步骤 2: 添加边 ('00643473', '00648931', '_derivationally_related_form'), 相似度提升: 0.0361
2025-07-09 09:03:05,844 - INFO - 匹配成功: True
2025-07-09 09:03:05,844 - INFO - 匹配得分: 0.9342
2025-07-09 09:03:05,845 - INFO - 扩展子图节点: ['00645415', '00643473', '05782140', '00648931']
2025-07-09 09:03:05,845 - INFO - 扩展子图边: [('00645415', '00643473', {'relation': '_hypernym'}), ('00643473', '05782140', {'relation': '_derivationally_related_form'}), ('00643473', '00648931', {'relation': '_derivationally_related_form'})]
2025-07-09 09:03:05,845 - INFO - 处理第26/59个anchor
2025-07-09 09:03:05,846 - INFO - 开始处理anchor: ('09322930', '_instance_hypernym', '09360122')
2025-07-09 09:03:05,853 - INFO - 最大扩展步数: 2
2025-07-09 09:03:06,007 - INFO - 步骤 1: 添加边 ('09241047', '09360122', '_instance_hypernym'), 相似度提升: 0.0446
2025-07-09 09:03:06,182 - INFO - 步骤 2: 添加边 ('09405169', '09360122', '_instance_hypernym'), 相似度提升: 0.0455
2025-07-09 09:03:06,190 - INFO - 匹配成功: True
2025-07-09 09:03:06,191 - INFO - 匹配得分: 0.9374
2025-07-09 09:03:06,191 - INFO - 扩展子图节点: ['09322930', '09360122', '09241047', '09405169']
2025-07-09 09:03:06,191 - INFO - 扩展子图边: [('09322930', '09360122', {'relation': '_instance_hypernym'}), ('09241047', '09360122', {'relation': '_instance_hypernym'}), ('09405169', '09360122', {'relation': '_instance_hypernym'})]
2025-07-09 09:03:06,192 - INFO - 处理第27/59个anchor
2025-07-09 09:03:06,192 - INFO - 开始处理anchor: ('09360122', '_hypernym', '08617963')
2025-07-09 09:03:06,197 - INFO - 最大扩展步数: 2
2025-07-09 09:03:06,388 - INFO - 步骤 1: 添加边 ('08619457', '08617963', '_hypernym'), 相似度提升: 0.0893
2025-07-09 09:03:06,568 - INFO - 步骤 2: 添加边 ('09403581', '09360122', '_instance_hypernym'), 相似度提升: 0.0548
2025-07-09 09:03:06,577 - INFO - 匹配成功: True
2025-07-09 09:03:06,577 - INFO - 匹配得分: 0.8931
2025-07-09 09:03:06,577 - INFO - 扩展子图节点: ['09360122', '08617963', '08619457', '09403581']
2025-07-09 09:03:06,577 - INFO - 扩展子图边: [('09360122', '08617963', {'relation': '_hypernym'}), ('08619457', '08617963', {'relation': '_hypernym'}), ('09403581', '09360122', {'relation': '_instance_hypernym'})]
2025-07-09 09:03:06,578 - INFO - 处理第28/59个anchor
2025-07-09 09:03:06,578 - INFO - 开始处理anchor: ('07193596', '_derivationally_related_form', '00784342')
2025-07-09 09:03:06,584 - INFO - 最大扩展步数: 2
2025-07-09 09:03:06,666 - INFO - 步骤 1: 添加边 ('07193596', '00808855', '_derivationally_related_form'), 相似度提升: 0.1037
2025-07-09 09:03:06,779 - INFO - 步骤 2: 添加边 ('10207831', '00784342', '_derivationally_related_form'), 相似度提升: 0.0199
2025-07-09 09:03:06,787 - INFO - 匹配成功: True
2025-07-09 09:03:06,788 - INFO - 匹配得分: 0.9430
2025-07-09 09:03:06,789 - INFO - 扩展子图节点: ['07193596', '00784342', '00808855', '10207831']
2025-07-09 09:03:06,789 - INFO - 扩展子图边: [('07193596', '00784342', {'relation': '_derivationally_related_form'}), ('07193596', '00808855', {'relation': '_derivationally_related_form'}), ('10207831', '00784342', {'relation': '_derivationally_related_form'})]
2025-07-09 09:03:06,789 - INFO - 处理第29/59个anchor
2025-07-09 09:03:06,789 - INFO - 开始处理anchor: ('07193596', '_derivationally_related_form', '00788184')
2025-07-09 09:03:06,795 - INFO - 最大扩展步数: 2
2025-07-09 09:03:06,876 - INFO - 步骤 1: 添加边 ('07193958', '00788184', '_derivationally_related_form'), 相似度提升: 0.0523
2025-07-09 09:03:07,000 - INFO - 步骤 2: 添加边 ('07194950', '07193958', '_hypernym'), 相似度提升: 0.0838
2025-07-09 09:03:07,008 - INFO - 匹配成功: True
2025-07-09 09:03:07,009 - INFO - 匹配得分: 0.9143
2025-07-09 09:03:07,009 - INFO - 扩展子图节点: ['07193596', '00788184', '07193958', '07194950']
2025-07-09 09:03:07,009 - INFO - 扩展子图边: [('07193596', '00788184', {'relation': '_derivationally_related_form'}), ('07193958', '00788184', {'relation': '_derivationally_related_form'}), ('07194950', '07193958', {'relation': '_hypernym'})]
2025-07-09 09:03:07,010 - INFO - 处理第30/59个anchor
2025-07-09 09:03:07,010 - INFO - 开始处理anchor: ('07193596', '_hypernym', '07193184')
2025-07-09 09:03:07,015 - INFO - 最大扩展步数: 2
2025-07-09 09:03:07,100 - INFO - 步骤 1: 添加边 ('07193184', '00785008', '_derivationally_related_form'), 相似度提升: 0.0629
2025-07-09 09:03:07,197 - INFO - 步骤 2: 添加边 ('00784342', '07193184', '_derivationally_related_form'), 相似度提升: 0.0708
2025-07-09 09:03:07,205 - INFO - 匹配成功: True
2025-07-09 09:03:07,206 - INFO - 匹配得分: 0.9427
2025-07-09 09:03:07,206 - INFO - 扩展子图节点: ['07193596', '07193184', '00785008', '00784342']
2025-07-09 09:03:07,206 - INFO - 扩展子图边: [('07193596', '07193184', {'relation': '_hypernym'}), ('07193184', '00785008', {'relation': '_derivationally_related_form'}), ('00784342', '07193184', {'relation': '_derivationally_related_form'})]
2025-07-09 09:03:07,206 - INFO - 处理第31/59个anchor
2025-07-09 09:03:07,206 - INFO - 开始处理anchor: ('07193596', '_derivationally_related_form', '00808855')
2025-07-09 09:03:07,211 - INFO - 最大扩展步数: 2
2025-07-09 09:03:07,284 - INFO - 步骤 1: 添加边 ('00808855', '10213180', '_derivationally_related_form'), 相似度提升: 0.0885
2025-07-09 09:03:07,356 - INFO - 步骤 2: 添加边 ('00785008', '07193596', '_derivationally_related_form'), 相似度提升: 0.0952
2025-07-09 09:03:07,362 - INFO - 匹配成功: True
2025-07-09 09:03:07,363 - INFO - 匹配得分: 0.9180
2025-07-09 09:03:07,363 - INFO - 扩展子图节点: ['07193596', '00808855', '10213180', '00785008']
2025-07-09 09:03:07,363 - INFO - 扩展子图边: [('07193596', '00808855', {'relation': '_derivationally_related_form'}), ('00808855', '10213180', {'relation': '_derivationally_related_form'}), ('00785008', '07193596', {'relation': '_derivationally_related_form'})]
2025-07-09 09:03:07,364 - INFO - 处理第32/59个anchor
2025-07-09 09:03:07,364 - INFO - 开始处理anchor: ('07193596', '_derivationally_related_form', '00785008')
2025-07-09 09:03:07,370 - INFO - 最大扩展步数: 2
2025-07-09 09:03:07,443 - INFO - 步骤 1: 添加边 ('00785008', '00897746', '_hypernym'), 相似度提升: 0.0496
2025-07-09 09:03:07,527 - INFO - 步骤 2: 相似度提升不足 (0.0009), 停止扩展
2025-07-09 09:03:07,534 - INFO - 匹配成功: True
2025-07-09 09:03:07,534 - INFO - 匹配得分: 0.9458
2025-07-09 09:03:07,535 - INFO - 扩展子图节点: ['07193596', '00785008', '00897746']
2025-07-09 09:03:07,535 - INFO - 扩展子图边: [('07193596', '00785008', {'relation': '_derivationally_related_form'}), ('00785008', '00897746', {'relation': '_hypernym'})]
2025-07-09 09:03:07,536 - INFO - 处理第33/59个anchor
2025-07-09 09:03:07,536 - INFO - 开始处理anchor: ('00784342', '_derivationally_related_form', '10207831')
2025-07-09 09:03:07,542 - INFO - 最大扩展步数: 2
2025-07-09 09:03:07,640 - INFO - 步骤 1: 添加边 ('10208287', '10207831', '_hypernym'), 相似度提升: 0.0653
2025-07-09 09:03:07,741 - INFO - 步骤 2: 添加边 ('10207831', '10630188', '_hypernym'), 相似度提升: 0.0261
2025-07-09 09:03:07,747 - INFO - 匹配成功: True
2025-07-09 09:03:07,747 - INFO - 匹配得分: 0.9086
2025-07-09 09:03:07,747 - INFO - 扩展子图节点: ['00784342', '10207831', '10208287', '10630188']
2025-07-09 09:03:07,748 - INFO - 扩展子图边: [('00784342', '10207831', {'relation': '_derivationally_related_form'}), ('10207831', '10630188', {'relation': '_hypernym'}), ('10208287', '10207831', {'relation': '_hypernym'})]
2025-07-09 09:03:07,748 - INFO - 处理第34/59个anchor
2025-07-09 09:03:07,749 - INFO - 开始处理anchor: ('00784342', '_hypernym', '00740577')
2025-07-09 09:03:07,756 - INFO - 最大扩展步数: 2
2025-07-09 09:03:07,922 - INFO - 步骤 1: 添加边 ('01060746', '00740577', '_hypernym'), 相似度提升: 0.0308
2025-07-09 09:03:08,087 - INFO - 步骤 2: 添加边 ('00941990', '00740577', '_hypernym'), 相似度提升: 0.0245
2025-07-09 09:03:08,094 - INFO - 匹配成功: True
2025-07-09 09:03:08,095 - INFO - 匹配得分: 0.9299
2025-07-09 09:03:08,095 - INFO - 扩展子图节点: ['00784342', '00740577', '01060746', '00941990']
2025-07-09 09:03:08,095 - INFO - 扩展子图边: [('00784342', '00740577', {'relation': '_hypernym'}), ('01060746', '00740577', {'relation': '_hypernym'}), ('00941990', '00740577', {'relation': '_hypernym'})]
2025-07-09 09:03:08,095 - INFO - 处理第35/59个anchor
2025-07-09 09:03:08,095 - INFO - 开始处理anchor: ('00784342', '_derivationally_related_form', '07193596')
2025-07-09 09:03:08,102 - INFO - 最大扩展步数: 2
2025-07-09 09:03:08,195 - INFO - 步骤 1: 添加边 ('00784342', '00897746', '_verb_group'), 相似度提升: 0.0225
2025-07-09 09:03:08,305 - INFO - 步骤 2: 添加边 ('00788184', '07193596', '_derivationally_related_form'), 相似度提升: 0.0405
2025-07-09 09:03:08,312 - INFO - 匹配成功: True
2025-07-09 09:03:08,313 - INFO - 匹配得分: 0.9503
2025-07-09 09:03:08,313 - INFO - 扩展子图节点: ['00784342', '07193596', '00897746', '00788184']
2025-07-09 09:03:08,314 - INFO - 扩展子图边: [('00784342', '07193596', {'relation': '_derivationally_related_form'}), ('00784342', '00897746', {'relation': '_verb_group'}), ('00788184', '07193596', {'relation': '_derivationally_related_form'})]
2025-07-09 09:03:08,314 - INFO - 处理第36/59个anchor
2025-07-09 09:03:08,314 - INFO - 开始处理anchor: ('00784342', '_verb_group', '00897746')
2025-07-09 09:03:08,321 - INFO - 最大扩展步数: 2
2025-07-09 09:03:08,408 - INFO - 步骤 1: 添加边 ('10207831', '00784342', '_derivationally_related_form'), 相似度提升: 0.0801
2025-07-09 09:03:08,539 - INFO - 步骤 2: 添加边 ('10207831', '10630188', '_hypernym'), 相似度提升: 0.0032
2025-07-09 09:03:08,545 - INFO - 匹配成功: True
2025-07-09 09:03:08,546 - INFO - 匹配得分: 0.9704
2025-07-09 09:03:08,546 - INFO - 扩展子图节点: ['00784342', '00897746', '10207831', '10630188']
2025-07-09 09:03:08,546 - INFO - 扩展子图边: [('00784342', '00897746', {'relation': '_verb_group'}), ('10207831', '00784342', {'relation': '_derivationally_related_form'}), ('10207831', '10630188', {'relation': '_hypernym'})]
2025-07-09 09:03:08,547 - INFO - 处理第37/59个anchor
2025-07-09 09:03:08,547 - INFO - 开始处理anchor: ('00784342', '_derivationally_related_form', '07193184')
2025-07-09 09:03:08,556 - INFO - 最大扩展步数: 2
2025-07-09 09:03:08,658 - INFO - 步骤 1: 添加边 ('07193184', '00785008', '_derivationally_related_form'), 相似度提升: 0.0148
2025-07-09 09:03:08,817 - INFO - 步骤 2: 添加边 ('00785008', '07193184', '_derivationally_related_form'), 相似度提升: 0.0307
2025-07-09 09:03:08,826 - INFO - 匹配成功: True
2025-07-09 09:03:08,827 - INFO - 匹配得分: 0.9299
2025-07-09 09:03:08,827 - INFO - 扩展子图节点: ['00784342', '07193184', '00785008']
2025-07-09 09:03:08,827 - INFO - 扩展子图边: [('00784342', '07193184', {'relation': '_derivationally_related_form'}), ('07193184', '00785008', {'relation': '_derivationally_related_form'}), ('00785008', '07193184', {'relation': '_derivationally_related_form'})]
2025-07-09 09:03:08,827 - INFO - 处理第38/59个anchor
2025-07-09 09:03:08,828 - INFO - 开始处理anchor: ('00784342', '_verb_group', '00784727')
2025-07-09 09:03:08,833 - INFO - 最大扩展步数: 2
2025-07-09 09:03:08,899 - INFO - 步骤 1: 添加边 ('10207831', '00784727', '_derivationally_related_form'), 相似度提升: 0.0679
2025-07-09 09:03:09,010 - INFO - 步骤 2: 相似度提升不足 (-0.0106), 停止扩展
2025-07-09 09:03:09,017 - INFO - 匹配成功: True
2025-07-09 09:03:09,018 - INFO - 匹配得分: 0.9020
2025-07-09 09:03:09,019 - INFO - 扩展子图节点: ['00784342', '00784727', '10207831']
2025-07-09 09:03:09,020 - INFO - 扩展子图边: [('00784342', '00784727', {'relation': '_verb_group'}), ('10207831', '00784727', {'relation': '_derivationally_related_form'})]
2025-07-09 09:03:09,020 - INFO - 处理第39/59个anchor
2025-07-09 09:03:09,020 - INFO - 开始处理anchor: ('01768969', '_derivationally_related_form', '02636811')
2025-07-09 09:03:09,027 - INFO - 最大扩展步数: 2
2025-07-09 09:03:09,095 - INFO - 步骤 1: 添加边 ('01768969', '01770553', '_member_meronym'), 相似度提升: 0.0562
2025-07-09 09:03:09,163 - INFO - 步骤 2: 添加边 ('01768402', '01768969', '_member_meronym'), 相似度提升: 0.0551
2025-07-09 09:03:09,171 - INFO - 匹配成功: True
2025-07-09 09:03:09,172 - INFO - 匹配得分: 0.9549
2025-07-09 09:03:09,173 - INFO - 扩展子图节点: ['01768969', '02636811', '01770553', '01768402']
2025-07-09 09:03:09,173 - INFO - 扩展子图边: [('01768969', '02636811', {'relation': '_derivationally_related_form'}), ('01768969', '01770553', {'relation': '_member_meronym'}), ('01768402', '01768969', {'relation': '_member_meronym'})]
2025-07-09 09:03:09,173 - INFO - 处理第40/59个anchor
2025-07-09 09:03:09,173 - INFO - 开始处理anchor: ('01768969', '_hypernym', '08103777')
2025-07-09 09:03:09,179 - INFO - 最大扩展步数: 2
2025-07-09 09:03:09,618 - INFO - 步骤 1: 添加边 ('12996068', '08103777', '_hypernym'), 相似度提升: 0.0347
2025-07-09 09:03:10,039 - INFO - 步骤 2: 添加边 ('11910835', '08103777', '_hypernym'), 相似度提升: 0.1063
2025-07-09 09:03:10,046 - INFO - 匹配成功: True
2025-07-09 09:03:10,046 - INFO - 匹配得分: 0.8729
2025-07-09 09:03:10,046 - INFO - 扩展子图节点: ['01768969', '08103777', '12996068', '11910835']
2025-07-09 09:03:10,047 - INFO - 扩展子图边: [('01768969', '08103777', {'relation': '_hypernym'}), ('12996068', '08103777', {'relation': '_hypernym'}), ('11910835', '08103777', {'relation': '_hypernym'})]
2025-07-09 09:03:10,047 - INFO - 处理第41/59个anchor
2025-07-09 09:03:10,047 - INFO - 开始处理anchor: ('01768969', '_member_meronym', '01775879')
2025-07-09 09:03:10,055 - INFO - 最大扩展步数: 2
2025-07-09 09:03:10,127 - INFO - 步骤 1: 添加边 ('01768969', '01771966', '_member_meronym'), 相似度提升: 0.0140
2025-07-09 09:03:10,221 - INFO - 步骤 2: 添加边 ('01771966', '01775592', '_member_meronym'), 相似度提升: 0.0161
2025-07-09 09:03:10,227 - INFO - 匹配成功: True
2025-07-09 09:03:10,228 - INFO - 匹配得分: 0.8987
2025-07-09 09:03:10,228 - INFO - 扩展子图节点: ['01768969', '01775879', '01771966', '01775592']
2025-07-09 09:03:10,228 - INFO - 扩展子图边: [('01768969', '01775879', {'relation': '_member_meronym'}), ('01768969', '01771966', {'relation': '_member_meronym'}), ('01771966', '01775592', {'relation': '_member_meronym'})]
2025-07-09 09:03:10,229 - INFO - 处理第42/59个anchor
2025-07-09 09:03:10,229 - INFO - 开始处理anchor: ('01768969', '_member_meronym', '01771966')
2025-07-09 09:03:10,234 - INFO - 最大扩展步数: 2
2025-07-09 09:03:10,306 - INFO - 步骤 1: 添加边 ('01768969', '08103777', '_hypernym'), 相似度提升: 0.1484
2025-07-09 09:03:10,740 - INFO - 步骤 2: 添加边 ('02514988', '08103777', '_hypernym'), 相似度提升: 0.0468
2025-07-09 09:03:10,748 - INFO - 匹配成功: True
2025-07-09 09:03:10,749 - INFO - 匹配得分: 0.9430
2025-07-09 09:03:10,749 - INFO - 扩展子图节点: ['01768969', '01771966', '08103777', '02514988']
2025-07-09 09:03:10,750 - INFO - 扩展子图边: [('01768969', '01771966', {'relation': '_member_meronym'}), ('01768969', '08103777', {'relation': '_hypernym'}), ('02514988', '08103777', {'relation': '_hypernym'})]
2025-07-09 09:03:10,750 - INFO - 处理第43/59个anchor
2025-07-09 09:03:10,750 - INFO - 开始处理anchor: ('01768969', '_member_meronym', '01769347')
2025-07-09 09:03:10,756 - INFO - 最大扩展步数: 2
2025-07-09 09:03:10,828 - INFO - 步骤 1: 添加边 ('01768402', '01768969', '_member_meronym'), 相似度提升: 0.0557
2025-07-09 09:03:10,916 - INFO - 步骤 2: 添加边 ('01772222', '01769347', '_hypernym'), 相似度提升: 0.0318
2025-07-09 09:03:10,924 - INFO - 匹配成功: True
2025-07-09 09:03:10,924 - INFO - 匹配得分: 0.9253
2025-07-09 09:03:10,924 - INFO - 扩展子图节点: ['01768969', '01769347', '01768402', '01772222']
2025-07-09 09:03:10,924 - INFO - 扩展子图边: [('01768969', '01769347', {'relation': '_member_meronym'}), ('01768402', '01768969', {'relation': '_member_meronym'}), ('01772222', '01769347', {'relation': '_hypernym'})]
2025-07-09 09:03:10,924 - INFO - 处理第44/59个anchor
2025-07-09 09:03:10,924 - INFO - 开始处理anchor: ('01768969', '_member_meronym', '01770553')
2025-07-09 09:03:10,929 - INFO - 最大扩展步数: 2
2025-07-09 09:03:10,982 - INFO - 步骤 1: 添加边 ('01770553', '01770967', '_member_meronym'), 相似度提升: 0.0915
2025-07-09 09:03:11,041 - INFO - 步骤 2: 添加边 ('01768969', '08103777', '_hypernym'), 相似度提升: 0.0379
2025-07-09 09:03:11,048 - INFO - 匹配成功: True
2025-07-09 09:03:11,049 - INFO - 匹配得分: 0.9045
2025-07-09 09:03:11,049 - INFO - 扩展子图节点: ['01768969', '01770553', '01770967', '08103777']
2025-07-09 09:03:11,049 - INFO - 扩展子图边: [('01768969', '01770553', {'relation': '_member_meronym'}), ('01768969', '08103777', {'relation': '_hypernym'}), ('01770553', '01770967', {'relation': '_member_meronym'})]
2025-07-09 09:03:11,050 - INFO - 处理第45/59个anchor
2025-07-09 09:03:11,050 - INFO - 开始处理anchor: ('01768969', '_member_meronym', '01769635')
2025-07-09 09:03:11,057 - INFO - 最大扩展步数: 2
2025-07-09 09:03:11,106 - INFO - 步骤 1: 添加边 ('01768969', '01775879', '_member_meronym'), 相似度提升: 0.0804
2025-07-09 09:03:11,175 - INFO - 步骤 2: 添加边 ('01775879', '01780551', '_member_meronym'), 相似度提升: 0.0081
2025-07-09 09:03:11,182 - INFO - 匹配成功: True
2025-07-09 09:03:11,183 - INFO - 匹配得分: 0.9213
2025-07-09 09:03:11,183 - INFO - 扩展子图节点: ['01768969', '01769635', '01775879', '01780551']
2025-07-09 09:03:11,184 - INFO - 扩展子图边: [('01768969', '01769635', {'relation': '_member_meronym'}), ('01768969', '01775879', {'relation': '_member_meronym'}), ('01775879', '01780551', {'relation': '_member_meronym'})]
2025-07-09 09:03:11,184 - INFO - 处理第46/59个anchor
2025-07-09 09:03:11,184 - INFO - 开始处理anchor: ('02636811', '_derivationally_related_form', '01769347')
2025-07-09 09:03:11,191 - INFO - 最大扩展步数: 2
2025-07-09 09:03:11,258 - INFO - 步骤 1: 添加边 ('01769347', '01767661', '_hypernym'), 相似度提升: 0.0475
2025-07-09 09:03:11,366 - INFO - 步骤 2: 添加边 ('01770081', '01769347', '_hypernym'), 相似度提升: 0.0763
2025-07-09 09:03:11,373 - INFO - 匹配成功: True
2025-07-09 09:03:11,374 - INFO - 匹配得分: 0.9296
2025-07-09 09:03:11,374 - INFO - 扩展子图节点: ['02636811', '01769347', '01767661', '01770081']
2025-07-09 09:03:11,374 - INFO - 扩展子图边: [('02636811', '01769347', {'relation': '_derivationally_related_form'}), ('01769347', '01767661', {'relation': '_hypernym'}), ('01770081', '01769347', {'relation': '_hypernym'})]
2025-07-09 09:03:11,375 - INFO - 处理第47/59个anchor
2025-07-09 09:03:11,375 - INFO - 开始处理anchor: ('02636811', '_derivationally_related_form', '01768969')
2025-07-09 09:03:11,379 - INFO - 最大扩展步数: 2
2025-07-09 09:03:11,449 - INFO - 步骤 1: 相似度提升不足 (-0.0088), 停止扩展
2025-07-09 09:03:11,457 - INFO - 匹配成功: True
2025-07-09 09:03:11,458 - INFO - 匹配得分: 0.9455
2025-07-09 09:03:11,458 - INFO - 扩展子图节点: ['02636811', '01768969']
2025-07-09 09:03:11,458 - INFO - 扩展子图边: [('02636811', '01768969', {'relation': '_derivationally_related_form'})]
2025-07-09 09:03:11,459 - INFO - 处理第48/59个anchor
2025-07-09 09:03:11,459 - INFO - 开始处理anchor: ('02636811', '_derivationally_related_form', '01772222')
2025-07-09 09:03:11,464 - INFO - 最大扩展步数: 2
2025-07-09 09:03:11,524 - INFO - 步骤 1: 相似度提升不足 (-0.0017), 停止扩展
2025-07-09 09:03:11,529 - INFO - 匹配成功: True
2025-07-09 09:03:11,530 - INFO - 匹配得分: 0.9483
2025-07-09 09:03:11,530 - INFO - 扩展子图节点: ['02636811', '01772222']
2025-07-09 09:03:11,531 - INFO - 扩展子图边: [('02636811', '01772222', {'relation': '_derivationally_related_form'})]
2025-07-09 09:03:11,531 - INFO - 处理第49/59个anchor
2025-07-09 09:03:11,531 - INFO - 开始处理anchor: ('01455754', '_hypernym', '01974062')
2025-07-09 09:03:11,538 - INFO - 最大扩展步数: 2
2025-07-09 09:03:11,690 - INFO - 步骤 1: 添加边 ('01974062', '01976089', '_also_see'), 相似度提升: 0.0656
2025-07-09 09:03:11,854 - INFO - 步骤 2: 添加边 ('01974062', '00316594', '_derivationally_related_form'), 相似度提升: 0.0667
2025-07-09 09:03:11,860 - INFO - 匹配成功: True
2025-07-09 09:03:11,861 - INFO - 匹配得分: 0.9753
2025-07-09 09:03:11,861 - INFO - 扩展子图节点: ['01455754', '01974062', '01976089', '00316594']
2025-07-09 09:03:11,861 - INFO - 扩展子图边: [('01455754', '01974062', {'relation': '_hypernym'}), ('01974062', '01976089', {'relation': '_also_see'}), ('01974062', '00316594', {'relation': '_derivationally_related_form'})]
2025-07-09 09:03:11,861 - INFO - 处理第50/59个anchor
2025-07-09 09:03:11,861 - INFO - 开始处理anchor: ('01974062', '_derivationally_related_form', '09206985')
2025-07-09 09:03:11,867 - INFO - 最大扩展步数: 2
2025-07-09 09:03:12,066 - INFO - 步骤 1: 添加边 ('01975387', '01974062', '_hypernym'), 相似度提升: 0.0625
2025-07-09 09:03:12,256 - INFO - 步骤 2: 添加边 ('01974062', '03281145', '_derivationally_related_form'), 相似度提升: 0.0647
2025-07-09 09:03:12,261 - INFO - 匹配成功: True
2025-07-09 09:03:12,262 - INFO - 匹配得分: 0.9455
2025-07-09 09:03:12,262 - INFO - 扩展子图节点: ['01974062', '09206985', '01975387', '03281145']
2025-07-09 09:03:12,262 - INFO - 扩展子图边: [('01974062', '09206985', {'relation': '_derivationally_related_form'}), ('01974062', '03281145', {'relation': '_derivationally_related_form'}), ('01975387', '01974062', {'relation': '_hypernym'})]
2025-07-09 09:03:12,262 - INFO - 处理第51/59个anchor
2025-07-09 09:03:12,263 - INFO - 开始处理anchor: ('01974062', '_derivationally_related_form', '07348399')
2025-07-09 09:03:12,270 - INFO - 最大扩展步数: 2
2025-07-09 09:03:12,444 - INFO - 步骤 1: 添加边 ('00116376', '01974062', '_derivationally_related_form'), 相似度提升: 0.0578
2025-07-09 09:03:12,647 - INFO - 步骤 2: 添加边 ('01990281', '07348399', '_derivationally_related_form'), 相似度提升: 0.0530
2025-07-09 09:03:12,656 - INFO - 匹配成功: True
2025-07-09 09:03:12,656 - INFO - 匹配得分: 0.9602
2025-07-09 09:03:12,657 - INFO - 扩展子图节点: ['01974062', '07348399', '00116376', '01990281']
2025-07-09 09:03:12,657 - INFO - 扩展子图边: [('01974062', '07348399', {'relation': '_derivationally_related_form'}), ('00116376', '01974062', {'relation': '_derivationally_related_form'}), ('01990281', '07348399', {'relation': '_derivationally_related_form'})]
2025-07-09 09:03:12,657 - INFO - 处理第52/59个anchor
2025-07-09 09:03:12,657 - INFO - 开始处理anchor: ('01974062', '_derivationally_related_form', '10773394')
2025-07-09 09:03:12,662 - INFO - 最大扩展步数: 2
2025-07-09 09:03:12,828 - INFO - 步骤 1: 添加边 ('01974062', '04231693', '_derivationally_related_form'), 相似度提升: 0.0785
2025-07-09 09:03:13,015 - INFO - 步骤 2: 添加边 ('01974062', '00116376', '_derivationally_related_form'), 相似度提升: 0.0931
2025-07-09 09:03:13,022 - INFO - 匹配成功: True
2025-07-09 09:03:13,023 - INFO - 匹配得分: 0.9475
2025-07-09 09:03:13,023 - INFO - 扩展子图节点: ['01974062', '10773394', '04231693', '00116376']
2025-07-09 09:03:13,023 - INFO - 扩展子图边: [('01974062', '10773394', {'relation': '_derivationally_related_form'}), ('01974062', '04231693', {'relation': '_derivationally_related_form'}), ('01974062', '00116376', {'relation': '_derivationally_related_form'})]
2025-07-09 09:03:13,024 - INFO - 处理第53/59个anchor
2025-07-09 09:03:13,024 - INFO - 开始处理anchor: ('01974062', '_derivationally_related_form', '07370671')
2025-07-09 09:03:13,029 - INFO - 最大扩展步数: 2
2025-07-09 09:03:13,210 - INFO - 步骤 1: 添加边 ('01455639', '01974062', '_hypernym'), 相似度提升: 0.0899
2025-07-09 09:03:13,394 - INFO - 步骤 2: 添加边 ('09206985', '01974062', '_derivationally_related_form'), 相似度提升: 0.0650
2025-07-09 09:03:13,402 - INFO - 匹配成功: True
2025-07-09 09:03:13,403 - INFO - 匹配得分: 0.9393
2025-07-09 09:03:13,404 - INFO - 扩展子图节点: ['01974062', '07370671', '01455639', '09206985']
2025-07-09 09:03:13,405 - INFO - 扩展子图边: [('01974062', '07370671', {'relation': '_derivationally_related_form'}), ('01455639', '01974062', {'relation': '_hypernym'}), ('09206985', '01974062', {'relation': '_derivationally_related_form'})]
2025-07-09 09:03:13,405 - INFO - 处理第54/59个anchor
2025-07-09 09:03:13,405 - INFO - 开始处理anchor: ('01974062', '_derivationally_related_form', '00116376')
2025-07-09 09:03:13,409 - INFO - 最大扩展步数: 2
2025-07-09 09:03:13,596 - INFO - 步骤 1: 添加边 ('01974062', '05131283', '_derivationally_related_form'), 相似度提升: 0.0254
2025-07-09 09:03:13,820 - INFO - 步骤 2: 添加边 ('09366317', '01974062', '_derivationally_related_form'), 相似度提升: 0.0595
2025-07-09 09:03:13,828 - INFO - 匹配成功: True
2025-07-09 09:03:13,828 - INFO - 匹配得分: 0.9304
2025-07-09 09:03:13,829 - INFO - 扩展子图节点: ['01974062', '00116376', '05131283', '09366317']
2025-07-09 09:03:13,829 - INFO - 扩展子图边: [('01974062', '00116376', {'relation': '_derivationally_related_form'}), ('01974062', '05131283', {'relation': '_derivationally_related_form'}), ('09366317', '01974062', {'relation': '_derivationally_related_form'})]
2025-07-09 09:03:13,829 - INFO - 处理第55/59个anchor
2025-07-09 09:03:13,830 - INFO - 开始处理anchor: ('01974062', '_derivationally_related_form', '04231693')
2025-07-09 09:03:13,837 - INFO - 最大扩展步数: 2
2025-07-09 09:03:14,006 - INFO - 步骤 1: 添加边 ('09206985', '01974062', '_derivationally_related_form'), 相似度提升: 0.0805
2025-07-09 09:03:14,207 - INFO - 步骤 2: 添加边 ('01974062', '01976089', '_also_see'), 相似度提升: 0.0868
2025-07-09 09:03:14,213 - INFO - 匹配成功: True
2025-07-09 09:03:14,213 - INFO - 匹配得分: 0.9453
2025-07-09 09:03:14,213 - INFO - 扩展子图节点: ['01974062', '04231693', '09206985', '01976089']
2025-07-09 09:03:14,213 - INFO - 扩展子图边: [('01974062', '04231693', {'relation': '_derivationally_related_form'}), ('01974062', '01976089', {'relation': '_also_see'}), ('09206985', '01974062', {'relation': '_derivationally_related_form'})]
2025-07-09 09:03:14,214 - INFO - 处理第56/59个anchor
2025-07-09 09:03:14,214 - INFO - 开始处理anchor: ('01974062', '_derivationally_related_form', '09366317')
2025-07-09 09:03:14,221 - INFO - 最大扩展步数: 2
2025-07-09 09:03:14,399 - INFO - 步骤 1: 添加边 ('09409512', '09366317', '_hypernym'), 相似度提升: 0.0845
2025-07-09 09:03:14,593 - INFO - 步骤 2: 添加边 ('01974062', '07370671', '_derivationally_related_form'), 相似度提升: 0.0837
2025-07-09 09:03:14,600 - INFO - 匹配成功: True
2025-07-09 09:03:14,600 - INFO - 匹配得分: 0.9089
2025-07-09 09:03:14,601 - INFO - 扩展子图节点: ['01974062', '09366317', '09409512', '07370671']
2025-07-09 09:03:14,602 - INFO - 扩展子图边: [('01974062', '09366317', {'relation': '_derivationally_related_form'}), ('01974062', '07370671', {'relation': '_derivationally_related_form'}), ('09409512', '09366317', {'relation': '_hypernym'})]
2025-07-09 09:03:14,602 - INFO - 处理第57/59个anchor
2025-07-09 09:03:14,603 - INFO - 开始处理anchor: ('01974062', '_derivationally_related_form', '03281145')
2025-07-09 09:03:14,608 - INFO - 最大扩展步数: 2
2025-07-09 09:03:14,780 - INFO - 步骤 1: 添加边 ('01974062', '07370671', '_derivationally_related_form'), 相似度提升: 0.0378
2025-07-09 09:03:14,987 - INFO - 步骤 2: 添加边 ('01974062', '00316594', '_derivationally_related_form'), 相似度提升: 0.0379
2025-07-09 09:03:14,994 - INFO - 匹配成功: True
2025-07-09 09:03:14,995 - INFO - 匹配得分: 0.9095
2025-07-09 09:03:14,995 - INFO - 扩展子图节点: ['01974062', '03281145', '07370671', '00316594']
2025-07-09 09:03:14,995 - INFO - 扩展子图边: [('01974062', '03281145', {'relation': '_derivationally_related_form'}), ('01974062', '07370671', {'relation': '_derivationally_related_form'}), ('01974062', '00316594', {'relation': '_derivationally_related_form'})]
2025-07-09 09:03:14,995 - INFO - 处理第58/59个anchor
2025-07-09 09:03:14,996 - INFO - 开始处理anchor: ('01974062', '_derivationally_related_form', '05131283')
2025-07-09 09:03:15,003 - INFO - 最大扩展步数: 2
2025-07-09 09:03:15,173 - INFO - 步骤 1: 添加边 ('05131283', '05084201', '_hypernym'), 相似度提升: 0.0273
2025-07-09 09:03:15,350 - INFO - 步骤 2: 添加边 ('05086740', '05084201', '_hypernym'), 相似度提升: 0.0287
2025-07-09 09:03:15,358 - INFO - 匹配成功: True
2025-07-09 09:03:15,358 - INFO - 匹配得分: 0.9378
2025-07-09 09:03:15,358 - INFO - 扩展子图节点: ['01974062', '05131283', '05084201', '05086740']
2025-07-09 09:03:15,359 - INFO - 扩展子图边: [('01974062', '05131283', {'relation': '_derivationally_related_form'}), ('05131283', '05084201', {'relation': '_hypernym'}), ('05086740', '05084201', {'relation': '_hypernym'})]
2025-07-09 09:03:15,359 - INFO - 处理第59/59个anchor
2025-07-09 09:03:15,359 - INFO - 开始处理anchor: ('01974062', '_derivationally_related_form', '00316594')
2025-07-09 09:03:15,364 - INFO - 最大扩展步数: 2
2025-07-09 09:03:15,531 - INFO - 步骤 1: 添加边 ('01975387', '01974062', '_hypernym'), 相似度提升: 0.1117
2025-07-09 09:03:15,698 - INFO - 步骤 2: 添加边 ('01975121', '01974062', '_hypernym'), 相似度提升: 0.0856
2025-07-09 09:03:15,707 - INFO - 匹配成功: True
2025-07-09 09:03:15,707 - INFO - 匹配得分: 0.9256
2025-07-09 09:03:15,708 - INFO - 扩展子图节点: ['01974062', '00316594', '01975387', '01975121']
2025-07-09 09:03:15,708 - INFO - 扩展子图边: [('01974062', '00316594', {'relation': '_derivationally_related_form'}), ('01975387', '01974062', {'relation': '_hypernym'}), ('01975121', '01974062', {'relation': '_hypernym'})]
2025-07-09 09:03:15,708 - INFO - 批量匹配完成: 59/59 成功匹配
2025-07-09 09:03:15,708 - INFO - 开始批量匹配，共100个anchor，规则ID: rule_002
2025-07-09 09:03:15,709 - INFO - 规则关系类型: {'_synset_domain_topic_of', '_also_see'}
2025-07-09 09:03:15,709 - INFO - 原始anchor数量: 100
2025-07-09 09:03:15,709 - INFO - 优先关系anchor: 9, 其他关系anchor: 50
2025-07-09 09:03:15,709 - INFO - 筛选后总anchor数量: 59
2025-07-09 09:03:15,709 - INFO - 智能筛选后，保留59个相关anchor
2025-07-09 09:03:15,710 - INFO - 处理第1/59个anchor
2025-07-09 09:03:15,710 - INFO - 开始处理anchor: ('00260881', '_synset_domain_topic_of', '01124794')
2025-07-09 09:03:15,716 - INFO - 最大扩展步数: 2
2025-07-09 09:03:15,820 - INFO - 步骤 1: 添加边 ('01124794', '02586619', '_derivationally_related_form'), 相似度提升: 0.0718
2025-07-09 09:03:15,966 - INFO - 步骤 2: 添加边 ('15295416', '02586619', '_derivationally_related_form'), 相似度提升: 0.0184
2025-07-09 09:03:15,974 - INFO - 匹配成功: True
2025-07-09 09:03:15,975 - INFO - 匹配得分: 0.9457
2025-07-09 09:03:15,975 - INFO - 扩展子图节点: ['00260881', '01124794', '02586619', '15295416']
2025-07-09 09:03:15,975 - INFO - 扩展子图边: [('00260881', '01124794', {'relation': '_synset_domain_topic_of'}), ('01124794', '02586619', {'relation': '_derivationally_related_form'}), ('15295416', '02586619', {'relation': '_derivationally_related_form'})]
2025-07-09 09:03:15,975 - INFO - 处理第2/59个anchor
2025-07-09 09:03:15,975 - INFO - 开始处理anchor: ('02636811', '_synset_domain_topic_of', '06083243')
2025-07-09 09:03:15,981 - INFO - 最大扩展步数: 2
2025-07-09 09:03:16,075 - INFO - 步骤 1: 添加边 ('14014162', '06083243', '_synset_domain_topic_of'), 相似度提升: 0.0813
2025-07-09 09:03:16,179 - INFO - 步骤 2: 添加边 ('02636811', '01772222', '_derivationally_related_form'), 相似度提升: 0.0406
2025-07-09 09:03:16,188 - INFO - 匹配成功: True
2025-07-09 09:03:16,188 - INFO - 匹配得分: 0.9685
2025-07-09 09:03:16,189 - INFO - 扩展子图节点: ['02636811', '06083243', '14014162', '01772222']
2025-07-09 09:03:16,189 - INFO - 扩展子图边: [('02636811', '06083243', {'relation': '_synset_domain_topic_of'}), ('02636811', '01772222', {'relation': '_derivationally_related_form'}), ('14014162', '06083243', {'relation': '_synset_domain_topic_of'})]
2025-07-09 09:03:16,189 - INFO - 处理第3/59个anchor
2025-07-09 09:03:16,189 - INFO - 开始处理anchor: ('01974062', '_also_see', '01976089')
2025-07-09 09:03:16,194 - INFO - 最大扩展步数: 2
2025-07-09 09:03:16,358 - INFO - 步骤 1: 添加边 ('01380638', '01976089', '_also_see'), 相似度提升: 0.0531
2025-07-09 09:03:16,581 - INFO - 步骤 2: 添加边 ('01974062', '05131283', '_derivationally_related_form'), 相似度提升: 0.0562
2025-07-09 09:03:16,588 - INFO - 匹配成功: True
2025-07-09 09:03:16,589 - INFO - 匹配得分: 0.9472
2025-07-09 09:03:16,589 - INFO - 扩展子图节点: ['01974062', '01976089', '01380638', '05131283']
2025-07-09 09:03:16,589 - INFO - 扩展子图边: [('01974062', '01976089', {'relation': '_also_see'}), ('01974062', '05131283', {'relation': '_derivationally_related_form'}), ('01380638', '01976089', {'relation': '_also_see'})]
2025-07-09 09:03:16,590 - INFO - 处理第4/59个anchor
2025-07-09 09:03:16,590 - INFO - 开始处理anchor: ('00057306', '_synset_domain_topic_of', '08199025')
2025-07-09 09:03:16,595 - INFO - 最大扩展步数: 2
2025-07-09 09:03:17,005 - INFO - 步骤 1: 添加边 ('00980904', '08199025', '_synset_domain_topic_of'), 相似度提升: 0.1240
2025-07-09 09:03:17,408 - INFO - 步骤 2: 添加边 ('01077190', '08199025', '_synset_domain_topic_of'), 相似度提升: 0.0709
2025-07-09 09:03:17,416 - INFO - 匹配成功: True
2025-07-09 09:03:17,418 - INFO - 匹配得分: 0.9312
2025-07-09 09:03:17,418 - INFO - 扩展子图节点: ['00057306', '08199025', '00980904', '01077190']
2025-07-09 09:03:17,419 - INFO - 扩展子图边: [('00057306', '08199025', {'relation': '_synset_domain_topic_of'}), ('00980904', '08199025', {'relation': '_synset_domain_topic_of'}), ('01077190', '08199025', {'relation': '_synset_domain_topic_of'})]
2025-07-09 09:03:17,419 - INFO - 处理第5/59个anchor
2025-07-09 09:03:17,420 - INFO - 开始处理anchor: ('00056912', '_synset_domain_topic_of', '08199025')
2025-07-09 09:03:17,425 - INFO - 最大扩展步数: 2
2025-07-09 09:03:17,825 - INFO - 步骤 1: 添加边 ('03813704', '08199025', '_synset_domain_topic_of'), 相似度提升: 0.0366
2025-07-09 09:03:18,260 - INFO - 步骤 2: 添加边 ('00896526', '08199025', '_synset_domain_topic_of'), 相似度提升: 0.0482
2025-07-09 09:03:18,269 - INFO - 匹配成功: True
2025-07-09 09:03:18,269 - INFO - 匹配得分: 0.9526
2025-07-09 09:03:18,269 - INFO - 扩展子图节点: ['00056912', '08199025', '03813704', '00896526']
2025-07-09 09:03:18,270 - INFO - 扩展子图边: [('00056912', '08199025', {'relation': '_synset_domain_topic_of'}), ('03813704', '08199025', {'relation': '_synset_domain_topic_of'}), ('00896526', '08199025', {'relation': '_synset_domain_topic_of'})]
2025-07-09 09:03:18,270 - INFO - 处理第6/59个anchor
2025-07-09 09:03:18,271 - INFO - 开始处理anchor: ('10341660', '_synset_domain_topic_of', '06037666')
2025-07-09 09:03:18,277 - INFO - 最大扩展步数: 2
2025-07-09 09:03:18,579 - INFO - 步骤 1: 添加边 ('00055142', '06037666', '_synset_domain_topic_of'), 相似度提升: 0.0359
2025-07-09 09:03:18,964 - INFO - 步骤 2: 添加边 ('06078327', '06037666', '_hypernym'), 相似度提升: 0.1437
2025-07-09 09:03:18,974 - INFO - 匹配成功: True
2025-07-09 09:03:18,975 - INFO - 匹配得分: 0.9358
2025-07-09 09:03:18,975 - INFO - 扩展子图节点: ['10341660', '06037666', '00055142', '06078327']
2025-07-09 09:03:18,975 - INFO - 扩展子图边: [('10341660', '06037666', {'relation': '_synset_domain_topic_of'}), ('00055142', '06037666', {'relation': '_synset_domain_topic_of'}), ('06078327', '06037666', {'relation': '_hypernym'})]
2025-07-09 09:03:18,976 - INFO - 处理第7/59个anchor
2025-07-09 09:03:18,976 - INFO - 开始处理anchor: ('01698271', '_also_see', '01754576')
2025-07-09 09:03:18,981 - INFO - 最大扩展步数: 2
2025-07-09 09:03:19,111 - INFO - 步骤 1: 添加边 ('00929718', '01698271', '_derivationally_related_form'), 相似度提升: 0.0549
2025-07-09 09:03:19,342 - INFO - 步骤 2: 添加边 ('01698271', '01697816', '_hypernym'), 相似度提升: 0.0645
2025-07-09 09:03:19,350 - INFO - 匹配成功: True
2025-07-09 09:03:19,351 - INFO - 匹配得分: 0.9346
2025-07-09 09:03:19,352 - INFO - 扩展子图节点: ['01698271', '01754576', '00929718', '01697816']
2025-07-09 09:03:19,352 - INFO - 扩展子图边: [('01698271', '01754576', {'relation': '_also_see'}), ('01698271', '01697816', {'relation': '_hypernym'}), ('00929718', '01698271', {'relation': '_derivationally_related_form'})]
2025-07-09 09:03:19,352 - INFO - 处理第8/59个anchor
2025-07-09 09:03:19,352 - INFO - 开始处理anchor: ('01698271', '_synset_domain_topic_of', '00929718')
2025-07-09 09:03:19,359 - INFO - 最大扩展步数: 2
2025-07-09 09:03:19,574 - INFO - 步骤 1: 添加边 ('00929718', '10794014', '_derivationally_related_form'), 相似度提升: 0.0508
2025-07-09 09:03:19,987 - INFO - 步骤 2: 添加边 ('01698271', '01744611', '_verb_group'), 相似度提升: 0.0928
2025-07-09 09:03:19,993 - INFO - 匹配成功: True
2025-07-09 09:03:19,994 - INFO - 匹配得分: 0.9263
2025-07-09 09:03:19,994 - INFO - 扩展子图节点: ['01698271', '00929718', '10794014', '01744611']
2025-07-09 09:03:19,994 - INFO - 扩展子图边: [('01698271', '00929718', {'relation': '_synset_domain_topic_of'}), ('01698271', '01744611', {'relation': '_verb_group'}), ('00929718', '10794014', {'relation': '_derivationally_related_form'})]
2025-07-09 09:03:19,995 - INFO - 处理第9/59个anchor
2025-07-09 09:03:19,995 - INFO - 开始处理anchor: ('01754576', '_synset_domain_topic_of', '00929718')
2025-07-09 09:03:20,000 - INFO - 最大扩展步数: 2
2025-07-09 09:03:20,112 - INFO - 步骤 1: 添加边 ('01699539', '00929718', '_synset_domain_topic_of'), 相似度提升: 0.0258
2025-07-09 09:03:20,238 - INFO - 步骤 2: 添加边 ('01699539', '06399995', '_derivationally_related_form'), 相似度提升: 0.0366
2025-07-09 09:03:20,245 - INFO - 匹配成功: True
2025-07-09 09:03:20,245 - INFO - 匹配得分: 0.8783
2025-07-09 09:03:20,246 - INFO - 扩展子图节点: ['01754576', '00929718', '01699539', '06399995']
2025-07-09 09:03:20,246 - INFO - 扩展子图边: [('01754576', '00929718', {'relation': '_synset_domain_topic_of'}), ('01699539', '00929718', {'relation': '_synset_domain_topic_of'}), ('01699539', '06399995', {'relation': '_derivationally_related_form'})]
2025-07-09 09:03:20,247 - INFO - 处理第10/59个anchor
2025-07-09 09:03:20,247 - INFO - 开始处理anchor: ('00260881', '_hypernym', '00260622')
2025-07-09 09:03:20,255 - INFO - 最大扩展步数: 2
2025-07-09 09:03:20,280 - INFO - 步骤 1: 添加边 ('00260622', '00265386', '_derivationally_related_form'), 相似度提升: 0.0399
2025-07-09 09:03:20,329 - INFO - 步骤 2: 添加边 ('00265673', '00260622', '_derivationally_related_form'), 相似度提升: 0.0106
2025-07-09 09:03:20,337 - INFO - 匹配成功: True
2025-07-09 09:03:20,338 - INFO - 匹配得分: 0.9368
2025-07-09 09:03:20,338 - INFO - 扩展子图节点: ['00260881', '00260622', '00265386', '00265673']
2025-07-09 09:03:20,338 - INFO - 扩展子图边: [('00260881', '00260622', {'relation': '_hypernym'}), ('00260622', '00265386', {'relation': '_derivationally_related_form'}), ('00265673', '00260622', {'relation': '_derivationally_related_form'})]
2025-07-09 09:03:20,339 - INFO - 处理第11/59个anchor
2025-07-09 09:03:20,339 - INFO - 开始处理anchor: ('00260622', '_derivationally_related_form', '00265386')
2025-07-09 09:03:20,343 - INFO - 最大扩展步数: 2
2025-07-09 09:03:20,398 - INFO - 步骤 1: 添加边 ('10515194', '00265386', '_derivationally_related_form'), 相似度提升: 0.0552
2025-07-09 09:03:20,576 - INFO - 步骤 2: 添加边 ('10937611', '10515194', '_instance_hypernym'), 相似度提升: 0.0470
2025-07-09 09:03:20,585 - INFO - 匹配成功: True
2025-07-09 09:03:20,586 - INFO - 匹配得分: 0.9159
2025-07-09 09:03:20,586 - INFO - 扩展子图节点: ['00260622', '00265386', '10515194', '10937611']
2025-07-09 09:03:20,587 - INFO - 扩展子图边: [('00260622', '00265386', {'relation': '_derivationally_related_form'}), ('10515194', '00265386', {'relation': '_derivationally_related_form'}), ('10937611', '10515194', {'relation': '_instance_hypernym'})]
2025-07-09 09:03:20,587 - INFO - 处理第12/59个anchor
2025-07-09 09:03:20,587 - INFO - 开始处理anchor: ('00260622', '_hypernym', '00248977')
2025-07-09 09:03:20,592 - INFO - 最大扩展步数: 2
2025-07-09 09:03:20,673 - INFO - 步骤 1: 添加边 ('00260622', '00265673', '_derivationally_related_form'), 相似度提升: 0.0060
2025-07-09 09:03:20,772 - INFO - 步骤 2: 添加边 ('00251013', '00248977', '_hypernym'), 相似度提升: 0.0325
2025-07-09 09:03:20,777 - INFO - 匹配成功: True
2025-07-09 09:03:20,778 - INFO - 匹配得分: 0.9415
2025-07-09 09:03:20,778 - INFO - 扩展子图节点: ['00260622', '00248977', '00265673', '00251013']
2025-07-09 09:03:20,778 - INFO - 扩展子图边: [('00260622', '00248977', {'relation': '_hypernym'}), ('00260622', '00265673', {'relation': '_derivationally_related_form'}), ('00251013', '00248977', {'relation': '_hypernym'})]
2025-07-09 09:03:20,779 - INFO - 处理第13/59个anchor
2025-07-09 09:03:20,779 - INFO - 开始处理anchor: ('00260622', '_derivationally_related_form', '00265673')
2025-07-09 09:03:20,787 - INFO - 最大扩展步数: 2
2025-07-09 09:03:20,826 - INFO - 步骤 1: 添加边 ('00265673', '00205885', '_hypernym'), 相似度提升: 0.1529
2025-07-09 09:03:21,024 - INFO - 步骤 2: 添加边 ('00207184', '00205885', '_hypernym'), 相似度提升: 0.0464
2025-07-09 09:03:21,032 - INFO - 匹配成功: True
2025-07-09 09:03:21,033 - INFO - 匹配得分: 0.9283
2025-07-09 09:03:21,033 - INFO - 扩展子图节点: ['00260622', '00265673', '00205885', '00207184']
2025-07-09 09:03:21,033 - INFO - 扩展子图边: [('00260622', '00265673', {'relation': '_derivationally_related_form'}), ('00265673', '00205885', {'relation': '_hypernym'}), ('00207184', '00205885', {'relation': '_hypernym'})]
2025-07-09 09:03:21,034 - INFO - 处理第14/59个anchor
2025-07-09 09:03:21,034 - INFO - 开始处理anchor: ('01332730', '_derivationally_related_form', '03122748')
2025-07-09 09:03:21,039 - INFO - 最大扩展步数: 2
2025-07-09 09:03:21,260 - INFO - 步骤 1: 添加边 ('03380867', '03122748', '_hypernym'), 相似度提升: 0.0148
2025-07-09 09:03:21,501 - INFO - 步骤 2: 添加边 ('04151940', '03122748', '_hypernym'), 相似度提升: 0.0245
2025-07-09 09:03:21,509 - INFO - 匹配成功: True
2025-07-09 09:03:21,509 - INFO - 匹配得分: 0.8945
2025-07-09 09:03:21,510 - INFO - 扩展子图节点: ['01332730', '03122748', '03380867', '04151940']
2025-07-09 09:03:21,510 - INFO - 扩展子图边: [('01332730', '03122748', {'relation': '_derivationally_related_form'}), ('03380867', '03122748', {'relation': '_hypernym'}), ('04151940', '03122748', {'relation': '_hypernym'})]
2025-07-09 09:03:21,510 - INFO - 处理第15/59个anchor
2025-07-09 09:03:21,511 - INFO - 开始处理anchor: ('01332730', '_derivationally_related_form', '02840619')
2025-07-09 09:03:21,518 - INFO - 最大扩展步数: 2
2025-07-09 09:03:21,705 - INFO - 步骤 1: 添加边 ('01338113', '01332730', '_hypernym'), 相似度提升: 0.0692
2025-07-09 09:03:21,898 - INFO - 步骤 2: 添加边 ('00185857', '02840619', '_derivationally_related_form'), 相似度提升: 0.0240
2025-07-09 09:03:21,906 - INFO - 匹配成功: True
2025-07-09 09:03:21,906 - INFO - 匹配得分: 0.9419
2025-07-09 09:03:21,906 - INFO - 扩展子图节点: ['01332730', '02840619', '01338113', '00185857']
2025-07-09 09:03:21,907 - INFO - 扩展子图边: [('01332730', '02840619', {'relation': '_derivationally_related_form'}), ('01338113', '01332730', {'relation': '_hypernym'}), ('00185857', '02840619', {'relation': '_derivationally_related_form'})]
2025-07-09 09:03:21,907 - INFO - 处理第16/59个anchor
2025-07-09 09:03:21,907 - INFO - 开始处理anchor: ('01332730', '_verb_group', '01336635')
2025-07-09 09:03:21,911 - INFO - 最大扩展步数: 2
2025-07-09 09:03:22,106 - INFO - 步骤 1: 添加边 ('01335804', '01332730', '_hypernym'), 相似度提升: 0.0521
2025-07-09 09:03:22,307 - INFO - 步骤 2: 添加边 ('02840619', '01332730', '_derivationally_related_form'), 相似度提升: 0.0329
2025-07-09 09:03:22,313 - INFO - 匹配成功: True
2025-07-09 09:03:22,313 - INFO - 匹配得分: 0.9353
2025-07-09 09:03:22,314 - INFO - 扩展子图节点: ['01332730', '01336635', '01335804', '02840619']
2025-07-09 09:03:22,315 - INFO - 扩展子图边: [('01332730', '01336635', {'relation': '_verb_group'}), ('01335804', '01332730', {'relation': '_hypernym'}), ('02840619', '01332730', {'relation': '_derivationally_related_form'})]
2025-07-09 09:03:22,317 - INFO - 处理第17/59个anchor
2025-07-09 09:03:22,317 - INFO - 开始处理anchor: ('01332730', '_verb_group', '01207951')
2025-07-09 09:03:22,324 - INFO - 最大扩展步数: 2
2025-07-09 09:03:22,526 - INFO - 步骤 1: 添加边 ('01207951', '04151940', '_derivationally_related_form'), 相似度提升: 0.0599
2025-07-09 09:03:22,751 - INFO - 步骤 2: 添加边 ('01336635', '01332730', '_verb_group'), 相似度提升: 0.0926
2025-07-09 09:03:22,758 - INFO - 匹配成功: True
2025-07-09 09:03:22,758 - INFO - 匹配得分: 0.9343
2025-07-09 09:03:22,759 - INFO - 扩展子图节点: ['01332730', '01207951', '04151940', '01336635']
2025-07-09 09:03:22,759 - INFO - 扩展子图边: [('01332730', '01207951', {'relation': '_verb_group'}), ('01207951', '04151940', {'relation': '_derivationally_related_form'}), ('01336635', '01332730', {'relation': '_verb_group'})]
2025-07-09 09:03:22,759 - INFO - 处理第18/59个anchor
2025-07-09 09:03:22,760 - INFO - 开始处理anchor: ('01332730', '_derivationally_related_form', '04151940')
2025-07-09 09:03:22,767 - INFO - 最大扩展步数: 2
2025-07-09 09:03:22,958 - INFO - 步骤 1: 添加边 ('01362568', '01332730', '_hypernym'), 相似度提升: 0.0462
2025-07-09 09:03:23,173 - INFO - 步骤 2: 添加边 ('01271189', '01332730', '_hypernym'), 相似度提升: 0.0771
2025-07-09 09:03:23,179 - INFO - 匹配成功: True
2025-07-09 09:03:23,181 - INFO - 匹配得分: 0.9624
2025-07-09 09:03:23,181 - INFO - 扩展子图节点: ['01332730', '04151940', '01362568', '01271189']
2025-07-09 09:03:23,182 - INFO - 扩展子图边: [('01332730', '04151940', {'relation': '_derivationally_related_form'}), ('01362568', '01332730', {'relation': '_hypernym'}), ('01271189', '01332730', {'relation': '_hypernym'})]
2025-07-09 09:03:23,183 - INFO - 处理第19/59个anchor
2025-07-09 09:03:23,183 - INFO - 开始处理anchor: ('03122748', '_derivationally_related_form', '01332730')
2025-07-09 09:03:23,189 - INFO - 最大扩展步数: 2
2025-07-09 09:03:23,410 - INFO - 步骤 1: 添加边 ('03051540', '03122748', '_hypernym'), 相似度提升: 0.0770
2025-07-09 09:03:23,822 - INFO - 步骤 2: 添加边 ('03005769', '03051540', '_hypernym'), 相似度提升: 0.1056
2025-07-09 09:03:23,832 - INFO - 匹配成功: True
2025-07-09 09:03:23,832 - INFO - 匹配得分: 0.8989
2025-07-09 09:03:23,833 - INFO - 扩展子图节点: ['03122748', '01332730', '03051540', '03005769']
2025-07-09 09:03:23,834 - INFO - 扩展子图边: [('03122748', '01332730', {'relation': '_derivationally_related_form'}), ('03051540', '03122748', {'relation': '_hypernym'}), ('03005769', '03051540', {'relation': '_hypernym'})]
2025-07-09 09:03:23,835 - INFO - 处理第20/59个anchor
2025-07-09 09:03:23,836 - INFO - 开始处理anchor: ('03122748', '_hypernym', '00021939')
2025-07-09 09:03:23,842 - INFO - 最大扩展步数: 2
2025-07-09 09:03:24,055 - INFO - 步骤 1: 添加边 ('04188643', '00021939', '_hypernym'), 相似度提升: 0.1663
2025-07-09 09:03:24,247 - INFO - 步骤 2: 添加边 ('00022903', '00021939', '_hypernym'), 相似度提升: 0.1372
2025-07-09 09:03:24,252 - INFO - 匹配成功: True
2025-07-09 09:03:24,252 - INFO - 匹配得分: 0.9209
2025-07-09 09:03:24,253 - INFO - 扩展子图节点: ['03122748', '00021939', '04188643', '00022903']
2025-07-09 09:03:24,253 - INFO - 扩展子图边: [('03122748', '00021939', {'relation': '_hypernym'}), ('04188643', '00021939', {'relation': '_hypernym'}), ('00022903', '00021939', {'relation': '_hypernym'})]
2025-07-09 09:03:24,253 - INFO - 处理第21/59个anchor
2025-07-09 09:03:24,253 - INFO - 开始处理anchor: ('06066555', '_derivationally_related_form', '00645415')
2025-07-09 09:03:24,258 - INFO - 最大扩展步数: 2
2025-07-09 09:03:24,395 - INFO - 步骤 1: 添加边 ('09426621', '06066555', '_synset_domain_topic_of'), 相似度提升: 0.0548
2025-07-09 09:03:24,523 - INFO - 步骤 2: 添加边 ('13483190', '06066555', '_synset_domain_topic_of'), 相似度提升: 0.0126
2025-07-09 09:03:24,528 - INFO - 匹配成功: True
2025-07-09 09:03:24,529 - INFO - 匹配得分: 0.9316
2025-07-09 09:03:24,529 - INFO - 扩展子图节点: ['06066555', '00645415', '09426621', '13483190']
2025-07-09 09:03:24,529 - INFO - 扩展子图边: [('06066555', '00645415', {'relation': '_derivationally_related_form'}), ('09426621', '06066555', {'relation': '_synset_domain_topic_of'}), ('13483190', '06066555', {'relation': '_synset_domain_topic_of'})]
2025-07-09 09:03:24,530 - INFO - 处理第22/59个anchor
2025-07-09 09:03:24,530 - INFO - 开始处理anchor: ('06066555', '_derivationally_related_form', '09868270')
2025-07-09 09:03:24,535 - INFO - 最大扩展步数: 2
2025-07-09 09:03:24,672 - INFO - 步骤 1: 添加边 ('06066555', '06037666', '_hypernym'), 相似度提升: 0.0526
2025-07-09 09:03:25,024 - INFO - 步骤 2: 添加边 ('09855630', '06037666', '_synset_domain_topic_of'), 相似度提升: 0.0903
2025-07-09 09:03:25,029 - INFO - 匹配成功: True
2025-07-09 09:03:25,030 - INFO - 匹配得分: 0.9110
2025-07-09 09:03:25,030 - INFO - 扩展子图节点: ['06066555', '09868270', '06037666', '09855630']
2025-07-09 09:03:25,030 - INFO - 扩展子图边: [('06066555', '09868270', {'relation': '_derivationally_related_form'}), ('06066555', '06037666', {'relation': '_hypernym'}), ('09855630', '06037666', {'relation': '_synset_domain_topic_of'})]
2025-07-09 09:03:25,031 - INFO - 处理第23/59个anchor
2025-07-09 09:03:25,031 - INFO - 开始处理anchor: ('06066555', '_hypernym', '06037666')
2025-07-09 09:03:25,035 - INFO - 最大扩展步数: 2
2025-07-09 09:03:25,350 - INFO - 步骤 1: 添加边 ('08111157', '06037666', '_synset_domain_topic_of'), 相似度提升: 0.1718
2025-07-09 09:03:25,702 - INFO - 步骤 2: 添加边 ('06037666', '06037298', '_hypernym'), 相似度提升: 0.0546
2025-07-09 09:03:25,710 - INFO - 匹配成功: True
2025-07-09 09:03:25,711 - INFO - 匹配得分: 0.9327
2025-07-09 09:03:25,711 - INFO - 扩展子图节点: ['06066555', '06037666', '08111157', '06037298']
2025-07-09 09:03:25,711 - INFO - 扩展子图边: [('06066555', '06037666', {'relation': '_hypernym'}), ('06037666', '06037298', {'relation': '_hypernym'}), ('08111157', '06037666', {'relation': '_synset_domain_topic_of'})]
2025-07-09 09:03:25,712 - INFO - 处理第24/59个anchor
2025-07-09 09:03:25,712 - INFO - 开始处理anchor: ('00645415', '_derivationally_related_form', '06066555')
2025-07-09 09:03:25,718 - INFO - 最大扩展步数: 2
2025-07-09 09:03:25,886 - INFO - 步骤 1: 添加边 ('13154190', '06066555', '_synset_domain_topic_of'), 相似度提升: 0.0837
2025-07-09 09:03:26,035 - INFO - 步骤 2: 添加边 ('13125117', '06066555', '_synset_domain_topic_of'), 相似度提升: 0.1241
2025-07-09 09:03:26,040 - INFO - 匹配成功: True
2025-07-09 09:03:26,041 - INFO - 匹配得分: 0.9352
2025-07-09 09:03:26,041 - INFO - 扩展子图节点: ['00645415', '06066555', '13154190', '13125117']
2025-07-09 09:03:26,041 - INFO - 扩展子图边: [('00645415', '06066555', {'relation': '_derivationally_related_form'}), ('13154190', '06066555', {'relation': '_synset_domain_topic_of'}), ('13125117', '06066555', {'relation': '_synset_domain_topic_of'})]
2025-07-09 09:03:26,041 - INFO - 处理第25/59个anchor
2025-07-09 09:03:26,042 - INFO - 开始处理anchor: ('00645415', '_hypernym', '00643473')
2025-07-09 09:03:26,046 - INFO - 最大扩展步数: 2
2025-07-09 09:03:26,110 - INFO - 步骤 1: 添加边 ('00643910', '00643473', '_hypernym'), 相似度提升: 0.0434
2025-07-09 09:03:26,168 - INFO - 步骤 2: 添加边 ('00643473', '09790482', '_derivationally_related_form'), 相似度提升: 0.0357
2025-07-09 09:03:26,174 - INFO - 匹配成功: True
2025-07-09 09:03:26,174 - INFO - 匹配得分: 0.9303
2025-07-09 09:03:26,175 - INFO - 扩展子图节点: ['00645415', '00643473', '00643910', '09790482']
2025-07-09 09:03:26,175 - INFO - 扩展子图边: [('00645415', '00643473', {'relation': '_hypernym'}), ('00643473', '09790482', {'relation': '_derivationally_related_form'}), ('00643910', '00643473', {'relation': '_hypernym'})]
2025-07-09 09:03:26,175 - INFO - 处理第26/59个anchor
2025-07-09 09:03:26,176 - INFO - 开始处理anchor: ('09322930', '_instance_hypernym', '09360122')
2025-07-09 09:03:26,182 - INFO - 最大扩展步数: 2
2025-07-09 09:03:26,340 - INFO - 步骤 1: 添加边 ('09405169', '09360122', '_instance_hypernym'), 相似度提升: 0.0225
2025-07-09 09:03:26,498 - INFO - 步骤 2: 相似度提升不足 (-0.0001), 停止扩展
2025-07-09 09:03:26,504 - INFO - 匹配成功: True
2025-07-09 09:03:26,504 - INFO - 匹配得分: 0.9151
2025-07-09 09:03:26,505 - INFO - 扩展子图节点: ['09322930', '09360122', '09405169']
2025-07-09 09:03:26,505 - INFO - 扩展子图边: [('09322930', '09360122', {'relation': '_instance_hypernym'}), ('09405169', '09360122', {'relation': '_instance_hypernym'})]
2025-07-09 09:03:26,505 - INFO - 处理第27/59个anchor
2025-07-09 09:03:26,505 - INFO - 开始处理anchor: ('09360122', '_hypernym', '08617963')
2025-07-09 09:03:26,511 - INFO - 最大扩展步数: 2
2025-07-09 09:03:26,698 - INFO - 步骤 1: 添加边 ('09477567', '09360122', '_instance_hypernym'), 相似度提升: 0.0450
2025-07-09 09:03:26,883 - INFO - 步骤 2: 添加边 ('09359803', '09360122', '_has_part'), 相似度提升: 0.0828
2025-07-09 09:03:26,892 - INFO - 匹配成功: True
2025-07-09 09:03:26,893 - INFO - 匹配得分: 0.9224
2025-07-09 09:03:26,893 - INFO - 扩展子图节点: ['09360122', '08617963', '09477567', '09359803']
2025-07-09 09:03:26,893 - INFO - 扩展子图边: [('09360122', '08617963', {'relation': '_hypernym'}), ('09477567', '09360122', {'relation': '_instance_hypernym'}), ('09359803', '09360122', {'relation': '_has_part'})]
2025-07-09 09:03:26,893 - INFO - 处理第28/59个anchor
2025-07-09 09:03:26,893 - INFO - 开始处理anchor: ('07193596', '_derivationally_related_form', '00784342')
2025-07-09 09:03:26,899 - INFO - 最大扩展步数: 2
2025-07-09 09:03:26,978 - INFO - 步骤 1: 添加边 ('00788184', '07193596', '_derivationally_related_form'), 相似度提升: 0.0459
2025-07-09 09:03:27,083 - INFO - 步骤 2: 添加边 ('07193184', '00784342', '_derivationally_related_form'), 相似度提升: 0.0157
2025-07-09 09:03:27,089 - INFO - 匹配成功: True
2025-07-09 09:03:27,089 - INFO - 匹配得分: 0.9436
2025-07-09 09:03:27,090 - INFO - 扩展子图节点: ['07193596', '00784342', '00788184', '07193184']
2025-07-09 09:03:27,090 - INFO - 扩展子图边: [('07193596', '00784342', {'relation': '_derivationally_related_form'}), ('00788184', '07193596', {'relation': '_derivationally_related_form'}), ('07193184', '00784342', {'relation': '_derivationally_related_form'})]
2025-07-09 09:03:27,090 - INFO - 处理第29/59个anchor
2025-07-09 09:03:27,091 - INFO - 开始处理anchor: ('07193596', '_derivationally_related_form', '00788184')
2025-07-09 09:03:27,096 - INFO - 最大扩展步数: 2
2025-07-09 09:03:27,176 - INFO - 步骤 1: 添加边 ('00788184', '10208287', '_derivationally_related_form'), 相似度提升: 0.1209
2025-07-09 09:03:27,242 - INFO - 步骤 2: 添加边 ('00788184', '00897746', '_hypernym'), 相似度提升: 0.0171
2025-07-09 09:03:27,249 - INFO - 匹配成功: True
2025-07-09 09:03:27,249 - INFO - 匹配得分: 0.9457
2025-07-09 09:03:27,250 - INFO - 扩展子图节点: ['07193596', '00788184', '10208287', '00897746']
2025-07-09 09:03:27,251 - INFO - 扩展子图边: [('07193596', '00788184', {'relation': '_derivationally_related_form'}), ('00788184', '10208287', {'relation': '_derivationally_related_form'}), ('00788184', '00897746', {'relation': '_hypernym'})]
2025-07-09 09:03:27,251 - INFO - 处理第30/59个anchor
2025-07-09 09:03:27,251 - INFO - 开始处理anchor: ('07193596', '_hypernym', '07193184')
2025-07-09 09:03:27,256 - INFO - 最大扩展步数: 2
2025-07-09 09:03:27,333 - INFO - 步骤 1: 添加边 ('00788184', '07193184', '_derivationally_related_form'), 相似度提升: 0.0086
2025-07-09 09:03:27,431 - INFO - 步骤 2: 相似度提升不足 (-0.0131), 停止扩展
2025-07-09 09:03:27,437 - INFO - 匹配成功: True
2025-07-09 09:03:27,437 - INFO - 匹配得分: 0.8667
2025-07-09 09:03:27,437 - INFO - 扩展子图节点: ['07193596', '07193184', '00788184']
2025-07-09 09:03:27,438 - INFO - 扩展子图边: [('07193596', '07193184', {'relation': '_hypernym'}), ('00788184', '07193184', {'relation': '_derivationally_related_form'})]
2025-07-09 09:03:27,438 - INFO - 处理第31/59个anchor
2025-07-09 09:03:27,438 - INFO - 开始处理anchor: ('07193596', '_derivationally_related_form', '00808855')
2025-07-09 09:03:27,444 - INFO - 最大扩展步数: 2
2025-07-09 09:03:27,527 - INFO - 步骤 1: 添加边 ('00808855', '10213180', '_derivationally_related_form'), 相似度提升: 0.0387
2025-07-09 09:03:27,592 - INFO - 步骤 2: 添加边 ('10213180', '10524413', '_hypernym'), 相似度提升: 0.0191
2025-07-09 09:03:27,598 - INFO - 匹配成功: True
2025-07-09 09:03:27,598 - INFO - 匹配得分: 0.9315
2025-07-09 09:03:27,598 - INFO - 扩展子图节点: ['07193596', '00808855', '10213180', '10524413']
2025-07-09 09:03:27,598 - INFO - 扩展子图边: [('07193596', '00808855', {'relation': '_derivationally_related_form'}), ('00808855', '10213180', {'relation': '_derivationally_related_form'}), ('10213180', '10524413', {'relation': '_hypernym'})]
2025-07-09 09:03:27,599 - INFO - 处理第32/59个anchor
2025-07-09 09:03:27,599 - INFO - 开始处理anchor: ('07193596', '_derivationally_related_form', '00785008')
2025-07-09 09:03:27,604 - INFO - 最大扩展步数: 2
2025-07-09 09:03:27,681 - INFO - 步骤 1: 添加边 ('00784342', '07193596', '_derivationally_related_form'), 相似度提升: 0.0964
2025-07-09 09:03:27,784 - INFO - 步骤 2: 添加边 ('10207831', '00784342', '_derivationally_related_form'), 相似度提升: 0.0359
2025-07-09 09:03:27,791 - INFO - 匹配成功: True
2025-07-09 09:03:27,791 - INFO - 匹配得分: 0.9353
2025-07-09 09:03:27,792 - INFO - 扩展子图节点: ['07193596', '00785008', '00784342', '10207831']
2025-07-09 09:03:27,792 - INFO - 扩展子图边: [('07193596', '00785008', {'relation': '_derivationally_related_form'}), ('00784342', '07193596', {'relation': '_derivationally_related_form'}), ('10207831', '00784342', {'relation': '_derivationally_related_form'})]
2025-07-09 09:03:27,792 - INFO - 处理第33/59个anchor
2025-07-09 09:03:27,793 - INFO - 开始处理anchor: ('00784342', '_derivationally_related_form', '10207831')
2025-07-09 09:03:27,797 - INFO - 最大扩展步数: 2
2025-07-09 09:03:27,896 - INFO - 步骤 1: 相似度提升不足 (-0.0090), 停止扩展
2025-07-09 09:03:27,901 - INFO - 匹配成功: True
2025-07-09 09:03:27,901 - INFO - 匹配得分: 0.9209
2025-07-09 09:03:27,902 - INFO - 扩展子图节点: ['00784342', '10207831']
2025-07-09 09:03:27,902 - INFO - 扩展子图边: [('00784342', '10207831', {'relation': '_derivationally_related_form'})]
2025-07-09 09:03:27,902 - INFO - 处理第34/59个anchor
2025-07-09 09:03:27,902 - INFO - 开始处理anchor: ('00784342', '_hypernym', '00740577')
2025-07-09 09:03:27,907 - INFO - 最大扩展步数: 2
2025-07-09 09:03:28,052 - INFO - 步骤 1: 添加边 ('00740577', '00494907', '_derivationally_related_form'), 相似度提升: 0.0713
2025-07-09 09:03:28,222 - INFO - 步骤 2: 添加边 ('00150202', '00494907', '_also_see'), 相似度提升: 0.0641
2025-07-09 09:03:28,227 - INFO - 匹配成功: True
2025-07-09 09:03:28,228 - INFO - 匹配得分: 0.9438
2025-07-09 09:03:28,228 - INFO - 扩展子图节点: ['00784342', '00740577', '00494907', '00150202']
2025-07-09 09:03:28,228 - INFO - 扩展子图边: [('00784342', '00740577', {'relation': '_hypernym'}), ('00740577', '00494907', {'relation': '_derivationally_related_form'}), ('00150202', '00494907', {'relation': '_also_see'})]
2025-07-09 09:03:28,229 - INFO - 处理第35/59个anchor
2025-07-09 09:03:28,229 - INFO - 开始处理anchor: ('00784342', '_derivationally_related_form', '07193596')
2025-07-09 09:03:28,234 - INFO - 最大扩展步数: 2
2025-07-09 09:03:28,330 - INFO - 步骤 1: 添加边 ('00784342', '10207831', '_derivationally_related_form'), 相似度提升: 0.0937
2025-07-09 09:03:28,447 - INFO - 步骤 2: 添加边 ('07193596', '00808855', '_derivationally_related_form'), 相似度提升: 0.0173
2025-07-09 09:03:28,453 - INFO - 匹配成功: True
2025-07-09 09:03:28,453 - INFO - 匹配得分: 0.9446
2025-07-09 09:03:28,454 - INFO - 扩展子图节点: ['00784342', '07193596', '10207831', '00808855']
2025-07-09 09:03:28,454 - INFO - 扩展子图边: [('00784342', '07193596', {'relation': '_derivationally_related_form'}), ('00784342', '10207831', {'relation': '_derivationally_related_form'}), ('07193596', '00808855', {'relation': '_derivationally_related_form'})]
2025-07-09 09:03:28,454 - INFO - 处理第36/59个anchor
2025-07-09 09:03:28,454 - INFO - 开始处理anchor: ('00784342', '_verb_group', '00897746')
2025-07-09 09:03:28,458 - INFO - 最大扩展步数: 2
2025-07-09 09:03:28,524 - INFO - 步骤 1: 添加边 ('00784342', '10207831', '_derivationally_related_form'), 相似度提升: 0.0556
2025-07-09 09:03:28,628 - INFO - 步骤 2: 添加边 ('00784342', '00784727', '_verb_group'), 相似度提升: 0.0324
2025-07-09 09:03:28,635 - INFO - 匹配成功: True
2025-07-09 09:03:28,635 - INFO - 匹配得分: 0.9555
2025-07-09 09:03:28,636 - INFO - 扩展子图节点: ['00784342', '00897746', '10207831', '00784727']
2025-07-09 09:03:28,636 - INFO - 扩展子图边: [('00784342', '00897746', {'relation': '_verb_group'}), ('00784342', '10207831', {'relation': '_derivationally_related_form'}), ('00784342', '00784727', {'relation': '_verb_group'})]
2025-07-09 09:03:28,636 - INFO - 处理第37/59个anchor
2025-07-09 09:03:28,637 - INFO - 开始处理anchor: ('00784342', '_derivationally_related_form', '07193184')
2025-07-09 09:03:28,642 - INFO - 最大扩展步数: 2
2025-07-09 09:03:28,725 - INFO - 步骤 1: 添加边 ('00877559', '00784342', '_hypernym'), 相似度提升: 0.1384
2025-07-09 09:03:28,812 - INFO - 步骤 2: 添加边 ('00788184', '07193184', '_derivationally_related_form'), 相似度提升: 0.0559
2025-07-09 09:03:28,821 - INFO - 匹配成功: True
2025-07-09 09:03:28,821 - INFO - 匹配得分: 0.9222
2025-07-09 09:03:28,821 - INFO - 扩展子图节点: ['00784342', '07193184', '00877559', '00788184']
2025-07-09 09:03:28,822 - INFO - 扩展子图边: [('00784342', '07193184', {'relation': '_derivationally_related_form'}), ('00877559', '00784342', {'relation': '_hypernym'}), ('00788184', '07193184', {'relation': '_derivationally_related_form'})]
2025-07-09 09:03:28,822 - INFO - 处理第38/59个anchor
2025-07-09 09:03:28,822 - INFO - 开始处理anchor: ('00784342', '_verb_group', '00784727')
2025-07-09 09:03:28,827 - INFO - 最大扩展步数: 2
2025-07-09 09:03:28,893 - INFO - 步骤 1: 添加边 ('00784727', '10207831', '_derivationally_related_form'), 相似度提升: 0.0093
2025-07-09 09:03:28,980 - INFO - 步骤 2: 添加边 ('00784874', '00784342', '_hypernym'), 相似度提升: 0.0215
2025-07-09 09:03:28,990 - INFO - 匹配成功: True
2025-07-09 09:03:28,990 - INFO - 匹配得分: 0.9583
2025-07-09 09:03:28,991 - INFO - 扩展子图节点: ['00784342', '00784727', '10207831', '00784874']
2025-07-09 09:03:28,991 - INFO - 扩展子图边: [('00784342', '00784727', {'relation': '_verb_group'}), ('00784727', '10207831', {'relation': '_derivationally_related_form'}), ('00784874', '00784342', {'relation': '_hypernym'})]
2025-07-09 09:03:28,992 - INFO - 处理第39/59个anchor
2025-07-09 09:03:28,992 - INFO - 开始处理anchor: ('01768969', '_derivationally_related_form', '02636811')
2025-07-09 09:03:29,001 - INFO - 最大扩展步数: 2
2025-07-09 09:03:29,063 - INFO - 步骤 1: 添加边 ('01769347', '02636811', '_derivationally_related_form'), 相似度提升: 0.0250
2025-07-09 09:03:29,138 - INFO - 步骤 2: 添加边 ('01768969', '01769635', '_member_meronym'), 相似度提升: 0.0239
2025-07-09 09:03:29,146 - INFO - 匹配成功: True
2025-07-09 09:03:29,146 - INFO - 匹配得分: 0.8905
2025-07-09 09:03:29,147 - INFO - 扩展子图节点: ['01768969', '02636811', '01769347', '01769635']
2025-07-09 09:03:29,147 - INFO - 扩展子图边: [('01768969', '02636811', {'relation': '_derivationally_related_form'}), ('01768969', '01769635', {'relation': '_member_meronym'}), ('01769347', '02636811', {'relation': '_derivationally_related_form'})]
2025-07-09 09:03:29,147 - INFO - 处理第40/59个anchor
2025-07-09 09:03:29,148 - INFO - 开始处理anchor: ('01768969', '_hypernym', '08103777')
2025-07-09 09:03:29,152 - INFO - 最大扩展步数: 2
2025-07-09 09:03:29,471 - INFO - 步骤 1: 添加边 ('11596486', '08103777', '_hypernym'), 相似度提升: 0.0137
2025-07-09 09:03:29,818 - INFO - 步骤 2: 添加边 ('01418237', '08103777', '_hypernym'), 相似度提升: 0.0351
2025-07-09 09:03:29,822 - INFO - 匹配成功: True
2025-07-09 09:03:29,823 - INFO - 匹配得分: 0.9233
2025-07-09 09:03:29,823 - INFO - 扩展子图节点: ['01768969', '08103777', '11596486', '01418237']
2025-07-09 09:03:29,823 - INFO - 扩展子图边: [('01768969', '08103777', {'relation': '_hypernym'}), ('11596486', '08103777', {'relation': '_hypernym'}), ('01418237', '08103777', {'relation': '_hypernym'})]
2025-07-09 09:03:29,824 - INFO - 处理第41/59个anchor
2025-07-09 09:03:29,824 - INFO - 开始处理anchor: ('01768969', '_member_meronym', '01775879')
2025-07-09 09:03:29,829 - INFO - 最大扩展步数: 2
2025-07-09 09:03:29,902 - INFO - 步骤 1: 添加边 ('01768402', '01768969', '_member_meronym'), 相似度提升: 0.0915
2025-07-09 09:03:29,978 - INFO - 步骤 2: 添加边 ('01775879', '01776313', '_member_meronym'), 相似度提升: 0.0483
2025-07-09 09:03:29,984 - INFO - 匹配成功: True
2025-07-09 09:03:29,984 - INFO - 匹配得分: 0.9039
2025-07-09 09:03:29,984 - INFO - 扩展子图节点: ['01768969', '01775879', '01768402', '01776313']
2025-07-09 09:03:29,985 - INFO - 扩展子图边: [('01768969', '01775879', {'relation': '_member_meronym'}), ('01775879', '01776313', {'relation': '_member_meronym'}), ('01768402', '01768969', {'relation': '_member_meronym'})]
2025-07-09 09:03:29,985 - INFO - 处理第42/59个anchor
2025-07-09 09:03:29,985 - INFO - 开始处理anchor: ('01768969', '_member_meronym', '01771966')
2025-07-09 09:03:29,989 - INFO - 最大扩展步数: 2
2025-07-09 09:03:30,059 - INFO - 步骤 1: 添加边 ('01771966', '01772222', '_member_meronym'), 相似度提升: 0.0509
2025-07-09 09:03:30,143 - INFO - 步骤 2: 添加边 ('01772222', '02636811', '_derivationally_related_form'), 相似度提升: 0.0498
2025-07-09 09:03:30,149 - INFO - 匹配成功: True
2025-07-09 09:03:30,149 - INFO - 匹配得分: 0.9253
2025-07-09 09:03:30,150 - INFO - 扩展子图节点: ['01768969', '01771966', '01772222', '02636811']
2025-07-09 09:03:30,150 - INFO - 扩展子图边: [('01768969', '01771966', {'relation': '_member_meronym'}), ('01771966', '01772222', {'relation': '_member_meronym'}), ('01772222', '02636811', {'relation': '_derivationally_related_form'})]
2025-07-09 09:03:30,150 - INFO - 处理第43/59个anchor
2025-07-09 09:03:30,150 - INFO - 开始处理anchor: ('01768969', '_member_meronym', '01769347')
2025-07-09 09:03:30,154 - INFO - 最大扩展步数: 2
2025-07-09 09:03:30,219 - INFO - 步骤 1: 添加边 ('01768969', '08103777', '_hypernym'), 相似度提升: 0.0111
2025-07-09 09:03:30,576 - INFO - 步骤 2: 添加边 ('13169219', '08103777', '_hypernym'), 相似度提升: 0.0148
2025-07-09 09:03:30,582 - INFO - 匹配成功: True
2025-07-09 09:03:30,582 - INFO - 匹配得分: 0.8916
2025-07-09 09:03:30,582 - INFO - 扩展子图节点: ['01768969', '01769347', '08103777', '13169219']
2025-07-09 09:03:30,582 - INFO - 扩展子图边: [('01768969', '01769347', {'relation': '_member_meronym'}), ('01768969', '08103777', {'relation': '_hypernym'}), ('13169219', '08103777', {'relation': '_hypernym'})]
2025-07-09 09:03:30,582 - INFO - 处理第44/59个anchor
2025-07-09 09:03:30,583 - INFO - 开始处理anchor: ('01768969', '_member_meronym', '01770553')
2025-07-09 09:03:30,587 - INFO - 最大扩展步数: 2
2025-07-09 09:03:30,633 - INFO - 步骤 1: 添加边 ('01768969', '08103777', '_hypernym'), 相似度提升: 0.0454
2025-07-09 09:03:30,969 - INFO - 步骤 2: 添加边 ('01390287', '08103777', '_hypernym'), 相似度提升: 0.0361
2025-07-09 09:03:30,974 - INFO - 匹配成功: True
2025-07-09 09:03:30,974 - INFO - 匹配得分: 0.9324
2025-07-09 09:03:30,974 - INFO - 扩展子图节点: ['01768969', '01770553', '08103777', '01390287']
2025-07-09 09:03:30,974 - INFO - 扩展子图边: [('01768969', '01770553', {'relation': '_member_meronym'}), ('01768969', '08103777', {'relation': '_hypernym'}), ('01390287', '08103777', {'relation': '_hypernym'})]
2025-07-09 09:03:30,975 - INFO - 处理第45/59个anchor
2025-07-09 09:03:30,975 - INFO - 开始处理anchor: ('01768969', '_member_meronym', '01769635')
2025-07-09 09:03:30,979 - INFO - 最大扩展步数: 2
2025-07-09 09:03:31,024 - INFO - 步骤 1: 添加边 ('01768969', '01775879', '_member_meronym'), 相似度提升: 0.1378
2025-07-09 09:03:31,086 - INFO - 步骤 2: 添加边 ('01768969', '08103777', '_hypernym'), 相似度提升: 0.0395
2025-07-09 09:03:31,094 - INFO - 匹配成功: True
2025-07-09 09:03:31,094 - INFO - 匹配得分: 0.9342
2025-07-09 09:03:31,094 - INFO - 扩展子图节点: ['01768969', '01769635', '01775879', '08103777']
2025-07-09 09:03:31,095 - INFO - 扩展子图边: [('01768969', '01769635', {'relation': '_member_meronym'}), ('01768969', '01775879', {'relation': '_member_meronym'}), ('01768969', '08103777', {'relation': '_hypernym'})]
2025-07-09 09:03:31,095 - INFO - 处理第46/59个anchor
2025-07-09 09:03:31,095 - INFO - 开始处理anchor: ('02636811', '_derivationally_related_form', '01769347')
2025-07-09 09:03:31,099 - INFO - 最大扩展步数: 2
2025-07-09 09:03:31,155 - INFO - 步骤 1: 添加边 ('01768969', '02636811', '_derivationally_related_form'), 相似度提升: 0.0796
2025-07-09 09:03:31,244 - INFO - 步骤 2: 添加边 ('01772222', '02636811', '_derivationally_related_form'), 相似度提升: 0.0358
2025-07-09 09:03:31,250 - INFO - 匹配成功: True
2025-07-09 09:03:31,250 - INFO - 匹配得分: 0.9465
2025-07-09 09:03:31,251 - INFO - 扩展子图节点: ['02636811', '01769347', '01768969', '01772222']
2025-07-09 09:03:31,251 - INFO - 扩展子图边: [('02636811', '01769347', {'relation': '_derivationally_related_form'}), ('01768969', '02636811', {'relation': '_derivationally_related_form'}), ('01772222', '02636811', {'relation': '_derivationally_related_form'})]
2025-07-09 09:03:31,251 - INFO - 处理第47/59个anchor
2025-07-09 09:03:31,251 - INFO - 开始处理anchor: ('02636811', '_derivationally_related_form', '01768969')
2025-07-09 09:03:31,257 - INFO - 最大扩展步数: 2
2025-07-09 09:03:31,326 - INFO - 步骤 1: 添加边 ('01768969', '01775879', '_member_meronym'), 相似度提升: 0.0511
2025-07-09 09:03:31,406 - INFO - 步骤 2: 添加边 ('01769347', '02636811', '_derivationally_related_form'), 相似度提升: 0.0772
2025-07-09 09:03:31,412 - INFO - 匹配成功: True
2025-07-09 09:03:31,412 - INFO - 匹配得分: 0.9437
2025-07-09 09:03:31,413 - INFO - 扩展子图节点: ['02636811', '01768969', '01775879', '01769347']
2025-07-09 09:03:31,413 - INFO - 扩展子图边: [('02636811', '01768969', {'relation': '_derivationally_related_form'}), ('01768969', '01775879', {'relation': '_member_meronym'}), ('01769347', '02636811', {'relation': '_derivationally_related_form'})]
2025-07-09 09:03:31,413 - INFO - 处理第48/59个anchor
2025-07-09 09:03:31,413 - INFO - 开始处理anchor: ('02636811', '_derivationally_related_form', '01772222')
2025-07-09 09:03:31,419 - INFO - 最大扩展步数: 2
2025-07-09 09:03:31,470 - INFO - 步骤 1: 添加边 ('01775062', '01772222', '_hypernym'), 相似度提升: 0.0688
2025-07-09 09:03:31,535 - INFO - 步骤 2: 添加边 ('01768969', '02636811', '_derivationally_related_form'), 相似度提升: 0.0627
2025-07-09 09:03:31,542 - INFO - 匹配成功: True
2025-07-09 09:03:31,542 - INFO - 匹配得分: 0.9541
2025-07-09 09:03:31,543 - INFO - 扩展子图节点: ['02636811', '01772222', '01775062', '01768969']
2025-07-09 09:03:31,543 - INFO - 扩展子图边: [('02636811', '01772222', {'relation': '_derivationally_related_form'}), ('01775062', '01772222', {'relation': '_hypernym'}), ('01768969', '02636811', {'relation': '_derivationally_related_form'})]
2025-07-09 09:03:31,543 - INFO - 处理第49/59个anchor
2025-07-09 09:03:31,544 - INFO - 开始处理anchor: ('01455754', '_hypernym', '01974062')
2025-07-09 09:03:31,549 - INFO - 最大扩展步数: 2
2025-07-09 09:03:31,673 - INFO - 步骤 1: 添加边 ('05131283', '01974062', '_derivationally_related_form'), 相似度提升: 0.1333
2025-07-09 09:03:31,804 - INFO - 步骤 2: 添加边 ('01974062', '05131283', '_derivationally_related_form'), 相似度提升: 0.0521
2025-07-09 09:03:31,810 - INFO - 匹配成功: True
2025-07-09 09:03:31,812 - INFO - 匹配得分: 0.9250
2025-07-09 09:03:31,812 - INFO - 扩展子图节点: ['01455754', '01974062', '05131283']
2025-07-09 09:03:31,812 - INFO - 扩展子图边: [('01455754', '01974062', {'relation': '_hypernym'}), ('01974062', '05131283', {'relation': '_derivationally_related_form'}), ('05131283', '01974062', {'relation': '_derivationally_related_form'})]
2025-07-09 09:03:31,812 - INFO - 处理第50/59个anchor
2025-07-09 09:03:31,812 - INFO - 开始处理anchor: ('01974062', '_derivationally_related_form', '09206985')
2025-07-09 09:03:31,817 - INFO - 最大扩展步数: 2
2025-07-09 09:03:31,976 - INFO - 步骤 1: 添加边 ('05131283', '01974062', '_derivationally_related_form'), 相似度提升: 0.0972
2025-07-09 09:03:32,119 - INFO - 步骤 2: 添加边 ('02077656', '01974062', '_also_see'), 相似度提升: 0.1395
2025-07-09 09:03:32,125 - INFO - 匹配成功: True
2025-07-09 09:03:32,125 - INFO - 匹配得分: 0.9527
2025-07-09 09:03:32,126 - INFO - 扩展子图节点: ['01974062', '09206985', '05131283', '02077656']
2025-07-09 09:03:32,126 - INFO - 扩展子图边: [('01974062', '09206985', {'relation': '_derivationally_related_form'}), ('05131283', '01974062', {'relation': '_derivationally_related_form'}), ('02077656', '01974062', {'relation': '_also_see'})]
2025-07-09 09:03:32,127 - INFO - 处理第51/59个anchor
2025-07-09 09:03:32,127 - INFO - 开始处理anchor: ('01974062', '_derivationally_related_form', '07348399')
2025-07-09 09:03:32,131 - INFO - 最大扩展步数: 2
2025-07-09 09:03:32,269 - INFO - 步骤 1: 添加边 ('03281145', '01974062', '_derivationally_related_form'), 相似度提升: 0.0600
2025-07-09 09:03:32,407 - INFO - 步骤 2: 添加边 ('01975912', '01974062', '_hypernym'), 相似度提升: 0.1004
2025-07-09 09:03:32,413 - INFO - 匹配成功: True
2025-07-09 09:03:32,413 - INFO - 匹配得分: 0.9168
2025-07-09 09:03:32,413 - INFO - 扩展子图节点: ['01974062', '07348399', '03281145', '01975912']
2025-07-09 09:03:32,413 - INFO - 扩展子图边: [('01974062', '07348399', {'relation': '_derivationally_related_form'}), ('03281145', '01974062', {'relation': '_derivationally_related_form'}), ('01975912', '01974062', {'relation': '_hypernym'})]
2025-07-09 09:03:32,413 - INFO - 处理第52/59个anchor
2025-07-09 09:03:32,413 - INFO - 开始处理anchor: ('01974062', '_derivationally_related_form', '10773394')
2025-07-09 09:03:32,418 - INFO - 最大扩展步数: 2
2025-07-09 09:03:32,567 - INFO - 步骤 1: 添加边 ('01974062', '09366317', '_derivationally_related_form'), 相似度提升: 0.0974
2025-07-09 09:03:32,720 - INFO - 步骤 2: 添加边 ('09366317', '09437454', '_has_part'), 相似度提升: 0.0427
2025-07-09 09:03:32,726 - INFO - 匹配成功: True
2025-07-09 09:03:32,726 - INFO - 匹配得分: 0.8929
2025-07-09 09:03:32,726 - INFO - 扩展子图节点: ['01974062', '10773394', '09366317', '09437454']
2025-07-09 09:03:32,726 - INFO - 扩展子图边: [('01974062', '10773394', {'relation': '_derivationally_related_form'}), ('01974062', '09366317', {'relation': '_derivationally_related_form'}), ('09366317', '09437454', {'relation': '_has_part'})]
2025-07-09 09:03:32,728 - INFO - 处理第53/59个anchor
2025-07-09 09:03:32,728 - INFO - 开始处理anchor: ('01974062', '_derivationally_related_form', '07370671')
2025-07-09 09:03:32,732 - INFO - 最大扩展步数: 2
2025-07-09 09:03:32,902 - INFO - 步骤 1: 添加边 ('01975912', '01974062', '_hypernym'), 相似度提升: 0.0599
2025-07-09 09:03:33,062 - INFO - 步骤 2: 添加边 ('01974062', '04231693', '_derivationally_related_form'), 相似度提升: 0.0521
2025-07-09 09:03:33,068 - INFO - 匹配成功: True
2025-07-09 09:03:33,068 - INFO - 匹配得分: 0.9163
2025-07-09 09:03:33,068 - INFO - 扩展子图节点: ['01974062', '07370671', '01975912', '04231693']
2025-07-09 09:03:33,069 - INFO - 扩展子图边: [('01974062', '07370671', {'relation': '_derivationally_related_form'}), ('01974062', '04231693', {'relation': '_derivationally_related_form'}), ('01975912', '01974062', {'relation': '_hypernym'})]
2025-07-09 09:03:33,069 - INFO - 处理第54/59个anchor
2025-07-09 09:03:33,069 - INFO - 开始处理anchor: ('01974062', '_derivationally_related_form', '00116376')
2025-07-09 09:03:33,074 - INFO - 最大扩展步数: 2
2025-07-09 09:03:33,217 - INFO - 步骤 1: 添加边 ('01975237', '01974062', '_hypernym'), 相似度提升: 0.0834
2025-07-09 09:03:33,375 - INFO - 步骤 2: 添加边 ('01974062', '07348399', '_derivationally_related_form'), 相似度提升: 0.0830
2025-07-09 09:03:33,381 - INFO - 匹配成功: True
2025-07-09 09:03:33,381 - INFO - 匹配得分: 0.9472
2025-07-09 09:03:33,381 - INFO - 扩展子图节点: ['01974062', '00116376', '01975237', '07348399']
2025-07-09 09:03:33,381 - INFO - 扩展子图边: [('01974062', '00116376', {'relation': '_derivationally_related_form'}), ('01974062', '07348399', {'relation': '_derivationally_related_form'}), ('01975237', '01974062', {'relation': '_hypernym'})]
2025-07-09 09:03:33,382 - INFO - 处理第55/59个anchor
2025-07-09 09:03:33,382 - INFO - 开始处理anchor: ('01974062', '_derivationally_related_form', '04231693')
2025-07-09 09:03:33,387 - INFO - 最大扩展步数: 2
2025-07-09 09:03:33,526 - INFO - 步骤 1: 添加边 ('01974062', '07348399', '_derivationally_related_form'), 相似度提升: 0.0539
2025-07-09 09:03:33,667 - INFO - 步骤 2: 添加边 ('00316594', '01974062', '_derivationally_related_form'), 相似度提升: 0.0674
2025-07-09 09:03:33,674 - INFO - 匹配成功: True
2025-07-09 09:03:33,675 - INFO - 匹配得分: 0.9414
2025-07-09 09:03:33,675 - INFO - 扩展子图节点: ['01974062', '04231693', '07348399', '00316594']
2025-07-09 09:03:33,675 - INFO - 扩展子图边: [('01974062', '04231693', {'relation': '_derivationally_related_form'}), ('01974062', '07348399', {'relation': '_derivationally_related_form'}), ('00316594', '01974062', {'relation': '_derivationally_related_form'})]
2025-07-09 09:03:33,676 - INFO - 处理第56/59个anchor
2025-07-09 09:03:33,676 - INFO - 开始处理anchor: ('01974062', '_derivationally_related_form', '09366317')
2025-07-09 09:03:33,680 - INFO - 最大扩展步数: 2
2025-07-09 09:03:33,840 - INFO - 步骤 1: 添加边 ('01975387', '01974062', '_hypernym'), 相似度提升: 0.1094
2025-07-09 09:03:34,001 - INFO - 步骤 2: 添加边 ('01975387', '00433802', '_synset_domain_topic_of'), 相似度提升: 0.1003
2025-07-09 09:03:34,008 - INFO - 匹配成功: True
2025-07-09 09:03:34,008 - INFO - 匹配得分: 0.9261
2025-07-09 09:03:34,008 - INFO - 扩展子图节点: ['01974062', '09366317', '01975387', '00433802']
2025-07-09 09:03:34,009 - INFO - 扩展子图边: [('01974062', '09366317', {'relation': '_derivationally_related_form'}), ('01975387', '01974062', {'relation': '_hypernym'}), ('01975387', '00433802', {'relation': '_synset_domain_topic_of'})]
2025-07-09 09:03:34,009 - INFO - 处理第57/59个anchor
2025-07-09 09:03:34,009 - INFO - 开始处理anchor: ('01974062', '_derivationally_related_form', '03281145')
2025-07-09 09:03:34,014 - INFO - 最大扩展步数: 2
2025-07-09 09:03:34,150 - INFO - 步骤 1: 添加边 ('01975237', '01974062', '_hypernym'), 相似度提升: 0.0531
2025-07-09 09:03:34,273 - INFO - 步骤 2: 添加边 ('01239359', '01974062', '_hypernym'), 相似度提升: 0.0865
2025-07-09 09:03:34,279 - INFO - 匹配成功: True
2025-07-09 09:03:34,279 - INFO - 匹配得分: 0.8892
2025-07-09 09:03:34,279 - INFO - 扩展子图节点: ['01974062', '03281145', '01975237', '01239359']
2025-07-09 09:03:34,279 - INFO - 扩展子图边: [('01974062', '03281145', {'relation': '_derivationally_related_form'}), ('01975237', '01974062', {'relation': '_hypernym'}), ('01239359', '01974062', {'relation': '_hypernym'})]
2025-07-09 09:03:34,280 - INFO - 处理第58/59个anchor
2025-07-09 09:03:34,280 - INFO - 开始处理anchor: ('01974062', '_derivationally_related_form', '05131283')
2025-07-09 09:03:34,284 - INFO - 最大扩展步数: 2
2025-07-09 09:03:34,425 - INFO - 步骤 1: 添加边 ('01976089', '01974062', '_hypernym'), 相似度提升: 0.0232
2025-07-09 09:03:34,581 - INFO - 步骤 2: 添加边 ('01982866', '01974062', '_hypernym'), 相似度提升: 0.0477
2025-07-09 09:03:34,588 - INFO - 匹配成功: True
2025-07-09 09:03:34,589 - INFO - 匹配得分: 0.9573
2025-07-09 09:03:34,589 - INFO - 扩展子图节点: ['01974062', '05131283', '01976089', '01982866']
2025-07-09 09:03:34,589 - INFO - 扩展子图边: [('01974062', '05131283', {'relation': '_derivationally_related_form'}), ('01976089', '01974062', {'relation': '_hypernym'}), ('01982866', '01974062', {'relation': '_hypernym'})]
2025-07-09 09:03:34,590 - INFO - 处理第59/59个anchor
2025-07-09 09:03:34,590 - INFO - 开始处理anchor: ('01974062', '_derivationally_related_form', '00316594')
2025-07-09 09:03:34,595 - INFO - 最大扩展步数: 2
2025-07-09 09:03:34,749 - INFO - 步骤 1: 添加边 ('01975237', '01974062', '_hypernym'), 相似度提升: 0.0408
2025-07-09 09:03:34,874 - INFO - 步骤 2: 添加边 ('01239359', '01974062', '_hypernym'), 相似度提升: 0.0362
2025-07-09 09:03:34,880 - INFO - 匹配成功: True
2025-07-09 09:03:34,880 - INFO - 匹配得分: 0.9119
2025-07-09 09:03:34,881 - INFO - 扩展子图节点: ['01974062', '00316594', '01975237', '01239359']
2025-07-09 09:03:34,881 - INFO - 扩展子图边: [('01974062', '00316594', {'relation': '_derivationally_related_form'}), ('01975237', '01974062', {'relation': '_hypernym'}), ('01239359', '01974062', {'relation': '_hypernym'})]
2025-07-09 09:03:34,881 - INFO - 批量匹配完成: 59/59 成功匹配
2025-07-09 09:03:34,901 - INFO - 结果已保存到: result2.json
