2025-07-09 09:16:05,562 - INFO - 成功加载预训练embedding
2025-07-09 09:16:05,631 - WARNING - 加载训练模型失败: No module named 'simple_train'
2025-07-09 09:16:05,632 - INFO - StructMatch系统初始化完成（集成语义增强）
2025-07-09 09:16:05,632 - INFO - 开始加载数据...
2025-07-09 09:16:06,774 - INFO - 成功加载知识图谱: 40559个实体, 11种关系, 86835个三元组
2025-07-09 09:16:06,775 - INFO - 成功加载2条规则
2025-07-09 09:16:06,775 - INFO - 数据加载完成
2025-07-09 09:16:06,982 - INFO - 开始批量匹配，共100个anchor，规则ID: rule_001
2025-07-09 09:16:06,982 - INFO - 规则关系类型: {'_also_see', '_synset_domain_topic_of'}
2025-07-09 09:16:06,982 - INFO - 原始anchor数量: 100
2025-07-09 09:16:06,983 - INFO - 优先关系anchor: 9, 其他关系anchor: 50
2025-07-09 09:16:06,994 - INFO - 筛选后总anchor数量: 59
2025-07-09 09:16:06,994 - INFO - 智能筛选后，保留59个相关anchor
2025-07-09 09:16:06,995 - INFO - 处理第1/59个anchor
2025-07-09 09:16:06,995 - INFO - 开始处理anchor: ('00260881', '_synset_domain_topic_of', '01124794')
2025-07-09 09:16:07,015 - INFO - 最大扩展步数: 2
2025-07-09 09:16:07,110 - INFO - 步骤 1: 添加边 ('01126335', '01124794', '_hypernym'), 相似度提升: 0.0401
2025-07-09 09:16:07,207 - INFO - 步骤 2: 添加边 ('01124794', '02442205', '_derivationally_related_form'), 相似度提升: 0.0396
2025-07-09 09:16:07,216 - INFO - 匹配成功: True
2025-07-09 09:16:07,216 - INFO - 匹配得分: 0.9230
2025-07-09 09:16:07,217 - INFO - 扩展子图节点: ['00260881', '01124794', '01126335', '02442205']
2025-07-09 09:16:07,217 - INFO - 扩展子图边: [('00260881', '01124794', {'relation': '_synset_domain_topic_of'}), ('01124794', '02442205', {'relation': '_derivationally_related_form'}), ('01126335', '01124794', {'relation': '_hypernym'})]
2025-07-09 09:16:07,217 - INFO - 处理第2/59个anchor
2025-07-09 09:16:07,217 - INFO - 开始处理anchor: ('02636811', '_synset_domain_topic_of', '06083243')
2025-07-09 09:16:07,223 - INFO - 最大扩展步数: 2
2025-07-09 09:16:07,319 - INFO - 步骤 1: 相似度提升不足 (-0.0026), 停止扩展
2025-07-09 09:16:07,324 - INFO - 匹配成功: True
2025-07-09 09:16:07,325 - INFO - 匹配得分: 0.9603
2025-07-09 09:16:07,326 - INFO - 扩展子图节点: ['02636811', '06083243']
2025-07-09 09:16:07,326 - INFO - 扩展子图边: [('02636811', '06083243', {'relation': '_synset_domain_topic_of'})]
2025-07-09 09:16:07,326 - INFO - 处理第3/59个anchor
2025-07-09 09:16:07,327 - INFO - 开始处理anchor: ('01974062', '_also_see', '01976089')
2025-07-09 09:16:07,332 - INFO - 最大扩展步数: 2
2025-07-09 09:16:07,496 - INFO - 步骤 1: 添加边 ('01975587', '01974062', '_hypernym'), 相似度提升: 0.0090
2025-07-09 09:16:07,664 - INFO - 步骤 2: 添加边 ('01455184', '01974062', '_hypernym'), 相似度提升: 0.0393
2025-07-09 09:16:07,673 - INFO - 匹配成功: True
2025-07-09 09:16:07,673 - INFO - 匹配得分: 0.9420
2025-07-09 09:16:07,674 - INFO - 扩展子图节点: ['01974062', '01976089', '01975587', '01455184']
2025-07-09 09:16:07,675 - INFO - 扩展子图边: [('01974062', '01976089', {'relation': '_also_see'}), ('01975587', '01974062', {'relation': '_hypernym'}), ('01455184', '01974062', {'relation': '_hypernym'})]
2025-07-09 09:16:07,675 - INFO - 处理第4/59个anchor
2025-07-09 09:16:07,676 - INFO - 开始处理anchor: ('00057306', '_synset_domain_topic_of', '08199025')
2025-07-09 09:16:07,681 - INFO - 最大扩展步数: 2
2025-07-09 09:16:08,056 - INFO - 步骤 1: 添加边 ('08391206', '08199025', '_synset_domain_topic_of'), 相似度提升: 0.0740
2025-07-09 09:16:08,449 - INFO - 步骤 2: 添加边 ('02794779', '08199025', '_synset_domain_topic_of'), 相似度提升: 0.0626
2025-07-09 09:16:08,456 - INFO - 匹配成功: True
2025-07-09 09:16:08,457 - INFO - 匹配得分: 0.9687
2025-07-09 09:16:08,458 - INFO - 扩展子图节点: ['00057306', '08199025', '08391206', '02794779']
2025-07-09 09:16:08,458 - INFO - 扩展子图边: [('00057306', '08199025', {'relation': '_synset_domain_topic_of'}), ('08391206', '08199025', {'relation': '_synset_domain_topic_of'}), ('02794779', '08199025', {'relation': '_synset_domain_topic_of'})]
2025-07-09 09:16:08,459 - INFO - 处理第5/59个anchor
2025-07-09 09:16:08,459 - INFO - 开始处理anchor: ('00056912', '_synset_domain_topic_of', '08199025')
2025-07-09 09:16:08,464 - INFO - 最大扩展步数: 2
2025-07-09 09:16:08,845 - INFO - 步骤 1: 添加边 ('00461402', '08199025', '_synset_domain_topic_of'), 相似度提升: 0.0168
2025-07-09 09:16:09,318 - INFO - 步骤 2: 添加边 ('04566561', '08199025', '_synset_domain_topic_of'), 相似度提升: 0.0403
2025-07-09 09:16:09,329 - INFO - 匹配成功: True
2025-07-09 09:16:09,330 - INFO - 匹配得分: 0.9345
2025-07-09 09:16:09,330 - INFO - 扩展子图节点: ['00056912', '08199025', '00461402', '04566561']
2025-07-09 09:16:09,330 - INFO - 扩展子图边: [('00056912', '08199025', {'relation': '_synset_domain_topic_of'}), ('00461402', '08199025', {'relation': '_synset_domain_topic_of'}), ('04566561', '08199025', {'relation': '_synset_domain_topic_of'})]
2025-07-09 09:16:09,330 - INFO - 处理第6/59个anchor
2025-07-09 09:16:09,331 - INFO - 开始处理anchor: ('10341660', '_synset_domain_topic_of', '06037666')
2025-07-09 09:16:09,335 - INFO - 最大扩展步数: 2
2025-07-09 09:16:09,714 - INFO - 步骤 1: 添加边 ('08108972', '06037666', '_synset_domain_topic_of'), 相似度提升: 0.0523
2025-07-09 09:16:10,434 - INFO - 步骤 2: 添加边 ('08110648', '06037666', '_synset_domain_topic_of'), 相似度提升: 0.0709
2025-07-09 09:16:10,443 - INFO - 匹配成功: True
2025-07-09 09:16:10,443 - INFO - 匹配得分: 0.9514
2025-07-09 09:16:10,444 - INFO - 扩展子图节点: ['10341660', '06037666', '08108972', '08110648']
2025-07-09 09:16:10,444 - INFO - 扩展子图边: [('10341660', '06037666', {'relation': '_synset_domain_topic_of'}), ('08108972', '06037666', {'relation': '_synset_domain_topic_of'}), ('08110648', '06037666', {'relation': '_synset_domain_topic_of'})]
2025-07-09 09:16:10,444 - INFO - 处理第7/59个anchor
2025-07-09 09:16:10,445 - INFO - 开始处理anchor: ('01698271', '_also_see', '01754576')
2025-07-09 09:16:10,450 - INFO - 最大扩展步数: 2
2025-07-09 09:16:10,579 - INFO - 步骤 1: 添加边 ('01698271', '03906997', '_derivationally_related_form'), 相似度提升: 0.0498
2025-07-09 09:16:10,686 - INFO - 步骤 2: 添加边 ('01744611', '01698271', '_verb_group'), 相似度提升: 0.0330
2025-07-09 09:16:10,693 - INFO - 匹配成功: True
2025-07-09 09:16:10,694 - INFO - 匹配得分: 0.9361
2025-07-09 09:16:10,694 - INFO - 扩展子图节点: ['01698271', '01754576', '03906997', '01744611']
2025-07-09 09:16:10,694 - INFO - 扩展子图边: [('01698271', '01754576', {'relation': '_also_see'}), ('01698271', '03906997', {'relation': '_derivationally_related_form'}), ('01744611', '01698271', {'relation': '_verb_group'})]
2025-07-09 09:16:10,695 - INFO - 处理第8/59个anchor
2025-07-09 09:16:10,695 - INFO - 开始处理anchor: ('01698271', '_synset_domain_topic_of', '00929718')
2025-07-09 09:16:10,699 - INFO - 最大扩展步数: 2
2025-07-09 09:16:10,892 - INFO - 步骤 1: 添加边 ('10794014', '00929718', '_derivationally_related_form'), 相似度提升: 0.0357
2025-07-09 09:16:11,284 - INFO - 步骤 2: 添加边 ('00931721', '00929718', '_hypernym'), 相似度提升: 0.0209
2025-07-09 09:16:11,292 - INFO - 匹配成功: True
2025-07-09 09:16:11,292 - INFO - 匹配得分: 0.9656
2025-07-09 09:16:11,293 - INFO - 扩展子图节点: ['01698271', '00929718', '10794014', '00931721']
2025-07-09 09:16:11,293 - INFO - 扩展子图边: [('01698271', '00929718', {'relation': '_synset_domain_topic_of'}), ('10794014', '00929718', {'relation': '_derivationally_related_form'}), ('00931721', '00929718', {'relation': '_hypernym'})]
2025-07-09 09:16:11,293 - INFO - 处理第9/59个anchor
2025-07-09 09:16:11,294 - INFO - 开始处理anchor: ('01754576', '_synset_domain_topic_of', '00929718')
2025-07-09 09:16:11,298 - INFO - 最大扩展步数: 2
2025-07-09 09:16:11,408 - INFO - 步骤 1: 添加边 ('00930868', '00929718', '_hypernym'), 相似度提升: 0.0746
2025-07-09 09:16:11,521 - INFO - 步骤 2: 添加边 ('00929718', '01698271', '_derivationally_related_form'), 相似度提升: 0.0463
2025-07-09 09:16:11,530 - INFO - 匹配成功: True
2025-07-09 09:16:11,530 - INFO - 匹配得分: 0.9423
2025-07-09 09:16:11,530 - INFO - 扩展子图节点: ['01754576', '00929718', '00930868', '01698271']
2025-07-09 09:16:11,530 - INFO - 扩展子图边: [('01754576', '00929718', {'relation': '_synset_domain_topic_of'}), ('00929718', '01698271', {'relation': '_derivationally_related_form'}), ('00930868', '00929718', {'relation': '_hypernym'})]
2025-07-09 09:16:11,531 - INFO - 处理第10/59个anchor
2025-07-09 09:16:11,531 - INFO - 开始处理anchor: ('00260881', '_hypernym', '00260622')
2025-07-09 09:16:11,536 - INFO - 最大扩展步数: 2
2025-07-09 09:16:11,563 - INFO - 步骤 1: 添加边 ('00260622', '00248977', '_hypernym'), 相似度提升: 0.0494
2025-07-09 09:16:11,635 - INFO - 步骤 2: 添加边 ('00260622', '00265386', '_derivationally_related_form'), 相似度提升: 0.0156
2025-07-09 09:16:11,644 - INFO - 匹配成功: True
2025-07-09 09:16:11,644 - INFO - 匹配得分: 0.9370
2025-07-09 09:16:11,644 - INFO - 扩展子图节点: ['00260881', '00260622', '00248977', '00265386']
2025-07-09 09:16:11,644 - INFO - 扩展子图边: [('00260881', '00260622', {'relation': '_hypernym'}), ('00260622', '00248977', {'relation': '_hypernym'}), ('00260622', '00265386', {'relation': '_derivationally_related_form'})]
2025-07-09 09:16:11,645 - INFO - 处理第11/59个anchor
2025-07-09 09:16:11,645 - INFO - 开始处理anchor: ('00260622', '_derivationally_related_form', '00265386')
2025-07-09 09:16:11,650 - INFO - 最大扩展步数: 2
2025-07-09 09:16:11,698 - INFO - 步骤 1: 添加边 ('00260881', '00260622', '_hypernym'), 相似度提升: 0.0338
2025-07-09 09:16:11,743 - INFO - 步骤 2: 添加边 ('00265386', '00095971', '_derivationally_related_form'), 相似度提升: 0.0502
2025-07-09 09:16:11,750 - INFO - 匹配成功: True
2025-07-09 09:16:11,750 - INFO - 匹配得分: 0.9192
2025-07-09 09:16:11,751 - INFO - 扩展子图节点: ['00260622', '00265386', '00260881', '00095971']
2025-07-09 09:16:11,751 - INFO - 扩展子图边: [('00260622', '00265386', {'relation': '_derivationally_related_form'}), ('00265386', '00095971', {'relation': '_derivationally_related_form'}), ('00260881', '00260622', {'relation': '_hypernym'})]
2025-07-09 09:16:11,751 - INFO - 处理第12/59个anchor
2025-07-09 09:16:11,751 - INFO - 开始处理anchor: ('00260622', '_hypernym', '00248977')
2025-07-09 09:16:11,758 - INFO - 最大扩展步数: 2
2025-07-09 09:16:11,834 - INFO - 步骤 1: 添加边 ('00261258', '00248977', '_hypernym'), 相似度提升: 0.0475
2025-07-09 09:16:11,907 - INFO - 步骤 2: 添加边 ('00250259', '00248977', '_hypernym'), 相似度提升: 0.0469
2025-07-09 09:16:11,914 - INFO - 匹配成功: True
2025-07-09 09:16:11,914 - INFO - 匹配得分: 0.8937
2025-07-09 09:16:11,914 - INFO - 扩展子图节点: ['00260622', '00248977', '00261258', '00250259']
2025-07-09 09:16:11,915 - INFO - 扩展子图边: [('00260622', '00248977', {'relation': '_hypernym'}), ('00261258', '00248977', {'relation': '_hypernym'}), ('00250259', '00248977', {'relation': '_hypernym'})]
2025-07-09 09:16:11,915 - INFO - 处理第13/59个anchor
2025-07-09 09:16:11,915 - INFO - 开始处理anchor: ('00260622', '_derivationally_related_form', '00265673')
2025-07-09 09:16:11,920 - INFO - 最大扩展步数: 2
2025-07-09 09:16:11,961 - INFO - 步骤 1: 添加边 ('00260881', '00260622', '_hypernym'), 相似度提升: 0.0015
2025-07-09 09:16:11,997 - INFO - 步骤 2: 相似度提升不足 (-0.0117), 停止扩展
2025-07-09 09:16:12,002 - INFO - 匹配成功: True
2025-07-09 09:16:12,002 - INFO - 匹配得分: 0.9307
2025-07-09 09:16:12,002 - INFO - 扩展子图节点: ['00260622', '00265673', '00260881']
2025-07-09 09:16:12,003 - INFO - 扩展子图边: [('00260622', '00265673', {'relation': '_derivationally_related_form'}), ('00260881', '00260622', {'relation': '_hypernym'})]
2025-07-09 09:16:12,003 - INFO - 处理第14/59个anchor
2025-07-09 09:16:12,003 - INFO - 开始处理anchor: ('01332730', '_derivationally_related_form', '03122748')
2025-07-09 09:16:12,010 - INFO - 最大扩展步数: 2
2025-07-09 09:16:12,202 - INFO - 步骤 1: 相似度提升不足 (-0.0089), 停止扩展
2025-07-09 09:16:12,209 - INFO - 匹配成功: True
2025-07-09 09:16:12,210 - INFO - 匹配得分: 0.9267
2025-07-09 09:16:12,210 - INFO - 扩展子图节点: ['01332730', '03122748']
2025-07-09 09:16:12,210 - INFO - 扩展子图边: [('01332730', '03122748', {'relation': '_derivationally_related_form'})]
2025-07-09 09:16:12,211 - INFO - 处理第15/59个anchor
2025-07-09 09:16:12,211 - INFO - 开始处理anchor: ('01332730', '_derivationally_related_form', '02840619')
2025-07-09 09:16:12,215 - INFO - 最大扩展步数: 2
2025-07-09 09:16:12,394 - INFO - 步骤 1: 添加边 ('01269379', '01332730', '_hypernym'), 相似度提升: 0.0684
2025-07-09 09:16:12,583 - INFO - 步骤 2: 添加边 ('01363482', '01332730', '_hypernym'), 相似度提升: 0.0136
2025-07-09 09:16:12,593 - INFO - 匹配成功: True
2025-07-09 09:16:12,593 - INFO - 匹配得分: 0.9059
2025-07-09 09:16:12,594 - INFO - 扩展子图节点: ['01332730', '02840619', '01269379', '01363482']
2025-07-09 09:16:12,594 - INFO - 扩展子图边: [('01332730', '02840619', {'relation': '_derivationally_related_form'}), ('01269379', '01332730', {'relation': '_hypernym'}), ('01363482', '01332730', {'relation': '_hypernym'})]
2025-07-09 09:16:12,594 - INFO - 处理第16/59个anchor
2025-07-09 09:16:12,594 - INFO - 开始处理anchor: ('01332730', '_verb_group', '01336635')
2025-07-09 09:16:12,599 - INFO - 最大扩展步数: 2
2025-07-09 09:16:12,755 - INFO - 步骤 1: 添加边 ('01363648', '01332730', '_hypernym'), 相似度提升: 0.1070
2025-07-09 09:16:12,953 - INFO - 步骤 2: 相似度提升不足 (-0.0039), 停止扩展
2025-07-09 09:16:12,961 - INFO - 匹配成功: True
2025-07-09 09:16:12,961 - INFO - 匹配得分: 0.9421
2025-07-09 09:16:12,962 - INFO - 扩展子图节点: ['01332730', '01336635', '01363648']
2025-07-09 09:16:12,962 - INFO - 扩展子图边: [('01332730', '01336635', {'relation': '_verb_group'}), ('01363648', '01332730', {'relation': '_hypernym'})]
2025-07-09 09:16:12,962 - INFO - 处理第17/59个anchor
2025-07-09 09:16:12,962 - INFO - 开始处理anchor: ('01332730', '_verb_group', '01207951')
2025-07-09 09:16:12,967 - INFO - 最大扩展步数: 2
2025-07-09 09:16:13,162 - INFO - 步骤 1: 添加边 ('01233993', '01332730', '_hypernym'), 相似度提升: 0.0472
2025-07-09 09:16:13,373 - INFO - 步骤 2: 添加边 ('01269379', '01332730', '_hypernym'), 相似度提升: 0.0640
2025-07-09 09:16:13,382 - INFO - 匹配成功: True
2025-07-09 09:16:13,382 - INFO - 匹配得分: 0.9291
2025-07-09 09:16:13,382 - INFO - 扩展子图节点: ['01332730', '01207951', '01233993', '01269379']
2025-07-09 09:16:13,382 - INFO - 扩展子图边: [('01332730', '01207951', {'relation': '_verb_group'}), ('01233993', '01332730', {'relation': '_hypernym'}), ('01269379', '01332730', {'relation': '_hypernym'})]
2025-07-09 09:16:13,383 - INFO - 处理第18/59个anchor
2025-07-09 09:16:13,383 - INFO - 开始处理anchor: ('01332730', '_derivationally_related_form', '04151940')
2025-07-09 09:16:13,388 - INFO - 最大扩展步数: 2
2025-07-09 09:16:13,559 - INFO - 步骤 1: 添加边 ('01271189', '01332730', '_hypernym'), 相似度提升: 0.0614
2025-07-09 09:16:13,722 - INFO - 步骤 2: 添加边 ('01332730', '02840619', '_derivationally_related_form'), 相似度提升: 0.0185
2025-07-09 09:16:13,730 - INFO - 匹配成功: True
2025-07-09 09:16:13,731 - INFO - 匹配得分: 0.9596
2025-07-09 09:16:13,731 - INFO - 扩展子图节点: ['01332730', '04151940', '01271189', '02840619']
2025-07-09 09:16:13,731 - INFO - 扩展子图边: [('01332730', '04151940', {'relation': '_derivationally_related_form'}), ('01332730', '02840619', {'relation': '_derivationally_related_form'}), ('01271189', '01332730', {'relation': '_hypernym'})]
2025-07-09 09:16:13,732 - INFO - 处理第19/59个anchor
2025-07-09 09:16:13,732 - INFO - 开始处理anchor: ('03122748', '_derivationally_related_form', '01332730')
2025-07-09 09:16:13,737 - INFO - 最大扩展步数: 2
2025-07-09 09:16:13,944 - INFO - 步骤 1: 添加边 ('03376279', '03122748', '_hypernym'), 相似度提升: 0.0284
2025-07-09 09:16:14,149 - INFO - 步骤 2: 添加边 ('01332730', '03122748', '_derivationally_related_form'), 相似度提升: 0.0441
2025-07-09 09:16:14,156 - INFO - 匹配成功: True
2025-07-09 09:16:14,157 - INFO - 匹配得分: 0.9615
2025-07-09 09:16:14,158 - INFO - 扩展子图节点: ['03122748', '01332730', '03376279']
2025-07-09 09:16:14,158 - INFO - 扩展子图边: [('03122748', '01332730', {'relation': '_derivationally_related_form'}), ('01332730', '03122748', {'relation': '_derivationally_related_form'}), ('03376279', '03122748', {'relation': '_hypernym'})]
2025-07-09 09:16:14,159 - INFO - 处理第20/59个anchor
2025-07-09 09:16:14,159 - INFO - 开始处理anchor: ('03122748', '_hypernym', '00021939')
2025-07-09 09:16:14,164 - INFO - 最大扩展步数: 2
2025-07-09 09:16:14,358 - INFO - 步骤 1: 添加边 ('00585406', '00021939', '_hypernym'), 相似度提升: 0.0213
2025-07-09 09:16:14,562 - INFO - 步骤 2: 添加边 ('02724026', '00021939', '_hypernym'), 相似度提升: 0.0259
2025-07-09 09:16:14,568 - INFO - 匹配成功: True
2025-07-09 09:16:14,568 - INFO - 匹配得分: 0.9065
2025-07-09 09:16:14,568 - INFO - 扩展子图节点: ['03122748', '00021939', '00585406', '02724026']
2025-07-09 09:16:14,569 - INFO - 扩展子图边: [('03122748', '00021939', {'relation': '_hypernym'}), ('00585406', '00021939', {'relation': '_hypernym'}), ('02724026', '00021939', {'relation': '_hypernym'})]
2025-07-09 09:16:14,569 - INFO - 处理第21/59个anchor
2025-07-09 09:16:14,569 - INFO - 开始处理anchor: ('06066555', '_derivationally_related_form', '00645415')
2025-07-09 09:16:14,575 - INFO - 最大扩展步数: 2
2025-07-09 09:16:14,712 - INFO - 步骤 1: 添加边 ('08373244', '06066555', '_synset_domain_topic_of'), 相似度提升: 0.0259
2025-07-09 09:16:14,864 - INFO - 步骤 2: 添加边 ('11691523', '06066555', '_synset_domain_topic_of'), 相似度提升: 0.0514
2025-07-09 09:16:14,871 - INFO - 匹配成功: True
2025-07-09 09:16:14,872 - INFO - 匹配得分: 0.9564
2025-07-09 09:16:14,872 - INFO - 扩展子图节点: ['06066555', '00645415', '08373244', '11691523']
2025-07-09 09:16:14,873 - INFO - 扩展子图边: [('06066555', '00645415', {'relation': '_derivationally_related_form'}), ('08373244', '06066555', {'relation': '_synset_domain_topic_of'}), ('11691523', '06066555', {'relation': '_synset_domain_topic_of'})]
2025-07-09 09:16:14,873 - INFO - 处理第22/59个anchor
2025-07-09 09:16:14,874 - INFO - 开始处理anchor: ('06066555', '_derivationally_related_form', '09868270')
2025-07-09 09:16:14,879 - INFO - 最大扩展步数: 2
2025-07-09 09:16:15,031 - INFO - 步骤 1: 添加边 ('11691046', '06066555', '_synset_domain_topic_of'), 相似度提升: 0.0665
2025-07-09 09:16:15,193 - INFO - 步骤 2: 添加边 ('13125117', '06066555', '_synset_domain_topic_of'), 相似度提升: 0.0336
2025-07-09 09:16:15,200 - INFO - 匹配成功: True
2025-07-09 09:16:15,200 - INFO - 匹配得分: 0.9609
2025-07-09 09:16:15,201 - INFO - 扩展子图节点: ['06066555', '09868270', '11691046', '13125117']
2025-07-09 09:16:15,201 - INFO - 扩展子图边: [('06066555', '09868270', {'relation': '_derivationally_related_form'}), ('11691046', '06066555', {'relation': '_synset_domain_topic_of'}), ('13125117', '06066555', {'relation': '_synset_domain_topic_of'})]
2025-07-09 09:16:15,201 - INFO - 处理第23/59个anchor
2025-07-09 09:16:15,202 - INFO - 开始处理anchor: ('06066555', '_hypernym', '06037666')
2025-07-09 09:16:15,208 - INFO - 最大扩展步数: 2
2025-07-09 09:16:15,598 - INFO - 步骤 1: 添加边 ('06037666', '06037298', '_hypernym'), 相似度提升: 0.0890
2025-07-09 09:16:15,970 - INFO - 步骤 2: 添加边 ('00365513', '06066555', '_synset_domain_topic_of'), 相似度提升: 0.0093
2025-07-09 09:16:15,979 - INFO - 匹配成功: True
2025-07-09 09:16:15,979 - INFO - 匹配得分: 0.9623
2025-07-09 09:16:15,980 - INFO - 扩展子图节点: ['06066555', '06037666', '06037298', '00365513']
2025-07-09 09:16:15,980 - INFO - 扩展子图边: [('06066555', '06037666', {'relation': '_hypernym'}), ('06037666', '06037298', {'relation': '_hypernym'}), ('00365513', '06066555', {'relation': '_synset_domain_topic_of'})]
2025-07-09 09:16:15,980 - INFO - 处理第24/59个anchor
2025-07-09 09:16:15,980 - INFO - 开始处理anchor: ('00645415', '_derivationally_related_form', '06066555')
2025-07-09 09:16:15,985 - INFO - 最大扩展步数: 2
2025-07-09 09:16:16,128 - INFO - 步骤 1: 相似度提升不足 (-0.0080), 停止扩展
2025-07-09 09:16:16,133 - INFO - 匹配成功: True
2025-07-09 09:16:16,134 - INFO - 匹配得分: 0.9270
2025-07-09 09:16:16,134 - INFO - 扩展子图节点: ['00645415', '06066555']
2025-07-09 09:16:16,134 - INFO - 扩展子图边: [('00645415', '06066555', {'relation': '_derivationally_related_form'})]
2025-07-09 09:16:16,134 - INFO - 处理第25/59个anchor
2025-07-09 09:16:16,134 - INFO - 开始处理anchor: ('00645415', '_hypernym', '00643473')
2025-07-09 09:16:16,142 - INFO - 最大扩展步数: 2
2025-07-09 09:16:16,207 - INFO - 步骤 1: 添加边 ('00643473', '09790482', '_derivationally_related_form'), 相似度提升: 0.0656
2025-07-09 09:16:16,273 - INFO - 步骤 2: 添加边 ('01369758', '00643473', '_also_see'), 相似度提升: 0.0259
2025-07-09 09:16:16,281 - INFO - 匹配成功: True
2025-07-09 09:16:16,281 - INFO - 匹配得分: 0.9544
2025-07-09 09:16:16,281 - INFO - 扩展子图节点: ['00645415', '00643473', '09790482', '01369758']
2025-07-09 09:16:16,282 - INFO - 扩展子图边: [('00645415', '00643473', {'relation': '_hypernym'}), ('00643473', '09790482', {'relation': '_derivationally_related_form'}), ('01369758', '00643473', {'relation': '_also_see'})]
2025-07-09 09:16:16,282 - INFO - 处理第26/59个anchor
2025-07-09 09:16:16,282 - INFO - 开始处理anchor: ('09322930', '_instance_hypernym', '09360122')
2025-07-09 09:16:16,288 - INFO - 最大扩展步数: 2
2025-07-09 09:16:16,437 - INFO - 步骤 1: 添加边 ('09478047', '09360122', '_instance_hypernym'), 相似度提升: 0.0517
2025-07-09 09:16:16,619 - INFO - 步骤 2: 添加边 ('09364249', '09360122', '_instance_hypernym'), 相似度提升: 0.0755
2025-07-09 09:16:16,628 - INFO - 匹配成功: True
2025-07-09 09:16:16,628 - INFO - 匹配得分: 0.9667
2025-07-09 09:16:16,628 - INFO - 扩展子图节点: ['09322930', '09360122', '09478047', '09364249']
2025-07-09 09:16:16,629 - INFO - 扩展子图边: [('09322930', '09360122', {'relation': '_instance_hypernym'}), ('09478047', '09360122', {'relation': '_instance_hypernym'}), ('09364249', '09360122', {'relation': '_instance_hypernym'})]
2025-07-09 09:16:16,629 - INFO - 处理第27/59个anchor
2025-07-09 09:16:16,629 - INFO - 开始处理anchor: ('09360122', '_hypernym', '08617963')
2025-07-09 09:16:16,634 - INFO - 最大扩展步数: 2
2025-07-09 09:16:16,826 - INFO - 步骤 1: 添加边 ('09322930', '09360122', '_instance_hypernym'), 相似度提升: 0.0447
2025-07-09 09:16:17,013 - INFO - 步骤 2: 添加边 ('09287289', '09360122', '_instance_hypernym'), 相似度提升: 0.0461
2025-07-09 09:16:17,019 - INFO - 匹配成功: True
2025-07-09 09:16:17,019 - INFO - 匹配得分: 0.9486
2025-07-09 09:16:17,019 - INFO - 扩展子图节点: ['09360122', '08617963', '09322930', '09287289']
2025-07-09 09:16:17,020 - INFO - 扩展子图边: [('09360122', '08617963', {'relation': '_hypernym'}), ('09322930', '09360122', {'relation': '_instance_hypernym'}), ('09287289', '09360122', {'relation': '_instance_hypernym'})]
2025-07-09 09:16:17,020 - INFO - 处理第28/59个anchor
2025-07-09 09:16:17,020 - INFO - 开始处理anchor: ('07193596', '_derivationally_related_form', '00784342')
2025-07-09 09:16:17,026 - INFO - 最大扩展步数: 2
2025-07-09 09:16:17,108 - INFO - 步骤 1: 添加边 ('10207831', '00784342', '_derivationally_related_form'), 相似度提升: 0.0303
2025-07-09 09:16:17,234 - INFO - 步骤 2: 添加边 ('00788184', '07193596', '_derivationally_related_form'), 相似度提升: 0.0276
2025-07-09 09:16:17,247 - INFO - 匹配成功: True
2025-07-09 09:16:17,248 - INFO - 匹配得分: 0.9287
2025-07-09 09:16:17,248 - INFO - 扩展子图节点: ['07193596', '00784342', '10207831', '00788184']
2025-07-09 09:16:17,248 - INFO - 扩展子图边: [('07193596', '00784342', {'relation': '_derivationally_related_form'}), ('10207831', '00784342', {'relation': '_derivationally_related_form'}), ('00788184', '07193596', {'relation': '_derivationally_related_form'})]
2025-07-09 09:16:17,248 - INFO - 处理第29/59个anchor
2025-07-09 09:16:17,248 - INFO - 开始处理anchor: ('07193596', '_derivationally_related_form', '00788184')
2025-07-09 09:16:17,256 - INFO - 最大扩展步数: 2
2025-07-09 09:16:17,359 - INFO - 步骤 1: 添加边 ('07196682', '00788184', '_derivationally_related_form'), 相似度提升: 0.0220
2025-07-09 09:16:17,461 - INFO - 步骤 2: 添加边 ('07195630', '07196682', '_hypernym'), 相似度提升: 0.0102
2025-07-09 09:16:17,467 - INFO - 匹配成功: True
2025-07-09 09:16:17,467 - INFO - 匹配得分: 0.9500
2025-07-09 09:16:17,468 - INFO - 扩展子图节点: ['07193596', '00788184', '07196682', '07195630']
2025-07-09 09:16:17,468 - INFO - 扩展子图边: [('07193596', '00788184', {'relation': '_derivationally_related_form'}), ('07196682', '00788184', {'relation': '_derivationally_related_form'}), ('07195630', '07196682', {'relation': '_hypernym'})]
2025-07-09 09:16:17,468 - INFO - 处理第30/59个anchor
2025-07-09 09:16:17,469 - INFO - 开始处理anchor: ('07193596', '_hypernym', '07193184')
2025-07-09 09:16:17,477 - INFO - 最大扩展步数: 2
2025-07-09 09:16:17,570 - INFO - 步骤 1: 添加边 ('07193958', '07193184', '_hypernym'), 相似度提升: 0.0274
2025-07-09 09:16:17,706 - INFO - 步骤 2: 添加边 ('07193184', '00785962', '_derivationally_related_form'), 相似度提升: 0.0875
2025-07-09 09:16:17,715 - INFO - 匹配成功: True
2025-07-09 09:16:17,716 - INFO - 匹配得分: 0.8647
2025-07-09 09:16:17,716 - INFO - 扩展子图节点: ['07193596', '07193184', '07193958', '00785962']
2025-07-09 09:16:17,716 - INFO - 扩展子图边: [('07193596', '07193184', {'relation': '_hypernym'}), ('07193184', '00785962', {'relation': '_derivationally_related_form'}), ('07193958', '07193184', {'relation': '_hypernym'})]
2025-07-09 09:16:17,717 - INFO - 处理第31/59个anchor
2025-07-09 09:16:17,717 - INFO - 开始处理anchor: ('07193596', '_derivationally_related_form', '00808855')
2025-07-09 09:16:17,727 - INFO - 最大扩展步数: 2
2025-07-09 09:16:17,818 - INFO - 步骤 1: 添加边 ('10213180', '00808855', '_derivationally_related_form'), 相似度提升: 0.0364
2025-07-09 09:16:17,910 - INFO - 步骤 2: 添加边 ('07193596', '07193184', '_hypernym'), 相似度提升: 0.0395
2025-07-09 09:16:17,917 - INFO - 匹配成功: True
2025-07-09 09:16:17,918 - INFO - 匹配得分: 0.9522
2025-07-09 09:16:17,918 - INFO - 扩展子图节点: ['07193596', '00808855', '10213180', '07193184']
2025-07-09 09:16:17,918 - INFO - 扩展子图边: [('07193596', '00808855', {'relation': '_derivationally_related_form'}), ('07193596', '07193184', {'relation': '_hypernym'}), ('10213180', '00808855', {'relation': '_derivationally_related_form'})]
2025-07-09 09:16:17,919 - INFO - 处理第32/59个anchor
2025-07-09 09:16:17,919 - INFO - 开始处理anchor: ('07193596', '_derivationally_related_form', '00785008')
2025-07-09 09:16:17,925 - INFO - 最大扩展步数: 2
2025-07-09 09:16:17,996 - INFO - 步骤 1: 添加边 ('00808855', '07193596', '_derivationally_related_form'), 相似度提升: 0.0141
2025-07-09 09:16:18,088 - INFO - 步骤 2: 添加边 ('10213180', '00808855', '_derivationally_related_form'), 相似度提升: 0.0063
2025-07-09 09:16:18,095 - INFO - 匹配成功: True
2025-07-09 09:16:18,095 - INFO - 匹配得分: 0.9561
2025-07-09 09:16:18,096 - INFO - 扩展子图节点: ['07193596', '00785008', '00808855', '10213180']
2025-07-09 09:16:18,096 - INFO - 扩展子图边: [('07193596', '00785008', {'relation': '_derivationally_related_form'}), ('00808855', '07193596', {'relation': '_derivationally_related_form'}), ('10213180', '00808855', {'relation': '_derivationally_related_form'})]
2025-07-09 09:16:18,096 - INFO - 处理第33/59个anchor
2025-07-09 09:16:18,096 - INFO - 开始处理anchor: ('00784342', '_derivationally_related_form', '10207831')
2025-07-09 09:16:18,101 - INFO - 最大扩展步数: 2
2025-07-09 09:16:18,194 - INFO - 步骤 1: 添加边 ('00784342', '07193184', '_derivationally_related_form'), 相似度提升: 0.0908
2025-07-09 09:16:18,313 - INFO - 步骤 2: 添加边 ('10208287', '10207831', '_hypernym'), 相似度提升: 0.0686
2025-07-09 09:16:18,319 - INFO - 匹配成功: True
2025-07-09 09:16:18,320 - INFO - 匹配得分: 0.9231
2025-07-09 09:16:18,320 - INFO - 扩展子图节点: ['00784342', '10207831', '07193184', '10208287']
2025-07-09 09:16:18,320 - INFO - 扩展子图边: [('00784342', '10207831', {'relation': '_derivationally_related_form'}), ('00784342', '07193184', {'relation': '_derivationally_related_form'}), ('10208287', '10207831', {'relation': '_hypernym'})]
2025-07-09 09:16:18,321 - INFO - 处理第34/59个anchor
2025-07-09 09:16:18,321 - INFO - 开始处理anchor: ('00784342', '_hypernym', '00740577')
2025-07-09 09:16:18,328 - INFO - 最大扩展步数: 2
2025-07-09 09:16:18,483 - INFO - 步骤 1: 添加边 ('00748282', '00740577', '_hypernym'), 相似度提升: 0.0345
2025-07-09 09:16:18,679 - INFO - 步骤 2: 添加边 ('01032840', '00740577', '_hypernym'), 相似度提升: 0.0614
2025-07-09 09:16:18,686 - INFO - 匹配成功: True
2025-07-09 09:16:18,687 - INFO - 匹配得分: 0.9389
2025-07-09 09:16:18,687 - INFO - 扩展子图节点: ['00784342', '00740577', '00748282', '01032840']
2025-07-09 09:16:18,687 - INFO - 扩展子图边: [('00784342', '00740577', {'relation': '_hypernym'}), ('00748282', '00740577', {'relation': '_hypernym'}), ('01032840', '00740577', {'relation': '_hypernym'})]
2025-07-09 09:16:18,688 - INFO - 处理第35/59个anchor
2025-07-09 09:16:18,688 - INFO - 开始处理anchor: ('00784342', '_derivationally_related_form', '07193596')
2025-07-09 09:16:18,695 - INFO - 最大扩展步数: 2
2025-07-09 09:16:18,776 - INFO - 步骤 1: 添加边 ('00784342', '00740577', '_hypernym'), 相似度提升: 0.0155
2025-07-09 09:16:18,972 - INFO - 步骤 2: 添加边 ('01032840', '00740577', '_hypernym'), 相似度提升: 0.0935
2025-07-09 09:16:18,980 - INFO - 匹配成功: True
2025-07-09 09:16:18,981 - INFO - 匹配得分: 0.9267
2025-07-09 09:16:18,981 - INFO - 扩展子图节点: ['00784342', '07193596', '00740577', '01032840']
2025-07-09 09:16:18,981 - INFO - 扩展子图边: [('00784342', '07193596', {'relation': '_derivationally_related_form'}), ('00784342', '00740577', {'relation': '_hypernym'}), ('01032840', '00740577', {'relation': '_hypernym'})]
2025-07-09 09:16:18,981 - INFO - 处理第36/59个anchor
2025-07-09 09:16:18,982 - INFO - 开始处理anchor: ('00784342', '_verb_group', '00897746')
2025-07-09 09:16:18,987 - INFO - 最大扩展步数: 2
2025-07-09 09:16:19,053 - INFO - 步骤 1: 添加边 ('00785008', '00897746', '_hypernym'), 相似度提升: 0.0204
2025-07-09 09:16:19,143 - INFO - 步骤 2: 相似度提升不足 (-0.0053), 停止扩展
2025-07-09 09:16:19,148 - INFO - 匹配成功: True
2025-07-09 09:16:19,148 - INFO - 匹配得分: 0.9603
2025-07-09 09:16:19,148 - INFO - 扩展子图节点: ['00784342', '00897746', '00785008']
2025-07-09 09:16:19,148 - INFO - 扩展子图边: [('00784342', '00897746', {'relation': '_verb_group'}), ('00785008', '00897746', {'relation': '_hypernym'})]
2025-07-09 09:16:19,149 - INFO - 处理第37/59个anchor
2025-07-09 09:16:19,149 - INFO - 开始处理anchor: ('00784342', '_derivationally_related_form', '07193184')
2025-07-09 09:16:19,155 - INFO - 最大扩展步数: 2
2025-07-09 09:16:19,237 - INFO - 步骤 1: 添加边 ('00785008', '07193184', '_derivationally_related_form'), 相似度提升: 0.0392
2025-07-09 09:16:19,353 - INFO - 步骤 2: 添加边 ('07193184', '00784342', '_derivationally_related_form'), 相似度提升: 0.0091
2025-07-09 09:16:19,361 - INFO - 匹配成功: True
2025-07-09 09:16:19,362 - INFO - 匹配得分: 0.9566
2025-07-09 09:16:19,362 - INFO - 扩展子图节点: ['00784342', '07193184', '00785008']
2025-07-09 09:16:19,362 - INFO - 扩展子图边: [('00784342', '07193184', {'relation': '_derivationally_related_form'}), ('07193184', '00784342', {'relation': '_derivationally_related_form'}), ('00785008', '07193184', {'relation': '_derivationally_related_form'})]
2025-07-09 09:16:19,363 - INFO - 处理第38/59个anchor
2025-07-09 09:16:19,363 - INFO - 开始处理anchor: ('00784342', '_verb_group', '00784727')
2025-07-09 09:16:19,367 - INFO - 最大扩展步数: 2
2025-07-09 09:16:19,427 - INFO - 步骤 1: 添加边 ('07193596', '00784342', '_derivationally_related_form'), 相似度提升: 0.0479
2025-07-09 09:16:19,515 - INFO - 步骤 2: 添加边 ('00785008', '07193596', '_derivationally_related_form'), 相似度提升: 0.0201
2025-07-09 09:16:19,524 - INFO - 匹配成功: True
2025-07-09 09:16:19,524 - INFO - 匹配得分: 0.9346
2025-07-09 09:16:19,525 - INFO - 扩展子图节点: ['00784342', '00784727', '07193596', '00785008']
2025-07-09 09:16:19,526 - INFO - 扩展子图边: [('00784342', '00784727', {'relation': '_verb_group'}), ('07193596', '00784342', {'relation': '_derivationally_related_form'}), ('00785008', '07193596', {'relation': '_derivationally_related_form'})]
2025-07-09 09:16:19,526 - INFO - 处理第39/59个anchor
2025-07-09 09:16:19,526 - INFO - 开始处理anchor: ('01768969', '_derivationally_related_form', '02636811')
2025-07-09 09:16:19,531 - INFO - 最大扩展步数: 2
2025-07-09 09:16:19,600 - INFO - 步骤 1: 添加边 ('01768969', '08103777', '_hypernym'), 相似度提升: 0.0199
2025-07-09 09:16:19,999 - INFO - 步骤 2: 添加边 ('08103777', '06037666', '_synset_domain_topic_of'), 相似度提升: 0.0684
2025-07-09 09:16:20,007 - INFO - 匹配成功: True
2025-07-09 09:16:20,008 - INFO - 匹配得分: 0.9700
2025-07-09 09:16:20,008 - INFO - 扩展子图节点: ['01768969', '02636811', '08103777', '06037666']
2025-07-09 09:16:20,009 - INFO - 扩展子图边: [('01768969', '02636811', {'relation': '_derivationally_related_form'}), ('01768969', '08103777', {'relation': '_hypernym'}), ('08103777', '06037666', {'relation': '_synset_domain_topic_of'})]
2025-07-09 09:16:20,009 - INFO - 处理第40/59个anchor
2025-07-09 09:16:20,009 - INFO - 开始处理anchor: ('01768969', '_hypernym', '08103777')
2025-07-09 09:16:20,014 - INFO - 最大扩展步数: 2
2025-07-09 09:16:20,404 - INFO - 步骤 1: 添加边 ('01468532', '08103777', '_hypernym'), 相似度提升: 0.0335
2025-07-09 09:16:20,793 - INFO - 步骤 2: 添加边 ('01394901', '08103777', '_hypernym'), 相似度提升: 0.0227
2025-07-09 09:16:20,799 - INFO - 匹配成功: True
2025-07-09 09:16:20,799 - INFO - 匹配得分: 0.9262
2025-07-09 09:16:20,800 - INFO - 扩展子图节点: ['01768969', '08103777', '01468532', '01394901']
2025-07-09 09:16:20,800 - INFO - 扩展子图边: [('01768969', '08103777', {'relation': '_hypernym'}), ('01468532', '08103777', {'relation': '_hypernym'}), ('01394901', '08103777', {'relation': '_hypernym'})]
2025-07-09 09:16:20,800 - INFO - 处理第41/59个anchor
2025-07-09 09:16:20,801 - INFO - 开始处理anchor: ('01768969', '_member_meronym', '01775879')
2025-07-09 09:16:20,806 - INFO - 最大扩展步数: 2
2025-07-09 09:16:20,871 - INFO - 步骤 1: 相似度提升不足 (-0.0028), 停止扩展
2025-07-09 09:16:20,879 - INFO - 匹配成功: True
2025-07-09 09:16:20,880 - INFO - 匹配得分: 0.9350
2025-07-09 09:16:20,880 - INFO - 扩展子图节点: ['01768969', '01775879']
2025-07-09 09:16:20,880 - INFO - 扩展子图边: [('01768969', '01775879', {'relation': '_member_meronym'})]
2025-07-09 09:16:20,880 - INFO - 处理第42/59个anchor
2025-07-09 09:16:20,880 - INFO - 开始处理anchor: ('01768969', '_member_meronym', '01771966')
2025-07-09 09:16:20,886 - INFO - 最大扩展步数: 2
2025-07-09 09:16:20,959 - INFO - 步骤 1: 添加边 ('01768402', '01768969', '_member_meronym'), 相似度提升: 0.0522
2025-07-09 09:16:21,044 - INFO - 步骤 2: 添加边 ('01771966', '01774918', '_member_meronym'), 相似度提升: 0.0148
2025-07-09 09:16:21,051 - INFO - 匹配成功: True
2025-07-09 09:16:21,051 - INFO - 匹配得分: 0.9362
2025-07-09 09:16:21,051 - INFO - 扩展子图节点: ['01768969', '01771966', '01768402', '01774918']
2025-07-09 09:16:21,052 - INFO - 扩展子图边: [('01768969', '01771966', {'relation': '_member_meronym'}), ('01771966', '01774918', {'relation': '_member_meronym'}), ('01768402', '01768969', {'relation': '_member_meronym'})]
2025-07-09 09:16:21,052 - INFO - 处理第43/59个anchor
2025-07-09 09:16:21,052 - INFO - 开始处理anchor: ('01768969', '_member_meronym', '01769347')
2025-07-09 09:16:21,059 - INFO - 最大扩展步数: 2
2025-07-09 09:16:21,123 - INFO - 步骤 1: 添加边 ('02636811', '01768969', '_derivationally_related_form'), 相似度提升: 0.0426
2025-07-09 09:16:21,213 - INFO - 步骤 2: 添加边 ('01768969', '01769635', '_member_meronym'), 相似度提升: 0.0174
2025-07-09 09:16:21,218 - INFO - 匹配成功: True
2025-07-09 09:16:21,219 - INFO - 匹配得分: 0.9367
2025-07-09 09:16:21,219 - INFO - 扩展子图节点: ['01768969', '01769347', '02636811', '01769635']
2025-07-09 09:16:21,220 - INFO - 扩展子图边: [('01768969', '01769347', {'relation': '_member_meronym'}), ('01768969', '01769635', {'relation': '_member_meronym'}), ('02636811', '01768969', {'relation': '_derivationally_related_form'})]
2025-07-09 09:16:21,220 - INFO - 处理第44/59个anchor
2025-07-09 09:16:21,220 - INFO - 开始处理anchor: ('01768969', '_member_meronym', '01770553')
2025-07-09 09:16:21,227 - INFO - 最大扩展步数: 2
2025-07-09 09:16:21,274 - INFO - 步骤 1: 添加边 ('01770553', '01770967', '_member_meronym'), 相似度提升: 0.0208
2025-07-09 09:16:21,322 - INFO - 步骤 2: 添加边 ('02636811', '01768969', '_derivationally_related_form'), 相似度提升: 0.0024
2025-07-09 09:16:21,329 - INFO - 匹配成功: True
2025-07-09 09:16:21,329 - INFO - 匹配得分: 0.9537
2025-07-09 09:16:21,330 - INFO - 扩展子图节点: ['01768969', '01770553', '01770967', '02636811']
2025-07-09 09:16:21,330 - INFO - 扩展子图边: [('01768969', '01770553', {'relation': '_member_meronym'}), ('01770553', '01770967', {'relation': '_member_meronym'}), ('02636811', '01768969', {'relation': '_derivationally_related_form'})]
2025-07-09 09:16:21,330 - INFO - 处理第45/59个anchor
2025-07-09 09:16:21,330 - INFO - 开始处理anchor: ('01768969', '_member_meronym', '01769635')
2025-07-09 09:16:21,335 - INFO - 最大扩展步数: 2
2025-07-09 09:16:21,384 - INFO - 步骤 1: 添加边 ('01768969', '02636811', '_derivationally_related_form'), 相似度提升: 0.0639
2025-07-09 09:16:21,463 - INFO - 步骤 2: 添加边 ('01769635', '01342529', '_hypernym'), 相似度提升: 0.0174
2025-07-09 09:16:21,470 - INFO - 匹配成功: True
2025-07-09 09:16:21,470 - INFO - 匹配得分: 0.9611
2025-07-09 09:16:21,470 - INFO - 扩展子图节点: ['01768969', '01769635', '02636811', '01342529']
2025-07-09 09:16:21,471 - INFO - 扩展子图边: [('01768969', '01769635', {'relation': '_member_meronym'}), ('01768969', '02636811', {'relation': '_derivationally_related_form'}), ('01769635', '01342529', {'relation': '_hypernym'})]
2025-07-09 09:16:21,471 - INFO - 处理第46/59个anchor
2025-07-09 09:16:21,472 - INFO - 开始处理anchor: ('02636811', '_derivationally_related_form', '01769347')
2025-07-09 09:16:21,479 - INFO - 最大扩展步数: 2
2025-07-09 09:16:21,550 - INFO - 步骤 1: 添加边 ('01770081', '01769347', '_hypernym'), 相似度提升: 0.0272
2025-07-09 09:16:21,612 - INFO - 步骤 2: 添加边 ('01768969', '01769347', '_member_meronym'), 相似度提升: 0.0322
2025-07-09 09:16:21,619 - INFO - 匹配成功: True
2025-07-09 09:16:21,620 - INFO - 匹配得分: 0.9429
2025-07-09 09:16:21,621 - INFO - 扩展子图节点: ['02636811', '01769347', '01770081', '01768969']
2025-07-09 09:16:21,621 - INFO - 扩展子图边: [('02636811', '01769347', {'relation': '_derivationally_related_form'}), ('01770081', '01769347', {'relation': '_hypernym'}), ('01768969', '01769347', {'relation': '_member_meronym'})]
2025-07-09 09:16:21,621 - INFO - 处理第47/59个anchor
2025-07-09 09:16:21,622 - INFO - 开始处理anchor: ('02636811', '_derivationally_related_form', '01768969')
2025-07-09 09:16:21,629 - INFO - 最大扩展步数: 2
2025-07-09 09:16:21,692 - INFO - 步骤 1: 添加边 ('01772222', '02636811', '_derivationally_related_form'), 相似度提升: 0.0480
2025-07-09 09:16:21,769 - INFO - 步骤 2: 添加边 ('02636811', '01769347', '_derivationally_related_form'), 相似度提升: 0.0644
2025-07-09 09:16:21,777 - INFO - 匹配成功: True
2025-07-09 09:16:21,777 - INFO - 匹配得分: 0.9326
2025-07-09 09:16:21,777 - INFO - 扩展子图节点: ['02636811', '01768969', '01772222', '01769347']
2025-07-09 09:16:21,777 - INFO - 扩展子图边: [('02636811', '01768969', {'relation': '_derivationally_related_form'}), ('02636811', '01769347', {'relation': '_derivationally_related_form'}), ('01772222', '02636811', {'relation': '_derivationally_related_form'})]
2025-07-09 09:16:21,778 - INFO - 处理第48/59个anchor
2025-07-09 09:16:21,778 - INFO - 开始处理anchor: ('02636811', '_derivationally_related_form', '01772222')
2025-07-09 09:16:21,782 - INFO - 最大扩展步数: 2
2025-07-09 09:16:21,833 - INFO - 步骤 1: 添加边 ('02636811', '06083243', '_synset_domain_topic_of'), 相似度提升: 0.0757
2025-07-09 09:16:21,935 - INFO - 步骤 2: 添加边 ('04978792', '06083243', '_synset_domain_topic_of'), 相似度提升: 0.0345
2025-07-09 09:16:21,944 - INFO - 匹配成功: True
2025-07-09 09:16:21,944 - INFO - 匹配得分: 0.9444
2025-07-09 09:16:21,944 - INFO - 扩展子图节点: ['02636811', '01772222', '06083243', '04978792']
2025-07-09 09:16:21,945 - INFO - 扩展子图边: [('02636811', '01772222', {'relation': '_derivationally_related_form'}), ('02636811', '06083243', {'relation': '_synset_domain_topic_of'}), ('04978792', '06083243', {'relation': '_synset_domain_topic_of'})]
2025-07-09 09:16:21,945 - INFO - 处理第49/59个anchor
2025-07-09 09:16:21,945 - INFO - 开始处理anchor: ('01455754', '_hypernym', '01974062')
2025-07-09 09:16:21,949 - INFO - 最大扩展步数: 2
2025-07-09 09:16:22,093 - INFO - 步骤 1: 添加边 ('07370671', '01974062', '_derivationally_related_form'), 相似度提升: 0.1124
2025-07-09 09:16:22,258 - INFO - 步骤 2: 添加边 ('05131283', '01974062', '_derivationally_related_form'), 相似度提升: 0.0477
2025-07-09 09:16:22,264 - INFO - 匹配成功: True
2025-07-09 09:16:22,265 - INFO - 匹配得分: 0.9483
2025-07-09 09:16:22,265 - INFO - 扩展子图节点: ['01455754', '01974062', '07370671', '05131283']
2025-07-09 09:16:22,265 - INFO - 扩展子图边: [('01455754', '01974062', {'relation': '_hypernym'}), ('07370671', '01974062', {'relation': '_derivationally_related_form'}), ('05131283', '01974062', {'relation': '_derivationally_related_form'})]
2025-07-09 09:16:22,265 - INFO - 处理第50/59个anchor
2025-07-09 09:16:22,266 - INFO - 开始处理anchor: ('01974062', '_derivationally_related_form', '09206985')
2025-07-09 09:16:22,270 - INFO - 最大扩展步数: 2
2025-07-09 09:16:22,459 - INFO - 步骤 1: 添加边 ('05131283', '01974062', '_derivationally_related_form'), 相似度提升: 0.0289
2025-07-09 09:16:22,655 - INFO - 步骤 2: 添加边 ('01219544', '01974062', '_hypernym'), 相似度提升: 0.0119
2025-07-09 09:16:22,663 - INFO - 匹配成功: True
2025-07-09 09:16:22,664 - INFO - 匹配得分: 0.9531
2025-07-09 09:16:22,664 - INFO - 扩展子图节点: ['01974062', '09206985', '05131283', '01219544']
2025-07-09 09:16:22,664 - INFO - 扩展子图边: [('01974062', '09206985', {'relation': '_derivationally_related_form'}), ('05131283', '01974062', {'relation': '_derivationally_related_form'}), ('01219544', '01974062', {'relation': '_hypernym'})]
2025-07-09 09:16:22,664 - INFO - 处理第51/59个anchor
2025-07-09 09:16:22,665 - INFO - 开始处理anchor: ('01974062', '_derivationally_related_form', '07348399')
2025-07-09 09:16:22,670 - INFO - 最大扩展步数: 2
2025-07-09 09:16:22,824 - INFO - 步骤 1: 添加边 ('02077656', '01974062', '_also_see'), 相似度提升: 0.0916
2025-07-09 09:16:23,041 - INFO - 步骤 2: 添加边 ('02077656', '01993926', '_also_see'), 相似度提升: 0.0334
2025-07-09 09:16:23,048 - INFO - 匹配成功: True
2025-07-09 09:16:23,049 - INFO - 匹配得分: 0.9444
2025-07-09 09:16:23,049 - INFO - 扩展子图节点: ['01974062', '07348399', '02077656', '01993926']
2025-07-09 09:16:23,049 - INFO - 扩展子图边: [('01974062', '07348399', {'relation': '_derivationally_related_form'}), ('02077656', '01974062', {'relation': '_also_see'}), ('02077656', '01993926', {'relation': '_also_see'})]
2025-07-09 09:16:23,049 - INFO - 处理第52/59个anchor
2025-07-09 09:16:23,049 - INFO - 开始处理anchor: ('01974062', '_derivationally_related_form', '10773394')
2025-07-09 09:16:23,055 - INFO - 最大扩展步数: 2
2025-07-09 09:16:23,211 - INFO - 步骤 1: 添加边 ('01974062', '05131283', '_derivationally_related_form'), 相似度提升: 0.0709
2025-07-09 09:16:23,393 - INFO - 步骤 2: 添加边 ('02077656', '01974062', '_also_see'), 相似度提升: 0.0662
2025-07-09 09:16:23,399 - INFO - 匹配成功: True
2025-07-09 09:16:23,400 - INFO - 匹配得分: 0.9227
2025-07-09 09:16:23,401 - INFO - 扩展子图节点: ['01974062', '10773394', '05131283', '02077656']
2025-07-09 09:16:23,401 - INFO - 扩展子图边: [('01974062', '10773394', {'relation': '_derivationally_related_form'}), ('01974062', '05131283', {'relation': '_derivationally_related_form'}), ('02077656', '01974062', {'relation': '_also_see'})]
2025-07-09 09:16:23,401 - INFO - 处理第53/59个anchor
2025-07-09 09:16:23,401 - INFO - 开始处理anchor: ('01974062', '_derivationally_related_form', '07370671')
2025-07-09 09:16:23,407 - INFO - 最大扩展步数: 2
2025-07-09 09:16:23,574 - INFO - 步骤 1: 添加边 ('01219544', '01974062', '_hypernym'), 相似度提升: 0.0543
2025-07-09 09:16:23,740 - INFO - 步骤 2: 添加边 ('01974062', '09366317', '_derivationally_related_form'), 相似度提升: 0.0330
2025-07-09 09:16:23,747 - INFO - 匹配成功: True
2025-07-09 09:16:23,747 - INFO - 匹配得分: 0.9603
2025-07-09 09:16:23,747 - INFO - 扩展子图节点: ['01974062', '07370671', '01219544', '09366317']
2025-07-09 09:16:23,748 - INFO - 扩展子图边: [('01974062', '07370671', {'relation': '_derivationally_related_form'}), ('01974062', '09366317', {'relation': '_derivationally_related_form'}), ('01219544', '01974062', {'relation': '_hypernym'})]
2025-07-09 09:16:23,748 - INFO - 处理第54/59个anchor
2025-07-09 09:16:23,748 - INFO - 开始处理anchor: ('01974062', '_derivationally_related_form', '00116376')
2025-07-09 09:16:23,753 - INFO - 最大扩展步数: 2
2025-07-09 09:16:23,927 - INFO - 步骤 1: 添加边 ('01974062', '03281145', '_derivationally_related_form'), 相似度提升: 0.0408
2025-07-09 09:16:24,131 - INFO - 步骤 2: 添加边 ('01974062', '07370671', '_derivationally_related_form'), 相似度提升: 0.0554
2025-07-09 09:16:24,139 - INFO - 匹配成功: True
2025-07-09 09:16:24,139 - INFO - 匹配得分: 0.9430
2025-07-09 09:16:24,140 - INFO - 扩展子图节点: ['01974062', '00116376', '03281145', '07370671']
2025-07-09 09:16:24,141 - INFO - 扩展子图边: [('01974062', '00116376', {'relation': '_derivationally_related_form'}), ('01974062', '03281145', {'relation': '_derivationally_related_form'}), ('01974062', '07370671', {'relation': '_derivationally_related_form'})]
2025-07-09 09:16:24,142 - INFO - 处理第55/59个anchor
2025-07-09 09:16:24,143 - INFO - 开始处理anchor: ('01974062', '_derivationally_related_form', '04231693')
2025-07-09 09:16:24,147 - INFO - 最大扩展步数: 2
2025-07-09 09:16:24,309 - INFO - 步骤 1: 添加边 ('01975587', '01974062', '_hypernym'), 相似度提升: 0.0513
2025-07-09 09:16:24,497 - INFO - 步骤 2: 添加边 ('02077656', '01974062', '_also_see'), 相似度提升: 0.0317
2025-07-09 09:16:24,504 - INFO - 匹配成功: True
2025-07-09 09:16:24,505 - INFO - 匹配得分: 0.9500
2025-07-09 09:16:24,506 - INFO - 扩展子图节点: ['01974062', '04231693', '01975587', '02077656']
2025-07-09 09:16:24,506 - INFO - 扩展子图边: [('01974062', '04231693', {'relation': '_derivationally_related_form'}), ('01975587', '01974062', {'relation': '_hypernym'}), ('02077656', '01974062', {'relation': '_also_see'})]
2025-07-09 09:16:24,506 - INFO - 处理第56/59个anchor
2025-07-09 09:16:24,507 - INFO - 开始处理anchor: ('01974062', '_derivationally_related_form', '09366317')
2025-07-09 09:16:24,512 - INFO - 最大扩展步数: 2
2025-07-09 09:16:24,701 - INFO - 步骤 1: 添加边 ('01974062', '10773394', '_derivationally_related_form'), 相似度提升: 0.0959
2025-07-09 09:16:24,895 - INFO - 步骤 2: 添加边 ('01975387', '01974062', '_hypernym'), 相似度提升: 0.0455
2025-07-09 09:16:24,901 - INFO - 匹配成功: True
2025-07-09 09:16:24,901 - INFO - 匹配得分: 0.9335
2025-07-09 09:16:24,901 - INFO - 扩展子图节点: ['01974062', '09366317', '10773394', '01975387']
2025-07-09 09:16:24,901 - INFO - 扩展子图边: [('01974062', '09366317', {'relation': '_derivationally_related_form'}), ('01974062', '10773394', {'relation': '_derivationally_related_form'}), ('01975387', '01974062', {'relation': '_hypernym'})]
2025-07-09 09:16:24,902 - INFO - 处理第57/59个anchor
2025-07-09 09:16:24,902 - INFO - 开始处理anchor: ('01974062', '_derivationally_related_form', '03281145')
2025-07-09 09:16:24,909 - INFO - 最大扩展步数: 2
2025-07-09 09:16:25,074 - INFO - 步骤 1: 添加边 ('10773394', '01974062', '_derivationally_related_form'), 相似度提升: 0.0242
2025-07-09 09:16:25,258 - INFO - 步骤 2: 添加边 ('00116376', '01974062', '_derivationally_related_form'), 相似度提升: 0.0592
2025-07-09 09:16:25,264 - INFO - 匹配成功: True
2025-07-09 09:16:25,266 - INFO - 匹配得分: 0.9385
2025-07-09 09:16:25,266 - INFO - 扩展子图节点: ['01974062', '03281145', '10773394', '00116376']
2025-07-09 09:16:25,266 - INFO - 扩展子图边: [('01974062', '03281145', {'relation': '_derivationally_related_form'}), ('10773394', '01974062', {'relation': '_derivationally_related_form'}), ('00116376', '01974062', {'relation': '_derivationally_related_form'})]
2025-07-09 09:16:25,266 - INFO - 处理第58/59个anchor
2025-07-09 09:16:25,266 - INFO - 开始处理anchor: ('01974062', '_derivationally_related_form', '05131283')
2025-07-09 09:16:25,271 - INFO - 最大扩展步数: 2
2025-07-09 09:16:25,437 - INFO - 步骤 1: 添加边 ('02077656', '01974062', '_also_see'), 相似度提升: 0.0485
2025-07-09 09:16:25,668 - INFO - 步骤 2: 添加边 ('01974062', '03664514', '_derivationally_related_form'), 相似度提升: 0.0676
2025-07-09 09:16:25,677 - INFO - 匹配成功: True
2025-07-09 09:16:25,678 - INFO - 匹配得分: 0.9626
2025-07-09 09:16:25,678 - INFO - 扩展子图节点: ['01974062', '05131283', '02077656', '03664514']
2025-07-09 09:16:25,678 - INFO - 扩展子图边: [('01974062', '05131283', {'relation': '_derivationally_related_form'}), ('01974062', '03664514', {'relation': '_derivationally_related_form'}), ('02077656', '01974062', {'relation': '_also_see'})]
2025-07-09 09:16:25,679 - INFO - 处理第59/59个anchor
2025-07-09 09:16:25,679 - INFO - 开始处理anchor: ('01974062', '_derivationally_related_form', '00316594')
2025-07-09 09:16:25,683 - INFO - 最大扩展步数: 2
2025-07-09 09:16:25,846 - INFO - 步骤 1: 添加边 ('03281145', '01974062', '_derivationally_related_form'), 相似度提升: 0.0788
2025-07-09 09:16:26,026 - INFO - 步骤 2: 添加边 ('00316594', '01974062', '_derivationally_related_form'), 相似度提升: 0.0354
2025-07-09 09:16:26,033 - INFO - 匹配成功: True
2025-07-09 09:16:26,033 - INFO - 匹配得分: 0.9236
2025-07-09 09:16:26,034 - INFO - 扩展子图节点: ['01974062', '00316594', '03281145']
2025-07-09 09:16:26,034 - INFO - 扩展子图边: [('01974062', '00316594', {'relation': '_derivationally_related_form'}), ('00316594', '01974062', {'relation': '_derivationally_related_form'}), ('03281145', '01974062', {'relation': '_derivationally_related_form'})]
2025-07-09 09:16:26,034 - INFO - 批量匹配完成: 59/59 成功匹配
2025-07-09 09:16:26,034 - INFO - 开始批量匹配，共100个anchor，规则ID: rule_002
2025-07-09 09:16:26,035 - INFO - 规则关系类型: {'_also_see', '_synset_domain_topic_of'}
2025-07-09 09:16:26,035 - INFO - 原始anchor数量: 100
2025-07-09 09:16:26,035 - INFO - 优先关系anchor: 9, 其他关系anchor: 50
2025-07-09 09:16:26,035 - INFO - 筛选后总anchor数量: 59
2025-07-09 09:16:26,036 - INFO - 智能筛选后，保留59个相关anchor
2025-07-09 09:16:26,036 - INFO - 处理第1/59个anchor
2025-07-09 09:16:26,036 - INFO - 开始处理anchor: ('00260881', '_synset_domain_topic_of', '01124794')
2025-07-09 09:16:26,042 - INFO - 最大扩展步数: 2
2025-07-09 09:16:26,135 - INFO - 步骤 1: 添加边 ('01125693', '01124794', '_hypernym'), 相似度提升: 0.0393
2025-07-09 09:16:26,249 - INFO - 步骤 2: 添加边 ('13272059', '01124794', '_synset_domain_topic_of'), 相似度提升: 0.0249
2025-07-09 09:16:26,257 - INFO - 匹配成功: True
2025-07-09 09:16:26,258 - INFO - 匹配得分: 0.9655
2025-07-09 09:16:26,258 - INFO - 扩展子图节点: ['00260881', '01124794', '01125693', '13272059']
2025-07-09 09:16:26,259 - INFO - 扩展子图边: [('00260881', '01124794', {'relation': '_synset_domain_topic_of'}), ('01125693', '01124794', {'relation': '_hypernym'}), ('13272059', '01124794', {'relation': '_synset_domain_topic_of'})]
2025-07-09 09:16:26,259 - INFO - 处理第2/59个anchor
2025-07-09 09:16:26,259 - INFO - 开始处理anchor: ('02636811', '_synset_domain_topic_of', '06083243')
2025-07-09 09:16:26,264 - INFO - 最大扩展步数: 2
2025-07-09 09:16:26,360 - INFO - 步骤 1: 添加边 ('01769347', '02636811', '_derivationally_related_form'), 相似度提升: 0.0236
2025-07-09 09:16:26,485 - INFO - 步骤 2: 添加边 ('14014162', '06083243', '_synset_domain_topic_of'), 相似度提升: 0.0881
2025-07-09 09:16:26,500 - INFO - 匹配成功: True
2025-07-09 09:16:26,500 - INFO - 匹配得分: 0.9766
2025-07-09 09:16:26,501 - INFO - 扩展子图节点: ['02636811', '06083243', '01769347', '14014162']
2025-07-09 09:16:26,501 - INFO - 扩展子图边: [('02636811', '06083243', {'relation': '_synset_domain_topic_of'}), ('01769347', '02636811', {'relation': '_derivationally_related_form'}), ('14014162', '06083243', {'relation': '_synset_domain_topic_of'})]
2025-07-09 09:16:26,501 - INFO - 处理第3/59个anchor
2025-07-09 09:16:26,501 - INFO - 开始处理anchor: ('01974062', '_also_see', '01976089')
2025-07-09 09:16:26,507 - INFO - 最大扩展步数: 2
2025-07-09 09:16:26,663 - INFO - 步骤 1: 添加边 ('01974062', '00116376', '_derivationally_related_form'), 相似度提升: 0.0141
2025-07-09 09:16:26,860 - INFO - 步骤 2: 添加边 ('02077656', '01974062', '_also_see'), 相似度提升: 0.0207
2025-07-09 09:16:26,867 - INFO - 匹配成功: True
2025-07-09 09:16:26,867 - INFO - 匹配得分: 0.9479
2025-07-09 09:16:26,867 - INFO - 扩展子图节点: ['01974062', '01976089', '00116376', '02077656']
2025-07-09 09:16:26,868 - INFO - 扩展子图边: [('01974062', '01976089', {'relation': '_also_see'}), ('01974062', '00116376', {'relation': '_derivationally_related_form'}), ('02077656', '01974062', {'relation': '_also_see'})]
2025-07-09 09:16:26,868 - INFO - 处理第4/59个anchor
2025-07-09 09:16:26,868 - INFO - 开始处理anchor: ('00057306', '_synset_domain_topic_of', '08199025')
2025-07-09 09:16:26,876 - INFO - 最大扩展步数: 2
2025-07-09 09:16:27,278 - INFO - 步骤 1: 添加边 ('08389438', '08199025', '_synset_domain_topic_of'), 相似度提升: 0.0447
2025-07-09 09:16:27,679 - INFO - 步骤 2: 添加边 ('03550153', '08199025', '_synset_domain_topic_of'), 相似度提升: 0.0928
2025-07-09 09:16:27,685 - INFO - 匹配成功: True
2025-07-09 09:16:27,685 - INFO - 匹配得分: 0.9593
2025-07-09 09:16:27,686 - INFO - 扩展子图节点: ['00057306', '08199025', '08389438', '03550153']
2025-07-09 09:16:27,686 - INFO - 扩展子图边: [('00057306', '08199025', {'relation': '_synset_domain_topic_of'}), ('08389438', '08199025', {'relation': '_synset_domain_topic_of'}), ('03550153', '08199025', {'relation': '_synset_domain_topic_of'})]
2025-07-09 09:16:27,686 - INFO - 处理第5/59个anchor
2025-07-09 09:16:27,687 - INFO - 开始处理anchor: ('00056912', '_synset_domain_topic_of', '08199025')
2025-07-09 09:16:27,693 - INFO - 最大扩展步数: 2
2025-07-09 09:16:28,078 - INFO - 步骤 1: 添加边 ('08426816', '08199025', '_synset_domain_topic_of'), 相似度提升: 0.0525
2025-07-09 09:16:28,481 - INFO - 步骤 2: 添加边 ('00821295', '08199025', '_synset_domain_topic_of'), 相似度提升: 0.0519
2025-07-09 09:16:28,489 - INFO - 匹配成功: True
2025-07-09 09:16:28,490 - INFO - 匹配得分: 0.9710
2025-07-09 09:16:28,491 - INFO - 扩展子图节点: ['00056912', '08199025', '08426816', '00821295']
2025-07-09 09:16:28,491 - INFO - 扩展子图边: [('00056912', '08199025', {'relation': '_synset_domain_topic_of'}), ('08426816', '08199025', {'relation': '_synset_domain_topic_of'}), ('00821295', '08199025', {'relation': '_synset_domain_topic_of'})]
2025-07-09 09:16:28,492 - INFO - 处理第6/59个anchor
2025-07-09 09:16:28,492 - INFO - 开始处理anchor: ('10341660', '_synset_domain_topic_of', '06037666')
2025-07-09 09:16:28,498 - INFO - 最大扩展步数: 2
2025-07-09 09:16:28,826 - INFO - 步骤 1: 添加边 ('01477806', '06037666', '_synset_domain_topic_of'), 相似度提升: 0.0325
2025-07-09 09:16:29,156 - INFO - 步骤 2: 添加边 ('08103457', '06037666', '_synset_domain_topic_of'), 相似度提升: 0.0356
2025-07-09 09:16:29,164 - INFO - 匹配成功: True
2025-07-09 09:16:29,165 - INFO - 匹配得分: 0.9540
2025-07-09 09:16:29,165 - INFO - 扩展子图节点: ['10341660', '06037666', '01477806', '08103457']
2025-07-09 09:16:29,165 - INFO - 扩展子图边: [('10341660', '06037666', {'relation': '_synset_domain_topic_of'}), ('01477806', '06037666', {'relation': '_synset_domain_topic_of'}), ('08103457', '06037666', {'relation': '_synset_domain_topic_of'})]
2025-07-09 09:16:29,166 - INFO - 处理第7/59个anchor
2025-07-09 09:16:29,166 - INFO - 开始处理anchor: ('01698271', '_also_see', '01754576')
2025-07-09 09:16:29,170 - INFO - 最大扩展步数: 2
2025-07-09 09:16:29,282 - INFO - 步骤 1: 添加边 ('01698916', '01698271', '_hypernym'), 相似度提升: 0.0222
2025-07-09 09:16:29,400 - INFO - 步骤 2: 添加边 ('01754576', '00929718', '_synset_domain_topic_of'), 相似度提升: 0.0159
2025-07-09 09:16:29,408 - INFO - 匹配成功: True
2025-07-09 09:16:29,408 - INFO - 匹配得分: 0.9699
2025-07-09 09:16:29,409 - INFO - 扩展子图节点: ['01698271', '01754576', '01698916', '00929718']
2025-07-09 09:16:29,409 - INFO - 扩展子图边: [('01698271', '01754576', {'relation': '_also_see'}), ('01754576', '00929718', {'relation': '_synset_domain_topic_of'}), ('01698916', '01698271', {'relation': '_hypernym'})]
2025-07-09 09:16:29,410 - INFO - 处理第8/59个anchor
2025-07-09 09:16:29,410 - INFO - 开始处理anchor: ('01698271', '_synset_domain_topic_of', '00929718')
2025-07-09 09:16:29,414 - INFO - 最大扩展步数: 2
2025-07-09 09:16:29,612 - INFO - 步骤 1: 添加边 ('01704452', '01698271', '_hypernym'), 相似度提升: 0.0515
2025-07-09 09:16:29,830 - INFO - 步骤 2: 添加边 ('01698271', '00929718', '_derivationally_related_form'), 相似度提升: 0.0510
2025-07-09 09:16:29,838 - INFO - 匹配成功: True
2025-07-09 09:16:29,839 - INFO - 匹配得分: 0.9278
2025-07-09 09:16:29,839 - INFO - 扩展子图节点: ['01698271', '00929718', '01704452']
2025-07-09 09:16:29,839 - INFO - 扩展子图边: [('01698271', '00929718', {'relation': '_derivationally_related_form'}), ('01704452', '01698271', {'relation': '_hypernym'})]
2025-07-09 09:16:29,840 - INFO - 处理第9/59个anchor
2025-07-09 09:16:29,841 - INFO - 开始处理anchor: ('01754576', '_synset_domain_topic_of', '00929718')
2025-07-09 09:16:29,847 - INFO - 最大扩展步数: 2
2025-07-09 09:16:29,968 - INFO - 步骤 1: 添加边 ('10794014', '00929718', '_derivationally_related_form'), 相似度提升: 0.0728
2025-07-09 09:16:30,304 - INFO - 步骤 2: 添加边 ('11270380', '10794014', '_instance_hypernym'), 相似度提升: 0.0276
2025-07-09 09:16:30,312 - INFO - 匹配成功: True
2025-07-09 09:16:30,313 - INFO - 匹配得分: 0.9713
2025-07-09 09:16:30,313 - INFO - 扩展子图节点: ['01754576', '00929718', '10794014', '11270380']
2025-07-09 09:16:30,313 - INFO - 扩展子图边: [('01754576', '00929718', {'relation': '_synset_domain_topic_of'}), ('10794014', '00929718', {'relation': '_derivationally_related_form'}), ('11270380', '10794014', {'relation': '_instance_hypernym'})]
2025-07-09 09:16:30,313 - INFO - 处理第10/59个anchor
2025-07-09 09:16:30,313 - INFO - 开始处理anchor: ('00260881', '_hypernym', '00260622')
2025-07-09 09:16:30,318 - INFO - 最大扩展步数: 2
2025-07-09 09:16:30,346 - INFO - 步骤 1: 添加边 ('00260622', '00265386', '_derivationally_related_form'), 相似度提升: 0.0811
2025-07-09 09:16:30,396 - INFO - 步骤 2: 添加边 ('00800940', '00265386', '_derivationally_related_form'), 相似度提升: 0.0480
2025-07-09 09:16:30,403 - INFO - 匹配成功: True
2025-07-09 09:16:30,403 - INFO - 匹配得分: 0.9525
2025-07-09 09:16:30,403 - INFO - 扩展子图节点: ['00260881', '00260622', '00265386', '00800940']
2025-07-09 09:16:30,404 - INFO - 扩展子图边: [('00260881', '00260622', {'relation': '_hypernym'}), ('00260622', '00265386', {'relation': '_derivationally_related_form'}), ('00800940', '00265386', {'relation': '_derivationally_related_form'})]
2025-07-09 09:16:30,404 - INFO - 处理第11/59个anchor
2025-07-09 09:16:30,404 - INFO - 开始处理anchor: ('00260622', '_derivationally_related_form', '00265386')
2025-07-09 09:16:30,411 - INFO - 最大扩展步数: 2
2025-07-09 09:16:30,462 - INFO - 步骤 1: 添加边 ('00260622', '00248977', '_hypernym'), 相似度提升: 0.1246
2025-07-09 09:16:30,563 - INFO - 步骤 2: 添加边 ('00261029', '00248977', '_hypernym'), 相似度提升: 0.0323
2025-07-09 09:16:30,568 - INFO - 匹配成功: True
2025-07-09 09:16:30,569 - INFO - 匹配得分: 0.9526
2025-07-09 09:16:30,569 - INFO - 扩展子图节点: ['00260622', '00265386', '00248977', '00261029']
2025-07-09 09:16:30,569 - INFO - 扩展子图边: [('00260622', '00265386', {'relation': '_derivationally_related_form'}), ('00260622', '00248977', {'relation': '_hypernym'}), ('00261029', '00248977', {'relation': '_hypernym'})]
2025-07-09 09:16:30,570 - INFO - 处理第12/59个anchor
2025-07-09 09:16:30,570 - INFO - 开始处理anchor: ('00260622', '_hypernym', '00248977')
2025-07-09 09:16:30,584 - INFO - 最大扩展步数: 2
2025-07-09 09:16:30,653 - INFO - 步骤 1: 添加边 ('01266945', '00248977', '_hypernym'), 相似度提升: 0.0600
2025-07-09 09:16:30,734 - INFO - 步骤 2: 添加边 ('00266806', '00248977', '_hypernym'), 相似度提升: 0.0595
2025-07-09 09:16:30,741 - INFO - 匹配成功: True
2025-07-09 09:16:30,742 - INFO - 匹配得分: 0.9050
2025-07-09 09:16:30,742 - INFO - 扩展子图节点: ['00260622', '00248977', '01266945', '00266806']
2025-07-09 09:16:30,742 - INFO - 扩展子图边: [('00260622', '00248977', {'relation': '_hypernym'}), ('01266945', '00248977', {'relation': '_hypernym'}), ('00266806', '00248977', {'relation': '_hypernym'})]
2025-07-09 09:16:30,743 - INFO - 处理第13/59个anchor
2025-07-09 09:16:30,743 - INFO - 开始处理anchor: ('00260622', '_derivationally_related_form', '00265673')
2025-07-09 09:16:30,747 - INFO - 最大扩展步数: 2
2025-07-09 09:16:30,783 - INFO - 步骤 1: 添加边 ('00265673', '10515194', '_derivationally_related_form'), 相似度提升: 0.0351
2025-07-09 09:16:30,926 - INFO - 步骤 2: 添加边 ('11282802', '10515194', '_instance_hypernym'), 相似度提升: 0.0062
2025-07-09 09:16:30,933 - INFO - 匹配成功: True
2025-07-09 09:16:30,933 - INFO - 匹配得分: 0.9208
2025-07-09 09:16:30,933 - INFO - 扩展子图节点: ['00260622', '00265673', '10515194', '11282802']
2025-07-09 09:16:30,934 - INFO - 扩展子图边: [('00260622', '00265673', {'relation': '_derivationally_related_form'}), ('00265673', '10515194', {'relation': '_derivationally_related_form'}), ('11282802', '10515194', {'relation': '_instance_hypernym'})]
2025-07-09 09:16:30,934 - INFO - 处理第14/59个anchor
2025-07-09 09:16:30,934 - INFO - 开始处理anchor: ('01332730', '_derivationally_related_form', '03122748')
2025-07-09 09:16:30,941 - INFO - 最大扩展步数: 2
2025-07-09 09:16:31,142 - INFO - 步骤 1: 添加边 ('01283208', '01332730', '_hypernym'), 相似度提升: 0.0211
2025-07-09 09:16:31,356 - INFO - 步骤 2: 添加边 ('03122748', '01332730', '_derivationally_related_form'), 相似度提升: 0.0245
2025-07-09 09:16:31,364 - INFO - 匹配成功: True
2025-07-09 09:16:31,364 - INFO - 匹配得分: 0.9569
2025-07-09 09:16:31,365 - INFO - 扩展子图节点: ['01332730', '03122748', '01283208']
2025-07-09 09:16:31,365 - INFO - 扩展子图边: [('01332730', '03122748', {'relation': '_derivationally_related_form'}), ('03122748', '01332730', {'relation': '_derivationally_related_form'}), ('01283208', '01332730', {'relation': '_hypernym'})]
2025-07-09 09:16:31,365 - INFO - 处理第15/59个anchor
2025-07-09 09:16:31,365 - INFO - 开始处理anchor: ('01332730', '_derivationally_related_form', '02840619')
2025-07-09 09:16:31,372 - INFO - 最大扩展步数: 2
2025-07-09 09:16:31,550 - INFO - 步骤 1: 添加边 ('01580467', '01332730', '_hypernym'), 相似度提升: 0.0759
2025-07-09 09:16:31,770 - INFO - 步骤 2: 相似度提升不足 (0.0007), 停止扩展
2025-07-09 09:16:31,778 - INFO - 匹配成功: True
2025-07-09 09:16:31,779 - INFO - 匹配得分: 0.9421
2025-07-09 09:16:31,779 - INFO - 扩展子图节点: ['01332730', '02840619', '01580467']
2025-07-09 09:16:31,779 - INFO - 扩展子图边: [('01332730', '02840619', {'relation': '_derivationally_related_form'}), ('01580467', '01332730', {'relation': '_hypernym'})]
2025-07-09 09:16:31,779 - INFO - 处理第16/59个anchor
2025-07-09 09:16:31,779 - INFO - 开始处理anchor: ('01332730', '_verb_group', '01336635')
2025-07-09 09:16:31,784 - INFO - 最大扩展步数: 2
2025-07-09 09:16:31,948 - INFO - 步骤 1: 相似度提升不足 (-0.0034), 停止扩展
2025-07-09 09:16:31,963 - INFO - 匹配成功: True
2025-07-09 09:16:31,964 - INFO - 匹配得分: 0.9091
2025-07-09 09:16:31,964 - INFO - 扩展子图节点: ['01332730', '01336635']
2025-07-09 09:16:31,964 - INFO - 扩展子图边: [('01332730', '01336635', {'relation': '_verb_group'})]
2025-07-09 09:16:31,964 - INFO - 处理第17/59个anchor
2025-07-09 09:16:31,964 - INFO - 开始处理anchor: ('01332730', '_verb_group', '01207951')
2025-07-09 09:16:31,970 - INFO - 最大扩展步数: 2
2025-07-09 09:16:32,164 - INFO - 步骤 1: 添加边 ('01338113', '01332730', '_hypernym'), 相似度提升: 0.0401
2025-07-09 09:16:32,349 - INFO - 步骤 2: 添加边 ('01208400', '01332730', '_hypernym'), 相似度提升: 0.0098
2025-07-09 09:16:32,356 - INFO - 匹配成功: True
2025-07-09 09:16:32,357 - INFO - 匹配得分: 0.9408
2025-07-09 09:16:32,357 - INFO - 扩展子图节点: ['01332730', '01207951', '01338113', '01208400']
2025-07-09 09:16:32,358 - INFO - 扩展子图边: [('01332730', '01207951', {'relation': '_verb_group'}), ('01338113', '01332730', {'relation': '_hypernym'}), ('01208400', '01332730', {'relation': '_hypernym'})]
2025-07-09 09:16:32,359 - INFO - 处理第18/59个anchor
2025-07-09 09:16:32,359 - INFO - 开始处理anchor: ('01332730', '_derivationally_related_form', '04151940')
2025-07-09 09:16:32,363 - INFO - 最大扩展步数: 2
2025-07-09 09:16:32,530 - INFO - 步骤 1: 添加边 ('01337653', '01332730', '_hypernym'), 相似度提升: 0.0211
2025-07-09 09:16:32,711 - INFO - 步骤 2: 添加边 ('01599805', '01332730', '_hypernym'), 相似度提升: 0.0456
2025-07-09 09:16:32,717 - INFO - 匹配成功: True
2025-07-09 09:16:32,717 - INFO - 匹配得分: 0.9414
2025-07-09 09:16:32,717 - INFO - 扩展子图节点: ['01332730', '04151940', '01337653', '01599805']
2025-07-09 09:16:32,718 - INFO - 扩展子图边: [('01332730', '04151940', {'relation': '_derivationally_related_form'}), ('01337653', '01332730', {'relation': '_hypernym'}), ('01599805', '01332730', {'relation': '_hypernym'})]
2025-07-09 09:16:32,718 - INFO - 处理第19/59个anchor
2025-07-09 09:16:32,718 - INFO - 开始处理anchor: ('03122748', '_derivationally_related_form', '01332730')
2025-07-09 09:16:32,724 - INFO - 最大扩展步数: 2
2025-07-09 09:16:32,928 - INFO - 步骤 1: 添加边 ('01207951', '01332730', '_verb_group'), 相似度提升: 0.0398
2025-07-09 09:16:33,159 - INFO - 步骤 2: 添加边 ('03366823', '03122748', '_hypernym'), 相似度提升: 0.0236
2025-07-09 09:16:33,165 - INFO - 匹配成功: True
2025-07-09 09:16:33,166 - INFO - 匹配得分: 0.9482
2025-07-09 09:16:33,166 - INFO - 扩展子图节点: ['03122748', '01332730', '01207951', '03366823']
2025-07-09 09:16:33,166 - INFO - 扩展子图边: [('03122748', '01332730', {'relation': '_derivationally_related_form'}), ('01207951', '01332730', {'relation': '_verb_group'}), ('03366823', '03122748', {'relation': '_hypernym'})]
2025-07-09 09:16:33,166 - INFO - 处理第20/59个anchor
2025-07-09 09:16:33,167 - INFO - 开始处理anchor: ('03122748', '_hypernym', '00021939')
2025-07-09 09:16:33,172 - INFO - 最大扩展步数: 2
2025-07-09 09:16:33,376 - INFO - 步骤 1: 添加边 ('03848729', '00021939', '_hypernym'), 相似度提升: 0.0800
2025-07-09 09:16:33,603 - INFO - 步骤 2: 添加边 ('03721797', '00021939', '_hypernym'), 相似度提升: 0.0177
2025-07-09 09:16:33,612 - INFO - 匹配成功: True
2025-07-09 09:16:33,613 - INFO - 匹配得分: 0.9115
2025-07-09 09:16:33,613 - INFO - 扩展子图节点: ['03122748', '00021939', '03848729', '03721797']
2025-07-09 09:16:33,613 - INFO - 扩展子图边: [('03122748', '00021939', {'relation': '_hypernym'}), ('03848729', '00021939', {'relation': '_hypernym'}), ('03721797', '00021939', {'relation': '_hypernym'})]
2025-07-09 09:16:33,613 - INFO - 处理第21/59个anchor
2025-07-09 09:16:33,613 - INFO - 开始处理anchor: ('06066555', '_derivationally_related_form', '00645415')
2025-07-09 09:16:33,618 - INFO - 最大扩展步数: 2
2025-07-09 09:16:33,761 - INFO - 步骤 1: 添加边 ('00645415', '00643473', '_hypernym'), 相似度提升: 0.0318
2025-07-09 09:16:33,963 - INFO - 步骤 2: 添加边 ('02678677', '06066555', '_synset_domain_topic_of'), 相似度提升: 0.0064
2025-07-09 09:16:33,975 - INFO - 匹配成功: True
2025-07-09 09:16:33,976 - INFO - 匹配得分: 0.9688
2025-07-09 09:16:33,977 - INFO - 扩展子图节点: ['06066555', '00645415', '00643473', '02678677']
2025-07-09 09:16:33,978 - INFO - 扩展子图边: [('06066555', '00645415', {'relation': '_derivationally_related_form'}), ('00645415', '00643473', {'relation': '_hypernym'}), ('02678677', '06066555', {'relation': '_synset_domain_topic_of'})]
2025-07-09 09:16:33,978 - INFO - 处理第22/59个anchor
2025-07-09 09:16:33,979 - INFO - 开始处理anchor: ('06066555', '_derivationally_related_form', '09868270')
2025-07-09 09:16:33,984 - INFO - 最大扩展步数: 2
2025-07-09 09:16:34,305 - INFO - 步骤 1: 添加边 ('02244619', '06066555', '_synset_domain_topic_of'), 相似度提升: 0.0134
2025-07-09 09:16:34,475 - INFO - 步骤 2: 添加边 ('06074372', '06066555', '_hypernym'), 相似度提升: 0.0366
2025-07-09 09:16:34,481 - INFO - 匹配成功: True
2025-07-09 09:16:34,482 - INFO - 匹配得分: 0.9353
2025-07-09 09:16:34,482 - INFO - 扩展子图节点: ['06066555', '09868270', '02244619', '06074372']
2025-07-09 09:16:34,482 - INFO - 扩展子图边: [('06066555', '09868270', {'relation': '_derivationally_related_form'}), ('02244619', '06066555', {'relation': '_synset_domain_topic_of'}), ('06074372', '06066555', {'relation': '_hypernym'})]
2025-07-09 09:16:34,483 - INFO - 处理第23/59个anchor
2025-07-09 09:16:34,483 - INFO - 开始处理anchor: ('06066555', '_hypernym', '06037666')
2025-07-09 09:16:34,490 - INFO - 最大扩展步数: 2
2025-07-09 09:16:34,898 - INFO - 步骤 1: 添加边 ('08106934', '06037666', '_synset_domain_topic_of'), 相似度提升: 0.0406
2025-07-09 09:16:35,305 - INFO - 步骤 2: 添加边 ('11523839', '06037666', '_synset_domain_topic_of'), 相似度提升: 0.0147
2025-07-09 09:16:35,313 - INFO - 匹配成功: True
2025-07-09 09:16:35,314 - INFO - 匹配得分: 0.9480
2025-07-09 09:16:35,314 - INFO - 扩展子图节点: ['06066555', '06037666', '08106934', '11523839']
2025-07-09 09:16:35,314 - INFO - 扩展子图边: [('06066555', '06037666', {'relation': '_hypernym'}), ('08106934', '06037666', {'relation': '_synset_domain_topic_of'}), ('11523839', '06037666', {'relation': '_synset_domain_topic_of'})]
2025-07-09 09:16:35,314 - INFO - 处理第24/59个anchor
2025-07-09 09:16:35,314 - INFO - 开始处理anchor: ('00645415', '_derivationally_related_form', '06066555')
2025-07-09 09:16:35,320 - INFO - 最大扩展步数: 2
2025-07-09 09:16:35,473 - INFO - 步骤 1: 添加边 ('01752728', '06066555', '_synset_domain_topic_of'), 相似度提升: 0.0511
2025-07-09 09:16:35,629 - INFO - 步骤 2: 添加边 ('13154190', '06066555', '_synset_domain_topic_of'), 相似度提升: 0.0596
2025-07-09 09:16:35,634 - INFO - 匹配成功: True
2025-07-09 09:16:35,635 - INFO - 匹配得分: 0.9655
2025-07-09 09:16:35,635 - INFO - 扩展子图节点: ['00645415', '06066555', '01752728', '13154190']
2025-07-09 09:16:35,636 - INFO - 扩展子图边: [('00645415', '06066555', {'relation': '_derivationally_related_form'}), ('01752728', '06066555', {'relation': '_synset_domain_topic_of'}), ('13154190', '06066555', {'relation': '_synset_domain_topic_of'})]
2025-07-09 09:16:35,637 - INFO - 处理第25/59个anchor
2025-07-09 09:16:35,638 - INFO - 开始处理anchor: ('00645415', '_hypernym', '00643473')
2025-07-09 09:16:35,644 - INFO - 最大扩展步数: 2
2025-07-09 09:16:35,707 - INFO - 步骤 1: 添加边 ('00643473', '02708711', '_derivationally_related_form'), 相似度提升: 0.0388
2025-07-09 09:16:35,791 - INFO - 步骤 2: 添加边 ('02708711', '03574816', '_hypernym'), 相似度提升: 0.0317
2025-07-09 09:16:35,797 - INFO - 匹配成功: True
2025-07-09 09:16:35,799 - INFO - 匹配得分: 0.9502
2025-07-09 09:16:35,799 - INFO - 扩展子图节点: ['00645415', '00643473', '02708711', '03574816']
2025-07-09 09:16:35,799 - INFO - 扩展子图边: [('00645415', '00643473', {'relation': '_hypernym'}), ('00643473', '02708711', {'relation': '_derivationally_related_form'}), ('02708711', '03574816', {'relation': '_hypernym'})]
2025-07-09 09:16:35,799 - INFO - 处理第26/59个anchor
2025-07-09 09:16:35,799 - INFO - 开始处理anchor: ('09322930', '_instance_hypernym', '09360122')
2025-07-09 09:16:35,806 - INFO - 最大扩展步数: 2
2025-07-09 09:16:35,974 - INFO - 步骤 1: 添加边 ('09341673', '09360122', '_instance_hypernym'), 相似度提升: 0.0593
2025-07-09 09:16:36,131 - INFO - 步骤 2: 添加边 ('09277010', '09360122', '_instance_hypernym'), 相似度提升: 0.0502
2025-07-09 09:16:36,139 - INFO - 匹配成功: True
2025-07-09 09:16:36,139 - INFO - 匹配得分: 0.9448
2025-07-09 09:16:36,140 - INFO - 扩展子图节点: ['09322930', '09360122', '09341673', '09277010']
2025-07-09 09:16:36,140 - INFO - 扩展子图边: [('09322930', '09360122', {'relation': '_instance_hypernym'}), ('09341673', '09360122', {'relation': '_instance_hypernym'}), ('09277010', '09360122', {'relation': '_instance_hypernym'})]
2025-07-09 09:16:36,140 - INFO - 处理第27/59个anchor
2025-07-09 09:16:36,141 - INFO - 开始处理anchor: ('09360122', '_hypernym', '08617963')
2025-07-09 09:16:36,147 - INFO - 最大扩展步数: 2
2025-07-09 09:16:36,330 - INFO - 步骤 1: 添加边 ('09346284', '09360122', '_instance_hypernym'), 相似度提升: 0.0384
2025-07-09 09:16:36,530 - INFO - 步骤 2: 添加边 ('09405169', '09360122', '_instance_hypernym'), 相似度提升: 0.0217
2025-07-09 09:16:36,538 - INFO - 匹配成功: True
2025-07-09 09:16:36,538 - INFO - 匹配得分: 0.9449
2025-07-09 09:16:36,538 - INFO - 扩展子图节点: ['09360122', '08617963', '09346284', '09405169']
2025-07-09 09:16:36,539 - INFO - 扩展子图边: [('09360122', '08617963', {'relation': '_hypernym'}), ('09346284', '09360122', {'relation': '_instance_hypernym'}), ('09405169', '09360122', {'relation': '_instance_hypernym'})]
2025-07-09 09:16:36,539 - INFO - 处理第28/59个anchor
2025-07-09 09:16:36,540 - INFO - 开始处理anchor: ('07193596', '_derivationally_related_form', '00784342')
2025-07-09 09:16:36,545 - INFO - 最大扩展步数: 2
2025-07-09 09:16:36,633 - INFO - 步骤 1: 添加边 ('07193596', '00788184', '_derivationally_related_form'), 相似度提升: 0.0406
2025-07-09 09:16:36,746 - INFO - 步骤 2: 添加边 ('07196682', '00788184', '_derivationally_related_form'), 相似度提升: 0.0396
2025-07-09 09:16:36,752 - INFO - 匹配成功: True
2025-07-09 09:16:36,753 - INFO - 匹配得分: 0.9452
2025-07-09 09:16:36,754 - INFO - 扩展子图节点: ['07193596', '00784342', '00788184', '07196682']
2025-07-09 09:16:36,755 - INFO - 扩展子图边: [('07193596', '00784342', {'relation': '_derivationally_related_form'}), ('07193596', '00788184', {'relation': '_derivationally_related_form'}), ('07196682', '00788184', {'relation': '_derivationally_related_form'})]
2025-07-09 09:16:36,755 - INFO - 处理第29/59个anchor
2025-07-09 09:16:36,755 - INFO - 开始处理anchor: ('07193596', '_derivationally_related_form', '00788184')
2025-07-09 09:16:36,760 - INFO - 最大扩展步数: 2
2025-07-09 09:16:36,834 - INFO - 步骤 1: 添加边 ('07196682', '00788184', '_derivationally_related_form'), 相似度提升: 0.0890
2025-07-09 09:16:36,928 - INFO - 步骤 2: 添加边 ('07195630', '07196682', '_hypernym'), 相似度提升: 0.0420
2025-07-09 09:16:36,936 - INFO - 匹配成功: True
2025-07-09 09:16:36,937 - INFO - 匹配得分: 0.9413
2025-07-09 09:16:36,938 - INFO - 扩展子图节点: ['07193596', '00788184', '07196682', '07195630']
2025-07-09 09:16:36,939 - INFO - 扩展子图边: [('07193596', '00788184', {'relation': '_derivationally_related_form'}), ('07196682', '00788184', {'relation': '_derivationally_related_form'}), ('07195630', '07196682', {'relation': '_hypernym'})]
2025-07-09 09:16:36,939 - INFO - 处理第30/59个anchor
2025-07-09 09:16:36,939 - INFO - 开始处理anchor: ('07193596', '_hypernym', '07193184')
2025-07-09 09:16:36,945 - INFO - 最大扩展步数: 2
2025-07-09 09:16:37,023 - INFO - 步骤 1: 添加边 ('07193958', '07193184', '_hypernym'), 相似度提升: 0.0915
2025-07-09 09:16:37,146 - INFO - 步骤 2: 添加边 ('07195404', '07193958', '_hypernym'), 相似度提升: 0.0118
2025-07-09 09:16:37,153 - INFO - 匹配成功: True
2025-07-09 09:16:37,154 - INFO - 匹配得分: 0.9315
2025-07-09 09:16:37,155 - INFO - 扩展子图节点: ['07193596', '07193184', '07193958', '07195404']
2025-07-09 09:16:37,155 - INFO - 扩展子图边: [('07193596', '07193184', {'relation': '_hypernym'}), ('07193958', '07193184', {'relation': '_hypernym'}), ('07195404', '07193958', {'relation': '_hypernym'})]
2025-07-09 09:16:37,156 - INFO - 处理第31/59个anchor
2025-07-09 09:16:37,156 - INFO - 开始处理anchor: ('07193596', '_derivationally_related_form', '00808855')
2025-07-09 09:16:37,162 - INFO - 最大扩展步数: 2
2025-07-09 09:16:37,231 - INFO - 步骤 1: 添加边 ('07193596', '07193184', '_hypernym'), 相似度提升: 0.0441
2025-07-09 09:16:37,336 - INFO - 步骤 2: 添加边 ('07193958', '07193184', '_hypernym'), 相似度提升: 0.0834
2025-07-09 09:16:37,344 - INFO - 匹配成功: True
2025-07-09 09:16:37,345 - INFO - 匹配得分: 0.9285
2025-07-09 09:16:37,345 - INFO - 扩展子图节点: ['07193596', '00808855', '07193184', '07193958']
2025-07-09 09:16:37,345 - INFO - 扩展子图边: [('07193596', '00808855', {'relation': '_derivationally_related_form'}), ('07193596', '07193184', {'relation': '_hypernym'}), ('07193958', '07193184', {'relation': '_hypernym'})]
2025-07-09 09:16:37,346 - INFO - 处理第32/59个anchor
2025-07-09 09:16:37,346 - INFO - 开始处理anchor: ('07193596', '_derivationally_related_form', '00785008')
2025-07-09 09:16:37,350 - INFO - 最大扩展步数: 2
2025-07-09 09:16:37,420 - INFO - 步骤 1: 添加边 ('00786816', '00785008', '_hypernym'), 相似度提升: 0.0288
2025-07-09 09:16:37,530 - INFO - 步骤 2: 添加边 ('10703692', '00786816', '_derivationally_related_form'), 相似度提升: 0.0130
2025-07-09 09:16:37,538 - INFO - 匹配成功: True
2025-07-09 09:16:37,539 - INFO - 匹配得分: 0.9471
2025-07-09 09:16:37,539 - INFO - 扩展子图节点: ['07193596', '00785008', '00786816', '10703692']
2025-07-09 09:16:37,540 - INFO - 扩展子图边: [('07193596', '00785008', {'relation': '_derivationally_related_form'}), ('00786816', '00785008', {'relation': '_hypernym'}), ('10703692', '00786816', {'relation': '_derivationally_related_form'})]
2025-07-09 09:16:37,540 - INFO - 处理第33/59个anchor
2025-07-09 09:16:37,540 - INFO - 开始处理anchor: ('00784342', '_derivationally_related_form', '10207831')
2025-07-09 09:16:37,545 - INFO - 最大扩展步数: 2
2025-07-09 09:16:37,642 - INFO - 步骤 1: 添加边 ('00784342', '00784727', '_verb_group'), 相似度提升: 0.0417
2025-07-09 09:16:37,739 - INFO - 步骤 2: 添加边 ('10207831', '10630188', '_hypernym'), 相似度提升: 0.0277
2025-07-09 09:16:37,747 - INFO - 匹配成功: True
2025-07-09 09:16:37,747 - INFO - 匹配得分: 0.9517
2025-07-09 09:16:37,748 - INFO - 扩展子图节点: ['00784342', '10207831', '00784727', '10630188']
2025-07-09 09:16:37,748 - INFO - 扩展子图边: [('00784342', '10207831', {'relation': '_derivationally_related_form'}), ('00784342', '00784727', {'relation': '_verb_group'}), ('10207831', '10630188', {'relation': '_hypernym'})]
2025-07-09 09:16:37,748 - INFO - 处理第34/59个anchor
2025-07-09 09:16:37,748 - INFO - 开始处理anchor: ('00784342', '_hypernym', '00740577')
2025-07-09 09:16:37,756 - INFO - 最大扩展步数: 2
2025-07-09 09:16:37,925 - INFO - 步骤 1: 添加边 ('01060746', '00740577', '_hypernym'), 相似度提升: 0.0891
2025-07-09 09:16:38,092 - INFO - 步骤 2: 添加边 ('01039330', '00740577', '_hypernym'), 相似度提升: 0.0651
2025-07-09 09:16:38,099 - INFO - 匹配成功: True
2025-07-09 09:16:38,099 - INFO - 匹配得分: 0.9069
2025-07-09 09:16:38,100 - INFO - 扩展子图节点: ['00784342', '00740577', '01060746', '01039330']
2025-07-09 09:16:38,100 - INFO - 扩展子图边: [('00784342', '00740577', {'relation': '_hypernym'}), ('01060746', '00740577', {'relation': '_hypernym'}), ('01039330', '00740577', {'relation': '_hypernym'})]
2025-07-09 09:16:38,100 - INFO - 处理第35/59个anchor
2025-07-09 09:16:38,101 - INFO - 开始处理anchor: ('00784342', '_derivationally_related_form', '07193596')
2025-07-09 09:16:38,108 - INFO - 最大扩展步数: 2
2025-07-09 09:16:38,194 - INFO - 步骤 1: 添加边 ('00784342', '00897746', '_verb_group'), 相似度提升: 0.0221
2025-07-09 09:16:38,311 - INFO - 步骤 2: 添加边 ('10207831', '00784342', '_derivationally_related_form'), 相似度提升: 0.0392
2025-07-09 09:16:38,321 - INFO - 匹配成功: True
2025-07-09 09:16:38,321 - INFO - 匹配得分: 0.9224
2025-07-09 09:16:38,322 - INFO - 扩展子图节点: ['00784342', '07193596', '00897746', '10207831']
2025-07-09 09:16:38,323 - INFO - 扩展子图边: [('00784342', '07193596', {'relation': '_derivationally_related_form'}), ('00784342', '00897746', {'relation': '_verb_group'}), ('10207831', '00784342', {'relation': '_derivationally_related_form'})]
2025-07-09 09:16:38,323 - INFO - 处理第36/59个anchor
2025-07-09 09:16:38,324 - INFO - 开始处理anchor: ('00784342', '_verb_group', '00897746')
2025-07-09 09:16:38,329 - INFO - 最大扩展步数: 2
2025-07-09 09:16:38,410 - INFO - 步骤 1: 添加边 ('07193596', '00784342', '_derivationally_related_form'), 相似度提升: 0.0547
2025-07-09 09:16:38,514 - INFO - 步骤 2: 添加边 ('00784874', '00784342', '_hypernym'), 相似度提升: 0.0106
2025-07-09 09:16:38,522 - INFO - 匹配成功: True
2025-07-09 09:16:38,523 - INFO - 匹配得分: 0.9502
2025-07-09 09:16:38,523 - INFO - 扩展子图节点: ['00784342', '00897746', '07193596', '00784874']
2025-07-09 09:16:38,523 - INFO - 扩展子图边: [('00784342', '00897746', {'relation': '_verb_group'}), ('07193596', '00784342', {'relation': '_derivationally_related_form'}), ('00784874', '00784342', {'relation': '_hypernym'})]
2025-07-09 09:16:38,524 - INFO - 处理第37/59个anchor
2025-07-09 09:16:38,524 - INFO - 开始处理anchor: ('00784342', '_derivationally_related_form', '07193184')
2025-07-09 09:16:38,528 - INFO - 最大扩展步数: 2
2025-07-09 09:16:38,618 - INFO - 步骤 1: 添加边 ('07193958', '07193184', '_hypernym'), 相似度提升: 0.0677
2025-07-09 09:16:38,746 - INFO - 步骤 2: 添加边 ('00788564', '07193958', '_derivationally_related_form'), 相似度提升: 0.0321
2025-07-09 09:16:38,754 - INFO - 匹配成功: True
2025-07-09 09:16:38,764 - INFO - 匹配得分: 0.9388
2025-07-09 09:16:38,764 - INFO - 扩展子图节点: ['00784342', '07193184', '07193958', '00788564']
2025-07-09 09:16:38,764 - INFO - 扩展子图边: [('00784342', '07193184', {'relation': '_derivationally_related_form'}), ('07193958', '07193184', {'relation': '_hypernym'}), ('00788564', '07193958', {'relation': '_derivationally_related_form'})]
2025-07-09 09:16:38,765 - INFO - 处理第38/59个anchor
2025-07-09 09:16:38,765 - INFO - 开始处理anchor: ('00784342', '_verb_group', '00784727')
2025-07-09 09:16:38,773 - INFO - 最大扩展步数: 2
2025-07-09 09:16:38,840 - INFO - 步骤 1: 添加边 ('00784342', '10207831', '_derivationally_related_form'), 相似度提升: 0.0220
2025-07-09 09:16:38,940 - INFO - 步骤 2: 添加边 ('00877559', '00784342', '_hypernym'), 相似度提升: 0.0161
2025-07-09 09:16:38,948 - INFO - 匹配成功: True
2025-07-09 09:16:38,948 - INFO - 匹配得分: 0.9556
2025-07-09 09:16:38,949 - INFO - 扩展子图节点: ['00784342', '00784727', '10207831', '00877559']
2025-07-09 09:16:38,949 - INFO - 扩展子图边: [('00784342', '00784727', {'relation': '_verb_group'}), ('00784342', '10207831', {'relation': '_derivationally_related_form'}), ('00877559', '00784342', {'relation': '_hypernym'})]
2025-07-09 09:16:38,949 - INFO - 处理第39/59个anchor
2025-07-09 09:16:38,950 - INFO - 开始处理anchor: ('01768969', '_derivationally_related_form', '02636811')
2025-07-09 09:16:38,957 - INFO - 最大扩展步数: 2
2025-07-09 09:16:39,024 - INFO - 步骤 1: 添加边 ('01768969', '01771966', '_member_meronym'), 相似度提升: 0.0634
2025-07-09 09:16:39,117 - INFO - 步骤 2: 添加边 ('02636811', '01769347', '_derivationally_related_form'), 相似度提升: 0.0844
2025-07-09 09:16:39,126 - INFO - 匹配成功: True
2025-07-09 09:16:39,126 - INFO - 匹配得分: 0.9355
2025-07-09 09:16:39,126 - INFO - 扩展子图节点: ['01768969', '02636811', '01771966', '01769347']
2025-07-09 09:16:39,126 - INFO - 扩展子图边: [('01768969', '02636811', {'relation': '_derivationally_related_form'}), ('01768969', '01771966', {'relation': '_member_meronym'}), ('02636811', '01769347', {'relation': '_derivationally_related_form'})]
2025-07-09 09:16:39,126 - INFO - 处理第40/59个anchor
2025-07-09 09:16:39,126 - INFO - 开始处理anchor: ('01768969', '_hypernym', '08103777')
2025-07-09 09:16:39,133 - INFO - 最大扩展步数: 2
2025-07-09 09:16:39,523 - INFO - 步骤 1: 添加边 ('01719175', '08103777', '_hypernym'), 相似度提升: 0.0414
2025-07-09 09:16:39,927 - INFO - 步骤 2: 添加边 ('01515811', '08103777', '_hypernym'), 相似度提升: 0.0798
2025-07-09 09:16:39,933 - INFO - 匹配成功: True
2025-07-09 09:16:39,933 - INFO - 匹配得分: 0.8955
2025-07-09 09:16:39,933 - INFO - 扩展子图节点: ['01768969', '08103777', '01719175', '01515811']
2025-07-09 09:16:39,933 - INFO - 扩展子图边: [('01768969', '08103777', {'relation': '_hypernym'}), ('01719175', '08103777', {'relation': '_hypernym'}), ('01515811', '08103777', {'relation': '_hypernym'})]
2025-07-09 09:16:39,934 - INFO - 处理第41/59个anchor
2025-07-09 09:16:39,934 - INFO - 开始处理anchor: ('01768969', '_member_meronym', '01775879')
2025-07-09 09:16:39,942 - INFO - 最大扩展步数: 2
2025-07-09 09:16:40,007 - INFO - 步骤 1: 添加边 ('01768402', '01768969', '_member_meronym'), 相似度提升: 0.1023
2025-07-09 09:16:40,082 - INFO - 步骤 2: 添加边 ('01768402', '08103777', '_hypernym'), 相似度提升: 0.0436
2025-07-09 09:16:40,092 - INFO - 匹配成功: True
2025-07-09 09:16:40,092 - INFO - 匹配得分: 0.9333
2025-07-09 09:16:40,093 - INFO - 扩展子图节点: ['01768969', '01775879', '01768402', '08103777']
2025-07-09 09:16:40,093 - INFO - 扩展子图边: [('01768969', '01775879', {'relation': '_member_meronym'}), ('01768402', '01768969', {'relation': '_member_meronym'}), ('01768402', '08103777', {'relation': '_hypernym'})]
2025-07-09 09:16:40,093 - INFO - 处理第42/59个anchor
2025-07-09 09:16:40,093 - INFO - 开始处理anchor: ('01768969', '_member_meronym', '01771966')
2025-07-09 09:16:40,098 - INFO - 最大扩展步数: 2
2025-07-09 09:16:40,174 - INFO - 步骤 1: 添加边 ('02637380', '01771966', '_derivationally_related_form'), 相似度提升: 0.0052
2025-07-09 09:16:40,250 - INFO - 步骤 2: 添加边 ('01771966', '01774595', '_member_meronym'), 相似度提升: 0.0264
2025-07-09 09:16:40,260 - INFO - 匹配成功: True
2025-07-09 09:16:40,260 - INFO - 匹配得分: 0.9423
2025-07-09 09:16:40,260 - INFO - 扩展子图节点: ['01768969', '01771966', '02637380', '01774595']
2025-07-09 09:16:40,261 - INFO - 扩展子图边: [('01768969', '01771966', {'relation': '_member_meronym'}), ('01771966', '01774595', {'relation': '_member_meronym'}), ('02637380', '01771966', {'relation': '_derivationally_related_form'})]
2025-07-09 09:16:40,261 - INFO - 处理第43/59个anchor
2025-07-09 09:16:40,261 - INFO - 开始处理anchor: ('01768969', '_member_meronym', '01769347')
2025-07-09 09:16:40,266 - INFO - 最大扩展步数: 2
2025-07-09 09:16:40,343 - INFO - 步骤 1: 添加边 ('02636811', '01768969', '_derivationally_related_form'), 相似度提升: 0.0421
2025-07-09 09:16:40,434 - INFO - 步骤 2: 添加边 ('01768969', '01775879', '_member_meronym'), 相似度提升: 0.0571
2025-07-09 09:16:40,442 - INFO - 匹配成功: True
2025-07-09 09:16:40,444 - INFO - 匹配得分: 0.9419
2025-07-09 09:16:40,444 - INFO - 扩展子图节点: ['01768969', '01769347', '02636811', '01775879']
2025-07-09 09:16:40,444 - INFO - 扩展子图边: [('01768969', '01769347', {'relation': '_member_meronym'}), ('01768969', '01775879', {'relation': '_member_meronym'}), ('02636811', '01768969', {'relation': '_derivationally_related_form'})]
2025-07-09 09:16:40,444 - INFO - 处理第44/59个anchor
2025-07-09 09:16:40,444 - INFO - 开始处理anchor: ('01768969', '_member_meronym', '01770553')
2025-07-09 09:16:40,450 - INFO - 最大扩展步数: 2
2025-07-09 09:16:40,505 - INFO - 步骤 1: 添加边 ('01768402', '01768969', '_member_meronym'), 相似度提升: 0.0917
2025-07-09 09:16:40,570 - INFO - 步骤 2: 添加边 ('01768969', '01769347', '_member_meronym'), 相似度提升: 0.0082
2025-07-09 09:16:40,578 - INFO - 匹配成功: True
2025-07-09 09:16:40,579 - INFO - 匹配得分: 0.9418
2025-07-09 09:16:40,579 - INFO - 扩展子图节点: ['01768969', '01770553', '01768402', '01769347']
2025-07-09 09:16:40,579 - INFO - 扩展子图边: [('01768969', '01770553', {'relation': '_member_meronym'}), ('01768969', '01769347', {'relation': '_member_meronym'}), ('01768402', '01768969', {'relation': '_member_meronym'})]
2025-07-09 09:16:40,579 - INFO - 处理第45/59个anchor
2025-07-09 09:16:40,579 - INFO - 开始处理anchor: ('01768969', '_member_meronym', '01769635')
2025-07-09 09:16:40,583 - INFO - 最大扩展步数: 2
2025-07-09 09:16:40,634 - INFO - 步骤 1: 添加边 ('01769635', '01769789', '_member_meronym'), 相似度提升: 0.0180
2025-07-09 09:16:40,685 - INFO - 步骤 2: 添加边 ('01768969', '01769347', '_member_meronym'), 相似度提升: 0.0232
2025-07-09 09:16:40,693 - INFO - 匹配成功: True
2025-07-09 09:16:40,694 - INFO - 匹配得分: 0.9628
2025-07-09 09:16:40,694 - INFO - 扩展子图节点: ['01768969', '01769635', '01769789', '01769347']
2025-07-09 09:16:40,694 - INFO - 扩展子图边: [('01768969', '01769635', {'relation': '_member_meronym'}), ('01768969', '01769347', {'relation': '_member_meronym'}), ('01769635', '01769789', {'relation': '_member_meronym'})]
2025-07-09 09:16:40,694 - INFO - 处理第46/59个anchor
2025-07-09 09:16:40,694 - INFO - 开始处理anchor: ('02636811', '_derivationally_related_form', '01769347')
2025-07-09 09:16:40,700 - INFO - 最大扩展步数: 2
2025-07-09 09:16:40,763 - INFO - 步骤 1: 添加边 ('02636811', '06083243', '_synset_domain_topic_of'), 相似度提升: 0.0218
2025-07-09 09:16:40,889 - INFO - 步骤 2: 添加边 ('01769347', '01767661', '_hypernym'), 相似度提升: 0.0397
2025-07-09 09:16:40,896 - INFO - 匹配成功: True
2025-07-09 09:16:40,896 - INFO - 匹配得分: 0.9686
2025-07-09 09:16:40,897 - INFO - 扩展子图节点: ['02636811', '01769347', '06083243', '01767661']
2025-07-09 09:16:40,897 - INFO - 扩展子图边: [('02636811', '01769347', {'relation': '_derivationally_related_form'}), ('02636811', '06083243', {'relation': '_synset_domain_topic_of'}), ('01769347', '01767661', {'relation': '_hypernym'})]
2025-07-09 09:16:40,897 - INFO - 处理第47/59个anchor
2025-07-09 09:16:40,898 - INFO - 开始处理anchor: ('02636811', '_derivationally_related_form', '01768969')
2025-07-09 09:16:40,905 - INFO - 最大扩展步数: 2
2025-07-09 09:16:40,977 - INFO - 步骤 1: 添加边 ('01768969', '01769635', '_member_meronym'), 相似度提升: 0.0179
2025-07-09 09:16:41,046 - INFO - 步骤 2: 添加边 ('01769347', '02636811', '_derivationally_related_form'), 相似度提升: 0.0301
2025-07-09 09:16:41,055 - INFO - 匹配成功: True
2025-07-09 09:16:41,055 - INFO - 匹配得分: 0.9415
2025-07-09 09:16:41,056 - INFO - 扩展子图节点: ['02636811', '01768969', '01769635', '01769347']
2025-07-09 09:16:41,056 - INFO - 扩展子图边: [('02636811', '01768969', {'relation': '_derivationally_related_form'}), ('01768969', '01769635', {'relation': '_member_meronym'}), ('01769347', '02636811', {'relation': '_derivationally_related_form'})]
2025-07-09 09:16:41,057 - INFO - 处理第48/59个anchor
2025-07-09 09:16:41,057 - INFO - 开始处理anchor: ('02636811', '_derivationally_related_form', '01772222')
2025-07-09 09:16:41,062 - INFO - 最大扩展步数: 2
2025-07-09 09:16:41,117 - INFO - 步骤 1: 添加边 ('02636811', '01769347', '_derivationally_related_form'), 相似度提升: 0.0203
2025-07-09 09:16:41,207 - INFO - 步骤 2: 添加边 ('01775062', '01772222', '_hypernym'), 相似度提升: 0.0425
2025-07-09 09:16:41,213 - INFO - 匹配成功: True
2025-07-09 09:16:41,213 - INFO - 匹配得分: 0.9297
2025-07-09 09:16:41,214 - INFO - 扩展子图节点: ['02636811', '01772222', '01769347', '01775062']
2025-07-09 09:16:41,214 - INFO - 扩展子图边: [('02636811', '01772222', {'relation': '_derivationally_related_form'}), ('02636811', '01769347', {'relation': '_derivationally_related_form'}), ('01775062', '01772222', {'relation': '_hypernym'})]
2025-07-09 09:16:41,214 - INFO - 处理第49/59个anchor
2025-07-09 09:16:41,215 - INFO - 开始处理anchor: ('01455754', '_hypernym', '01974062')
2025-07-09 09:16:41,221 - INFO - 最大扩展步数: 2
2025-07-09 09:16:41,379 - INFO - 步骤 1: 添加边 ('01974062', '04231693', '_derivationally_related_form'), 相似度提升: 0.0463
2025-07-09 09:16:41,550 - INFO - 步骤 2: 添加边 ('00116376', '01974062', '_derivationally_related_form'), 相似度提升: 0.0347
2025-07-09 09:16:41,560 - INFO - 匹配成功: True
2025-07-09 09:16:41,561 - INFO - 匹配得分: 0.9555
2025-07-09 09:16:41,561 - INFO - 扩展子图节点: ['01455754', '01974062', '04231693', '00116376']
2025-07-09 09:16:41,561 - INFO - 扩展子图边: [('01455754', '01974062', {'relation': '_hypernym'}), ('01974062', '04231693', {'relation': '_derivationally_related_form'}), ('00116376', '01974062', {'relation': '_derivationally_related_form'})]
2025-07-09 09:16:41,561 - INFO - 处理第50/59个anchor
2025-07-09 09:16:41,562 - INFO - 开始处理anchor: ('01974062', '_derivationally_related_form', '09206985')
2025-07-09 09:16:41,566 - INFO - 最大扩展步数: 2
2025-07-09 09:16:41,756 - INFO - 步骤 1: 添加边 ('09206985', '09437454', '_hypernym'), 相似度提升: 0.0246
2025-07-09 09:16:41,961 - INFO - 步骤 2: 添加边 ('09437454', '02037090', '_derivationally_related_form'), 相似度提升: 0.0330
2025-07-09 09:16:41,967 - INFO - 匹配成功: True
2025-07-09 09:16:41,967 - INFO - 匹配得分: 0.9483
2025-07-09 09:16:41,967 - INFO - 扩展子图节点: ['01974062', '09206985', '09437454', '02037090']
2025-07-09 09:16:41,968 - INFO - 扩展子图边: [('01974062', '09206985', {'relation': '_derivationally_related_form'}), ('09206985', '09437454', {'relation': '_hypernym'}), ('09437454', '02037090', {'relation': '_derivationally_related_form'})]
2025-07-09 09:16:41,968 - INFO - 处理第51/59个anchor
2025-07-09 09:16:41,969 - INFO - 开始处理anchor: ('01974062', '_derivationally_related_form', '07348399')
2025-07-09 09:16:41,976 - INFO - 最大扩展步数: 2
2025-07-09 09:16:42,146 - INFO - 步骤 1: 添加边 ('01982866', '01974062', '_hypernym'), 相似度提升: 0.0615
2025-07-09 09:16:42,322 - INFO - 步骤 2: 添加边 ('07348399', '01990281', '_derivationally_related_form'), 相似度提升: 0.0244
2025-07-09 09:16:42,330 - INFO - 匹配成功: True
2025-07-09 09:16:42,330 - INFO - 匹配得分: 0.9265
2025-07-09 09:16:42,330 - INFO - 扩展子图节点: ['01974062', '07348399', '01982866', '01990281']
2025-07-09 09:16:42,331 - INFO - 扩展子图边: [('01974062', '07348399', {'relation': '_derivationally_related_form'}), ('07348399', '01990281', {'relation': '_derivationally_related_form'}), ('01982866', '01974062', {'relation': '_hypernym'})]
2025-07-09 09:16:42,331 - INFO - 处理第52/59个anchor
2025-07-09 09:16:42,331 - INFO - 开始处理anchor: ('01974062', '_derivationally_related_form', '10773394')
2025-07-09 09:16:42,337 - INFO - 最大扩展步数: 2
2025-07-09 09:16:42,536 - INFO - 步骤 1: 添加边 ('01975387', '01974062', '_hypernym'), 相似度提升: 0.0639
2025-07-09 09:16:42,715 - INFO - 步骤 2: 添加边 ('00629597', '01975387', '_derivationally_related_form'), 相似度提升: 0.0141
2025-07-09 09:16:42,725 - INFO - 匹配成功: True
2025-07-09 09:16:42,726 - INFO - 匹配得分: 0.9202
2025-07-09 09:16:42,726 - INFO - 扩展子图节点: ['01974062', '10773394', '01975387', '00629597']
2025-07-09 09:16:42,726 - INFO - 扩展子图边: [('01974062', '10773394', {'relation': '_derivationally_related_form'}), ('01975387', '01974062', {'relation': '_hypernym'}), ('00629597', '01975387', {'relation': '_derivationally_related_form'})]
2025-07-09 09:16:42,727 - INFO - 处理第53/59个anchor
2025-07-09 09:16:42,727 - INFO - 开始处理anchor: ('01974062', '_derivationally_related_form', '07370671')
2025-07-09 09:16:42,731 - INFO - 最大扩展步数: 2
2025-07-09 09:16:42,913 - INFO - 步骤 1: 添加边 ('07348399', '01974062', '_derivationally_related_form'), 相似度提升: 0.0549
2025-07-09 09:16:43,106 - INFO - 步骤 2: 添加边 ('01975121', '01974062', '_hypernym'), 相似度提升: 0.0377
2025-07-09 09:16:43,114 - INFO - 匹配成功: True
2025-07-09 09:16:43,114 - INFO - 匹配得分: 0.9305
2025-07-09 09:16:43,114 - INFO - 扩展子图节点: ['01974062', '07370671', '07348399', '01975121']
2025-07-09 09:16:43,115 - INFO - 扩展子图边: [('01974062', '07370671', {'relation': '_derivationally_related_form'}), ('07348399', '01974062', {'relation': '_derivationally_related_form'}), ('01975121', '01974062', {'relation': '_hypernym'})]
2025-07-09 09:16:43,115 - INFO - 处理第54/59个anchor
2025-07-09 09:16:43,115 - INFO - 开始处理anchor: ('01974062', '_derivationally_related_form', '00116376')
2025-07-09 09:16:43,123 - INFO - 最大扩展步数: 2
2025-07-09 09:16:43,316 - INFO - 步骤 1: 添加边 ('01974062', '09206985', '_derivationally_related_form'), 相似度提升: 0.0351
2025-07-09 09:16:43,537 - INFO - 步骤 2: 添加边 ('01455639', '01974062', '_hypernym'), 相似度提升: 0.0517
2025-07-09 09:16:43,544 - INFO - 匹配成功: True
2025-07-09 09:16:43,544 - INFO - 匹配得分: 0.9302
2025-07-09 09:16:43,544 - INFO - 扩展子图节点: ['01974062', '00116376', '09206985', '01455639']
2025-07-09 09:16:43,545 - INFO - 扩展子图边: [('01974062', '00116376', {'relation': '_derivationally_related_form'}), ('01974062', '09206985', {'relation': '_derivationally_related_form'}), ('01455639', '01974062', {'relation': '_hypernym'})]
2025-07-09 09:16:43,545 - INFO - 处理第55/59个anchor
2025-07-09 09:16:43,545 - INFO - 开始处理anchor: ('01974062', '_derivationally_related_form', '04231693')
2025-07-09 09:16:43,549 - INFO - 最大扩展步数: 2
2025-07-09 09:16:43,717 - INFO - 步骤 1: 添加边 ('07370671', '01974062', '_derivationally_related_form'), 相似度提升: 0.0686
2025-07-09 09:16:43,907 - INFO - 步骤 2: 相似度提升不足 (0.0000), 停止扩展
2025-07-09 09:16:43,912 - INFO - 匹配成功: True
2025-07-09 09:16:43,913 - INFO - 匹配得分: 0.9545
2025-07-09 09:16:43,913 - INFO - 扩展子图节点: ['01974062', '04231693', '07370671']
2025-07-09 09:16:43,913 - INFO - 扩展子图边: [('01974062', '04231693', {'relation': '_derivationally_related_form'}), ('07370671', '01974062', {'relation': '_derivationally_related_form'})]
2025-07-09 09:16:43,913 - INFO - 处理第56/59个anchor
2025-07-09 09:16:43,913 - INFO - 开始处理anchor: ('01974062', '_derivationally_related_form', '09366317')
2025-07-09 09:16:43,919 - INFO - 最大扩展步数: 2
2025-07-09 09:16:44,113 - INFO - 步骤 1: 添加边 ('01974062', '00116376', '_derivationally_related_form'), 相似度提升: 0.1068
2025-07-09 09:16:44,336 - INFO - 步骤 2: 添加边 ('01239359', '01974062', '_hypernym'), 相似度提升: 0.0853
2025-07-09 09:16:44,344 - INFO - 匹配成功: True
2025-07-09 09:16:44,346 - INFO - 匹配得分: 0.9203
2025-07-09 09:16:44,346 - INFO - 扩展子图节点: ['01974062', '09366317', '00116376', '01239359']
2025-07-09 09:16:44,346 - INFO - 扩展子图边: [('01974062', '09366317', {'relation': '_derivationally_related_form'}), ('01974062', '00116376', {'relation': '_derivationally_related_form'}), ('01239359', '01974062', {'relation': '_hypernym'})]
2025-07-09 09:16:44,346 - INFO - 处理第57/59个anchor
2025-07-09 09:16:44,346 - INFO - 开始处理anchor: ('01974062', '_derivationally_related_form', '03281145')
2025-07-09 09:16:44,350 - INFO - 最大扩展步数: 2
2025-07-09 09:16:44,532 - INFO - 步骤 1: 添加边 ('04231693', '01974062', '_derivationally_related_form'), 相似度提升: 0.0597
2025-07-09 09:16:44,714 - INFO - 步骤 2: 添加边 ('01974062', '09206985', '_derivationally_related_form'), 相似度提升: 0.0845
2025-07-09 09:16:44,723 - INFO - 匹配成功: True
2025-07-09 09:16:44,724 - INFO - 匹配得分: 0.9159
2025-07-09 09:16:44,724 - INFO - 扩展子图节点: ['01974062', '03281145', '04231693', '09206985']
2025-07-09 09:16:44,725 - INFO - 扩展子图边: [('01974062', '03281145', {'relation': '_derivationally_related_form'}), ('01974062', '09206985', {'relation': '_derivationally_related_form'}), ('04231693', '01974062', {'relation': '_derivationally_related_form'})]
2025-07-09 09:16:44,725 - INFO - 处理第58/59个anchor
2025-07-09 09:16:44,725 - INFO - 开始处理anchor: ('01974062', '_derivationally_related_form', '05131283')
2025-07-09 09:16:44,730 - INFO - 最大扩展步数: 2
2025-07-09 09:16:44,890 - INFO - 步骤 1: 添加边 ('00316594', '01974062', '_derivationally_related_form'), 相似度提升: 0.0318
2025-07-09 09:16:45,063 - INFO - 步骤 2: 添加边 ('03664514', '01974062', '_derivationally_related_form'), 相似度提升: 0.0311
2025-07-09 09:16:45,071 - INFO - 匹配成功: True
2025-07-09 09:16:45,072 - INFO - 匹配得分: 0.9512
2025-07-09 09:16:45,072 - INFO - 扩展子图节点: ['01974062', '05131283', '00316594', '03664514']
2025-07-09 09:16:45,073 - INFO - 扩展子图边: [('01974062', '05131283', {'relation': '_derivationally_related_form'}), ('00316594', '01974062', {'relation': '_derivationally_related_form'}), ('03664514', '01974062', {'relation': '_derivationally_related_form'})]
2025-07-09 09:16:45,073 - INFO - 处理第59/59个anchor
2025-07-09 09:16:45,073 - INFO - 开始处理anchor: ('01974062', '_derivationally_related_form', '00316594')
2025-07-09 09:16:45,077 - INFO - 最大扩展步数: 2
2025-07-09 09:16:45,247 - INFO - 步骤 1: 添加边 ('07348399', '01974062', '_derivationally_related_form'), 相似度提升: 0.0779
2025-07-09 09:16:45,427 - INFO - 步骤 2: 添加边 ('00316594', '00315986', '_hypernym'), 相似度提升: 0.0048
2025-07-09 09:16:45,433 - INFO - 匹配成功: True
2025-07-09 09:16:45,433 - INFO - 匹配得分: 0.9281
2025-07-09 09:16:45,433 - INFO - 扩展子图节点: ['01974062', '00316594', '07348399', '00315986']
2025-07-09 09:16:45,434 - INFO - 扩展子图边: [('01974062', '00316594', {'relation': '_derivationally_related_form'}), ('00316594', '00315986', {'relation': '_hypernym'}), ('07348399', '01974062', {'relation': '_derivationally_related_form'})]
2025-07-09 09:16:45,434 - INFO - 批量匹配完成: 59/59 成功匹配
2025-07-09 09:16:45,454 - INFO - 结果已保存到: result2.json
