2025-07-09 08:39:52,789 - INFO - 成功加载预训练embedding
2025-07-09 08:39:52,854 - WARNING - 加载训练模型失败: No module named 'simple_train'
2025-07-09 08:39:52,856 - INFO - StructMatch系统初始化完成（集成语义增强）
2025-07-09 08:39:52,856 - INFO - 开始加载数据...
2025-07-09 08:39:53,828 - INFO - 成功加载知识图谱: 40559个实体, 11种关系, 86835个三元组
2025-07-09 08:39:53,829 - INFO - 成功加载2条规则
2025-07-09 08:39:53,829 - INFO - 数据加载完成
2025-07-09 08:39:53,954 - INFO - 开始批量匹配，共100个anchor，规则ID: rule_001
2025-07-09 08:39:53,955 - INFO - 处理第1/100个anchor
2025-07-09 08:39:53,955 - INFO - 开始处理anchor: ('00260881', '_hypernym', '00260622')
2025-07-09 08:39:53,970 - INFO - 规则类型: chain, 最大扩展步数: 2
2025-07-09 08:39:53,979 - INFO - Motif阈值: 0.98, 结构提升阈值: 0.0
2025-07-09 08:39:53,984 - INFO - 相似度提升检查: -0.0515 >= 0.0
2025-07-09 08:39:53,984 - INFO - 步骤 1: 相似度提升不足 (-0.0515), 停止扩展
2025-07-09 08:39:53,991 - INFO - 匹配失败，处理时间: 0.0358秒
2025-07-09 08:39:53,991 - INFO - 处理第2/100个anchor
2025-07-09 08:39:53,991 - INFO - 开始处理anchor: ('00260881', '_synset_domain_topic_of', '01124794')
2025-07-09 08:39:53,995 - INFO - 规则类型: chain, 最大扩展步数: 2
2025-07-09 08:39:53,996 - INFO - Motif阈值: 0.98, 结构提升阈值: 0.0
2025-07-09 08:39:54,028 - INFO - 相似度提升检查: -0.0390 >= 0.0
2025-07-09 08:39:54,029 - INFO - 步骤 1: 相似度提升不足 (-0.0390), 停止扩展
2025-07-09 08:39:54,035 - INFO - 匹配成功: True
2025-07-09 08:39:54,036 - INFO - 匹配得分: 0.9214
2025-07-09 08:39:54,036 - INFO - 扩展子图节点: ['00260881', '01124794']
2025-07-09 08:39:54,036 - INFO - 扩展子图边: [('00260881', '01124794', {'relation': '_synset_domain_topic_of'})]
2025-07-09 08:39:54,036 - INFO - 处理第3/100个anchor
2025-07-09 08:39:54,036 - INFO - 开始处理anchor: ('00260622', '_derivationally_related_form', '00265386')
2025-07-09 08:39:54,043 - INFO - 规则类型: chain, 最大扩展步数: 2
2025-07-09 08:39:54,043 - INFO - Motif阈值: 0.98, 结构提升阈值: 0.0
2025-07-09 08:39:54,045 - INFO - 步骤 1: 没有找到合适的扩展边
2025-07-09 08:39:54,052 - INFO - 匹配失败，处理时间: 0.0140秒
2025-07-09 08:39:54,052 - INFO - 处理第4/100个anchor
2025-07-09 08:39:54,052 - INFO - 开始处理anchor: ('00260622', '_hypernym', '00248977')
2025-07-09 08:39:54,058 - INFO - 规则类型: chain, 最大扩展步数: 2
2025-07-09 08:39:54,059 - INFO - Motif阈值: 0.98, 结构提升阈值: 0.0
2025-07-09 08:39:54,061 - INFO - 步骤 1: 没有找到合适的扩展边
2025-07-09 08:39:54,068 - INFO - 匹配失败，处理时间: 0.0151秒
2025-07-09 08:39:54,069 - INFO - 处理第5/100个anchor
2025-07-09 08:39:54,069 - INFO - 开始处理anchor: ('00260622', '_derivationally_related_form', '00265673')
2025-07-09 08:39:54,074 - INFO - 规则类型: chain, 最大扩展步数: 2
2025-07-09 08:39:54,074 - INFO - Motif阈值: 0.98, 结构提升阈值: 0.0
2025-07-09 08:39:54,076 - INFO - 步骤 1: 没有找到合适的扩展边
2025-07-09 08:39:54,082 - INFO - 匹配失败，处理时间: 0.0130秒
2025-07-09 08:39:54,082 - INFO - 处理第6/100个anchor
2025-07-09 08:39:54,083 - INFO - 开始处理anchor: ('01332730', '_derivationally_related_form', '03122748')
2025-07-09 08:39:54,089 - INFO - 规则类型: chain, 最大扩展步数: 2
2025-07-09 08:39:54,089 - INFO - Motif阈值: 0.98, 结构提升阈值: 0.0
2025-07-09 08:39:54,093 - INFO - 步骤 1: 没有找到合适的扩展边
2025-07-09 08:39:54,098 - INFO - 匹配失败，处理时间: 0.0150秒
2025-07-09 08:39:54,099 - INFO - 处理第7/100个anchor
2025-07-09 08:39:54,099 - INFO - 开始处理anchor: ('01332730', '_derivationally_related_form', '02840619')
2025-07-09 08:39:54,105 - INFO - 规则类型: chain, 最大扩展步数: 2
2025-07-09 08:39:54,105 - INFO - Motif阈值: 0.98, 结构提升阈值: 0.0
2025-07-09 08:39:54,108 - INFO - 步骤 1: 没有找到合适的扩展边
2025-07-09 08:39:54,115 - INFO - 匹配失败，处理时间: 0.0157秒
2025-07-09 08:39:54,116 - INFO - 处理第8/100个anchor
2025-07-09 08:39:54,116 - INFO - 开始处理anchor: ('01332730', '_verb_group', '01336635')
2025-07-09 08:39:54,121 - INFO - 规则类型: chain, 最大扩展步数: 2
2025-07-09 08:39:54,122 - INFO - Motif阈值: 0.98, 结构提升阈值: 0.0
2025-07-09 08:39:54,126 - INFO - 步骤 1: 没有找到合适的扩展边
2025-07-09 08:39:54,131 - INFO - 匹配失败，处理时间: 0.0147秒
2025-07-09 08:39:54,132 - INFO - 处理第9/100个anchor
2025-07-09 08:39:54,132 - INFO - 开始处理anchor: ('01332730', '_verb_group', '01207951')
2025-07-09 08:39:54,137 - INFO - 规则类型: chain, 最大扩展步数: 2
2025-07-09 08:39:54,137 - INFO - Motif阈值: 0.98, 结构提升阈值: 0.0
2025-07-09 08:39:54,141 - INFO - 步骤 1: 没有找到合适的扩展边
2025-07-09 08:39:54,147 - INFO - 匹配失败，处理时间: 0.0152秒
2025-07-09 08:39:54,148 - INFO - 处理第10/100个anchor
2025-07-09 08:39:54,148 - INFO - 开始处理anchor: ('01332730', '_derivationally_related_form', '04151940')
2025-07-09 08:39:54,155 - INFO - 规则类型: chain, 最大扩展步数: 2
2025-07-09 08:39:54,155 - INFO - Motif阈值: 0.98, 结构提升阈值: 0.0
2025-07-09 08:39:54,158 - INFO - 步骤 1: 没有找到合适的扩展边
2025-07-09 08:39:54,164 - INFO - 匹配失败，处理时间: 0.0140秒
2025-07-09 08:39:54,165 - INFO - 处理第11/100个anchor
2025-07-09 08:39:54,165 - INFO - 开始处理anchor: ('03122748', '_derivationally_related_form', '01332730')
2025-07-09 08:39:54,169 - INFO - 规则类型: chain, 最大扩展步数: 2
2025-07-09 08:39:54,170 - INFO - Motif阈值: 0.98, 结构提升阈值: 0.0
2025-07-09 08:39:54,173 - INFO - 步骤 1: 没有找到合适的扩展边
2025-07-09 08:39:54,177 - INFO - 匹配失败，处理时间: 0.0120秒
2025-07-09 08:39:54,178 - INFO - 处理第12/100个anchor
2025-07-09 08:39:54,178 - INFO - 开始处理anchor: ('03122748', '_hypernym', '00021939')
2025-07-09 08:39:54,184 - INFO - 规则类型: chain, 最大扩展步数: 2
2025-07-09 08:39:54,184 - INFO - Motif阈值: 0.98, 结构提升阈值: 0.0
2025-07-09 08:39:54,190 - INFO - 步骤 1: 没有找到合适的扩展边
2025-07-09 08:39:54,197 - INFO - 匹配失败，处理时间: 0.0184秒
2025-07-09 08:39:54,197 - INFO - 处理第13/100个anchor
2025-07-09 08:39:54,197 - INFO - 开始处理anchor: ('06066555', '_derivationally_related_form', '00645415')
2025-07-09 08:39:54,205 - INFO - 规则类型: chain, 最大扩展步数: 2
2025-07-09 08:39:54,206 - INFO - Motif阈值: 0.98, 结构提升阈值: 0.0
2025-07-09 08:39:54,250 - INFO - 相似度提升检查: -0.1175 >= 0.0
2025-07-09 08:39:54,251 - INFO - 步骤 1: 相似度提升不足 (-0.1175), 停止扩展
2025-07-09 08:39:54,256 - INFO - 匹配失败，处理时间: 0.0591秒
2025-07-09 08:39:54,257 - INFO - 处理第14/100个anchor
2025-07-09 08:39:54,258 - INFO - 开始处理anchor: ('06066555', '_derivationally_related_form', '09868270')
2025-07-09 08:39:54,262 - INFO - 规则类型: chain, 最大扩展步数: 2
2025-07-09 08:39:54,263 - INFO - Motif阈值: 0.98, 结构提升阈值: 0.0
2025-07-09 08:39:54,309 - INFO - 相似度提升检查: -0.0951 >= 0.0
2025-07-09 08:39:54,309 - INFO - 步骤 1: 相似度提升不足 (-0.0951), 停止扩展
2025-07-09 08:39:54,316 - INFO - 匹配失败，处理时间: 0.0586秒
2025-07-09 08:39:54,316 - INFO - 处理第15/100个anchor
2025-07-09 08:39:54,317 - INFO - 开始处理anchor: ('06066555', '_hypernym', '06037666')
2025-07-09 08:39:54,323 - INFO - 规则类型: chain, 最大扩展步数: 2
2025-07-09 08:39:54,323 - INFO - Motif阈值: 0.98, 结构提升阈值: 0.0
2025-07-09 08:39:54,429 - INFO - 相似度提升检查: -0.1377 >= 0.0
2025-07-09 08:39:54,430 - INFO - 步骤 1: 相似度提升不足 (-0.1377), 停止扩展
2025-07-09 08:39:54,437 - INFO - 匹配失败，处理时间: 0.1189秒
2025-07-09 08:39:54,437 - INFO - 处理第16/100个anchor
2025-07-09 08:39:54,437 - INFO - 开始处理anchor: ('00645415', '_derivationally_related_form', '06066555')
2025-07-09 08:39:54,442 - INFO - 规则类型: chain, 最大扩展步数: 2
2025-07-09 08:39:54,442 - INFO - Motif阈值: 0.98, 结构提升阈值: 0.0
2025-07-09 08:39:54,486 - INFO - 相似度提升检查: -0.0933 >= 0.0
2025-07-09 08:39:54,486 - INFO - 步骤 1: 相似度提升不足 (-0.0933), 停止扩展
2025-07-09 08:39:54,492 - INFO - 匹配失败，处理时间: 0.0537秒
2025-07-09 08:39:54,492 - INFO - 处理第17/100个anchor
2025-07-09 08:39:54,492 - INFO - 开始处理anchor: ('00645415', '_hypernym', '00643473')
2025-07-09 08:39:54,497 - INFO - 规则类型: chain, 最大扩展步数: 2
2025-07-09 08:39:54,498 - INFO - Motif阈值: 0.98, 结构提升阈值: 0.0
2025-07-09 08:39:54,503 - INFO - 相似度提升检查: -0.1195 >= 0.0
2025-07-09 08:39:54,503 - INFO - 步骤 1: 相似度提升不足 (-0.1195), 停止扩展
2025-07-09 08:39:54,509 - INFO - 匹配失败，处理时间: 0.0160秒
2025-07-09 08:39:54,509 - INFO - 处理第18/100个anchor
2025-07-09 08:39:54,510 - INFO - 开始处理anchor: ('09322930', '_instance_hypernym', '09360122')
2025-07-09 08:39:54,514 - INFO - 规则类型: chain, 最大扩展步数: 2
2025-07-09 08:39:54,515 - INFO - Motif阈值: 0.98, 结构提升阈值: 0.0
2025-07-09 08:39:54,519 - INFO - 步骤 1: 没有找到合适的扩展边
2025-07-09 08:39:54,524 - INFO - 匹配失败，处理时间: 0.0139秒
2025-07-09 08:39:54,524 - INFO - 处理第19/100个anchor
2025-07-09 08:39:54,524 - INFO - 开始处理anchor: ('09360122', '_hypernym', '08617963')
2025-07-09 08:39:54,529 - INFO - 规则类型: chain, 最大扩展步数: 2
2025-07-09 08:39:54,529 - INFO - Motif阈值: 0.98, 结构提升阈值: 0.0
2025-07-09 08:39:54,533 - INFO - 步骤 1: 没有找到合适的扩展边
2025-07-09 08:39:54,538 - INFO - 匹配失败，处理时间: 0.0133秒
2025-07-09 08:39:54,539 - INFO - 处理第20/100个anchor
2025-07-09 08:39:54,539 - INFO - 开始处理anchor: ('07193596', '_derivationally_related_form', '00784342')
2025-07-09 08:39:54,544 - INFO - 规则类型: chain, 最大扩展步数: 2
2025-07-09 08:39:54,544 - INFO - Motif阈值: 0.98, 结构提升阈值: 0.0
2025-07-09 08:39:54,546 - INFO - 步骤 1: 没有找到合适的扩展边
2025-07-09 08:39:54,553 - INFO - 匹配失败，处理时间: 0.0140秒
2025-07-09 08:39:54,553 - INFO - 处理第21/100个anchor
2025-07-09 08:39:54,553 - INFO - 开始处理anchor: ('07193596', '_derivationally_related_form', '00788184')
2025-07-09 08:39:54,558 - INFO - 规则类型: chain, 最大扩展步数: 2
2025-07-09 08:39:54,558 - INFO - Motif阈值: 0.98, 结构提升阈值: 0.0
2025-07-09 08:39:54,561 - INFO - 步骤 1: 没有找到合适的扩展边
2025-07-09 08:39:54,567 - INFO - 匹配失败，处理时间: 0.0140秒
2025-07-09 08:39:54,567 - INFO - 处理第22/100个anchor
2025-07-09 08:39:54,568 - INFO - 开始处理anchor: ('07193596', '_hypernym', '07193184')
2025-07-09 08:39:54,572 - INFO - 规则类型: chain, 最大扩展步数: 2
2025-07-09 08:39:54,574 - INFO - Motif阈值: 0.98, 结构提升阈值: 0.0
2025-07-09 08:39:54,575 - INFO - 步骤 1: 没有找到合适的扩展边
2025-07-09 08:39:54,580 - INFO - 匹配失败，处理时间: 0.0111秒
2025-07-09 08:39:54,580 - INFO - 处理第23/100个anchor
2025-07-09 08:39:54,581 - INFO - 开始处理anchor: ('07193596', '_derivationally_related_form', '00808855')
2025-07-09 08:39:54,586 - INFO - 规则类型: chain, 最大扩展步数: 2
2025-07-09 08:39:54,587 - INFO - Motif阈值: 0.98, 结构提升阈值: 0.0
2025-07-09 08:39:54,589 - INFO - 步骤 1: 没有找到合适的扩展边
2025-07-09 08:39:54,594 - INFO - 匹配失败，处理时间: 0.0130秒
2025-07-09 08:39:54,594 - INFO - 处理第24/100个anchor
2025-07-09 08:39:54,594 - INFO - 开始处理anchor: ('07193596', '_derivationally_related_form', '00785008')
2025-07-09 08:39:54,601 - INFO - 规则类型: chain, 最大扩展步数: 2
2025-07-09 08:39:54,601 - INFO - Motif阈值: 0.98, 结构提升阈值: 0.0
2025-07-09 08:39:54,604 - INFO - 步骤 1: 没有找到合适的扩展边
2025-07-09 08:39:54,609 - INFO - 匹配失败，处理时间: 0.0140秒
2025-07-09 08:39:54,610 - INFO - 处理第25/100个anchor
2025-07-09 08:39:54,611 - INFO - 开始处理anchor: ('00784342', '_derivationally_related_form', '10207831')
2025-07-09 08:39:54,615 - INFO - 规则类型: chain, 最大扩展步数: 2
2025-07-09 08:39:54,615 - INFO - Motif阈值: 0.98, 结构提升阈值: 0.0
2025-07-09 08:39:54,618 - INFO - 步骤 1: 没有找到合适的扩展边
2025-07-09 08:39:54,622 - INFO - 匹配失败，处理时间: 0.0118秒
2025-07-09 08:39:54,623 - INFO - 处理第26/100个anchor
2025-07-09 08:39:54,623 - INFO - 开始处理anchor: ('00784342', '_hypernym', '00740577')
2025-07-09 08:39:54,629 - INFO - 规则类型: chain, 最大扩展步数: 2
2025-07-09 08:39:54,630 - INFO - Motif阈值: 0.98, 结构提升阈值: 0.0
2025-07-09 08:39:54,634 - INFO - 步骤 1: 没有找到合适的扩展边
2025-07-09 08:39:54,639 - INFO - 匹配失败，处理时间: 0.0158秒
2025-07-09 08:39:54,640 - INFO - 处理第27/100个anchor
2025-07-09 08:39:54,640 - INFO - 开始处理anchor: ('00784342', '_derivationally_related_form', '07193596')
2025-07-09 08:39:54,645 - INFO - 规则类型: chain, 最大扩展步数: 2
2025-07-09 08:39:54,645 - INFO - Motif阈值: 0.98, 结构提升阈值: 0.0
2025-07-09 08:39:54,648 - INFO - 步骤 1: 没有找到合适的扩展边
2025-07-09 08:39:54,692 - INFO - 匹配失败，处理时间: 0.0517秒
2025-07-09 08:39:54,719 - INFO - 处理第28/100个anchor
2025-07-09 08:39:54,739 - INFO - 开始处理anchor: ('00784342', '_verb_group', '00897746')
2025-07-09 08:39:54,743 - INFO - 规则类型: chain, 最大扩展步数: 2
2025-07-09 08:39:54,744 - INFO - Motif阈值: 0.98, 结构提升阈值: 0.0
2025-07-09 08:39:54,746 - INFO - 步骤 1: 没有找到合适的扩展边
2025-07-09 08:39:54,752 - INFO - 匹配失败，处理时间: 0.0123秒
2025-07-09 08:39:54,752 - INFO - 处理第29/100个anchor
2025-07-09 08:39:54,753 - INFO - 开始处理anchor: ('00784342', '_derivationally_related_form', '07193184')
2025-07-09 08:39:54,758 - INFO - 规则类型: chain, 最大扩展步数: 2
2025-07-09 08:39:54,758 - INFO - Motif阈值: 0.98, 结构提升阈值: 0.0
2025-07-09 08:39:54,761 - INFO - 步骤 1: 没有找到合适的扩展边
2025-07-09 08:39:54,768 - INFO - 匹配失败，处理时间: 0.0159秒
2025-07-09 08:39:54,769 - INFO - 处理第30/100个anchor
2025-07-09 08:39:54,769 - INFO - 开始处理anchor: ('00784342', '_verb_group', '00784727')
2025-07-09 08:39:54,775 - INFO - 规则类型: chain, 最大扩展步数: 2
2025-07-09 08:39:54,775 - INFO - Motif阈值: 0.98, 结构提升阈值: 0.0
2025-07-09 08:39:54,778 - INFO - 步骤 1: 没有找到合适的扩展边
2025-07-09 08:39:54,786 - INFO - 匹配失败，处理时间: 0.0170秒
2025-07-09 08:39:54,787 - INFO - 处理第31/100个anchor
2025-07-09 08:39:54,787 - INFO - 开始处理anchor: ('01768969', '_derivationally_related_form', '02636811')
2025-07-09 08:39:54,794 - INFO - 规则类型: chain, 最大扩展步数: 2
2025-07-09 08:39:54,795 - INFO - Motif阈值: 0.98, 结构提升阈值: 0.0
2025-07-09 08:39:54,798 - INFO - 相似度提升检查: -0.1553 >= 0.0
2025-07-09 08:39:54,799 - INFO - 步骤 1: 相似度提升不足 (-0.1553), 停止扩展
2025-07-09 08:39:54,807 - INFO - 匹配失败，处理时间: 0.0190秒
2025-07-09 08:39:54,807 - INFO - 处理第32/100个anchor
2025-07-09 08:39:54,807 - INFO - 开始处理anchor: ('01768969', '_hypernym', '08103777')
2025-07-09 08:39:54,812 - INFO - 规则类型: chain, 最大扩展步数: 2
2025-07-09 08:39:54,812 - INFO - Motif阈值: 0.98, 结构提升阈值: 0.0
2025-07-09 08:39:54,823 - INFO - 相似度提升检查: -0.0756 >= 0.0
2025-07-09 08:39:54,824 - INFO - 步骤 1: 相似度提升不足 (-0.0756), 停止扩展
2025-07-09 08:39:54,830 - INFO - 匹配失败，处理时间: 0.0219秒
2025-07-09 08:39:54,830 - INFO - 处理第33/100个anchor
2025-07-09 08:39:54,830 - INFO - 开始处理anchor: ('01768969', '_member_meronym', '01775879')
2025-07-09 08:39:54,838 - INFO - 规则类型: chain, 最大扩展步数: 2
2025-07-09 08:39:54,838 - INFO - Motif阈值: 0.98, 结构提升阈值: 0.0
2025-07-09 08:39:54,840 - INFO - 步骤 1: 没有找到合适的扩展边
2025-07-09 08:39:54,844 - INFO - 匹配失败，处理时间: 0.0130秒
2025-07-09 08:39:54,845 - INFO - 处理第34/100个anchor
2025-07-09 08:39:54,845 - INFO - 开始处理anchor: ('01768969', '_member_meronym', '01771966')
2025-07-09 08:39:54,852 - INFO - 规则类型: chain, 最大扩展步数: 2
2025-07-09 08:39:54,852 - INFO - Motif阈值: 0.98, 结构提升阈值: 0.0
2025-07-09 08:39:54,855 - INFO - 步骤 1: 没有找到合适的扩展边
2025-07-09 08:39:54,860 - INFO - 匹配失败，处理时间: 0.0150秒
2025-07-09 08:39:54,861 - INFO - 处理第35/100个anchor
2025-07-09 08:39:54,861 - INFO - 开始处理anchor: ('01768969', '_member_meronym', '01769347')
2025-07-09 08:39:54,866 - INFO - 规则类型: chain, 最大扩展步数: 2
2025-07-09 08:39:54,867 - INFO - Motif阈值: 0.98, 结构提升阈值: 0.0
2025-07-09 08:39:54,870 - INFO - 步骤 1: 没有找到合适的扩展边
2025-07-09 08:39:54,876 - INFO - 匹配失败，处理时间: 0.0149秒
2025-07-09 08:39:54,876 - INFO - 处理第36/100个anchor
2025-07-09 08:39:54,877 - INFO - 开始处理anchor: ('01768969', '_member_meronym', '01770553')
2025-07-09 08:39:54,882 - INFO - 规则类型: chain, 最大扩展步数: 2
2025-07-09 08:39:54,883 - INFO - Motif阈值: 0.98, 结构提升阈值: 0.0
2025-07-09 08:39:54,886 - INFO - 步骤 1: 没有找到合适的扩展边
2025-07-09 08:39:54,892 - INFO - 匹配失败，处理时间: 0.0150秒
2025-07-09 08:39:54,892 - INFO - 处理第37/100个anchor
2025-07-09 08:39:54,893 - INFO - 开始处理anchor: ('01768969', '_member_meronym', '01769635')
2025-07-09 08:39:54,899 - INFO - 规则类型: chain, 最大扩展步数: 2
2025-07-09 08:39:54,899 - INFO - Motif阈值: 0.98, 结构提升阈值: 0.0
2025-07-09 08:39:54,902 - INFO - 步骤 1: 没有找到合适的扩展边
2025-07-09 08:39:54,909 - INFO - 匹配失败，处理时间: 0.0157秒
2025-07-09 08:39:54,909 - INFO - 处理第38/100个anchor
2025-07-09 08:39:54,910 - INFO - 开始处理anchor: ('02636811', '_derivationally_related_form', '01769347')
2025-07-09 08:39:54,914 - INFO - 规则类型: chain, 最大扩展步数: 2
2025-07-09 08:39:54,915 - INFO - Motif阈值: 0.98, 结构提升阈值: 0.0
2025-07-09 08:39:54,921 - INFO - 相似度提升检查: 0.0333 >= 0.0
2025-07-09 08:39:54,921 - INFO - 步骤 1: 添加边 ('02636811', '06083243', '_synset_domain_topic_of'), 相似度提升: 0.0333 (当前: -0.3866)
2025-07-09 08:39:54,921 - INFO - 步骤 1: 子图与规则同构，提前终止扩展
2025-07-09 08:39:54,927 - INFO - 匹配成功: True
2025-07-09 08:39:54,928 - INFO - 匹配得分: 0.9113
2025-07-09 08:39:54,928 - INFO - 扩展子图节点: ['02636811', '01769347', '06083243']
2025-07-09 08:39:54,928 - INFO - 扩展子图边: [('02636811', '01769347', {'relation': '_derivationally_related_form'}), ('02636811', '06083243', {'relation': '_synset_domain_topic_of'})]
2025-07-09 08:39:54,928 - INFO - 处理第39/100个anchor
2025-07-09 08:39:54,928 - INFO - 开始处理anchor: ('02636811', '_synset_domain_topic_of', '06083243')
2025-07-09 08:39:54,934 - INFO - 规则类型: chain, 最大扩展步数: 2
2025-07-09 08:39:54,935 - INFO - Motif阈值: 0.98, 结构提升阈值: 0.0
2025-07-09 08:39:54,965 - INFO - 相似度提升检查: -0.0170 >= 0.0
2025-07-09 08:39:54,965 - INFO - 步骤 1: 相似度提升不足 (-0.0170), 停止扩展
2025-07-09 08:39:54,973 - INFO - 匹配成功: True
2025-07-09 08:39:54,973 - INFO - 匹配得分: 0.8649
2025-07-09 08:39:54,973 - INFO - 扩展子图节点: ['02636811', '06083243']
2025-07-09 08:39:54,973 - INFO - 扩展子图边: [('02636811', '06083243', {'relation': '_synset_domain_topic_of'})]
2025-07-09 08:39:54,974 - INFO - 处理第40/100个anchor
2025-07-09 08:39:54,974 - INFO - 开始处理anchor: ('02636811', '_derivationally_related_form', '01768969')
2025-07-09 08:39:54,978 - INFO - 规则类型: chain, 最大扩展步数: 2
2025-07-09 08:39:54,980 - INFO - Motif阈值: 0.98, 结构提升阈值: 0.0
2025-07-09 08:39:54,983 - INFO - 相似度提升检查: -0.0219 >= 0.0
2025-07-09 08:39:54,983 - INFO - 步骤 1: 相似度提升不足 (-0.0219), 停止扩展
2025-07-09 08:39:54,990 - INFO - 匹配失败，处理时间: 0.0160秒
2025-07-09 08:39:54,992 - INFO - 处理第41/100个anchor
2025-07-09 08:39:54,992 - INFO - 开始处理anchor: ('02636811', '_derivationally_related_form', '01772222')
2025-07-09 08:39:54,997 - INFO - 规则类型: chain, 最大扩展步数: 2
2025-07-09 08:39:54,997 - INFO - Motif阈值: 0.98, 结构提升阈值: 0.0
2025-07-09 08:39:55,002 - INFO - 相似度提升检查: -0.0864 >= 0.0
2025-07-09 08:39:55,004 - INFO - 步骤 1: 相似度提升不足 (-0.0864), 停止扩展
2025-07-09 08:39:55,009 - INFO - 匹配失败，处理时间: 0.0177秒
2025-07-09 08:39:55,010 - INFO - 处理第42/100个anchor
2025-07-09 08:39:55,010 - INFO - 开始处理anchor: ('01455754', '_hypernym', '01974062')
2025-07-09 08:39:55,014 - INFO - 规则类型: chain, 最大扩展步数: 2
2025-07-09 08:39:55,015 - INFO - Motif阈值: 0.98, 结构提升阈值: 0.0
2025-07-09 08:39:55,022 - INFO - 相似度提升检查: -0.1109 >= 0.0
2025-07-09 08:39:55,023 - INFO - 步骤 1: 相似度提升不足 (-0.1109), 停止扩展
2025-07-09 08:39:55,027 - INFO - 匹配失败，处理时间: 0.0169秒
2025-07-09 08:39:55,028 - INFO - 处理第43/100个anchor
2025-07-09 08:39:55,028 - INFO - 开始处理anchor: ('01974062', '_derivationally_related_form', '09206985')
2025-07-09 08:39:55,034 - INFO - 规则类型: chain, 最大扩展步数: 2
2025-07-09 08:39:55,035 - INFO - Motif阈值: 0.98, 结构提升阈值: 0.0
2025-07-09 08:39:55,041 - INFO - 相似度提升检查: 0.0878 >= 0.0
2025-07-09 08:39:55,041 - INFO - 步骤 1: 添加边 ('01974062', '01976089', '_also_see'), 相似度提升: 0.0878 (当前: -0.4378)
2025-07-09 08:39:55,041 - INFO - 步骤 1: 子图与规则同构，提前终止扩展
2025-07-09 08:39:55,047 - INFO - 匹配成功: True
2025-07-09 08:39:55,047 - INFO - 匹配得分: 0.8772
2025-07-09 08:39:55,047 - INFO - 扩展子图节点: ['01974062', '09206985', '01976089']
2025-07-09 08:39:55,047 - INFO - 扩展子图边: [('01974062', '09206985', {'relation': '_derivationally_related_form'}), ('01974062', '01976089', {'relation': '_also_see'})]
2025-07-09 08:39:55,048 - INFO - 处理第44/100个anchor
2025-07-09 08:39:55,048 - INFO - 开始处理anchor: ('01974062', '_derivationally_related_form', '07348399')
2025-07-09 08:39:55,056 - INFO - 规则类型: chain, 最大扩展步数: 2
2025-07-09 08:39:55,056 - INFO - Motif阈值: 0.98, 结构提升阈值: 0.0
2025-07-09 08:39:55,061 - INFO - 相似度提升检查: -0.0351 >= 0.0
2025-07-09 08:39:55,061 - INFO - 步骤 1: 相似度提升不足 (-0.0351), 停止扩展
2025-07-09 08:39:55,067 - INFO - 匹配失败，处理时间: 0.0183秒
2025-07-09 08:39:55,067 - INFO - 处理第45/100个anchor
2025-07-09 08:39:55,068 - INFO - 开始处理anchor: ('01974062', '_derivationally_related_form', '10773394')
2025-07-09 08:39:55,074 - INFO - 规则类型: chain, 最大扩展步数: 2
2025-07-09 08:39:55,075 - INFO - Motif阈值: 0.98, 结构提升阈值: 0.0
2025-07-09 08:39:55,081 - INFO - 相似度提升检查: -0.0355 >= 0.0
2025-07-09 08:39:55,082 - INFO - 步骤 1: 相似度提升不足 (-0.0355), 停止扩展
2025-07-09 08:39:55,088 - INFO - 匹配失败，处理时间: 0.0191秒
2025-07-09 08:39:55,089 - INFO - 处理第46/100个anchor
2025-07-09 08:39:55,089 - INFO - 开始处理anchor: ('01974062', '_derivationally_related_form', '07370671')
2025-07-09 08:39:55,094 - INFO - 规则类型: chain, 最大扩展步数: 2
2025-07-09 08:39:55,095 - INFO - Motif阈值: 0.98, 结构提升阈值: 0.0
2025-07-09 08:39:55,101 - INFO - 相似度提升检查: -0.1217 >= 0.0
2025-07-09 08:39:55,101 - INFO - 步骤 1: 相似度提升不足 (-0.1217), 停止扩展
2025-07-09 08:39:55,107 - INFO - 匹配失败，处理时间: 0.0179秒
2025-07-09 08:39:55,107 - INFO - 处理第47/100个anchor
2025-07-09 08:39:55,108 - INFO - 开始处理anchor: ('01974062', '_derivationally_related_form', '00116376')
2025-07-09 08:39:55,112 - INFO - 规则类型: chain, 最大扩展步数: 2
2025-07-09 08:39:55,112 - INFO - Motif阈值: 0.98, 结构提升阈值: 0.0
2025-07-09 08:39:55,119 - INFO - 相似度提升检查: -0.1117 >= 0.0
2025-07-09 08:39:55,119 - INFO - 步骤 1: 相似度提升不足 (-0.1117), 停止扩展
2025-07-09 08:39:55,125 - INFO - 匹配失败，处理时间: 0.0169秒
2025-07-09 08:39:55,125 - INFO - 处理第48/100个anchor
2025-07-09 08:39:55,126 - INFO - 开始处理anchor: ('01974062', '_derivationally_related_form', '04231693')
2025-07-09 08:39:55,130 - INFO - 规则类型: chain, 最大扩展步数: 2
2025-07-09 08:39:55,130 - INFO - Motif阈值: 0.98, 结构提升阈值: 0.0
2025-07-09 08:39:55,139 - INFO - 相似度提升检查: -0.0308 >= 0.0
2025-07-09 08:39:55,139 - INFO - 步骤 1: 相似度提升不足 (-0.0308), 停止扩展
2025-07-09 08:39:55,144 - INFO - 匹配失败，处理时间: 0.0181秒
2025-07-09 08:39:55,145 - INFO - 处理第49/100个anchor
2025-07-09 08:39:55,145 - INFO - 开始处理anchor: ('01974062', '_derivationally_related_form', '09366317')
2025-07-09 08:39:55,151 - INFO - 规则类型: chain, 最大扩展步数: 2
2025-07-09 08:39:55,151 - INFO - Motif阈值: 0.98, 结构提升阈值: 0.0
2025-07-09 08:39:55,158 - INFO - 相似度提升检查: 0.0425 >= 0.0
2025-07-09 08:39:55,158 - INFO - 步骤 1: 添加边 ('01974062', '01976089', '_also_see'), 相似度提升: 0.0425 (当前: -0.1083)
2025-07-09 08:39:55,158 - INFO - 步骤 1: 子图与规则同构，提前终止扩展
2025-07-09 08:39:55,164 - INFO - 匹配成功: True
2025-07-09 08:39:55,165 - INFO - 匹配得分: 0.9020
2025-07-09 08:39:55,165 - INFO - 扩展子图节点: ['01974062', '09366317', '01976089']
2025-07-09 08:39:55,165 - INFO - 扩展子图边: [('01974062', '09366317', {'relation': '_derivationally_related_form'}), ('01974062', '01976089', {'relation': '_also_see'})]
2025-07-09 08:39:55,167 - INFO - 处理第50/100个anchor
2025-07-09 08:39:55,167 - INFO - 开始处理anchor: ('01974062', '_derivationally_related_form', '03281145')
2025-07-09 08:39:55,173 - INFO - 规则类型: chain, 最大扩展步数: 2
2025-07-09 08:39:55,174 - INFO - Motif阈值: 0.98, 结构提升阈值: 0.0
2025-07-09 08:39:55,180 - INFO - 相似度提升检查: -0.0438 >= 0.0
2025-07-09 08:39:55,180 - INFO - 步骤 1: 相似度提升不足 (-0.0438), 停止扩展
2025-07-09 08:39:55,188 - INFO - 匹配失败，处理时间: 0.0201秒
2025-07-09 08:39:55,188 - INFO - 处理第51/100个anchor
2025-07-09 08:39:55,188 - INFO - 开始处理anchor: ('01974062', '_derivationally_related_form', '05131283')
2025-07-09 08:39:55,194 - INFO - 规则类型: chain, 最大扩展步数: 2
2025-07-09 08:39:55,194 - INFO - Motif阈值: 0.98, 结构提升阈值: 0.0
2025-07-09 08:39:55,200 - INFO - 相似度提升检查: -0.1166 >= 0.0
2025-07-09 08:39:55,201 - INFO - 步骤 1: 相似度提升不足 (-0.1166), 停止扩展
2025-07-09 08:39:55,207 - INFO - 匹配失败，处理时间: 0.0185秒
2025-07-09 08:39:55,208 - INFO - 处理第52/100个anchor
2025-07-09 08:39:55,208 - INFO - 开始处理anchor: ('01974062', '_also_see', '01976089')
2025-07-09 08:39:55,212 - INFO - 规则类型: chain, 最大扩展步数: 2
2025-07-09 08:39:55,213 - INFO - Motif阈值: 0.98, 结构提升阈值: 0.0
2025-07-09 08:39:55,274 - INFO - 相似度提升检查: -0.0792 >= 0.0
2025-07-09 08:39:55,274 - INFO - 步骤 1: 相似度提升不足 (-0.0792), 停止扩展
2025-07-09 08:39:55,278 - INFO - 匹配成功: True
2025-07-09 08:39:55,278 - INFO - 匹配得分: 0.8917
2025-07-09 08:39:55,279 - INFO - 扩展子图节点: ['01974062', '01976089']
2025-07-09 08:39:55,279 - INFO - 扩展子图边: [('01974062', '01976089', {'relation': '_also_see'})]
2025-07-09 08:39:55,279 - INFO - 处理第53/100个anchor
2025-07-09 08:39:55,279 - INFO - 开始处理anchor: ('01974062', '_derivationally_related_form', '00316594')
2025-07-09 08:39:55,287 - INFO - 规则类型: chain, 最大扩展步数: 2
2025-07-09 08:39:55,287 - INFO - Motif阈值: 0.98, 结构提升阈值: 0.0
2025-07-09 08:39:55,293 - INFO - 相似度提升检查: 0.0204 >= 0.0
2025-07-09 08:39:55,293 - INFO - 步骤 1: 添加边 ('01974062', '01976089', '_also_see'), 相似度提升: 0.0204 (当前: -0.4300)
2025-07-09 08:39:55,294 - INFO - 步骤 1: 子图与规则同构，提前终止扩展
2025-07-09 08:39:55,300 - INFO - 匹配成功: True
2025-07-09 08:39:55,301 - INFO - 匹配得分: 0.8803
2025-07-09 08:39:55,301 - INFO - 扩展子图节点: ['01974062', '00316594', '01976089']
2025-07-09 08:39:55,302 - INFO - 扩展子图边: [('01974062', '00316594', {'relation': '_derivationally_related_form'}), ('01974062', '01976089', {'relation': '_also_see'})]
2025-07-09 08:39:55,303 - INFO - 处理第54/100个anchor
2025-07-09 08:39:55,303 - INFO - 开始处理anchor: ('01974062', '_derivationally_related_form', '03664514')
2025-07-09 08:39:55,309 - INFO - 规则类型: chain, 最大扩展步数: 2
2025-07-09 08:39:55,309 - INFO - Motif阈值: 0.98, 结构提升阈值: 0.0
2025-07-09 08:39:55,315 - INFO - 相似度提升检查: -0.1151 >= 0.0
2025-07-09 08:39:55,316 - INFO - 步骤 1: 相似度提升不足 (-0.1151), 停止扩展
2025-07-09 08:39:55,323 - INFO - 匹配失败，处理时间: 0.0198秒
2025-07-09 08:39:55,323 - INFO - 处理第55/100个anchor
2025-07-09 08:39:55,324 - INFO - 开始处理anchor: ('07554856', '_hypernym', '07553301')
2025-07-09 08:39:55,329 - INFO - 规则类型: chain, 最大扩展步数: 2
2025-07-09 08:39:55,329 - INFO - Motif阈值: 0.98, 结构提升阈值: 0.0
2025-07-09 08:39:55,332 - INFO - 步骤 1: 没有找到合适的扩展边
2025-07-09 08:39:55,339 - INFO - 匹配失败，处理时间: 0.0149秒
2025-07-09 08:39:55,339 - INFO - 处理第56/100个anchor
2025-07-09 08:39:55,339 - INFO - 开始处理anchor: ('07554856', '_derivationally_related_form', '00594058')
2025-07-09 08:39:55,343 - INFO - 规则类型: chain, 最大扩展步数: 2
2025-07-09 08:39:55,344 - INFO - Motif阈值: 0.98, 结构提升阈值: 0.0
2025-07-09 08:39:55,346 - INFO - 步骤 1: 没有找到合适的扩展边
2025-07-09 08:39:55,351 - INFO - 匹配失败，处理时间: 0.0120秒
2025-07-09 08:39:55,352 - INFO - 处理第57/100个anchor
2025-07-09 08:39:55,353 - INFO - 开始处理anchor: ('07553301', '_hypernym', '00026192')
2025-07-09 08:39:55,358 - INFO - 规则类型: chain, 最大扩展步数: 2
2025-07-09 08:39:55,359 - INFO - Motif阈值: 0.98, 结构提升阈值: 0.0
2025-07-09 08:39:55,362 - INFO - 步骤 1: 没有找到合适的扩展边
2025-07-09 08:39:55,368 - INFO - 匹配失败，处理时间: 0.0148秒
2025-07-09 08:39:55,369 - INFO - 处理第58/100个anchor
2025-07-09 08:39:55,369 - INFO - 开始处理anchor: ('07553301', '_derivationally_related_form', '01822248')
2025-07-09 08:39:55,375 - INFO - 规则类型: chain, 最大扩展步数: 2
2025-07-09 08:39:55,376 - INFO - Motif阈值: 0.98, 结构提升阈值: 0.0
2025-07-09 08:39:55,378 - INFO - 步骤 1: 没有找到合适的扩展边
2025-07-09 08:39:55,383 - INFO - 匹配失败，处理时间: 0.0130秒
2025-07-09 08:39:55,384 - INFO - 处理第59/100个anchor
2025-07-09 08:39:55,384 - INFO - 开始处理anchor: ('00057306', '_hypernym', '00056912')
2025-07-09 08:39:55,391 - INFO - 规则类型: chain, 最大扩展步数: 2
2025-07-09 08:39:55,391 - INFO - Motif阈值: 0.98, 结构提升阈值: 0.0
2025-07-09 08:39:55,395 - INFO - 相似度提升检查: 0.0239 >= 0.0
2025-07-09 08:39:55,396 - INFO - 步骤 1: 添加边 ('00057306', '08199025', '_synset_domain_topic_of'), 相似度提升: 0.0239 (当前: -0.3466)
2025-07-09 08:39:55,396 - INFO - 步骤 1: 子图与规则同构，提前终止扩展
2025-07-09 08:39:55,404 - INFO - 匹配成功: True
2025-07-09 08:39:55,405 - INFO - 匹配得分: 0.8611
2025-07-09 08:39:55,405 - INFO - 扩展子图节点: ['00057306', '00056912', '08199025']
2025-07-09 08:39:55,405 - INFO - 扩展子图边: [('00057306', '00056912', {'relation': '_hypernym'}), ('00057306', '08199025', {'relation': '_synset_domain_topic_of'})]
2025-07-09 08:39:55,406 - INFO - 处理第60/100个anchor
2025-07-09 08:39:55,406 - INFO - 开始处理anchor: ('00057306', '_derivationally_related_form', '01904120')
2025-07-09 08:39:55,411 - INFO - 规则类型: chain, 最大扩展步数: 2
2025-07-09 08:39:55,412 - INFO - Motif阈值: 0.98, 结构提升阈值: 0.0
2025-07-09 08:39:55,415 - INFO - 相似度提升检查: -0.0794 >= 0.0
2025-07-09 08:39:55,416 - INFO - 步骤 1: 相似度提升不足 (-0.0794), 停止扩展
2025-07-09 08:39:55,422 - INFO - 匹配失败，处理时间: 0.0160秒
2025-07-09 08:39:55,422 - INFO - 处理第61/100个anchor
2025-07-09 08:39:55,422 - INFO - 开始处理anchor: ('00057306', '_derivationally_related_form', '02015168')
2025-07-09 08:39:55,428 - INFO - 规则类型: chain, 最大扩展步数: 2
2025-07-09 08:39:55,429 - INFO - Motif阈值: 0.98, 结构提升阈值: 0.0
2025-07-09 08:39:55,432 - INFO - 相似度提升检查: -0.0187 >= 0.0
2025-07-09 08:39:55,433 - INFO - 步骤 1: 相似度提升不足 (-0.0187), 停止扩展
2025-07-09 08:39:55,441 - INFO - 匹配失败，处理时间: 0.0165秒
2025-07-09 08:39:55,441 - INFO - 处理第62/100个anchor
2025-07-09 08:39:55,441 - INFO - 开始处理anchor: ('00057306', '_synset_domain_topic_of', '08199025')
2025-07-09 08:39:55,445 - INFO - 规则类型: chain, 最大扩展步数: 2
2025-07-09 08:39:55,445 - INFO - Motif阈值: 0.98, 结构提升阈值: 0.0
2025-07-09 08:39:55,802 - INFO - 相似度提升检查: -0.0301 >= 0.0
2025-07-09 08:39:55,803 - INFO - 步骤 1: 相似度提升不足 (-0.0301), 停止扩展
2025-07-09 08:39:55,808 - INFO - 匹配成功: True
2025-07-09 08:39:55,808 - INFO - 匹配得分: 0.9350
2025-07-09 08:39:55,809 - INFO - 扩展子图节点: ['00057306', '08199025']
2025-07-09 08:39:55,809 - INFO - 扩展子图边: [('00057306', '08199025', {'relation': '_synset_domain_topic_of'})]
2025-07-09 08:39:55,809 - INFO - 处理第63/100个anchor
2025-07-09 08:39:55,809 - INFO - 开始处理anchor: ('00056912', '_hypernym', '00053913')
2025-07-09 08:39:55,815 - INFO - 规则类型: chain, 最大扩展步数: 2
2025-07-09 08:39:55,816 - INFO - Motif阈值: 0.98, 结构提升阈值: 0.0
2025-07-09 08:39:55,820 - INFO - 相似度提升检查: -0.0222 >= 0.0
2025-07-09 08:39:55,821 - INFO - 步骤 1: 相似度提升不足 (-0.0222), 停止扩展
2025-07-09 08:39:55,826 - INFO - 匹配失败，处理时间: 0.0170秒
2025-07-09 08:39:55,826 - INFO - 处理第64/100个anchor
2025-07-09 08:39:55,826 - INFO - 开始处理anchor: ('00056912', '_synset_domain_topic_of', '08199025')
2025-07-09 08:39:55,831 - INFO - 规则类型: chain, 最大扩展步数: 2
2025-07-09 08:39:55,832 - INFO - Motif阈值: 0.98, 结构提升阈值: 0.0
2025-07-09 08:39:56,140 - INFO - 相似度提升检查: -0.1211 >= 0.0
2025-07-09 08:39:56,140 - INFO - 步骤 1: 相似度提升不足 (-0.1211), 停止扩展
2025-07-09 08:39:56,144 - INFO - 匹配成功: True
2025-07-09 08:39:56,145 - INFO - 匹配得分: 0.9123
2025-07-09 08:39:56,145 - INFO - 扩展子图节点: ['00056912', '08199025']
2025-07-09 08:39:56,145 - INFO - 扩展子图边: [('00056912', '08199025', {'relation': '_synset_domain_topic_of'})]
2025-07-09 08:39:56,145 - INFO - 处理第65/100个anchor
2025-07-09 08:39:56,146 - INFO - 开始处理anchor: ('10341660', '_derivationally_related_form', '02661252')
2025-07-09 08:39:56,151 - INFO - 规则类型: chain, 最大扩展步数: 2
2025-07-09 08:39:56,152 - INFO - Motif阈值: 0.98, 结构提升阈值: 0.0
2025-07-09 08:39:56,156 - INFO - 相似度提升检查: -0.0403 >= 0.0
2025-07-09 08:39:56,156 - INFO - 步骤 1: 相似度提升不足 (-0.0403), 停止扩展
2025-07-09 08:39:56,162 - INFO - 匹配失败，处理时间: 0.0160秒
2025-07-09 08:39:56,163 - INFO - 处理第66/100个anchor
2025-07-09 08:39:56,163 - INFO - 开始处理anchor: ('10341660', '_derivationally_related_form', '00119873')
2025-07-09 08:39:56,169 - INFO - 规则类型: chain, 最大扩展步数: 2
2025-07-09 08:39:56,170 - INFO - Motif阈值: 0.98, 结构提升阈值: 0.0
2025-07-09 08:39:56,174 - INFO - 相似度提升检查: 0.0568 >= 0.0
2025-07-09 08:39:56,174 - INFO - 步骤 1: 添加边 ('10341660', '06037666', '_synset_domain_topic_of'), 相似度提升: 0.0568 (当前: -0.2225)
2025-07-09 08:39:56,175 - INFO - 步骤 1: 子图与规则同构，提前终止扩展
2025-07-09 08:39:56,182 - INFO - 匹配成功: True
2025-07-09 08:39:56,182 - INFO - 匹配得分: 0.8537
2025-07-09 08:39:56,183 - INFO - 扩展子图节点: ['10341660', '00119873', '06037666']
2025-07-09 08:39:56,183 - INFO - 扩展子图边: [('10341660', '00119873', {'relation': '_derivationally_related_form'}), ('10341660', '06037666', {'relation': '_synset_domain_topic_of'})]
2025-07-09 08:39:56,183 - INFO - 处理第67/100个anchor
2025-07-09 08:39:56,183 - INFO - 开始处理anchor: ('10341660', '_synset_domain_topic_of', '06037666')
2025-07-09 08:39:56,190 - INFO - 规则类型: chain, 最大扩展步数: 2
2025-07-09 08:39:56,190 - INFO - Motif阈值: 0.98, 结构提升阈值: 0.0
2025-07-09 08:39:56,294 - INFO - 相似度提升检查: -0.0081 >= 0.0
2025-07-09 08:39:56,295 - INFO - 步骤 1: 相似度提升不足 (-0.0081), 停止扩展
2025-07-09 08:39:56,299 - INFO - 匹配失败，处理时间: 0.1147秒
2025-07-09 08:39:56,300 - INFO - 处理第68/100个anchor
2025-07-09 08:39:56,300 - INFO - 开始处理anchor: ('10341660', '_hypernym', '00004475')
2025-07-09 08:39:56,305 - INFO - 规则类型: chain, 最大扩展步数: 2
2025-07-09 08:39:56,306 - INFO - Motif阈值: 0.98, 结构提升阈值: 0.0
2025-07-09 08:39:56,319 - INFO - 相似度提升检查: -0.0781 >= 0.0
2025-07-09 08:39:56,319 - INFO - 步骤 1: 相似度提升不足 (-0.0781), 停止扩展
2025-07-09 08:39:56,324 - INFO - 匹配失败，处理时间: 0.0243秒
2025-07-09 08:39:56,325 - INFO - 处理第69/100个anchor
2025-07-09 08:39:56,325 - INFO - 开始处理anchor: ('10341660', '_derivationally_related_form', '02987177')
2025-07-09 08:39:56,330 - INFO - 规则类型: chain, 最大扩展步数: 2
2025-07-09 08:39:56,330 - INFO - Motif阈值: 0.98, 结构提升阈值: 0.0
2025-07-09 08:39:56,335 - INFO - 相似度提升检查: -0.0749 >= 0.0
2025-07-09 08:39:56,336 - INFO - 步骤 1: 相似度提升不足 (-0.0749), 停止扩展
2025-07-09 08:39:56,341 - INFO - 匹配失败，处理时间: 0.0160秒
2025-07-09 08:39:56,341 - INFO - 处理第70/100个anchor
2025-07-09 08:39:56,341 - INFO - 开始处理anchor: ('10341660', '_derivationally_related_form', '02987454')
2025-07-09 08:39:56,346 - INFO - 规则类型: chain, 最大扩展步数: 2
2025-07-09 08:39:56,347 - INFO - Motif阈值: 0.98, 结构提升阈值: 0.0
2025-07-09 08:39:56,352 - INFO - 相似度提升检查: -0.0287 >= 0.0
2025-07-09 08:39:56,352 - INFO - 步骤 1: 相似度提升不足 (-0.0287), 停止扩展
2025-07-09 08:39:56,357 - INFO - 匹配失败，处理时间: 0.0151秒
2025-07-09 08:39:56,358 - INFO - 处理第71/100个anchor
2025-07-09 08:39:56,358 - INFO - 开始处理anchor: ('02661252', '_derivationally_related_form', '10419047')
2025-07-09 08:39:56,363 - INFO - 规则类型: chain, 最大扩展步数: 2
2025-07-09 08:39:56,364 - INFO - Motif阈值: 0.98, 结构提升阈值: 0.0
2025-07-09 08:39:56,368 - INFO - 步骤 1: 没有找到合适的扩展边
2025-07-09 08:39:56,372 - INFO - 匹配失败，处理时间: 0.0137秒
2025-07-09 08:39:56,373 - INFO - 处理第72/100个anchor
2025-07-09 08:39:56,373 - INFO - 开始处理anchor: ('02661252', '_derivationally_related_form', '00737399')
2025-07-09 08:39:56,378 - INFO - 规则类型: chain, 最大扩展步数: 2
2025-07-09 08:39:56,378 - INFO - Motif阈值: 0.98, 结构提升阈值: 0.0
2025-07-09 08:39:56,383 - INFO - 步骤 1: 没有找到合适的扩展边
2025-07-09 08:39:56,388 - INFO - 匹配失败，处理时间: 0.0148秒
2025-07-09 08:39:56,389 - INFO - 处理第73/100个anchor
2025-07-09 08:39:56,389 - INFO - 开始处理anchor: ('02661252', '_derivationally_related_form', '11415084')
2025-07-09 08:39:56,394 - INFO - 规则类型: chain, 最大扩展步数: 2
2025-07-09 08:39:56,395 - INFO - Motif阈值: 0.98, 结构提升阈值: 0.0
2025-07-09 08:39:56,399 - INFO - 相似度提升检查: -0.1136 >= 0.0
2025-07-09 08:39:56,400 - INFO - 步骤 1: 相似度提升不足 (-0.1136), 停止扩展
2025-07-09 08:39:56,408 - INFO - 匹配失败，处理时间: 0.0192秒
2025-07-09 08:39:56,409 - INFO - 处理第74/100个anchor
2025-07-09 08:39:56,409 - INFO - 开始处理anchor: ('02661252', '_derivationally_related_form', '10341660')
2025-07-09 08:39:56,414 - INFO - 规则类型: chain, 最大扩展步数: 2
2025-07-09 08:39:56,414 - INFO - Motif阈值: 0.98, 结构提升阈值: 0.0
2025-07-09 08:39:56,421 - INFO - 相似度提升检查: -0.1101 >= 0.0
2025-07-09 08:39:56,421 - INFO - 步骤 1: 相似度提升不足 (-0.1101), 停止扩展
2025-07-09 08:39:56,426 - INFO - 匹配失败，处理时间: 0.0168秒
2025-07-09 08:39:56,427 - INFO - 处理第75/100个anchor
2025-07-09 08:39:56,427 - INFO - 开始处理anchor: ('02661252', '_derivationally_related_form', '07366627')
2025-07-09 08:39:56,432 - INFO - 规则类型: chain, 最大扩展步数: 2
2025-07-09 08:39:56,433 - INFO - Motif阈值: 0.98, 结构提升阈值: 0.0
2025-07-09 08:39:56,437 - INFO - 步骤 1: 没有找到合适的扩展边
2025-07-09 08:39:56,442 - INFO - 匹配失败，处理时间: 0.0154秒
2025-07-09 08:39:56,444 - INFO - 处理第76/100个anchor
2025-07-09 08:39:56,444 - INFO - 开始处理anchor: ('02661252', '_derivationally_related_form', '06022291')
2025-07-09 08:39:56,449 - INFO - 规则类型: chain, 最大扩展步数: 2
2025-07-09 08:39:56,449 - INFO - Motif阈值: 0.98, 结构提升阈值: 0.0
2025-07-09 08:39:56,458 - INFO - 相似度提升检查: -0.0974 >= 0.0
2025-07-09 08:39:56,458 - INFO - 步骤 1: 相似度提升不足 (-0.0974), 停止扩展
2025-07-09 08:39:56,465 - INFO - 匹配失败，处理时间: 0.0216秒
2025-07-09 08:39:56,466 - INFO - 处理第77/100个anchor
2025-07-09 08:39:56,466 - INFO - 开始处理anchor: ('02661252', '_derivationally_related_form', '04802776')
2025-07-09 08:39:56,474 - INFO - 规则类型: chain, 最大扩展步数: 2
2025-07-09 08:39:56,475 - INFO - Motif阈值: 0.98, 结构提升阈值: 0.0
2025-07-09 08:39:56,478 - INFO - 步骤 1: 没有找到合适的扩展边
2025-07-09 08:39:56,485 - INFO - 匹配失败，处理时间: 0.0174秒
2025-07-09 08:39:56,486 - INFO - 处理第78/100个anchor
2025-07-09 08:39:56,487 - INFO - 开始处理anchor: ('02661252', '_derivationally_related_form', '00194969')
2025-07-09 08:39:56,493 - INFO - 规则类型: chain, 最大扩展步数: 2
2025-07-09 08:39:56,493 - INFO - Motif阈值: 0.98, 结构提升阈值: 0.0
2025-07-09 08:39:56,496 - INFO - 步骤 1: 没有找到合适的扩展边
2025-07-09 08:39:56,503 - INFO - 匹配失败，处理时间: 0.0160秒
2025-07-09 08:39:56,504 - INFO - 处理第79/100个anchor
2025-07-09 08:39:56,504 - INFO - 开始处理anchor: ('13219258', '_hypernym', '13167078')
2025-07-09 08:39:56,511 - INFO - 规则类型: chain, 最大扩展步数: 2
2025-07-09 08:39:56,511 - INFO - Motif阈值: 0.98, 结构提升阈值: 0.0
2025-07-09 08:39:56,516 - INFO - 步骤 1: 没有找到合适的扩展边
2025-07-09 08:39:56,525 - INFO - 匹配失败，处理时间: 0.0199秒
2025-07-09 08:39:56,526 - INFO - 处理第80/100个anchor
2025-07-09 08:39:56,526 - INFO - 开始处理anchor: ('13219258', '_member_meronym', '13219422')
2025-07-09 08:39:56,532 - INFO - 规则类型: chain, 最大扩展步数: 2
2025-07-09 08:39:56,533 - INFO - Motif阈值: 0.98, 结构提升阈值: 0.0
2025-07-09 08:39:56,538 - INFO - 步骤 1: 没有找到合适的扩展边
2025-07-09 08:39:56,544 - INFO - 匹配失败，处理时间: 0.0179秒
2025-07-09 08:39:56,545 - INFO - 处理第81/100个anchor
2025-07-09 08:39:56,545 - INFO - 开始处理anchor: ('13167078', '_hypernym', '08108972')
2025-07-09 08:39:56,553 - INFO - 规则类型: chain, 最大扩展步数: 2
2025-07-09 08:39:56,554 - INFO - Motif阈值: 0.98, 结构提升阈值: 0.0
2025-07-09 08:39:56,562 - INFO - 相似度提升检查: -0.1039 >= 0.0
2025-07-09 08:39:56,563 - INFO - 步骤 1: 相似度提升不足 (-0.1039), 停止扩展
2025-07-09 08:39:56,571 - INFO - 匹配失败，处理时间: 0.0241秒
2025-07-09 08:39:56,571 - INFO - 处理第82/100个anchor
2025-07-09 08:39:56,571 - INFO - 开始处理anchor: ('01698271', '_also_see', '01754576')
2025-07-09 08:39:56,579 - INFO - 规则类型: chain, 最大扩展步数: 2
2025-07-09 08:39:56,580 - INFO - Motif阈值: 0.98, 结构提升阈值: 0.0
2025-07-09 08:39:56,628 - INFO - 相似度提升检查: -0.0338 >= 0.0
2025-07-09 08:39:56,629 - INFO - 步骤 1: 相似度提升不足 (-0.0338), 停止扩展
2025-07-09 08:39:56,637 - INFO - 匹配成功: True
2025-07-09 08:39:56,637 - INFO - 匹配得分: 0.9035
2025-07-09 08:39:56,638 - INFO - 扩展子图节点: ['01698271', '01754576']
2025-07-09 08:39:56,638 - INFO - 扩展子图边: [('01698271', '01754576', {'relation': '_also_see'})]
2025-07-09 08:39:56,639 - INFO - 处理第83/100个anchor
2025-07-09 08:39:56,639 - INFO - 开始处理anchor: ('01698271', '_synset_domain_topic_of', '00929718')
2025-07-09 08:39:56,645 - INFO - 规则类型: chain, 最大扩展步数: 2
2025-07-09 08:39:56,646 - INFO - Motif阈值: 0.98, 结构提升阈值: 0.0
2025-07-09 08:39:56,726 - INFO - 相似度提升检查: -0.0809 >= 0.0
2025-07-09 08:39:56,727 - INFO - 步骤 1: 相似度提升不足 (-0.0809), 停止扩展
2025-07-09 08:39:56,732 - INFO - 匹配成功: True
2025-07-09 08:39:56,733 - INFO - 匹配得分: 0.8551
2025-07-09 08:39:56,733 - INFO - 扩展子图节点: ['01698271', '00929718']
2025-07-09 08:39:56,734 - INFO - 扩展子图边: [('01698271', '00929718', {'relation': '_synset_domain_topic_of'})]
2025-07-09 08:39:56,734 - INFO - 处理第84/100个anchor
2025-07-09 08:39:56,734 - INFO - 开始处理anchor: ('01698271', '_derivationally_related_form', '00929718')
2025-07-09 08:39:56,742 - INFO - 规则类型: chain, 最大扩展步数: 2
2025-07-09 08:39:56,742 - INFO - Motif阈值: 0.98, 结构提升阈值: 0.0
2025-07-09 08:39:56,775 - INFO - 相似度提升检查: 0.0949 >= 0.0
2025-07-09 08:39:56,776 - INFO - 步骤 1: 添加边 ('01698271', '01754576', '_also_see'), 相似度提升: 0.0949 (当前: -0.4188)
2025-07-09 08:39:56,776 - INFO - 步骤 1: 子图与规则同构，提前终止扩展
2025-07-09 08:39:56,783 - INFO - 匹配成功: True
2025-07-09 08:39:56,784 - INFO - 匹配得分: 0.8910
2025-07-09 08:39:56,786 - INFO - 扩展子图节点: ['01698271', '00929718', '01754576']
2025-07-09 08:39:56,787 - INFO - 扩展子图边: [('01698271', '00929718', {'relation': '_derivationally_related_form'}), ('01698271', '01754576', {'relation': '_also_see'})]
2025-07-09 08:39:56,787 - INFO - 处理第85/100个anchor
2025-07-09 08:39:56,788 - INFO - 开始处理anchor: ('01698271', '_verb_group', '01744611')
2025-07-09 08:39:56,793 - INFO - 规则类型: chain, 最大扩展步数: 2
2025-07-09 08:39:56,794 - INFO - Motif阈值: 0.98, 结构提升阈值: 0.0
2025-07-09 08:39:56,801 - INFO - 相似度提升检查: -0.0464 >= 0.0
2025-07-09 08:39:56,802 - INFO - 步骤 1: 相似度提升不足 (-0.0464), 停止扩展
2025-07-09 08:39:56,809 - INFO - 匹配失败，处理时间: 0.0209秒
2025-07-09 08:39:56,809 - INFO - 处理第86/100个anchor
2025-07-09 08:39:56,809 - INFO - 开始处理anchor: ('01698271', '_derivationally_related_form', '03906997')
2025-07-09 08:39:56,815 - INFO - 规则类型: chain, 最大扩展步数: 2
2025-07-09 08:39:56,815 - INFO - Motif阈值: 0.98, 结构提升阈值: 0.0
2025-07-09 08:39:56,824 - INFO - 相似度提升检查: -0.0753 >= 0.0
2025-07-09 08:39:56,824 - INFO - 步骤 1: 相似度提升不足 (-0.0753), 停止扩展
2025-07-09 08:39:56,831 - INFO - 匹配失败，处理时间: 0.0219秒
2025-07-09 08:39:56,832 - INFO - 处理第87/100个anchor
2025-07-09 08:39:56,834 - INFO - 开始处理anchor: ('01698271', '_hypernym', '01697816')
2025-07-09 08:39:56,841 - INFO - 规则类型: chain, 最大扩展步数: 2
2025-07-09 08:39:56,842 - INFO - Motif阈值: 0.98, 结构提升阈值: 0.0
2025-07-09 08:39:56,849 - INFO - 相似度提升检查: -0.0401 >= 0.0
2025-07-09 08:39:56,849 - INFO - 步骤 1: 相似度提升不足 (-0.0401), 停止扩展
2025-07-09 08:39:56,858 - INFO - 匹配失败，处理时间: 0.0233秒
2025-07-09 08:39:56,858 - INFO - 处理第88/100个anchor
2025-07-09 08:39:56,859 - INFO - 开始处理anchor: ('01698271', '_derivationally_related_form', '10794014')
2025-07-09 08:39:56,864 - INFO - 规则类型: chain, 最大扩展步数: 2
2025-07-09 08:39:56,864 - INFO - Motif阈值: 0.98, 结构提升阈值: 0.0
2025-07-09 08:39:56,875 - INFO - 相似度提升检查: -0.0405 >= 0.0
2025-07-09 08:39:56,875 - INFO - 步骤 1: 相似度提升不足 (-0.0405), 停止扩展
2025-07-09 08:39:56,882 - INFO - 匹配失败，处理时间: 0.0227秒
2025-07-09 08:39:56,882 - INFO - 处理第89/100个anchor
2025-07-09 08:39:56,882 - INFO - 开始处理anchor: ('01754576', '_synset_domain_topic_of', '00929718')
2025-07-09 08:39:56,890 - INFO - 规则类型: chain, 最大扩展步数: 2
2025-07-09 08:39:56,891 - INFO - Motif阈值: 0.98, 结构提升阈值: 0.0
2025-07-09 08:39:56,933 - INFO - 相似度提升检查: 0.0718 >= 0.0
2025-07-09 08:39:56,934 - INFO - 步骤 1: 添加边 ('01754576', '01698271', '_hypernym'), 相似度提升: 0.0718 (当前: -0.0309)
2025-07-09 08:39:56,935 - INFO - 步骤 1: 子图与规则同构，提前终止扩展
2025-07-09 08:39:56,943 - INFO - 匹配成功: True
2025-07-09 08:39:56,943 - INFO - 匹配得分: 0.8622
2025-07-09 08:39:56,943 - INFO - 扩展子图节点: ['01754576', '00929718', '01698271']
2025-07-09 08:39:56,944 - INFO - 扩展子图边: [('01754576', '00929718', {'relation': '_synset_domain_topic_of'}), ('01754576', '01698271', {'relation': '_hypernym'})]
2025-07-09 08:39:56,944 - INFO - 处理第90/100个anchor
2025-07-09 08:39:56,944 - INFO - 开始处理anchor: ('01754576', '_hypernym', '01698271')
2025-07-09 08:39:56,953 - INFO - 规则类型: chain, 最大扩展步数: 2
2025-07-09 08:39:56,954 - INFO - Motif阈值: 0.98, 结构提升阈值: 0.0
2025-07-09 08:39:56,963 - INFO - 相似度提升检查: -0.0701 >= 0.0
2025-07-09 08:39:56,963 - INFO - 步骤 1: 相似度提升不足 (-0.0701), 停止扩展
2025-07-09 08:39:56,972 - INFO - 匹配失败，处理时间: 0.0281秒
2025-07-09 08:39:56,972 - INFO - 处理第91/100个anchor
2025-07-09 08:39:56,973 - INFO - 开始处理anchor: ('10499355', '_hypernym', '10083823')
2025-07-09 08:39:56,979 - INFO - 规则类型: chain, 最大扩展步数: 2
2025-07-09 08:39:56,979 - INFO - Motif阈值: 0.98, 结构提升阈值: 0.0
2025-07-09 08:39:56,981 - INFO - 步骤 1: 没有找到合适的扩展边
2025-07-09 08:39:56,990 - INFO - 匹配失败，处理时间: 0.0169秒
2025-07-09 08:39:56,990 - INFO - 处理第92/100个anchor
2025-07-09 08:39:56,990 - INFO - 开始处理anchor: ('10083823', '_hypernym', '09807754')
2025-07-09 08:39:56,996 - INFO - 规则类型: chain, 最大扩展步数: 2
2025-07-09 08:39:56,996 - INFO - Motif阈值: 0.98, 结构提升阈值: 0.0
2025-07-09 08:39:56,999 - INFO - 步骤 1: 没有找到合适的扩展边
2025-07-09 08:39:57,008 - INFO - 匹配失败，处理时间: 0.0159秒
2025-07-09 08:39:57,008 - INFO - 处理第93/100个anchor
2025-07-09 08:39:57,008 - INFO - 开始处理anchor: ('02103406', '_hypernym', '02084071')
2025-07-09 08:39:57,015 - INFO - 规则类型: chain, 最大扩展步数: 2
2025-07-09 08:39:57,015 - INFO - Motif阈值: 0.98, 结构提升阈值: 0.0
2025-07-09 08:39:57,019 - INFO - 步骤 1: 没有找到合适的扩展边
2025-07-09 08:39:57,027 - INFO - 匹配失败，处理时间: 0.0180秒
2025-07-09 08:39:57,027 - INFO - 处理第94/100个anchor
2025-07-09 08:39:57,028 - INFO - 开始处理anchor: ('02084071', '_hypernym', '02083346')
2025-07-09 08:39:57,035 - INFO - 规则类型: chain, 最大扩展步数: 2
2025-07-09 08:39:57,037 - INFO - Motif阈值: 0.98, 结构提升阈值: 0.0
2025-07-09 08:39:57,041 - INFO - 步骤 1: 没有找到合适的扩展边
2025-07-09 08:39:57,046 - INFO - 匹配失败，处理时间: 0.0180秒
2025-07-09 08:39:57,047 - INFO - 处理第95/100个anchor
2025-07-09 08:39:57,047 - INFO - 开始处理anchor: ('02084071', '_hypernym', '01317541')
2025-07-09 08:39:57,056 - INFO - 规则类型: chain, 最大扩展步数: 2
2025-07-09 08:39:57,056 - INFO - Motif阈值: 0.98, 结构提升阈值: 0.0
2025-07-09 08:39:57,059 - INFO - 步骤 1: 没有找到合适的扩展边
2025-07-09 08:39:57,063 - INFO - 匹配失败，处理时间: 0.0158秒
2025-07-09 08:39:57,064 - INFO - 处理第96/100个anchor
2025-07-09 08:39:57,064 - INFO - 开始处理anchor: ('02084071', '_has_part', '02158846')
2025-07-09 08:39:57,073 - INFO - 规则类型: chain, 最大扩展步数: 2
2025-07-09 08:39:57,077 - INFO - Motif阈值: 0.98, 结构提升阈值: 0.0
2025-07-09 08:39:57,079 - INFO - 步骤 1: 没有找到合适的扩展边
2025-07-09 08:39:57,087 - INFO - 匹配失败，处理时间: 0.0230秒
2025-07-09 08:39:57,087 - INFO - 处理第97/100个anchor
2025-07-09 08:39:57,088 - INFO - 开始处理anchor: ('07190941', '_hypernym', '07185325')
2025-07-09 08:39:57,093 - INFO - 规则类型: chain, 最大扩展步数: 2
2025-07-09 08:39:57,094 - INFO - Motif阈值: 0.98, 结构提升阈值: 0.0
2025-07-09 08:39:57,097 - INFO - 步骤 1: 没有找到合适的扩展边
2025-07-09 08:39:57,108 - INFO - 匹配失败，处理时间: 0.0198秒
2025-07-09 08:39:57,108 - INFO - 处理第98/100个anchor
2025-07-09 08:39:57,109 - INFO - 开始处理anchor: ('07190941', '_derivationally_related_form', '02320374')
2025-07-09 08:39:57,117 - INFO - 规则类型: chain, 最大扩展步数: 2
2025-07-09 08:39:57,118 - INFO - Motif阈值: 0.98, 结构提升阈值: 0.0
2025-07-09 08:39:57,124 - INFO - 步骤 1: 没有找到合适的扩展边
2025-07-09 08:39:57,133 - INFO - 匹配失败，处理时间: 0.0238秒
2025-07-09 08:39:57,133 - INFO - 处理第99/100个anchor
2025-07-09 08:39:57,134 - INFO - 开始处理anchor: ('07190941', '_derivationally_related_form', '02321046')
2025-07-09 08:39:57,150 - INFO - 规则类型: chain, 最大扩展步数: 2
2025-07-09 08:39:57,150 - INFO - Motif阈值: 0.98, 结构提升阈值: 0.0
2025-07-09 08:39:57,155 - INFO - 步骤 1: 没有找到合适的扩展边
2025-07-09 08:39:57,162 - INFO - 匹配失败，处理时间: 0.0279秒
2025-07-09 08:39:57,163 - INFO - 处理第100/100个anchor
2025-07-09 08:39:57,163 - INFO - 开始处理anchor: ('07185325', '_derivationally_related_form', '01069809')
2025-07-09 08:39:57,172 - INFO - 规则类型: chain, 最大扩展步数: 2
2025-07-09 08:39:57,172 - INFO - Motif阈值: 0.98, 结构提升阈值: 0.0
2025-07-09 08:39:57,177 - INFO - 步骤 1: 没有找到合适的扩展边
2025-07-09 08:39:57,186 - INFO - 匹配失败，处理时间: 0.0229秒
2025-07-09 08:39:57,187 - INFO - 批量匹配完成: 15/100 成功匹配
2025-07-09 08:39:57,187 - INFO - 开始批量匹配，共100个anchor，规则ID: rule_002
2025-07-09 08:39:57,188 - INFO - 处理第1/100个anchor
2025-07-09 08:39:57,189 - INFO - 开始处理anchor: ('00260881', '_hypernym', '00260622')
2025-07-09 08:39:57,198 - INFO - 规则类型: chain, 最大扩展步数: 2
2025-07-09 08:39:57,198 - INFO - Motif阈值: 0.98, 结构提升阈值: 0.0
2025-07-09 08:39:57,203 - INFO - 相似度提升检查: -0.0357 >= 0.0
2025-07-09 08:39:57,204 - INFO - 步骤 1: 相似度提升不足 (-0.0357), 停止扩展
2025-07-09 08:39:57,215 - INFO - 匹配失败，处理时间: 0.0259秒
2025-07-09 08:39:57,216 - INFO - 处理第2/100个anchor
2025-07-09 08:39:57,216 - INFO - 开始处理anchor: ('00260881', '_synset_domain_topic_of', '01124794')
2025-07-09 08:39:57,228 - INFO - 规则类型: chain, 最大扩展步数: 2
2025-07-09 08:39:57,229 - INFO - Motif阈值: 0.98, 结构提升阈值: 0.0
2025-07-09 08:39:57,279 - INFO - 相似度提升检查: 0.0374 >= 0.0
2025-07-09 08:39:57,279 - INFO - 步骤 1: 添加边 ('00260881', '00260622', '_hypernym'), 相似度提升: 0.0374 (当前: -0.2325)
2025-07-09 08:39:57,280 - INFO - 步骤 1: 子图与规则同构，提前终止扩展
2025-07-09 08:39:57,288 - INFO - 匹配成功: True
2025-07-09 08:39:57,289 - INFO - 匹配得分: 0.9411
2025-07-09 08:39:57,290 - INFO - 扩展子图节点: ['00260881', '01124794', '00260622']
2025-07-09 08:39:57,290 - INFO - 扩展子图边: [('00260881', '01124794', {'relation': '_synset_domain_topic_of'}), ('00260881', '00260622', {'relation': '_hypernym'})]
2025-07-09 08:39:57,291 - INFO - 处理第3/100个anchor
2025-07-09 08:39:57,292 - INFO - 开始处理anchor: ('00260622', '_derivationally_related_form', '00265386')
2025-07-09 08:39:57,305 - INFO - 规则类型: chain, 最大扩展步数: 2
2025-07-09 08:39:57,305 - INFO - Motif阈值: 0.98, 结构提升阈值: 0.0
2025-07-09 08:39:57,309 - INFO - 步骤 1: 没有找到合适的扩展边
2025-07-09 08:39:57,315 - INFO - 匹配失败，处理时间: 0.0229秒
2025-07-09 08:39:57,316 - INFO - 处理第4/100个anchor
2025-07-09 08:39:57,316 - INFO - 开始处理anchor: ('00260622', '_hypernym', '00248977')
2025-07-09 08:39:57,324 - INFO - 规则类型: chain, 最大扩展步数: 2
2025-07-09 08:39:57,324 - INFO - Motif阈值: 0.98, 结构提升阈值: 0.0
2025-07-09 08:39:57,327 - INFO - 步骤 1: 没有找到合适的扩展边
2025-07-09 08:39:57,339 - INFO - 匹配失败，处理时间: 0.0223秒
2025-07-09 08:39:57,340 - INFO - 处理第5/100个anchor
2025-07-09 08:39:57,341 - INFO - 开始处理anchor: ('00260622', '_derivationally_related_form', '00265673')
2025-07-09 08:39:57,350 - INFO - 规则类型: chain, 最大扩展步数: 2
2025-07-09 08:39:57,350 - INFO - Motif阈值: 0.98, 结构提升阈值: 0.0
2025-07-09 08:39:57,354 - INFO - 步骤 1: 没有找到合适的扩展边
2025-07-09 08:39:57,361 - INFO - 匹配失败，处理时间: 0.0192秒
2025-07-09 08:39:57,361 - INFO - 处理第6/100个anchor
2025-07-09 08:39:57,361 - INFO - 开始处理anchor: ('01332730', '_derivationally_related_form', '03122748')
2025-07-09 08:39:57,372 - INFO - 规则类型: chain, 最大扩展步数: 2
2025-07-09 08:39:57,373 - INFO - Motif阈值: 0.98, 结构提升阈值: 0.0
2025-07-09 08:39:57,379 - INFO - 步骤 1: 没有找到合适的扩展边
2025-07-09 08:39:57,390 - INFO - 匹配失败，处理时间: 0.0279秒
2025-07-09 08:39:57,391 - INFO - 处理第7/100个anchor
2025-07-09 08:39:57,391 - INFO - 开始处理anchor: ('01332730', '_derivationally_related_form', '02840619')
2025-07-09 08:39:57,400 - INFO - 规则类型: chain, 最大扩展步数: 2
2025-07-09 08:39:57,400 - INFO - Motif阈值: 0.98, 结构提升阈值: 0.0
2025-07-09 08:39:57,406 - INFO - 步骤 1: 没有找到合适的扩展边
2025-07-09 08:39:57,413 - INFO - 匹配失败，处理时间: 0.0220秒
2025-07-09 08:39:57,414 - INFO - 处理第8/100个anchor
2025-07-09 08:39:57,415 - INFO - 开始处理anchor: ('01332730', '_verb_group', '01336635')
2025-07-09 08:39:57,423 - INFO - 规则类型: chain, 最大扩展步数: 2
2025-07-09 08:39:57,423 - INFO - Motif阈值: 0.98, 结构提升阈值: 0.0
2025-07-09 08:39:57,427 - INFO - 步骤 1: 没有找到合适的扩展边
2025-07-09 08:39:57,437 - INFO - 匹配失败，处理时间: 0.0207秒
2025-07-09 08:39:57,437 - INFO - 处理第9/100个anchor
2025-07-09 08:39:57,437 - INFO - 开始处理anchor: ('01332730', '_verb_group', '01207951')
2025-07-09 08:39:57,443 - INFO - 规则类型: chain, 最大扩展步数: 2
2025-07-09 08:39:57,443 - INFO - Motif阈值: 0.98, 结构提升阈值: 0.0
2025-07-09 08:39:57,449 - INFO - 步骤 1: 没有找到合适的扩展边
2025-07-09 08:39:57,456 - INFO - 匹配失败，处理时间: 0.0177秒
2025-07-09 08:39:57,456 - INFO - 处理第10/100个anchor
2025-07-09 08:39:57,456 - INFO - 开始处理anchor: ('01332730', '_derivationally_related_form', '04151940')
2025-07-09 08:39:57,463 - INFO - 规则类型: chain, 最大扩展步数: 2
2025-07-09 08:39:57,463 - INFO - Motif阈值: 0.98, 结构提升阈值: 0.0
2025-07-09 08:39:57,471 - INFO - 步骤 1: 没有找到合适的扩展边
2025-07-09 08:39:57,477 - INFO - 匹配失败，处理时间: 0.0199秒
2025-07-09 08:39:57,477 - INFO - 处理第11/100个anchor
2025-07-09 08:39:57,477 - INFO - 开始处理anchor: ('03122748', '_derivationally_related_form', '01332730')
2025-07-09 08:39:57,485 - INFO - 规则类型: chain, 最大扩展步数: 2
2025-07-09 08:39:57,486 - INFO - Motif阈值: 0.98, 结构提升阈值: 0.0
2025-07-09 08:39:57,491 - INFO - 步骤 1: 没有找到合适的扩展边
2025-07-09 08:39:57,497 - INFO - 匹配失败，处理时间: 0.0185秒
2025-07-09 08:39:57,498 - INFO - 处理第12/100个anchor
2025-07-09 08:39:57,500 - INFO - 开始处理anchor: ('03122748', '_hypernym', '00021939')
2025-07-09 08:39:57,509 - INFO - 规则类型: chain, 最大扩展步数: 2
2025-07-09 08:39:57,509 - INFO - Motif阈值: 0.98, 结构提升阈值: 0.0
2025-07-09 08:39:57,515 - INFO - 步骤 1: 没有找到合适的扩展边
2025-07-09 08:39:57,526 - INFO - 匹配失败，处理时间: 0.0259秒
2025-07-09 08:39:57,526 - INFO - 处理第13/100个anchor
2025-07-09 08:39:57,527 - INFO - 开始处理anchor: ('06066555', '_derivationally_related_form', '00645415')
2025-07-09 08:39:57,555 - INFO - 规则类型: chain, 最大扩展步数: 2
2025-07-09 08:39:57,555 - INFO - Motif阈值: 0.98, 结构提升阈值: 0.0
2025-07-09 08:39:57,621 - INFO - 相似度提升检查: -0.0971 >= 0.0
2025-07-09 08:39:57,622 - INFO - 步骤 1: 相似度提升不足 (-0.0971), 停止扩展
2025-07-09 08:39:57,634 - INFO - 匹配失败，处理时间: 0.1070秒
2025-07-09 08:39:57,635 - INFO - 处理第14/100个anchor
2025-07-09 08:39:57,636 - INFO - 开始处理anchor: ('06066555', '_derivationally_related_form', '09868270')
2025-07-09 08:39:57,642 - INFO - 规则类型: chain, 最大扩展步数: 2
2025-07-09 08:39:57,642 - INFO - Motif阈值: 0.98, 结构提升阈值: 0.0
2025-07-09 08:39:57,696 - INFO - 相似度提升检查: -0.1144 >= 0.0
2025-07-09 08:39:57,696 - INFO - 步骤 1: 相似度提升不足 (-0.1144), 停止扩展
2025-07-09 08:39:57,722 - INFO - 匹配失败，处理时间: 0.0863秒
2025-07-09 08:39:57,723 - INFO - 处理第15/100个anchor
2025-07-09 08:39:57,723 - INFO - 开始处理anchor: ('06066555', '_hypernym', '06037666')
2025-07-09 08:39:57,753 - INFO - 规则类型: chain, 最大扩展步数: 2
2025-07-09 08:39:57,755 - INFO - Motif阈值: 0.98, 结构提升阈值: 0.0
2025-07-09 08:39:57,956 - INFO - 相似度提升检查: -0.1325 >= 0.0
2025-07-09 08:39:57,956 - INFO - 步骤 1: 相似度提升不足 (-0.1325), 停止扩展
2025-07-09 08:39:57,961 - INFO - 匹配失败，处理时间: 0.2381秒
2025-07-09 08:39:57,961 - INFO - 处理第16/100个anchor
2025-07-09 08:39:57,962 - INFO - 开始处理anchor: ('00645415', '_derivationally_related_form', '06066555')
2025-07-09 08:39:57,969 - INFO - 规则类型: chain, 最大扩展步数: 2
2025-07-09 08:39:57,970 - INFO - Motif阈值: 0.98, 结构提升阈值: 0.0
2025-07-09 08:39:58,013 - INFO - 相似度提升检查: -0.0987 >= 0.0
2025-07-09 08:39:58,013 - INFO - 步骤 1: 相似度提升不足 (-0.0987), 停止扩展
2025-07-09 08:39:58,019 - INFO - 匹配失败，处理时间: 0.0562秒
2025-07-09 08:39:58,019 - INFO - 处理第17/100个anchor
2025-07-09 08:39:58,019 - INFO - 开始处理anchor: ('00645415', '_hypernym', '00643473')
2025-07-09 08:39:58,026 - INFO - 规则类型: chain, 最大扩展步数: 2
2025-07-09 08:39:58,027 - INFO - Motif阈值: 0.98, 结构提升阈值: 0.0
2025-07-09 08:39:58,030 - INFO - 相似度提升检查: -0.0771 >= 0.0
2025-07-09 08:39:58,030 - INFO - 步骤 1: 相似度提升不足 (-0.0771), 停止扩展
2025-07-09 08:39:58,036 - INFO - 匹配失败，处理时间: 0.0160秒
2025-07-09 08:39:58,037 - INFO - 处理第18/100个anchor
2025-07-09 08:39:58,038 - INFO - 开始处理anchor: ('09322930', '_instance_hypernym', '09360122')
2025-07-09 08:39:58,043 - INFO - 规则类型: chain, 最大扩展步数: 2
2025-07-09 08:39:58,043 - INFO - Motif阈值: 0.98, 结构提升阈值: 0.0
2025-07-09 08:39:58,046 - INFO - 步骤 1: 没有找到合适的扩展边
2025-07-09 08:39:58,052 - INFO - 匹配失败，处理时间: 0.0141秒
2025-07-09 08:39:58,053 - INFO - 处理第19/100个anchor
2025-07-09 08:39:58,054 - INFO - 开始处理anchor: ('09360122', '_hypernym', '08617963')
2025-07-09 08:39:58,061 - INFO - 规则类型: chain, 最大扩展步数: 2
2025-07-09 08:39:58,062 - INFO - Motif阈值: 0.98, 结构提升阈值: 0.0
2025-07-09 08:39:58,064 - INFO - 步骤 1: 没有找到合适的扩展边
2025-07-09 08:39:58,071 - INFO - 匹配失败，处理时间: 0.0165秒
2025-07-09 08:39:58,072 - INFO - 处理第20/100个anchor
2025-07-09 08:39:58,072 - INFO - 开始处理anchor: ('07193596', '_derivationally_related_form', '00784342')
2025-07-09 08:39:58,079 - INFO - 规则类型: chain, 最大扩展步数: 2
2025-07-09 08:39:58,079 - INFO - Motif阈值: 0.98, 结构提升阈值: 0.0
2025-07-09 08:39:58,082 - INFO - 步骤 1: 没有找到合适的扩展边
2025-07-09 08:39:58,089 - INFO - 匹配失败，处理时间: 0.0167秒
2025-07-09 08:39:58,090 - INFO - 处理第21/100个anchor
2025-07-09 08:39:58,090 - INFO - 开始处理anchor: ('07193596', '_derivationally_related_form', '00788184')
2025-07-09 08:39:58,096 - INFO - 规则类型: chain, 最大扩展步数: 2
2025-07-09 08:39:58,096 - INFO - Motif阈值: 0.98, 结构提升阈值: 0.0
2025-07-09 08:39:58,099 - INFO - 步骤 1: 没有找到合适的扩展边
2025-07-09 08:39:58,106 - INFO - 匹配失败，处理时间: 0.0159秒
2025-07-09 08:39:58,106 - INFO - 处理第22/100个anchor
2025-07-09 08:39:58,107 - INFO - 开始处理anchor: ('07193596', '_hypernym', '07193184')
2025-07-09 08:39:58,113 - INFO - 规则类型: chain, 最大扩展步数: 2
2025-07-09 08:39:58,114 - INFO - Motif阈值: 0.98, 结构提升阈值: 0.0
2025-07-09 08:39:58,118 - INFO - 步骤 1: 没有找到合适的扩展边
2025-07-09 08:39:58,126 - INFO - 匹配失败，处理时间: 0.0183秒
2025-07-09 08:39:58,127 - INFO - 处理第23/100个anchor
2025-07-09 08:39:58,127 - INFO - 开始处理anchor: ('07193596', '_derivationally_related_form', '00808855')
2025-07-09 08:39:58,135 - INFO - 规则类型: chain, 最大扩展步数: 2
2025-07-09 08:39:58,136 - INFO - Motif阈值: 0.98, 结构提升阈值: 0.0
2025-07-09 08:39:58,139 - INFO - 步骤 1: 没有找到合适的扩展边
2025-07-09 08:39:58,144 - INFO - 匹配失败，处理时间: 0.0168秒
2025-07-09 08:39:58,144 - INFO - 处理第24/100个anchor
2025-07-09 08:39:58,145 - INFO - 开始处理anchor: ('07193596', '_derivationally_related_form', '00785008')
2025-07-09 08:39:58,155 - INFO - 规则类型: chain, 最大扩展步数: 2
2025-07-09 08:39:58,156 - INFO - Motif阈值: 0.98, 结构提升阈值: 0.0
2025-07-09 08:39:58,157 - INFO - 步骤 1: 没有找到合适的扩展边
2025-07-09 08:39:58,161 - INFO - 匹配失败，处理时间: 0.0164秒
2025-07-09 08:39:58,162 - INFO - 处理第25/100个anchor
2025-07-09 08:39:58,162 - INFO - 开始处理anchor: ('00784342', '_derivationally_related_form', '10207831')
2025-07-09 08:39:58,170 - INFO - 规则类型: chain, 最大扩展步数: 2
2025-07-09 08:39:58,171 - INFO - Motif阈值: 0.98, 结构提升阈值: 0.0
2025-07-09 08:39:58,174 - INFO - 步骤 1: 没有找到合适的扩展边
2025-07-09 08:39:58,179 - INFO - 匹配失败，处理时间: 0.0169秒
2025-07-09 08:39:58,179 - INFO - 处理第26/100个anchor
2025-07-09 08:39:58,179 - INFO - 开始处理anchor: ('00784342', '_hypernym', '00740577')
2025-07-09 08:39:58,186 - INFO - 规则类型: chain, 最大扩展步数: 2
2025-07-09 08:39:58,188 - INFO - Motif阈值: 0.98, 结构提升阈值: 0.0
2025-07-09 08:39:58,190 - INFO - 步骤 1: 没有找到合适的扩展边
2025-07-09 08:39:58,194 - INFO - 匹配失败，处理时间: 0.0140秒
2025-07-09 08:39:58,195 - INFO - 处理第27/100个anchor
2025-07-09 08:39:58,195 - INFO - 开始处理anchor: ('00784342', '_derivationally_related_form', '07193596')
2025-07-09 08:39:58,202 - INFO - 规则类型: chain, 最大扩展步数: 2
2025-07-09 08:39:58,203 - INFO - Motif阈值: 0.98, 结构提升阈值: 0.0
2025-07-09 08:39:58,205 - INFO - 步骤 1: 没有找到合适的扩展边
2025-07-09 08:39:58,211 - INFO - 匹配失败，处理时间: 0.0154秒
2025-07-09 08:39:58,211 - INFO - 处理第28/100个anchor
2025-07-09 08:39:58,211 - INFO - 开始处理anchor: ('00784342', '_verb_group', '00897746')
2025-07-09 08:39:58,218 - INFO - 规则类型: chain, 最大扩展步数: 2
2025-07-09 08:39:58,218 - INFO - Motif阈值: 0.98, 结构提升阈值: 0.0
2025-07-09 08:39:58,221 - INFO - 步骤 1: 没有找到合适的扩展边
2025-07-09 08:39:58,227 - INFO - 匹配失败，处理时间: 0.0154秒
2025-07-09 08:39:58,227 - INFO - 处理第29/100个anchor
2025-07-09 08:39:58,228 - INFO - 开始处理anchor: ('00784342', '_derivationally_related_form', '07193184')
2025-07-09 08:39:58,234 - INFO - 规则类型: chain, 最大扩展步数: 2
2025-07-09 08:39:58,235 - INFO - Motif阈值: 0.98, 结构提升阈值: 0.0
2025-07-09 08:39:58,238 - INFO - 步骤 1: 没有找到合适的扩展边
2025-07-09 08:39:58,243 - INFO - 匹配失败，处理时间: 0.0150秒
2025-07-09 08:39:58,244 - INFO - 处理第30/100个anchor
2025-07-09 08:39:58,244 - INFO - 开始处理anchor: ('00784342', '_verb_group', '00784727')
2025-07-09 08:39:58,251 - INFO - 规则类型: chain, 最大扩展步数: 2
2025-07-09 08:39:58,251 - INFO - Motif阈值: 0.98, 结构提升阈值: 0.0
2025-07-09 08:39:58,255 - INFO - 步骤 1: 没有找到合适的扩展边
2025-07-09 08:39:58,260 - INFO - 匹配失败，处理时间: 0.0159秒
2025-07-09 08:39:58,260 - INFO - 处理第31/100个anchor
2025-07-09 08:39:58,260 - INFO - 开始处理anchor: ('01768969', '_derivationally_related_form', '02636811')
2025-07-09 08:39:58,267 - INFO - 规则类型: chain, 最大扩展步数: 2
2025-07-09 08:39:58,268 - INFO - Motif阈值: 0.98, 结构提升阈值: 0.0
2025-07-09 08:39:58,273 - INFO - 相似度提升检查: -0.1315 >= 0.0
2025-07-09 08:39:58,273 - INFO - 步骤 1: 相似度提升不足 (-0.1315), 停止扩展
2025-07-09 08:39:58,278 - INFO - 匹配失败，处理时间: 0.0175秒
2025-07-09 08:39:58,278 - INFO - 处理第32/100个anchor
2025-07-09 08:39:58,279 - INFO - 开始处理anchor: ('01768969', '_hypernym', '08103777')
2025-07-09 08:39:58,285 - INFO - 规则类型: chain, 最大扩展步数: 2
2025-07-09 08:39:58,285 - INFO - Motif阈值: 0.98, 结构提升阈值: 0.0
2025-07-09 08:39:58,295 - INFO - 相似度提升检查: -0.0797 >= 0.0
2025-07-09 08:39:58,296 - INFO - 步骤 1: 相似度提升不足 (-0.0797), 停止扩展
2025-07-09 08:39:58,305 - INFO - 匹配失败，处理时间: 0.0269秒
2025-07-09 08:39:58,305 - INFO - 处理第33/100个anchor
2025-07-09 08:39:58,307 - INFO - 开始处理anchor: ('01768969', '_member_meronym', '01775879')
2025-07-09 08:39:58,311 - INFO - 规则类型: chain, 最大扩展步数: 2
2025-07-09 08:39:58,312 - INFO - Motif阈值: 0.98, 结构提升阈值: 0.0
2025-07-09 08:39:58,316 - INFO - 步骤 1: 没有找到合适的扩展边
2025-07-09 08:39:58,323 - INFO - 匹配失败，处理时间: 0.0168秒
2025-07-09 08:39:58,324 - INFO - 处理第34/100个anchor
2025-07-09 08:39:58,324 - INFO - 开始处理anchor: ('01768969', '_member_meronym', '01771966')
2025-07-09 08:39:58,329 - INFO - 规则类型: chain, 最大扩展步数: 2
2025-07-09 08:39:58,330 - INFO - Motif阈值: 0.98, 结构提升阈值: 0.0
2025-07-09 08:39:58,334 - INFO - 步骤 1: 没有找到合适的扩展边
2025-07-09 08:39:58,340 - INFO - 匹配失败，处理时间: 0.0160秒
2025-07-09 08:39:58,340 - INFO - 处理第35/100个anchor
2025-07-09 08:39:58,340 - INFO - 开始处理anchor: ('01768969', '_member_meronym', '01769347')
2025-07-09 08:39:58,346 - INFO - 规则类型: chain, 最大扩展步数: 2
2025-07-09 08:39:58,347 - INFO - Motif阈值: 0.98, 结构提升阈值: 0.0
2025-07-09 08:39:58,351 - INFO - 步骤 1: 没有找到合适的扩展边
2025-07-09 08:39:58,358 - INFO - 匹配失败，处理时间: 0.0165秒
2025-07-09 08:39:58,358 - INFO - 处理第36/100个anchor
2025-07-09 08:39:58,358 - INFO - 开始处理anchor: ('01768969', '_member_meronym', '01770553')
2025-07-09 08:39:58,363 - INFO - 规则类型: chain, 最大扩展步数: 2
2025-07-09 08:39:58,364 - INFO - Motif阈值: 0.98, 结构提升阈值: 0.0
2025-07-09 08:39:58,368 - INFO - 步骤 1: 没有找到合适的扩展边
2025-07-09 08:39:58,374 - INFO - 匹配失败，处理时间: 0.0158秒
2025-07-09 08:39:58,375 - INFO - 处理第37/100个anchor
2025-07-09 08:39:58,375 - INFO - 开始处理anchor: ('01768969', '_member_meronym', '01769635')
2025-07-09 08:39:58,379 - INFO - 规则类型: chain, 最大扩展步数: 2
2025-07-09 08:39:58,380 - INFO - Motif阈值: 0.98, 结构提升阈值: 0.0
2025-07-09 08:39:58,385 - INFO - 步骤 1: 没有找到合适的扩展边
2025-07-09 08:39:58,391 - INFO - 匹配失败，处理时间: 0.0160秒
2025-07-09 08:39:58,391 - INFO - 处理第38/100个anchor
2025-07-09 08:39:58,392 - INFO - 开始处理anchor: ('02636811', '_derivationally_related_form', '01769347')
2025-07-09 08:39:58,397 - INFO - 规则类型: chain, 最大扩展步数: 2
2025-07-09 08:39:58,398 - INFO - Motif阈值: 0.98, 结构提升阈值: 0.0
2025-07-09 08:39:58,403 - INFO - 相似度提升检查: -0.0440 >= 0.0
2025-07-09 08:39:58,404 - INFO - 步骤 1: 相似度提升不足 (-0.0440), 停止扩展
2025-07-09 08:39:58,409 - INFO - 匹配失败，处理时间: 0.0169秒
2025-07-09 08:39:58,410 - INFO - 处理第39/100个anchor
2025-07-09 08:39:58,410 - INFO - 开始处理anchor: ('02636811', '_synset_domain_topic_of', '06083243')
2025-07-09 08:39:58,417 - INFO - 规则类型: chain, 最大扩展步数: 2
2025-07-09 08:39:58,418 - INFO - Motif阈值: 0.98, 结构提升阈值: 0.0
2025-07-09 08:39:58,458 - INFO - 相似度提升检查: 0.1430 >= 0.0
2025-07-09 08:39:58,459 - INFO - 步骤 1: 添加边 ('02636811', '01768969', '_derivationally_related_form'), 相似度提升: 0.1430 (当前: -0.1338)
2025-07-09 08:39:58,459 - INFO - 步骤 1: 子图与规则同构，提前终止扩展
2025-07-09 08:39:58,469 - INFO - 匹配成功: True
2025-07-09 08:39:58,469 - INFO - 匹配得分: 0.9572
2025-07-09 08:39:58,470 - INFO - 扩展子图节点: ['02636811', '06083243', '01768969']
2025-07-09 08:39:58,470 - INFO - 扩展子图边: [('02636811', '06083243', {'relation': '_synset_domain_topic_of'}), ('02636811', '01768969', {'relation': '_derivationally_related_form'})]
2025-07-09 08:39:58,471 - INFO - 处理第40/100个anchor
2025-07-09 08:39:58,471 - INFO - 开始处理anchor: ('02636811', '_derivationally_related_form', '01768969')
2025-07-09 08:39:58,478 - INFO - 规则类型: chain, 最大扩展步数: 2
2025-07-09 08:39:58,479 - INFO - Motif阈值: 0.98, 结构提升阈值: 0.0
2025-07-09 08:39:58,485 - INFO - 相似度提升检查: -0.0174 >= 0.0
2025-07-09 08:39:58,485 - INFO - 步骤 1: 相似度提升不足 (-0.0174), 停止扩展
2025-07-09 08:39:58,492 - INFO - 匹配失败，处理时间: 0.0209秒
2025-07-09 08:39:58,493 - INFO - 处理第41/100个anchor
2025-07-09 08:39:58,493 - INFO - 开始处理anchor: ('02636811', '_derivationally_related_form', '01772222')
2025-07-09 08:39:58,499 - INFO - 规则类型: chain, 最大扩展步数: 2
2025-07-09 08:39:58,499 - INFO - Motif阈值: 0.98, 结构提升阈值: 0.0
2025-07-09 08:39:58,503 - INFO - 相似度提升检查: -0.0387 >= 0.0
2025-07-09 08:39:58,503 - INFO - 步骤 1: 相似度提升不足 (-0.0387), 停止扩展
2025-07-09 08:39:58,510 - INFO - 匹配失败，处理时间: 0.0174秒
2025-07-09 08:39:58,511 - INFO - 处理第42/100个anchor
2025-07-09 08:39:58,511 - INFO - 开始处理anchor: ('01455754', '_hypernym', '01974062')
2025-07-09 08:39:58,518 - INFO - 规则类型: chain, 最大扩展步数: 2
2025-07-09 08:39:58,519 - INFO - Motif阈值: 0.98, 结构提升阈值: 0.0
2025-07-09 08:39:58,525 - INFO - 相似度提升检查: -0.1139 >= 0.0
2025-07-09 08:39:58,525 - INFO - 步骤 1: 相似度提升不足 (-0.1139), 停止扩展
2025-07-09 08:39:58,530 - INFO - 匹配失败，处理时间: 0.0190秒
2025-07-09 08:39:58,531 - INFO - 处理第43/100个anchor
2025-07-09 08:39:58,532 - INFO - 开始处理anchor: ('01974062', '_derivationally_related_form', '09206985')
2025-07-09 08:39:58,540 - INFO - 规则类型: chain, 最大扩展步数: 2
2025-07-09 08:39:58,541 - INFO - Motif阈值: 0.98, 结构提升阈值: 0.0
2025-07-09 08:39:58,547 - INFO - 相似度提升检查: -0.0782 >= 0.0
2025-07-09 08:39:58,547 - INFO - 步骤 1: 相似度提升不足 (-0.0782), 停止扩展
2025-07-09 08:39:58,552 - INFO - 匹配失败，处理时间: 0.0188秒
2025-07-09 08:39:58,553 - INFO - 处理第44/100个anchor
2025-07-09 08:39:58,553 - INFO - 开始处理anchor: ('01974062', '_derivationally_related_form', '07348399')
2025-07-09 08:39:58,560 - INFO - 规则类型: chain, 最大扩展步数: 2
2025-07-09 08:39:58,560 - INFO - Motif阈值: 0.98, 结构提升阈值: 0.0
2025-07-09 08:39:58,567 - INFO - 相似度提升检查: 0.0292 >= 0.0
2025-07-09 08:39:58,568 - INFO - 步骤 1: 添加边 ('01974062', '01976089', '_also_see'), 相似度提升: 0.0292 (当前: -0.2439)
2025-07-09 08:39:58,568 - INFO - 步骤 1: 子图与规则同构，提前终止扩展
2025-07-09 08:39:58,576 - INFO - 匹配成功: True
2025-07-09 08:39:58,577 - INFO - 匹配得分: 0.9469
2025-07-09 08:39:58,577 - INFO - 扩展子图节点: ['01974062', '07348399', '01976089']
2025-07-09 08:39:58,577 - INFO - 扩展子图边: [('01974062', '07348399', {'relation': '_derivationally_related_form'}), ('01974062', '01976089', {'relation': '_also_see'})]
2025-07-09 08:39:58,577 - INFO - 处理第45/100个anchor
2025-07-09 08:39:58,578 - INFO - 开始处理anchor: ('01974062', '_derivationally_related_form', '10773394')
2025-07-09 08:39:58,586 - INFO - 规则类型: chain, 最大扩展步数: 2
2025-07-09 08:39:58,586 - INFO - Motif阈值: 0.98, 结构提升阈值: 0.0
2025-07-09 08:39:58,593 - INFO - 相似度提升检查: -0.0282 >= 0.0
2025-07-09 08:39:58,593 - INFO - 步骤 1: 相似度提升不足 (-0.0282), 停止扩展
2025-07-09 08:39:58,597 - INFO - 匹配失败，处理时间: 0.0189秒
2025-07-09 08:39:58,598 - INFO - 处理第46/100个anchor
2025-07-09 08:39:58,598 - INFO - 开始处理anchor: ('01974062', '_derivationally_related_form', '07370671')
2025-07-09 08:39:58,604 - INFO - 规则类型: chain, 最大扩展步数: 2
2025-07-09 08:39:58,605 - INFO - Motif阈值: 0.98, 结构提升阈值: 0.0
2025-07-09 08:39:58,611 - INFO - 相似度提升检查: -0.0140 >= 0.0
2025-07-09 08:39:58,612 - INFO - 步骤 1: 相似度提升不足 (-0.0140), 停止扩展
2025-07-09 08:39:58,617 - INFO - 匹配失败，处理时间: 0.0180秒
2025-07-09 08:39:58,618 - INFO - 处理第47/100个anchor
2025-07-09 08:39:58,618 - INFO - 开始处理anchor: ('01974062', '_derivationally_related_form', '00116376')
2025-07-09 08:39:58,624 - INFO - 规则类型: chain, 最大扩展步数: 2
2025-07-09 08:39:58,624 - INFO - Motif阈值: 0.98, 结构提升阈值: 0.0
2025-07-09 08:39:58,631 - INFO - 相似度提升检查: -0.0182 >= 0.0
2025-07-09 08:39:58,632 - INFO - 步骤 1: 相似度提升不足 (-0.0182), 停止扩展
2025-07-09 08:39:58,638 - INFO - 匹配失败，处理时间: 0.0199秒
2025-07-09 08:39:58,638 - INFO - 处理第48/100个anchor
2025-07-09 08:39:58,638 - INFO - 开始处理anchor: ('01974062', '_derivationally_related_form', '04231693')
2025-07-09 08:39:58,644 - INFO - 规则类型: chain, 最大扩展步数: 2
2025-07-09 08:39:58,645 - INFO - Motif阈值: 0.98, 结构提升阈值: 0.0
2025-07-09 08:39:58,653 - INFO - 相似度提升检查: 0.0085 >= 0.0
2025-07-09 08:39:58,653 - INFO - 步骤 1: 添加边 ('01974062', '01976089', '_also_see'), 相似度提升: 0.0085 (当前: -0.3247)
2025-07-09 08:39:58,653 - INFO - 步骤 1: 子图与规则同构，提前终止扩展
2025-07-09 08:39:58,660 - INFO - 匹配成功: True
2025-07-09 08:39:58,661 - INFO - 匹配得分: 0.9703
2025-07-09 08:39:58,661 - INFO - 扩展子图节点: ['01974062', '04231693', '01976089']
2025-07-09 08:39:58,661 - INFO - 扩展子图边: [('01974062', '04231693', {'relation': '_derivationally_related_form'}), ('01974062', '01976089', {'relation': '_also_see'})]
2025-07-09 08:39:58,662 - INFO - 处理第49/100个anchor
2025-07-09 08:39:58,662 - INFO - 开始处理anchor: ('01974062', '_derivationally_related_form', '09366317')
2025-07-09 08:39:58,667 - INFO - 规则类型: chain, 最大扩展步数: 2
2025-07-09 08:39:58,668 - INFO - Motif阈值: 0.98, 结构提升阈值: 0.0
2025-07-09 08:39:58,675 - INFO - 相似度提升检查: -0.0200 >= 0.0
2025-07-09 08:39:58,675 - INFO - 步骤 1: 相似度提升不足 (-0.0200), 停止扩展
2025-07-09 08:39:58,680 - INFO - 匹配失败，处理时间: 0.0185秒
2025-07-09 08:39:58,680 - INFO - 处理第50/100个anchor
2025-07-09 08:39:58,680 - INFO - 开始处理anchor: ('01974062', '_derivationally_related_form', '03281145')
2025-07-09 08:39:58,685 - INFO - 规则类型: chain, 最大扩展步数: 2
2025-07-09 08:39:58,686 - INFO - Motif阈值: 0.98, 结构提升阈值: 0.0
2025-07-09 08:39:58,693 - INFO - 相似度提升检查: -0.0101 >= 0.0
2025-07-09 08:39:58,694 - INFO - 步骤 1: 相似度提升不足 (-0.0101), 停止扩展
2025-07-09 08:39:58,699 - INFO - 匹配失败，处理时间: 0.0190秒
2025-07-09 08:39:58,699 - INFO - 处理第51/100个anchor
2025-07-09 08:39:58,700 - INFO - 开始处理anchor: ('01974062', '_derivationally_related_form', '05131283')
2025-07-09 08:39:58,706 - INFO - 规则类型: chain, 最大扩展步数: 2
2025-07-09 08:39:58,706 - INFO - Motif阈值: 0.98, 结构提升阈值: 0.0
2025-07-09 08:39:58,713 - INFO - 相似度提升检查: -0.0793 >= 0.0
2025-07-09 08:39:58,713 - INFO - 步骤 1: 相似度提升不足 (-0.0793), 停止扩展
2025-07-09 08:39:58,719 - INFO - 匹配失败，处理时间: 0.0189秒
2025-07-09 08:39:58,719 - INFO - 处理第52/100个anchor
2025-07-09 08:39:58,720 - INFO - 开始处理anchor: ('01974062', '_also_see', '01976089')
2025-07-09 08:39:58,727 - INFO - 规则类型: chain, 最大扩展步数: 2
2025-07-09 08:39:58,728 - INFO - Motif阈值: 0.98, 结构提升阈值: 0.0
2025-07-09 08:39:58,785 - INFO - 相似度提升检查: -0.0735 >= 0.0
2025-07-09 08:39:58,785 - INFO - 步骤 1: 相似度提升不足 (-0.0735), 停止扩展
2025-07-09 08:39:58,791 - INFO - 匹配成功: True
2025-07-09 08:39:58,791 - INFO - 匹配得分: 0.8603
2025-07-09 08:39:58,791 - INFO - 扩展子图节点: ['01974062', '01976089']
2025-07-09 08:39:58,792 - INFO - 扩展子图边: [('01974062', '01976089', {'relation': '_also_see'})]
2025-07-09 08:39:58,792 - INFO - 处理第53/100个anchor
2025-07-09 08:39:58,792 - INFO - 开始处理anchor: ('01974062', '_derivationally_related_form', '00316594')
2025-07-09 08:39:58,797 - INFO - 规则类型: chain, 最大扩展步数: 2
2025-07-09 08:39:58,797 - INFO - Motif阈值: 0.98, 结构提升阈值: 0.0
2025-07-09 08:39:58,804 - INFO - 相似度提升检查: 0.0082 >= 0.0
2025-07-09 08:39:58,805 - INFO - 步骤 1: 添加边 ('01974062', '01976089', '_also_see'), 相似度提升: 0.0082 (当前: -0.2936)
2025-07-09 08:39:58,805 - INFO - 步骤 1: 子图与规则同构，提前终止扩展
2025-07-09 08:39:58,813 - INFO - 匹配成功: True
2025-07-09 08:39:58,813 - INFO - 匹配得分: 0.9661
2025-07-09 08:39:58,813 - INFO - 扩展子图节点: ['01974062', '00316594', '01976089']
2025-07-09 08:39:58,813 - INFO - 扩展子图边: [('01974062', '00316594', {'relation': '_derivationally_related_form'}), ('01974062', '01976089', {'relation': '_also_see'})]
2025-07-09 08:39:58,814 - INFO - 处理第54/100个anchor
2025-07-09 08:39:58,814 - INFO - 开始处理anchor: ('01974062', '_derivationally_related_form', '03664514')
2025-07-09 08:39:58,820 - INFO - 规则类型: chain, 最大扩展步数: 2
2025-07-09 08:39:58,820 - INFO - Motif阈值: 0.98, 结构提升阈值: 0.0
2025-07-09 08:39:58,828 - INFO - 相似度提升检查: 0.0455 >= 0.0
2025-07-09 08:39:58,828 - INFO - 步骤 1: 添加边 ('01974062', '01976089', '_also_see'), 相似度提升: 0.0455 (当前: -0.3529)
2025-07-09 08:39:58,828 - INFO - 步骤 1: 子图与规则同构，提前终止扩展
2025-07-09 08:39:58,836 - INFO - 匹配成功: True
2025-07-09 08:39:58,837 - INFO - 匹配得分: 0.9243
2025-07-09 08:39:58,837 - INFO - 扩展子图节点: ['01974062', '03664514', '01976089']
2025-07-09 08:39:58,837 - INFO - 扩展子图边: [('01974062', '03664514', {'relation': '_derivationally_related_form'}), ('01974062', '01976089', {'relation': '_also_see'})]
2025-07-09 08:39:58,837 - INFO - 处理第55/100个anchor
2025-07-09 08:39:58,838 - INFO - 开始处理anchor: ('07554856', '_hypernym', '07553301')
2025-07-09 08:39:58,844 - INFO - 规则类型: chain, 最大扩展步数: 2
2025-07-09 08:39:58,844 - INFO - Motif阈值: 0.98, 结构提升阈值: 0.0
2025-07-09 08:39:58,847 - INFO - 步骤 1: 没有找到合适的扩展边
2025-07-09 08:39:58,853 - INFO - 匹配失败，处理时间: 0.0150秒
2025-07-09 08:39:58,853 - INFO - 处理第56/100个anchor
2025-07-09 08:39:58,854 - INFO - 开始处理anchor: ('07554856', '_derivationally_related_form', '00594058')
2025-07-09 08:39:58,859 - INFO - 规则类型: chain, 最大扩展步数: 2
2025-07-09 08:39:58,860 - INFO - Motif阈值: 0.98, 结构提升阈值: 0.0
2025-07-09 08:39:58,861 - INFO - 步骤 1: 没有找到合适的扩展边
2025-07-09 08:39:58,868 - INFO - 匹配失败，处理时间: 0.0140秒
2025-07-09 08:39:58,868 - INFO - 处理第57/100个anchor
2025-07-09 08:39:58,868 - INFO - 开始处理anchor: ('07553301', '_hypernym', '00026192')
2025-07-09 08:39:58,876 - INFO - 规则类型: chain, 最大扩展步数: 2
2025-07-09 08:39:58,876 - INFO - Motif阈值: 0.98, 结构提升阈值: 0.0
2025-07-09 08:39:58,878 - INFO - 步骤 1: 没有找到合适的扩展边
2025-07-09 08:39:58,884 - INFO - 匹配失败，处理时间: 0.0150秒
2025-07-09 08:39:58,884 - INFO - 处理第58/100个anchor
2025-07-09 08:39:58,884 - INFO - 开始处理anchor: ('07553301', '_derivationally_related_form', '01822248')
2025-07-09 08:39:58,890 - INFO - 规则类型: chain, 最大扩展步数: 2
2025-07-09 08:39:58,891 - INFO - Motif阈值: 0.98, 结构提升阈值: 0.0
2025-07-09 08:39:58,893 - INFO - 步骤 1: 没有找到合适的扩展边
2025-07-09 08:39:58,900 - INFO - 匹配失败，处理时间: 0.0150秒
2025-07-09 08:39:58,901 - INFO - 处理第59/100个anchor
2025-07-09 08:39:58,901 - INFO - 开始处理anchor: ('00057306', '_hypernym', '00056912')
2025-07-09 08:39:58,907 - INFO - 规则类型: chain, 最大扩展步数: 2
2025-07-09 08:39:58,907 - INFO - Motif阈值: 0.98, 结构提升阈值: 0.0
2025-07-09 08:39:58,912 - INFO - 相似度提升检查: 0.1283 >= 0.0
2025-07-09 08:39:58,912 - INFO - 步骤 1: 添加边 ('00057306', '08199025', '_synset_domain_topic_of'), 相似度提升: 0.1283 (当前: -0.1510)
2025-07-09 08:39:58,912 - INFO - 步骤 1: 子图与规则同构，提前终止扩展
2025-07-09 08:39:58,920 - INFO - 匹配成功: True
2025-07-09 08:39:58,920 - INFO - 匹配得分: 0.9579
2025-07-09 08:39:58,920 - INFO - 扩展子图节点: ['00057306', '00056912', '08199025']
2025-07-09 08:39:58,921 - INFO - 扩展子图边: [('00057306', '00056912', {'relation': '_hypernym'}), ('00057306', '08199025', {'relation': '_synset_domain_topic_of'})]
2025-07-09 08:39:58,921 - INFO - 处理第60/100个anchor
2025-07-09 08:39:58,921 - INFO - 开始处理anchor: ('00057306', '_derivationally_related_form', '01904120')
2025-07-09 08:39:58,928 - INFO - 规则类型: chain, 最大扩展步数: 2
2025-07-09 08:39:58,929 - INFO - Motif阈值: 0.98, 结构提升阈值: 0.0
2025-07-09 08:39:58,932 - INFO - 相似度提升检查: -0.0501 >= 0.0
2025-07-09 08:39:58,933 - INFO - 步骤 1: 相似度提升不足 (-0.0501), 停止扩展
2025-07-09 08:39:58,939 - INFO - 匹配失败，处理时间: 0.0170秒
2025-07-09 08:39:58,939 - INFO - 处理第61/100个anchor
2025-07-09 08:39:58,940 - INFO - 开始处理anchor: ('00057306', '_derivationally_related_form', '02015168')
2025-07-09 08:39:58,947 - INFO - 规则类型: chain, 最大扩展步数: 2
2025-07-09 08:39:58,947 - INFO - Motif阈值: 0.98, 结构提升阈值: 0.0
2025-07-09 08:39:58,952 - INFO - 相似度提升检查: -0.0311 >= 0.0
2025-07-09 08:39:58,953 - INFO - 步骤 1: 相似度提升不足 (-0.0311), 停止扩展
2025-07-09 08:39:58,958 - INFO - 匹配失败，处理时间: 0.0178秒
2025-07-09 08:39:58,960 - INFO - 处理第62/100个anchor
2025-07-09 08:39:58,960 - INFO - 开始处理anchor: ('00057306', '_synset_domain_topic_of', '08199025')
2025-07-09 08:39:58,967 - INFO - 规则类型: chain, 最大扩展步数: 2
2025-07-09 08:39:58,968 - INFO - Motif阈值: 0.98, 结构提升阈值: 0.0
2025-07-09 08:39:59,313 - INFO - 相似度提升检查: 0.0623 >= 0.0
2025-07-09 08:39:59,313 - INFO - 步骤 1: 添加边 ('00057306', '00056912', '_hypernym'), 相似度提升: 0.0623 (当前: -0.1656)
2025-07-09 08:39:59,314 - INFO - 步骤 1: 子图与规则同构，提前终止扩展
2025-07-09 08:39:59,321 - INFO - 匹配成功: True
2025-07-09 08:39:59,321 - INFO - 匹配得分: 0.9068
2025-07-09 08:39:59,321 - INFO - 扩展子图节点: ['00057306', '08199025', '00056912']
2025-07-09 08:39:59,322 - INFO - 扩展子图边: [('00057306', '08199025', {'relation': '_synset_domain_topic_of'}), ('00057306', '00056912', {'relation': '_hypernym'})]
2025-07-09 08:39:59,322 - INFO - 处理第63/100个anchor
2025-07-09 08:39:59,322 - INFO - 开始处理anchor: ('00056912', '_hypernym', '00053913')
2025-07-09 08:39:59,328 - INFO - 规则类型: chain, 最大扩展步数: 2
2025-07-09 08:39:59,329 - INFO - Motif阈值: 0.98, 结构提升阈值: 0.0
2025-07-09 08:39:59,333 - INFO - 相似度提升检查: 0.0128 >= 0.0
2025-07-09 08:39:59,333 - INFO - 步骤 1: 添加边 ('00056912', '08199025', '_synset_domain_topic_of'), 相似度提升: 0.0128 (当前: -0.3432)
2025-07-09 08:39:59,334 - INFO - 步骤 1: 子图与规则同构，提前终止扩展
2025-07-09 08:39:59,344 - INFO - 匹配成功: True
2025-07-09 08:39:59,345 - INFO - 匹配得分: 0.9530
2025-07-09 08:39:59,345 - INFO - 扩展子图节点: ['00056912', '00053913', '08199025']
2025-07-09 08:39:59,345 - INFO - 扩展子图边: [('00056912', '00053913', {'relation': '_hypernym'}), ('00056912', '08199025', {'relation': '_synset_domain_topic_of'})]
2025-07-09 08:39:59,346 - INFO - 处理第64/100个anchor
2025-07-09 08:39:59,346 - INFO - 开始处理anchor: ('00056912', '_synset_domain_topic_of', '08199025')
2025-07-09 08:39:59,353 - INFO - 规则类型: chain, 最大扩展步数: 2
2025-07-09 08:39:59,354 - INFO - Motif阈值: 0.98, 结构提升阈值: 0.0
2025-07-09 08:39:59,758 - INFO - 相似度提升检查: -0.0958 >= 0.0
2025-07-09 08:39:59,758 - INFO - 步骤 1: 相似度提升不足 (-0.0958), 停止扩展
2025-07-09 08:39:59,763 - INFO - 匹配失败，处理时间: 0.4175秒
2025-07-09 08:39:59,765 - INFO - 处理第65/100个anchor
2025-07-09 08:39:59,766 - INFO - 开始处理anchor: ('10341660', '_derivationally_related_form', '02661252')
2025-07-09 08:39:59,774 - INFO - 规则类型: chain, 最大扩展步数: 2
2025-07-09 08:39:59,774 - INFO - Motif阈值: 0.98, 结构提升阈值: 0.0
2025-07-09 08:39:59,779 - INFO - 相似度提升检查: 0.0208 >= 0.0
2025-07-09 08:39:59,780 - INFO - 步骤 1: 添加边 ('10341660', '06037666', '_synset_domain_topic_of'), 相似度提升: 0.0208 (当前: -0.2771)
2025-07-09 08:39:59,781 - INFO - 步骤 1: 子图与规则同构，提前终止扩展
2025-07-09 08:39:59,791 - INFO - 匹配成功: True
2025-07-09 08:39:59,791 - INFO - 匹配得分: 0.9663
2025-07-09 08:39:59,792 - INFO - 扩展子图节点: ['10341660', '02661252', '06037666']
2025-07-09 08:39:59,792 - INFO - 扩展子图边: [('10341660', '02661252', {'relation': '_derivationally_related_form'}), ('10341660', '06037666', {'relation': '_synset_domain_topic_of'})]
2025-07-09 08:39:59,802 - INFO - 处理第66/100个anchor
2025-07-09 08:39:59,803 - INFO - 开始处理anchor: ('10341660', '_derivationally_related_form', '00119873')
2025-07-09 08:39:59,810 - INFO - 规则类型: chain, 最大扩展步数: 2
2025-07-09 08:39:59,810 - INFO - Motif阈值: 0.98, 结构提升阈值: 0.0
2025-07-09 08:39:59,815 - INFO - 相似度提升检查: -0.0845 >= 0.0
2025-07-09 08:39:59,815 - INFO - 步骤 1: 相似度提升不足 (-0.0845), 停止扩展
2025-07-09 08:39:59,824 - INFO - 匹配失败，处理时间: 0.0199秒
2025-07-09 08:39:59,824 - INFO - 处理第67/100个anchor
2025-07-09 08:39:59,825 - INFO - 开始处理anchor: ('10341660', '_synset_domain_topic_of', '06037666')
2025-07-09 08:39:59,830 - INFO - 规则类型: chain, 最大扩展步数: 2
2025-07-09 08:39:59,831 - INFO - Motif阈值: 0.98, 结构提升阈值: 0.0
2025-07-09 08:39:59,948 - INFO - 相似度提升检查: 0.0441 >= 0.0
2025-07-09 08:39:59,949 - INFO - 步骤 1: 添加边 ('10341660', '00004475', '_hypernym'), 相似度提升: 0.0441 (当前: -0.2185)
2025-07-09 08:39:59,950 - INFO - 步骤 1: 子图与规则同构，提前终止扩展
2025-07-09 08:39:59,956 - INFO - 匹配成功: True
2025-07-09 08:39:59,957 - INFO - 匹配得分: 0.9460
2025-07-09 08:39:59,957 - INFO - 扩展子图节点: ['10341660', '06037666', '00004475']
2025-07-09 08:39:59,957 - INFO - 扩展子图边: [('10341660', '06037666', {'relation': '_synset_domain_topic_of'}), ('10341660', '00004475', {'relation': '_hypernym'})]
2025-07-09 08:39:59,957 - INFO - 处理第68/100个anchor
2025-07-09 08:39:59,958 - INFO - 开始处理anchor: ('10341660', '_hypernym', '00004475')
2025-07-09 08:39:59,962 - INFO - 规则类型: chain, 最大扩展步数: 2
2025-07-09 08:39:59,962 - INFO - Motif阈值: 0.98, 结构提升阈值: 0.0
2025-07-09 08:39:59,975 - INFO - 相似度提升检查: 0.0835 >= 0.0
2025-07-09 08:39:59,975 - INFO - 步骤 1: 添加边 ('10341660', '06037666', '_synset_domain_topic_of'), 相似度提升: 0.0835 (当前: -0.2497)
2025-07-09 08:39:59,976 - INFO - 步骤 1: 子图与规则同构，提前终止扩展
2025-07-09 08:39:59,984 - INFO - 匹配成功: True
2025-07-09 08:39:59,985 - INFO - 匹配得分: 0.9512
2025-07-09 08:39:59,986 - INFO - 扩展子图节点: ['10341660', '00004475', '06037666']
2025-07-09 08:39:59,986 - INFO - 扩展子图边: [('10341660', '00004475', {'relation': '_hypernym'}), ('10341660', '06037666', {'relation': '_synset_domain_topic_of'})]
2025-07-09 08:39:59,986 - INFO - 处理第69/100个anchor
2025-07-09 08:39:59,987 - INFO - 开始处理anchor: ('10341660', '_derivationally_related_form', '02987177')
2025-07-09 08:39:59,992 - INFO - 规则类型: chain, 最大扩展步数: 2
2025-07-09 08:39:59,993 - INFO - Motif阈值: 0.98, 结构提升阈值: 0.0
2025-07-09 08:39:59,996 - INFO - 相似度提升检查: -0.0065 >= 0.0
2025-07-09 08:39:59,996 - INFO - 步骤 1: 相似度提升不足 (-0.0065), 停止扩展
2025-07-09 08:40:00,004 - INFO - 匹配失败，处理时间: 0.0160秒
2025-07-09 08:40:00,004 - INFO - 处理第70/100个anchor
2025-07-09 08:40:00,004 - INFO - 开始处理anchor: ('10341660', '_derivationally_related_form', '02987454')
2025-07-09 08:40:00,011 - INFO - 规则类型: chain, 最大扩展步数: 2
2025-07-09 08:40:00,011 - INFO - Motif阈值: 0.98, 结构提升阈值: 0.0
2025-07-09 08:40:00,021 - INFO - 相似度提升检查: 0.0371 >= 0.0
2025-07-09 08:40:00,022 - INFO - 步骤 1: 添加边 ('10341660', '06037666', '_synset_domain_topic_of'), 相似度提升: 0.0371 (当前: -0.1973)
2025-07-09 08:40:00,022 - INFO - 步骤 1: 子图与规则同构，提前终止扩展
2025-07-09 08:40:00,028 - INFO - 匹配成功: True
2025-07-09 08:40:00,029 - INFO - 匹配得分: 0.9679
2025-07-09 08:40:00,029 - INFO - 扩展子图节点: ['10341660', '02987454', '06037666']
2025-07-09 08:40:00,029 - INFO - 扩展子图边: [('10341660', '02987454', {'relation': '_derivationally_related_form'}), ('10341660', '06037666', {'relation': '_synset_domain_topic_of'})]
2025-07-09 08:40:00,029 - INFO - 处理第71/100个anchor
2025-07-09 08:40:00,029 - INFO - 开始处理anchor: ('02661252', '_derivationally_related_form', '10419047')
2025-07-09 08:40:00,036 - INFO - 规则类型: chain, 最大扩展步数: 2
2025-07-09 08:40:00,037 - INFO - Motif阈值: 0.98, 结构提升阈值: 0.0
2025-07-09 08:40:00,039 - INFO - 步骤 1: 没有找到合适的扩展边
2025-07-09 08:40:00,044 - INFO - 匹配失败，处理时间: 0.0150秒
2025-07-09 08:40:00,044 - INFO - 处理第72/100个anchor
2025-07-09 08:40:00,045 - INFO - 开始处理anchor: ('02661252', '_derivationally_related_form', '00737399')
2025-07-09 08:40:00,052 - INFO - 规则类型: chain, 最大扩展步数: 2
2025-07-09 08:40:00,054 - INFO - Motif阈值: 0.98, 结构提升阈值: 0.0
2025-07-09 08:40:00,056 - INFO - 步骤 1: 没有找到合适的扩展边
2025-07-09 08:40:00,061 - INFO - 匹配失败，处理时间: 0.0159秒
2025-07-09 08:40:00,062 - INFO - 处理第73/100个anchor
2025-07-09 08:40:00,062 - INFO - 开始处理anchor: ('02661252', '_derivationally_related_form', '11415084')
2025-07-09 08:40:00,069 - INFO - 规则类型: chain, 最大扩展步数: 2
2025-07-09 08:40:00,071 - INFO - Motif阈值: 0.98, 结构提升阈值: 0.0
2025-07-09 08:40:00,075 - INFO - 相似度提升检查: -0.0898 >= 0.0
2025-07-09 08:40:00,075 - INFO - 步骤 1: 相似度提升不足 (-0.0898), 停止扩展
2025-07-09 08:40:00,080 - INFO - 匹配失败，处理时间: 0.0180秒
2025-07-09 08:40:00,081 - INFO - 处理第74/100个anchor
2025-07-09 08:40:00,083 - INFO - 开始处理anchor: ('02661252', '_derivationally_related_form', '10341660')
2025-07-09 08:40:00,089 - INFO - 规则类型: chain, 最大扩展步数: 2
2025-07-09 08:40:00,089 - INFO - Motif阈值: 0.98, 结构提升阈值: 0.0
2025-07-09 08:40:00,094 - INFO - 相似度提升检查: -0.1403 >= 0.0
2025-07-09 08:40:00,095 - INFO - 步骤 1: 相似度提升不足 (-0.1403), 停止扩展
2025-07-09 08:40:00,102 - INFO - 匹配失败，处理时间: 0.0182秒
2025-07-09 08:40:00,102 - INFO - 处理第75/100个anchor
2025-07-09 08:40:00,103 - INFO - 开始处理anchor: ('02661252', '_derivationally_related_form', '07366627')
2025-07-09 08:40:00,108 - INFO - 规则类型: chain, 最大扩展步数: 2
2025-07-09 08:40:00,109 - INFO - Motif阈值: 0.98, 结构提升阈值: 0.0
2025-07-09 08:40:00,111 - INFO - 步骤 1: 没有找到合适的扩展边
2025-07-09 08:40:00,118 - INFO - 匹配失败，处理时间: 0.0150秒
2025-07-09 08:40:00,118 - INFO - 处理第76/100个anchor
2025-07-09 08:40:00,118 - INFO - 开始处理anchor: ('02661252', '_derivationally_related_form', '06022291')
2025-07-09 08:40:00,124 - INFO - 规则类型: chain, 最大扩展步数: 2
2025-07-09 08:40:00,125 - INFO - Motif阈值: 0.98, 结构提升阈值: 0.0
2025-07-09 08:40:00,127 - INFO - 相似度提升检查: -0.1068 >= 0.0
2025-07-09 08:40:00,128 - INFO - 步骤 1: 相似度提升不足 (-0.1068), 停止扩展
2025-07-09 08:40:00,135 - INFO - 匹配失败，处理时间: 0.0159秒
2025-07-09 08:40:00,137 - INFO - 处理第77/100个anchor
2025-07-09 08:40:00,137 - INFO - 开始处理anchor: ('02661252', '_derivationally_related_form', '04802776')
2025-07-09 08:40:00,141 - INFO - 规则类型: chain, 最大扩展步数: 2
2025-07-09 08:40:00,141 - INFO - Motif阈值: 0.98, 结构提升阈值: 0.0
2025-07-09 08:40:00,143 - INFO - 步骤 1: 没有找到合适的扩展边
2025-07-09 08:40:00,150 - INFO - 匹配失败，处理时间: 0.0137秒
2025-07-09 08:40:00,151 - INFO - 处理第78/100个anchor
2025-07-09 08:40:00,151 - INFO - 开始处理anchor: ('02661252', '_derivationally_related_form', '00194969')
2025-07-09 08:40:00,158 - INFO - 规则类型: chain, 最大扩展步数: 2
2025-07-09 08:40:00,158 - INFO - Motif阈值: 0.98, 结构提升阈值: 0.0
2025-07-09 08:40:00,161 - INFO - 步骤 1: 没有找到合适的扩展边
2025-07-09 08:40:00,169 - INFO - 匹配失败，处理时间: 0.0175秒
2025-07-09 08:40:00,170 - INFO - 处理第79/100个anchor
2025-07-09 08:40:00,170 - INFO - 开始处理anchor: ('13219258', '_hypernym', '13167078')
2025-07-09 08:40:00,175 - INFO - 规则类型: chain, 最大扩展步数: 2
2025-07-09 08:40:00,175 - INFO - Motif阈值: 0.98, 结构提升阈值: 0.0
2025-07-09 08:40:00,179 - INFO - 步骤 1: 没有找到合适的扩展边
2025-07-09 08:40:00,186 - INFO - 匹配失败，处理时间: 0.0160秒
2025-07-09 08:40:00,187 - INFO - 处理第80/100个anchor
2025-07-09 08:40:00,187 - INFO - 开始处理anchor: ('13219258', '_member_meronym', '13219422')
2025-07-09 08:40:00,193 - INFO - 规则类型: chain, 最大扩展步数: 2
2025-07-09 08:40:00,194 - INFO - Motif阈值: 0.98, 结构提升阈值: 0.0
2025-07-09 08:40:00,195 - INFO - 步骤 1: 没有找到合适的扩展边
2025-07-09 08:40:00,202 - INFO - 匹配失败，处理时间: 0.0139秒
2025-07-09 08:40:00,203 - INFO - 处理第81/100个anchor
2025-07-09 08:40:00,203 - INFO - 开始处理anchor: ('13167078', '_hypernym', '08108972')
2025-07-09 08:40:00,209 - INFO - 规则类型: chain, 最大扩展步数: 2
2025-07-09 08:40:00,209 - INFO - Motif阈值: 0.98, 结构提升阈值: 0.0
2025-07-09 08:40:00,217 - INFO - 相似度提升检查: -0.1520 >= 0.0
2025-07-09 08:40:00,217 - INFO - 步骤 1: 相似度提升不足 (-0.1520), 停止扩展
2025-07-09 08:40:00,222 - INFO - 匹配失败，处理时间: 0.0188秒
2025-07-09 08:40:00,223 - INFO - 处理第82/100个anchor
2025-07-09 08:40:00,224 - INFO - 开始处理anchor: ('01698271', '_also_see', '01754576')
2025-07-09 08:40:00,229 - INFO - 规则类型: chain, 最大扩展步数: 2
2025-07-09 08:40:00,229 - INFO - Motif阈值: 0.98, 结构提升阈值: 0.0
2025-07-09 08:40:00,271 - INFO - 相似度提升检查: -0.0114 >= 0.0
2025-07-09 08:40:00,272 - INFO - 步骤 1: 相似度提升不足 (-0.0114), 停止扩展
2025-07-09 08:40:00,276 - INFO - 匹配失败，处理时间: 0.0526秒
2025-07-09 08:40:00,277 - INFO - 处理第83/100个anchor
2025-07-09 08:40:00,277 - INFO - 开始处理anchor: ('01698271', '_synset_domain_topic_of', '00929718')
2025-07-09 08:40:00,284 - INFO - 规则类型: chain, 最大扩展步数: 2
2025-07-09 08:40:00,284 - INFO - Motif阈值: 0.98, 结构提升阈值: 0.0
2025-07-09 08:40:00,351 - INFO - 相似度提升检查: 0.1215 >= 0.0
2025-07-09 08:40:00,351 - INFO - 步骤 1: 添加边 ('01698271', '01697816', '_hypernym'), 相似度提升: 0.1215 (当前: -0.2895)
2025-07-09 08:40:00,353 - INFO - 步骤 1: 子图与规则同构，提前终止扩展
2025-07-09 08:40:00,359 - INFO - 匹配成功: True
2025-07-09 08:40:00,360 - INFO - 匹配得分: 0.9320
2025-07-09 08:40:00,360 - INFO - 扩展子图节点: ['01698271', '00929718', '01697816']
2025-07-09 08:40:00,360 - INFO - 扩展子图边: [('01698271', '00929718', {'relation': '_synset_domain_topic_of'}), ('01698271', '01697816', {'relation': '_hypernym'})]
2025-07-09 08:40:00,360 - INFO - 处理第84/100个anchor
2025-07-09 08:40:00,360 - INFO - 开始处理anchor: ('01698271', '_derivationally_related_form', '00929718')
2025-07-09 08:40:00,367 - INFO - 规则类型: chain, 最大扩展步数: 2
2025-07-09 08:40:00,368 - INFO - Motif阈值: 0.98, 结构提升阈值: 0.0
2025-07-09 08:40:00,394 - INFO - 相似度提升检查: 0.0000 >= 0.0
2025-07-09 08:40:00,395 - INFO - 步骤 1: 添加边 ('01698271', '00929718', '_synset_domain_topic_of'), 相似度提升: 0.0000 (当前: -0.2312)
2025-07-09 08:40:00,461 - INFO - 相似度提升检查: -0.1187 >= 0.0
2025-07-09 08:40:00,462 - INFO - 步骤 2: 相似度提升不足 (-0.1187), 停止扩展
2025-07-09 08:40:00,470 - INFO - 匹配成功: True
2025-07-09 08:40:00,470 - INFO - 匹配得分: 0.8662
2025-07-09 08:40:00,470 - INFO - 扩展子图节点: ['01698271', '00929718']
2025-07-09 08:40:00,471 - INFO - 扩展子图边: [('01698271', '00929718', {'relation': '_synset_domain_topic_of'})]
2025-07-09 08:40:00,471 - INFO - 处理第85/100个anchor
2025-07-09 08:40:00,471 - INFO - 开始处理anchor: ('01698271', '_verb_group', '01744611')
2025-07-09 08:40:00,477 - INFO - 规则类型: chain, 最大扩展步数: 2
2025-07-09 08:40:00,478 - INFO - Motif阈值: 0.98, 结构提升阈值: 0.0
2025-07-09 08:40:00,485 - INFO - 相似度提升检查: -0.0055 >= 0.0
2025-07-09 08:40:00,485 - INFO - 步骤 1: 相似度提升不足 (-0.0055), 停止扩展
2025-07-09 08:40:00,491 - INFO - 匹配失败，处理时间: 0.0199秒
2025-07-09 08:40:00,492 - INFO - 处理第86/100个anchor
2025-07-09 08:40:00,492 - INFO - 开始处理anchor: ('01698271', '_derivationally_related_form', '03906997')
2025-07-09 08:40:00,499 - INFO - 规则类型: chain, 最大扩展步数: 2
2025-07-09 08:40:00,499 - INFO - Motif阈值: 0.98, 结构提升阈值: 0.0
2025-07-09 08:40:00,506 - INFO - 相似度提升检查: -0.0636 >= 0.0
2025-07-09 08:40:00,507 - INFO - 步骤 1: 相似度提升不足 (-0.0636), 停止扩展
2025-07-09 08:40:00,512 - INFO - 匹配失败，处理时间: 0.0199秒
2025-07-09 08:40:00,512 - INFO - 处理第87/100个anchor
2025-07-09 08:40:00,513 - INFO - 开始处理anchor: ('01698271', '_hypernym', '01697816')
2025-07-09 08:40:00,521 - INFO - 规则类型: chain, 最大扩展步数: 2
2025-07-09 08:40:00,522 - INFO - Motif阈值: 0.98, 结构提升阈值: 0.0
2025-07-09 08:40:00,526 - INFO - 相似度提升检查: 0.0007 >= 0.0
2025-07-09 08:40:00,526 - INFO - 步骤 1: 添加边 ('01698271', '00929718', '_synset_domain_topic_of'), 相似度提升: 0.0007 (当前: -0.2118)
2025-07-09 08:40:00,527 - INFO - 步骤 1: 子图与规则同构，提前终止扩展
2025-07-09 08:40:00,536 - INFO - 匹配成功: True
2025-07-09 08:40:00,536 - INFO - 匹配得分: 0.9285
2025-07-09 08:40:00,536 - INFO - 扩展子图节点: ['01698271', '01697816', '00929718']
2025-07-09 08:40:00,537 - INFO - 扩展子图边: [('01698271', '01697816', {'relation': '_hypernym'}), ('01698271', '00929718', {'relation': '_synset_domain_topic_of'})]
2025-07-09 08:40:00,537 - INFO - 处理第88/100个anchor
2025-07-09 08:40:00,537 - INFO - 开始处理anchor: ('01698271', '_derivationally_related_form', '10794014')
2025-07-09 08:40:00,543 - INFO - 规则类型: chain, 最大扩展步数: 2
2025-07-09 08:40:00,544 - INFO - Motif阈值: 0.98, 结构提升阈值: 0.0
2025-07-09 08:40:00,554 - INFO - 相似度提升检查: -0.0105 >= 0.0
2025-07-09 08:40:00,554 - INFO - 步骤 1: 相似度提升不足 (-0.0105), 停止扩展
2025-07-09 08:40:00,560 - INFO - 匹配失败，处理时间: 0.0219秒
2025-07-09 08:40:00,560 - INFO - 处理第89/100个anchor
2025-07-09 08:40:00,561 - INFO - 开始处理anchor: ('01754576', '_synset_domain_topic_of', '00929718')
2025-07-09 08:40:00,567 - INFO - 规则类型: chain, 最大扩展步数: 2
2025-07-09 08:40:00,568 - INFO - Motif阈值: 0.98, 结构提升阈值: 0.0
2025-07-09 08:40:00,609 - INFO - 相似度提升检查: 0.0126 >= 0.0
2025-07-09 08:40:00,610 - INFO - 步骤 1: 添加边 ('01754576', '01698271', '_hypernym'), 相似度提升: 0.0126 (当前: -0.2474)
2025-07-09 08:40:00,610 - INFO - 步骤 1: 子图与规则同构，提前终止扩展
2025-07-09 08:40:00,618 - INFO - 匹配成功: True
2025-07-09 08:40:00,619 - INFO - 匹配得分: 0.9508
2025-07-09 08:40:00,619 - INFO - 扩展子图节点: ['01754576', '00929718', '01698271']
2025-07-09 08:40:00,620 - INFO - 扩展子图边: [('01754576', '00929718', {'relation': '_synset_domain_topic_of'}), ('01754576', '01698271', {'relation': '_hypernym'})]
2025-07-09 08:40:00,620 - INFO - 处理第90/100个anchor
2025-07-09 08:40:00,620 - INFO - 开始处理anchor: ('01754576', '_hypernym', '01698271')
2025-07-09 08:40:00,626 - INFO - 规则类型: chain, 最大扩展步数: 2
2025-07-09 08:40:00,627 - INFO - Motif阈值: 0.98, 结构提升阈值: 0.0
2025-07-09 08:40:00,636 - INFO - 相似度提升检查: -0.0061 >= 0.0
2025-07-09 08:40:00,637 - INFO - 步骤 1: 相似度提升不足 (-0.0061), 停止扩展
2025-07-09 08:40:00,642 - INFO - 匹配失败，处理时间: 0.0209秒
2025-07-09 08:40:00,643 - INFO - 处理第91/100个anchor
2025-07-09 08:40:00,643 - INFO - 开始处理anchor: ('10499355', '_hypernym', '10083823')
2025-07-09 08:40:00,650 - INFO - 规则类型: chain, 最大扩展步数: 2
2025-07-09 08:40:00,650 - INFO - Motif阈值: 0.98, 结构提升阈值: 0.0
2025-07-09 08:40:00,653 - INFO - 步骤 1: 没有找到合适的扩展边
2025-07-09 08:40:00,659 - INFO - 匹配失败，处理时间: 0.0158秒
2025-07-09 08:40:00,659 - INFO - 处理第92/100个anchor
2025-07-09 08:40:00,659 - INFO - 开始处理anchor: ('10083823', '_hypernym', '09807754')
2025-07-09 08:40:00,667 - INFO - 规则类型: chain, 最大扩展步数: 2
2025-07-09 08:40:00,667 - INFO - Motif阈值: 0.98, 结构提升阈值: 0.0
2025-07-09 08:40:00,670 - INFO - 步骤 1: 没有找到合适的扩展边
2025-07-09 08:40:00,676 - INFO - 匹配失败，处理时间: 0.0155秒
2025-07-09 08:40:00,677 - INFO - 处理第93/100个anchor
2025-07-09 08:40:00,677 - INFO - 开始处理anchor: ('02103406', '_hypernym', '02084071')
2025-07-09 08:40:00,684 - INFO - 规则类型: chain, 最大扩展步数: 2
2025-07-09 08:40:00,684 - INFO - Motif阈值: 0.98, 结构提升阈值: 0.0
2025-07-09 08:40:00,688 - INFO - 步骤 1: 没有找到合适的扩展边
2025-07-09 08:40:00,694 - INFO - 匹配失败，处理时间: 0.0159秒
2025-07-09 08:40:00,694 - INFO - 处理第94/100个anchor
2025-07-09 08:40:00,694 - INFO - 开始处理anchor: ('02084071', '_hypernym', '02083346')
2025-07-09 08:40:00,702 - INFO - 规则类型: chain, 最大扩展步数: 2
2025-07-09 08:40:00,702 - INFO - Motif阈值: 0.98, 结构提升阈值: 0.0
2025-07-09 08:40:00,705 - INFO - 步骤 1: 没有找到合适的扩展边
2025-07-09 08:40:00,710 - INFO - 匹配失败，处理时间: 0.0156秒
2025-07-09 08:40:00,711 - INFO - 处理第95/100个anchor
2025-07-09 08:40:00,711 - INFO - 开始处理anchor: ('02084071', '_hypernym', '01317541')
2025-07-09 08:40:00,718 - INFO - 规则类型: chain, 最大扩展步数: 2
2025-07-09 08:40:00,718 - INFO - Motif阈值: 0.98, 结构提升阈值: 0.0
2025-07-09 08:40:00,721 - INFO - 步骤 1: 没有找到合适的扩展边
2025-07-09 08:40:00,725 - INFO - 匹配失败，处理时间: 0.0147秒
2025-07-09 08:40:00,726 - INFO - 处理第96/100个anchor
2025-07-09 08:40:00,726 - INFO - 开始处理anchor: ('02084071', '_has_part', '02158846')
2025-07-09 08:40:00,732 - INFO - 规则类型: chain, 最大扩展步数: 2
2025-07-09 08:40:00,734 - INFO - Motif阈值: 0.98, 结构提升阈值: 0.0
2025-07-09 08:40:00,735 - INFO - 步骤 1: 没有找到合适的扩展边
2025-07-09 08:40:00,741 - INFO - 匹配失败，处理时间: 0.0156秒
2025-07-09 08:40:00,742 - INFO - 处理第97/100个anchor
2025-07-09 08:40:00,742 - INFO - 开始处理anchor: ('07190941', '_hypernym', '07185325')
2025-07-09 08:40:00,748 - INFO - 规则类型: chain, 最大扩展步数: 2
2025-07-09 08:40:00,749 - INFO - Motif阈值: 0.98, 结构提升阈值: 0.0
2025-07-09 08:40:00,752 - INFO - 步骤 1: 没有找到合适的扩展边
2025-07-09 08:40:00,757 - INFO - 匹配失败，处理时间: 0.0149秒
2025-07-09 08:40:00,758 - INFO - 处理第98/100个anchor
2025-07-09 08:40:00,759 - INFO - 开始处理anchor: ('07190941', '_derivationally_related_form', '02320374')
2025-07-09 08:40:00,765 - INFO - 规则类型: chain, 最大扩展步数: 2
2025-07-09 08:40:00,765 - INFO - Motif阈值: 0.98, 结构提升阈值: 0.0
2025-07-09 08:40:00,769 - INFO - 步骤 1: 没有找到合适的扩展边
2025-07-09 08:40:00,775 - INFO - 匹配失败，处理时间: 0.0163秒
2025-07-09 08:40:00,775 - INFO - 处理第99/100个anchor
2025-07-09 08:40:00,775 - INFO - 开始处理anchor: ('07190941', '_derivationally_related_form', '02321046')
2025-07-09 08:40:00,780 - INFO - 规则类型: chain, 最大扩展步数: 2
2025-07-09 08:40:00,781 - INFO - Motif阈值: 0.98, 结构提升阈值: 0.0
2025-07-09 08:40:00,785 - INFO - 步骤 1: 没有找到合适的扩展边
2025-07-09 08:40:00,791 - INFO - 匹配失败，处理时间: 0.0154秒
2025-07-09 08:40:00,792 - INFO - 处理第100/100个anchor
2025-07-09 08:40:00,792 - INFO - 开始处理anchor: ('07185325', '_derivationally_related_form', '01069809')
2025-07-09 08:40:00,800 - INFO - 规则类型: chain, 最大扩展步数: 2
2025-07-09 08:40:00,800 - INFO - Motif阈值: 0.98, 结构提升阈值: 0.0
2025-07-09 08:40:00,803 - INFO - 步骤 1: 没有找到合适的扩展边
2025-07-09 08:40:00,809 - INFO - 匹配失败，处理时间: 0.0160秒
2025-07-09 08:40:00,809 - INFO - 批量匹配完成: 18/100 成功匹配
2025-07-09 08:40:00,824 - INFO - 结果已保存到: result2.json
