2025-07-09 08:42:51,135 - INFO - 成功加载预训练embedding
2025-07-09 08:42:51,208 - WARNING - 加载训练模型失败: No module named 'simple_train'
2025-07-09 08:42:51,209 - INFO - StructMatch系统初始化完成（集成语义增强）
2025-07-09 08:42:51,210 - INFO - 开始加载数据...
2025-07-09 08:42:52,285 - INFO - 成功加载知识图谱: 40559个实体, 11种关系, 86835个三元组
2025-07-09 08:42:52,286 - INFO - 成功加载2条规则
2025-07-09 08:42:52,286 - INFO - 数据加载完成
2025-07-09 08:42:52,468 - INFO - 开始批量匹配，共100个anchor，规则ID: rule_001
2025-07-09 08:42:52,469 - INFO - 规则第一个关系类型: _also_see
2025-07-09 08:42:52,470 - INFO - 筛选后anchor数量较少(2)，添加其他关系类型作为补充
2025-07-09 08:42:52,470 - INFO - 智能筛选后，保留22个相关anchor
2025-07-09 08:42:52,480 - INFO - 处理第1/22个anchor
2025-07-09 08:42:52,481 - INFO - 开始处理anchor: ('01974062', '_also_see', '01976089')
2025-07-09 08:42:52,482 - ERROR - 规则类型检测失败: not implemented for directed type
2025-07-09 08:42:52,508 - INFO - 规则类型: chain, 最大扩展步数: 2
2025-07-09 08:42:52,509 - INFO - Motif阈值: 0.98, 结构提升阈值: 0.0
2025-07-09 08:42:52,598 - INFO - 相似度提升检查: 0.2316 >= 0.0
2025-07-09 08:42:52,598 - INFO - 步骤 1: 添加边 ('01976089', '01974062', '_hypernym'), 相似度提升: 0.2316 (当前: 0.4491)
2025-07-09 08:42:52,599 - INFO - 步骤 1: 子图与规则同构，提前终止扩展
2025-07-09 08:42:52,610 - INFO - 匹配失败，处理时间: 0.1287秒
2025-07-09 08:42:52,611 - INFO - 处理第2/22个anchor
2025-07-09 08:42:52,611 - INFO - 开始处理anchor: ('01698271', '_also_see', '01754576')
2025-07-09 08:42:52,612 - ERROR - 规则类型检测失败: not implemented for directed type
2025-07-09 08:42:52,619 - INFO - 规则类型: unknown, 最大扩展步数: 2
2025-07-09 08:42:52,620 - INFO - Motif阈值: 0.95, 结构提升阈值: 0.0001
2025-07-09 08:42:52,631 - INFO - 相似度提升检查: 0.0872 >= 0.0001
2025-07-09 08:42:52,632 - INFO - 步骤 1: 添加边 ('01754576', '00929718', '_synset_domain_topic_of'), 相似度提升: 0.0872 (当前: 0.4057)
2025-07-09 08:42:52,633 - INFO - 步骤 1: 子图与规则同构，提前终止扩展
2025-07-09 08:42:52,644 - INFO - 匹配成功: True
2025-07-09 08:42:52,644 - INFO - 匹配得分: 0.9692
2025-07-09 08:42:52,646 - INFO - 扩展子图节点: ['01698271', '01754576', '00929718']
2025-07-09 08:42:52,647 - INFO - 扩展子图边: [('01698271', '01754576', {'relation': '_also_see'}), ('01754576', '00929718', {'relation': '_synset_domain_topic_of'})]
2025-07-09 08:42:52,647 - INFO - 处理第3/22个anchor
2025-07-09 08:42:52,648 - INFO - 开始处理anchor: ('00260881', '_hypernym', '00260622')
2025-07-09 08:42:52,648 - ERROR - 规则类型检测失败: not implemented for directed type
2025-07-09 08:42:52,658 - INFO - 规则类型: unknown, 最大扩展步数: 2
2025-07-09 08:42:52,659 - INFO - Motif阈值: 0.95, 结构提升阈值: 0.0001
2025-07-09 08:42:52,664 - INFO - 步骤 1: 没有找到合适的扩展边
2025-07-09 08:42:52,672 - INFO - 匹配失败，处理时间: 0.0239秒
2025-07-09 08:42:52,674 - INFO - 处理第4/22个anchor
2025-07-09 08:42:52,675 - INFO - 开始处理anchor: ('00260881', '_synset_domain_topic_of', '01124794')
2025-07-09 08:42:52,676 - ERROR - 规则类型检测失败: not implemented for directed type
2025-07-09 08:42:52,684 - INFO - 规则类型: unknown, 最大扩展步数: 2
2025-07-09 08:42:52,684 - INFO - Motif阈值: 0.95, 结构提升阈值: 0.0001
2025-07-09 08:42:52,715 - INFO - 相似度提升检查: 0.1262 >= 0.0001
2025-07-09 08:42:52,716 - INFO - 步骤 1: 添加边 ('01070708', '01124794', '_synset_domain_topic_of'), 相似度提升: 0.1262 (当前: 0.3704)
2025-07-09 08:42:52,745 - INFO - 相似度提升检查: -0.2069 >= 0.0001
2025-07-09 08:42:52,745 - INFO - 步骤 2: 相似度提升不足 (-0.2069), 停止扩展
2025-07-09 08:42:52,752 - INFO - 匹配失败，处理时间: 0.0768秒
2025-07-09 08:42:52,753 - INFO - 处理第5/22个anchor
2025-07-09 08:42:52,753 - INFO - 开始处理anchor: ('00260622', '_derivationally_related_form', '00265386')
2025-07-09 08:42:52,753 - ERROR - 规则类型检测失败: not implemented for directed type
2025-07-09 08:42:52,763 - INFO - 规则类型: unknown, 最大扩展步数: 2
2025-07-09 08:42:52,763 - INFO - Motif阈值: 0.95, 结构提升阈值: 0.0001
2025-07-09 08:42:52,766 - INFO - 步骤 1: 没有找到合适的扩展边
2025-07-09 08:42:52,773 - INFO - 匹配失败，处理时间: 0.0188秒
2025-07-09 08:42:52,774 - INFO - 处理第6/22个anchor
2025-07-09 08:42:52,775 - INFO - 开始处理anchor: ('00260622', '_hypernym', '00248977')
2025-07-09 08:42:52,776 - ERROR - 规则类型检测失败: not implemented for directed type
2025-07-09 08:42:52,784 - INFO - 规则类型: unknown, 最大扩展步数: 2
2025-07-09 08:42:52,784 - INFO - Motif阈值: 0.95, 结构提升阈值: 0.0001
2025-07-09 08:42:52,787 - INFO - 步骤 1: 没有找到合适的扩展边
2025-07-09 08:42:52,800 - INFO - 匹配失败，处理时间: 0.0239秒
2025-07-09 08:42:52,800 - INFO - 处理第7/22个anchor
2025-07-09 08:42:52,800 - INFO - 开始处理anchor: ('00260622', '_derivationally_related_form', '00265673')
2025-07-09 08:42:52,801 - ERROR - 规则类型检测失败: not implemented for directed type
2025-07-09 08:42:52,809 - INFO - 规则类型: unknown, 最大扩展步数: 2
2025-07-09 08:42:52,810 - INFO - Motif阈值: 0.95, 结构提升阈值: 0.0001
2025-07-09 08:42:52,813 - INFO - 步骤 1: 没有找到合适的扩展边
2025-07-09 08:42:52,819 - INFO - 匹配失败，处理时间: 0.0190秒
2025-07-09 08:42:52,819 - INFO - 处理第8/22个anchor
2025-07-09 08:42:52,819 - INFO - 开始处理anchor: ('01332730', '_derivationally_related_form', '03122748')
2025-07-09 08:42:52,820 - ERROR - 规则类型检测失败: not implemented for directed type
2025-07-09 08:42:52,828 - INFO - 规则类型: unknown, 最大扩展步数: 2
2025-07-09 08:42:52,829 - INFO - Motif阈值: 0.95, 结构提升阈值: 0.0001
2025-07-09 08:42:52,834 - INFO - 步骤 1: 没有找到合适的扩展边
2025-07-09 08:42:52,839 - INFO - 匹配失败，处理时间: 0.0190秒
2025-07-09 08:42:52,840 - INFO - 处理第9/22个anchor
2025-07-09 08:42:52,841 - INFO - 开始处理anchor: ('01332730', '_derivationally_related_form', '02840619')
2025-07-09 08:42:52,842 - ERROR - 规则类型检测失败: not implemented for directed type
2025-07-09 08:42:52,849 - INFO - 规则类型: unknown, 最大扩展步数: 2
2025-07-09 08:42:52,850 - INFO - Motif阈值: 0.95, 结构提升阈值: 0.0001
2025-07-09 08:42:52,855 - INFO - 步骤 1: 没有找到合适的扩展边
2025-07-09 08:42:52,865 - INFO - 匹配失败，处理时间: 0.0229秒
2025-07-09 08:42:52,865 - INFO - 处理第10/22个anchor
2025-07-09 08:42:52,866 - INFO - 开始处理anchor: ('01332730', '_verb_group', '01336635')
2025-07-09 08:42:52,866 - ERROR - 规则类型检测失败: not implemented for directed type
2025-07-09 08:42:52,872 - INFO - 规则类型: unknown, 最大扩展步数: 2
2025-07-09 08:42:52,872 - INFO - Motif阈值: 0.95, 结构提升阈值: 0.0001
2025-07-09 08:42:52,878 - INFO - 步骤 1: 没有找到合适的扩展边
2025-07-09 08:42:52,885 - INFO - 匹配失败，处理时间: 0.0189秒
2025-07-09 08:42:52,885 - INFO - 处理第11/22个anchor
2025-07-09 08:42:52,886 - INFO - 开始处理anchor: ('01332730', '_verb_group', '01207951')
2025-07-09 08:42:52,886 - ERROR - 规则类型检测失败: not implemented for directed type
2025-07-09 08:42:52,893 - INFO - 规则类型: unknown, 最大扩展步数: 2
2025-07-09 08:42:52,894 - INFO - Motif阈值: 0.95, 结构提升阈值: 0.0001
2025-07-09 08:42:52,898 - INFO - 步骤 1: 没有找到合适的扩展边
2025-07-09 08:42:52,904 - INFO - 匹配失败，处理时间: 0.0178秒
2025-07-09 08:42:52,905 - INFO - 处理第12/22个anchor
2025-07-09 08:42:52,905 - INFO - 开始处理anchor: ('01332730', '_derivationally_related_form', '04151940')
2025-07-09 08:42:52,906 - ERROR - 规则类型检测失败: not implemented for directed type
2025-07-09 08:42:52,916 - INFO - 规则类型: unknown, 最大扩展步数: 2
2025-07-09 08:42:52,916 - INFO - Motif阈值: 0.95, 结构提升阈值: 0.0001
2025-07-09 08:42:52,919 - INFO - 步骤 1: 没有找到合适的扩展边
2025-07-09 08:42:52,929 - INFO - 匹配失败，处理时间: 0.0231秒
2025-07-09 08:42:52,930 - INFO - 处理第13/22个anchor
2025-07-09 08:42:52,930 - INFO - 开始处理anchor: ('03122748', '_derivationally_related_form', '01332730')
2025-07-09 08:42:52,930 - ERROR - 规则类型检测失败: not implemented for directed type
2025-07-09 08:42:52,936 - INFO - 规则类型: unknown, 最大扩展步数: 2
2025-07-09 08:42:52,937 - INFO - Motif阈值: 0.95, 结构提升阈值: 0.0001
2025-07-09 08:42:52,942 - INFO - 步骤 1: 没有找到合适的扩展边
2025-07-09 08:42:52,950 - INFO - 匹配失败，处理时间: 0.0197秒
2025-07-09 08:42:52,950 - INFO - 处理第14/22个anchor
2025-07-09 08:42:52,951 - INFO - 开始处理anchor: ('03122748', '_hypernym', '00021939')
2025-07-09 08:42:52,951 - ERROR - 规则类型检测失败: not implemented for directed type
2025-07-09 08:42:52,958 - INFO - 规则类型: unknown, 最大扩展步数: 2
2025-07-09 08:42:52,959 - INFO - Motif阈值: 0.95, 结构提升阈值: 0.0001
2025-07-09 08:42:52,963 - INFO - 步骤 1: 没有找到合适的扩展边
2025-07-09 08:42:52,969 - INFO - 匹配失败，处理时间: 0.0168秒
2025-07-09 08:42:52,969 - INFO - 处理第15/22个anchor
2025-07-09 08:42:52,969 - INFO - 开始处理anchor: ('06066555', '_derivationally_related_form', '00645415')
2025-07-09 08:42:52,969 - ERROR - 规则类型检测失败: not implemented for directed type
2025-07-09 08:42:52,980 - INFO - 规则类型: unknown, 最大扩展步数: 2
2025-07-09 08:42:52,980 - INFO - Motif阈值: 0.95, 结构提升阈值: 0.0001
2025-07-09 08:42:52,985 - INFO - 步骤 1: 没有找到合适的扩展边
2025-07-09 08:42:52,995 - INFO - 匹配失败，处理时间: 0.0255秒
2025-07-09 08:42:52,996 - INFO - 处理第16/22个anchor
2025-07-09 08:42:52,996 - INFO - 开始处理anchor: ('06066555', '_derivationally_related_form', '09868270')
2025-07-09 08:42:52,997 - ERROR - 规则类型检测失败: not implemented for directed type
2025-07-09 08:42:53,003 - INFO - 规则类型: unknown, 最大扩展步数: 2
2025-07-09 08:42:53,004 - INFO - Motif阈值: 0.95, 结构提升阈值: 0.0001
2025-07-09 08:42:53,010 - INFO - 步骤 1: 没有找到合适的扩展边
2025-07-09 08:42:53,017 - INFO - 匹配失败，处理时间: 0.0202秒
2025-07-09 08:42:53,018 - INFO - 处理第17/22个anchor
2025-07-09 08:42:53,018 - INFO - 开始处理anchor: ('06066555', '_hypernym', '06037666')
2025-07-09 08:42:53,018 - ERROR - 规则类型检测失败: not implemented for directed type
2025-07-09 08:42:53,028 - INFO - 规则类型: unknown, 最大扩展步数: 2
2025-07-09 08:42:53,028 - INFO - Motif阈值: 0.95, 结构提升阈值: 0.0001
2025-07-09 08:42:53,035 - INFO - 步骤 1: 没有找到合适的扩展边
2025-07-09 08:42:53,047 - INFO - 匹配失败，处理时间: 0.0279秒
2025-07-09 08:42:53,047 - INFO - 处理第18/22个anchor
2025-07-09 08:42:53,047 - INFO - 开始处理anchor: ('00645415', '_derivationally_related_form', '06066555')
2025-07-09 08:42:53,048 - ERROR - 规则类型检测失败: not implemented for directed type
2025-07-09 08:42:53,053 - INFO - 规则类型: unknown, 最大扩展步数: 2
2025-07-09 08:42:53,054 - INFO - Motif阈值: 0.95, 结构提升阈值: 0.0001
2025-07-09 08:42:53,060 - INFO - 步骤 1: 没有找到合适的扩展边
2025-07-09 08:42:53,067 - INFO - 匹配失败，处理时间: 0.0194秒
2025-07-09 08:42:53,067 - INFO - 处理第19/22个anchor
2025-07-09 08:42:53,067 - INFO - 开始处理anchor: ('00645415', '_hypernym', '00643473')
2025-07-09 08:42:53,068 - ERROR - 规则类型检测失败: not implemented for directed type
2025-07-09 08:42:53,076 - INFO - 规则类型: unknown, 最大扩展步数: 2
2025-07-09 08:42:53,077 - INFO - Motif阈值: 0.95, 结构提升阈值: 0.0001
2025-07-09 08:42:53,081 - INFO - 步骤 1: 没有找到合适的扩展边
2025-07-09 08:42:53,088 - INFO - 匹配失败，处理时间: 0.0199秒
2025-07-09 08:42:53,088 - INFO - 处理第20/22个anchor
2025-07-09 08:42:53,089 - INFO - 开始处理anchor: ('09322930', '_instance_hypernym', '09360122')
2025-07-09 08:42:53,090 - ERROR - 规则类型检测失败: not implemented for directed type
2025-07-09 08:42:53,099 - INFO - 规则类型: unknown, 最大扩展步数: 2
2025-07-09 08:42:53,099 - INFO - Motif阈值: 0.95, 结构提升阈值: 0.0001
2025-07-09 08:42:53,104 - INFO - 步骤 1: 没有找到合适的扩展边
2025-07-09 08:42:53,115 - INFO - 匹配失败，处理时间: 0.0254秒
2025-07-09 08:42:53,116 - INFO - 处理第21/22个anchor
2025-07-09 08:42:53,116 - INFO - 开始处理anchor: ('09360122', '_hypernym', '08617963')
2025-07-09 08:42:53,116 - ERROR - 规则类型检测失败: not implemented for directed type
2025-07-09 08:42:53,123 - INFO - 规则类型: unknown, 最大扩展步数: 2
2025-07-09 08:42:53,125 - INFO - Motif阈值: 0.95, 结构提升阈值: 0.0001
2025-07-09 08:42:53,130 - INFO - 步骤 1: 没有找到合适的扩展边
2025-07-09 08:42:53,137 - INFO - 匹配失败，处理时间: 0.0210秒
2025-07-09 08:42:53,137 - INFO - 处理第22/22个anchor
2025-07-09 08:42:53,138 - INFO - 开始处理anchor: ('07193596', '_derivationally_related_form', '00784342')
2025-07-09 08:42:53,141 - ERROR - 规则类型检测失败: not implemented for directed type
2025-07-09 08:42:53,150 - INFO - 规则类型: unknown, 最大扩展步数: 2
2025-07-09 08:42:53,152 - INFO - Motif阈值: 0.95, 结构提升阈值: 0.0001
2025-07-09 08:42:53,154 - INFO - 步骤 1: 没有找到合适的扩展边
2025-07-09 08:42:53,167 - INFO - 匹配失败，处理时间: 0.0259秒
2025-07-09 08:42:53,167 - INFO - 批量匹配完成: 1/22 成功匹配
2025-07-09 08:42:53,168 - INFO - 开始批量匹配，共100个anchor，规则ID: rule_002
2025-07-09 08:42:53,168 - INFO - 规则第一个关系类型: _also_see
2025-07-09 08:42:53,169 - INFO - 筛选后anchor数量较少(2)，添加其他关系类型作为补充
2025-07-09 08:42:53,169 - INFO - 智能筛选后，保留22个相关anchor
2025-07-09 08:42:53,169 - INFO - 处理第1/22个anchor
2025-07-09 08:42:53,169 - INFO - 开始处理anchor: ('01974062', '_also_see', '01976089')
2025-07-09 08:42:53,170 - ERROR - 规则类型检测失败: not implemented for directed type
2025-07-09 08:42:53,181 - INFO - 规则类型: chain, 最大扩展步数: 2
2025-07-09 08:42:53,181 - INFO - Motif阈值: 0.98, 结构提升阈值: 0.0
2025-07-09 08:42:53,252 - INFO - 相似度提升检查: 0.1734 >= 0.0
2025-07-09 08:42:53,253 - INFO - 步骤 1: 添加边 ('01976089', '01974062', '_hypernym'), 相似度提升: 0.1734 (当前: 0.6354)
2025-07-09 08:42:53,253 - INFO - 步骤 1: 子图与规则同构，提前终止扩展
2025-07-09 08:42:53,263 - INFO - 匹配失败，处理时间: 0.0929秒
2025-07-09 08:42:53,264 - INFO - 处理第2/22个anchor
2025-07-09 08:42:53,264 - INFO - 开始处理anchor: ('01698271', '_also_see', '01754576')
2025-07-09 08:42:53,264 - ERROR - 规则类型检测失败: not implemented for directed type
2025-07-09 08:42:53,269 - INFO - 规则类型: unknown, 最大扩展步数: 2
2025-07-09 08:42:53,269 - INFO - Motif阈值: 0.95, 结构提升阈值: 0.0001
2025-07-09 08:42:53,278 - INFO - 相似度提升检查: 0.0926 >= 0.0001
2025-07-09 08:42:53,279 - INFO - 步骤 1: 添加边 ('01754576', '00929718', '_synset_domain_topic_of'), 相似度提升: 0.0926 (当前: 0.5155)
2025-07-09 08:42:53,280 - INFO - 步骤 1: 子图与规则同构，提前终止扩展
2025-07-09 08:42:53,290 - INFO - 匹配成功: True
2025-07-09 08:42:53,291 - INFO - 匹配得分: 0.8927
2025-07-09 08:42:53,292 - INFO - 扩展子图节点: ['01698271', '01754576', '00929718']
2025-07-09 08:42:53,292 - INFO - 扩展子图边: [('01698271', '01754576', {'relation': '_also_see'}), ('01754576', '00929718', {'relation': '_synset_domain_topic_of'})]
2025-07-09 08:42:53,293 - INFO - 处理第3/22个anchor
2025-07-09 08:42:53,293 - INFO - 开始处理anchor: ('00260881', '_hypernym', '00260622')
2025-07-09 08:42:53,294 - ERROR - 规则类型检测失败: not implemented for directed type
2025-07-09 08:42:53,303 - INFO - 规则类型: unknown, 最大扩展步数: 2
2025-07-09 08:42:53,304 - INFO - Motif阈值: 0.95, 结构提升阈值: 0.0001
2025-07-09 08:42:53,308 - INFO - 步骤 1: 没有找到合适的扩展边
2025-07-09 08:42:53,316 - INFO - 匹配失败，处理时间: 0.0223秒
2025-07-09 08:42:53,317 - INFO - 处理第4/22个anchor
2025-07-09 08:42:53,317 - INFO - 开始处理anchor: ('00260881', '_synset_domain_topic_of', '01124794')
2025-07-09 08:42:53,317 - ERROR - 规则类型检测失败: not implemented for directed type
2025-07-09 08:42:53,332 - INFO - 规则类型: unknown, 最大扩展步数: 2
2025-07-09 08:42:53,332 - INFO - Motif阈值: 0.95, 结构提升阈值: 0.0001
2025-07-09 08:42:53,366 - INFO - 相似度提升检查: 0.0285 >= 0.0001
2025-07-09 08:42:53,367 - INFO - 步骤 1: 添加边 ('01070708', '01124794', '_synset_domain_topic_of'), 相似度提升: 0.0285 (当前: 0.4898)
2025-07-09 08:42:53,404 - INFO - 相似度提升检查: -0.2324 >= 0.0001
2025-07-09 08:42:53,404 - INFO - 步骤 2: 相似度提升不足 (-0.2324), 停止扩展
2025-07-09 08:42:53,416 - INFO - 匹配失败，处理时间: 0.0978秒
2025-07-09 08:42:53,416 - INFO - 处理第5/22个anchor
2025-07-09 08:42:53,416 - INFO - 开始处理anchor: ('00260622', '_derivationally_related_form', '00265386')
2025-07-09 08:42:53,417 - ERROR - 规则类型检测失败: not implemented for directed type
2025-07-09 08:42:53,424 - INFO - 规则类型: unknown, 最大扩展步数: 2
2025-07-09 08:42:53,425 - INFO - Motif阈值: 0.95, 结构提升阈值: 0.0001
2025-07-09 08:42:53,427 - INFO - 步骤 1: 没有找到合适的扩展边
2025-07-09 08:42:53,433 - INFO - 匹配失败，处理时间: 0.0160秒
2025-07-09 08:42:53,433 - INFO - 处理第6/22个anchor
2025-07-09 08:42:53,433 - INFO - 开始处理anchor: ('00260622', '_hypernym', '00248977')
2025-07-09 08:42:53,434 - ERROR - 规则类型检测失败: not implemented for directed type
2025-07-09 08:42:53,442 - INFO - 规则类型: unknown, 最大扩展步数: 2
2025-07-09 08:42:53,443 - INFO - Motif阈值: 0.95, 结构提升阈值: 0.0001
2025-07-09 08:42:53,449 - INFO - 步骤 1: 没有找到合适的扩展边
2025-07-09 08:42:53,459 - INFO - 匹配失败，处理时间: 0.0242秒
2025-07-09 08:42:53,459 - INFO - 处理第7/22个anchor
2025-07-09 08:42:53,459 - INFO - 开始处理anchor: ('00260622', '_derivationally_related_form', '00265673')
2025-07-09 08:42:53,460 - ERROR - 规则类型检测失败: not implemented for directed type
2025-07-09 08:42:53,467 - INFO - 规则类型: unknown, 最大扩展步数: 2
2025-07-09 08:42:53,467 - INFO - Motif阈值: 0.95, 结构提升阈值: 0.0001
2025-07-09 08:42:53,470 - INFO - 步骤 1: 没有找到合适的扩展边
2025-07-09 08:42:53,481 - INFO - 匹配失败，处理时间: 0.0209秒
2025-07-09 08:42:53,482 - INFO - 处理第8/22个anchor
2025-07-09 08:42:53,482 - INFO - 开始处理anchor: ('01332730', '_derivationally_related_form', '03122748')
2025-07-09 08:42:53,483 - ERROR - 规则类型检测失败: not implemented for directed type
2025-07-09 08:42:53,494 - INFO - 规则类型: unknown, 最大扩展步数: 2
2025-07-09 08:42:53,495 - INFO - Motif阈值: 0.95, 结构提升阈值: 0.0001
2025-07-09 08:42:53,500 - INFO - 步骤 1: 没有找到合适的扩展边
2025-07-09 08:42:53,514 - INFO - 匹配失败，处理时间: 0.0299秒
2025-07-09 08:42:53,514 - INFO - 处理第9/22个anchor
2025-07-09 08:42:53,514 - INFO - 开始处理anchor: ('01332730', '_derivationally_related_form', '02840619')
2025-07-09 08:42:53,515 - ERROR - 规则类型检测失败: not implemented for directed type
2025-07-09 08:42:53,523 - INFO - 规则类型: unknown, 最大扩展步数: 2
2025-07-09 08:42:53,524 - INFO - Motif阈值: 0.95, 结构提升阈值: 0.0001
2025-07-09 08:42:53,530 - INFO - 步骤 1: 没有找到合适的扩展边
2025-07-09 08:42:53,537 - INFO - 匹配失败，处理时间: 0.0220秒
2025-07-09 08:42:53,537 - INFO - 处理第10/22个anchor
2025-07-09 08:42:53,538 - INFO - 开始处理anchor: ('01332730', '_verb_group', '01336635')
2025-07-09 08:42:53,538 - ERROR - 规则类型检测失败: not implemented for directed type
2025-07-09 08:42:53,547 - INFO - 规则类型: unknown, 最大扩展步数: 2
2025-07-09 08:42:53,547 - INFO - Motif阈值: 0.95, 结构提升阈值: 0.0001
2025-07-09 08:42:53,553 - INFO - 步骤 1: 没有找到合适的扩展边
2025-07-09 08:42:53,568 - INFO - 匹配失败，处理时间: 0.0298秒
2025-07-09 08:42:53,569 - INFO - 处理第11/22个anchor
2025-07-09 08:42:53,569 - INFO - 开始处理anchor: ('01332730', '_verb_group', '01207951')
2025-07-09 08:42:53,569 - ERROR - 规则类型检测失败: not implemented for directed type
2025-07-09 08:42:53,579 - INFO - 规则类型: unknown, 最大扩展步数: 2
2025-07-09 08:42:53,580 - INFO - Motif阈值: 0.95, 结构提升阈值: 0.0001
2025-07-09 08:42:53,585 - INFO - 步骤 1: 没有找到合适的扩展边
2025-07-09 08:42:53,592 - INFO - 匹配失败，处理时间: 0.0239秒
2025-07-09 08:42:53,593 - INFO - 处理第12/22个anchor
2025-07-09 08:42:53,593 - INFO - 开始处理anchor: ('01332730', '_derivationally_related_form', '04151940')
2025-07-09 08:42:53,593 - ERROR - 规则类型检测失败: not implemented for directed type
2025-07-09 08:42:53,602 - INFO - 规则类型: unknown, 最大扩展步数: 2
2025-07-09 08:42:53,602 - INFO - Motif阈值: 0.95, 结构提升阈值: 0.0001
2025-07-09 08:42:53,605 - INFO - 步骤 1: 没有找到合适的扩展边
2025-07-09 08:42:53,616 - INFO - 匹配失败，处理时间: 0.0221秒
2025-07-09 08:42:53,616 - INFO - 处理第13/22个anchor
2025-07-09 08:42:53,616 - INFO - 开始处理anchor: ('03122748', '_derivationally_related_form', '01332730')
2025-07-09 08:42:53,616 - ERROR - 规则类型检测失败: not implemented for directed type
2025-07-09 08:42:53,626 - INFO - 规则类型: unknown, 最大扩展步数: 2
2025-07-09 08:42:53,626 - INFO - Motif阈值: 0.95, 结构提升阈值: 0.0001
2025-07-09 08:42:53,633 - INFO - 步骤 1: 没有找到合适的扩展边
2025-07-09 08:42:53,642 - INFO - 匹配失败，处理时间: 0.0259秒
2025-07-09 08:42:53,642 - INFO - 处理第14/22个anchor
2025-07-09 08:42:53,643 - INFO - 开始处理anchor: ('03122748', '_hypernym', '00021939')
2025-07-09 08:42:53,644 - ERROR - 规则类型检测失败: not implemented for directed type
2025-07-09 08:42:53,650 - INFO - 规则类型: unknown, 最大扩展步数: 2
2025-07-09 08:42:53,650 - INFO - Motif阈值: 0.95, 结构提升阈值: 0.0001
2025-07-09 08:42:53,658 - INFO - 步骤 1: 没有找到合适的扩展边
2025-07-09 08:42:53,666 - INFO - 匹配失败，处理时间: 0.0227秒
2025-07-09 08:42:53,666 - INFO - 处理第15/22个anchor
2025-07-09 08:42:53,667 - INFO - 开始处理anchor: ('06066555', '_derivationally_related_form', '00645415')
2025-07-09 08:42:53,667 - ERROR - 规则类型检测失败: not implemented for directed type
2025-07-09 08:42:53,677 - INFO - 规则类型: unknown, 最大扩展步数: 2
2025-07-09 08:42:53,677 - INFO - Motif阈值: 0.95, 结构提升阈值: 0.0001
2025-07-09 08:42:53,682 - INFO - 步骤 1: 没有找到合适的扩展边
2025-07-09 08:42:53,694 - INFO - 匹配失败，处理时间: 0.0259秒
2025-07-09 08:42:53,694 - INFO - 处理第16/22个anchor
2025-07-09 08:42:53,695 - INFO - 开始处理anchor: ('06066555', '_derivationally_related_form', '09868270')
2025-07-09 08:42:53,696 - ERROR - 规则类型检测失败: not implemented for directed type
2025-07-09 08:42:53,703 - INFO - 规则类型: unknown, 最大扩展步数: 2
2025-07-09 08:42:53,704 - INFO - Motif阈值: 0.95, 结构提升阈值: 0.0001
2025-07-09 08:42:53,712 - INFO - 步骤 1: 没有找到合适的扩展边
2025-07-09 08:42:53,719 - INFO - 匹配失败，处理时间: 0.0230秒
2025-07-09 08:42:53,719 - INFO - 处理第17/22个anchor
2025-07-09 08:42:53,720 - INFO - 开始处理anchor: ('06066555', '_hypernym', '06037666')
2025-07-09 08:42:53,723 - ERROR - 规则类型检测失败: not implemented for directed type
2025-07-09 08:42:53,732 - INFO - 规则类型: unknown, 最大扩展步数: 2
2025-07-09 08:42:53,733 - INFO - Motif阈值: 0.95, 结构提升阈值: 0.0001
2025-07-09 08:42:53,742 - INFO - 步骤 1: 没有找到合适的扩展边
2025-07-09 08:42:53,751 - INFO - 匹配失败，处理时间: 0.0299秒
2025-07-09 08:42:53,751 - INFO - 处理第18/22个anchor
2025-07-09 08:42:53,752 - INFO - 开始处理anchor: ('00645415', '_derivationally_related_form', '06066555')
2025-07-09 08:42:53,752 - ERROR - 规则类型检测失败: not implemented for directed type
2025-07-09 08:42:53,761 - INFO - 规则类型: unknown, 最大扩展步数: 2
2025-07-09 08:42:53,762 - INFO - Motif阈值: 0.95, 结构提升阈值: 0.0001
2025-07-09 08:42:53,767 - INFO - 步骤 1: 没有找到合适的扩展边
2025-07-09 08:42:53,776 - INFO - 匹配失败，处理时间: 0.0239秒
2025-07-09 08:42:53,777 - INFO - 处理第19/22个anchor
2025-07-09 08:42:53,777 - INFO - 开始处理anchor: ('00645415', '_hypernym', '00643473')
2025-07-09 08:42:53,778 - ERROR - 规则类型检测失败: not implemented for directed type
2025-07-09 08:42:53,784 - INFO - 规则类型: unknown, 最大扩展步数: 2
2025-07-09 08:42:53,784 - INFO - Motif阈值: 0.95, 结构提升阈值: 0.0001
2025-07-09 08:42:53,787 - INFO - 步骤 1: 没有找到合适的扩展边
2025-07-09 08:42:53,797 - INFO - 匹配失败，处理时间: 0.0195秒
2025-07-09 08:42:53,797 - INFO - 处理第20/22个anchor
2025-07-09 08:42:53,797 - INFO - 开始处理anchor: ('09322930', '_instance_hypernym', '09360122')
2025-07-09 08:42:53,797 - ERROR - 规则类型检测失败: not implemented for directed type
2025-07-09 08:42:53,804 - INFO - 规则类型: unknown, 最大扩展步数: 2
2025-07-09 08:42:53,805 - INFO - Motif阈值: 0.95, 结构提升阈值: 0.0001
2025-07-09 08:42:53,810 - INFO - 步骤 1: 没有找到合适的扩展边
2025-07-09 08:42:53,838 - INFO - 匹配失败，处理时间: 0.0410秒
2025-07-09 08:42:53,839 - INFO - 处理第21/22个anchor
2025-07-09 08:42:53,839 - INFO - 开始处理anchor: ('09360122', '_hypernym', '08617963')
2025-07-09 08:42:53,839 - ERROR - 规则类型检测失败: not implemented for directed type
2025-07-09 08:42:53,857 - INFO - 规则类型: unknown, 最大扩展步数: 2
2025-07-09 08:42:53,862 - INFO - Motif阈值: 0.95, 结构提升阈值: 0.0001
2025-07-09 08:42:53,866 - INFO - 步骤 1: 没有找到合适的扩展边
2025-07-09 08:42:53,879 - INFO - 匹配失败，处理时间: 0.0400秒
2025-07-09 08:42:53,902 - INFO - 处理第22/22个anchor
2025-07-09 08:42:53,919 - INFO - 开始处理anchor: ('07193596', '_derivationally_related_form', '00784342')
2025-07-09 08:42:53,927 - ERROR - 规则类型检测失败: not implemented for directed type
2025-07-09 08:42:53,945 - INFO - 规则类型: unknown, 最大扩展步数: 2
2025-07-09 08:42:53,960 - INFO - Motif阈值: 0.95, 结构提升阈值: 0.0001
2025-07-09 08:42:53,963 - INFO - 步骤 1: 没有找到合适的扩展边
2025-07-09 08:42:53,970 - INFO - 匹配失败，处理时间: 0.0434秒
2025-07-09 08:42:53,971 - INFO - 批量匹配完成: 1/22 成功匹配
2025-07-09 08:42:53,976 - INFO - 结果已保存到: result2.json
