2025-07-02 22:27:37,299 - INFO - 成功加载预训练embedding
2025-07-02 22:27:37,404 - INFO - StructMatch系统初始化完成（集成语义增强）
2025-07-02 22:27:37,406 - INFO - 开始加载数据...
2025-07-02 22:27:38,614 - INFO - 成功加载知识图谱: 40559个实体, 11种关系, 86835个三元组
2025-07-02 22:27:38,616 - INFO - 成功加载7条规则
2025-07-02 22:27:38,616 - INFO - 数据加载完成
2025-07-02 22:27:38,624 - INFO - 开始批量匹配，共4个anchor
2025-07-02 22:27:38,625 - INFO - 处理第1/4个anchor
2025-07-02 22:27:38,625 - INFO - 开始处理anchor: ('12090318', '_member_meronym', '12093769')
2025-07-02 22:27:38,646 - WARNING - 未提供target_motif，motif剪枝将被跳过
2025-07-02 22:27:38,648 - INFO - 规则前提大小: None, 最大扩展步数: 2
2025-07-02 22:27:38,766 - INFO - 步骤 1: 添加边 ('12090318', '12093088', '_member_meronym'), 相似度提升: 0.7012 (当前: 0.9657)
2025-07-02 22:27:38,792 - INFO - 步骤 2: 相似度提升不足 (-0.0047), 停止扩展
2025-07-02 22:27:38,817 - INFO - 匹配失败，处理时间: 0.1920秒
2025-07-02 22:27:38,819 - INFO - 处理第2/4个anchor
2025-07-02 22:27:38,819 - INFO - 开始处理anchor: ('09322930', '_instance_hypernym', '09360122')
2025-07-02 22:27:38,829 - WARNING - 未提供target_motif，motif剪枝将被跳过
2025-07-02 22:27:38,831 - INFO - 规则前提大小: None, 最大扩展步数: 2
2025-07-02 22:27:38,860 - INFO - 步骤 1: 没有找到合适的扩展边
2025-07-02 22:27:38,877 - INFO - 匹配失败，处理时间: 0.0562秒
2025-07-02 22:27:38,877 - INFO - 处理第3/4个anchor
2025-07-02 22:27:38,878 - INFO - 开始处理anchor: ('12493208', '_has_part', '12493426')
2025-07-02 22:27:38,900 - WARNING - 未提供target_motif，motif剪枝将被跳过
2025-07-02 22:27:38,903 - INFO - 规则前提大小: None, 最大扩展步数: 2
2025-07-02 22:27:38,928 - INFO - 步骤 1: 没有找到合适的扩展边
2025-07-02 22:27:38,936 - INFO - 匹配失败，处理时间: 0.0579秒
2025-07-02 22:27:38,937 - INFO - 处理第4/4个anchor
2025-07-02 22:27:38,937 - INFO - 开始处理anchor: ('00260881', '_hypernym', '00260622')
2025-07-02 22:27:38,960 - WARNING - 未提供target_motif，motif剪枝将被跳过
2025-07-02 22:27:38,962 - INFO - 规则前提大小: None, 最大扩展步数: 2
2025-07-02 22:27:38,991 - INFO - 步骤 1: 没有找到合适的扩展边
2025-07-02 22:27:39,003 - INFO - 匹配失败，处理时间: 0.0639秒
2025-07-02 22:27:39,003 - INFO - 批量匹配完成: 0/4 成功匹配
2025-07-02 22:27:39,007 - INFO - 结果已保存到: results.json
