2025-07-10 09:10:34,055 - INFO - 成功加载预训练embedding
2025-07-10 09:10:34,121 - INFO - StructMatch系统初始化完成（集成语义增强）
2025-07-10 09:10:34,121 - INFO - 开始加载数据...
2025-07-10 09:10:35,062 - INFO - 成功加载知识图谱: 40559个实体, 11种关系, 86835个三元组
2025-07-10 09:10:35,063 - INFO - 成功加载2条规则
2025-07-10 09:10:35,063 - INFO - 数据加载完成
2025-07-10 09:10:35,070 - INFO - 收集规则第一个谓词对应的anchor: _also_see
2025-07-10 09:10:35,167 - INFO - 收集到 1299 个anchor
2025-07-10 09:10:35,167 - INFO - 开始批量匹配，共1299个anchor
2025-07-10 09:10:35,168 - INFO - 处理第1/1299个anchor
2025-07-10 09:10:35,746 - ERROR - 结构嵌入提取失败: mat1 and mat2 shapes cannot be multiplied (1x8 and 26x40)
2025-07-10 09:10:35,756 - ERROR - 规则嵌入预计算失败: mat1 and mat2 shapes cannot be multiplied (1x8 and 26x40)
2025-07-10 09:10:35,756 - ERROR - 子图匹配失败: mat1 and mat2 shapes cannot be multiplied (1x8 and 26x40)
2025-07-10 09:10:35,765 - ERROR - 结构嵌入提取失败: mat1 and mat2 shapes cannot be multiplied (1x8 and 26x40)
2025-07-10 09:10:35,766 - ERROR - 规则嵌入预计算失败: mat1 and mat2 shapes cannot be multiplied (1x8 and 26x40)
2025-07-10 09:10:35,766 - ERROR - 子图匹配失败: mat1 and mat2 shapes cannot be multiplied (1x8 and 26x40)
2025-07-10 09:10:35,776 - ERROR - 结构嵌入提取失败: mat1 and mat2 shapes cannot be multiplied (1x8 and 26x40)
2025-07-10 09:10:35,777 - ERROR - 规则嵌入预计算失败: mat1 and mat2 shapes cannot be multiplied (1x8 and 26x40)
2025-07-10 09:10:35,777 - ERROR - 子图匹配失败: mat1 and mat2 shapes cannot be multiplied (1x8 and 26x40)
2025-07-10 09:10:35,787 - ERROR - 结构嵌入提取失败: mat1 and mat2 shapes cannot be multiplied (1x8 and 26x40)
2025-07-10 09:10:35,789 - ERROR - 规则嵌入预计算失败: mat1 and mat2 shapes cannot be multiplied (1x8 and 26x40)
2025-07-10 09:10:35,789 - ERROR - 子图匹配失败: mat1 and mat2 shapes cannot be multiplied (1x8 and 26x40)
2025-07-10 09:10:35,797 - ERROR - 结构嵌入提取失败: mat1 and mat2 shapes cannot be multiplied (1x8 and 26x40)
2025-07-10 09:10:35,798 - ERROR - 规则嵌入预计算失败: mat1 and mat2 shapes cannot be multiplied (1x8 and 26x40)
2025-07-10 09:10:35,799 - ERROR - 子图匹配失败: mat1 and mat2 shapes cannot be multiplied (1x8 and 26x40)
2025-07-10 09:10:35,808 - ERROR - 结构嵌入提取失败: mat1 and mat2 shapes cannot be multiplied (1x8 and 26x40)
2025-07-10 09:10:35,809 - ERROR - 规则嵌入预计算失败: mat1 and mat2 shapes cannot be multiplied (1x8 and 26x40)
2025-07-10 09:10:35,809 - ERROR - 子图匹配失败: mat1 and mat2 shapes cannot be multiplied (1x8 and 26x40)
2025-07-10 09:10:35,818 - ERROR - 结构嵌入提取失败: mat1 and mat2 shapes cannot be multiplied (1x8 and 26x40)
2025-07-10 09:10:35,819 - ERROR - 规则嵌入预计算失败: mat1 and mat2 shapes cannot be multiplied (1x8 and 26x40)
2025-07-10 09:10:35,819 - ERROR - 子图匹配失败: mat1 and mat2 shapes cannot be multiplied (1x8 and 26x40)
2025-07-10 09:10:35,826 - ERROR - 结构嵌入提取失败: mat1 and mat2 shapes cannot be multiplied (1x8 and 26x40)
2025-07-10 09:10:35,827 - ERROR - 规则嵌入预计算失败: mat1 and mat2 shapes cannot be multiplied (1x8 and 26x40)
2025-07-10 09:10:35,828 - ERROR - 子图匹配失败: mat1 and mat2 shapes cannot be multiplied (1x8 and 26x40)
2025-07-10 09:10:35,835 - ERROR - 结构嵌入提取失败: mat1 and mat2 shapes cannot be multiplied (1x8 and 26x40)
2025-07-10 09:10:35,836 - ERROR - 规则嵌入预计算失败: mat1 and mat2 shapes cannot be multiplied (1x8 and 26x40)
2025-07-10 09:10:35,836 - ERROR - 子图匹配失败: mat1 and mat2 shapes cannot be multiplied (1x8 and 26x40)
2025-07-10 09:10:35,845 - ERROR - 结构嵌入提取失败: mat1 and mat2 shapes cannot be multiplied (1x8 and 26x40)
2025-07-10 09:10:35,845 - ERROR - 规则嵌入预计算失败: mat1 and mat2 shapes cannot be multiplied (1x8 and 26x40)
2025-07-10 09:10:35,846 - ERROR - 子图匹配失败: mat1 and mat2 shapes cannot be multiplied (1x8 and 26x40)
2025-07-10 09:10:35,852 - ERROR - 结构嵌入提取失败: mat1 and mat2 shapes cannot be multiplied (1x8 and 26x40)
2025-07-10 09:10:35,853 - ERROR - 规则嵌入预计算失败: mat1 and mat2 shapes cannot be multiplied (1x8 and 26x40)
2025-07-10 09:10:35,853 - ERROR - 子图匹配失败: mat1 and mat2 shapes cannot be multiplied (1x8 and 26x40)
2025-07-10 09:10:35,863 - ERROR - 结构嵌入提取失败: mat1 and mat2 shapes cannot be multiplied (1x8 and 26x40)
2025-07-10 09:10:35,864 - ERROR - 规则嵌入预计算失败: mat1 and mat2 shapes cannot be multiplied (1x8 and 26x40)
2025-07-10 09:10:35,865 - ERROR - 子图匹配失败: mat1 and mat2 shapes cannot be multiplied (1x8 and 26x40)
2025-07-10 09:10:35,877 - ERROR - 结构嵌入提取失败: mat1 and mat2 shapes cannot be multiplied (1x8 and 26x40)
2025-07-10 09:10:35,877 - ERROR - 规则嵌入预计算失败: mat1 and mat2 shapes cannot be multiplied (1x8 and 26x40)
2025-07-10 09:10:35,878 - ERROR - 子图匹配失败: mat1 and mat2 shapes cannot be multiplied (1x8 and 26x40)
2025-07-10 09:10:35,887 - ERROR - 结构嵌入提取失败: mat1 and mat2 shapes cannot be multiplied (1x8 and 26x40)
2025-07-10 09:10:35,888 - ERROR - 规则嵌入预计算失败: mat1 and mat2 shapes cannot be multiplied (1x8 and 26x40)
2025-07-10 09:10:35,888 - ERROR - 子图匹配失败: mat1 and mat2 shapes cannot be multiplied (1x8 and 26x40)
2025-07-10 09:10:35,897 - ERROR - 结构嵌入提取失败: mat1 and mat2 shapes cannot be multiplied (1x8 and 26x40)
2025-07-10 09:10:35,898 - ERROR - 规则嵌入预计算失败: mat1 and mat2 shapes cannot be multiplied (1x8 and 26x40)
2025-07-10 09:10:35,898 - ERROR - 子图匹配失败: mat1 and mat2 shapes cannot be multiplied (1x8 and 26x40)
2025-07-10 09:10:35,907 - ERROR - 结构嵌入提取失败: mat1 and mat2 shapes cannot be multiplied (1x8 and 26x40)
2025-07-10 09:10:35,907 - ERROR - 规则嵌入预计算失败: mat1 and mat2 shapes cannot be multiplied (1x8 and 26x40)
2025-07-10 09:10:35,908 - ERROR - 子图匹配失败: mat1 and mat2 shapes cannot be multiplied (1x8 and 26x40)
2025-07-10 09:10:35,918 - ERROR - 结构嵌入提取失败: mat1 and mat2 shapes cannot be multiplied (1x8 and 26x40)
2025-07-10 09:10:35,919 - ERROR - 规则嵌入预计算失败: mat1 and mat2 shapes cannot be multiplied (1x8 and 26x40)
2025-07-10 09:10:35,919 - ERROR - 子图匹配失败: mat1 and mat2 shapes cannot be multiplied (1x8 and 26x40)
2025-07-10 09:10:35,931 - ERROR - 结构嵌入提取失败: mat1 and mat2 shapes cannot be multiplied (1x8 and 26x40)
2025-07-10 09:10:35,931 - ERROR - 规则嵌入预计算失败: mat1 and mat2 shapes cannot be multiplied (1x8 and 26x40)
2025-07-10 09:10:35,932 - ERROR - 子图匹配失败: mat1 and mat2 shapes cannot be multiplied (1x8 and 26x40)
2025-07-10 09:10:35,939 - ERROR - 结构嵌入提取失败: mat1 and mat2 shapes cannot be multiplied (1x8 and 26x40)
2025-07-10 09:10:35,940 - ERROR - 规则嵌入预计算失败: mat1 and mat2 shapes cannot be multiplied (1x8 and 26x40)
2025-07-10 09:10:35,941 - ERROR - 子图匹配失败: mat1 and mat2 shapes cannot be multiplied (1x8 and 26x40)
2025-07-10 09:10:35,950 - ERROR - 结构嵌入提取失败: mat1 and mat2 shapes cannot be multiplied (1x8 and 26x40)
2025-07-10 09:10:35,950 - ERROR - 规则嵌入预计算失败: mat1 and mat2 shapes cannot be multiplied (1x8 and 26x40)
2025-07-10 09:10:35,950 - ERROR - 子图匹配失败: mat1 and mat2 shapes cannot be multiplied (1x8 and 26x40)
2025-07-10 09:10:35,959 - ERROR - 结构嵌入提取失败: mat1 and mat2 shapes cannot be multiplied (1x8 and 26x40)
2025-07-10 09:10:35,960 - ERROR - 规则嵌入预计算失败: mat1 and mat2 shapes cannot be multiplied (1x8 and 26x40)
2025-07-10 09:10:35,960 - ERROR - 子图匹配失败: mat1 and mat2 shapes cannot be multiplied (1x8 and 26x40)
2025-07-10 09:10:35,968 - ERROR - 结构嵌入提取失败: mat1 and mat2 shapes cannot be multiplied (1x8 and 26x40)
2025-07-10 09:10:35,968 - ERROR - 规则嵌入预计算失败: mat1 and mat2 shapes cannot be multiplied (1x8 and 26x40)
2025-07-10 09:10:35,969 - ERROR - 子图匹配失败: mat1 and mat2 shapes cannot be multiplied (1x8 and 26x40)
2025-07-10 09:10:35,978 - ERROR - 结构嵌入提取失败: mat1 and mat2 shapes cannot be multiplied (1x8 and 26x40)
2025-07-10 09:10:35,979 - ERROR - 规则嵌入预计算失败: mat1 and mat2 shapes cannot be multiplied (1x8 and 26x40)
2025-07-10 09:10:35,980 - ERROR - 子图匹配失败: mat1 and mat2 shapes cannot be multiplied (1x8 and 26x40)
2025-07-10 09:10:35,989 - ERROR - 结构嵌入提取失败: mat1 and mat2 shapes cannot be multiplied (1x8 and 26x40)
2025-07-10 09:10:35,990 - ERROR - 规则嵌入预计算失败: mat1 and mat2 shapes cannot be multiplied (1x8 and 26x40)
2025-07-10 09:10:35,990 - ERROR - 子图匹配失败: mat1 and mat2 shapes cannot be multiplied (1x8 and 26x40)
2025-07-10 09:10:36,002 - ERROR - 结构嵌入提取失败: mat1 and mat2 shapes cannot be multiplied (1x8 and 26x40)
2025-07-10 09:10:36,002 - ERROR - 规则嵌入预计算失败: mat1 and mat2 shapes cannot be multiplied (1x8 and 26x40)
2025-07-10 09:10:36,003 - ERROR - 子图匹配失败: mat1 and mat2 shapes cannot be multiplied (1x8 and 26x40)
2025-07-10 09:10:36,056 - ERROR - 结构嵌入提取失败: mat1 and mat2 shapes cannot be multiplied (1x8 and 26x40)
2025-07-10 09:10:36,057 - ERROR - 规则嵌入预计算失败: mat1 and mat2 shapes cannot be multiplied (1x8 and 26x40)
2025-07-10 09:10:36,058 - ERROR - 子图匹配失败: mat1 and mat2 shapes cannot be multiplied (1x8 and 26x40)
2025-07-10 09:10:36,148 - ERROR - 结构嵌入提取失败: mat1 and mat2 shapes cannot be multiplied (1x8 and 26x40)
2025-07-10 09:10:36,148 - ERROR - 规则嵌入预计算失败: mat1 and mat2 shapes cannot be multiplied (1x8 and 26x40)
2025-07-10 09:10:36,149 - ERROR - 子图匹配失败: mat1 and mat2 shapes cannot be multiplied (1x8 and 26x40)
2025-07-10 09:10:36,233 - ERROR - 结构嵌入提取失败: mat1 and mat2 shapes cannot be multiplied (1x8 and 26x40)
2025-07-10 09:10:36,234 - ERROR - 规则嵌入预计算失败: mat1 and mat2 shapes cannot be multiplied (1x8 and 26x40)
2025-07-10 09:10:36,234 - ERROR - 子图匹配失败: mat1 and mat2 shapes cannot be multiplied (1x8 and 26x40)
2025-07-10 09:10:36,243 - ERROR - 结构嵌入提取失败: mat1 and mat2 shapes cannot be multiplied (1x8 and 26x40)
2025-07-10 09:10:36,243 - ERROR - 规则嵌入预计算失败: mat1 and mat2 shapes cannot be multiplied (1x8 and 26x40)
2025-07-10 09:10:36,244 - ERROR - 子图匹配失败: mat1 and mat2 shapes cannot be multiplied (1x8 and 26x40)
2025-07-10 09:10:36,252 - ERROR - 结构嵌入提取失败: mat1 and mat2 shapes cannot be multiplied (1x8 and 26x40)
2025-07-10 09:10:36,252 - ERROR - 规则嵌入预计算失败: mat1 and mat2 shapes cannot be multiplied (1x8 and 26x40)
2025-07-10 09:10:36,252 - ERROR - 子图匹配失败: mat1 and mat2 shapes cannot be multiplied (1x8 and 26x40)
2025-07-10 09:10:36,261 - ERROR - 结构嵌入提取失败: mat1 and mat2 shapes cannot be multiplied (1x8 and 26x40)
2025-07-10 09:10:36,261 - ERROR - 规则嵌入预计算失败: mat1 and mat2 shapes cannot be multiplied (1x8 and 26x40)
2025-07-10 09:10:36,262 - ERROR - 子图匹配失败: mat1 and mat2 shapes cannot be multiplied (1x8 and 26x40)
2025-07-10 09:10:36,268 - ERROR - 结构嵌入提取失败: mat1 and mat2 shapes cannot be multiplied (1x8 and 26x40)
2025-07-10 09:10:36,268 - ERROR - 规则嵌入预计算失败: mat1 and mat2 shapes cannot be multiplied (1x8 and 26x40)
2025-07-10 09:10:36,269 - ERROR - 子图匹配失败: mat1 and mat2 shapes cannot be multiplied (1x8 and 26x40)
2025-07-10 09:10:36,275 - ERROR - 结构嵌入提取失败: mat1 and mat2 shapes cannot be multiplied (1x8 and 26x40)
2025-07-10 09:10:36,276 - ERROR - 规则嵌入预计算失败: mat1 and mat2 shapes cannot be multiplied (1x8 and 26x40)
2025-07-10 09:10:36,276 - ERROR - 子图匹配失败: mat1 and mat2 shapes cannot be multiplied (1x8 and 26x40)
2025-07-10 09:10:36,317 - ERROR - 结构嵌入提取失败: mat1 and mat2 shapes cannot be multiplied (1x8 and 26x40)
2025-07-10 09:10:36,318 - ERROR - 规则嵌入预计算失败: mat1 and mat2 shapes cannot be multiplied (1x8 and 26x40)
2025-07-10 09:10:36,318 - ERROR - 子图匹配失败: mat1 and mat2 shapes cannot be multiplied (1x8 and 26x40)
2025-07-10 09:10:36,329 - ERROR - 结构嵌入提取失败: mat1 and mat2 shapes cannot be multiplied (1x8 and 26x40)
2025-07-10 09:10:36,330 - ERROR - 规则嵌入预计算失败: mat1 and mat2 shapes cannot be multiplied (1x8 and 26x40)
2025-07-10 09:10:36,330 - ERROR - 子图匹配失败: mat1 and mat2 shapes cannot be multiplied (1x8 and 26x40)
2025-07-10 09:10:36,336 - ERROR - 结构嵌入提取失败: mat1 and mat2 shapes cannot be multiplied (1x8 and 26x40)
2025-07-10 09:10:36,336 - ERROR - 规则嵌入预计算失败: mat1 and mat2 shapes cannot be multiplied (1x8 and 26x40)
2025-07-10 09:10:36,337 - ERROR - 子图匹配失败: mat1 and mat2 shapes cannot be multiplied (1x8 and 26x40)
2025-07-10 09:10:36,347 - ERROR - 结构嵌入提取失败: mat1 and mat2 shapes cannot be multiplied (1x8 and 26x40)
2025-07-10 09:10:36,347 - ERROR - 规则嵌入预计算失败: mat1 and mat2 shapes cannot be multiplied (1x8 and 26x40)
2025-07-10 09:10:36,348 - ERROR - 子图匹配失败: mat1 and mat2 shapes cannot be multiplied (1x8 and 26x40)
2025-07-10 09:10:36,365 - ERROR - 结构嵌入提取失败: mat1 and mat2 shapes cannot be multiplied (1x8 and 26x40)
2025-07-10 09:10:36,365 - ERROR - 规则嵌入预计算失败: mat1 and mat2 shapes cannot be multiplied (1x8 and 26x40)
2025-07-10 09:10:36,366 - ERROR - 子图匹配失败: mat1 and mat2 shapes cannot be multiplied (1x8 and 26x40)
2025-07-10 09:10:36,380 - ERROR - 结构嵌入提取失败: mat1 and mat2 shapes cannot be multiplied (1x8 and 26x40)
2025-07-10 09:10:36,381 - ERROR - 规则嵌入预计算失败: mat1 and mat2 shapes cannot be multiplied (1x8 and 26x40)
2025-07-10 09:10:36,381 - ERROR - 子图匹配失败: mat1 and mat2 shapes cannot be multiplied (1x8 and 26x40)
2025-07-10 09:10:36,391 - ERROR - 结构嵌入提取失败: mat1 and mat2 shapes cannot be multiplied (1x8 and 26x40)
2025-07-10 09:10:36,392 - ERROR - 规则嵌入预计算失败: mat1 and mat2 shapes cannot be multiplied (1x8 and 26x40)
2025-07-10 09:10:36,393 - ERROR - 子图匹配失败: mat1 and mat2 shapes cannot be multiplied (1x8 and 26x40)
2025-07-10 09:10:36,403 - ERROR - 结构嵌入提取失败: mat1 and mat2 shapes cannot be multiplied (1x8 and 26x40)
2025-07-10 09:10:36,403 - ERROR - 规则嵌入预计算失败: mat1 and mat2 shapes cannot be multiplied (1x8 and 26x40)
2025-07-10 09:10:36,404 - ERROR - 子图匹配失败: mat1 and mat2 shapes cannot be multiplied (1x8 and 26x40)
2025-07-10 09:10:36,417 - ERROR - 结构嵌入提取失败: mat1 and mat2 shapes cannot be multiplied (1x8 and 26x40)
2025-07-10 09:10:36,418 - ERROR - 规则嵌入预计算失败: mat1 and mat2 shapes cannot be multiplied (1x8 and 26x40)
2025-07-10 09:10:36,418 - ERROR - 子图匹配失败: mat1 and mat2 shapes cannot be multiplied (1x8 and 26x40)
2025-07-10 09:10:36,431 - ERROR - 结构嵌入提取失败: mat1 and mat2 shapes cannot be multiplied (1x8 and 26x40)
2025-07-10 09:10:36,431 - ERROR - 规则嵌入预计算失败: mat1 and mat2 shapes cannot be multiplied (1x8 and 26x40)
2025-07-10 09:10:36,432 - ERROR - 子图匹配失败: mat1 and mat2 shapes cannot be multiplied (1x8 and 26x40)
2025-07-10 09:10:36,441 - ERROR - 结构嵌入提取失败: mat1 and mat2 shapes cannot be multiplied (1x8 and 26x40)
2025-07-10 09:10:36,442 - ERROR - 规则嵌入预计算失败: mat1 and mat2 shapes cannot be multiplied (1x8 and 26x40)
2025-07-10 09:10:36,442 - ERROR - 子图匹配失败: mat1 and mat2 shapes cannot be multiplied (1x8 and 26x40)
2025-07-10 09:10:36,453 - ERROR - 结构嵌入提取失败: mat1 and mat2 shapes cannot be multiplied (1x8 and 26x40)
2025-07-10 09:10:36,454 - ERROR - 规则嵌入预计算失败: mat1 and mat2 shapes cannot be multiplied (1x8 and 26x40)
2025-07-10 09:10:36,454 - ERROR - 子图匹配失败: mat1 and mat2 shapes cannot be multiplied (1x8 and 26x40)
2025-07-10 09:10:36,471 - ERROR - 结构嵌入提取失败: mat1 and mat2 shapes cannot be multiplied (1x8 and 26x40)
2025-07-10 09:10:36,471 - ERROR - 规则嵌入预计算失败: mat1 and mat2 shapes cannot be multiplied (1x8 and 26x40)
2025-07-10 09:10:36,472 - ERROR - 子图匹配失败: mat1 and mat2 shapes cannot be multiplied (1x8 and 26x40)
2025-07-10 09:10:36,484 - ERROR - 结构嵌入提取失败: mat1 and mat2 shapes cannot be multiplied (1x8 and 26x40)
2025-07-10 09:10:36,484 - ERROR - 规则嵌入预计算失败: mat1 and mat2 shapes cannot be multiplied (1x8 and 26x40)
2025-07-10 09:10:36,484 - ERROR - 子图匹配失败: mat1 and mat2 shapes cannot be multiplied (1x8 and 26x40)
2025-07-10 09:10:36,496 - ERROR - 结构嵌入提取失败: mat1 and mat2 shapes cannot be multiplied (1x8 and 26x40)
2025-07-10 09:10:36,497 - ERROR - 规则嵌入预计算失败: mat1 and mat2 shapes cannot be multiplied (1x8 and 26x40)
2025-07-10 09:10:36,498 - ERROR - 子图匹配失败: mat1 and mat2 shapes cannot be multiplied (1x8 and 26x40)
2025-07-10 09:10:36,506 - ERROR - 结构嵌入提取失败: mat1 and mat2 shapes cannot be multiplied (1x8 and 26x40)
2025-07-10 09:10:36,506 - ERROR - 规则嵌入预计算失败: mat1 and mat2 shapes cannot be multiplied (1x8 and 26x40)
2025-07-10 09:10:36,507 - ERROR - 子图匹配失败: mat1 and mat2 shapes cannot be multiplied (1x8 and 26x40)
2025-07-10 09:10:36,516 - ERROR - 结构嵌入提取失败: mat1 and mat2 shapes cannot be multiplied (1x8 and 26x40)
2025-07-10 09:10:36,516 - ERROR - 规则嵌入预计算失败: mat1 and mat2 shapes cannot be multiplied (1x8 and 26x40)
2025-07-10 09:10:36,517 - ERROR - 子图匹配失败: mat1 and mat2 shapes cannot be multiplied (1x8 and 26x40)
2025-07-10 09:10:36,525 - ERROR - 结构嵌入提取失败: mat1 and mat2 shapes cannot be multiplied (1x8 and 26x40)
2025-07-10 09:10:36,525 - ERROR - 规则嵌入预计算失败: mat1 and mat2 shapes cannot be multiplied (1x8 and 26x40)
2025-07-10 09:10:36,526 - ERROR - 子图匹配失败: mat1 and mat2 shapes cannot be multiplied (1x8 and 26x40)
2025-07-10 09:10:36,533 - ERROR - 结构嵌入提取失败: mat1 and mat2 shapes cannot be multiplied (1x8 and 26x40)
2025-07-10 09:10:36,534 - ERROR - 规则嵌入预计算失败: mat1 and mat2 shapes cannot be multiplied (1x8 and 26x40)
2025-07-10 09:10:36,534 - ERROR - 子图匹配失败: mat1 and mat2 shapes cannot be multiplied (1x8 and 26x40)
2025-07-10 09:10:36,542 - ERROR - 结构嵌入提取失败: mat1 and mat2 shapes cannot be multiplied (1x8 and 26x40)
2025-07-10 09:10:36,543 - ERROR - 规则嵌入预计算失败: mat1 and mat2 shapes cannot be multiplied (1x8 and 26x40)
2025-07-10 09:10:36,543 - ERROR - 子图匹配失败: mat1 and mat2 shapes cannot be multiplied (1x8 and 26x40)
2025-07-10 09:10:36,552 - ERROR - 结构嵌入提取失败: mat1 and mat2 shapes cannot be multiplied (1x8 and 26x40)
2025-07-10 09:10:36,553 - ERROR - 规则嵌入预计算失败: mat1 and mat2 shapes cannot be multiplied (1x8 and 26x40)
2025-07-10 09:10:36,553 - ERROR - 子图匹配失败: mat1 and mat2 shapes cannot be multiplied (1x8 and 26x40)
2025-07-10 09:10:36,561 - ERROR - 结构嵌入提取失败: mat1 and mat2 shapes cannot be multiplied (1x8 and 26x40)
2025-07-10 09:10:36,561 - ERROR - 规则嵌入预计算失败: mat1 and mat2 shapes cannot be multiplied (1x8 and 26x40)
2025-07-10 09:10:36,561 - ERROR - 子图匹配失败: mat1 and mat2 shapes cannot be multiplied (1x8 and 26x40)
2025-07-10 09:10:36,568 - ERROR - 结构嵌入提取失败: mat1 and mat2 shapes cannot be multiplied (1x8 and 26x40)
2025-07-10 09:10:36,569 - ERROR - 规则嵌入预计算失败: mat1 and mat2 shapes cannot be multiplied (1x8 and 26x40)
2025-07-10 09:10:36,569 - ERROR - 子图匹配失败: mat1 and mat2 shapes cannot be multiplied (1x8 and 26x40)
2025-07-10 09:10:36,577 - ERROR - 结构嵌入提取失败: mat1 and mat2 shapes cannot be multiplied (1x8 and 26x40)
2025-07-10 09:10:36,578 - ERROR - 规则嵌入预计算失败: mat1 and mat2 shapes cannot be multiplied (1x8 and 26x40)
2025-07-10 09:10:36,578 - ERROR - 子图匹配失败: mat1 and mat2 shapes cannot be multiplied (1x8 and 26x40)
2025-07-10 09:10:36,586 - ERROR - 结构嵌入提取失败: mat1 and mat2 shapes cannot be multiplied (1x8 and 26x40)
2025-07-10 09:10:36,587 - ERROR - 规则嵌入预计算失败: mat1 and mat2 shapes cannot be multiplied (1x8 and 26x40)
2025-07-10 09:10:36,587 - ERROR - 子图匹配失败: mat1 and mat2 shapes cannot be multiplied (1x8 and 26x40)
2025-07-10 09:10:36,595 - ERROR - 结构嵌入提取失败: mat1 and mat2 shapes cannot be multiplied (1x8 and 26x40)
2025-07-10 09:10:36,596 - ERROR - 规则嵌入预计算失败: mat1 and mat2 shapes cannot be multiplied (1x8 and 26x40)
2025-07-10 09:10:36,596 - ERROR - 子图匹配失败: mat1 and mat2 shapes cannot be multiplied (1x8 and 26x40)
2025-07-10 09:10:36,604 - ERROR - 结构嵌入提取失败: mat1 and mat2 shapes cannot be multiplied (1x8 and 26x40)
2025-07-10 09:10:36,605 - ERROR - 规则嵌入预计算失败: mat1 and mat2 shapes cannot be multiplied (1x8 and 26x40)
2025-07-10 09:10:36,605 - ERROR - 子图匹配失败: mat1 and mat2 shapes cannot be multiplied (1x8 and 26x40)
2025-07-10 09:10:36,613 - ERROR - 结构嵌入提取失败: mat1 and mat2 shapes cannot be multiplied (1x8 and 26x40)
2025-07-10 09:10:36,615 - ERROR - 规则嵌入预计算失败: mat1 and mat2 shapes cannot be multiplied (1x8 and 26x40)
2025-07-10 09:10:36,615 - ERROR - 子图匹配失败: mat1 and mat2 shapes cannot be multiplied (1x8 and 26x40)
2025-07-10 09:10:36,626 - ERROR - 结构嵌入提取失败: mat1 and mat2 shapes cannot be multiplied (1x8 and 26x40)
2025-07-10 09:10:36,626 - ERROR - 规则嵌入预计算失败: mat1 and mat2 shapes cannot be multiplied (1x8 and 26x40)
2025-07-10 09:10:36,627 - ERROR - 子图匹配失败: mat1 and mat2 shapes cannot be multiplied (1x8 and 26x40)
2025-07-10 09:10:36,639 - ERROR - 结构嵌入提取失败: mat1 and mat2 shapes cannot be multiplied (1x8 and 26x40)
2025-07-10 09:10:36,640 - ERROR - 规则嵌入预计算失败: mat1 and mat2 shapes cannot be multiplied (1x8 and 26x40)
2025-07-10 09:10:36,641 - ERROR - 子图匹配失败: mat1 and mat2 shapes cannot be multiplied (1x8 and 26x40)
2025-07-10 09:10:36,649 - ERROR - 结构嵌入提取失败: mat1 and mat2 shapes cannot be multiplied (1x8 and 26x40)
2025-07-10 09:10:36,650 - ERROR - 规则嵌入预计算失败: mat1 and mat2 shapes cannot be multiplied (1x8 and 26x40)
2025-07-10 09:10:36,652 - ERROR - 子图匹配失败: mat1 and mat2 shapes cannot be multiplied (1x8 and 26x40)
2025-07-10 09:10:36,663 - ERROR - 结构嵌入提取失败: mat1 and mat2 shapes cannot be multiplied (1x8 and 26x40)
2025-07-10 09:10:36,663 - ERROR - 规则嵌入预计算失败: mat1 and mat2 shapes cannot be multiplied (1x8 and 26x40)
2025-07-10 09:10:36,664 - ERROR - 子图匹配失败: mat1 and mat2 shapes cannot be multiplied (1x8 and 26x40)
2025-07-10 09:10:36,676 - ERROR - 结构嵌入提取失败: mat1 and mat2 shapes cannot be multiplied (1x8 and 26x40)
2025-07-10 09:10:36,678 - ERROR - 规则嵌入预计算失败: mat1 and mat2 shapes cannot be multiplied (1x8 and 26x40)
2025-07-10 09:10:36,678 - ERROR - 子图匹配失败: mat1 and mat2 shapes cannot be multiplied (1x8 and 26x40)
2025-07-10 09:10:36,689 - ERROR - 结构嵌入提取失败: mat1 and mat2 shapes cannot be multiplied (1x8 and 26x40)
2025-07-10 09:10:36,691 - ERROR - 规则嵌入预计算失败: mat1 and mat2 shapes cannot be multiplied (1x8 and 26x40)
2025-07-10 09:10:36,692 - ERROR - 子图匹配失败: mat1 and mat2 shapes cannot be multiplied (1x8 and 26x40)
2025-07-10 09:10:36,704 - ERROR - 结构嵌入提取失败: mat1 and mat2 shapes cannot be multiplied (1x8 and 26x40)
2025-07-10 09:10:36,705 - ERROR - 规则嵌入预计算失败: mat1 and mat2 shapes cannot be multiplied (1x8 and 26x40)
2025-07-10 09:10:36,707 - ERROR - 子图匹配失败: mat1 and mat2 shapes cannot be multiplied (1x8 and 26x40)
2025-07-10 09:10:36,719 - ERROR - 结构嵌入提取失败: mat1 and mat2 shapes cannot be multiplied (1x8 and 26x40)
2025-07-10 09:10:36,720 - ERROR - 规则嵌入预计算失败: mat1 and mat2 shapes cannot be multiplied (1x8 and 26x40)
2025-07-10 09:10:36,721 - ERROR - 子图匹配失败: mat1 and mat2 shapes cannot be multiplied (1x8 and 26x40)
2025-07-10 09:10:36,732 - ERROR - 结构嵌入提取失败: mat1 and mat2 shapes cannot be multiplied (1x8 and 26x40)
2025-07-10 09:10:36,732 - ERROR - 规则嵌入预计算失败: mat1 and mat2 shapes cannot be multiplied (1x8 and 26x40)
2025-07-10 09:10:36,733 - ERROR - 子图匹配失败: mat1 and mat2 shapes cannot be multiplied (1x8 and 26x40)
2025-07-10 09:10:36,746 - ERROR - 结构嵌入提取失败: mat1 and mat2 shapes cannot be multiplied (1x8 and 26x40)
2025-07-10 09:10:36,747 - ERROR - 规则嵌入预计算失败: mat1 and mat2 shapes cannot be multiplied (1x8 and 26x40)
2025-07-10 09:10:36,747 - ERROR - 子图匹配失败: mat1 and mat2 shapes cannot be multiplied (1x8 and 26x40)
2025-07-10 09:10:36,760 - ERROR - 结构嵌入提取失败: mat1 and mat2 shapes cannot be multiplied (1x8 and 26x40)
2025-07-10 09:10:36,760 - ERROR - 规则嵌入预计算失败: mat1 and mat2 shapes cannot be multiplied (1x8 and 26x40)
2025-07-10 09:10:36,761 - ERROR - 子图匹配失败: mat1 and mat2 shapes cannot be multiplied (1x8 and 26x40)
2025-07-10 09:10:36,772 - ERROR - 结构嵌入提取失败: mat1 and mat2 shapes cannot be multiplied (1x8 and 26x40)
2025-07-10 09:10:36,772 - ERROR - 规则嵌入预计算失败: mat1 and mat2 shapes cannot be multiplied (1x8 and 26x40)
2025-07-10 09:10:36,773 - ERROR - 子图匹配失败: mat1 and mat2 shapes cannot be multiplied (1x8 and 26x40)
2025-07-10 09:10:36,783 - ERROR - 结构嵌入提取失败: mat1 and mat2 shapes cannot be multiplied (1x8 and 26x40)
2025-07-10 09:10:36,783 - ERROR - 规则嵌入预计算失败: mat1 and mat2 shapes cannot be multiplied (1x8 and 26x40)
2025-07-10 09:10:36,784 - ERROR - 子图匹配失败: mat1 and mat2 shapes cannot be multiplied (1x8 and 26x40)
2025-07-10 09:10:36,797 - ERROR - 结构嵌入提取失败: mat1 and mat2 shapes cannot be multiplied (1x8 and 26x40)
2025-07-10 09:10:36,798 - ERROR - 规则嵌入预计算失败: mat1 and mat2 shapes cannot be multiplied (1x8 and 26x40)
2025-07-10 09:10:36,798 - ERROR - 子图匹配失败: mat1 and mat2 shapes cannot be multiplied (1x8 and 26x40)
2025-07-10 09:10:36,805 - ERROR - 结构嵌入提取失败: mat1 and mat2 shapes cannot be multiplied (1x8 and 26x40)
2025-07-10 09:10:36,805 - ERROR - 规则嵌入预计算失败: mat1 and mat2 shapes cannot be multiplied (1x8 and 26x40)
2025-07-10 09:10:36,806 - ERROR - 子图匹配失败: mat1 and mat2 shapes cannot be multiplied (1x8 and 26x40)
2025-07-10 09:10:36,816 - ERROR - 结构嵌入提取失败: mat1 and mat2 shapes cannot be multiplied (1x8 and 26x40)
2025-07-10 09:10:36,816 - ERROR - 规则嵌入预计算失败: mat1 and mat2 shapes cannot be multiplied (1x8 and 26x40)
2025-07-10 09:10:36,817 - ERROR - 子图匹配失败: mat1 and mat2 shapes cannot be multiplied (1x8 and 26x40)
2025-07-10 09:10:36,825 - ERROR - 结构嵌入提取失败: mat1 and mat2 shapes cannot be multiplied (1x8 and 26x40)
2025-07-10 09:10:36,825 - ERROR - 规则嵌入预计算失败: mat1 and mat2 shapes cannot be multiplied (1x8 and 26x40)
2025-07-10 09:10:36,825 - ERROR - 子图匹配失败: mat1 and mat2 shapes cannot be multiplied (1x8 and 26x40)
2025-07-10 09:10:36,833 - ERROR - 结构嵌入提取失败: mat1 and mat2 shapes cannot be multiplied (1x8 and 26x40)
2025-07-10 09:10:36,834 - ERROR - 规则嵌入预计算失败: mat1 and mat2 shapes cannot be multiplied (1x8 and 26x40)
2025-07-10 09:10:36,834 - ERROR - 子图匹配失败: mat1 and mat2 shapes cannot be multiplied (1x8 and 26x40)
2025-07-10 09:10:36,843 - ERROR - 结构嵌入提取失败: mat1 and mat2 shapes cannot be multiplied (1x8 and 26x40)
2025-07-10 09:10:36,843 - ERROR - 规则嵌入预计算失败: mat1 and mat2 shapes cannot be multiplied (1x8 and 26x40)
2025-07-10 09:10:36,844 - ERROR - 子图匹配失败: mat1 and mat2 shapes cannot be multiplied (1x8 and 26x40)
2025-07-10 09:10:36,851 - ERROR - 结构嵌入提取失败: mat1 and mat2 shapes cannot be multiplied (1x8 and 26x40)
2025-07-10 09:10:36,852 - ERROR - 规则嵌入预计算失败: mat1 and mat2 shapes cannot be multiplied (1x8 and 26x40)
2025-07-10 09:10:36,852 - ERROR - 子图匹配失败: mat1 and mat2 shapes cannot be multiplied (1x8 and 26x40)
2025-07-10 09:10:36,861 - ERROR - 结构嵌入提取失败: mat1 and mat2 shapes cannot be multiplied (1x8 and 26x40)
2025-07-10 09:10:36,861 - ERROR - 规则嵌入预计算失败: mat1 and mat2 shapes cannot be multiplied (1x8 and 26x40)
2025-07-10 09:10:36,861 - ERROR - 子图匹配失败: mat1 and mat2 shapes cannot be multiplied (1x8 and 26x40)
2025-07-10 09:10:36,870 - ERROR - 结构嵌入提取失败: mat1 and mat2 shapes cannot be multiplied (1x8 and 26x40)
2025-07-10 09:10:36,870 - ERROR - 规则嵌入预计算失败: mat1 and mat2 shapes cannot be multiplied (1x8 and 26x40)
2025-07-10 09:10:36,870 - ERROR - 子图匹配失败: mat1 and mat2 shapes cannot be multiplied (1x8 and 26x40)
2025-07-10 09:10:36,881 - ERROR - 结构嵌入提取失败: mat1 and mat2 shapes cannot be multiplied (1x8 and 26x40)
2025-07-10 09:10:36,882 - ERROR - 规则嵌入预计算失败: mat1 and mat2 shapes cannot be multiplied (1x8 and 26x40)
2025-07-10 09:10:36,882 - ERROR - 子图匹配失败: mat1 and mat2 shapes cannot be multiplied (1x8 and 26x40)
2025-07-10 09:10:36,889 - ERROR - 结构嵌入提取失败: mat1 and mat2 shapes cannot be multiplied (1x8 and 26x40)
2025-07-10 09:10:36,890 - ERROR - 规则嵌入预计算失败: mat1 and mat2 shapes cannot be multiplied (1x8 and 26x40)
2025-07-10 09:10:36,891 - ERROR - 子图匹配失败: mat1 and mat2 shapes cannot be multiplied (1x8 and 26x40)
2025-07-10 09:10:36,900 - ERROR - 结构嵌入提取失败: mat1 and mat2 shapes cannot be multiplied (1x8 and 26x40)
2025-07-10 09:10:36,901 - ERROR - 规则嵌入预计算失败: mat1 and mat2 shapes cannot be multiplied (1x8 and 26x40)
2025-07-10 09:10:36,901 - ERROR - 子图匹配失败: mat1 and mat2 shapes cannot be multiplied (1x8 and 26x40)
2025-07-10 09:10:36,909 - ERROR - 结构嵌入提取失败: mat1 and mat2 shapes cannot be multiplied (1x8 and 26x40)
2025-07-10 09:10:36,909 - ERROR - 规则嵌入预计算失败: mat1 and mat2 shapes cannot be multiplied (1x8 and 26x40)
2025-07-10 09:10:36,911 - ERROR - 子图匹配失败: mat1 and mat2 shapes cannot be multiplied (1x8 and 26x40)
2025-07-10 09:10:36,917 - ERROR - 结构嵌入提取失败: mat1 and mat2 shapes cannot be multiplied (1x8 and 26x40)
2025-07-10 09:10:36,918 - ERROR - 规则嵌入预计算失败: mat1 and mat2 shapes cannot be multiplied (1x8 and 26x40)
2025-07-10 09:10:36,918 - ERROR - 子图匹配失败: mat1 and mat2 shapes cannot be multiplied (1x8 and 26x40)
2025-07-10 09:10:36,929 - ERROR - 结构嵌入提取失败: mat1 and mat2 shapes cannot be multiplied (1x8 and 26x40)
2025-07-10 09:10:36,930 - ERROR - 规则嵌入预计算失败: mat1 and mat2 shapes cannot be multiplied (1x8 and 26x40)
2025-07-10 09:10:36,930 - ERROR - 子图匹配失败: mat1 and mat2 shapes cannot be multiplied (1x8 and 26x40)
2025-07-10 09:10:36,938 - ERROR - 结构嵌入提取失败: mat1 and mat2 shapes cannot be multiplied (1x8 and 26x40)
2025-07-10 09:10:36,938 - ERROR - 规则嵌入预计算失败: mat1 and mat2 shapes cannot be multiplied (1x8 and 26x40)
2025-07-10 09:10:36,939 - ERROR - 子图匹配失败: mat1 and mat2 shapes cannot be multiplied (1x8 and 26x40)
2025-07-10 09:10:36,948 - ERROR - 结构嵌入提取失败: mat1 and mat2 shapes cannot be multiplied (1x8 and 26x40)
2025-07-10 09:10:36,948 - ERROR - 规则嵌入预计算失败: mat1 and mat2 shapes cannot be multiplied (1x8 and 26x40)
2025-07-10 09:10:36,949 - ERROR - 子图匹配失败: mat1 and mat2 shapes cannot be multiplied (1x8 and 26x40)
2025-07-10 09:10:36,957 - ERROR - 结构嵌入提取失败: mat1 and mat2 shapes cannot be multiplied (1x8 and 26x40)
2025-07-10 09:10:36,958 - ERROR - 规则嵌入预计算失败: mat1 and mat2 shapes cannot be multiplied (1x8 and 26x40)
2025-07-10 09:10:36,959 - ERROR - 子图匹配失败: mat1 and mat2 shapes cannot be multiplied (1x8 and 26x40)
2025-07-10 09:10:36,967 - ERROR - 结构嵌入提取失败: mat1 and mat2 shapes cannot be multiplied (1x8 and 26x40)
2025-07-10 09:10:36,967 - ERROR - 规则嵌入预计算失败: mat1 and mat2 shapes cannot be multiplied (1x8 and 26x40)
2025-07-10 09:10:36,968 - ERROR - 子图匹配失败: mat1 and mat2 shapes cannot be multiplied (1x8 and 26x40)
2025-07-10 09:10:36,976 - ERROR - 结构嵌入提取失败: mat1 and mat2 shapes cannot be multiplied (1x8 and 26x40)
2025-07-10 09:10:36,976 - ERROR - 规则嵌入预计算失败: mat1 and mat2 shapes cannot be multiplied (1x8 and 26x40)
2025-07-10 09:10:36,977 - ERROR - 子图匹配失败: mat1 and mat2 shapes cannot be multiplied (1x8 and 26x40)
2025-07-10 09:10:36,984 - ERROR - 结构嵌入提取失败: mat1 and mat2 shapes cannot be multiplied (1x8 and 26x40)
2025-07-10 09:10:36,985 - ERROR - 规则嵌入预计算失败: mat1 and mat2 shapes cannot be multiplied (1x8 and 26x40)
2025-07-10 09:10:36,985 - ERROR - 子图匹配失败: mat1 and mat2 shapes cannot be multiplied (1x8 and 26x40)
2025-07-10 09:10:36,995 - ERROR - 结构嵌入提取失败: mat1 and mat2 shapes cannot be multiplied (1x8 and 26x40)
2025-07-10 09:10:36,995 - ERROR - 规则嵌入预计算失败: mat1 and mat2 shapes cannot be multiplied (1x8 and 26x40)
2025-07-10 09:10:36,996 - ERROR - 子图匹配失败: mat1 and mat2 shapes cannot be multiplied (1x8 and 26x40)
2025-07-10 09:10:37,004 - ERROR - 结构嵌入提取失败: mat1 and mat2 shapes cannot be multiplied (1x8 and 26x40)
2025-07-10 09:10:37,004 - ERROR - 规则嵌入预计算失败: mat1 and mat2 shapes cannot be multiplied (1x8 and 26x40)
2025-07-10 09:10:37,004 - ERROR - 子图匹配失败: mat1 and mat2 shapes cannot be multiplied (1x8 and 26x40)
2025-07-10 09:10:37,014 - ERROR - 结构嵌入提取失败: mat1 and mat2 shapes cannot be multiplied (1x8 and 26x40)
2025-07-10 09:10:37,015 - ERROR - 规则嵌入预计算失败: mat1 and mat2 shapes cannot be multiplied (1x8 and 26x40)
2025-07-10 09:10:37,015 - ERROR - 子图匹配失败: mat1 and mat2 shapes cannot be multiplied (1x8 and 26x40)
2025-07-10 09:10:37,022 - ERROR - 结构嵌入提取失败: mat1 and mat2 shapes cannot be multiplied (1x8 and 26x40)
2025-07-10 09:10:37,023 - ERROR - 规则嵌入预计算失败: mat1 and mat2 shapes cannot be multiplied (1x8 and 26x40)
2025-07-10 09:10:37,023 - ERROR - 子图匹配失败: mat1 and mat2 shapes cannot be multiplied (1x8 and 26x40)
2025-07-10 09:10:37,032 - ERROR - 结构嵌入提取失败: mat1 and mat2 shapes cannot be multiplied (1x8 and 26x40)
2025-07-10 09:10:37,032 - ERROR - 规则嵌入预计算失败: mat1 and mat2 shapes cannot be multiplied (1x8 and 26x40)
2025-07-10 09:10:37,032 - ERROR - 子图匹配失败: mat1 and mat2 shapes cannot be multiplied (1x8 and 26x40)
2025-07-10 09:10:37,032 - INFO - 处理第101/1299个anchor
2025-07-10 09:10:37,040 - ERROR - 结构嵌入提取失败: mat1 and mat2 shapes cannot be multiplied (1x8 and 26x40)
2025-07-10 09:10:37,040 - ERROR - 规则嵌入预计算失败: mat1 and mat2 shapes cannot be multiplied (1x8 and 26x40)
2025-07-10 09:10:37,041 - ERROR - 子图匹配失败: mat1 and mat2 shapes cannot be multiplied (1x8 and 26x40)
2025-07-10 09:10:37,050 - ERROR - 结构嵌入提取失败: mat1 and mat2 shapes cannot be multiplied (1x8 and 26x40)
2025-07-10 09:10:37,051 - ERROR - 规则嵌入预计算失败: mat1 and mat2 shapes cannot be multiplied (1x8 and 26x40)
2025-07-10 09:10:37,052 - ERROR - 子图匹配失败: mat1 and mat2 shapes cannot be multiplied (1x8 and 26x40)
2025-07-10 09:10:37,061 - ERROR - 结构嵌入提取失败: mat1 and mat2 shapes cannot be multiplied (1x8 and 26x40)
2025-07-10 09:10:37,062 - ERROR - 规则嵌入预计算失败: mat1 and mat2 shapes cannot be multiplied (1x8 and 26x40)
2025-07-10 09:10:37,063 - ERROR - 子图匹配失败: mat1 and mat2 shapes cannot be multiplied (1x8 and 26x40)
2025-07-10 09:10:37,071 - ERROR - 结构嵌入提取失败: mat1 and mat2 shapes cannot be multiplied (1x8 and 26x40)
2025-07-10 09:10:37,071 - ERROR - 规则嵌入预计算失败: mat1 and mat2 shapes cannot be multiplied (1x8 and 26x40)
2025-07-10 09:10:37,072 - ERROR - 子图匹配失败: mat1 and mat2 shapes cannot be multiplied (1x8 and 26x40)
2025-07-10 09:10:37,082 - ERROR - 结构嵌入提取失败: mat1 and mat2 shapes cannot be multiplied (1x8 and 26x40)
2025-07-10 09:10:37,082 - ERROR - 规则嵌入预计算失败: mat1 and mat2 shapes cannot be multiplied (1x8 and 26x40)
2025-07-10 09:10:37,083 - ERROR - 子图匹配失败: mat1 and mat2 shapes cannot be multiplied (1x8 and 26x40)
2025-07-10 09:10:37,090 - ERROR - 结构嵌入提取失败: mat1 and mat2 shapes cannot be multiplied (1x8 and 26x40)
2025-07-10 09:10:37,091 - ERROR - 规则嵌入预计算失败: mat1 and mat2 shapes cannot be multiplied (1x8 and 26x40)
2025-07-10 09:10:37,091 - ERROR - 子图匹配失败: mat1 and mat2 shapes cannot be multiplied (1x8 and 26x40)
2025-07-10 09:10:37,098 - ERROR - 结构嵌入提取失败: mat1 and mat2 shapes cannot be multiplied (1x8 and 26x40)
2025-07-10 09:10:37,099 - ERROR - 规则嵌入预计算失败: mat1 and mat2 shapes cannot be multiplied (1x8 and 26x40)
2025-07-10 09:10:37,099 - ERROR - 子图匹配失败: mat1 and mat2 shapes cannot be multiplied (1x8 and 26x40)
2025-07-10 09:10:37,106 - ERROR - 结构嵌入提取失败: mat1 and mat2 shapes cannot be multiplied (1x8 and 26x40)
2025-07-10 09:10:37,106 - ERROR - 规则嵌入预计算失败: mat1 and mat2 shapes cannot be multiplied (1x8 and 26x40)
2025-07-10 09:10:37,107 - ERROR - 子图匹配失败: mat1 and mat2 shapes cannot be multiplied (1x8 and 26x40)
2025-07-10 09:10:37,116 - ERROR - 结构嵌入提取失败: mat1 and mat2 shapes cannot be multiplied (1x8 and 26x40)
2025-07-10 09:10:37,116 - ERROR - 规则嵌入预计算失败: mat1 and mat2 shapes cannot be multiplied (1x8 and 26x40)
2025-07-10 09:10:37,116 - ERROR - 子图匹配失败: mat1 and mat2 shapes cannot be multiplied (1x8 and 26x40)
2025-07-10 09:10:37,123 - ERROR - 结构嵌入提取失败: mat1 and mat2 shapes cannot be multiplied (1x8 and 26x40)
2025-07-10 09:10:37,124 - ERROR - 规则嵌入预计算失败: mat1 and mat2 shapes cannot be multiplied (1x8 and 26x40)
2025-07-10 09:10:37,125 - ERROR - 子图匹配失败: mat1 and mat2 shapes cannot be multiplied (1x8 and 26x40)
2025-07-10 09:10:37,133 - ERROR - 结构嵌入提取失败: mat1 and mat2 shapes cannot be multiplied (1x8 and 26x40)
2025-07-10 09:10:37,133 - ERROR - 规则嵌入预计算失败: mat1 and mat2 shapes cannot be multiplied (1x8 and 26x40)
2025-07-10 09:10:37,133 - ERROR - 子图匹配失败: mat1 and mat2 shapes cannot be multiplied (1x8 and 26x40)
2025-07-10 09:10:37,141 - ERROR - 结构嵌入提取失败: mat1 and mat2 shapes cannot be multiplied (1x8 and 26x40)
2025-07-10 09:10:37,141 - ERROR - 规则嵌入预计算失败: mat1 and mat2 shapes cannot be multiplied (1x8 and 26x40)
2025-07-10 09:10:37,142 - ERROR - 子图匹配失败: mat1 and mat2 shapes cannot be multiplied (1x8 and 26x40)
2025-07-10 09:10:37,149 - ERROR - 结构嵌入提取失败: mat1 and mat2 shapes cannot be multiplied (1x8 and 26x40)
2025-07-10 09:10:37,150 - ERROR - 规则嵌入预计算失败: mat1 and mat2 shapes cannot be multiplied (1x8 and 26x40)
2025-07-10 09:10:37,150 - ERROR - 子图匹配失败: mat1 and mat2 shapes cannot be multiplied (1x8 and 26x40)
2025-07-10 09:10:37,157 - ERROR - 结构嵌入提取失败: mat1 and mat2 shapes cannot be multiplied (1x8 and 26x40)
2025-07-10 09:10:37,158 - ERROR - 规则嵌入预计算失败: mat1 and mat2 shapes cannot be multiplied (1x8 and 26x40)
2025-07-10 09:10:37,158 - ERROR - 子图匹配失败: mat1 and mat2 shapes cannot be multiplied (1x8 and 26x40)
2025-07-10 09:10:37,166 - ERROR - 结构嵌入提取失败: mat1 and mat2 shapes cannot be multiplied (1x8 and 26x40)
2025-07-10 09:10:37,166 - ERROR - 规则嵌入预计算失败: mat1 and mat2 shapes cannot be multiplied (1x8 and 26x40)
2025-07-10 09:10:37,167 - ERROR - 子图匹配失败: mat1 and mat2 shapes cannot be multiplied (1x8 and 26x40)
2025-07-10 09:10:37,173 - ERROR - 结构嵌入提取失败: mat1 and mat2 shapes cannot be multiplied (1x8 and 26x40)
2025-07-10 09:10:37,173 - ERROR - 规则嵌入预计算失败: mat1 and mat2 shapes cannot be multiplied (1x8 and 26x40)
2025-07-10 09:10:37,174 - ERROR - 子图匹配失败: mat1 and mat2 shapes cannot be multiplied (1x8 and 26x40)
2025-07-10 09:10:37,182 - ERROR - 结构嵌入提取失败: mat1 and mat2 shapes cannot be multiplied (1x8 and 26x40)
2025-07-10 09:10:37,182 - ERROR - 规则嵌入预计算失败: mat1 and mat2 shapes cannot be multiplied (1x8 and 26x40)
2025-07-10 09:10:37,182 - ERROR - 子图匹配失败: mat1 and mat2 shapes cannot be multiplied (1x8 and 26x40)
2025-07-10 09:10:37,190 - ERROR - 结构嵌入提取失败: mat1 and mat2 shapes cannot be multiplied (1x8 and 26x40)
2025-07-10 09:10:37,191 - ERROR - 规则嵌入预计算失败: mat1 and mat2 shapes cannot be multiplied (1x8 and 26x40)
2025-07-10 09:10:37,191 - ERROR - 子图匹配失败: mat1 and mat2 shapes cannot be multiplied (1x8 and 26x40)
2025-07-10 09:10:37,199 - ERROR - 结构嵌入提取失败: mat1 and mat2 shapes cannot be multiplied (1x8 and 26x40)
2025-07-10 09:10:37,200 - ERROR - 规则嵌入预计算失败: mat1 and mat2 shapes cannot be multiplied (1x8 and 26x40)
2025-07-10 09:10:37,200 - ERROR - 子图匹配失败: mat1 and mat2 shapes cannot be multiplied (1x8 and 26x40)
2025-07-10 09:10:37,210 - ERROR - 结构嵌入提取失败: mat1 and mat2 shapes cannot be multiplied (1x8 and 26x40)
2025-07-10 09:10:37,210 - ERROR - 规则嵌入预计算失败: mat1 and mat2 shapes cannot be multiplied (1x8 and 26x40)
2025-07-10 09:10:37,210 - ERROR - 子图匹配失败: mat1 and mat2 shapes cannot be multiplied (1x8 and 26x40)
2025-07-10 09:10:37,219 - ERROR - 结构嵌入提取失败: mat1 and mat2 shapes cannot be multiplied (1x8 and 26x40)
2025-07-10 09:10:37,219 - ERROR - 规则嵌入预计算失败: mat1 and mat2 shapes cannot be multiplied (1x8 and 26x40)
2025-07-10 09:10:37,220 - ERROR - 子图匹配失败: mat1 and mat2 shapes cannot be multiplied (1x8 and 26x40)
2025-07-10 09:10:37,229 - ERROR - 结构嵌入提取失败: mat1 and mat2 shapes cannot be multiplied (1x8 and 26x40)
2025-07-10 09:10:37,230 - ERROR - 规则嵌入预计算失败: mat1 and mat2 shapes cannot be multiplied (1x8 and 26x40)
2025-07-10 09:10:37,230 - ERROR - 子图匹配失败: mat1 and mat2 shapes cannot be multiplied (1x8 and 26x40)
2025-07-10 09:10:37,235 - ERROR - 结构嵌入提取失败: mat1 and mat2 shapes cannot be multiplied (1x8 and 26x40)
2025-07-10 09:10:37,237 - ERROR - 规则嵌入预计算失败: mat1 and mat2 shapes cannot be multiplied (1x8 and 26x40)
2025-07-10 09:10:37,237 - ERROR - 子图匹配失败: mat1 and mat2 shapes cannot be multiplied (1x8 and 26x40)
2025-07-10 09:10:37,246 - ERROR - 结构嵌入提取失败: mat1 and mat2 shapes cannot be multiplied (1x8 and 26x40)
2025-07-10 09:10:37,246 - ERROR - 规则嵌入预计算失败: mat1 and mat2 shapes cannot be multiplied (1x8 and 26x40)
2025-07-10 09:10:37,247 - ERROR - 子图匹配失败: mat1 and mat2 shapes cannot be multiplied (1x8 and 26x40)
2025-07-10 09:10:37,252 - ERROR - 结构嵌入提取失败: mat1 and mat2 shapes cannot be multiplied (1x8 and 26x40)
2025-07-10 09:10:37,253 - ERROR - 规则嵌入预计算失败: mat1 and mat2 shapes cannot be multiplied (1x8 and 26x40)
2025-07-10 09:10:37,254 - ERROR - 子图匹配失败: mat1 and mat2 shapes cannot be multiplied (1x8 and 26x40)
2025-07-10 09:10:37,262 - ERROR - 结构嵌入提取失败: mat1 and mat2 shapes cannot be multiplied (1x8 and 26x40)
2025-07-10 09:10:37,263 - ERROR - 规则嵌入预计算失败: mat1 and mat2 shapes cannot be multiplied (1x8 and 26x40)
2025-07-10 09:10:37,263 - ERROR - 子图匹配失败: mat1 and mat2 shapes cannot be multiplied (1x8 and 26x40)
2025-07-10 09:10:37,270 - ERROR - 结构嵌入提取失败: mat1 and mat2 shapes cannot be multiplied (1x8 and 26x40)
2025-07-10 09:10:37,271 - ERROR - 规则嵌入预计算失败: mat1 and mat2 shapes cannot be multiplied (1x8 and 26x40)
2025-07-10 09:10:37,271 - ERROR - 子图匹配失败: mat1 and mat2 shapes cannot be multiplied (1x8 and 26x40)
2025-07-10 09:10:37,279 - ERROR - 结构嵌入提取失败: mat1 and mat2 shapes cannot be multiplied (1x8 and 26x40)
2025-07-10 09:10:37,279 - ERROR - 规则嵌入预计算失败: mat1 and mat2 shapes cannot be multiplied (1x8 and 26x40)
2025-07-10 09:10:37,279 - ERROR - 子图匹配失败: mat1 and mat2 shapes cannot be multiplied (1x8 and 26x40)
2025-07-10 09:10:37,286 - ERROR - 结构嵌入提取失败: mat1 and mat2 shapes cannot be multiplied (1x8 and 26x40)
2025-07-10 09:10:37,287 - ERROR - 规则嵌入预计算失败: mat1 and mat2 shapes cannot be multiplied (1x8 and 26x40)
2025-07-10 09:10:37,287 - ERROR - 子图匹配失败: mat1 and mat2 shapes cannot be multiplied (1x8 and 26x40)
2025-07-10 09:10:37,296 - ERROR - 结构嵌入提取失败: mat1 and mat2 shapes cannot be multiplied (1x8 and 26x40)
2025-07-10 09:10:37,296 - ERROR - 规则嵌入预计算失败: mat1 and mat2 shapes cannot be multiplied (1x8 and 26x40)
2025-07-10 09:10:37,297 - ERROR - 子图匹配失败: mat1 and mat2 shapes cannot be multiplied (1x8 and 26x40)
2025-07-10 09:10:37,303 - ERROR - 结构嵌入提取失败: mat1 and mat2 shapes cannot be multiplied (1x8 and 26x40)
2025-07-10 09:10:37,304 - ERROR - 规则嵌入预计算失败: mat1 and mat2 shapes cannot be multiplied (1x8 and 26x40)
2025-07-10 09:10:37,304 - ERROR - 子图匹配失败: mat1 and mat2 shapes cannot be multiplied (1x8 and 26x40)
2025-07-10 09:10:37,313 - ERROR - 结构嵌入提取失败: mat1 and mat2 shapes cannot be multiplied (1x8 and 26x40)
2025-07-10 09:10:37,314 - ERROR - 规则嵌入预计算失败: mat1 and mat2 shapes cannot be multiplied (1x8 and 26x40)
2025-07-10 09:10:37,314 - ERROR - 子图匹配失败: mat1 and mat2 shapes cannot be multiplied (1x8 and 26x40)
2025-07-10 09:10:37,321 - ERROR - 结构嵌入提取失败: mat1 and mat2 shapes cannot be multiplied (1x8 and 26x40)
2025-07-10 09:10:37,321 - ERROR - 规则嵌入预计算失败: mat1 and mat2 shapes cannot be multiplied (1x8 and 26x40)
2025-07-10 09:10:37,322 - ERROR - 子图匹配失败: mat1 and mat2 shapes cannot be multiplied (1x8 and 26x40)
2025-07-10 09:10:37,330 - ERROR - 结构嵌入提取失败: mat1 and mat2 shapes cannot be multiplied (1x8 and 26x40)
2025-07-10 09:10:37,331 - ERROR - 规则嵌入预计算失败: mat1 and mat2 shapes cannot be multiplied (1x8 and 26x40)
2025-07-10 09:10:37,331 - ERROR - 子图匹配失败: mat1 and mat2 shapes cannot be multiplied (1x8 and 26x40)
2025-07-10 09:10:37,337 - ERROR - 结构嵌入提取失败: mat1 and mat2 shapes cannot be multiplied (1x8 and 26x40)
2025-07-10 09:10:37,338 - ERROR - 规则嵌入预计算失败: mat1 and mat2 shapes cannot be multiplied (1x8 and 26x40)
2025-07-10 09:10:37,338 - ERROR - 子图匹配失败: mat1 and mat2 shapes cannot be multiplied (1x8 and 26x40)
2025-07-10 09:10:37,346 - ERROR - 结构嵌入提取失败: mat1 and mat2 shapes cannot be multiplied (1x8 and 26x40)
2025-07-10 09:10:37,347 - ERROR - 规则嵌入预计算失败: mat1 and mat2 shapes cannot be multiplied (1x8 and 26x40)
2025-07-10 09:10:37,347 - ERROR - 子图匹配失败: mat1 and mat2 shapes cannot be multiplied (1x8 and 26x40)
2025-07-10 09:10:37,354 - ERROR - 结构嵌入提取失败: mat1 and mat2 shapes cannot be multiplied (1x8 and 26x40)
2025-07-10 09:10:37,354 - ERROR - 规则嵌入预计算失败: mat1 and mat2 shapes cannot be multiplied (1x8 and 26x40)
2025-07-10 09:10:37,354 - ERROR - 子图匹配失败: mat1 and mat2 shapes cannot be multiplied (1x8 and 26x40)
2025-07-10 09:10:37,364 - ERROR - 结构嵌入提取失败: mat1 and mat2 shapes cannot be multiplied (1x8 and 26x40)
2025-07-10 09:10:37,364 - ERROR - 规则嵌入预计算失败: mat1 and mat2 shapes cannot be multiplied (1x8 and 26x40)
2025-07-10 09:10:37,364 - ERROR - 子图匹配失败: mat1 and mat2 shapes cannot be multiplied (1x8 and 26x40)
2025-07-10 09:10:37,372 - ERROR - 结构嵌入提取失败: mat1 and mat2 shapes cannot be multiplied (1x8 and 26x40)
2025-07-10 09:10:37,372 - ERROR - 规则嵌入预计算失败: mat1 and mat2 shapes cannot be multiplied (1x8 and 26x40)
2025-07-10 09:10:37,372 - ERROR - 子图匹配失败: mat1 and mat2 shapes cannot be multiplied (1x8 and 26x40)
2025-07-10 09:10:37,381 - ERROR - 结构嵌入提取失败: mat1 and mat2 shapes cannot be multiplied (1x8 and 26x40)
2025-07-10 09:10:37,381 - ERROR - 规则嵌入预计算失败: mat1 and mat2 shapes cannot be multiplied (1x8 and 26x40)
2025-07-10 09:10:37,382 - ERROR - 子图匹配失败: mat1 and mat2 shapes cannot be multiplied (1x8 and 26x40)
2025-07-10 09:10:37,389 - ERROR - 结构嵌入提取失败: mat1 and mat2 shapes cannot be multiplied (1x8 and 26x40)
2025-07-10 09:10:37,389 - ERROR - 规则嵌入预计算失败: mat1 and mat2 shapes cannot be multiplied (1x8 and 26x40)
2025-07-10 09:10:37,390 - ERROR - 子图匹配失败: mat1 and mat2 shapes cannot be multiplied (1x8 and 26x40)
2025-07-10 09:10:37,399 - ERROR - 结构嵌入提取失败: mat1 and mat2 shapes cannot be multiplied (1x8 and 26x40)
2025-07-10 09:10:37,399 - ERROR - 规则嵌入预计算失败: mat1 and mat2 shapes cannot be multiplied (1x8 and 26x40)
2025-07-10 09:10:37,399 - ERROR - 子图匹配失败: mat1 and mat2 shapes cannot be multiplied (1x8 and 26x40)
2025-07-10 09:10:37,406 - ERROR - 结构嵌入提取失败: mat1 and mat2 shapes cannot be multiplied (1x8 and 26x40)
2025-07-10 09:10:37,406 - ERROR - 规则嵌入预计算失败: mat1 and mat2 shapes cannot be multiplied (1x8 and 26x40)
2025-07-10 09:10:37,407 - ERROR - 子图匹配失败: mat1 and mat2 shapes cannot be multiplied (1x8 and 26x40)
2025-07-10 09:10:37,415 - ERROR - 结构嵌入提取失败: mat1 and mat2 shapes cannot be multiplied (1x8 and 26x40)
2025-07-10 09:10:37,416 - ERROR - 规则嵌入预计算失败: mat1 and mat2 shapes cannot be multiplied (1x8 and 26x40)
2025-07-10 09:10:37,416 - ERROR - 子图匹配失败: mat1 and mat2 shapes cannot be multiplied (1x8 and 26x40)
2025-07-10 09:10:37,423 - ERROR - 结构嵌入提取失败: mat1 and mat2 shapes cannot be multiplied (1x8 and 26x40)
2025-07-10 09:10:37,424 - ERROR - 规则嵌入预计算失败: mat1 and mat2 shapes cannot be multiplied (1x8 and 26x40)
2025-07-10 09:10:37,425 - ERROR - 子图匹配失败: mat1 and mat2 shapes cannot be multiplied (1x8 and 26x40)
2025-07-10 09:10:37,432 - ERROR - 结构嵌入提取失败: mat1 and mat2 shapes cannot be multiplied (1x8 and 26x40)
2025-07-10 09:10:37,432 - ERROR - 规则嵌入预计算失败: mat1 and mat2 shapes cannot be multiplied (1x8 and 26x40)
2025-07-10 09:10:37,432 - ERROR - 子图匹配失败: mat1 and mat2 shapes cannot be multiplied (1x8 and 26x40)
2025-07-10 09:10:37,439 - ERROR - 结构嵌入提取失败: mat1 and mat2 shapes cannot be multiplied (1x8 and 26x40)
2025-07-10 09:10:37,439 - ERROR - 规则嵌入预计算失败: mat1 and mat2 shapes cannot be multiplied (1x8 and 26x40)
2025-07-10 09:10:37,440 - ERROR - 子图匹配失败: mat1 and mat2 shapes cannot be multiplied (1x8 and 26x40)
2025-07-10 09:10:37,449 - ERROR - 结构嵌入提取失败: mat1 and mat2 shapes cannot be multiplied (1x8 and 26x40)
2025-07-10 09:10:37,449 - ERROR - 规则嵌入预计算失败: mat1 and mat2 shapes cannot be multiplied (1x8 and 26x40)
2025-07-10 09:10:37,449 - ERROR - 子图匹配失败: mat1 and mat2 shapes cannot be multiplied (1x8 and 26x40)
2025-07-10 09:10:37,455 - ERROR - 结构嵌入提取失败: mat1 and mat2 shapes cannot be multiplied (1x8 and 26x40)
2025-07-10 09:10:37,456 - ERROR - 规则嵌入预计算失败: mat1 and mat2 shapes cannot be multiplied (1x8 and 26x40)
2025-07-10 09:10:37,456 - ERROR - 子图匹配失败: mat1 and mat2 shapes cannot be multiplied (1x8 and 26x40)
2025-07-10 09:10:37,466 - ERROR - 结构嵌入提取失败: mat1 and mat2 shapes cannot be multiplied (1x8 and 26x40)
2025-07-10 09:10:37,466 - ERROR - 规则嵌入预计算失败: mat1 and mat2 shapes cannot be multiplied (1x8 and 26x40)
2025-07-10 09:10:37,467 - ERROR - 子图匹配失败: mat1 and mat2 shapes cannot be multiplied (1x8 and 26x40)
2025-07-10 09:10:37,474 - ERROR - 结构嵌入提取失败: mat1 and mat2 shapes cannot be multiplied (1x8 and 26x40)
2025-07-10 09:10:37,475 - ERROR - 规则嵌入预计算失败: mat1 and mat2 shapes cannot be multiplied (1x8 and 26x40)
2025-07-10 09:10:37,475 - ERROR - 子图匹配失败: mat1 and mat2 shapes cannot be multiplied (1x8 and 26x40)
2025-07-10 09:10:37,483 - ERROR - 结构嵌入提取失败: mat1 and mat2 shapes cannot be multiplied (1x8 and 26x40)
2025-07-10 09:10:37,483 - ERROR - 规则嵌入预计算失败: mat1 and mat2 shapes cannot be multiplied (1x8 and 26x40)
2025-07-10 09:10:37,484 - ERROR - 子图匹配失败: mat1 and mat2 shapes cannot be multiplied (1x8 and 26x40)
2025-07-10 09:10:37,491 - ERROR - 结构嵌入提取失败: mat1 and mat2 shapes cannot be multiplied (1x8 and 26x40)
2025-07-10 09:10:37,492 - ERROR - 规则嵌入预计算失败: mat1 and mat2 shapes cannot be multiplied (1x8 and 26x40)
2025-07-10 09:10:37,492 - ERROR - 子图匹配失败: mat1 and mat2 shapes cannot be multiplied (1x8 and 26x40)
2025-07-10 09:10:37,499 - ERROR - 结构嵌入提取失败: mat1 and mat2 shapes cannot be multiplied (1x8 and 26x40)
2025-07-10 09:10:37,500 - ERROR - 规则嵌入预计算失败: mat1 and mat2 shapes cannot be multiplied (1x8 and 26x40)
2025-07-10 09:10:37,500 - ERROR - 子图匹配失败: mat1 and mat2 shapes cannot be multiplied (1x8 and 26x40)
2025-07-10 09:10:37,506 - ERROR - 结构嵌入提取失败: mat1 and mat2 shapes cannot be multiplied (1x8 and 26x40)
2025-07-10 09:10:37,507 - ERROR - 规则嵌入预计算失败: mat1 and mat2 shapes cannot be multiplied (1x8 and 26x40)
2025-07-10 09:10:37,508 - ERROR - 子图匹配失败: mat1 and mat2 shapes cannot be multiplied (1x8 and 26x40)
2025-07-10 09:10:37,516 - ERROR - 结构嵌入提取失败: mat1 and mat2 shapes cannot be multiplied (1x8 and 26x40)
2025-07-10 09:10:37,516 - ERROR - 规则嵌入预计算失败: mat1 and mat2 shapes cannot be multiplied (1x8 and 26x40)
2025-07-10 09:10:37,516 - ERROR - 子图匹配失败: mat1 and mat2 shapes cannot be multiplied (1x8 and 26x40)
2025-07-10 09:10:37,523 - ERROR - 结构嵌入提取失败: mat1 and mat2 shapes cannot be multiplied (1x8 and 26x40)
2025-07-10 09:10:37,524 - ERROR - 规则嵌入预计算失败: mat1 and mat2 shapes cannot be multiplied (1x8 and 26x40)
2025-07-10 09:10:37,525 - ERROR - 子图匹配失败: mat1 and mat2 shapes cannot be multiplied (1x8 and 26x40)
2025-07-10 09:10:37,533 - ERROR - 结构嵌入提取失败: mat1 and mat2 shapes cannot be multiplied (1x8 and 26x40)
2025-07-10 09:10:37,533 - ERROR - 规则嵌入预计算失败: mat1 and mat2 shapes cannot be multiplied (1x8 and 26x40)
2025-07-10 09:10:37,533 - ERROR - 子图匹配失败: mat1 and mat2 shapes cannot be multiplied (1x8 and 26x40)
2025-07-10 09:10:37,540 - ERROR - 结构嵌入提取失败: mat1 and mat2 shapes cannot be multiplied (1x8 and 26x40)
2025-07-10 09:10:37,540 - ERROR - 规则嵌入预计算失败: mat1 and mat2 shapes cannot be multiplied (1x8 and 26x40)
2025-07-10 09:10:37,541 - ERROR - 子图匹配失败: mat1 and mat2 shapes cannot be multiplied (1x8 and 26x40)
2025-07-10 09:10:37,549 - ERROR - 结构嵌入提取失败: mat1 and mat2 shapes cannot be multiplied (1x8 and 26x40)
2025-07-10 09:10:37,549 - ERROR - 规则嵌入预计算失败: mat1 and mat2 shapes cannot be multiplied (1x8 and 26x40)
2025-07-10 09:10:37,550 - ERROR - 子图匹配失败: mat1 and mat2 shapes cannot be multiplied (1x8 and 26x40)
2025-07-10 09:10:37,555 - ERROR - 结构嵌入提取失败: mat1 and mat2 shapes cannot be multiplied (1x8 and 26x40)
2025-07-10 09:10:37,555 - ERROR - 规则嵌入预计算失败: mat1 and mat2 shapes cannot be multiplied (1x8 and 26x40)
2025-07-10 09:10:37,556 - ERROR - 子图匹配失败: mat1 and mat2 shapes cannot be multiplied (1x8 and 26x40)
2025-07-10 09:10:37,564 - ERROR - 结构嵌入提取失败: mat1 and mat2 shapes cannot be multiplied (1x8 and 26x40)
2025-07-10 09:10:37,564 - ERROR - 规则嵌入预计算失败: mat1 and mat2 shapes cannot be multiplied (1x8 and 26x40)
2025-07-10 09:10:37,564 - ERROR - 子图匹配失败: mat1 and mat2 shapes cannot be multiplied (1x8 and 26x40)
2025-07-10 09:10:37,570 - ERROR - 结构嵌入提取失败: mat1 and mat2 shapes cannot be multiplied (1x8 and 26x40)
2025-07-10 09:10:37,571 - ERROR - 规则嵌入预计算失败: mat1 and mat2 shapes cannot be multiplied (1x8 and 26x40)
2025-07-10 09:10:37,571 - ERROR - 子图匹配失败: mat1 and mat2 shapes cannot be multiplied (1x8 and 26x40)
2025-07-10 09:10:37,579 - ERROR - 结构嵌入提取失败: mat1 and mat2 shapes cannot be multiplied (1x8 and 26x40)
2025-07-10 09:10:37,579 - ERROR - 规则嵌入预计算失败: mat1 and mat2 shapes cannot be multiplied (1x8 and 26x40)
2025-07-10 09:10:37,580 - ERROR - 子图匹配失败: mat1 and mat2 shapes cannot be multiplied (1x8 and 26x40)
2025-07-10 09:10:37,586 - ERROR - 结构嵌入提取失败: mat1 and mat2 shapes cannot be multiplied (1x8 and 26x40)
2025-07-10 09:10:37,586 - ERROR - 规则嵌入预计算失败: mat1 and mat2 shapes cannot be multiplied (1x8 and 26x40)
2025-07-10 09:10:37,586 - ERROR - 子图匹配失败: mat1 and mat2 shapes cannot be multiplied (1x8 and 26x40)
2025-07-10 09:10:37,595 - ERROR - 结构嵌入提取失败: mat1 and mat2 shapes cannot be multiplied (1x8 and 26x40)
2025-07-10 09:10:37,595 - ERROR - 规则嵌入预计算失败: mat1 and mat2 shapes cannot be multiplied (1x8 and 26x40)
2025-07-10 09:10:37,596 - ERROR - 子图匹配失败: mat1 and mat2 shapes cannot be multiplied (1x8 and 26x40)
2025-07-10 09:10:37,603 - ERROR - 结构嵌入提取失败: mat1 and mat2 shapes cannot be multiplied (1x8 and 26x40)
2025-07-10 09:10:37,603 - ERROR - 规则嵌入预计算失败: mat1 and mat2 shapes cannot be multiplied (1x8 and 26x40)
2025-07-10 09:10:37,603 - ERROR - 子图匹配失败: mat1 and mat2 shapes cannot be multiplied (1x8 and 26x40)
2025-07-10 09:10:37,611 - ERROR - 结构嵌入提取失败: mat1 and mat2 shapes cannot be multiplied (1x8 and 26x40)
2025-07-10 09:10:37,612 - ERROR - 规则嵌入预计算失败: mat1 and mat2 shapes cannot be multiplied (1x8 and 26x40)
2025-07-10 09:10:37,613 - ERROR - 子图匹配失败: mat1 and mat2 shapes cannot be multiplied (1x8 and 26x40)
2025-07-10 09:10:37,619 - ERROR - 结构嵌入提取失败: mat1 and mat2 shapes cannot be multiplied (1x8 and 26x40)
2025-07-10 09:10:37,620 - ERROR - 规则嵌入预计算失败: mat1 and mat2 shapes cannot be multiplied (1x8 and 26x40)
2025-07-10 09:10:37,620 - ERROR - 子图匹配失败: mat1 and mat2 shapes cannot be multiplied (1x8 and 26x40)
2025-07-10 09:10:37,629 - ERROR - 结构嵌入提取失败: mat1 and mat2 shapes cannot be multiplied (1x8 and 26x40)
2025-07-10 09:10:37,629 - ERROR - 规则嵌入预计算失败: mat1 and mat2 shapes cannot be multiplied (1x8 and 26x40)
2025-07-10 09:10:37,629 - ERROR - 子图匹配失败: mat1 and mat2 shapes cannot be multiplied (1x8 and 26x40)
2025-07-10 09:10:37,636 - ERROR - 结构嵌入提取失败: mat1 and mat2 shapes cannot be multiplied (1x8 and 26x40)
2025-07-10 09:10:37,636 - ERROR - 规则嵌入预计算失败: mat1 and mat2 shapes cannot be multiplied (1x8 and 26x40)
2025-07-10 09:10:37,636 - ERROR - 子图匹配失败: mat1 and mat2 shapes cannot be multiplied (1x8 and 26x40)
2025-07-10 09:10:37,646 - ERROR - 结构嵌入提取失败: mat1 and mat2 shapes cannot be multiplied (1x8 and 26x40)
2025-07-10 09:10:37,647 - ERROR - 规则嵌入预计算失败: mat1 and mat2 shapes cannot be multiplied (1x8 and 26x40)
2025-07-10 09:10:37,647 - ERROR - 子图匹配失败: mat1 and mat2 shapes cannot be multiplied (1x8 and 26x40)
2025-07-10 09:10:37,652 - ERROR - 结构嵌入提取失败: mat1 and mat2 shapes cannot be multiplied (1x8 and 26x40)
2025-07-10 09:10:37,653 - ERROR - 规则嵌入预计算失败: mat1 and mat2 shapes cannot be multiplied (1x8 and 26x40)
2025-07-10 09:10:37,653 - ERROR - 子图匹配失败: mat1 and mat2 shapes cannot be multiplied (1x8 and 26x40)
2025-07-10 09:10:37,662 - ERROR - 结构嵌入提取失败: mat1 and mat2 shapes cannot be multiplied (1x8 and 26x40)
2025-07-10 09:10:37,663 - ERROR - 规则嵌入预计算失败: mat1 and mat2 shapes cannot be multiplied (1x8 and 26x40)
2025-07-10 09:10:37,663 - ERROR - 子图匹配失败: mat1 and mat2 shapes cannot be multiplied (1x8 and 26x40)
2025-07-10 09:10:37,670 - ERROR - 结构嵌入提取失败: mat1 and mat2 shapes cannot be multiplied (1x8 and 26x40)
2025-07-10 09:10:37,670 - ERROR - 规则嵌入预计算失败: mat1 and mat2 shapes cannot be multiplied (1x8 and 26x40)
2025-07-10 09:10:37,671 - ERROR - 子图匹配失败: mat1 and mat2 shapes cannot be multiplied (1x8 and 26x40)
2025-07-10 09:10:37,680 - ERROR - 结构嵌入提取失败: mat1 and mat2 shapes cannot be multiplied (1x8 and 26x40)
2025-07-10 09:10:37,680 - ERROR - 规则嵌入预计算失败: mat1 and mat2 shapes cannot be multiplied (1x8 and 26x40)
2025-07-10 09:10:37,680 - ERROR - 子图匹配失败: mat1 and mat2 shapes cannot be multiplied (1x8 and 26x40)
2025-07-10 09:10:37,687 - ERROR - 结构嵌入提取失败: mat1 and mat2 shapes cannot be multiplied (1x8 and 26x40)
2025-07-10 09:10:37,688 - ERROR - 规则嵌入预计算失败: mat1 and mat2 shapes cannot be multiplied (1x8 and 26x40)
2025-07-10 09:10:37,688 - ERROR - 子图匹配失败: mat1 and mat2 shapes cannot be multiplied (1x8 and 26x40)
2025-07-10 09:10:37,696 - ERROR - 结构嵌入提取失败: mat1 and mat2 shapes cannot be multiplied (1x8 and 26x40)
2025-07-10 09:10:37,697 - ERROR - 规则嵌入预计算失败: mat1 and mat2 shapes cannot be multiplied (1x8 and 26x40)
2025-07-10 09:10:37,697 - ERROR - 子图匹配失败: mat1 and mat2 shapes cannot be multiplied (1x8 and 26x40)
2025-07-10 09:10:37,703 - ERROR - 结构嵌入提取失败: mat1 and mat2 shapes cannot be multiplied (1x8 and 26x40)
2025-07-10 09:10:37,703 - ERROR - 规则嵌入预计算失败: mat1 and mat2 shapes cannot be multiplied (1x8 and 26x40)
2025-07-10 09:10:37,704 - ERROR - 子图匹配失败: mat1 and mat2 shapes cannot be multiplied (1x8 and 26x40)
2025-07-10 09:10:37,712 - ERROR - 结构嵌入提取失败: mat1 and mat2 shapes cannot be multiplied (1x8 and 26x40)
2025-07-10 09:10:37,713 - ERROR - 规则嵌入预计算失败: mat1 and mat2 shapes cannot be multiplied (1x8 and 26x40)
2025-07-10 09:10:37,713 - ERROR - 子图匹配失败: mat1 and mat2 shapes cannot be multiplied (1x8 and 26x40)
2025-07-10 09:10:37,719 - ERROR - 结构嵌入提取失败: mat1 and mat2 shapes cannot be multiplied (1x8 and 26x40)
2025-07-10 09:10:37,720 - ERROR - 规则嵌入预计算失败: mat1 and mat2 shapes cannot be multiplied (1x8 and 26x40)
2025-07-10 09:10:37,720 - ERROR - 子图匹配失败: mat1 and mat2 shapes cannot be multiplied (1x8 and 26x40)
2025-07-10 09:10:37,728 - ERROR - 结构嵌入提取失败: mat1 and mat2 shapes cannot be multiplied (1x8 and 26x40)
2025-07-10 09:10:37,728 - ERROR - 规则嵌入预计算失败: mat1 and mat2 shapes cannot be multiplied (1x8 and 26x40)
2025-07-10 09:10:37,728 - ERROR - 子图匹配失败: mat1 and mat2 shapes cannot be multiplied (1x8 and 26x40)
2025-07-10 09:10:37,736 - ERROR - 结构嵌入提取失败: mat1 and mat2 shapes cannot be multiplied (1x8 and 26x40)
2025-07-10 09:10:37,736 - ERROR - 规则嵌入预计算失败: mat1 and mat2 shapes cannot be multiplied (1x8 and 26x40)
2025-07-10 09:10:37,737 - ERROR - 子图匹配失败: mat1 and mat2 shapes cannot be multiplied (1x8 and 26x40)
2025-07-10 09:10:37,744 - ERROR - 结构嵌入提取失败: mat1 and mat2 shapes cannot be multiplied (1x8 and 26x40)
2025-07-10 09:10:37,745 - ERROR - 规则嵌入预计算失败: mat1 and mat2 shapes cannot be multiplied (1x8 and 26x40)
2025-07-10 09:10:37,745 - ERROR - 子图匹配失败: mat1 and mat2 shapes cannot be multiplied (1x8 and 26x40)
2025-07-10 09:10:37,752 - ERROR - 结构嵌入提取失败: mat1 and mat2 shapes cannot be multiplied (1x8 and 26x40)
2025-07-10 09:10:37,752 - ERROR - 规则嵌入预计算失败: mat1 and mat2 shapes cannot be multiplied (1x8 and 26x40)
2025-07-10 09:10:37,753 - ERROR - 子图匹配失败: mat1 and mat2 shapes cannot be multiplied (1x8 and 26x40)
2025-07-10 09:10:37,761 - ERROR - 结构嵌入提取失败: mat1 and mat2 shapes cannot be multiplied (1x8 and 26x40)
2025-07-10 09:10:37,762 - ERROR - 规则嵌入预计算失败: mat1 and mat2 shapes cannot be multiplied (1x8 and 26x40)
2025-07-10 09:10:37,763 - ERROR - 子图匹配失败: mat1 and mat2 shapes cannot be multiplied (1x8 and 26x40)
2025-07-10 09:10:37,770 - ERROR - 结构嵌入提取失败: mat1 and mat2 shapes cannot be multiplied (1x8 and 26x40)
2025-07-10 09:10:37,770 - ERROR - 规则嵌入预计算失败: mat1 and mat2 shapes cannot be multiplied (1x8 and 26x40)
2025-07-10 09:10:37,771 - ERROR - 子图匹配失败: mat1 and mat2 shapes cannot be multiplied (1x8 and 26x40)
2025-07-10 09:10:37,781 - ERROR - 结构嵌入提取失败: mat1 and mat2 shapes cannot be multiplied (1x8 and 26x40)
2025-07-10 09:10:37,781 - ERROR - 规则嵌入预计算失败: mat1 and mat2 shapes cannot be multiplied (1x8 and 26x40)
2025-07-10 09:10:37,782 - ERROR - 子图匹配失败: mat1 and mat2 shapes cannot be multiplied (1x8 and 26x40)
2025-07-10 09:10:37,788 - ERROR - 结构嵌入提取失败: mat1 and mat2 shapes cannot be multiplied (1x8 and 26x40)
2025-07-10 09:10:37,789 - ERROR - 规则嵌入预计算失败: mat1 and mat2 shapes cannot be multiplied (1x8 and 26x40)
2025-07-10 09:10:37,789 - ERROR - 子图匹配失败: mat1 and mat2 shapes cannot be multiplied (1x8 and 26x40)
2025-07-10 09:10:37,798 - ERROR - 结构嵌入提取失败: mat1 and mat2 shapes cannot be multiplied (1x8 and 26x40)
2025-07-10 09:10:37,798 - ERROR - 规则嵌入预计算失败: mat1 and mat2 shapes cannot be multiplied (1x8 and 26x40)
2025-07-10 09:10:37,799 - ERROR - 子图匹配失败: mat1 and mat2 shapes cannot be multiplied (1x8 and 26x40)
2025-07-10 09:10:37,805 - ERROR - 结构嵌入提取失败: mat1 and mat2 shapes cannot be multiplied (1x8 and 26x40)
2025-07-10 09:10:37,806 - ERROR - 规则嵌入预计算失败: mat1 and mat2 shapes cannot be multiplied (1x8 and 26x40)
2025-07-10 09:10:37,806 - ERROR - 子图匹配失败: mat1 and mat2 shapes cannot be multiplied (1x8 and 26x40)
2025-07-10 09:10:37,815 - ERROR - 结构嵌入提取失败: mat1 and mat2 shapes cannot be multiplied (1x8 and 26x40)
2025-07-10 09:10:37,815 - ERROR - 规则嵌入预计算失败: mat1 and mat2 shapes cannot be multiplied (1x8 and 26x40)
2025-07-10 09:10:37,815 - ERROR - 子图匹配失败: mat1 and mat2 shapes cannot be multiplied (1x8 and 26x40)
2025-07-10 09:10:37,821 - ERROR - 结构嵌入提取失败: mat1 and mat2 shapes cannot be multiplied (1x8 and 26x40)
2025-07-10 09:10:37,822 - ERROR - 规则嵌入预计算失败: mat1 and mat2 shapes cannot be multiplied (1x8 and 26x40)
2025-07-10 09:10:37,823 - ERROR - 子图匹配失败: mat1 and mat2 shapes cannot be multiplied (1x8 and 26x40)
2025-07-10 09:10:37,832 - ERROR - 结构嵌入提取失败: mat1 and mat2 shapes cannot be multiplied (1x8 and 26x40)
2025-07-10 09:10:37,832 - ERROR - 规则嵌入预计算失败: mat1 and mat2 shapes cannot be multiplied (1x8 and 26x40)
2025-07-10 09:10:37,832 - ERROR - 子图匹配失败: mat1 and mat2 shapes cannot be multiplied (1x8 and 26x40)
2025-07-10 09:10:37,840 - ERROR - 结构嵌入提取失败: mat1 and mat2 shapes cannot be multiplied (1x8 and 26x40)
2025-07-10 09:10:37,841 - ERROR - 规则嵌入预计算失败: mat1 and mat2 shapes cannot be multiplied (1x8 and 26x40)
2025-07-10 09:10:37,842 - ERROR - 子图匹配失败: mat1 and mat2 shapes cannot be multiplied (1x8 and 26x40)
2025-07-10 09:10:37,849 - ERROR - 结构嵌入提取失败: mat1 and mat2 shapes cannot be multiplied (1x8 and 26x40)
2025-07-10 09:10:37,850 - ERROR - 规则嵌入预计算失败: mat1 and mat2 shapes cannot be multiplied (1x8 and 26x40)
2025-07-10 09:10:37,850 - ERROR - 子图匹配失败: mat1 and mat2 shapes cannot be multiplied (1x8 and 26x40)
2025-07-10 09:10:37,858 - ERROR - 结构嵌入提取失败: mat1 and mat2 shapes cannot be multiplied (1x8 and 26x40)
2025-07-10 09:10:37,859 - ERROR - 规则嵌入预计算失败: mat1 and mat2 shapes cannot be multiplied (1x8 and 26x40)
2025-07-10 09:10:37,859 - ERROR - 子图匹配失败: mat1 and mat2 shapes cannot be multiplied (1x8 and 26x40)
2025-07-10 09:10:37,866 - ERROR - 结构嵌入提取失败: mat1 and mat2 shapes cannot be multiplied (1x8 and 26x40)
2025-07-10 09:10:37,866 - ERROR - 规则嵌入预计算失败: mat1 and mat2 shapes cannot be multiplied (1x8 and 26x40)
2025-07-10 09:10:37,866 - ERROR - 子图匹配失败: mat1 and mat2 shapes cannot be multiplied (1x8 and 26x40)
2025-07-10 09:10:37,872 - ERROR - 结构嵌入提取失败: mat1 and mat2 shapes cannot be multiplied (1x8 and 26x40)
2025-07-10 09:10:37,873 - ERROR - 规则嵌入预计算失败: mat1 and mat2 shapes cannot be multiplied (1x8 and 26x40)
2025-07-10 09:10:37,874 - ERROR - 子图匹配失败: mat1 and mat2 shapes cannot be multiplied (1x8 and 26x40)
2025-07-10 09:10:37,882 - ERROR - 结构嵌入提取失败: mat1 and mat2 shapes cannot be multiplied (1x8 and 26x40)
2025-07-10 09:10:37,883 - ERROR - 规则嵌入预计算失败: mat1 and mat2 shapes cannot be multiplied (1x8 and 26x40)
2025-07-10 09:10:37,883 - ERROR - 子图匹配失败: mat1 and mat2 shapes cannot be multiplied (1x8 and 26x40)
2025-07-10 09:10:37,883 - INFO - 处理第201/1299个anchor
2025-07-10 09:10:37,890 - ERROR - 结构嵌入提取失败: mat1 and mat2 shapes cannot be multiplied (1x8 and 26x40)
2025-07-10 09:10:37,891 - ERROR - 规则嵌入预计算失败: mat1 and mat2 shapes cannot be multiplied (1x8 and 26x40)
2025-07-10 09:10:37,891 - ERROR - 子图匹配失败: mat1 and mat2 shapes cannot be multiplied (1x8 and 26x40)
2025-07-10 09:10:37,898 - ERROR - 结构嵌入提取失败: mat1 and mat2 shapes cannot be multiplied (1x8 and 26x40)
2025-07-10 09:10:37,899 - ERROR - 规则嵌入预计算失败: mat1 and mat2 shapes cannot be multiplied (1x8 and 26x40)
2025-07-10 09:10:37,899 - ERROR - 子图匹配失败: mat1 and mat2 shapes cannot be multiplied (1x8 and 26x40)
2025-07-10 09:10:37,906 - ERROR - 结构嵌入提取失败: mat1 and mat2 shapes cannot be multiplied (1x8 and 26x40)
2025-07-10 09:10:37,907 - ERROR - 规则嵌入预计算失败: mat1 and mat2 shapes cannot be multiplied (1x8 and 26x40)
2025-07-10 09:10:37,908 - ERROR - 子图匹配失败: mat1 and mat2 shapes cannot be multiplied (1x8 and 26x40)
2025-07-10 09:10:37,915 - ERROR - 结构嵌入提取失败: mat1 and mat2 shapes cannot be multiplied (1x8 and 26x40)
2025-07-10 09:10:37,916 - ERROR - 规则嵌入预计算失败: mat1 and mat2 shapes cannot be multiplied (1x8 and 26x40)
2025-07-10 09:10:37,917 - ERROR - 子图匹配失败: mat1 and mat2 shapes cannot be multiplied (1x8 and 26x40)
2025-07-10 09:10:37,923 - ERROR - 结构嵌入提取失败: mat1 and mat2 shapes cannot be multiplied (1x8 and 26x40)
2025-07-10 09:10:37,924 - ERROR - 规则嵌入预计算失败: mat1 and mat2 shapes cannot be multiplied (1x8 and 26x40)
2025-07-10 09:10:37,924 - ERROR - 子图匹配失败: mat1 and mat2 shapes cannot be multiplied (1x8 and 26x40)
2025-07-10 09:10:37,932 - ERROR - 结构嵌入提取失败: mat1 and mat2 shapes cannot be multiplied (1x8 and 26x40)
2025-07-10 09:10:37,933 - ERROR - 规则嵌入预计算失败: mat1 and mat2 shapes cannot be multiplied (1x8 and 26x40)
2025-07-10 09:10:37,933 - ERROR - 子图匹配失败: mat1 and mat2 shapes cannot be multiplied (1x8 and 26x40)
2025-07-10 09:10:37,939 - ERROR - 结构嵌入提取失败: mat1 and mat2 shapes cannot be multiplied (1x8 and 26x40)
2025-07-10 09:10:37,940 - ERROR - 规则嵌入预计算失败: mat1 and mat2 shapes cannot be multiplied (1x8 and 26x40)
2025-07-10 09:10:37,941 - ERROR - 子图匹配失败: mat1 and mat2 shapes cannot be multiplied (1x8 and 26x40)
2025-07-10 09:10:37,949 - ERROR - 结构嵌入提取失败: mat1 and mat2 shapes cannot be multiplied (1x8 and 26x40)
2025-07-10 09:10:37,949 - ERROR - 规则嵌入预计算失败: mat1 and mat2 shapes cannot be multiplied (1x8 and 26x40)
2025-07-10 09:10:37,950 - ERROR - 子图匹配失败: mat1 and mat2 shapes cannot be multiplied (1x8 and 26x40)
2025-07-10 09:10:37,955 - ERROR - 结构嵌入提取失败: mat1 and mat2 shapes cannot be multiplied (1x8 and 26x40)
2025-07-10 09:10:37,956 - ERROR - 规则嵌入预计算失败: mat1 and mat2 shapes cannot be multiplied (1x8 and 26x40)
2025-07-10 09:10:37,957 - ERROR - 子图匹配失败: mat1 and mat2 shapes cannot be multiplied (1x8 and 26x40)
2025-07-10 09:10:37,965 - ERROR - 结构嵌入提取失败: mat1 and mat2 shapes cannot be multiplied (1x8 and 26x40)
2025-07-10 09:10:37,966 - ERROR - 规则嵌入预计算失败: mat1 and mat2 shapes cannot be multiplied (1x8 and 26x40)
2025-07-10 09:10:37,966 - ERROR - 子图匹配失败: mat1 and mat2 shapes cannot be multiplied (1x8 and 26x40)
2025-07-10 09:10:37,972 - ERROR - 结构嵌入提取失败: mat1 and mat2 shapes cannot be multiplied (1x8 and 26x40)
2025-07-10 09:10:37,972 - ERROR - 规则嵌入预计算失败: mat1 and mat2 shapes cannot be multiplied (1x8 and 26x40)
2025-07-10 09:10:37,973 - ERROR - 子图匹配失败: mat1 and mat2 shapes cannot be multiplied (1x8 and 26x40)
2025-07-10 09:10:37,980 - ERROR - 结构嵌入提取失败: mat1 and mat2 shapes cannot be multiplied (1x8 and 26x40)
2025-07-10 09:10:37,981 - ERROR - 规则嵌入预计算失败: mat1 and mat2 shapes cannot be multiplied (1x8 and 26x40)
2025-07-10 09:10:37,981 - ERROR - 子图匹配失败: mat1 and mat2 shapes cannot be multiplied (1x8 and 26x40)
2025-07-10 09:10:37,987 - ERROR - 结构嵌入提取失败: mat1 and mat2 shapes cannot be multiplied (1x8 and 26x40)
2025-07-10 09:10:37,988 - ERROR - 规则嵌入预计算失败: mat1 and mat2 shapes cannot be multiplied (1x8 and 26x40)
2025-07-10 09:10:37,988 - ERROR - 子图匹配失败: mat1 and mat2 shapes cannot be multiplied (1x8 and 26x40)
2025-07-10 09:10:37,997 - ERROR - 结构嵌入提取失败: mat1 and mat2 shapes cannot be multiplied (1x8 and 26x40)
2025-07-10 09:10:37,997 - ERROR - 规则嵌入预计算失败: mat1 and mat2 shapes cannot be multiplied (1x8 and 26x40)
2025-07-10 09:10:37,998 - ERROR - 子图匹配失败: mat1 and mat2 shapes cannot be multiplied (1x8 and 26x40)
2025-07-10 09:10:38,003 - ERROR - 结构嵌入提取失败: mat1 and mat2 shapes cannot be multiplied (1x8 and 26x40)
2025-07-10 09:10:38,004 - ERROR - 规则嵌入预计算失败: mat1 and mat2 shapes cannot be multiplied (1x8 and 26x40)
2025-07-10 09:10:38,004 - ERROR - 子图匹配失败: mat1 and mat2 shapes cannot be multiplied (1x8 and 26x40)
2025-07-10 09:10:38,011 - ERROR - 结构嵌入提取失败: mat1 and mat2 shapes cannot be multiplied (1x8 and 26x40)
2025-07-10 09:10:38,012 - ERROR - 规则嵌入预计算失败: mat1 and mat2 shapes cannot be multiplied (1x8 and 26x40)
2025-07-10 09:10:38,012 - ERROR - 子图匹配失败: mat1 and mat2 shapes cannot be multiplied (1x8 and 26x40)
2025-07-10 09:10:38,019 - ERROR - 结构嵌入提取失败: mat1 and mat2 shapes cannot be multiplied (1x8 and 26x40)
2025-07-10 09:10:38,019 - ERROR - 规则嵌入预计算失败: mat1 and mat2 shapes cannot be multiplied (1x8 and 26x40)
2025-07-10 09:10:38,020 - ERROR - 子图匹配失败: mat1 and mat2 shapes cannot be multiplied (1x8 and 26x40)
2025-07-10 09:10:38,028 - ERROR - 结构嵌入提取失败: mat1 and mat2 shapes cannot be multiplied (1x8 and 26x40)
2025-07-10 09:10:38,029 - ERROR - 规则嵌入预计算失败: mat1 and mat2 shapes cannot be multiplied (1x8 and 26x40)
2025-07-10 09:10:38,029 - ERROR - 子图匹配失败: mat1 and mat2 shapes cannot be multiplied (1x8 and 26x40)
2025-07-10 09:10:38,035 - ERROR - 结构嵌入提取失败: mat1 and mat2 shapes cannot be multiplied (1x8 and 26x40)
2025-07-10 09:10:38,035 - ERROR - 规则嵌入预计算失败: mat1 and mat2 shapes cannot be multiplied (1x8 and 26x40)
2025-07-10 09:10:38,036 - ERROR - 子图匹配失败: mat1 and mat2 shapes cannot be multiplied (1x8 and 26x40)
2025-07-10 09:10:38,044 - ERROR - 结构嵌入提取失败: mat1 and mat2 shapes cannot be multiplied (1x8 and 26x40)
2025-07-10 09:10:38,044 - ERROR - 规则嵌入预计算失败: mat1 and mat2 shapes cannot be multiplied (1x8 and 26x40)
2025-07-10 09:10:38,045 - ERROR - 子图匹配失败: mat1 and mat2 shapes cannot be multiplied (1x8 and 26x40)
2025-07-10 09:10:38,052 - ERROR - 结构嵌入提取失败: mat1 and mat2 shapes cannot be multiplied (1x8 and 26x40)
2025-07-10 09:10:38,052 - ERROR - 规则嵌入预计算失败: mat1 and mat2 shapes cannot be multiplied (1x8 and 26x40)
2025-07-10 09:10:38,052 - ERROR - 子图匹配失败: mat1 and mat2 shapes cannot be multiplied (1x8 and 26x40)
2025-07-10 09:10:38,061 - ERROR - 结构嵌入提取失败: mat1 and mat2 shapes cannot be multiplied (1x8 and 26x40)
2025-07-10 09:10:38,061 - ERROR - 规则嵌入预计算失败: mat1 and mat2 shapes cannot be multiplied (1x8 and 26x40)
2025-07-10 09:10:38,062 - ERROR - 子图匹配失败: mat1 and mat2 shapes cannot be multiplied (1x8 and 26x40)
2025-07-10 09:10:38,070 - ERROR - 结构嵌入提取失败: mat1 and mat2 shapes cannot be multiplied (1x8 and 26x40)
2025-07-10 09:10:38,070 - ERROR - 规则嵌入预计算失败: mat1 and mat2 shapes cannot be multiplied (1x8 and 26x40)
2025-07-10 09:10:38,070 - ERROR - 子图匹配失败: mat1 and mat2 shapes cannot be multiplied (1x8 and 26x40)
2025-07-10 09:10:38,079 - ERROR - 结构嵌入提取失败: mat1 and mat2 shapes cannot be multiplied (1x8 and 26x40)
2025-07-10 09:10:38,079 - ERROR - 规则嵌入预计算失败: mat1 and mat2 shapes cannot be multiplied (1x8 and 26x40)
2025-07-10 09:10:38,080 - ERROR - 子图匹配失败: mat1 and mat2 shapes cannot be multiplied (1x8 and 26x40)
2025-07-10 09:10:38,086 - ERROR - 结构嵌入提取失败: mat1 and mat2 shapes cannot be multiplied (1x8 and 26x40)
2025-07-10 09:10:38,086 - ERROR - 规则嵌入预计算失败: mat1 and mat2 shapes cannot be multiplied (1x8 and 26x40)
2025-07-10 09:10:38,086 - ERROR - 子图匹配失败: mat1 and mat2 shapes cannot be multiplied (1x8 and 26x40)
2025-07-10 09:10:38,094 - ERROR - 结构嵌入提取失败: mat1 and mat2 shapes cannot be multiplied (1x8 and 26x40)
2025-07-10 09:10:38,096 - ERROR - 规则嵌入预计算失败: mat1 and mat2 shapes cannot be multiplied (1x8 and 26x40)
2025-07-10 09:10:38,096 - ERROR - 子图匹配失败: mat1 and mat2 shapes cannot be multiplied (1x8 and 26x40)
2025-07-10 09:10:38,102 - ERROR - 结构嵌入提取失败: mat1 and mat2 shapes cannot be multiplied (1x8 and 26x40)
2025-07-10 09:10:38,102 - ERROR - 规则嵌入预计算失败: mat1 and mat2 shapes cannot be multiplied (1x8 and 26x40)
2025-07-10 09:10:38,103 - ERROR - 子图匹配失败: mat1 and mat2 shapes cannot be multiplied (1x8 and 26x40)
2025-07-10 09:10:38,111 - ERROR - 结构嵌入提取失败: mat1 and mat2 shapes cannot be multiplied (1x8 and 26x40)
2025-07-10 09:10:38,113 - ERROR - 规则嵌入预计算失败: mat1 and mat2 shapes cannot be multiplied (1x8 and 26x40)
2025-07-10 09:10:38,113 - ERROR - 子图匹配失败: mat1 and mat2 shapes cannot be multiplied (1x8 and 26x40)
2025-07-10 09:10:38,119 - ERROR - 结构嵌入提取失败: mat1 and mat2 shapes cannot be multiplied (1x8 and 26x40)
2025-07-10 09:10:38,121 - ERROR - 规则嵌入预计算失败: mat1 and mat2 shapes cannot be multiplied (1x8 and 26x40)
2025-07-10 09:10:38,121 - ERROR - 子图匹配失败: mat1 and mat2 shapes cannot be multiplied (1x8 and 26x40)
2025-07-10 09:10:38,129 - ERROR - 结构嵌入提取失败: mat1 and mat2 shapes cannot be multiplied (1x8 and 26x40)
2025-07-10 09:10:38,130 - ERROR - 规则嵌入预计算失败: mat1 and mat2 shapes cannot be multiplied (1x8 and 26x40)
2025-07-10 09:10:38,130 - ERROR - 子图匹配失败: mat1 and mat2 shapes cannot be multiplied (1x8 and 26x40)
2025-07-10 09:10:38,138 - ERROR - 结构嵌入提取失败: mat1 and mat2 shapes cannot be multiplied (1x8 and 26x40)
2025-07-10 09:10:38,139 - ERROR - 规则嵌入预计算失败: mat1 and mat2 shapes cannot be multiplied (1x8 and 26x40)
2025-07-10 09:10:38,140 - ERROR - 子图匹配失败: mat1 and mat2 shapes cannot be multiplied (1x8 and 26x40)
2025-07-10 09:10:38,150 - ERROR - 结构嵌入提取失败: mat1 and mat2 shapes cannot be multiplied (1x8 and 26x40)
2025-07-10 09:10:38,150 - ERROR - 规则嵌入预计算失败: mat1 and mat2 shapes cannot be multiplied (1x8 and 26x40)
2025-07-10 09:10:38,151 - ERROR - 子图匹配失败: mat1 and mat2 shapes cannot be multiplied (1x8 and 26x40)
2025-07-10 09:10:38,158 - ERROR - 结构嵌入提取失败: mat1 and mat2 shapes cannot be multiplied (1x8 and 26x40)
2025-07-10 09:10:38,158 - ERROR - 规则嵌入预计算失败: mat1 and mat2 shapes cannot be multiplied (1x8 and 26x40)
2025-07-10 09:10:38,158 - ERROR - 子图匹配失败: mat1 and mat2 shapes cannot be multiplied (1x8 and 26x40)
2025-07-10 09:10:38,165 - ERROR - 结构嵌入提取失败: mat1 and mat2 shapes cannot be multiplied (1x8 and 26x40)
2025-07-10 09:10:38,166 - ERROR - 规则嵌入预计算失败: mat1 and mat2 shapes cannot be multiplied (1x8 and 26x40)
2025-07-10 09:10:38,167 - ERROR - 子图匹配失败: mat1 and mat2 shapes cannot be multiplied (1x8 and 26x40)
2025-07-10 09:10:38,173 - ERROR - 结构嵌入提取失败: mat1 and mat2 shapes cannot be multiplied (1x8 and 26x40)
2025-07-10 09:10:38,174 - ERROR - 规则嵌入预计算失败: mat1 and mat2 shapes cannot be multiplied (1x8 and 26x40)
2025-07-10 09:10:38,175 - ERROR - 子图匹配失败: mat1 and mat2 shapes cannot be multiplied (1x8 and 26x40)
