2025-07-09 07:29:29,697 - INFO - 成功加载预训练embedding
2025-07-09 07:29:29,760 - WARNING - 加载训练模型失败: No module named 'simple_train'
2025-07-09 07:29:29,762 - INFO - StructMatch系统初始化完成（集成语义增强）
2025-07-09 07:29:29,762 - INFO - 开始加载数据...
2025-07-09 07:29:30,714 - INFO - 成功加载知识图谱: 40559个实体, 11种关系, 86835个三元组
2025-07-09 07:29:30,715 - INFO - 成功加载2条规则
2025-07-09 07:29:30,716 - INFO - 数据加载完成
2025-07-09 07:29:31,022 - INFO - 规则类型: chain, 最大扩展步数: 2
2025-07-09 07:29:31,022 - INFO - Motif阈值: 0.98, 结构提升阈值: 0.0
2025-07-09 07:29:31,062 - INFO - 相似度提升检查: -0.0249 >= 0.0
2025-07-09 07:29:31,063 - INFO - 步骤 1: 相似度提升不足 (-0.0249), 停止扩展
2025-07-09 07:29:31,071 - ERROR - 子图匹配失败: 'EnhancedSemanticVerifier' object has no attribute 'semantic_verify'
2025-07-09 07:29:31,079 - INFO - 规则类型: chain, 最大扩展步数: 2
2025-07-09 07:29:31,080 - INFO - Motif阈值: 0.98, 结构提升阈值: 0.0
2025-07-09 07:29:31,116 - INFO - 相似度提升检查: -0.0646 >= 0.0
2025-07-09 07:29:31,117 - INFO - 步骤 1: 相似度提升不足 (-0.0646), 停止扩展
2025-07-09 07:29:31,122 - ERROR - 子图匹配失败: 'EnhancedSemanticVerifier' object has no attribute 'semantic_verify'
2025-07-09 07:29:31,130 - INFO - 规则类型: chain, 最大扩展步数: 2
2025-07-09 07:29:31,130 - INFO - Motif阈值: 0.98, 结构提升阈值: 0.0
2025-07-09 07:29:31,199 - INFO - 相似度提升检查: 0.0238 >= 0.0
2025-07-09 07:29:31,199 - INFO - 步骤 1: 添加边 ('01976089', '01974062', '_hypernym'), 相似度提升: 0.0238 (当前: 0.0264)
2025-07-09 07:29:31,199 - INFO - 步骤 1: 子图与规则同构，提前终止扩展
2025-07-09 07:29:31,203 - ERROR - 子图匹配失败: 'EnhancedSemanticVerifier' object has no attribute 'semantic_verify'
2025-07-09 07:29:31,211 - INFO - 规则类型: chain, 最大扩展步数: 2
2025-07-09 07:29:31,211 - INFO - Motif阈值: 0.98, 结构提升阈值: 0.0
2025-07-09 07:29:31,583 - INFO - 相似度提升检查: -0.0370 >= 0.0
2025-07-09 07:29:31,583 - INFO - 步骤 1: 相似度提升不足 (-0.0370), 停止扩展
2025-07-09 07:29:31,587 - ERROR - 子图匹配失败: 'EnhancedSemanticVerifier' object has no attribute 'semantic_verify'
2025-07-09 07:29:31,595 - INFO - 规则类型: chain, 最大扩展步数: 2
2025-07-09 07:29:31,595 - INFO - Motif阈值: 0.98, 结构提升阈值: 0.0
2025-07-09 07:29:32,009 - INFO - 相似度提升检查: -0.0190 >= 0.0
2025-07-09 07:29:32,009 - INFO - 步骤 1: 相似度提升不足 (-0.0190), 停止扩展
2025-07-09 07:29:32,014 - ERROR - 子图匹配失败: 'EnhancedSemanticVerifier' object has no attribute 'semantic_verify'
2025-07-09 07:29:32,021 - INFO - 规则类型: chain, 最大扩展步数: 2
2025-07-09 07:29:32,021 - INFO - Motif阈值: 0.98, 结构提升阈值: 0.0
2025-07-09 07:29:32,156 - INFO - 相似度提升检查: 0.0249 >= 0.0
2025-07-09 07:29:32,157 - INFO - 步骤 1: 添加边 ('00006484', '06037666', '_synset_domain_topic_of'), 相似度提升: 0.0249 (当前: -0.1245)
2025-07-09 07:29:32,157 - INFO - 步骤 1: 子图与规则同构，提前终止扩展
2025-07-09 07:29:32,163 - ERROR - 子图匹配失败: 'EnhancedSemanticVerifier' object has no attribute 'semantic_verify'
2025-07-09 07:29:32,174 - INFO - 规则类型: chain, 最大扩展步数: 2
2025-07-09 07:29:32,174 - INFO - Motif阈值: 0.98, 结构提升阈值: 0.0
2025-07-09 07:29:32,251 - INFO - 相似度提升检查: 0.0179 >= 0.0
2025-07-09 07:29:32,252 - INFO - 步骤 1: 添加边 ('00929718', '01698271', '_derivationally_related_form'), 相似度提升: 0.0179 (当前: -0.1266)
2025-07-09 07:29:32,252 - INFO - 步骤 1: 子图与规则同构，提前终止扩展
2025-07-09 07:29:32,258 - ERROR - 子图匹配失败: 'EnhancedSemanticVerifier' object has no attribute 'semantic_verify'
2025-07-09 07:29:32,269 - INFO - 规则类型: chain, 最大扩展步数: 2
2025-07-09 07:29:32,269 - INFO - Motif阈值: 0.98, 结构提升阈值: 0.0
2025-07-09 07:29:32,394 - INFO - 相似度提升检查: 0.2093 >= 0.0
2025-07-09 07:29:32,411 - INFO - 步骤 1: 添加边 ('00929718', '01698271', '_derivationally_related_form'), 相似度提升: 0.2093 (当前: 0.0944)
2025-07-09 07:29:32,411 - INFO - 步骤 1: 子图与规则同构，提前终止扩展
2025-07-09 07:29:32,420 - ERROR - 子图匹配失败: 'EnhancedSemanticVerifier' object has no attribute 'semantic_verify'
2025-07-09 07:29:32,502 - INFO - 规则类型: chain, 最大扩展步数: 2
2025-07-09 07:29:32,502 - INFO - Motif阈值: 0.98, 结构提升阈值: 0.0
2025-07-09 07:29:32,568 - INFO - 相似度提升检查: -0.0335 >= 0.0
2025-07-09 07:29:32,568 - INFO - 步骤 1: 相似度提升不足 (-0.0335), 停止扩展
2025-07-09 07:29:32,572 - ERROR - 子图匹配失败: 'EnhancedSemanticVerifier' object has no attribute 'semantic_verify'
2025-07-09 07:29:32,580 - INFO - 规则类型: chain, 最大扩展步数: 2
2025-07-09 07:29:32,580 - INFO - Motif阈值: 0.98, 结构提升阈值: 0.0
2025-07-09 07:29:32,911 - INFO - 相似度提升检查: 0.0219 >= 0.0
2025-07-09 07:29:32,912 - INFO - 步骤 1: 添加边 ('00055539', '08441203', '_synset_domain_topic_of'), 相似度提升: 0.0219 (当前: -0.0651)
2025-07-09 07:29:32,912 - INFO - 步骤 1: 子图与规则同构，提前终止扩展
2025-07-09 07:29:32,916 - ERROR - 子图匹配失败: 'EnhancedSemanticVerifier' object has no attribute 'semantic_verify'
