2025-07-09 09:20:21,852 - INFO - 成功加载预训练embedding
2025-07-09 09:20:21,924 - WARNING - 加载训练模型失败: No module named 'simple_train'
2025-07-09 09:20:21,926 - INFO - StructMatch系统初始化完成（集成语义增强）
2025-07-09 09:20:21,926 - INFO - 开始加载数据...
2025-07-09 09:20:23,015 - INFO - 成功加载知识图谱: 40559个实体, 11种关系, 86835个三元组
2025-07-09 09:20:23,017 - INFO - 成功加载2条规则
2025-07-09 09:20:23,017 - INFO - 数据加载完成
2025-07-09 09:20:23,223 - INFO - 开始批量匹配，共100个anchor，规则ID: rule_001
2025-07-09 09:20:23,224 - INFO - 规则第一个谓词: _also_see
2025-07-09 09:20:23,225 - INFO - 原始anchor数量: 100
2025-07-09 09:20:23,226 - INFO - 筛选后anchor数量: 2 (关系: _also_see)
2025-07-09 09:20:23,236 - INFO - 智能筛选后，保留2个相关anchor
2025-07-09 09:20:23,236 - INFO - 处理第1/2个anchor
2025-07-09 09:20:23,236 - INFO - 开始处理anchor: ('01974062', '_also_see', '01976089')
2025-07-09 09:20:23,264 - INFO - 最大扩展步数: 2
2025-07-09 09:20:23,481 - INFO - 步骤 1: 添加边 ('01853069', '01974062', '_hypernym'), 相似度提升: 0.0344
2025-07-09 09:20:23,683 - INFO - 步骤 2: 添加边 ('01975121', '01974062', '_hypernym'), 相似度提升: 0.0492
2025-07-09 09:20:23,692 - INFO - 匹配成功: True
2025-07-09 09:20:23,693 - INFO - 匹配得分: 0.9216
2025-07-09 09:20:23,693 - INFO - 扩展子图节点: ['01974062', '01976089', '01853069', '01975121']
2025-07-09 09:20:23,694 - INFO - 扩展子图边: [('01974062', '01976089', {'relation': '_also_see'}), ('01853069', '01974062', {'relation': '_hypernym'}), ('01975121', '01974062', {'relation': '_hypernym'})]
2025-07-09 09:20:23,695 - INFO - 处理第2/2个anchor
2025-07-09 09:20:23,695 - INFO - 开始处理anchor: ('01698271', '_also_see', '01754576')
2025-07-09 09:20:23,701 - INFO - 最大扩展步数: 2
2025-07-09 09:20:23,860 - INFO - 步骤 1: 添加边 ('01701634', '01698271', '_hypernym'), 相似度提升: 0.0207
2025-07-09 09:20:24,032 - INFO - 步骤 2: 添加边 ('05891572', '01701634', '_derivationally_related_form'), 相似度提升: 0.0429
2025-07-09 09:20:24,041 - INFO - 匹配成功: True
2025-07-09 09:20:24,041 - INFO - 匹配得分: 0.9534
2025-07-09 09:20:24,041 - INFO - 扩展子图节点: ['01698271', '01754576', '01701634', '05891572']
2025-07-09 09:20:24,042 - INFO - 扩展子图边: [('01698271', '01754576', {'relation': '_also_see'}), ('01701634', '01698271', {'relation': '_hypernym'}), ('05891572', '01701634', {'relation': '_derivationally_related_form'})]
2025-07-09 09:20:24,042 - INFO - 批量匹配完成: 2/2 成功匹配
2025-07-09 09:20:24,042 - INFO - 开始批量匹配，共100个anchor，规则ID: rule_002
2025-07-09 09:20:24,043 - INFO - 规则第一个谓词: _also_see
2025-07-09 09:20:24,043 - INFO - 原始anchor数量: 100
2025-07-09 09:20:24,043 - INFO - 筛选后anchor数量: 2 (关系: _also_see)
2025-07-09 09:20:24,044 - INFO - 智能筛选后，保留2个相关anchor
2025-07-09 09:20:24,044 - INFO - 处理第1/2个anchor
2025-07-09 09:20:24,044 - INFO - 开始处理anchor: ('01974062', '_also_see', '01976089')
2025-07-09 09:20:24,054 - INFO - 最大扩展步数: 2
2025-07-09 09:20:24,381 - INFO - 步骤 1: 添加边 ('00116376', '01974062', '_derivationally_related_form'), 相似度提升: 0.1179
2025-07-09 09:20:24,827 - INFO - 步骤 2: 添加边 ('00316594', '01974062', '_derivationally_related_form'), 相似度提升: 0.0211
2025-07-09 09:20:24,835 - INFO - 匹配成功: True
2025-07-09 09:20:24,835 - INFO - 匹配得分: 0.9749
2025-07-09 09:20:24,836 - INFO - 扩展子图节点: ['01974062', '01976089', '00116376', '00316594']
2025-07-09 09:20:24,836 - INFO - 扩展子图边: [('01974062', '01976089', {'relation': '_also_see'}), ('00116376', '01974062', {'relation': '_derivationally_related_form'}), ('00316594', '01974062', {'relation': '_derivationally_related_form'})]
2025-07-09 09:20:24,836 - INFO - 处理第2/2个anchor
2025-07-09 09:20:24,837 - INFO - 开始处理anchor: ('01698271', '_also_see', '01754576')
2025-07-09 09:20:24,844 - INFO - 最大扩展步数: 2
2025-07-09 09:20:24,954 - INFO - 步骤 1: 添加边 ('10794014', '01698271', '_derivationally_related_form'), 相似度提升: 0.0303
2025-07-09 09:20:25,290 - INFO - 步骤 2: 添加边 ('10843705', '10794014', '_instance_hypernym'), 相似度提升: 0.0324
2025-07-09 09:20:25,300 - INFO - 匹配成功: True
2025-07-09 09:20:25,300 - INFO - 匹配得分: 0.9748
2025-07-09 09:20:25,300 - INFO - 扩展子图节点: ['01698271', '01754576', '10794014', '10843705']
2025-07-09 09:20:25,300 - INFO - 扩展子图边: [('01698271', '01754576', {'relation': '_also_see'}), ('10794014', '01698271', {'relation': '_derivationally_related_form'}), ('10843705', '10794014', {'relation': '_instance_hypernym'})]
2025-07-09 09:20:25,301 - INFO - 批量匹配完成: 2/2 成功匹配
2025-07-09 09:20:25,302 - INFO - 结果已保存到: result2.json
