2025-07-09 08:14:07,357 - INFO - 成功加载预训练embedding
2025-07-09 08:14:07,431 - WARNING - 加载训练模型失败: No module named 'simple_train'
2025-07-09 08:14:07,432 - INFO - StructMatch系统初始化完成（集成语义增强）
2025-07-09 08:14:07,432 - INFO - 开始加载数据...
2025-07-09 08:14:08,281 - INFO - 成功加载知识图谱: 40559个实体, 11种关系, 86835个三元组
2025-07-09 08:14:08,281 - INFO - 成功加载2条规则
2025-07-09 08:14:08,281 - INFO - 数据加载完成
2025-07-09 08:14:08,410 - INFO - 开始批量匹配，共100个anchor，规则ID: rule_001
2025-07-09 08:14:08,411 - INFO - 处理第1/100个anchor
2025-07-09 08:14:08,412 - INFO - 开始处理anchor: ('00260881', '_hypernym', '00260622')
2025-07-09 08:14:08,425 - INFO - 规则类型: chain, 最大扩展步数: 2
2025-07-09 08:14:08,436 - INFO - Motif阈值: 0.98, 结构提升阈值: 0.0
2025-07-09 08:14:08,441 - INFO - 相似度提升检查: -0.2468 >= 0.0
2025-07-09 08:14:08,443 - INFO - 步骤 1: 相似度提升不足 (-0.2468), 停止扩展
2025-07-09 08:14:08,449 - ERROR - 子图匹配失败: can't multiply sequence by non-int of type 'float'
2025-07-09 08:14:08,450 - INFO - 匹配失败，处理时间: 0.0379秒
2025-07-09 08:14:08,451 - INFO - 处理第2/100个anchor
2025-07-09 08:14:08,451 - INFO - 开始处理anchor: ('00260881', '_synset_domain_topic_of', '01124794')
2025-07-09 08:14:08,456 - INFO - 规则类型: chain, 最大扩展步数: 2
2025-07-09 08:14:08,457 - INFO - Motif阈值: 0.98, 结构提升阈值: 0.0
2025-07-09 08:14:08,492 - INFO - 相似度提升检查: -0.0742 >= 0.0
2025-07-09 08:14:08,493 - INFO - 步骤 1: 相似度提升不足 (-0.0742), 停止扩展
2025-07-09 08:14:08,497 - ERROR - 子图匹配失败: can't multiply sequence by non-int of type 'float'
2025-07-09 08:14:08,498 - INFO - 匹配失败，处理时间: 0.0455秒
2025-07-09 08:14:08,498 - INFO - 处理第3/100个anchor
2025-07-09 08:14:08,498 - INFO - 开始处理anchor: ('00260622', '_derivationally_related_form', '00265386')
2025-07-09 08:14:08,503 - INFO - 规则类型: chain, 最大扩展步数: 2
2025-07-09 08:14:08,504 - INFO - Motif阈值: 0.98, 结构提升阈值: 0.0
2025-07-09 08:14:08,506 - INFO - 步骤 1: 没有找到合适的扩展边
2025-07-09 08:14:08,513 - ERROR - 子图匹配失败: can't multiply sequence by non-int of type 'float'
2025-07-09 08:14:08,514 - INFO - 匹配失败，处理时间: 0.0166秒
2025-07-09 08:14:08,514 - INFO - 处理第4/100个anchor
2025-07-09 08:14:08,515 - INFO - 开始处理anchor: ('00260622', '_hypernym', '00248977')
2025-07-09 08:14:08,519 - INFO - 规则类型: chain, 最大扩展步数: 2
2025-07-09 08:14:08,519 - INFO - Motif阈值: 0.98, 结构提升阈值: 0.0
2025-07-09 08:14:08,523 - INFO - 步骤 1: 没有找到合适的扩展边
2025-07-09 08:14:08,529 - ERROR - 子图匹配失败: can't multiply sequence by non-int of type 'float'
2025-07-09 08:14:08,530 - INFO - 匹配失败，处理时间: 0.0148秒
2025-07-09 08:14:08,530 - INFO - 处理第5/100个anchor
2025-07-09 08:14:08,530 - INFO - 开始处理anchor: ('00260622', '_derivationally_related_form', '00265673')
2025-07-09 08:14:08,535 - INFO - 规则类型: chain, 最大扩展步数: 2
2025-07-09 08:14:08,536 - INFO - Motif阈值: 0.98, 结构提升阈值: 0.0
2025-07-09 08:14:08,540 - INFO - 步骤 1: 没有找到合适的扩展边
2025-07-09 08:14:08,547 - ERROR - 子图匹配失败: can't multiply sequence by non-int of type 'float'
2025-07-09 08:14:08,547 - INFO - 匹配失败，处理时间: 0.0166秒
2025-07-09 08:14:08,548 - INFO - 处理第6/100个anchor
2025-07-09 08:14:08,548 - INFO - 开始处理anchor: ('01332730', '_derivationally_related_form', '03122748')
2025-07-09 08:14:08,553 - INFO - 规则类型: chain, 最大扩展步数: 2
2025-07-09 08:14:08,554 - INFO - Motif阈值: 0.98, 结构提升阈值: 0.0
2025-07-09 08:14:08,560 - INFO - 步骤 1: 没有找到合适的扩展边
2025-07-09 08:14:08,566 - ERROR - 子图匹配失败: can't multiply sequence by non-int of type 'float'
2025-07-09 08:14:08,567 - INFO - 匹配失败，处理时间: 0.0191秒
2025-07-09 08:14:08,567 - INFO - 处理第7/100个anchor
2025-07-09 08:14:08,567 - INFO - 开始处理anchor: ('01332730', '_derivationally_related_form', '02840619')
2025-07-09 08:14:08,575 - INFO - 规则类型: chain, 最大扩展步数: 2
2025-07-09 08:14:08,575 - INFO - Motif阈值: 0.98, 结构提升阈值: 0.0
2025-07-09 08:14:08,580 - INFO - 步骤 1: 没有找到合适的扩展边
2025-07-09 08:14:08,585 - ERROR - 子图匹配失败: can't multiply sequence by non-int of type 'float'
2025-07-09 08:14:08,585 - INFO - 匹配失败，处理时间: 0.0179秒
2025-07-09 08:14:08,585 - INFO - 处理第8/100个anchor
2025-07-09 08:14:08,586 - INFO - 开始处理anchor: ('01332730', '_verb_group', '01336635')
2025-07-09 08:14:08,594 - INFO - 规则类型: chain, 最大扩展步数: 2
2025-07-09 08:14:08,594 - INFO - Motif阈值: 0.98, 结构提升阈值: 0.0
2025-07-09 08:14:08,597 - INFO - 步骤 1: 没有找到合适的扩展边
2025-07-09 08:14:08,603 - ERROR - 子图匹配失败: can't multiply sequence by non-int of type 'float'
2025-07-09 08:14:08,603 - INFO - 匹配失败，处理时间: 0.0176秒
2025-07-09 08:14:08,604 - INFO - 处理第9/100个anchor
2025-07-09 08:14:08,604 - INFO - 开始处理anchor: ('01332730', '_verb_group', '01207951')
2025-07-09 08:14:08,611 - INFO - 规则类型: chain, 最大扩展步数: 2
2025-07-09 08:14:08,612 - INFO - Motif阈值: 0.98, 结构提升阈值: 0.0
2025-07-09 08:14:08,615 - INFO - 步骤 1: 没有找到合适的扩展边
2025-07-09 08:14:08,620 - ERROR - 子图匹配失败: can't multiply sequence by non-int of type 'float'
2025-07-09 08:14:08,621 - INFO - 匹配失败，处理时间: 0.0166秒
2025-07-09 08:14:08,622 - INFO - 处理第10/100个anchor
2025-07-09 08:14:08,622 - INFO - 开始处理anchor: ('01332730', '_derivationally_related_form', '04151940')
2025-07-09 08:14:08,628 - INFO - 规则类型: chain, 最大扩展步数: 2
2025-07-09 08:14:08,629 - INFO - Motif阈值: 0.98, 结构提升阈值: 0.0
2025-07-09 08:14:08,632 - INFO - 步骤 1: 没有找到合适的扩展边
2025-07-09 08:14:08,638 - ERROR - 子图匹配失败: can't multiply sequence by non-int of type 'float'
2025-07-09 08:14:08,639 - INFO - 匹配失败，处理时间: 0.0150秒
2025-07-09 08:14:08,640 - INFO - 处理第11/100个anchor
2025-07-09 08:14:08,642 - INFO - 开始处理anchor: ('03122748', '_derivationally_related_form', '01332730')
2025-07-09 08:14:08,649 - INFO - 规则类型: chain, 最大扩展步数: 2
2025-07-09 08:14:08,649 - INFO - Motif阈值: 0.98, 结构提升阈值: 0.0
2025-07-09 08:14:08,653 - INFO - 步骤 1: 没有找到合适的扩展边
2025-07-09 08:14:08,661 - ERROR - 子图匹配失败: can't multiply sequence by non-int of type 'float'
2025-07-09 08:14:08,662 - INFO - 匹配失败，处理时间: 0.0185秒
2025-07-09 08:14:08,662 - INFO - 处理第12/100个anchor
2025-07-09 08:14:08,662 - INFO - 开始处理anchor: ('03122748', '_hypernym', '00021939')
2025-07-09 08:14:08,668 - INFO - 规则类型: chain, 最大扩展步数: 2
2025-07-09 08:14:08,669 - INFO - Motif阈值: 0.98, 结构提升阈值: 0.0
2025-07-09 08:14:08,673 - INFO - 步骤 1: 没有找到合适的扩展边
2025-07-09 08:14:08,678 - ERROR - 子图匹配失败: can't multiply sequence by non-int of type 'float'
2025-07-09 08:14:08,679 - INFO - 匹配失败，处理时间: 0.0160秒
2025-07-09 08:14:08,679 - INFO - 处理第13/100个anchor
2025-07-09 08:14:08,680 - INFO - 开始处理anchor: ('06066555', '_derivationally_related_form', '00645415')
2025-07-09 08:14:08,684 - INFO - 规则类型: chain, 最大扩展步数: 2
2025-07-09 08:14:08,684 - INFO - Motif阈值: 0.98, 结构提升阈值: 0.0
2025-07-09 08:14:08,727 - INFO - 相似度提升检查: -0.1607 >= 0.0
2025-07-09 08:14:08,727 - INFO - 步骤 1: 相似度提升不足 (-0.1607), 停止扩展
2025-07-09 08:14:08,732 - ERROR - 子图匹配失败: can't multiply sequence by non-int of type 'float'
2025-07-09 08:14:08,733 - INFO - 匹配失败，处理时间: 0.0528秒
2025-07-09 08:14:08,733 - INFO - 处理第14/100个anchor
2025-07-09 08:14:08,733 - INFO - 开始处理anchor: ('06066555', '_derivationally_related_form', '09868270')
2025-07-09 08:14:08,739 - INFO - 规则类型: chain, 最大扩展步数: 2
2025-07-09 08:14:08,739 - INFO - Motif阈值: 0.98, 结构提升阈值: 0.0
2025-07-09 08:14:08,782 - INFO - 相似度提升检查: -0.0606 >= 0.0
2025-07-09 08:14:08,782 - INFO - 步骤 1: 相似度提升不足 (-0.0606), 停止扩展
2025-07-09 08:14:08,789 - ERROR - 子图匹配失败: can't multiply sequence by non-int of type 'float'
2025-07-09 08:14:08,790 - INFO - 匹配失败，处理时间: 0.0555秒
2025-07-09 08:14:08,790 - INFO - 处理第15/100个anchor
2025-07-09 08:14:08,792 - INFO - 开始处理anchor: ('06066555', '_hypernym', '06037666')
2025-07-09 08:14:08,799 - INFO - 规则类型: chain, 最大扩展步数: 2
2025-07-09 08:14:08,799 - INFO - Motif阈值: 0.98, 结构提升阈值: 0.0
2025-07-09 08:14:08,924 - INFO - 相似度提升检查: -0.0814 >= 0.0
2025-07-09 08:14:08,924 - INFO - 步骤 1: 相似度提升不足 (-0.0814), 停止扩展
2025-07-09 08:14:08,930 - ERROR - 子图匹配失败: can't multiply sequence by non-int of type 'float'
2025-07-09 08:14:08,931 - INFO - 匹配失败，处理时间: 0.1373秒
2025-07-09 08:14:08,931 - INFO - 处理第16/100个anchor
2025-07-09 08:14:08,932 - INFO - 开始处理anchor: ('00645415', '_derivationally_related_form', '06066555')
2025-07-09 08:14:08,940 - INFO - 规则类型: chain, 最大扩展步数: 2
2025-07-09 08:14:08,941 - INFO - Motif阈值: 0.98, 结构提升阈值: 0.0
2025-07-09 08:14:08,996 - INFO - 相似度提升检查: -0.1138 >= 0.0
2025-07-09 08:14:08,996 - INFO - 步骤 1: 相似度提升不足 (-0.1138), 停止扩展
2025-07-09 08:14:09,003 - ERROR - 子图匹配失败: can't multiply sequence by non-int of type 'float'
2025-07-09 08:14:09,003 - INFO - 匹配失败，处理时间: 0.0716秒
2025-07-09 08:14:09,004 - INFO - 处理第17/100个anchor
2025-07-09 08:14:09,004 - INFO - 开始处理anchor: ('00645415', '_hypernym', '00643473')
2025-07-09 08:14:09,013 - INFO - 规则类型: chain, 最大扩展步数: 2
2025-07-09 08:14:09,013 - INFO - Motif阈值: 0.98, 结构提升阈值: 0.0
2025-07-09 08:14:09,017 - INFO - 相似度提升检查: -0.1057 >= 0.0
2025-07-09 08:14:09,018 - INFO - 步骤 1: 相似度提升不足 (-0.1057), 停止扩展
2025-07-09 08:14:09,024 - ERROR - 子图匹配失败: can't multiply sequence by non-int of type 'float'
2025-07-09 08:14:09,025 - INFO - 匹配失败，处理时间: 0.0194秒
2025-07-09 08:14:09,025 - INFO - 处理第18/100个anchor
2025-07-09 08:14:09,026 - INFO - 开始处理anchor: ('09322930', '_instance_hypernym', '09360122')
2025-07-09 08:14:09,033 - INFO - 规则类型: chain, 最大扩展步数: 2
2025-07-09 08:14:09,034 - INFO - Motif阈值: 0.98, 结构提升阈值: 0.0
2025-07-09 08:14:09,038 - INFO - 步骤 1: 没有找到合适的扩展边
2025-07-09 08:14:09,050 - ERROR - 子图匹配失败: can't multiply sequence by non-int of type 'float'
2025-07-09 08:14:09,050 - INFO - 匹配失败，处理时间: 0.0240秒
2025-07-09 08:14:09,051 - INFO - 处理第19/100个anchor
2025-07-09 08:14:09,052 - INFO - 开始处理anchor: ('09360122', '_hypernym', '08617963')
2025-07-09 08:14:09,058 - INFO - 规则类型: chain, 最大扩展步数: 2
2025-07-09 08:14:09,059 - INFO - Motif阈值: 0.98, 结构提升阈值: 0.0
2025-07-09 08:14:09,065 - INFO - 步骤 1: 没有找到合适的扩展边
2025-07-09 08:14:09,071 - ERROR - 子图匹配失败: can't multiply sequence by non-int of type 'float'
2025-07-09 08:14:09,072 - INFO - 匹配失败，处理时间: 0.0205秒
2025-07-09 08:14:09,073 - INFO - 处理第20/100个anchor
2025-07-09 08:14:09,073 - INFO - 开始处理anchor: ('07193596', '_derivationally_related_form', '00784342')
2025-07-09 08:14:09,078 - INFO - 规则类型: chain, 最大扩展步数: 2
2025-07-09 08:14:09,078 - INFO - Motif阈值: 0.98, 结构提升阈值: 0.0
2025-07-09 08:14:09,081 - INFO - 步骤 1: 没有找到合适的扩展边
2025-07-09 08:14:09,085 - ERROR - 子图匹配失败: can't multiply sequence by non-int of type 'float'
2025-07-09 08:14:09,086 - INFO - 匹配失败，处理时间: 0.0124秒
2025-07-09 08:14:09,086 - INFO - 处理第21/100个anchor
2025-07-09 08:14:09,087 - INFO - 开始处理anchor: ('07193596', '_derivationally_related_form', '00788184')
2025-07-09 08:14:09,095 - INFO - 规则类型: chain, 最大扩展步数: 2
2025-07-09 08:14:09,095 - INFO - Motif阈值: 0.98, 结构提升阈值: 0.0
2025-07-09 08:14:09,098 - INFO - 步骤 1: 没有找到合适的扩展边
2025-07-09 08:14:09,104 - ERROR - 子图匹配失败: can't multiply sequence by non-int of type 'float'
2025-07-09 08:14:09,104 - INFO - 匹配失败，处理时间: 0.0159秒
2025-07-09 08:14:09,105 - INFO - 处理第22/100个anchor
2025-07-09 08:14:09,105 - INFO - 开始处理anchor: ('07193596', '_hypernym', '07193184')
2025-07-09 08:14:09,113 - INFO - 规则类型: chain, 最大扩展步数: 2
2025-07-09 08:14:09,113 - INFO - Motif阈值: 0.98, 结构提升阈值: 0.0
2025-07-09 08:14:09,115 - INFO - 步骤 1: 没有找到合适的扩展边
2025-07-09 08:14:09,121 - ERROR - 子图匹配失败: can't multiply sequence by non-int of type 'float'
2025-07-09 08:14:09,122 - INFO - 匹配失败，处理时间: 0.0170秒
2025-07-09 08:14:09,122 - INFO - 处理第23/100个anchor
2025-07-09 08:14:09,123 - INFO - 开始处理anchor: ('07193596', '_derivationally_related_form', '00808855')
2025-07-09 08:14:09,130 - INFO - 规则类型: chain, 最大扩展步数: 2
2025-07-09 08:14:09,130 - INFO - Motif阈值: 0.98, 结构提升阈值: 0.0
2025-07-09 08:14:09,134 - INFO - 步骤 1: 没有找到合适的扩展边
2025-07-09 08:14:09,140 - ERROR - 子图匹配失败: can't multiply sequence by non-int of type 'float'
2025-07-09 08:14:09,141 - INFO - 匹配失败，处理时间: 0.0183秒
2025-07-09 08:14:09,142 - INFO - 处理第24/100个anchor
2025-07-09 08:14:09,142 - INFO - 开始处理anchor: ('07193596', '_derivationally_related_form', '00785008')
2025-07-09 08:14:09,149 - INFO - 规则类型: chain, 最大扩展步数: 2
2025-07-09 08:14:09,149 - INFO - Motif阈值: 0.98, 结构提升阈值: 0.0
2025-07-09 08:14:09,151 - INFO - 步骤 1: 没有找到合适的扩展边
2025-07-09 08:14:09,156 - ERROR - 子图匹配失败: can't multiply sequence by non-int of type 'float'
2025-07-09 08:14:09,156 - INFO - 匹配失败，处理时间: 0.0134秒
2025-07-09 08:14:09,157 - INFO - 处理第25/100个anchor
2025-07-09 08:14:09,157 - INFO - 开始处理anchor: ('00784342', '_derivationally_related_form', '10207831')
2025-07-09 08:14:09,165 - INFO - 规则类型: chain, 最大扩展步数: 2
2025-07-09 08:14:09,174 - INFO - Motif阈值: 0.98, 结构提升阈值: 0.0
2025-07-09 08:14:09,179 - INFO - 步骤 1: 没有找到合适的扩展边
2025-07-09 08:14:09,184 - ERROR - 子图匹配失败: can't multiply sequence by non-int of type 'float'
2025-07-09 08:14:09,186 - INFO - 匹配失败，处理时间: 0.0272秒
2025-07-09 08:14:09,186 - INFO - 处理第26/100个anchor
2025-07-09 08:14:09,186 - INFO - 开始处理anchor: ('00784342', '_hypernym', '00740577')
2025-07-09 08:14:09,195 - INFO - 规则类型: chain, 最大扩展步数: 2
2025-07-09 08:14:09,195 - INFO - Motif阈值: 0.98, 结构提升阈值: 0.0
2025-07-09 08:14:09,199 - INFO - 步骤 1: 没有找到合适的扩展边
2025-07-09 08:14:09,205 - ERROR - 子图匹配失败: can't multiply sequence by non-int of type 'float'
2025-07-09 08:14:09,205 - INFO - 匹配失败，处理时间: 0.0189秒
2025-07-09 08:14:09,205 - INFO - 处理第27/100个anchor
2025-07-09 08:14:09,206 - INFO - 开始处理anchor: ('00784342', '_derivationally_related_form', '07193596')
2025-07-09 08:14:09,216 - INFO - 规则类型: chain, 最大扩展步数: 2
2025-07-09 08:14:09,216 - INFO - Motif阈值: 0.98, 结构提升阈值: 0.0
2025-07-09 08:14:09,219 - INFO - 步骤 1: 没有找到合适的扩展边
2025-07-09 08:14:09,236 - ERROR - 子图匹配失败: can't multiply sequence by non-int of type 'float'
2025-07-09 08:14:09,238 - INFO - 匹配失败，处理时间: 0.0311秒
2025-07-09 08:14:09,238 - INFO - 处理第28/100个anchor
2025-07-09 08:14:09,239 - INFO - 开始处理anchor: ('00784342', '_verb_group', '00897746')
2025-07-09 08:14:09,251 - INFO - 规则类型: chain, 最大扩展步数: 2
2025-07-09 08:14:09,251 - INFO - Motif阈值: 0.98, 结构提升阈值: 0.0
2025-07-09 08:14:09,256 - INFO - 步骤 1: 没有找到合适的扩展边
2025-07-09 08:14:09,266 - ERROR - 子图匹配失败: can't multiply sequence by non-int of type 'float'
2025-07-09 08:14:09,267 - INFO - 匹配失败，处理时间: 0.0266秒
2025-07-09 08:14:09,267 - INFO - 处理第29/100个anchor
2025-07-09 08:14:09,267 - INFO - 开始处理anchor: ('00784342', '_derivationally_related_form', '07193184')
2025-07-09 08:14:09,274 - INFO - 规则类型: chain, 最大扩展步数: 2
2025-07-09 08:14:09,277 - INFO - Motif阈值: 0.98, 结构提升阈值: 0.0
2025-07-09 08:14:09,281 - INFO - 步骤 1: 没有找到合适的扩展边
2025-07-09 08:14:09,287 - ERROR - 子图匹配失败: can't multiply sequence by non-int of type 'float'
2025-07-09 08:14:09,295 - INFO - 匹配失败，处理时间: 0.0249秒
2025-07-09 08:14:09,296 - INFO - 处理第30/100个anchor
2025-07-09 08:14:09,297 - INFO - 开始处理anchor: ('00784342', '_verb_group', '00784727')
2025-07-09 08:14:09,307 - INFO - 规则类型: chain, 最大扩展步数: 2
2025-07-09 08:14:09,312 - INFO - Motif阈值: 0.98, 结构提升阈值: 0.0
2025-07-09 08:14:09,316 - INFO - 步骤 1: 没有找到合适的扩展边
2025-07-09 08:14:09,328 - ERROR - 子图匹配失败: can't multiply sequence by non-int of type 'float'
2025-07-09 08:14:09,329 - INFO - 匹配失败，处理时间: 0.0312秒
2025-07-09 08:14:09,329 - INFO - 处理第31/100个anchor
2025-07-09 08:14:09,330 - INFO - 开始处理anchor: ('01768969', '_derivationally_related_form', '02636811')
2025-07-09 08:14:09,339 - INFO - 规则类型: chain, 最大扩展步数: 2
2025-07-09 08:14:09,340 - INFO - Motif阈值: 0.98, 结构提升阈值: 0.0
2025-07-09 08:14:09,347 - INFO - 相似度提升检查: -0.1029 >= 0.0
2025-07-09 08:14:09,347 - INFO - 步骤 1: 相似度提升不足 (-0.1029), 停止扩展
2025-07-09 08:14:09,356 - ERROR - 子图匹配失败: can't multiply sequence by non-int of type 'float'
2025-07-09 08:14:09,358 - INFO - 匹配失败，处理时间: 0.0279秒
2025-07-09 08:14:09,361 - INFO - 处理第32/100个anchor
2025-07-09 08:14:09,361 - INFO - 开始处理anchor: ('01768969', '_hypernym', '08103777')
2025-07-09 08:14:09,370 - INFO - 规则类型: chain, 最大扩展步数: 2
2025-07-09 08:14:09,371 - INFO - Motif阈值: 0.98, 结构提升阈值: 0.0
2025-07-09 08:14:09,385 - INFO - 相似度提升检查: -0.0971 >= 0.0
2025-07-09 08:14:09,387 - INFO - 步骤 1: 相似度提升不足 (-0.0971), 停止扩展
2025-07-09 08:14:09,400 - ERROR - 子图匹配失败: can't multiply sequence by non-int of type 'float'
2025-07-09 08:14:09,400 - INFO - 匹配失败，处理时间: 0.0383秒
2025-07-09 08:14:09,400 - INFO - 处理第33/100个anchor
2025-07-09 08:14:09,401 - INFO - 开始处理anchor: ('01768969', '_member_meronym', '01775879')
2025-07-09 08:14:09,414 - INFO - 规则类型: chain, 最大扩展步数: 2
2025-07-09 08:14:09,415 - INFO - Motif阈值: 0.98, 结构提升阈值: 0.0
2025-07-09 08:14:09,419 - INFO - 步骤 1: 没有找到合适的扩展边
2025-07-09 08:14:09,426 - ERROR - 子图匹配失败: can't multiply sequence by non-int of type 'float'
2025-07-09 08:14:09,427 - INFO - 匹配失败，处理时间: 0.0261秒
2025-07-09 08:14:09,429 - INFO - 处理第34/100个anchor
2025-07-09 08:14:09,429 - INFO - 开始处理anchor: ('01768969', '_member_meronym', '01771966')
2025-07-09 08:14:09,439 - INFO - 规则类型: chain, 最大扩展步数: 2
2025-07-09 08:14:09,441 - INFO - Motif阈值: 0.98, 结构提升阈值: 0.0
2025-07-09 08:14:09,447 - INFO - 步骤 1: 没有找到合适的扩展边
2025-07-09 08:14:09,457 - ERROR - 子图匹配失败: can't multiply sequence by non-int of type 'float'
2025-07-09 08:14:09,458 - INFO - 匹配失败，处理时间: 0.0281秒
2025-07-09 08:14:09,459 - INFO - 处理第35/100个anchor
2025-07-09 08:14:09,460 - INFO - 开始处理anchor: ('01768969', '_member_meronym', '01769347')
2025-07-09 08:14:09,472 - INFO - 规则类型: chain, 最大扩展步数: 2
2025-07-09 08:14:09,474 - INFO - Motif阈值: 0.98, 结构提升阈值: 0.0
2025-07-09 08:14:09,479 - INFO - 步骤 1: 没有找到合适的扩展边
2025-07-09 08:14:09,485 - ERROR - 子图匹配失败: can't multiply sequence by non-int of type 'float'
2025-07-09 08:14:09,486 - INFO - 匹配失败，处理时间: 0.0240秒
2025-07-09 08:14:09,487 - INFO - 处理第36/100个anchor
2025-07-09 08:14:09,487 - INFO - 开始处理anchor: ('01768969', '_member_meronym', '01770553')
2025-07-09 08:14:09,498 - INFO - 规则类型: chain, 最大扩展步数: 2
2025-07-09 08:14:09,498 - INFO - Motif阈值: 0.98, 结构提升阈值: 0.0
2025-07-09 08:14:09,504 - INFO - 步骤 1: 没有找到合适的扩展边
2025-07-09 08:14:09,512 - ERROR - 子图匹配失败: can't multiply sequence by non-int of type 'float'
2025-07-09 08:14:09,513 - INFO - 匹配失败，处理时间: 0.0258秒
2025-07-09 08:14:09,513 - INFO - 处理第37/100个anchor
2025-07-09 08:14:09,513 - INFO - 开始处理anchor: ('01768969', '_member_meronym', '01769635')
2025-07-09 08:14:09,522 - INFO - 规则类型: chain, 最大扩展步数: 2
2025-07-09 08:14:09,523 - INFO - Motif阈值: 0.98, 结构提升阈值: 0.0
2025-07-09 08:14:09,527 - INFO - 步骤 1: 没有找到合适的扩展边
2025-07-09 08:14:09,534 - ERROR - 子图匹配失败: can't multiply sequence by non-int of type 'float'
2025-07-09 08:14:09,535 - INFO - 匹配失败，处理时间: 0.0206秒
2025-07-09 08:14:09,535 - INFO - 处理第38/100个anchor
2025-07-09 08:14:09,535 - INFO - 开始处理anchor: ('02636811', '_derivationally_related_form', '01769347')
2025-07-09 08:14:09,541 - INFO - 规则类型: chain, 最大扩展步数: 2
2025-07-09 08:14:09,541 - INFO - Motif阈值: 0.98, 结构提升阈值: 0.0
2025-07-09 08:14:09,547 - INFO - 相似度提升检查: -0.0546 >= 0.0
2025-07-09 08:14:09,547 - INFO - 步骤 1: 相似度提升不足 (-0.0546), 停止扩展
2025-07-09 08:14:09,554 - ERROR - 子图匹配失败: can't multiply sequence by non-int of type 'float'
2025-07-09 08:14:09,555 - INFO - 匹配失败，处理时间: 0.0189秒
2025-07-09 08:14:09,556 - INFO - 处理第39/100个anchor
2025-07-09 08:14:09,556 - INFO - 开始处理anchor: ('02636811', '_synset_domain_topic_of', '06083243')
2025-07-09 08:14:09,564 - INFO - 规则类型: chain, 最大扩展步数: 2
2025-07-09 08:14:09,565 - INFO - Motif阈值: 0.98, 结构提升阈值: 0.0
2025-07-09 08:14:09,605 - INFO - 相似度提升检查: -0.1200 >= 0.0
2025-07-09 08:14:09,606 - INFO - 步骤 1: 相似度提升不足 (-0.1200), 停止扩展
2025-07-09 08:14:09,614 - ERROR - 子图匹配失败: can't multiply sequence by non-int of type 'float'
2025-07-09 08:14:09,615 - INFO - 匹配失败，处理时间: 0.0570秒
2025-07-09 08:14:09,615 - INFO - 处理第40/100个anchor
2025-07-09 08:14:09,615 - INFO - 开始处理anchor: ('02636811', '_derivationally_related_form', '01768969')
2025-07-09 08:14:09,620 - INFO - 规则类型: chain, 最大扩展步数: 2
2025-07-09 08:14:09,621 - INFO - Motif阈值: 0.98, 结构提升阈值: 0.0
2025-07-09 08:14:09,627 - INFO - 相似度提升检查: -0.0790 >= 0.0
2025-07-09 08:14:09,627 - INFO - 步骤 1: 相似度提升不足 (-0.0790), 停止扩展
2025-07-09 08:14:09,633 - ERROR - 子图匹配失败: can't multiply sequence by non-int of type 'float'
2025-07-09 08:14:09,633 - INFO - 匹配失败，处理时间: 0.0187秒
2025-07-09 08:14:09,634 - INFO - 处理第41/100个anchor
2025-07-09 08:14:09,634 - INFO - 开始处理anchor: ('02636811', '_derivationally_related_form', '01772222')
2025-07-09 08:14:09,641 - INFO - 规则类型: chain, 最大扩展步数: 2
2025-07-09 08:14:09,641 - INFO - Motif阈值: 0.98, 结构提升阈值: 0.0
2025-07-09 08:14:09,648 - INFO - 相似度提升检查: -0.1171 >= 0.0
2025-07-09 08:14:09,648 - INFO - 步骤 1: 相似度提升不足 (-0.1171), 停止扩展
2025-07-09 08:14:09,654 - ERROR - 子图匹配失败: can't multiply sequence by non-int of type 'float'
2025-07-09 08:14:09,655 - INFO - 匹配失败，处理时间: 0.0208秒
2025-07-09 08:14:09,656 - INFO - 处理第42/100个anchor
2025-07-09 08:14:09,656 - INFO - 开始处理anchor: ('01455754', '_hypernym', '01974062')
2025-07-09 08:14:09,671 - INFO - 规则类型: chain, 最大扩展步数: 2
2025-07-09 08:14:09,671 - INFO - Motif阈值: 0.98, 结构提升阈值: 0.0
2025-07-09 08:14:09,681 - INFO - 相似度提升检查: -0.0782 >= 0.0
2025-07-09 08:14:09,683 - INFO - 步骤 1: 相似度提升不足 (-0.0782), 停止扩展
2025-07-09 08:14:09,692 - ERROR - 子图匹配失败: can't multiply sequence by non-int of type 'float'
2025-07-09 08:14:09,693 - INFO - 匹配失败，处理时间: 0.0359秒
2025-07-09 08:14:09,693 - INFO - 处理第43/100个anchor
2025-07-09 08:14:09,694 - INFO - 开始处理anchor: ('01974062', '_derivationally_related_form', '09206985')
2025-07-09 08:14:09,706 - INFO - 规则类型: chain, 最大扩展步数: 2
2025-07-09 08:14:09,711 - INFO - Motif阈值: 0.98, 结构提升阈值: 0.0
2025-07-09 08:14:09,719 - INFO - 相似度提升检查: -0.0689 >= 0.0
2025-07-09 08:14:09,720 - INFO - 步骤 1: 相似度提升不足 (-0.0689), 停止扩展
2025-07-09 08:14:09,727 - ERROR - 子图匹配失败: can't multiply sequence by non-int of type 'float'
2025-07-09 08:14:09,728 - INFO - 匹配失败，处理时间: 0.0327秒
2025-07-09 08:14:09,729 - INFO - 处理第44/100个anchor
2025-07-09 08:14:09,730 - INFO - 开始处理anchor: ('01974062', '_derivationally_related_form', '07348399')
2025-07-09 08:14:09,740 - INFO - 规则类型: chain, 最大扩展步数: 2
2025-07-09 08:14:09,741 - INFO - Motif阈值: 0.98, 结构提升阈值: 0.0
2025-07-09 08:14:09,749 - INFO - 相似度提升检查: -0.1169 >= 0.0
2025-07-09 08:14:09,750 - INFO - 步骤 1: 相似度提升不足 (-0.1169), 停止扩展
2025-07-09 08:14:09,758 - ERROR - 子图匹配失败: can't multiply sequence by non-int of type 'float'
2025-07-09 08:14:09,761 - INFO - 匹配失败，处理时间: 0.0295秒
2025-07-09 08:14:09,761 - INFO - 处理第45/100个anchor
2025-07-09 08:14:09,762 - INFO - 开始处理anchor: ('01974062', '_derivationally_related_form', '10773394')
2025-07-09 08:14:09,768 - INFO - 规则类型: chain, 最大扩展步数: 2
2025-07-09 08:14:09,769 - INFO - Motif阈值: 0.98, 结构提升阈值: 0.0
2025-07-09 08:14:09,778 - INFO - 相似度提升检查: -0.0600 >= 0.0
2025-07-09 08:14:09,779 - INFO - 步骤 1: 相似度提升不足 (-0.0600), 停止扩展
2025-07-09 08:14:09,790 - ERROR - 子图匹配失败: can't multiply sequence by non-int of type 'float'
2025-07-09 08:14:09,792 - INFO - 匹配失败，处理时间: 0.0301秒
2025-07-09 08:14:09,794 - INFO - 处理第46/100个anchor
2025-07-09 08:14:09,795 - INFO - 开始处理anchor: ('01974062', '_derivationally_related_form', '07370671')
2025-07-09 08:14:09,800 - INFO - 规则类型: chain, 最大扩展步数: 2
2025-07-09 08:14:09,801 - INFO - Motif阈值: 0.98, 结构提升阈值: 0.0
2025-07-09 08:14:09,810 - INFO - 相似度提升检查: -0.0826 >= 0.0
2025-07-09 08:14:09,811 - INFO - 步骤 1: 相似度提升不足 (-0.0826), 停止扩展
2025-07-09 08:14:09,818 - ERROR - 子图匹配失败: can't multiply sequence by non-int of type 'float'
2025-07-09 08:14:09,819 - INFO - 匹配失败，处理时间: 0.0234秒
2025-07-09 08:14:09,820 - INFO - 处理第47/100个anchor
2025-07-09 08:14:09,820 - INFO - 开始处理anchor: ('01974062', '_derivationally_related_form', '00116376')
2025-07-09 08:14:09,830 - INFO - 规则类型: chain, 最大扩展步数: 2
2025-07-09 08:14:09,831 - INFO - Motif阈值: 0.98, 结构提升阈值: 0.0
2025-07-09 08:14:09,837 - INFO - 相似度提升检查: -0.1004 >= 0.0
2025-07-09 08:14:09,838 - INFO - 步骤 1: 相似度提升不足 (-0.1004), 停止扩展
2025-07-09 08:14:09,851 - ERROR - 子图匹配失败: can't multiply sequence by non-int of type 'float'
2025-07-09 08:14:09,851 - INFO - 匹配失败，处理时间: 0.0311秒
2025-07-09 08:14:09,852 - INFO - 处理第48/100个anchor
2025-07-09 08:14:09,852 - INFO - 开始处理anchor: ('01974062', '_derivationally_related_form', '04231693')
2025-07-09 08:14:09,861 - INFO - 规则类型: chain, 最大扩展步数: 2
2025-07-09 08:14:09,861 - INFO - Motif阈值: 0.98, 结构提升阈值: 0.0
2025-07-09 08:14:09,870 - INFO - 相似度提升检查: -0.0757 >= 0.0
2025-07-09 08:14:09,871 - INFO - 步骤 1: 相似度提升不足 (-0.0757), 停止扩展
2025-07-09 08:14:09,876 - ERROR - 子图匹配失败: can't multiply sequence by non-int of type 'float'
2025-07-09 08:14:09,879 - INFO - 匹配失败，处理时间: 0.0254秒
2025-07-09 08:14:09,879 - INFO - 处理第49/100个anchor
2025-07-09 08:14:09,879 - INFO - 开始处理anchor: ('01974062', '_derivationally_related_form', '09366317')
2025-07-09 08:14:09,887 - INFO - 规则类型: chain, 最大扩展步数: 2
2025-07-09 08:14:09,888 - INFO - Motif阈值: 0.98, 结构提升阈值: 0.0
2025-07-09 08:14:09,896 - INFO - 相似度提升检查: -0.0797 >= 0.0
2025-07-09 08:14:09,896 - INFO - 步骤 1: 相似度提升不足 (-0.0797), 停止扩展
2025-07-09 08:14:09,911 - ERROR - 子图匹配失败: can't multiply sequence by non-int of type 'float'
2025-07-09 08:14:09,912 - INFO - 匹配失败，处理时间: 0.0307秒
2025-07-09 08:14:09,912 - INFO - 处理第50/100个anchor
2025-07-09 08:14:09,912 - INFO - 开始处理anchor: ('01974062', '_derivationally_related_form', '03281145')
2025-07-09 08:14:09,932 - INFO - 规则类型: chain, 最大扩展步数: 2
2025-07-09 08:14:09,933 - INFO - Motif阈值: 0.98, 结构提升阈值: 0.0
2025-07-09 08:14:09,945 - INFO - 相似度提升检查: -0.0817 >= 0.0
2025-07-09 08:14:09,946 - INFO - 步骤 1: 相似度提升不足 (-0.0817), 停止扩展
2025-07-09 08:14:09,960 - ERROR - 子图匹配失败: can't multiply sequence by non-int of type 'float'
2025-07-09 08:14:09,961 - INFO - 匹配失败，处理时间: 0.0479秒
2025-07-09 08:14:09,961 - INFO - 处理第51/100个anchor
2025-07-09 08:14:09,961 - INFO - 开始处理anchor: ('01974062', '_derivationally_related_form', '05131283')
2025-07-09 08:14:09,969 - INFO - 规则类型: chain, 最大扩展步数: 2
2025-07-09 08:14:09,969 - INFO - Motif阈值: 0.98, 结构提升阈值: 0.0
2025-07-09 08:14:09,980 - INFO - 相似度提升检查: -0.0797 >= 0.0
2025-07-09 08:14:09,980 - INFO - 步骤 1: 相似度提升不足 (-0.0797), 停止扩展
2025-07-09 08:14:09,990 - ERROR - 子图匹配失败: can't multiply sequence by non-int of type 'float'
2025-07-09 08:14:09,991 - INFO - 匹配失败，处理时间: 0.0279秒
2025-07-09 08:14:09,991 - INFO - 处理第52/100个anchor
2025-07-09 08:14:09,992 - INFO - 开始处理anchor: ('01974062', '_also_see', '01976089')
2025-07-09 08:14:09,998 - INFO - 规则类型: chain, 最大扩展步数: 2
2025-07-09 08:14:09,999 - INFO - Motif阈值: 0.98, 结构提升阈值: 0.0
2025-07-09 08:14:10,073 - INFO - 相似度提升检查: -0.0780 >= 0.0
2025-07-09 08:14:10,073 - INFO - 步骤 1: 相似度提升不足 (-0.0780), 停止扩展
2025-07-09 08:14:10,089 - ERROR - 子图匹配失败: can't multiply sequence by non-int of type 'float'
2025-07-09 08:14:10,090 - INFO - 匹配失败，处理时间: 0.0970秒
2025-07-09 08:14:10,091 - INFO - 处理第53/100个anchor
2025-07-09 08:14:10,091 - INFO - 开始处理anchor: ('01974062', '_derivationally_related_form', '00316594')
2025-07-09 08:14:10,100 - INFO - 规则类型: chain, 最大扩展步数: 2
2025-07-09 08:14:10,100 - INFO - Motif阈值: 0.98, 结构提升阈值: 0.0
2025-07-09 08:14:10,108 - INFO - 相似度提升检查: -0.0644 >= 0.0
2025-07-09 08:14:10,109 - INFO - 步骤 1: 相似度提升不足 (-0.0644), 停止扩展
2025-07-09 08:14:10,117 - ERROR - 子图匹配失败: can't multiply sequence by non-int of type 'float'
2025-07-09 08:14:10,118 - INFO - 匹配失败，处理时间: 0.0269秒
2025-07-09 08:14:10,119 - INFO - 处理第54/100个anchor
2025-07-09 08:14:10,119 - INFO - 开始处理anchor: ('01974062', '_derivationally_related_form', '03664514')
2025-07-09 08:14:10,128 - INFO - 规则类型: chain, 最大扩展步数: 2
2025-07-09 08:14:10,131 - INFO - Motif阈值: 0.98, 结构提升阈值: 0.0
2025-07-09 08:14:10,139 - INFO - 相似度提升检查: -0.0851 >= 0.0
2025-07-09 08:14:10,140 - INFO - 步骤 1: 相似度提升不足 (-0.0851), 停止扩展
2025-07-09 08:14:10,151 - ERROR - 子图匹配失败: can't multiply sequence by non-int of type 'float'
2025-07-09 08:14:10,151 - INFO - 匹配失败，处理时间: 0.0316秒
2025-07-09 08:14:10,152 - INFO - 处理第55/100个anchor
2025-07-09 08:14:10,152 - INFO - 开始处理anchor: ('07554856', '_hypernym', '07553301')
2025-07-09 08:14:10,261 - INFO - 规则类型: chain, 最大扩展步数: 2
2025-07-09 08:14:10,262 - INFO - Motif阈值: 0.98, 结构提升阈值: 0.0
2025-07-09 08:14:10,293 - INFO - 步骤 1: 没有找到合适的扩展边
2025-07-09 08:14:10,318 - ERROR - 子图匹配失败: can't multiply sequence by non-int of type 'float'
2025-07-09 08:14:10,319 - INFO - 匹配失败，处理时间: 0.1655秒
2025-07-09 08:14:10,319 - INFO - 处理第56/100个anchor
2025-07-09 08:14:10,320 - INFO - 开始处理anchor: ('07554856', '_derivationally_related_form', '00594058')
2025-07-09 08:14:10,331 - INFO - 规则类型: chain, 最大扩展步数: 2
2025-07-09 08:14:10,332 - INFO - Motif阈值: 0.98, 结构提升阈值: 0.0
2025-07-09 08:14:10,334 - INFO - 步骤 1: 没有找到合适的扩展边
2025-07-09 08:14:10,343 - ERROR - 子图匹配失败: can't multiply sequence by non-int of type 'float'
2025-07-09 08:14:10,364 - INFO - 匹配失败，处理时间: 0.0430秒
2025-07-09 08:14:10,366 - INFO - 处理第57/100个anchor
2025-07-09 08:14:10,367 - INFO - 开始处理anchor: ('07553301', '_hypernym', '00026192')
2025-07-09 08:14:10,375 - INFO - 规则类型: chain, 最大扩展步数: 2
2025-07-09 08:14:10,376 - INFO - Motif阈值: 0.98, 结构提升阈值: 0.0
2025-07-09 08:14:10,380 - INFO - 步骤 1: 没有找到合适的扩展边
2025-07-09 08:14:10,385 - ERROR - 子图匹配失败: can't multiply sequence by non-int of type 'float'
2025-07-09 08:14:10,386 - INFO - 匹配失败，处理时间: 0.0182秒
2025-07-09 08:14:10,386 - INFO - 处理第58/100个anchor
2025-07-09 08:14:10,386 - INFO - 开始处理anchor: ('07553301', '_derivationally_related_form', '01822248')
2025-07-09 08:14:10,393 - INFO - 规则类型: chain, 最大扩展步数: 2
2025-07-09 08:14:10,394 - INFO - Motif阈值: 0.98, 结构提升阈值: 0.0
2025-07-09 08:14:10,398 - INFO - 步骤 1: 没有找到合适的扩展边
2025-07-09 08:14:10,403 - ERROR - 子图匹配失败: can't multiply sequence by non-int of type 'float'
2025-07-09 08:14:10,403 - INFO - 匹配失败，处理时间: 0.0169秒
2025-07-09 08:14:10,404 - INFO - 处理第59/100个anchor
2025-07-09 08:14:10,404 - INFO - 开始处理anchor: ('00057306', '_hypernym', '00056912')
2025-07-09 08:14:10,411 - INFO - 规则类型: chain, 最大扩展步数: 2
2025-07-09 08:14:10,412 - INFO - Motif阈值: 0.98, 结构提升阈值: 0.0
2025-07-09 08:14:10,417 - INFO - 相似度提升检查: -0.0731 >= 0.0
2025-07-09 08:14:10,418 - INFO - 步骤 1: 相似度提升不足 (-0.0731), 停止扩展
2025-07-09 08:14:10,423 - ERROR - 子图匹配失败: can't multiply sequence by non-int of type 'float'
2025-07-09 08:14:10,424 - INFO - 匹配失败，处理时间: 0.0195秒
2025-07-09 08:14:10,424 - INFO - 处理第60/100个anchor
2025-07-09 08:14:10,424 - INFO - 开始处理anchor: ('00057306', '_derivationally_related_form', '01904120')
2025-07-09 08:14:10,431 - INFO - 规则类型: chain, 最大扩展步数: 2
2025-07-09 08:14:10,432 - INFO - Motif阈值: 0.98, 结构提升阈值: 0.0
2025-07-09 08:14:10,435 - INFO - 相似度提升检查: -0.1702 >= 0.0
2025-07-09 08:14:10,435 - INFO - 步骤 1: 相似度提升不足 (-0.1702), 停止扩展
2025-07-09 08:14:10,440 - ERROR - 子图匹配失败: can't multiply sequence by non-int of type 'float'
2025-07-09 08:14:10,440 - INFO - 匹配失败，处理时间: 0.0158秒
2025-07-09 08:14:10,441 - INFO - 处理第61/100个anchor
2025-07-09 08:14:10,442 - INFO - 开始处理anchor: ('00057306', '_derivationally_related_form', '02015168')
2025-07-09 08:14:10,449 - INFO - 规则类型: chain, 最大扩展步数: 2
2025-07-09 08:14:10,449 - INFO - Motif阈值: 0.98, 结构提升阈值: 0.0
2025-07-09 08:14:10,452 - INFO - 相似度提升检查: -0.1979 >= 0.0
2025-07-09 08:14:10,453 - INFO - 步骤 1: 相似度提升不足 (-0.1979), 停止扩展
2025-07-09 08:14:10,460 - ERROR - 子图匹配失败: can't multiply sequence by non-int of type 'float'
2025-07-09 08:14:10,461 - INFO - 匹配失败，处理时间: 0.0190秒
2025-07-09 08:14:10,462 - INFO - 处理第62/100个anchor
2025-07-09 08:14:10,463 - INFO - 开始处理anchor: ('00057306', '_synset_domain_topic_of', '08199025')
2025-07-09 08:14:10,469 - INFO - 规则类型: chain, 最大扩展步数: 2
2025-07-09 08:14:10,469 - INFO - Motif阈值: 0.98, 结构提升阈值: 0.0
2025-07-09 08:14:10,786 - INFO - 相似度提升检查: -0.0950 >= 0.0
2025-07-09 08:14:10,787 - INFO - 步骤 1: 相似度提升不足 (-0.0950), 停止扩展
2025-07-09 08:14:10,791 - ERROR - 子图匹配失败: can't multiply sequence by non-int of type 'float'
2025-07-09 08:14:10,792 - INFO - 匹配失败，处理时间: 0.3272秒
2025-07-09 08:14:10,792 - INFO - 处理第63/100个anchor
2025-07-09 08:14:10,793 - INFO - 开始处理anchor: ('00056912', '_hypernym', '00053913')
2025-07-09 08:14:10,800 - INFO - 规则类型: chain, 最大扩展步数: 2
2025-07-09 08:14:10,801 - INFO - Motif阈值: 0.98, 结构提升阈值: 0.0
2025-07-09 08:14:10,804 - INFO - 相似度提升检查: -0.1376 >= 0.0
2025-07-09 08:14:10,805 - INFO - 步骤 1: 相似度提升不足 (-0.1376), 停止扩展
2025-07-09 08:14:10,812 - ERROR - 子图匹配失败: can't multiply sequence by non-int of type 'float'
2025-07-09 08:14:10,814 - INFO - 匹配失败，处理时间: 0.0208秒
2025-07-09 08:14:10,814 - INFO - 处理第64/100个anchor
2025-07-09 08:14:10,814 - INFO - 开始处理anchor: ('00056912', '_synset_domain_topic_of', '08199025')
2025-07-09 08:14:10,819 - INFO - 规则类型: chain, 最大扩展步数: 2
2025-07-09 08:14:10,819 - INFO - Motif阈值: 0.98, 结构提升阈值: 0.0
2025-07-09 08:14:11,118 - INFO - 相似度提升检查: -0.1582 >= 0.0
2025-07-09 08:14:11,119 - INFO - 步骤 1: 相似度提升不足 (-0.1582), 停止扩展
2025-07-09 08:14:11,123 - ERROR - 子图匹配失败: can't multiply sequence by non-int of type 'float'
2025-07-09 08:14:11,123 - INFO - 匹配失败，处理时间: 0.3088秒
2025-07-09 08:14:11,124 - INFO - 处理第65/100个anchor
2025-07-09 08:14:11,124 - INFO - 开始处理anchor: ('10341660', '_derivationally_related_form', '02661252')
2025-07-09 08:14:11,129 - INFO - 规则类型: chain, 最大扩展步数: 2
2025-07-09 08:14:11,130 - INFO - Motif阈值: 0.98, 结构提升阈值: 0.0
2025-07-09 08:14:11,136 - INFO - 相似度提升检查: -0.2653 >= 0.0
2025-07-09 08:14:11,136 - INFO - 步骤 1: 相似度提升不足 (-0.2653), 停止扩展
2025-07-09 08:14:11,140 - ERROR - 子图匹配失败: can't multiply sequence by non-int of type 'float'
2025-07-09 08:14:11,141 - INFO - 匹配失败，处理时间: 0.0175秒
2025-07-09 08:14:11,141 - INFO - 处理第66/100个anchor
2025-07-09 08:14:11,141 - INFO - 开始处理anchor: ('10341660', '_derivationally_related_form', '00119873')
2025-07-09 08:14:11,148 - INFO - 规则类型: chain, 最大扩展步数: 2
2025-07-09 08:14:11,149 - INFO - Motif阈值: 0.98, 结构提升阈值: 0.0
2025-07-09 08:14:11,152 - INFO - 相似度提升检查: -0.1640 >= 0.0
2025-07-09 08:14:11,152 - INFO - 步骤 1: 相似度提升不足 (-0.1640), 停止扩展
2025-07-09 08:14:11,157 - ERROR - 子图匹配失败: can't multiply sequence by non-int of type 'float'
2025-07-09 08:14:11,157 - INFO - 匹配失败，处理时间: 0.0147秒
2025-07-09 08:14:11,158 - INFO - 处理第67/100个anchor
2025-07-09 08:14:11,158 - INFO - 开始处理anchor: ('10341660', '_synset_domain_topic_of', '06037666')
2025-07-09 08:14:11,164 - INFO - 规则类型: chain, 最大扩展步数: 2
2025-07-09 08:14:11,165 - INFO - Motif阈值: 0.98, 结构提升阈值: 0.0
2025-07-09 08:14:11,258 - INFO - 相似度提升检查: -0.1069 >= 0.0
2025-07-09 08:14:11,259 - INFO - 步骤 1: 相似度提升不足 (-0.1069), 停止扩展
2025-07-09 08:14:11,264 - ERROR - 子图匹配失败: can't multiply sequence by non-int of type 'float'
2025-07-09 08:14:11,264 - INFO - 匹配失败，处理时间: 0.1061秒
2025-07-09 08:14:11,264 - INFO - 处理第68/100个anchor
2025-07-09 08:14:11,265 - INFO - 开始处理anchor: ('10341660', '_hypernym', '00004475')
2025-07-09 08:14:11,269 - INFO - 规则类型: chain, 最大扩展步数: 2
2025-07-09 08:14:11,269 - INFO - Motif阈值: 0.98, 结构提升阈值: 0.0
2025-07-09 08:14:11,284 - INFO - 相似度提升检查: -0.1299 >= 0.0
2025-07-09 08:14:11,284 - INFO - 步骤 1: 相似度提升不足 (-0.1299), 停止扩展
2025-07-09 08:14:11,292 - ERROR - 子图匹配失败: can't multiply sequence by non-int of type 'float'
2025-07-09 08:14:11,293 - INFO - 匹配失败，处理时间: 0.0267秒
2025-07-09 08:14:11,293 - INFO - 处理第69/100个anchor
2025-07-09 08:14:11,293 - INFO - 开始处理anchor: ('10341660', '_derivationally_related_form', '02987177')
2025-07-09 08:14:11,299 - INFO - 规则类型: chain, 最大扩展步数: 2
2025-07-09 08:14:11,299 - INFO - Motif阈值: 0.98, 结构提升阈值: 0.0
2025-07-09 08:14:11,302 - INFO - 相似度提升检查: -0.1483 >= 0.0
2025-07-09 08:14:11,302 - INFO - 步骤 1: 相似度提升不足 (-0.1483), 停止扩展
2025-07-09 08:14:11,308 - ERROR - 子图匹配失败: can't multiply sequence by non-int of type 'float'
2025-07-09 08:14:11,309 - INFO - 匹配失败，处理时间: 0.0146秒
2025-07-09 08:14:11,310 - INFO - 处理第70/100个anchor
2025-07-09 08:14:11,310 - INFO - 开始处理anchor: ('10341660', '_derivationally_related_form', '02987454')
2025-07-09 08:14:11,317 - INFO - 规则类型: chain, 最大扩展步数: 2
2025-07-09 08:14:11,317 - INFO - Motif阈值: 0.98, 结构提升阈值: 0.0
2025-07-09 08:14:11,321 - INFO - 相似度提升检查: -0.1609 >= 0.0
2025-07-09 08:14:11,321 - INFO - 步骤 1: 相似度提升不足 (-0.1609), 停止扩展
2025-07-09 08:14:11,327 - ERROR - 子图匹配失败: can't multiply sequence by non-int of type 'float'
2025-07-09 08:14:11,328 - INFO - 匹配失败，处理时间: 0.0166秒
2025-07-09 08:14:11,329 - INFO - 处理第71/100个anchor
2025-07-09 08:14:11,329 - INFO - 开始处理anchor: ('02661252', '_derivationally_related_form', '10419047')
2025-07-09 08:14:11,334 - INFO - 规则类型: chain, 最大扩展步数: 2
2025-07-09 08:14:11,335 - INFO - Motif阈值: 0.98, 结构提升阈值: 0.0
2025-07-09 08:14:11,338 - INFO - 步骤 1: 没有找到合适的扩展边
2025-07-09 08:14:11,344 - ERROR - 子图匹配失败: can't multiply sequence by non-int of type 'float'
2025-07-09 08:14:11,345 - INFO - 匹配失败，处理时间: 0.0157秒
2025-07-09 08:14:11,345 - INFO - 处理第72/100个anchor
2025-07-09 08:14:11,346 - INFO - 开始处理anchor: ('02661252', '_derivationally_related_form', '00737399')
2025-07-09 08:14:11,349 - INFO - 规则类型: chain, 最大扩展步数: 2
2025-07-09 08:14:11,350 - INFO - Motif阈值: 0.98, 结构提升阈值: 0.0
2025-07-09 08:14:11,352 - INFO - 步骤 1: 没有找到合适的扩展边
2025-07-09 08:14:11,357 - ERROR - 子图匹配失败: can't multiply sequence by non-int of type 'float'
2025-07-09 08:14:11,358 - INFO - 匹配失败，处理时间: 0.0129秒
2025-07-09 08:14:11,359 - INFO - 处理第73/100个anchor
2025-07-09 08:14:11,359 - INFO - 开始处理anchor: ('02661252', '_derivationally_related_form', '11415084')
2025-07-09 08:14:11,366 - INFO - 规则类型: chain, 最大扩展步数: 2
2025-07-09 08:14:11,366 - INFO - Motif阈值: 0.98, 结构提升阈值: 0.0
2025-07-09 08:14:11,370 - INFO - 相似度提升检查: -0.0868 >= 0.0
2025-07-09 08:14:11,372 - INFO - 步骤 1: 相似度提升不足 (-0.0868), 停止扩展
2025-07-09 08:14:11,378 - ERROR - 子图匹配失败: can't multiply sequence by non-int of type 'float'
2025-07-09 08:14:11,379 - INFO - 匹配失败，处理时间: 0.0171秒
2025-07-09 08:14:11,379 - INFO - 处理第74/100个anchor
2025-07-09 08:14:11,379 - INFO - 开始处理anchor: ('02661252', '_derivationally_related_form', '10341660')
2025-07-09 08:14:11,385 - INFO - 规则类型: chain, 最大扩展步数: 2
2025-07-09 08:14:11,386 - INFO - Motif阈值: 0.98, 结构提升阈值: 0.0
2025-07-09 08:14:11,390 - INFO - 相似度提升检查: -0.0654 >= 0.0
2025-07-09 08:14:11,390 - INFO - 步骤 1: 相似度提升不足 (-0.0654), 停止扩展
2025-07-09 08:14:11,397 - ERROR - 子图匹配失败: can't multiply sequence by non-int of type 'float'
2025-07-09 08:14:11,397 - INFO - 匹配失败，处理时间: 0.0170秒
2025-07-09 08:14:11,397 - INFO - 处理第75/100个anchor
2025-07-09 08:14:11,398 - INFO - 开始处理anchor: ('02661252', '_derivationally_related_form', '07366627')
2025-07-09 08:14:11,401 - INFO - 规则类型: chain, 最大扩展步数: 2
2025-07-09 08:14:11,402 - INFO - Motif阈值: 0.98, 结构提升阈值: 0.0
2025-07-09 08:14:11,405 - INFO - 步骤 1: 没有找到合适的扩展边
2025-07-09 08:14:11,410 - ERROR - 子图匹配失败: can't multiply sequence by non-int of type 'float'
2025-07-09 08:14:11,411 - INFO - 匹配失败，处理时间: 0.0133秒
2025-07-09 08:14:11,413 - INFO - 处理第76/100个anchor
2025-07-09 08:14:11,413 - INFO - 开始处理anchor: ('02661252', '_derivationally_related_form', '06022291')
2025-07-09 08:14:11,418 - INFO - 规则类型: chain, 最大扩展步数: 2
2025-07-09 08:14:11,418 - INFO - Motif阈值: 0.98, 结构提升阈值: 0.0
2025-07-09 08:14:11,422 - INFO - 相似度提升检查: -0.0785 >= 0.0
2025-07-09 08:14:11,422 - INFO - 步骤 1: 相似度提升不足 (-0.0785), 停止扩展
2025-07-09 08:14:11,430 - ERROR - 子图匹配失败: can't multiply sequence by non-int of type 'float'
2025-07-09 08:14:11,430 - INFO - 匹配失败，处理时间: 0.0169秒
2025-07-09 08:14:11,430 - INFO - 处理第77/100个anchor
2025-07-09 08:14:11,431 - INFO - 开始处理anchor: ('02661252', '_derivationally_related_form', '04802776')
2025-07-09 08:14:11,437 - INFO - 规则类型: chain, 最大扩展步数: 2
2025-07-09 08:14:11,437 - INFO - Motif阈值: 0.98, 结构提升阈值: 0.0
2025-07-09 08:14:11,440 - INFO - 步骤 1: 没有找到合适的扩展边
2025-07-09 08:14:11,447 - ERROR - 子图匹配失败: can't multiply sequence by non-int of type 'float'
2025-07-09 08:14:11,447 - INFO - 匹配失败，处理时间: 0.0160秒
2025-07-09 08:14:11,447 - INFO - 处理第78/100个anchor
2025-07-09 08:14:11,447 - INFO - 开始处理anchor: ('02661252', '_derivationally_related_form', '00194969')
2025-07-09 08:14:11,452 - INFO - 规则类型: chain, 最大扩展步数: 2
2025-07-09 08:14:11,454 - INFO - Motif阈值: 0.98, 结构提升阈值: 0.0
2025-07-09 08:14:11,455 - INFO - 步骤 1: 没有找到合适的扩展边
2025-07-09 08:14:11,462 - ERROR - 子图匹配失败: can't multiply sequence by non-int of type 'float'
2025-07-09 08:14:11,463 - INFO - 匹配失败，处理时间: 0.0157秒
2025-07-09 08:14:11,463 - INFO - 处理第79/100个anchor
2025-07-09 08:14:11,463 - INFO - 开始处理anchor: ('13219258', '_hypernym', '13167078')
2025-07-09 08:14:11,467 - INFO - 规则类型: chain, 最大扩展步数: 2
2025-07-09 08:14:11,468 - INFO - Motif阈值: 0.98, 结构提升阈值: 0.0
2025-07-09 08:14:11,472 - INFO - 步骤 1: 没有找到合适的扩展边
2025-07-09 08:14:11,479 - ERROR - 子图匹配失败: can't multiply sequence by non-int of type 'float'
2025-07-09 08:14:11,480 - INFO - 匹配失败，处理时间: 0.0166秒
2025-07-09 08:14:11,480 - INFO - 处理第80/100个anchor
2025-07-09 08:14:11,480 - INFO - 开始处理anchor: ('13219258', '_member_meronym', '13219422')
2025-07-09 08:14:11,486 - INFO - 规则类型: chain, 最大扩展步数: 2
2025-07-09 08:14:11,486 - INFO - Motif阈值: 0.98, 结构提升阈值: 0.0
2025-07-09 08:14:11,488 - INFO - 步骤 1: 没有找到合适的扩展边
2025-07-09 08:14:11,495 - ERROR - 子图匹配失败: can't multiply sequence by non-int of type 'float'
2025-07-09 08:14:11,496 - INFO - 匹配失败，处理时间: 0.0151秒
2025-07-09 08:14:11,496 - INFO - 处理第81/100个anchor
2025-07-09 08:14:11,496 - INFO - 开始处理anchor: ('13167078', '_hypernym', '08108972')
2025-07-09 08:14:11,502 - INFO - 规则类型: chain, 最大扩展步数: 2
2025-07-09 08:14:11,502 - INFO - Motif阈值: 0.98, 结构提升阈值: 0.0
2025-07-09 08:14:11,510 - INFO - 相似度提升检查: -0.1173 >= 0.0
2025-07-09 08:14:11,510 - INFO - 步骤 1: 相似度提升不足 (-0.1173), 停止扩展
2025-07-09 08:14:11,515 - ERROR - 子图匹配失败: can't multiply sequence by non-int of type 'float'
2025-07-09 08:14:11,516 - INFO - 匹配失败，处理时间: 0.0191秒
2025-07-09 08:14:11,516 - INFO - 处理第82/100个anchor
2025-07-09 08:14:11,516 - INFO - 开始处理anchor: ('01698271', '_also_see', '01754576')
2025-07-09 08:14:11,523 - INFO - 规则类型: chain, 最大扩展步数: 2
2025-07-09 08:14:11,523 - INFO - Motif阈值: 0.98, 结构提升阈值: 0.0
2025-07-09 08:14:11,561 - INFO - 相似度提升检查: 0.0452 >= 0.0
2025-07-09 08:14:11,562 - INFO - 步骤 1: 添加边 ('01754576', '01698271', '_hypernym'), 相似度提升: 0.0452 (当前: -0.2397)
2025-07-09 08:14:11,562 - INFO - 步骤 1: 子图与规则同构，提前终止扩展
2025-07-09 08:14:11,568 - ERROR - 子图匹配失败: can't multiply sequence by non-int of type 'float'
2025-07-09 08:14:11,568 - INFO - 匹配失败，处理时间: 0.0514秒
2025-07-09 08:14:11,569 - INFO - 处理第83/100个anchor
2025-07-09 08:14:11,569 - INFO - 开始处理anchor: ('01698271', '_synset_domain_topic_of', '00929718')
2025-07-09 08:14:11,578 - INFO - 规则类型: chain, 最大扩展步数: 2
2025-07-09 08:14:11,578 - INFO - Motif阈值: 0.98, 结构提升阈值: 0.0
2025-07-09 08:14:11,642 - INFO - 相似度提升检查: 0.0195 >= 0.0
2025-07-09 08:14:11,643 - INFO - 步骤 1: 添加边 ('00929718', '01698271', '_derivationally_related_form'), 相似度提升: 0.0195 (当前: -0.1670)
2025-07-09 08:14:11,643 - INFO - 步骤 1: 子图与规则同构，提前终止扩展
2025-07-09 08:14:11,649 - ERROR - 子图匹配失败: can't multiply sequence by non-int of type 'float'
2025-07-09 08:14:11,650 - INFO - 匹配失败，处理时间: 0.0806秒
2025-07-09 08:14:11,650 - INFO - 处理第84/100个anchor
2025-07-09 08:14:11,651 - INFO - 开始处理anchor: ('01698271', '_derivationally_related_form', '00929718')
2025-07-09 08:14:11,658 - INFO - 规则类型: chain, 最大扩展步数: 2
2025-07-09 08:14:11,658 - INFO - Motif阈值: 0.98, 结构提升阈值: 0.0
2025-07-09 08:14:11,682 - INFO - 相似度提升检查: 0.0000 >= 0.0
2025-07-09 08:14:11,683 - INFO - 步骤 1: 添加边 ('01698271', '00929718', '_synset_domain_topic_of'), 相似度提升: 0.0000 (当前: -0.1738)
2025-07-09 08:14:11,744 - INFO - 相似度提升检查: -0.0551 >= 0.0
2025-07-09 08:14:11,745 - INFO - 步骤 2: 相似度提升不足 (-0.0551), 停止扩展
2025-07-09 08:14:11,749 - ERROR - 子图匹配失败: can't multiply sequence by non-int of type 'float'
2025-07-09 08:14:11,750 - INFO - 匹配失败，处理时间: 0.0990秒
2025-07-09 08:14:11,750 - INFO - 处理第85/100个anchor
2025-07-09 08:14:11,750 - INFO - 开始处理anchor: ('01698271', '_verb_group', '01744611')
2025-07-09 08:14:11,755 - INFO - 规则类型: chain, 最大扩展步数: 2
2025-07-09 08:14:11,756 - INFO - Motif阈值: 0.98, 结构提升阈值: 0.0
2025-07-09 08:14:11,762 - INFO - 相似度提升检查: -0.2344 >= 0.0
2025-07-09 08:14:11,763 - INFO - 步骤 1: 相似度提升不足 (-0.2344), 停止扩展
2025-07-09 08:14:11,768 - ERROR - 子图匹配失败: can't multiply sequence by non-int of type 'float'
2025-07-09 08:14:11,769 - INFO - 匹配失败，处理时间: 0.0180秒
2025-07-09 08:14:11,769 - INFO - 处理第86/100个anchor
2025-07-09 08:14:11,769 - INFO - 开始处理anchor: ('01698271', '_derivationally_related_form', '03906997')
2025-07-09 08:14:11,774 - INFO - 规则类型: chain, 最大扩展步数: 2
2025-07-09 08:14:11,774 - INFO - Motif阈值: 0.98, 结构提升阈值: 0.0
2025-07-09 08:14:11,779 - INFO - 相似度提升检查: -0.1003 >= 0.0
2025-07-09 08:14:11,779 - INFO - 步骤 1: 相似度提升不足 (-0.1003), 停止扩展
2025-07-09 08:14:11,785 - ERROR - 子图匹配失败: can't multiply sequence by non-int of type 'float'
2025-07-09 08:14:11,786 - INFO - 匹配失败，处理时间: 0.0154秒
2025-07-09 08:14:11,786 - INFO - 处理第87/100个anchor
2025-07-09 08:14:11,786 - INFO - 开始处理anchor: ('01698271', '_hypernym', '01697816')
2025-07-09 08:14:11,795 - INFO - 规则类型: chain, 最大扩展步数: 2
2025-07-09 08:14:11,796 - INFO - Motif阈值: 0.98, 结构提升阈值: 0.0
2025-07-09 08:14:11,800 - INFO - 相似度提升检查: -0.1715 >= 0.0
2025-07-09 08:14:11,801 - INFO - 步骤 1: 相似度提升不足 (-0.1715), 停止扩展
2025-07-09 08:14:11,806 - ERROR - 子图匹配失败: can't multiply sequence by non-int of type 'float'
2025-07-09 08:14:11,807 - INFO - 匹配失败，处理时间: 0.0197秒
2025-07-09 08:14:11,807 - INFO - 处理第88/100个anchor
2025-07-09 08:14:11,807 - INFO - 开始处理anchor: ('01698271', '_derivationally_related_form', '10794014')
2025-07-09 08:14:11,813 - INFO - 规则类型: chain, 最大扩展步数: 2
2025-07-09 08:14:11,813 - INFO - Motif阈值: 0.98, 结构提升阈值: 0.0
2025-07-09 08:14:11,820 - INFO - 相似度提升检查: -0.1131 >= 0.0
2025-07-09 08:14:11,821 - INFO - 步骤 1: 相似度提升不足 (-0.1131), 停止扩展
2025-07-09 08:14:11,829 - ERROR - 子图匹配失败: can't multiply sequence by non-int of type 'float'
2025-07-09 08:14:11,829 - INFO - 匹配失败，处理时间: 0.0220秒
2025-07-09 08:14:11,829 - INFO - 处理第89/100个anchor
2025-07-09 08:14:11,830 - INFO - 开始处理anchor: ('01754576', '_synset_domain_topic_of', '00929718')
2025-07-09 08:14:11,834 - INFO - 规则类型: chain, 最大扩展步数: 2
2025-07-09 08:14:11,835 - INFO - Motif阈值: 0.98, 结构提升阈值: 0.0
2025-07-09 08:14:11,874 - INFO - 相似度提升检查: -0.0958 >= 0.0
2025-07-09 08:14:11,874 - INFO - 步骤 1: 相似度提升不足 (-0.0958), 停止扩展
2025-07-09 08:14:11,879 - ERROR - 子图匹配失败: can't multiply sequence by non-int of type 'float'
2025-07-09 08:14:11,881 - INFO - 匹配失败，处理时间: 0.0503秒
2025-07-09 08:14:11,881 - INFO - 处理第90/100个anchor
2025-07-09 08:14:11,881 - INFO - 开始处理anchor: ('01754576', '_hypernym', '01698271')
2025-07-09 08:14:11,886 - INFO - 规则类型: chain, 最大扩展步数: 2
2025-07-09 08:14:11,887 - INFO - Motif阈值: 0.98, 结构提升阈值: 0.0
2025-07-09 08:14:11,897 - INFO - 相似度提升检查: -0.0654 >= 0.0
2025-07-09 08:14:11,897 - INFO - 步骤 1: 相似度提升不足 (-0.0654), 停止扩展
2025-07-09 08:14:11,902 - ERROR - 子图匹配失败: can't multiply sequence by non-int of type 'float'
2025-07-09 08:14:11,902 - INFO - 匹配失败，处理时间: 0.0211秒
2025-07-09 08:14:11,903 - INFO - 处理第91/100个anchor
2025-07-09 08:14:11,903 - INFO - 开始处理anchor: ('10499355', '_hypernym', '10083823')
2025-07-09 08:14:11,911 - INFO - 规则类型: chain, 最大扩展步数: 2
2025-07-09 08:14:11,912 - INFO - Motif阈值: 0.98, 结构提升阈值: 0.0
2025-07-09 08:14:11,913 - INFO - 步骤 1: 没有找到合适的扩展边
2025-07-09 08:14:11,919 - ERROR - 子图匹配失败: can't multiply sequence by non-int of type 'float'
2025-07-09 08:14:11,920 - INFO - 匹配失败，处理时间: 0.0160秒
2025-07-09 08:14:11,920 - INFO - 处理第92/100个anchor
2025-07-09 08:14:11,920 - INFO - 开始处理anchor: ('10083823', '_hypernym', '09807754')
2025-07-09 08:14:11,928 - INFO - 规则类型: chain, 最大扩展步数: 2
2025-07-09 08:14:11,929 - INFO - Motif阈值: 0.98, 结构提升阈值: 0.0
2025-07-09 08:14:11,930 - INFO - 步骤 1: 没有找到合适的扩展边
2025-07-09 08:14:11,935 - ERROR - 子图匹配失败: can't multiply sequence by non-int of type 'float'
2025-07-09 08:14:11,935 - INFO - 匹配失败，处理时间: 0.0141秒
2025-07-09 08:14:11,935 - INFO - 处理第93/100个anchor
2025-07-09 08:14:11,936 - INFO - 开始处理anchor: ('02103406', '_hypernym', '02084071')
2025-07-09 08:14:11,941 - INFO - 规则类型: chain, 最大扩展步数: 2
2025-07-09 08:14:11,942 - INFO - Motif阈值: 0.98, 结构提升阈值: 0.0
2025-07-09 08:14:11,945 - INFO - 步骤 1: 没有找到合适的扩展边
2025-07-09 08:14:11,949 - ERROR - 子图匹配失败: can't multiply sequence by non-int of type 'float'
2025-07-09 08:14:11,951 - INFO - 匹配失败，处理时间: 0.0152秒
2025-07-09 08:14:11,951 - INFO - 处理第94/100个anchor
2025-07-09 08:14:11,951 - INFO - 开始处理anchor: ('02084071', '_hypernym', '02083346')
2025-07-09 08:14:11,957 - INFO - 规则类型: chain, 最大扩展步数: 2
2025-07-09 08:14:11,957 - INFO - Motif阈值: 0.98, 结构提升阈值: 0.0
2025-07-09 08:14:11,962 - INFO - 步骤 1: 没有找到合适的扩展边
2025-07-09 08:14:11,967 - ERROR - 子图匹配失败: can't multiply sequence by non-int of type 'float'
2025-07-09 08:14:11,967 - INFO - 匹配失败，处理时间: 0.0151秒
2025-07-09 08:14:11,967 - INFO - 处理第95/100个anchor
2025-07-09 08:14:11,967 - INFO - 开始处理anchor: ('02084071', '_hypernym', '01317541')
2025-07-09 08:14:11,972 - INFO - 规则类型: chain, 最大扩展步数: 2
2025-07-09 08:14:11,974 - INFO - Motif阈值: 0.98, 结构提升阈值: 0.0
2025-07-09 08:14:11,977 - INFO - 步骤 1: 没有找到合适的扩展边
2025-07-09 08:14:11,982 - ERROR - 子图匹配失败: can't multiply sequence by non-int of type 'float'
2025-07-09 08:14:11,982 - INFO - 匹配失败，处理时间: 0.0150秒
2025-07-09 08:14:11,982 - INFO - 处理第96/100个anchor
2025-07-09 08:14:11,982 - INFO - 开始处理anchor: ('02084071', '_has_part', '02158846')
2025-07-09 08:14:11,989 - INFO - 规则类型: chain, 最大扩展步数: 2
2025-07-09 08:14:11,989 - INFO - Motif阈值: 0.98, 结构提升阈值: 0.0
2025-07-09 08:14:11,992 - INFO - 步骤 1: 没有找到合适的扩展边
2025-07-09 08:14:11,998 - ERROR - 子图匹配失败: can't multiply sequence by non-int of type 'float'
2025-07-09 08:14:11,999 - INFO - 匹配失败，处理时间: 0.0155秒
2025-07-09 08:14:11,999 - INFO - 处理第97/100个anchor
2025-07-09 08:14:11,999 - INFO - 开始处理anchor: ('07190941', '_hypernym', '07185325')
2025-07-09 08:14:12,003 - INFO - 规则类型: chain, 最大扩展步数: 2
2025-07-09 08:14:12,004 - INFO - Motif阈值: 0.98, 结构提升阈值: 0.0
2025-07-09 08:14:12,007 - INFO - 步骤 1: 没有找到合适的扩展边
2025-07-09 08:14:12,013 - ERROR - 子图匹配失败: can't multiply sequence by non-int of type 'float'
2025-07-09 08:14:12,014 - INFO - 匹配失败，处理时间: 0.0147秒
2025-07-09 08:14:12,014 - INFO - 处理第98/100个anchor
2025-07-09 08:14:12,015 - INFO - 开始处理anchor: ('07190941', '_derivationally_related_form', '02320374')
2025-07-09 08:14:12,019 - INFO - 规则类型: chain, 最大扩展步数: 2
2025-07-09 08:14:12,019 - INFO - Motif阈值: 0.98, 结构提升阈值: 0.0
2025-07-09 08:14:12,022 - INFO - 步骤 1: 没有找到合适的扩展边
2025-07-09 08:14:12,029 - ERROR - 子图匹配失败: can't multiply sequence by non-int of type 'float'
2025-07-09 08:14:12,030 - INFO - 匹配失败，处理时间: 0.0150秒
2025-07-09 08:14:12,030 - INFO - 处理第99/100个anchor
2025-07-09 08:14:12,031 - INFO - 开始处理anchor: ('07190941', '_derivationally_related_form', '02321046')
2025-07-09 08:14:12,036 - INFO - 规则类型: chain, 最大扩展步数: 2
2025-07-09 08:14:12,037 - INFO - Motif阈值: 0.98, 结构提升阈值: 0.0
2025-07-09 08:14:12,039 - INFO - 步骤 1: 没有找到合适的扩展边
2025-07-09 08:14:12,045 - ERROR - 子图匹配失败: can't multiply sequence by non-int of type 'float'
2025-07-09 08:14:12,045 - INFO - 匹配失败，处理时间: 0.0150秒
2025-07-09 08:14:12,046 - INFO - 处理第100/100个anchor
2025-07-09 08:14:12,046 - INFO - 开始处理anchor: ('07185325', '_derivationally_related_form', '01069809')
2025-07-09 08:14:12,051 - INFO - 规则类型: chain, 最大扩展步数: 2
2025-07-09 08:14:12,051 - INFO - Motif阈值: 0.98, 结构提升阈值: 0.0
2025-07-09 08:14:12,053 - INFO - 步骤 1: 没有找到合适的扩展边
2025-07-09 08:14:12,061 - ERROR - 子图匹配失败: can't multiply sequence by non-int of type 'float'
2025-07-09 08:14:12,062 - INFO - 匹配失败，处理时间: 0.0150秒
2025-07-09 08:14:12,062 - INFO - 批量匹配完成: 0/100 成功匹配
2025-07-09 08:14:12,062 - INFO - 开始批量匹配，共100个anchor，规则ID: rule_002
2025-07-09 08:14:12,062 - INFO - 处理第1/100个anchor
2025-07-09 08:14:12,062 - INFO - 开始处理anchor: ('00260881', '_hypernym', '00260622')
2025-07-09 08:14:12,067 - INFO - 规则类型: chain, 最大扩展步数: 2
2025-07-09 08:14:12,068 - INFO - Motif阈值: 0.98, 结构提升阈值: 0.0
2025-07-09 08:14:12,071 - INFO - 相似度提升检查: -0.1728 >= 0.0
2025-07-09 08:14:12,072 - INFO - 步骤 1: 相似度提升不足 (-0.1728), 停止扩展
2025-07-09 08:14:12,078 - ERROR - 子图匹配失败: can't multiply sequence by non-int of type 'float'
2025-07-09 08:14:12,079 - INFO - 匹配失败，处理时间: 0.0161秒
2025-07-09 08:14:12,079 - INFO - 处理第2/100个anchor
2025-07-09 08:14:12,079 - INFO - 开始处理anchor: ('00260881', '_synset_domain_topic_of', '01124794')
2025-07-09 08:14:12,084 - INFO - 规则类型: chain, 最大扩展步数: 2
2025-07-09 08:14:12,085 - INFO - Motif阈值: 0.98, 结构提升阈值: 0.0
2025-07-09 08:14:12,116 - INFO - 相似度提升检查: -0.1109 >= 0.0
2025-07-09 08:14:12,117 - INFO - 步骤 1: 相似度提升不足 (-0.1109), 停止扩展
2025-07-09 08:14:12,122 - ERROR - 子图匹配失败: can't multiply sequence by non-int of type 'float'
2025-07-09 08:14:12,122 - INFO - 匹配失败，处理时间: 0.0422秒
2025-07-09 08:14:12,123 - INFO - 处理第3/100个anchor
2025-07-09 08:14:12,123 - INFO - 开始处理anchor: ('00260622', '_derivationally_related_form', '00265386')
2025-07-09 08:14:12,129 - INFO - 规则类型: chain, 最大扩展步数: 2
2025-07-09 08:14:12,130 - INFO - Motif阈值: 0.98, 结构提升阈值: 0.0
2025-07-09 08:14:12,132 - INFO - 步骤 1: 没有找到合适的扩展边
2025-07-09 08:14:12,137 - ERROR - 子图匹配失败: can't multiply sequence by non-int of type 'float'
2025-07-09 08:14:12,137 - INFO - 匹配失败，处理时间: 0.0149秒
2025-07-09 08:14:12,137 - INFO - 处理第4/100个anchor
2025-07-09 08:14:12,138 - INFO - 开始处理anchor: ('00260622', '_hypernym', '00248977')
2025-07-09 08:14:12,145 - INFO - 规则类型: chain, 最大扩展步数: 2
2025-07-09 08:14:12,146 - INFO - Motif阈值: 0.98, 结构提升阈值: 0.0
2025-07-09 08:14:12,148 - INFO - 步骤 1: 没有找到合适的扩展边
2025-07-09 08:14:12,154 - ERROR - 子图匹配失败: can't multiply sequence by non-int of type 'float'
2025-07-09 08:14:12,154 - INFO - 匹配失败，处理时间: 0.0152秒
2025-07-09 08:14:12,154 - INFO - 处理第5/100个anchor
2025-07-09 08:14:12,155 - INFO - 开始处理anchor: ('00260622', '_derivationally_related_form', '00265673')
2025-07-09 08:14:12,162 - INFO - 规则类型: chain, 最大扩展步数: 2
2025-07-09 08:14:12,162 - INFO - Motif阈值: 0.98, 结构提升阈值: 0.0
2025-07-09 08:14:12,164 - INFO - 步骤 1: 没有找到合适的扩展边
2025-07-09 08:14:12,169 - ERROR - 子图匹配失败: can't multiply sequence by non-int of type 'float'
2025-07-09 08:14:12,169 - INFO - 匹配失败，处理时间: 0.0144秒
2025-07-09 08:14:12,169 - INFO - 处理第6/100个anchor
2025-07-09 08:14:12,169 - INFO - 开始处理anchor: ('01332730', '_derivationally_related_form', '03122748')
2025-07-09 08:14:12,178 - INFO - 规则类型: chain, 最大扩展步数: 2
2025-07-09 08:14:12,178 - INFO - Motif阈值: 0.98, 结构提升阈值: 0.0
2025-07-09 08:14:12,182 - INFO - 步骤 1: 没有找到合适的扩展边
2025-07-09 08:14:12,187 - ERROR - 子图匹配失败: can't multiply sequence by non-int of type 'float'
2025-07-09 08:14:12,188 - INFO - 匹配失败，处理时间: 0.0180秒
2025-07-09 08:14:12,188 - INFO - 处理第7/100个anchor
2025-07-09 08:14:12,189 - INFO - 开始处理anchor: ('01332730', '_derivationally_related_form', '02840619')
2025-07-09 08:14:12,196 - INFO - 规则类型: chain, 最大扩展步数: 2
2025-07-09 08:14:12,196 - INFO - Motif阈值: 0.98, 结构提升阈值: 0.0
2025-07-09 08:14:12,199 - INFO - 步骤 1: 没有找到合适的扩展边
2025-07-09 08:14:12,203 - ERROR - 子图匹配失败: can't multiply sequence by non-int of type 'float'
2025-07-09 08:14:12,204 - INFO - 匹配失败，处理时间: 0.0142秒
2025-07-09 08:14:12,204 - INFO - 处理第8/100个anchor
2025-07-09 08:14:12,205 - INFO - 开始处理anchor: ('01332730', '_verb_group', '01336635')
2025-07-09 08:14:12,212 - INFO - 规则类型: chain, 最大扩展步数: 2
2025-07-09 08:14:12,212 - INFO - Motif阈值: 0.98, 结构提升阈值: 0.0
2025-07-09 08:14:12,215 - INFO - 步骤 1: 没有找到合适的扩展边
2025-07-09 08:14:12,220 - ERROR - 子图匹配失败: can't multiply sequence by non-int of type 'float'
2025-07-09 08:14:12,221 - INFO - 匹配失败，处理时间: 0.0153秒
2025-07-09 08:14:12,221 - INFO - 处理第9/100个anchor
2025-07-09 08:14:12,221 - INFO - 开始处理anchor: ('01332730', '_verb_group', '01207951')
2025-07-09 08:14:12,229 - INFO - 规则类型: chain, 最大扩展步数: 2
2025-07-09 08:14:12,229 - INFO - Motif阈值: 0.98, 结构提升阈值: 0.0
2025-07-09 08:14:12,232 - INFO - 步骤 1: 没有找到合适的扩展边
2025-07-09 08:14:12,236 - ERROR - 子图匹配失败: can't multiply sequence by non-int of type 'float'
2025-07-09 08:14:12,236 - INFO - 匹配失败，处理时间: 0.0143秒
2025-07-09 08:14:12,236 - INFO - 处理第10/100个anchor
2025-07-09 08:14:12,237 - INFO - 开始处理anchor: ('01332730', '_derivationally_related_form', '04151940')
2025-07-09 08:14:12,245 - INFO - 规则类型: chain, 最大扩展步数: 2
2025-07-09 08:14:12,245 - INFO - Motif阈值: 0.98, 结构提升阈值: 0.0
2025-07-09 08:14:12,249 - INFO - 步骤 1: 没有找到合适的扩展边
2025-07-09 08:14:12,255 - ERROR - 子图匹配失败: can't multiply sequence by non-int of type 'float'
2025-07-09 08:14:12,255 - INFO - 匹配失败，处理时间: 0.0183秒
2025-07-09 08:14:12,256 - INFO - 处理第11/100个anchor
2025-07-09 08:14:12,256 - INFO - 开始处理anchor: ('03122748', '_derivationally_related_form', '01332730')
2025-07-09 08:14:12,263 - INFO - 规则类型: chain, 最大扩展步数: 2
2025-07-09 08:14:12,263 - INFO - Motif阈值: 0.98, 结构提升阈值: 0.0
2025-07-09 08:14:12,267 - INFO - 步骤 1: 没有找到合适的扩展边
2025-07-09 08:14:12,273 - ERROR - 子图匹配失败: can't multiply sequence by non-int of type 'float'
2025-07-09 08:14:12,274 - INFO - 匹配失败，处理时间: 0.0160秒
2025-07-09 08:14:12,274 - INFO - 处理第12/100个anchor
2025-07-09 08:14:12,274 - INFO - 开始处理anchor: ('03122748', '_hypernym', '00021939')
2025-07-09 08:14:12,280 - INFO - 规则类型: chain, 最大扩展步数: 2
2025-07-09 08:14:12,280 - INFO - Motif阈值: 0.98, 结构提升阈值: 0.0
2025-07-09 08:14:12,283 - INFO - 步骤 1: 没有找到合适的扩展边
2025-07-09 08:14:12,290 - ERROR - 子图匹配失败: can't multiply sequence by non-int of type 'float'
2025-07-09 08:14:12,291 - INFO - 匹配失败，处理时间: 0.0160秒
2025-07-09 08:14:12,291 - INFO - 处理第13/100个anchor
2025-07-09 08:14:12,292 - INFO - 开始处理anchor: ('06066555', '_derivationally_related_form', '00645415')
2025-07-09 08:14:12,299 - INFO - 规则类型: chain, 最大扩展步数: 2
2025-07-09 08:14:12,299 - INFO - Motif阈值: 0.98, 结构提升阈值: 0.0
2025-07-09 08:14:12,341 - INFO - 相似度提升检查: -0.0849 >= 0.0
2025-07-09 08:14:12,341 - INFO - 步骤 1: 相似度提升不足 (-0.0849), 停止扩展
2025-07-09 08:14:12,346 - ERROR - 子图匹配失败: can't multiply sequence by non-int of type 'float'
2025-07-09 08:14:12,347 - INFO - 匹配失败，处理时间: 0.0538秒
2025-07-09 08:14:12,348 - INFO - 处理第14/100个anchor
2025-07-09 08:14:12,348 - INFO - 开始处理anchor: ('06066555', '_derivationally_related_form', '09868270')
2025-07-09 08:14:12,353 - INFO - 规则类型: chain, 最大扩展步数: 2
2025-07-09 08:14:12,353 - INFO - Motif阈值: 0.98, 结构提升阈值: 0.0
2025-07-09 08:14:12,395 - INFO - 相似度提升检查: -0.1576 >= 0.0
2025-07-09 08:14:12,396 - INFO - 步骤 1: 相似度提升不足 (-0.1576), 停止扩展
2025-07-09 08:14:12,400 - ERROR - 子图匹配失败: can't multiply sequence by non-int of type 'float'
2025-07-09 08:14:12,401 - INFO - 匹配失败，处理时间: 0.0537秒
2025-07-09 08:14:12,402 - INFO - 处理第15/100个anchor
2025-07-09 08:14:12,402 - INFO - 开始处理anchor: ('06066555', '_hypernym', '06037666')
2025-07-09 08:14:12,408 - INFO - 规则类型: chain, 最大扩展步数: 2
2025-07-09 08:14:12,409 - INFO - Motif阈值: 0.98, 结构提升阈值: 0.0
2025-07-09 08:14:12,518 - INFO - 相似度提升检查: -0.1508 >= 0.0
2025-07-09 08:14:12,518 - INFO - 步骤 1: 相似度提升不足 (-0.1508), 停止扩展
2025-07-09 08:14:12,521 - ERROR - 子图匹配失败: can't multiply sequence by non-int of type 'float'
2025-07-09 08:14:12,523 - INFO - 匹配失败，处理时间: 0.1203秒
2025-07-09 08:14:12,523 - INFO - 处理第16/100个anchor
2025-07-09 08:14:12,523 - INFO - 开始处理anchor: ('00645415', '_derivationally_related_form', '06066555')
2025-07-09 08:14:12,529 - INFO - 规则类型: chain, 最大扩展步数: 2
2025-07-09 08:14:12,530 - INFO - Motif阈值: 0.98, 结构提升阈值: 0.0
2025-07-09 08:14:12,570 - INFO - 相似度提升检查: -0.1408 >= 0.0
2025-07-09 08:14:12,571 - INFO - 步骤 1: 相似度提升不足 (-0.1408), 停止扩展
2025-07-09 08:14:12,577 - ERROR - 子图匹配失败: can't multiply sequence by non-int of type 'float'
2025-07-09 08:14:12,578 - INFO - 匹配失败，处理时间: 0.0547秒
2025-07-09 08:14:12,578 - INFO - 处理第17/100个anchor
2025-07-09 08:14:12,578 - INFO - 开始处理anchor: ('00645415', '_hypernym', '00643473')
2025-07-09 08:14:12,584 - INFO - 规则类型: chain, 最大扩展步数: 2
2025-07-09 08:14:12,584 - INFO - Motif阈值: 0.98, 结构提升阈值: 0.0
2025-07-09 08:14:12,587 - INFO - 相似度提升检查: -0.1642 >= 0.0
2025-07-09 08:14:12,588 - INFO - 步骤 1: 相似度提升不足 (-0.1642), 停止扩展
2025-07-09 08:14:12,594 - ERROR - 子图匹配失败: can't multiply sequence by non-int of type 'float'
2025-07-09 08:14:12,596 - INFO - 匹配失败，处理时间: 0.0163秒
2025-07-09 08:14:12,596 - INFO - 处理第18/100个anchor
2025-07-09 08:14:12,596 - INFO - 开始处理anchor: ('09322930', '_instance_hypernym', '09360122')
2025-07-09 08:14:12,601 - INFO - 规则类型: chain, 最大扩展步数: 2
2025-07-09 08:14:12,602 - INFO - Motif阈值: 0.98, 结构提升阈值: 0.0
2025-07-09 08:14:12,604 - INFO - 步骤 1: 没有找到合适的扩展边
2025-07-09 08:14:12,610 - ERROR - 子图匹配失败: can't multiply sequence by non-int of type 'float'
2025-07-09 08:14:12,612 - INFO - 匹配失败，处理时间: 0.0161秒
2025-07-09 08:14:12,612 - INFO - 处理第19/100个anchor
2025-07-09 08:14:12,612 - INFO - 开始处理anchor: ('09360122', '_hypernym', '08617963')
2025-07-09 08:14:12,618 - INFO - 规则类型: chain, 最大扩展步数: 2
2025-07-09 08:14:12,618 - INFO - Motif阈值: 0.98, 结构提升阈值: 0.0
2025-07-09 08:14:12,622 - INFO - 步骤 1: 没有找到合适的扩展边
2025-07-09 08:14:12,629 - ERROR - 子图匹配失败: can't multiply sequence by non-int of type 'float'
2025-07-09 08:14:12,630 - INFO - 匹配失败，处理时间: 0.0169秒
2025-07-09 08:14:12,630 - INFO - 处理第20/100个anchor
2025-07-09 08:14:12,630 - INFO - 开始处理anchor: ('07193596', '_derivationally_related_form', '00784342')
2025-07-09 08:14:12,635 - INFO - 规则类型: chain, 最大扩展步数: 2
2025-07-09 08:14:12,636 - INFO - Motif阈值: 0.98, 结构提升阈值: 0.0
2025-07-09 08:14:12,638 - INFO - 步骤 1: 没有找到合适的扩展边
2025-07-09 08:14:12,646 - ERROR - 子图匹配失败: can't multiply sequence by non-int of type 'float'
2025-07-09 08:14:12,647 - INFO - 匹配失败，处理时间: 0.0165秒
2025-07-09 08:14:12,647 - INFO - 处理第21/100个anchor
2025-07-09 08:14:12,647 - INFO - 开始处理anchor: ('07193596', '_derivationally_related_form', '00788184')
2025-07-09 08:14:12,653 - INFO - 规则类型: chain, 最大扩展步数: 2
2025-07-09 08:14:12,653 - INFO - Motif阈值: 0.98, 结构提升阈值: 0.0
2025-07-09 08:14:12,655 - INFO - 步骤 1: 没有找到合适的扩展边
2025-07-09 08:14:12,661 - ERROR - 子图匹配失败: can't multiply sequence by non-int of type 'float'
2025-07-09 08:14:12,662 - INFO - 匹配失败，处理时间: 0.0146秒
2025-07-09 08:14:12,662 - INFO - 处理第22/100个anchor
2025-07-09 08:14:12,662 - INFO - 开始处理anchor: ('07193596', '_hypernym', '07193184')
2025-07-09 08:14:12,667 - INFO - 规则类型: chain, 最大扩展步数: 2
2025-07-09 08:14:12,667 - INFO - Motif阈值: 0.98, 结构提升阈值: 0.0
2025-07-09 08:14:12,669 - INFO - 步骤 1: 没有找到合适的扩展边
2025-07-09 08:14:12,676 - ERROR - 子图匹配失败: can't multiply sequence by non-int of type 'float'
2025-07-09 08:14:12,678 - INFO - 匹配失败，处理时间: 0.0134秒
2025-07-09 08:14:12,678 - INFO - 处理第23/100个anchor
2025-07-09 08:14:12,679 - INFO - 开始处理anchor: ('07193596', '_derivationally_related_form', '00808855')
2025-07-09 08:14:12,684 - INFO - 规则类型: chain, 最大扩展步数: 2
2025-07-09 08:14:12,685 - INFO - Motif阈值: 0.98, 结构提升阈值: 0.0
2025-07-09 08:14:12,687 - INFO - 步骤 1: 没有找到合适的扩展边
2025-07-09 08:14:12,692 - ERROR - 子图匹配失败: can't multiply sequence by non-int of type 'float'
2025-07-09 08:14:12,694 - INFO - 匹配失败，处理时间: 0.0137秒
2025-07-09 08:14:12,694 - INFO - 处理第24/100个anchor
2025-07-09 08:14:12,695 - INFO - 开始处理anchor: ('07193596', '_derivationally_related_form', '00785008')
2025-07-09 08:14:12,701 - INFO - 规则类型: chain, 最大扩展步数: 2
2025-07-09 08:14:12,701 - INFO - Motif阈值: 0.98, 结构提升阈值: 0.0
2025-07-09 08:14:12,704 - INFO - 步骤 1: 没有找到合适的扩展边
2025-07-09 08:14:12,708 - ERROR - 子图匹配失败: can't multiply sequence by non-int of type 'float'
2025-07-09 08:14:12,709 - INFO - 匹配失败，处理时间: 0.0124秒
2025-07-09 08:14:12,709 - INFO - 处理第25/100个anchor
2025-07-09 08:14:12,709 - INFO - 开始处理anchor: ('00784342', '_derivationally_related_form', '10207831')
2025-07-09 08:14:12,716 - INFO - 规则类型: chain, 最大扩展步数: 2
2025-07-09 08:14:12,716 - INFO - Motif阈值: 0.98, 结构提升阈值: 0.0
2025-07-09 08:14:12,719 - INFO - 步骤 1: 没有找到合适的扩展边
2025-07-09 08:14:12,725 - ERROR - 子图匹配失败: can't multiply sequence by non-int of type 'float'
2025-07-09 08:14:12,725 - INFO - 匹配失败，处理时间: 0.0149秒
2025-07-09 08:14:12,725 - INFO - 处理第26/100个anchor
2025-07-09 08:14:12,725 - INFO - 开始处理anchor: ('00784342', '_hypernym', '00740577')
2025-07-09 08:14:12,732 - INFO - 规则类型: chain, 最大扩展步数: 2
2025-07-09 08:14:12,732 - INFO - Motif阈值: 0.98, 结构提升阈值: 0.0
2025-07-09 08:14:12,736 - INFO - 步骤 1: 没有找到合适的扩展边
2025-07-09 08:14:12,742 - ERROR - 子图匹配失败: can't multiply sequence by non-int of type 'float'
2025-07-09 08:14:12,742 - INFO - 匹配失败，处理时间: 0.0160秒
2025-07-09 08:14:12,743 - INFO - 处理第27/100个anchor
2025-07-09 08:14:12,744 - INFO - 开始处理anchor: ('00784342', '_derivationally_related_form', '07193596')
2025-07-09 08:14:12,750 - INFO - 规则类型: chain, 最大扩展步数: 2
2025-07-09 08:14:12,751 - INFO - Motif阈值: 0.98, 结构提升阈值: 0.0
2025-07-09 08:14:12,752 - INFO - 步骤 1: 没有找到合适的扩展边
2025-07-09 08:14:12,757 - ERROR - 子图匹配失败: can't multiply sequence by non-int of type 'float'
2025-07-09 08:14:12,757 - INFO - 匹配失败，处理时间: 0.0131秒
2025-07-09 08:14:12,757 - INFO - 处理第28/100个anchor
2025-07-09 08:14:12,757 - INFO - 开始处理anchor: ('00784342', '_verb_group', '00897746')
2025-07-09 08:14:12,763 - INFO - 规则类型: chain, 最大扩展步数: 2
2025-07-09 08:14:12,764 - INFO - Motif阈值: 0.98, 结构提升阈值: 0.0
2025-07-09 08:14:12,767 - INFO - 步骤 1: 没有找到合适的扩展边
2025-07-09 08:14:12,771 - ERROR - 子图匹配失败: can't multiply sequence by non-int of type 'float'
2025-07-09 08:14:12,772 - INFO - 匹配失败，处理时间: 0.0136秒
2025-07-09 08:14:12,773 - INFO - 处理第29/100个anchor
2025-07-09 08:14:12,773 - INFO - 开始处理anchor: ('00784342', '_derivationally_related_form', '07193184')
2025-07-09 08:14:12,779 - INFO - 规则类型: chain, 最大扩展步数: 2
2025-07-09 08:14:12,780 - INFO - Motif阈值: 0.98, 结构提升阈值: 0.0
2025-07-09 08:14:12,782 - INFO - 步骤 1: 没有找到合适的扩展边
2025-07-09 08:14:12,786 - ERROR - 子图匹配失败: can't multiply sequence by non-int of type 'float'
2025-07-09 08:14:12,787 - INFO - 匹配失败，处理时间: 0.0141秒
2025-07-09 08:14:12,787 - INFO - 处理第30/100个anchor
2025-07-09 08:14:12,788 - INFO - 开始处理anchor: ('00784342', '_verb_group', '00784727')
2025-07-09 08:14:12,794 - INFO - 规则类型: chain, 最大扩展步数: 2
2025-07-09 08:14:12,795 - INFO - Motif阈值: 0.98, 结构提升阈值: 0.0
2025-07-09 08:14:12,799 - INFO - 步骤 1: 没有找到合适的扩展边
2025-07-09 08:14:12,804 - ERROR - 子图匹配失败: can't multiply sequence by non-int of type 'float'
2025-07-09 08:14:12,804 - INFO - 匹配失败，处理时间: 0.0159秒
2025-07-09 08:14:12,805 - INFO - 处理第31/100个anchor
2025-07-09 08:14:12,805 - INFO - 开始处理anchor: ('01768969', '_derivationally_related_form', '02636811')
2025-07-09 08:14:12,812 - INFO - 规则类型: chain, 最大扩展步数: 2
2025-07-09 08:14:12,813 - INFO - Motif阈值: 0.98, 结构提升阈值: 0.0
2025-07-09 08:14:12,817 - INFO - 相似度提升检查: -0.1343 >= 0.0
2025-07-09 08:14:12,817 - INFO - 步骤 1: 相似度提升不足 (-0.1343), 停止扩展
2025-07-09 08:14:12,822 - ERROR - 子图匹配失败: can't multiply sequence by non-int of type 'float'
2025-07-09 08:14:12,822 - INFO - 匹配失败，处理时间: 0.0171秒
2025-07-09 08:14:12,822 - INFO - 处理第32/100个anchor
2025-07-09 08:14:12,823 - INFO - 开始处理anchor: ('01768969', '_hypernym', '08103777')
2025-07-09 08:14:12,831 - INFO - 规则类型: chain, 最大扩展步数: 2
2025-07-09 08:14:12,831 - INFO - Motif阈值: 0.98, 结构提升阈值: 0.0
2025-07-09 08:14:12,837 - INFO - 相似度提升检查: -0.2151 >= 0.0
2025-07-09 08:14:12,837 - INFO - 步骤 1: 相似度提升不足 (-0.2151), 停止扩展
2025-07-09 08:14:12,843 - ERROR - 子图匹配失败: can't multiply sequence by non-int of type 'float'
2025-07-09 08:14:12,844 - INFO - 匹配失败，处理时间: 0.0219秒
2025-07-09 08:14:12,846 - INFO - 处理第33/100个anchor
2025-07-09 08:14:12,846 - INFO - 开始处理anchor: ('01768969', '_member_meronym', '01775879')
2025-07-09 08:14:12,851 - INFO - 规则类型: chain, 最大扩展步数: 2
2025-07-09 08:14:12,852 - INFO - Motif阈值: 0.98, 结构提升阈值: 0.0
2025-07-09 08:14:12,854 - INFO - 步骤 1: 没有找到合适的扩展边
2025-07-09 08:14:12,860 - ERROR - 子图匹配失败: can't multiply sequence by non-int of type 'float'
2025-07-09 08:14:12,862 - INFO - 匹配失败，处理时间: 0.0157秒
2025-07-09 08:14:12,862 - INFO - 处理第34/100个anchor
2025-07-09 08:14:12,862 - INFO - 开始处理anchor: ('01768969', '_member_meronym', '01771966')
2025-07-09 08:14:12,867 - INFO - 规则类型: chain, 最大扩展步数: 2
2025-07-09 08:14:12,867 - INFO - Motif阈值: 0.98, 结构提升阈值: 0.0
2025-07-09 08:14:12,870 - INFO - 步骤 1: 没有找到合适的扩展边
2025-07-09 08:14:12,875 - ERROR - 子图匹配失败: can't multiply sequence by non-int of type 'float'
2025-07-09 08:14:12,876 - INFO - 匹配失败，处理时间: 0.0138秒
2025-07-09 08:14:12,878 - INFO - 处理第35/100个anchor
2025-07-09 08:14:12,878 - INFO - 开始处理anchor: ('01768969', '_member_meronym', '01769347')
2025-07-09 08:14:12,884 - INFO - 规则类型: chain, 最大扩展步数: 2
2025-07-09 08:14:12,884 - INFO - Motif阈值: 0.98, 结构提升阈值: 0.0
2025-07-09 08:14:12,888 - INFO - 步骤 1: 没有找到合适的扩展边
2025-07-09 08:14:12,894 - ERROR - 子图匹配失败: can't multiply sequence by non-int of type 'float'
2025-07-09 08:14:12,895 - INFO - 匹配失败，处理时间: 0.0155秒
2025-07-09 08:14:12,896 - INFO - 处理第36/100个anchor
2025-07-09 08:14:12,896 - INFO - 开始处理anchor: ('01768969', '_member_meronym', '01770553')
2025-07-09 08:14:12,902 - INFO - 规则类型: chain, 最大扩展步数: 2
2025-07-09 08:14:12,902 - INFO - Motif阈值: 0.98, 结构提升阈值: 0.0
2025-07-09 08:14:12,904 - INFO - 步骤 1: 没有找到合适的扩展边
2025-07-09 08:14:12,909 - ERROR - 子图匹配失败: can't multiply sequence by non-int of type 'float'
2025-07-09 08:14:12,910 - INFO - 匹配失败，处理时间: 0.0140秒
2025-07-09 08:14:12,911 - INFO - 处理第37/100个anchor
2025-07-09 08:14:12,912 - INFO - 开始处理anchor: ('01768969', '_member_meronym', '01769635')
2025-07-09 08:14:12,917 - INFO - 规则类型: chain, 最大扩展步数: 2
2025-07-09 08:14:12,917 - INFO - Motif阈值: 0.98, 结构提升阈值: 0.0
2025-07-09 08:14:12,918 - INFO - 步骤 1: 没有找到合适的扩展边
2025-07-09 08:14:12,924 - ERROR - 子图匹配失败: can't multiply sequence by non-int of type 'float'
2025-07-09 08:14:12,925 - INFO - 匹配失败，处理时间: 0.0138秒
2025-07-09 08:14:12,925 - INFO - 处理第38/100个anchor
2025-07-09 08:14:12,925 - INFO - 开始处理anchor: ('02636811', '_derivationally_related_form', '01769347')
2025-07-09 08:14:12,932 - INFO - 规则类型: chain, 最大扩展步数: 2
2025-07-09 08:14:12,933 - INFO - Motif阈值: 0.98, 结构提升阈值: 0.0
2025-07-09 08:14:12,935 - INFO - 相似度提升检查: -0.2137 >= 0.0
2025-07-09 08:14:12,936 - INFO - 步骤 1: 相似度提升不足 (-0.2137), 停止扩展
2025-07-09 08:14:12,941 - ERROR - 子图匹配失败: can't multiply sequence by non-int of type 'float'
2025-07-09 08:14:12,943 - INFO - 匹配失败，处理时间: 0.0163秒
2025-07-09 08:14:12,943 - INFO - 处理第39/100个anchor
2025-07-09 08:14:12,943 - INFO - 开始处理anchor: ('02636811', '_synset_domain_topic_of', '06083243')
2025-07-09 08:14:12,950 - INFO - 规则类型: chain, 最大扩展步数: 2
2025-07-09 08:14:12,950 - INFO - Motif阈值: 0.98, 结构提升阈值: 0.0
2025-07-09 08:14:12,981 - INFO - 相似度提升检查: -0.1425 >= 0.0
2025-07-09 08:14:12,983 - INFO - 步骤 1: 相似度提升不足 (-0.1425), 停止扩展
2025-07-09 08:14:12,987 - ERROR - 子图匹配失败: can't multiply sequence by non-int of type 'float'
2025-07-09 08:14:12,987 - INFO - 匹配失败，处理时间: 0.0431秒
2025-07-09 08:14:12,988 - INFO - 处理第40/100个anchor
2025-07-09 08:14:12,988 - INFO - 开始处理anchor: ('02636811', '_derivationally_related_form', '01768969')
2025-07-09 08:14:12,996 - INFO - 规则类型: chain, 最大扩展步数: 2
2025-07-09 08:14:12,996 - INFO - Motif阈值: 0.98, 结构提升阈值: 0.0
2025-07-09 08:14:12,999 - INFO - 相似度提升检查: -0.2233 >= 0.0
2025-07-09 08:14:12,999 - INFO - 步骤 1: 相似度提升不足 (-0.2233), 停止扩展
2025-07-09 08:14:13,004 - ERROR - 子图匹配失败: can't multiply sequence by non-int of type 'float'
2025-07-09 08:14:13,005 - INFO - 匹配失败，处理时间: 0.0170秒
2025-07-09 08:14:13,005 - INFO - 处理第41/100个anchor
2025-07-09 08:14:13,006 - INFO - 开始处理anchor: ('02636811', '_derivationally_related_form', '01772222')
2025-07-09 08:14:13,013 - INFO - 规则类型: chain, 最大扩展步数: 2
2025-07-09 08:14:13,013 - INFO - Motif阈值: 0.98, 结构提升阈值: 0.0
2025-07-09 08:14:13,015 - INFO - 相似度提升检查: -0.2223 >= 0.0
2025-07-09 08:14:13,017 - INFO - 步骤 1: 相似度提升不足 (-0.2223), 停止扩展
2025-07-09 08:14:13,020 - ERROR - 子图匹配失败: can't multiply sequence by non-int of type 'float'
2025-07-09 08:14:13,021 - INFO - 匹配失败，处理时间: 0.0137秒
2025-07-09 08:14:13,021 - INFO - 处理第42/100个anchor
2025-07-09 08:14:13,022 - INFO - 开始处理anchor: ('01455754', '_hypernym', '01974062')
2025-07-09 08:14:13,028 - INFO - 规则类型: chain, 最大扩展步数: 2
2025-07-09 08:14:13,029 - INFO - Motif阈值: 0.98, 结构提升阈值: 0.0
2025-07-09 08:14:13,033 - INFO - 相似度提升检查: -0.0850 >= 0.0
2025-07-09 08:14:13,033 - INFO - 步骤 1: 相似度提升不足 (-0.0850), 停止扩展
2025-07-09 08:14:13,038 - ERROR - 子图匹配失败: can't multiply sequence by non-int of type 'float'
2025-07-09 08:14:13,039 - INFO - 匹配失败，处理时间: 0.0176秒
2025-07-09 08:14:13,039 - INFO - 处理第43/100个anchor
2025-07-09 08:14:13,040 - INFO - 开始处理anchor: ('01974062', '_derivationally_related_form', '09206985')
2025-07-09 08:14:13,047 - INFO - 规则类型: chain, 最大扩展步数: 2
2025-07-09 08:14:13,048 - INFO - Motif阈值: 0.98, 结构提升阈值: 0.0
2025-07-09 08:14:13,055 - INFO - 相似度提升检查: -0.1693 >= 0.0
2025-07-09 08:14:13,055 - INFO - 步骤 1: 相似度提升不足 (-0.1693), 停止扩展
2025-07-09 08:14:13,063 - ERROR - 子图匹配失败: can't multiply sequence by non-int of type 'float'
2025-07-09 08:14:13,063 - INFO - 匹配失败，处理时间: 0.0227秒
2025-07-09 08:14:13,064 - INFO - 处理第44/100个anchor
2025-07-09 08:14:13,064 - INFO - 开始处理anchor: ('01974062', '_derivationally_related_form', '07348399')
2025-07-09 08:14:13,069 - INFO - 规则类型: chain, 最大扩展步数: 2
2025-07-09 08:14:13,070 - INFO - Motif阈值: 0.98, 结构提升阈值: 0.0
2025-07-09 08:14:13,077 - INFO - 相似度提升检查: -0.0945 >= 0.0
2025-07-09 08:14:13,078 - INFO - 步骤 1: 相似度提升不足 (-0.0945), 停止扩展
2025-07-09 08:14:13,084 - ERROR - 子图匹配失败: can't multiply sequence by non-int of type 'float'
2025-07-09 08:14:13,085 - INFO - 匹配失败，处理时间: 0.0205秒
2025-07-09 08:14:13,085 - INFO - 处理第45/100个anchor
2025-07-09 08:14:13,085 - INFO - 开始处理anchor: ('01974062', '_derivationally_related_form', '10773394')
2025-07-09 08:14:13,092 - INFO - 规则类型: chain, 最大扩展步数: 2
2025-07-09 08:14:13,092 - INFO - Motif阈值: 0.98, 结构提升阈值: 0.0
2025-07-09 08:14:13,100 - INFO - 相似度提升检查: -0.1009 >= 0.0
2025-07-09 08:14:13,101 - INFO - 步骤 1: 相似度提升不足 (-0.1009), 停止扩展
2025-07-09 08:14:13,105 - ERROR - 子图匹配失败: can't multiply sequence by non-int of type 'float'
2025-07-09 08:14:13,106 - INFO - 匹配失败，处理时间: 0.0211秒
2025-07-09 08:14:13,106 - INFO - 处理第46/100个anchor
2025-07-09 08:14:13,107 - INFO - 开始处理anchor: ('01974062', '_derivationally_related_form', '07370671')
2025-07-09 08:14:13,113 - INFO - 规则类型: chain, 最大扩展步数: 2
2025-07-09 08:14:13,114 - INFO - Motif阈值: 0.98, 结构提升阈值: 0.0
2025-07-09 08:14:13,120 - INFO - 相似度提升检查: -0.1427 >= 0.0
2025-07-09 08:14:13,120 - INFO - 步骤 1: 相似度提升不足 (-0.1427), 停止扩展
2025-07-09 08:14:13,125 - ERROR - 子图匹配失败: can't multiply sequence by non-int of type 'float'
2025-07-09 08:14:13,126 - INFO - 匹配失败，处理时间: 0.0187秒
2025-07-09 08:14:13,126 - INFO - 处理第47/100个anchor
2025-07-09 08:14:13,128 - INFO - 开始处理anchor: ('01974062', '_derivationally_related_form', '00116376')
2025-07-09 08:14:13,132 - INFO - 规则类型: chain, 最大扩展步数: 2
2025-07-09 08:14:13,133 - INFO - Motif阈值: 0.98, 结构提升阈值: 0.0
2025-07-09 08:14:13,139 - INFO - 相似度提升检查: -0.1092 >= 0.0
2025-07-09 08:14:13,140 - INFO - 步骤 1: 相似度提升不足 (-0.1092), 停止扩展
2025-07-09 08:14:13,146 - ERROR - 子图匹配失败: can't multiply sequence by non-int of type 'float'
2025-07-09 08:14:13,147 - INFO - 匹配失败，处理时间: 0.0172秒
2025-07-09 08:14:13,147 - INFO - 处理第48/100个anchor
2025-07-09 08:14:13,147 - INFO - 开始处理anchor: ('01974062', '_derivationally_related_form', '04231693')
2025-07-09 08:14:13,152 - INFO - 规则类型: chain, 最大扩展步数: 2
2025-07-09 08:14:13,153 - INFO - Motif阈值: 0.98, 结构提升阈值: 0.0
2025-07-09 08:14:13,159 - INFO - 相似度提升检查: -0.1255 >= 0.0
2025-07-09 08:14:13,159 - INFO - 步骤 1: 相似度提升不足 (-0.1255), 停止扩展
2025-07-09 08:14:13,167 - ERROR - 子图匹配失败: can't multiply sequence by non-int of type 'float'
2025-07-09 08:14:13,167 - INFO - 匹配失败，处理时间: 0.0199秒
2025-07-09 08:14:13,167 - INFO - 处理第49/100个anchor
2025-07-09 08:14:13,167 - INFO - 开始处理anchor: ('01974062', '_derivationally_related_form', '09366317')
2025-07-09 08:14:13,173 - INFO - 规则类型: chain, 最大扩展步数: 2
2025-07-09 08:14:13,173 - INFO - Motif阈值: 0.98, 结构提升阈值: 0.0
2025-07-09 08:14:13,181 - INFO - 相似度提升检查: -0.0548 >= 0.0
2025-07-09 08:14:13,181 - INFO - 步骤 1: 相似度提升不足 (-0.0548), 停止扩展
2025-07-09 08:14:13,186 - ERROR - 子图匹配失败: can't multiply sequence by non-int of type 'float'
2025-07-09 08:14:13,187 - INFO - 匹配失败，处理时间: 0.0190秒
2025-07-09 08:14:13,187 - INFO - 处理第50/100个anchor
2025-07-09 08:14:13,187 - INFO - 开始处理anchor: ('01974062', '_derivationally_related_form', '03281145')
2025-07-09 08:14:13,192 - INFO - 规则类型: chain, 最大扩展步数: 2
2025-07-09 08:14:13,193 - INFO - Motif阈值: 0.98, 结构提升阈值: 0.0
2025-07-09 08:14:13,199 - INFO - 相似度提升检查: -0.1164 >= 0.0
2025-07-09 08:14:13,200 - INFO - 步骤 1: 相似度提升不足 (-0.1164), 停止扩展
2025-07-09 08:14:13,204 - ERROR - 子图匹配失败: can't multiply sequence by non-int of type 'float'
2025-07-09 08:14:13,205 - INFO - 匹配失败，处理时间: 0.0176秒
2025-07-09 08:14:13,205 - INFO - 处理第51/100个anchor
2025-07-09 08:14:13,206 - INFO - 开始处理anchor: ('01974062', '_derivationally_related_form', '05131283')
2025-07-09 08:14:13,214 - INFO - 规则类型: chain, 最大扩展步数: 2
2025-07-09 08:14:13,214 - INFO - Motif阈值: 0.98, 结构提升阈值: 0.0
2025-07-09 08:14:13,218 - INFO - 相似度提升检查: -0.0698 >= 0.0
2025-07-09 08:14:13,218 - INFO - 步骤 1: 相似度提升不足 (-0.0698), 停止扩展
2025-07-09 08:14:13,223 - ERROR - 子图匹配失败: can't multiply sequence by non-int of type 'float'
2025-07-09 08:14:13,224 - INFO - 匹配失败，处理时间: 0.0180秒
2025-07-09 08:14:13,224 - INFO - 处理第52/100个anchor
2025-07-09 08:14:13,225 - INFO - 开始处理anchor: ('01974062', '_also_see', '01976089')
2025-07-09 08:14:13,231 - INFO - 规则类型: chain, 最大扩展步数: 2
2025-07-09 08:14:13,231 - INFO - Motif阈值: 0.98, 结构提升阈值: 0.0
2025-07-09 08:14:13,285 - INFO - 相似度提升检查: 0.0148 >= 0.0
2025-07-09 08:14:13,285 - INFO - 步骤 1: 添加边 ('01976089', '01974062', '_hypernym'), 相似度提升: 0.0148 (当前: -0.1300)
2025-07-09 08:14:13,285 - INFO - 步骤 1: 子图与规则同构，提前终止扩展
2025-07-09 08:14:13,291 - ERROR - 子图匹配失败: can't multiply sequence by non-int of type 'float'
2025-07-09 08:14:13,291 - INFO - 匹配失败，处理时间: 0.0663秒
2025-07-09 08:14:13,292 - INFO - 处理第53/100个anchor
2025-07-09 08:14:13,293 - INFO - 开始处理anchor: ('01974062', '_derivationally_related_form', '00316594')
2025-07-09 08:14:13,299 - INFO - 规则类型: chain, 最大扩展步数: 2
2025-07-09 08:14:13,300 - INFO - Motif阈值: 0.98, 结构提升阈值: 0.0
2025-07-09 08:14:13,304 - INFO - 相似度提升检查: -0.1282 >= 0.0
2025-07-09 08:14:13,304 - INFO - 步骤 1: 相似度提升不足 (-0.1282), 停止扩展
2025-07-09 08:14:13,311 - ERROR - 子图匹配失败: can't multiply sequence by non-int of type 'float'
2025-07-09 08:14:13,311 - INFO - 匹配失败，处理时间: 0.0177秒
2025-07-09 08:14:13,312 - INFO - 处理第54/100个anchor
2025-07-09 08:14:13,312 - INFO - 开始处理anchor: ('01974062', '_derivationally_related_form', '03664514')
2025-07-09 08:14:13,317 - INFO - 规则类型: chain, 最大扩展步数: 2
2025-07-09 08:14:13,317 - INFO - Motif阈值: 0.98, 结构提升阈值: 0.0
2025-07-09 08:14:13,323 - INFO - 相似度提升检查: -0.1404 >= 0.0
2025-07-09 08:14:13,324 - INFO - 步骤 1: 相似度提升不足 (-0.1404), 停止扩展
2025-07-09 08:14:13,331 - ERROR - 子图匹配失败: can't multiply sequence by non-int of type 'float'
2025-07-09 08:14:13,332 - INFO - 匹配失败，处理时间: 0.0199秒
2025-07-09 08:14:13,332 - INFO - 处理第55/100个anchor
2025-07-09 08:14:13,332 - INFO - 开始处理anchor: ('07554856', '_hypernym', '07553301')
2025-07-09 08:14:13,338 - INFO - 规则类型: chain, 最大扩展步数: 2
2025-07-09 08:14:13,338 - INFO - Motif阈值: 0.98, 结构提升阈值: 0.0
2025-07-09 08:14:13,341 - INFO - 步骤 1: 没有找到合适的扩展边
2025-07-09 08:14:13,345 - ERROR - 子图匹配失败: can't multiply sequence by non-int of type 'float'
2025-07-09 08:14:13,346 - INFO - 匹配失败，处理时间: 0.0139秒
2025-07-09 08:14:13,346 - INFO - 处理第56/100个anchor
2025-07-09 08:14:13,346 - INFO - 开始处理anchor: ('07554856', '_derivationally_related_form', '00594058')
2025-07-09 08:14:13,353 - INFO - 规则类型: chain, 最大扩展步数: 2
2025-07-09 08:14:13,354 - INFO - Motif阈值: 0.98, 结构提升阈值: 0.0
2025-07-09 08:14:13,356 - INFO - 步骤 1: 没有找到合适的扩展边
2025-07-09 08:14:13,362 - ERROR - 子图匹配失败: can't multiply sequence by non-int of type 'float'
2025-07-09 08:14:13,364 - INFO - 匹配失败，处理时间: 0.0171秒
2025-07-09 08:14:13,364 - INFO - 处理第57/100个anchor
2025-07-09 08:14:13,364 - INFO - 开始处理anchor: ('07553301', '_hypernym', '00026192')
2025-07-09 08:14:13,369 - INFO - 规则类型: chain, 最大扩展步数: 2
2025-07-09 08:14:13,369 - INFO - Motif阈值: 0.98, 结构提升阈值: 0.0
2025-07-09 08:14:13,374 - INFO - 步骤 1: 没有找到合适的扩展边
2025-07-09 08:14:13,381 - ERROR - 子图匹配失败: can't multiply sequence by non-int of type 'float'
2025-07-09 08:14:13,382 - INFO - 匹配失败，处理时间: 0.0170秒
2025-07-09 08:14:13,382 - INFO - 处理第58/100个anchor
2025-07-09 08:14:13,382 - INFO - 开始处理anchor: ('07553301', '_derivationally_related_form', '01822248')
2025-07-09 08:14:13,387 - INFO - 规则类型: chain, 最大扩展步数: 2
2025-07-09 08:14:13,387 - INFO - Motif阈值: 0.98, 结构提升阈值: 0.0
2025-07-09 08:14:13,390 - INFO - 步骤 1: 没有找到合适的扩展边
2025-07-09 08:14:13,396 - ERROR - 子图匹配失败: can't multiply sequence by non-int of type 'float'
2025-07-09 08:14:13,396 - INFO - 匹配失败，处理时间: 0.0140秒
2025-07-09 08:14:13,397 - INFO - 处理第59/100个anchor
2025-07-09 08:14:13,397 - INFO - 开始处理anchor: ('00057306', '_hypernym', '00056912')
2025-07-09 08:14:13,401 - INFO - 规则类型: chain, 最大扩展步数: 2
2025-07-09 08:14:13,402 - INFO - Motif阈值: 0.98, 结构提升阈值: 0.0
2025-07-09 08:14:13,407 - INFO - 相似度提升检查: -0.1512 >= 0.0
2025-07-09 08:14:13,407 - INFO - 步骤 1: 相似度提升不足 (-0.1512), 停止扩展
2025-07-09 08:14:13,414 - ERROR - 子图匹配失败: can't multiply sequence by non-int of type 'float'
2025-07-09 08:14:13,414 - INFO - 匹配失败，处理时间: 0.0170秒
2025-07-09 08:14:13,415 - INFO - 处理第60/100个anchor
2025-07-09 08:14:13,415 - INFO - 开始处理anchor: ('00057306', '_derivationally_related_form', '01904120')
2025-07-09 08:14:13,420 - INFO - 规则类型: chain, 最大扩展步数: 2
2025-07-09 08:14:13,421 - INFO - Motif阈值: 0.98, 结构提升阈值: 0.0
2025-07-09 08:14:13,426 - INFO - 相似度提升检查: -0.2411 >= 0.0
2025-07-09 08:14:13,427 - INFO - 步骤 1: 相似度提升不足 (-0.2411), 停止扩展
2025-07-09 08:14:13,431 - ERROR - 子图匹配失败: can't multiply sequence by non-int of type 'float'
2025-07-09 08:14:13,432 - INFO - 匹配失败，处理时间: 0.0169秒
2025-07-09 08:14:13,432 - INFO - 处理第61/100个anchor
2025-07-09 08:14:13,432 - INFO - 开始处理anchor: ('00057306', '_derivationally_related_form', '02015168')
2025-07-09 08:14:13,437 - INFO - 规则类型: chain, 最大扩展步数: 2
2025-07-09 08:14:13,437 - INFO - Motif阈值: 0.98, 结构提升阈值: 0.0
2025-07-09 08:14:13,442 - INFO - 相似度提升检查: -0.0921 >= 0.0
2025-07-09 08:14:13,443 - INFO - 步骤 1: 相似度提升不足 (-0.0921), 停止扩展
2025-07-09 08:14:13,448 - ERROR - 子图匹配失败: can't multiply sequence by non-int of type 'float'
2025-07-09 08:14:13,448 - INFO - 匹配失败，处理时间: 0.0160秒
2025-07-09 08:14:13,449 - INFO - 处理第62/100个anchor
2025-07-09 08:14:13,449 - INFO - 开始处理anchor: ('00057306', '_synset_domain_topic_of', '08199025')
2025-07-09 08:14:13,454 - INFO - 规则类型: chain, 最大扩展步数: 2
2025-07-09 08:14:13,454 - INFO - Motif阈值: 0.98, 结构提升阈值: 0.0
2025-07-09 08:14:13,774 - INFO - 相似度提升检查: -0.0710 >= 0.0
2025-07-09 08:14:13,775 - INFO - 步骤 1: 相似度提升不足 (-0.0710), 停止扩展
2025-07-09 08:14:13,779 - ERROR - 子图匹配失败: can't multiply sequence by non-int of type 'float'
2025-07-09 08:14:13,780 - INFO - 匹配失败，处理时间: 0.3303秒
2025-07-09 08:14:13,780 - INFO - 处理第63/100个anchor
2025-07-09 08:14:13,780 - INFO - 开始处理anchor: ('00056912', '_hypernym', '00053913')
2025-07-09 08:14:13,784 - INFO - 规则类型: chain, 最大扩展步数: 2
2025-07-09 08:14:13,785 - INFO - Motif阈值: 0.98, 结构提升阈值: 0.0
2025-07-09 08:14:13,790 - INFO - 相似度提升检查: -0.1889 >= 0.0
2025-07-09 08:14:13,790 - INFO - 步骤 1: 相似度提升不足 (-0.1889), 停止扩展
2025-07-09 08:14:13,796 - ERROR - 子图匹配失败: can't multiply sequence by non-int of type 'float'
2025-07-09 08:14:13,797 - INFO - 匹配失败，处理时间: 0.0163秒
2025-07-09 08:14:13,797 - INFO - 处理第64/100个anchor
2025-07-09 08:14:13,797 - INFO - 开始处理anchor: ('00056912', '_synset_domain_topic_of', '08199025')
2025-07-09 08:14:13,802 - INFO - 规则类型: chain, 最大扩展步数: 2
2025-07-09 08:14:13,802 - INFO - Motif阈值: 0.98, 结构提升阈值: 0.0
2025-07-09 08:14:14,111 - INFO - 相似度提升检查: -0.1279 >= 0.0
2025-07-09 08:14:14,112 - INFO - 步骤 1: 相似度提升不足 (-0.1279), 停止扩展
2025-07-09 08:14:14,116 - ERROR - 子图匹配失败: can't multiply sequence by non-int of type 'float'
2025-07-09 08:14:14,117 - INFO - 匹配失败，处理时间: 0.3204秒
2025-07-09 08:14:14,117 - INFO - 处理第65/100个anchor
2025-07-09 08:14:14,117 - INFO - 开始处理anchor: ('10341660', '_derivationally_related_form', '02661252')
2025-07-09 08:14:14,124 - INFO - 规则类型: chain, 最大扩展步数: 2
2025-07-09 08:14:14,124 - INFO - Motif阈值: 0.98, 结构提升阈值: 0.0
2025-07-09 08:14:14,128 - INFO - 相似度提升检查: -0.2480 >= 0.0
2025-07-09 08:14:14,129 - INFO - 步骤 1: 相似度提升不足 (-0.2480), 停止扩展
2025-07-09 08:14:14,134 - ERROR - 子图匹配失败: can't multiply sequence by non-int of type 'float'
2025-07-09 08:14:14,135 - INFO - 匹配失败，处理时间: 0.0163秒
2025-07-09 08:14:14,135 - INFO - 处理第66/100个anchor
2025-07-09 08:14:14,135 - INFO - 开始处理anchor: ('10341660', '_derivationally_related_form', '00119873')
2025-07-09 08:14:14,142 - INFO - 规则类型: chain, 最大扩展步数: 2
2025-07-09 08:14:14,142 - INFO - Motif阈值: 0.98, 结构提升阈值: 0.0
2025-07-09 08:14:14,146 - INFO - 相似度提升检查: -0.2056 >= 0.0
2025-07-09 08:14:14,146 - INFO - 步骤 1: 相似度提升不足 (-0.2056), 停止扩展
2025-07-09 08:14:14,151 - ERROR - 子图匹配失败: can't multiply sequence by non-int of type 'float'
2025-07-09 08:14:14,152 - INFO - 匹配失败，处理时间: 0.0165秒
2025-07-09 08:14:14,152 - INFO - 处理第67/100个anchor
2025-07-09 08:14:14,153 - INFO - 开始处理anchor: ('10341660', '_synset_domain_topic_of', '06037666')
2025-07-09 08:14:14,160 - INFO - 规则类型: chain, 最大扩展步数: 2
2025-07-09 08:14:14,160 - INFO - Motif阈值: 0.98, 结构提升阈值: 0.0
2025-07-09 08:14:14,257 - INFO - 相似度提升检查: -0.1253 >= 0.0
2025-07-09 08:14:14,258 - INFO - 步骤 1: 相似度提升不足 (-0.1253), 停止扩展
2025-07-09 08:14:14,261 - ERROR - 子图匹配失败: can't multiply sequence by non-int of type 'float'
2025-07-09 08:14:14,263 - INFO - 匹配失败，处理时间: 0.1096秒
2025-07-09 08:14:14,263 - INFO - 处理第68/100个anchor
2025-07-09 08:14:14,263 - INFO - 开始处理anchor: ('10341660', '_hypernym', '00004475')
2025-07-09 08:14:14,267 - INFO - 规则类型: chain, 最大扩展步数: 2
2025-07-09 08:14:14,267 - INFO - Motif阈值: 0.98, 结构提升阈值: 0.0
2025-07-09 08:14:14,279 - INFO - 相似度提升检查: -0.1242 >= 0.0
2025-07-09 08:14:14,279 - INFO - 步骤 1: 相似度提升不足 (-0.1242), 停止扩展
2025-07-09 08:14:14,284 - ERROR - 子图匹配失败: can't multiply sequence by non-int of type 'float'
2025-07-09 08:14:14,285 - INFO - 匹配失败，处理时间: 0.0218秒
2025-07-09 08:14:14,285 - INFO - 处理第69/100个anchor
2025-07-09 08:14:14,286 - INFO - 开始处理anchor: ('10341660', '_derivationally_related_form', '02987177')
2025-07-09 08:14:14,292 - INFO - 规则类型: chain, 最大扩展步数: 2
2025-07-09 08:14:14,293 - INFO - Motif阈值: 0.98, 结构提升阈值: 0.0
2025-07-09 08:14:14,296 - INFO - 相似度提升检查: -0.2484 >= 0.0
2025-07-09 08:14:14,296 - INFO - 步骤 1: 相似度提升不足 (-0.2484), 停止扩展
2025-07-09 08:14:14,301 - ERROR - 子图匹配失败: can't multiply sequence by non-int of type 'float'
2025-07-09 08:14:14,302 - INFO - 匹配失败，处理时间: 0.0160秒
2025-07-09 08:14:14,302 - INFO - 处理第70/100个anchor
2025-07-09 08:14:14,303 - INFO - 开始处理anchor: ('10341660', '_derivationally_related_form', '02987454')
2025-07-09 08:14:14,309 - INFO - 规则类型: chain, 最大扩展步数: 2
2025-07-09 08:14:14,310 - INFO - Motif阈值: 0.98, 结构提升阈值: 0.0
2025-07-09 08:14:14,313 - INFO - 相似度提升检查: -0.2570 >= 0.0
2025-07-09 08:14:14,315 - INFO - 步骤 1: 相似度提升不足 (-0.2570), 停止扩展
2025-07-09 08:14:14,318 - ERROR - 子图匹配失败: can't multiply sequence by non-int of type 'float'
2025-07-09 08:14:14,320 - INFO - 匹配失败，处理时间: 0.0171秒
2025-07-09 08:14:14,320 - INFO - 处理第71/100个anchor
2025-07-09 08:14:14,321 - INFO - 开始处理anchor: ('02661252', '_derivationally_related_form', '10419047')
2025-07-09 08:14:14,327 - INFO - 规则类型: chain, 最大扩展步数: 2
2025-07-09 08:14:14,328 - INFO - Motif阈值: 0.98, 结构提升阈值: 0.0
2025-07-09 08:14:14,331 - INFO - 步骤 1: 没有找到合适的扩展边
2025-07-09 08:14:14,349 - ERROR - 子图匹配失败: can't multiply sequence by non-int of type 'float'
2025-07-09 08:14:14,350 - INFO - 匹配失败，处理时间: 0.0293秒
2025-07-09 08:14:14,350 - INFO - 处理第72/100个anchor
2025-07-09 08:14:14,351 - INFO - 开始处理anchor: ('02661252', '_derivationally_related_form', '00737399')
2025-07-09 08:14:14,357 - INFO - 规则类型: chain, 最大扩展步数: 2
2025-07-09 08:14:14,357 - INFO - Motif阈值: 0.98, 结构提升阈值: 0.0
2025-07-09 08:14:14,361 - INFO - 步骤 1: 没有找到合适的扩展边
2025-07-09 08:14:14,366 - ERROR - 子图匹配失败: can't multiply sequence by non-int of type 'float'
2025-07-09 08:14:14,367 - INFO - 匹配失败，处理时间: 0.0159秒
2025-07-09 08:14:14,367 - INFO - 处理第73/100个anchor
2025-07-09 08:14:14,368 - INFO - 开始处理anchor: ('02661252', '_derivationally_related_form', '11415084')
2025-07-09 08:14:14,373 - INFO - 规则类型: chain, 最大扩展步数: 2
2025-07-09 08:14:14,374 - INFO - Motif阈值: 0.98, 结构提升阈值: 0.0
2025-07-09 08:14:14,379 - INFO - 相似度提升检查: -0.0599 >= 0.0
2025-07-09 08:14:14,379 - INFO - 步骤 1: 相似度提升不足 (-0.0599), 停止扩展
2025-07-09 08:14:14,385 - ERROR - 子图匹配失败: can't multiply sequence by non-int of type 'float'
2025-07-09 08:14:14,385 - INFO - 匹配失败，处理时间: 0.0174秒
2025-07-09 08:14:14,385 - INFO - 处理第74/100个anchor
2025-07-09 08:14:14,385 - INFO - 开始处理anchor: ('02661252', '_derivationally_related_form', '10341660')
2025-07-09 08:14:14,391 - INFO - 规则类型: chain, 最大扩展步数: 2
2025-07-09 08:14:14,392 - INFO - Motif阈值: 0.98, 结构提升阈值: 0.0
2025-07-09 08:14:14,397 - INFO - 相似度提升检查: -0.0686 >= 0.0
2025-07-09 08:14:14,397 - INFO - 步骤 1: 相似度提升不足 (-0.0686), 停止扩展
2025-07-09 08:14:14,401 - ERROR - 子图匹配失败: can't multiply sequence by non-int of type 'float'
2025-07-09 08:14:14,402 - INFO - 匹配失败，处理时间: 0.0167秒
2025-07-09 08:14:14,402 - INFO - 处理第75/100个anchor
2025-07-09 08:14:14,402 - INFO - 开始处理anchor: ('02661252', '_derivationally_related_form', '07366627')
2025-07-09 08:14:14,408 - INFO - 规则类型: chain, 最大扩展步数: 2
2025-07-09 08:14:14,409 - INFO - Motif阈值: 0.98, 结构提升阈值: 0.0
2025-07-09 08:14:14,413 - INFO - 步骤 1: 没有找到合适的扩展边
2025-07-09 08:14:14,417 - ERROR - 子图匹配失败: can't multiply sequence by non-int of type 'float'
2025-07-09 08:14:14,418 - INFO - 匹配失败，处理时间: 0.0139秒
2025-07-09 08:14:14,418 - INFO - 处理第76/100个anchor
2025-07-09 08:14:14,418 - INFO - 开始处理anchor: ('02661252', '_derivationally_related_form', '06022291')
2025-07-09 08:14:14,424 - INFO - 规则类型: chain, 最大扩展步数: 2
2025-07-09 08:14:14,425 - INFO - Motif阈值: 0.98, 结构提升阈值: 0.0
2025-07-09 08:14:14,430 - INFO - 相似度提升检查: -0.1798 >= 0.0
2025-07-09 08:14:14,430 - INFO - 步骤 1: 相似度提升不足 (-0.1798), 停止扩展
2025-07-09 08:14:14,435 - ERROR - 子图匹配失败: can't multiply sequence by non-int of type 'float'
2025-07-09 08:14:14,436 - INFO - 匹配失败，处理时间: 0.0181秒
2025-07-09 08:14:14,436 - INFO - 处理第77/100个anchor
2025-07-09 08:14:14,437 - INFO - 开始处理anchor: ('02661252', '_derivationally_related_form', '04802776')
2025-07-09 08:14:14,445 - INFO - 规则类型: chain, 最大扩展步数: 2
2025-07-09 08:14:14,446 - INFO - Motif阈值: 0.98, 结构提升阈值: 0.0
2025-07-09 08:14:14,448 - INFO - 步骤 1: 没有找到合适的扩展边
2025-07-09 08:14:14,453 - ERROR - 子图匹配失败: can't multiply sequence by non-int of type 'float'
2025-07-09 08:14:14,453 - INFO - 匹配失败，处理时间: 0.0148秒
2025-07-09 08:14:14,453 - INFO - 处理第78/100个anchor
2025-07-09 08:14:14,454 - INFO - 开始处理anchor: ('02661252', '_derivationally_related_form', '00194969')
2025-07-09 08:14:14,461 - INFO - 规则类型: chain, 最大扩展步数: 2
2025-07-09 08:14:14,461 - INFO - Motif阈值: 0.98, 结构提升阈值: 0.0
2025-07-09 08:14:14,464 - INFO - 步骤 1: 没有找到合适的扩展边
2025-07-09 08:14:14,470 - ERROR - 子图匹配失败: can't multiply sequence by non-int of type 'float'
2025-07-09 08:14:14,471 - INFO - 匹配失败，处理时间: 0.0160秒
2025-07-09 08:14:14,471 - INFO - 处理第79/100个anchor
2025-07-09 08:14:14,471 - INFO - 开始处理anchor: ('13219258', '_hypernym', '13167078')
2025-07-09 08:14:14,478 - INFO - 规则类型: chain, 最大扩展步数: 2
2025-07-09 08:14:14,479 - INFO - Motif阈值: 0.98, 结构提升阈值: 0.0
2025-07-09 08:14:14,484 - INFO - 步骤 1: 没有找到合适的扩展边
2025-07-09 08:14:14,489 - ERROR - 子图匹配失败: can't multiply sequence by non-int of type 'float'
2025-07-09 08:14:14,489 - INFO - 匹配失败，处理时间: 0.0189秒
2025-07-09 08:14:14,489 - INFO - 处理第80/100个anchor
2025-07-09 08:14:14,490 - INFO - 开始处理anchor: ('13219258', '_member_meronym', '13219422')
2025-07-09 08:14:14,497 - INFO - 规则类型: chain, 最大扩展步数: 2
2025-07-09 08:14:14,498 - INFO - Motif阈值: 0.98, 结构提升阈值: 0.0
2025-07-09 08:14:14,500 - INFO - 步骤 1: 没有找到合适的扩展边
2025-07-09 08:14:14,507 - ERROR - 子图匹配失败: can't multiply sequence by non-int of type 'float'
2025-07-09 08:14:14,507 - INFO - 匹配失败，处理时间: 0.0168秒
2025-07-09 08:14:14,507 - INFO - 处理第81/100个anchor
2025-07-09 08:14:14,508 - INFO - 开始处理anchor: ('13167078', '_hypernym', '08108972')
2025-07-09 08:14:14,513 - INFO - 规则类型: chain, 最大扩展步数: 2
2025-07-09 08:14:14,514 - INFO - Motif阈值: 0.98, 结构提升阈值: 0.0
2025-07-09 08:14:14,521 - INFO - 相似度提升检查: -0.1230 >= 0.0
2025-07-09 08:14:14,522 - INFO - 步骤 1: 相似度提升不足 (-0.1230), 停止扩展
2025-07-09 08:14:14,528 - ERROR - 子图匹配失败: can't multiply sequence by non-int of type 'float'
2025-07-09 08:14:14,528 - INFO - 匹配失败，处理时间: 0.0189秒
2025-07-09 08:14:14,529 - INFO - 处理第82/100个anchor
2025-07-09 08:14:14,529 - INFO - 开始处理anchor: ('01698271', '_also_see', '01754576')
2025-07-09 08:14:14,533 - INFO - 规则类型: chain, 最大扩展步数: 2
2025-07-09 08:14:14,534 - INFO - Motif阈值: 0.98, 结构提升阈值: 0.0
2025-07-09 08:14:14,576 - INFO - 相似度提升检查: -0.0585 >= 0.0
2025-07-09 08:14:14,577 - INFO - 步骤 1: 相似度提升不足 (-0.0585), 停止扩展
2025-07-09 08:14:14,581 - ERROR - 子图匹配失败: can't multiply sequence by non-int of type 'float'
2025-07-09 08:14:14,582 - INFO - 匹配失败，处理时间: 0.0525秒
2025-07-09 08:14:14,582 - INFO - 处理第83/100个anchor
2025-07-09 08:14:14,582 - INFO - 开始处理anchor: ('01698271', '_synset_domain_topic_of', '00929718')
2025-07-09 08:14:14,588 - INFO - 规则类型: chain, 最大扩展步数: 2
2025-07-09 08:14:14,588 - INFO - Motif阈值: 0.98, 结构提升阈值: 0.0
2025-07-09 08:14:14,655 - INFO - 相似度提升检查: -0.0546 >= 0.0
2025-07-09 08:14:14,656 - INFO - 步骤 1: 相似度提升不足 (-0.0546), 停止扩展
2025-07-09 08:14:14,663 - ERROR - 子图匹配失败: can't multiply sequence by non-int of type 'float'
2025-07-09 08:14:14,663 - INFO - 匹配失败，处理时间: 0.0810秒
2025-07-09 08:14:14,663 - INFO - 处理第84/100个anchor
2025-07-09 08:14:14,664 - INFO - 开始处理anchor: ('01698271', '_derivationally_related_form', '00929718')
2025-07-09 08:14:14,669 - INFO - 规则类型: chain, 最大扩展步数: 2
2025-07-09 08:14:14,669 - INFO - Motif阈值: 0.98, 结构提升阈值: 0.0
2025-07-09 08:14:14,691 - INFO - 相似度提升检查: 0.0000 >= 0.0
2025-07-09 08:14:14,691 - INFO - 步骤 1: 添加边 ('01698271', '00929718', '_synset_domain_topic_of'), 相似度提升: 0.0000 (当前: -0.1987)
2025-07-09 08:14:14,756 - INFO - 相似度提升检查: 0.0176 >= 0.0
2025-07-09 08:14:14,757 - INFO - 步骤 2: 添加边 ('00929718', '01698271', '_derivationally_related_form'), 相似度提升: 0.0176 (当前: -0.1811)
2025-07-09 08:14:14,757 - INFO - 步骤 2: 子图与规则同构，提前终止扩展
2025-07-09 08:14:14,762 - ERROR - 子图匹配失败: can't multiply sequence by non-int of type 'float'
2025-07-09 08:14:14,763 - INFO - 匹配失败，处理时间: 0.0988秒
2025-07-09 08:14:14,763 - INFO - 处理第85/100个anchor
2025-07-09 08:14:14,763 - INFO - 开始处理anchor: ('01698271', '_verb_group', '01744611')
2025-07-09 08:14:14,769 - INFO - 规则类型: chain, 最大扩展步数: 2
2025-07-09 08:14:14,769 - INFO - Motif阈值: 0.98, 结构提升阈值: 0.0
2025-07-09 08:14:14,775 - INFO - 相似度提升检查: -0.2066 >= 0.0
2025-07-09 08:14:14,777 - INFO - 步骤 1: 相似度提升不足 (-0.2066), 停止扩展
2025-07-09 08:14:14,782 - ERROR - 子图匹配失败: can't multiply sequence by non-int of type 'float'
2025-07-09 08:14:14,782 - INFO - 匹配失败，处理时间: 0.0181秒
2025-07-09 08:14:14,783 - INFO - 处理第86/100个anchor
2025-07-09 08:14:14,783 - INFO - 开始处理anchor: ('01698271', '_derivationally_related_form', '03906997')
2025-07-09 08:14:14,789 - INFO - 规则类型: chain, 最大扩展步数: 2
2025-07-09 08:14:14,789 - INFO - Motif阈值: 0.98, 结构提升阈值: 0.0
2025-07-09 08:14:14,795 - INFO - 相似度提升检查: -0.2498 >= 0.0
2025-07-09 08:14:14,796 - INFO - 步骤 1: 相似度提升不足 (-0.2498), 停止扩展
2025-07-09 08:14:14,801 - ERROR - 子图匹配失败: can't multiply sequence by non-int of type 'float'
2025-07-09 08:14:14,802 - INFO - 匹配失败，处理时间: 0.0180秒
2025-07-09 08:14:14,802 - INFO - 处理第87/100个anchor
2025-07-09 08:14:14,803 - INFO - 开始处理anchor: ('01698271', '_hypernym', '01697816')
2025-07-09 08:14:14,809 - INFO - 规则类型: chain, 最大扩展步数: 2
2025-07-09 08:14:14,810 - INFO - Motif阈值: 0.98, 结构提升阈值: 0.0
2025-07-09 08:14:14,815 - INFO - 相似度提升检查: -0.2050 >= 0.0
2025-07-09 08:14:14,815 - INFO - 步骤 1: 相似度提升不足 (-0.2050), 停止扩展
2025-07-09 08:14:14,821 - ERROR - 子图匹配失败: can't multiply sequence by non-int of type 'float'
2025-07-09 08:14:14,822 - INFO - 匹配失败，处理时间: 0.0187秒
2025-07-09 08:14:14,822 - INFO - 处理第88/100个anchor
2025-07-09 08:14:14,822 - INFO - 开始处理anchor: ('01698271', '_derivationally_related_form', '10794014')
2025-07-09 08:14:14,829 - INFO - 规则类型: chain, 最大扩展步数: 2
2025-07-09 08:14:14,829 - INFO - Motif阈值: 0.98, 结构提升阈值: 0.0
2025-07-09 08:14:14,838 - INFO - 相似度提升检查: -0.2537 >= 0.0
2025-07-09 08:14:14,838 - INFO - 步骤 1: 相似度提升不足 (-0.2537), 停止扩展
2025-07-09 08:14:14,845 - ERROR - 子图匹配失败: can't multiply sequence by non-int of type 'float'
2025-07-09 08:14:14,846 - INFO - 匹配失败，处理时间: 0.0230秒
2025-07-09 08:14:14,846 - INFO - 处理第89/100个anchor
2025-07-09 08:14:14,846 - INFO - 开始处理anchor: ('01754576', '_synset_domain_topic_of', '00929718')
2025-07-09 08:14:14,852 - INFO - 规则类型: chain, 最大扩展步数: 2
2025-07-09 08:14:14,852 - INFO - Motif阈值: 0.98, 结构提升阈值: 0.0
2025-07-09 08:14:14,892 - INFO - 相似度提升检查: -0.1397 >= 0.0
2025-07-09 08:14:14,894 - INFO - 步骤 1: 相似度提升不足 (-0.1397), 停止扩展
2025-07-09 08:14:14,898 - ERROR - 子图匹配失败: can't multiply sequence by non-int of type 'float'
2025-07-09 08:14:14,899 - INFO - 匹配失败，处理时间: 0.0525秒
2025-07-09 08:14:14,899 - INFO - 处理第90/100个anchor
2025-07-09 08:14:14,899 - INFO - 开始处理anchor: ('01754576', '_hypernym', '01698271')
2025-07-09 08:14:14,905 - INFO - 规则类型: chain, 最大扩展步数: 2
2025-07-09 08:14:14,905 - INFO - Motif阈值: 0.98, 结构提升阈值: 0.0
2025-07-09 08:14:14,915 - INFO - 相似度提升检查: -0.0453 >= 0.0
2025-07-09 08:14:14,915 - INFO - 步骤 1: 相似度提升不足 (-0.0453), 停止扩展
2025-07-09 08:14:14,920 - ERROR - 子图匹配失败: can't multiply sequence by non-int of type 'float'
2025-07-09 08:14:14,921 - INFO - 匹配失败，处理时间: 0.0206秒
2025-07-09 08:14:14,921 - INFO - 处理第91/100个anchor
2025-07-09 08:14:14,922 - INFO - 开始处理anchor: ('10499355', '_hypernym', '10083823')
2025-07-09 08:14:14,928 - INFO - 规则类型: chain, 最大扩展步数: 2
2025-07-09 08:14:14,929 - INFO - Motif阈值: 0.98, 结构提升阈值: 0.0
2025-07-09 08:14:14,930 - INFO - 步骤 1: 没有找到合适的扩展边
2025-07-09 08:14:14,934 - ERROR - 子图匹配失败: can't multiply sequence by non-int of type 'float'
2025-07-09 08:14:14,935 - INFO - 匹配失败，处理时间: 0.0130秒
2025-07-09 08:14:14,935 - INFO - 处理第92/100个anchor
2025-07-09 08:14:14,935 - INFO - 开始处理anchor: ('10083823', '_hypernym', '09807754')
2025-07-09 08:14:14,943 - INFO - 规则类型: chain, 最大扩展步数: 2
2025-07-09 08:14:14,944 - INFO - Motif阈值: 0.98, 结构提升阈值: 0.0
2025-07-09 08:14:14,946 - INFO - 步骤 1: 没有找到合适的扩展边
2025-07-09 08:14:14,951 - ERROR - 子图匹配失败: can't multiply sequence by non-int of type 'float'
2025-07-09 08:14:14,951 - INFO - 匹配失败，处理时间: 0.0147秒
2025-07-09 08:14:14,951 - INFO - 处理第93/100个anchor
2025-07-09 08:14:14,952 - INFO - 开始处理anchor: ('02103406', '_hypernym', '02084071')
2025-07-09 08:14:14,957 - INFO - 规则类型: chain, 最大扩展步数: 2
2025-07-09 08:14:14,959 - INFO - Motif阈值: 0.98, 结构提升阈值: 0.0
2025-07-09 08:14:14,962 - INFO - 步骤 1: 没有找到合适的扩展边
2025-07-09 08:14:14,967 - ERROR - 子图匹配失败: can't multiply sequence by non-int of type 'float'
2025-07-09 08:14:14,968 - INFO - 匹配失败，处理时间: 0.0150秒
2025-07-09 08:14:14,968 - INFO - 处理第94/100个anchor
2025-07-09 08:14:14,968 - INFO - 开始处理anchor: ('02084071', '_hypernym', '02083346')
2025-07-09 08:14:14,975 - INFO - 规则类型: chain, 最大扩展步数: 2
2025-07-09 08:14:14,976 - INFO - Motif阈值: 0.98, 结构提升阈值: 0.0
2025-07-09 08:14:14,978 - INFO - 步骤 1: 没有找到合适的扩展边
2025-07-09 08:14:14,983 - ERROR - 子图匹配失败: can't multiply sequence by non-int of type 'float'
2025-07-09 08:14:14,983 - INFO - 匹配失败，处理时间: 0.0155秒
2025-07-09 08:14:14,983 - INFO - 处理第95/100个anchor
2025-07-09 08:14:14,984 - INFO - 开始处理anchor: ('02084071', '_hypernym', '01317541')
2025-07-09 08:14:14,988 - INFO - 规则类型: chain, 最大扩展步数: 2
2025-07-09 08:14:14,988 - INFO - Motif阈值: 0.98, 结构提升阈值: 0.0
2025-07-09 08:14:14,993 - INFO - 步骤 1: 没有找到合适的扩展边
2025-07-09 08:14:14,999 - ERROR - 子图匹配失败: can't multiply sequence by non-int of type 'float'
2025-07-09 08:14:15,000 - INFO - 匹配失败，处理时间: 0.0160秒
2025-07-09 08:14:15,000 - INFO - 处理第96/100个anchor
2025-07-09 08:14:15,000 - INFO - 开始处理anchor: ('02084071', '_has_part', '02158846')
2025-07-09 08:14:15,004 - INFO - 规则类型: chain, 最大扩展步数: 2
2025-07-09 08:14:15,005 - INFO - Motif阈值: 0.98, 结构提升阈值: 0.0
2025-07-09 08:14:15,009 - INFO - 步骤 1: 没有找到合适的扩展边
2025-07-09 08:14:15,014 - ERROR - 子图匹配失败: can't multiply sequence by non-int of type 'float'
2025-07-09 08:14:15,016 - INFO - 匹配失败，处理时间: 0.0153秒
2025-07-09 08:14:15,016 - INFO - 处理第97/100个anchor
2025-07-09 08:14:15,016 - INFO - 开始处理anchor: ('07190941', '_hypernym', '07185325')
2025-07-09 08:14:15,021 - INFO - 规则类型: chain, 最大扩展步数: 2
2025-07-09 08:14:15,022 - INFO - Motif阈值: 0.98, 结构提升阈值: 0.0
2025-07-09 08:14:15,025 - INFO - 步骤 1: 没有找到合适的扩展边
2025-07-09 08:14:15,030 - ERROR - 子图匹配失败: can't multiply sequence by non-int of type 'float'
2025-07-09 08:14:15,030 - INFO - 匹配失败，处理时间: 0.0143秒
2025-07-09 08:14:15,031 - INFO - 处理第98/100个anchor
2025-07-09 08:14:15,031 - INFO - 开始处理anchor: ('07190941', '_derivationally_related_form', '02320374')
2025-07-09 08:14:15,036 - INFO - 规则类型: chain, 最大扩展步数: 2
2025-07-09 08:14:15,037 - INFO - Motif阈值: 0.98, 结构提升阈值: 0.0
2025-07-09 08:14:15,040 - INFO - 步骤 1: 没有找到合适的扩展边
2025-07-09 08:14:15,046 - ERROR - 子图匹配失败: can't multiply sequence by non-int of type 'float'
2025-07-09 08:14:15,047 - INFO - 匹配失败，处理时间: 0.0157秒
2025-07-09 08:14:15,047 - INFO - 处理第99/100个anchor
2025-07-09 08:14:15,047 - INFO - 开始处理anchor: ('07190941', '_derivationally_related_form', '02321046')
2025-07-09 08:14:15,053 - INFO - 规则类型: chain, 最大扩展步数: 2
2025-07-09 08:14:15,053 - INFO - Motif阈值: 0.98, 结构提升阈值: 0.0
2025-07-09 08:14:15,055 - INFO - 步骤 1: 没有找到合适的扩展边
2025-07-09 08:14:15,062 - ERROR - 子图匹配失败: can't multiply sequence by non-int of type 'float'
2025-07-09 08:14:15,063 - INFO - 匹配失败，处理时间: 0.0163秒
2025-07-09 08:14:15,063 - INFO - 处理第100/100个anchor
2025-07-09 08:14:15,064 - INFO - 开始处理anchor: ('07185325', '_derivationally_related_form', '01069809')
2025-07-09 08:14:15,070 - INFO - 规则类型: chain, 最大扩展步数: 2
2025-07-09 08:14:15,070 - INFO - Motif阈值: 0.98, 结构提升阈值: 0.0
2025-07-09 08:14:15,073 - INFO - 步骤 1: 没有找到合适的扩展边
2025-07-09 08:14:15,078 - ERROR - 子图匹配失败: can't multiply sequence by non-int of type 'float'
2025-07-09 08:14:15,079 - INFO - 匹配失败，处理时间: 0.0154秒
2025-07-09 08:14:15,080 - INFO - 批量匹配完成: 0/100 成功匹配
2025-07-09 08:14:15,099 - INFO - 结果已保存到: result2.json
