2025-07-09 07:31:12,867 - INFO - 成功加载预训练embedding
2025-07-09 07:31:12,948 - WARNING - 加载训练模型失败: No module named 'simple_train'
2025-07-09 07:31:12,949 - INFO - StructMatch系统初始化完成（集成语义增强）
2025-07-09 07:31:12,950 - INFO - 开始加载数据...
2025-07-09 07:31:13,864 - INFO - 成功加载知识图谱: 40559个实体, 11种关系, 86835个三元组
2025-07-09 07:31:13,864 - INFO - 成功加载2条规则
2025-07-09 07:31:13,865 - INFO - 数据加载完成
2025-07-09 07:31:14,093 - INFO - 规则类型: chain, 最大扩展步数: 2
2025-07-09 07:31:14,093 - INFO - Motif阈值: 0.98, 结构提升阈值: 0.0
2025-07-09 07:31:14,128 - INFO - 相似度提升检查: -0.3545 >= 0.0
2025-07-09 07:31:14,129 - INFO - 步骤 1: 相似度提升不足 (-0.3545), 停止扩展
2025-07-09 07:31:14,144 - ERROR - 子图匹配失败: name 'RuleType' is not defined
2025-07-09 07:31:14,151 - INFO - 规则类型: chain, 最大扩展步数: 2
2025-07-09 07:31:14,152 - INFO - Motif阈值: 0.98, 结构提升阈值: 0.0
2025-07-09 07:31:14,181 - INFO - 相似度提升检查: -0.3043 >= 0.0
2025-07-09 07:31:14,182 - INFO - 步骤 1: 相似度提升不足 (-0.3043), 停止扩展
2025-07-09 07:31:14,187 - ERROR - 子图匹配失败: name 'RuleType' is not defined
2025-07-09 07:31:14,196 - INFO - 规则类型: chain, 最大扩展步数: 2
2025-07-09 07:31:14,196 - INFO - Motif阈值: 0.98, 结构提升阈值: 0.0
2025-07-09 07:31:14,251 - INFO - 相似度提升检查: -0.2807 >= 0.0
2025-07-09 07:31:14,251 - INFO - 步骤 1: 相似度提升不足 (-0.2807), 停止扩展
2025-07-09 07:31:14,256 - ERROR - 子图匹配失败: name 'RuleType' is not defined
2025-07-09 07:31:14,262 - INFO - 规则类型: chain, 最大扩展步数: 2
2025-07-09 07:31:14,262 - INFO - Motif阈值: 0.98, 结构提升阈值: 0.0
2025-07-09 07:31:14,623 - INFO - 相似度提升检查: -0.2925 >= 0.0
2025-07-09 07:31:14,624 - INFO - 步骤 1: 相似度提升不足 (-0.2925), 停止扩展
2025-07-09 07:31:14,630 - ERROR - 子图匹配失败: name 'RuleType' is not defined
2025-07-09 07:31:14,635 - INFO - 规则类型: chain, 最大扩展步数: 2
2025-07-09 07:31:14,636 - INFO - Motif阈值: 0.98, 结构提升阈值: 0.0
2025-07-09 07:31:14,998 - INFO - 相似度提升检查: -0.3088 >= 0.0
2025-07-09 07:31:14,998 - INFO - 步骤 1: 相似度提升不足 (-0.3088), 停止扩展
2025-07-09 07:31:15,003 - ERROR - 子图匹配失败: name 'RuleType' is not defined
2025-07-09 07:31:15,010 - INFO - 规则类型: chain, 最大扩展步数: 2
2025-07-09 07:31:15,011 - INFO - Motif阈值: 0.98, 结构提升阈值: 0.0
2025-07-09 07:31:15,144 - INFO - 相似度提升检查: -0.3366 >= 0.0
2025-07-09 07:31:15,144 - INFO - 步骤 1: 相似度提升不足 (-0.3366), 停止扩展
2025-07-09 07:31:15,149 - ERROR - 子图匹配失败: name 'RuleType' is not defined
2025-07-09 07:31:15,162 - INFO - 规则类型: chain, 最大扩展步数: 2
2025-07-09 07:31:15,163 - INFO - Motif阈值: 0.98, 结构提升阈值: 0.0
2025-07-09 07:31:15,211 - INFO - 相似度提升检查: -0.2485 >= 0.0
2025-07-09 07:31:15,211 - INFO - 步骤 1: 相似度提升不足 (-0.2485), 停止扩展
2025-07-09 07:31:15,219 - ERROR - 子图匹配失败: name 'RuleType' is not defined
2025-07-09 07:31:15,229 - INFO - 规则类型: chain, 最大扩展步数: 2
2025-07-09 07:31:15,230 - INFO - Motif阈值: 0.98, 结构提升阈值: 0.0
2025-07-09 07:31:15,319 - INFO - 相似度提升检查: -0.2553 >= 0.0
2025-07-09 07:31:15,319 - INFO - 步骤 1: 相似度提升不足 (-0.2553), 停止扩展
2025-07-09 07:31:15,325 - ERROR - 子图匹配失败: name 'RuleType' is not defined
2025-07-09 07:31:15,332 - INFO - 规则类型: chain, 最大扩展步数: 2
2025-07-09 07:31:15,332 - INFO - Motif阈值: 0.98, 结构提升阈值: 0.0
2025-07-09 07:31:15,389 - INFO - 相似度提升检查: -0.3165 >= 0.0
2025-07-09 07:31:15,389 - INFO - 步骤 1: 相似度提升不足 (-0.3165), 停止扩展
2025-07-09 07:31:15,397 - ERROR - 子图匹配失败: name 'RuleType' is not defined
2025-07-09 07:31:15,403 - INFO - 规则类型: chain, 最大扩展步数: 2
2025-07-09 07:31:15,403 - INFO - Motif阈值: 0.98, 结构提升阈值: 0.0
2025-07-09 07:31:15,923 - INFO - 相似度提升检查: -0.2777 >= 0.0
2025-07-09 07:31:15,924 - INFO - 步骤 1: 相似度提升不足 (-0.2777), 停止扩展
2025-07-09 07:31:15,928 - ERROR - 子图匹配失败: name 'RuleType' is not defined
