2025-06-30 22:44:35,046 - INFO - StructMatch系统初始化完成
2025-06-30 22:44:35,047 - INFO - 开始加载数据...
2025-06-30 22:44:35,048 - INFO - 成功加载知识图谱: 9个实体, 3种关系, 12个三元组
2025-06-30 22:44:35,050 - INFO - 成功加载3条规则
2025-06-30 22:44:35,051 - INFO - 数据加载完成
2025-06-30 22:44:35,053 - INFO - 开始批量匹配，共4个anchor
2025-06-30 22:44:35,054 - INFO - 处理第1/4个anchor
2025-06-30 22:44:35,055 - INFO - 开始处理anchor: ('A', 'friendOf', 'B')
2025-06-30 22:44:35,073 - ERROR - 子图扩展失败: attempted relative import beyond top-level package
2025-06-30 22:44:35,075 - INFO - 处理第2/4个anchor
2025-06-30 22:44:35,076 - INFO - 开始处理anchor: ('B', 'worksWith', 'D')
2025-06-30 22:44:35,118 - ERROR - 子图扩展失败: attempted relative import beyond top-level package
2025-06-30 22:44:35,120 - INFO - 处理第3/4个anchor
2025-06-30 22:44:35,120 - INFO - 开始处理anchor: ('E', 'friendOf', 'F')
2025-06-30 22:44:35,129 - ERROR - 子图扩展失败: attempted relative import beyond top-level package
2025-06-30 22:44:35,130 - INFO - 处理第4/4个anchor
2025-06-30 22:44:35,131 - INFO - 开始处理anchor: ('A', 'livesIn', 'Tokyo')
2025-06-30 22:44:35,139 - ERROR - 子图扩展失败: attempted relative import beyond top-level package
2025-06-30 22:44:35,140 - INFO - 批量匹配完成: 0/4 成功匹配
2025-06-30 22:44:35,149 - INFO - 结果已保存到: results.json
