2025-07-16 21:04:34,334 - INFO - 成功加载预训练embedding
2025-07-16 21:04:34,431 - INFO - StructMatch系统初始化完成（集成语义增强）
2025-07-16 21:04:34,433 - INFO - 开始加载数据...
2025-07-16 21:04:35,558 - INFO - 成功加载知识图谱: 40559个实体, 11种关系, 86835个三元组
2025-07-16 21:04:35,559 - INFO - 成功加载2条规则
2025-07-16 21:04:35,559 - INFO - 数据加载完成
2025-07-16 21:04:35,568 - INFO - 收集规则第一个谓词对应的anchor: _also_see
2025-07-16 21:04:35,711 - INFO - 收集到 1299 个anchor
2025-07-16 21:04:35,712 - INFO - 开始批量匹配，共1299个anchor
2025-07-16 21:04:35,713 - INFO - 处理第1/1299个anchor
2025-07-16 21:04:35,795 - INFO - 步骤 1: 添加边 ('01974062', '09206985', '_derivationally_related_form'), 当前相似度: 0.3204
2025-07-16 21:04:35,863 - INFO - 步骤 2: 添加边 ('09206985', '01974062', '_derivationally_related_form'), 当前相似度: 0.8865
2025-07-16 21:04:35,927 - INFO - 步骤 3: 添加边 ('09206985', '01921964', '_derivationally_related_form'), 当前相似度: 0.8969
2025-07-16 21:04:35,947 - INFO - 匹配成功: anchor ('01974062', '_also_see', '01976089'), 得分: 0.8185
2025-07-16 21:04:36,012 - INFO - 步骤 1: 添加边 ('01754576', '00929718', '_synset_domain_topic_of'), 当前相似度: 0.3673
2025-07-16 21:04:36,069 - INFO - 步骤 2: 添加边 ('00929718', '10794014', '_derivationally_related_form'), 当前相似度: 0.9117
2025-07-16 21:04:36,153 - INFO - 步骤 3: 添加边 ('07093489', '00929718', '_hypernym'), 当前相似度: 0.9218
2025-07-16 21:04:36,172 - INFO - 匹配成功: anchor ('01698271', '_also_see', '01754576'), 得分: 0.8178
2025-07-16 21:04:36,258 - INFO - 步骤 1: 添加边 ('00230746', '00156601', '_hypernym'), 当前相似度: 0.4622
2025-07-16 21:04:36,311 - INFO - 步骤 2: 添加边 ('00156601', '00169651', '_hypernym'), 当前相似度: 0.9006
2025-07-16 21:04:36,374 - INFO - 步骤 3: 添加边 ('02540347', '00250181', '_hypernym'), 当前相似度: 0.9216
2025-07-16 21:04:36,394 - INFO - 匹配成功: anchor ('00230746', '_also_see', '02540347'), 得分: 0.8039
2025-07-16 21:04:36,470 - INFO - 步骤 1: 添加边 ('01460029', '04216634', '_derivationally_related_form'), 当前相似度: 0.3772
2025-07-16 21:04:36,690 - INFO - 步骤 2: 添加边 ('01460937', '01460029', '_hypernym'), 当前相似度: 0.9174
2025-07-16 21:04:36,810 - INFO - 步骤 3: 添加边 ('04332243', '01460029', '_derivationally_related_form'), 当前相似度: 0.8894
2025-07-16 21:04:36,847 - INFO - 匹配成功: anchor ('01460029', '_also_see', '00677544'), 得分: 0.8126
2025-07-16 21:04:36,952 - INFO - 步骤 1: 添加边 ('01258642', '01258302', '_hypernym'), 当前相似度: 0.3636
2025-07-16 21:04:37,024 - INFO - 步骤 2: 添加边 ('01410223', '04337740', '_derivationally_related_form'), 当前相似度: 0.9055
2025-07-16 21:04:37,083 - INFO - 步骤 3: 添加边 ('04337740', '01410223', '_derivationally_related_form'), 当前相似度: 0.9377
2025-07-16 21:04:37,102 - INFO - 匹配成功: anchor ('01410223', '_also_see', '01258302'), 得分: 0.8096
2025-07-16 21:04:37,244 - INFO - 步骤 1: 添加边 ('01783158', '04826999', '_derivationally_related_form'), 当前相似度: 0.3932
2025-07-16 21:04:37,362 - INFO - 步骤 2: 添加边 ('01783158', '01781478', '_also_see'), 当前相似度: 0.9232
2025-07-16 21:04:37,430 - INFO - 步骤 3: 添加边 ('04826999', '01783158', '_derivationally_related_form'), 当前相似度: 0.9135
2025-07-16 21:04:37,451 - INFO - 匹配成功: anchor ('01781478', '_also_see', '01783158'), 得分: 0.8056
2025-07-16 21:04:37,719 - INFO - 步骤 1: 添加边 ('02513269', '02036578', '_also_see'), 当前相似度: 0.3977
2025-07-16 21:04:37,991 - INFO - 步骤 2: 添加边 ('02036578', '02584981', '_also_see'), 当前相似度: 0.9337
2025-07-16 21:04:38,294 - INFO - 步骤 3: 添加边 ('02584981', '01226240', '_also_see'), 当前相似度: 0.9386
2025-07-16 21:04:38,378 - INFO - 匹配成功: anchor ('01781478', '_also_see', '02513269'), 得分: 0.8183
2025-07-16 21:04:38,450 - INFO - 步骤 1: 添加边 ('02578235', '09998101', '_derivationally_related_form'), 当前相似度: 0.4497
2025-07-16 21:04:38,517 - INFO - 步骤 2: 添加边 ('00754118', '02578235', '_derivationally_related_form'), 当前相似度: 0.9381
2025-07-16 21:04:38,575 - INFO - 步骤 3: 添加边 ('02578235', '00754118', '_derivationally_related_form'), 当前相似度: 0.9253
2025-07-16 21:04:38,593 - INFO - 匹配成功: anchor ('01781478', '_also_see', '02578235'), 得分: 0.8154
2025-07-16 21:04:38,650 - INFO - 步骤 1: 添加边 ('01781478', '01783158', '_also_see'), 当前相似度: 0.4271
2025-07-16 21:04:38,697 - INFO - 步骤 2: 添加边 ('04826999', '01783158', '_derivationally_related_form'), 当前相似度: 0.9244
2025-07-16 21:04:38,749 - INFO - 步骤 3: 添加边 ('02053818', '02055062', '_also_see'), 当前相似度: 0.9265
2025-07-16 21:04:38,766 - INFO - 匹配成功: anchor ('01781478', '_also_see', '02055062'), 得分: 0.8187
2025-07-16 21:04:38,816 - INFO - 步骤 1: 添加边 ('01695567', '04682018', '_derivationally_related_form'), 当前相似度: 0.3887
2025-07-16 21:04:38,868 - INFO - 步骤 2: 添加边 ('04682018', '04680285', '_hypernym'), 当前相似度: 0.9454
2025-07-16 21:04:38,927 - INFO - 步骤 3: 添加边 ('01695567', '01690294', '_hypernym'), 当前相似度: 0.9438
2025-07-16 21:04:38,948 - INFO - 匹配成功: anchor ('00452512', '_also_see', '01695567'), 得分: 0.8111
2025-07-16 21:04:39,003 - INFO - 步骤 1: 添加边 ('00452512', '01695567', '_also_see'), 当前相似度: 0.3818
2025-07-16 21:04:39,048 - INFO - 步骤 2: 添加边 ('01695567', '04682018', '_derivationally_related_form'), 当前相似度: 0.9067
2025-07-16 21:04:39,096 - INFO - 步骤 3: 添加边 ('04681797', '04682018', '_hypernym'), 当前相似度: 0.9688
2025-07-16 21:04:39,118 - INFO - 匹配成功: anchor ('00452512', '_also_see', '01194938'), 得分: 0.8355
2025-07-16 21:04:39,170 - INFO - 步骤 1: 添加边 ('01718867', '05557839', '_derivationally_related_form'), 当前相似度: 0.4078
2025-07-16 21:04:39,212 - INFO - 步骤 2: 添加边 ('00612114', '01718867', '_also_see'), 当前相似度: 0.8121
2025-07-16 21:04:39,257 - INFO - 步骤 3: 添加边 ('05557839', '01718867', '_derivationally_related_form'), 当前相似度: 0.9125
2025-07-16 21:04:39,278 - INFO - 匹配成功: anchor ('01718867', '_also_see', '00612114'), 得分: 0.8170
2025-07-16 21:04:39,333 - INFO - 步骤 1: 添加边 ('00612114', '01718867', '_also_see'), 当前相似度: 0.4042
