2025-07-09 08:49:26,278 - INFO - 成功加载预训练embedding
2025-07-09 08:49:26,339 - WARNING - 加载训练模型失败: No module named 'simple_train'
2025-07-09 08:49:26,340 - INFO - StructMatch系统初始化完成（集成语义增强）
2025-07-09 08:49:26,340 - INFO - 开始加载数据...
2025-07-09 08:49:27,199 - INFO - 成功加载知识图谱: 40559个实体, 11种关系, 86835个三元组
2025-07-09 08:49:27,199 - INFO - 成功加载2条规则
2025-07-09 08:49:27,199 - INFO - 数据加载完成
2025-07-09 08:49:27,346 - INFO - 开始批量匹配，共100个anchor，规则ID: rule_001
2025-07-09 08:49:27,347 - INFO - 规则关系类型: {'_also_see', '_synset_domain_topic_of'}
2025-07-09 08:49:27,347 - INFO - 原始anchor数量: 100
2025-07-09 08:49:27,347 - INFO - 优先关系anchor: 9, 其他关系anchor: 50
2025-07-09 08:49:27,358 - INFO - 筛选后总anchor数量: 59
2025-07-09 08:49:27,358 - INFO - 智能筛选后，保留59个相关anchor
2025-07-09 08:49:27,358 - INFO - 处理第1/59个anchor
2025-07-09 08:49:27,359 - INFO - 开始处理anchor: ('00260881', '_synset_domain_topic_of', '01124794')
2025-07-09 08:49:27,377 - INFO - 规则类型: chain, 最大扩展步数: 2
2025-07-09 08:49:27,377 - INFO - Motif阈值: 0.8, 结构提升阈值: 0.0
2025-07-09 08:49:27,413 - INFO - 相似度提升检查: 0.1504 >= 0.0
2025-07-09 08:49:27,414 - INFO - 步骤 1: 添加边 ('01070708', '01124794', '_synset_domain_topic_of'), 相似度提升: 0.1504 (当前: 0.1217)
2025-07-09 08:49:27,415 - INFO - 步骤 1: 子图与规则同构，提前终止扩展
2025-07-09 08:49:27,422 - INFO - 匹配成功: True
2025-07-09 08:49:27,422 - INFO - 匹配得分: 0.9606
2025-07-09 08:49:27,423 - INFO - 扩展子图节点: ['00260881', '01124794', '01070708']
2025-07-09 08:49:27,423 - INFO - 扩展子图边: [('00260881', '01124794', {'relation': '_synset_domain_topic_of'}), ('01070708', '01124794', {'relation': '_synset_domain_topic_of'})]
2025-07-09 08:49:27,423 - INFO - 处理第2/59个anchor
2025-07-09 08:49:27,423 - INFO - 开始处理anchor: ('02636811', '_synset_domain_topic_of', '06083243')
2025-07-09 08:49:27,428 - INFO - 规则类型: chain, 最大扩展步数: 2
2025-07-09 08:49:27,428 - INFO - Motif阈值: 0.8, 结构提升阈值: 0.0
2025-07-09 08:49:27,459 - INFO - 相似度提升检查: 0.0829 >= 0.0
2025-07-09 08:49:27,459 - INFO - 步骤 1: 添加边 ('00319534', '06083243', '_synset_domain_topic_of'), 相似度提升: 0.0829 (当前: 0.1875)
2025-07-09 08:49:27,460 - INFO - 步骤 1: 子图与规则同构，提前终止扩展
2025-07-09 08:49:27,465 - INFO - 匹配成功: True
2025-07-09 08:49:27,466 - INFO - 匹配得分: 0.9073
2025-07-09 08:49:27,466 - INFO - 扩展子图节点: ['02636811', '06083243', '00319534']
2025-07-09 08:49:27,466 - INFO - 扩展子图边: [('02636811', '06083243', {'relation': '_synset_domain_topic_of'}), ('00319534', '06083243', {'relation': '_synset_domain_topic_of'})]
2025-07-09 08:49:27,466 - INFO - 处理第3/59个anchor
2025-07-09 08:49:27,467 - INFO - 开始处理anchor: ('01974062', '_also_see', '01976089')
2025-07-09 08:49:27,474 - INFO - 规则类型: chain, 最大扩展步数: 2
2025-07-09 08:49:27,474 - INFO - Motif阈值: 0.8, 结构提升阈值: 0.0
2025-07-09 08:49:27,526 - INFO - 相似度提升检查: 0.1561 >= 0.0
2025-07-09 08:49:27,526 - INFO - 步骤 1: 添加边 ('00116376', '01974062', '_derivationally_related_form'), 相似度提升: 0.1561 (当前: 0.2722)
2025-07-09 08:49:27,527 - INFO - 步骤 1: 子图与规则同构，提前终止扩展
2025-07-09 08:49:27,532 - INFO - 匹配成功: True
2025-07-09 08:49:27,532 - INFO - 匹配得分: 0.9462
2025-07-09 08:49:27,532 - INFO - 扩展子图节点: ['01974062', '01976089', '00116376']
2025-07-09 08:49:27,533 - INFO - 扩展子图边: [('01974062', '01976089', {'relation': '_also_see'}), ('00116376', '01974062', {'relation': '_derivationally_related_form'})]
2025-07-09 08:49:27,533 - INFO - 处理第4/59个anchor
2025-07-09 08:49:27,534 - INFO - 开始处理anchor: ('00057306', '_synset_domain_topic_of', '08199025')
2025-07-09 08:49:27,540 - INFO - 规则类型: chain, 最大扩展步数: 2
2025-07-09 08:49:27,540 - INFO - Motif阈值: 0.8, 结构提升阈值: 0.0
2025-07-09 08:49:27,839 - INFO - 相似度提升检查: 0.1698 >= 0.0
2025-07-09 08:49:27,840 - INFO - 步骤 1: 添加边 ('00055793', '08199025', '_synset_domain_topic_of'), 相似度提升: 0.1698 (当前: 0.1418)
2025-07-09 08:49:27,840 - INFO - 步骤 1: 子图与规则同构，提前终止扩展
2025-07-09 08:49:27,846 - INFO - 匹配成功: True
2025-07-09 08:49:27,847 - INFO - 匹配得分: 0.9005
2025-07-09 08:49:27,847 - INFO - 扩展子图节点: ['00057306', '08199025', '00055793']
2025-07-09 08:49:27,847 - INFO - 扩展子图边: [('00057306', '08199025', {'relation': '_synset_domain_topic_of'}), ('00055793', '08199025', {'relation': '_synset_domain_topic_of'})]
2025-07-09 08:49:27,848 - INFO - 处理第5/59个anchor
2025-07-09 08:49:27,848 - INFO - 开始处理anchor: ('00056912', '_synset_domain_topic_of', '08199025')
2025-07-09 08:49:27,853 - INFO - 规则类型: chain, 最大扩展步数: 2
2025-07-09 08:49:27,854 - INFO - Motif阈值: 0.8, 结构提升阈值: 0.0
2025-07-09 08:49:28,146 - INFO - 相似度提升检查: 0.0708 >= 0.0
2025-07-09 08:49:28,146 - INFO - 步骤 1: 添加边 ('00055793', '08199025', '_synset_domain_topic_of'), 相似度提升: 0.0708 (当前: 0.0451)
2025-07-09 08:49:28,147 - INFO - 步骤 1: 子图与规则同构，提前终止扩展
2025-07-09 08:49:28,151 - INFO - 匹配成功: True
2025-07-09 08:49:28,152 - INFO - 匹配得分: 0.9442
2025-07-09 08:49:28,152 - INFO - 扩展子图节点: ['00056912', '08199025', '00055793']
2025-07-09 08:49:28,152 - INFO - 扩展子图边: [('00056912', '08199025', {'relation': '_synset_domain_topic_of'}), ('00055793', '08199025', {'relation': '_synset_domain_topic_of'})]
2025-07-09 08:49:28,152 - INFO - 处理第6/59个anchor
2025-07-09 08:49:28,153 - INFO - 开始处理anchor: ('10341660', '_synset_domain_topic_of', '06037666')
2025-07-09 08:49:28,157 - INFO - 规则类型: chain, 最大扩展步数: 2
2025-07-09 08:49:28,158 - INFO - Motif阈值: 0.8, 结构提升阈值: 0.0
2025-07-09 08:49:28,250 - INFO - 相似度提升检查: 0.1582 >= 0.0
2025-07-09 08:49:28,250 - INFO - 步骤 1: 添加边 ('00006484', '06037666', '_synset_domain_topic_of'), 相似度提升: 0.1582 (当前: 0.1303)
2025-07-09 08:49:28,251 - INFO - 步骤 1: 子图与规则同构，提前终止扩展
2025-07-09 08:49:28,256 - INFO - 匹配成功: True
2025-07-09 08:49:28,256 - INFO - 匹配得分: 0.9307
2025-07-09 08:49:28,256 - INFO - 扩展子图节点: ['10341660', '06037666', '00006484']
2025-07-09 08:49:28,257 - INFO - 扩展子图边: [('10341660', '06037666', {'relation': '_synset_domain_topic_of'}), ('00006484', '06037666', {'relation': '_synset_domain_topic_of'})]
2025-07-09 08:49:28,257 - INFO - 处理第7/59个anchor
2025-07-09 08:49:28,257 - INFO - 开始处理anchor: ('01698271', '_also_see', '01754576')
2025-07-09 08:49:28,261 - INFO - 规则类型: chain, 最大扩展步数: 2
2025-07-09 08:49:28,262 - INFO - Motif阈值: 0.8, 结构提升阈值: 0.0
2025-07-09 08:49:28,296 - INFO - 相似度提升检查: 0.1342 >= 0.0
2025-07-09 08:49:28,297 - INFO - 步骤 1: 添加边 ('00929718', '01698271', '_derivationally_related_form'), 相似度提升: 0.1342 (当前: 0.2404)
2025-07-09 08:49:28,297 - INFO - 步骤 1: 子图与规则同构，提前终止扩展
2025-07-09 08:49:28,303 - INFO - 匹配成功: True
2025-07-09 08:49:28,304 - INFO - 匹配得分: 0.9472
2025-07-09 08:49:28,304 - INFO - 扩展子图节点: ['01698271', '01754576', '00929718']
2025-07-09 08:49:28,304 - INFO - 扩展子图边: [('01698271', '01754576', {'relation': '_also_see'}), ('00929718', '01698271', {'relation': '_derivationally_related_form'})]
2025-07-09 08:49:28,305 - INFO - 处理第8/59个anchor
2025-07-09 08:49:28,305 - INFO - 开始处理anchor: ('01698271', '_synset_domain_topic_of', '00929718')
2025-07-09 08:49:28,312 - INFO - 规则类型: chain, 最大扩展步数: 2
2025-07-09 08:49:28,312 - INFO - Motif阈值: 0.8, 结构提升阈值: 0.0
2025-07-09 08:49:28,374 - INFO - 相似度提升检查: 0.1436 >= 0.0
2025-07-09 08:49:28,374 - INFO - 步骤 1: 添加边 ('00929718', '10794014', '_derivationally_related_form'), 相似度提升: 0.1436 (当前: 0.0839)
2025-07-09 08:49:28,375 - INFO - 步骤 1: 子图与规则同构，提前终止扩展
2025-07-09 08:49:28,382 - INFO - 匹配成功: True
2025-07-09 08:49:28,382 - INFO - 匹配得分: 0.9599
2025-07-09 08:49:28,382 - INFO - 扩展子图节点: ['01698271', '00929718', '10794014']
2025-07-09 08:49:28,382 - INFO - 扩展子图边: [('01698271', '00929718', {'relation': '_synset_domain_topic_of'}), ('00929718', '10794014', {'relation': '_derivationally_related_form'})]
2025-07-09 08:49:28,383 - INFO - 处理第9/59个anchor
2025-07-09 08:49:28,383 - INFO - 开始处理anchor: ('01754576', '_synset_domain_topic_of', '00929718')
2025-07-09 08:49:28,388 - INFO - 规则类型: chain, 最大扩展步数: 2
2025-07-09 08:49:28,389 - INFO - Motif阈值: 0.8, 结构提升阈值: 0.0
2025-07-09 08:49:28,424 - INFO - 相似度提升检查: 0.1207 >= 0.0
2025-07-09 08:49:28,424 - INFO - 步骤 1: 添加边 ('00929718', '01698271', '_derivationally_related_form'), 相似度提升: 0.1207 (当前: 0.0932)
2025-07-09 08:49:28,425 - INFO - 步骤 1: 子图与规则同构，提前终止扩展
2025-07-09 08:49:28,431 - INFO - 匹配成功: True
2025-07-09 08:49:28,431 - INFO - 匹配得分: 0.9219
2025-07-09 08:49:28,431 - INFO - 扩展子图节点: ['01754576', '00929718', '01698271']
2025-07-09 08:49:28,432 - INFO - 扩展子图边: [('01754576', '00929718', {'relation': '_synset_domain_topic_of'}), ('00929718', '01698271', {'relation': '_derivationally_related_form'})]
2025-07-09 08:49:28,432 - INFO - 处理第10/59个anchor
2025-07-09 08:49:28,432 - INFO - 开始处理anchor: ('00260881', '_hypernym', '00260622')
2025-07-09 08:49:28,438 - INFO - 规则类型: chain, 最大扩展步数: 2
2025-07-09 08:49:28,438 - INFO - Motif阈值: 0.8, 结构提升阈值: 0.0
2025-07-09 08:49:28,442 - INFO - 相似度提升检查: -0.0571 >= 0.0
2025-07-09 08:49:28,442 - INFO - 步骤 1: 相似度提升不足 (-0.0571), 停止扩展
2025-07-09 08:49:28,446 - INFO - 匹配失败，处理时间: 0.0135秒
2025-07-09 08:49:28,447 - INFO - 处理第11/59个anchor
2025-07-09 08:49:28,447 - INFO - 开始处理anchor: ('00260622', '_derivationally_related_form', '00265386')
2025-07-09 08:49:28,453 - INFO - 规则类型: chain, 最大扩展步数: 2
2025-07-09 08:49:28,454 - INFO - Motif阈值: 0.8, 结构提升阈值: 0.0
2025-07-09 08:49:28,457 - INFO - 步骤 1: 没有找到合适的扩展边
2025-07-09 08:49:28,463 - INFO - 匹配失败，处理时间: 0.0158秒
2025-07-09 08:49:28,463 - INFO - 处理第12/59个anchor
2025-07-09 08:49:28,464 - INFO - 开始处理anchor: ('00260622', '_hypernym', '00248977')
2025-07-09 08:49:28,469 - INFO - 规则类型: chain, 最大扩展步数: 2
2025-07-09 08:49:28,470 - INFO - Motif阈值: 0.8, 结构提升阈值: 0.0
2025-07-09 08:49:28,472 - INFO - 步骤 1: 没有找到合适的扩展边
2025-07-09 08:49:28,477 - INFO - 匹配失败，处理时间: 0.0129秒
2025-07-09 08:49:28,477 - INFO - 处理第13/59个anchor
2025-07-09 08:49:28,478 - INFO - 开始处理anchor: ('00260622', '_derivationally_related_form', '00265673')
2025-07-09 08:49:28,484 - INFO - 规则类型: chain, 最大扩展步数: 2
2025-07-09 08:49:28,484 - INFO - Motif阈值: 0.8, 结构提升阈值: 0.0
2025-07-09 08:49:28,486 - INFO - 步骤 1: 没有找到合适的扩展边
2025-07-09 08:49:28,492 - INFO - 匹配失败，处理时间: 0.0138秒
2025-07-09 08:49:28,492 - INFO - 处理第14/59个anchor
2025-07-09 08:49:28,493 - INFO - 开始处理anchor: ('01332730', '_derivationally_related_form', '03122748')
2025-07-09 08:49:28,499 - INFO - 规则类型: chain, 最大扩展步数: 2
2025-07-09 08:49:28,499 - INFO - Motif阈值: 0.8, 结构提升阈值: 0.0
2025-07-09 08:49:28,502 - INFO - 步骤 1: 没有找到合适的扩展边
2025-07-09 08:49:28,508 - INFO - 匹配失败，处理时间: 0.0150秒
2025-07-09 08:49:28,509 - INFO - 处理第15/59个anchor
2025-07-09 08:49:28,509 - INFO - 开始处理anchor: ('01332730', '_derivationally_related_form', '02840619')
2025-07-09 08:49:28,515 - INFO - 规则类型: chain, 最大扩展步数: 2
2025-07-09 08:49:28,515 - INFO - Motif阈值: 0.8, 结构提升阈值: 0.0
2025-07-09 08:49:28,519 - INFO - 步骤 1: 没有找到合适的扩展边
2025-07-09 08:49:28,525 - INFO - 匹配失败，处理时间: 0.0160秒
2025-07-09 08:49:28,525 - INFO - 处理第16/59个anchor
2025-07-09 08:49:28,525 - INFO - 开始处理anchor: ('01332730', '_verb_group', '01336635')
2025-07-09 08:49:28,530 - INFO - 规则类型: chain, 最大扩展步数: 2
2025-07-09 08:49:28,531 - INFO - Motif阈值: 0.8, 结构提升阈值: 0.0
2025-07-09 08:49:28,534 - INFO - 步骤 1: 没有找到合适的扩展边
2025-07-09 08:49:28,541 - INFO - 匹配失败，处理时间: 0.0153秒
2025-07-09 08:49:28,541 - INFO - 处理第17/59个anchor
2025-07-09 08:49:28,541 - INFO - 开始处理anchor: ('01332730', '_verb_group', '01207951')
2025-07-09 08:49:28,547 - INFO - 规则类型: chain, 最大扩展步数: 2
2025-07-09 08:49:28,547 - INFO - Motif阈值: 0.8, 结构提升阈值: 0.0
2025-07-09 08:49:28,550 - INFO - 步骤 1: 没有找到合适的扩展边
2025-07-09 08:49:28,556 - INFO - 匹配失败，处理时间: 0.0150秒
2025-07-09 08:49:28,557 - INFO - 处理第18/59个anchor
2025-07-09 08:49:28,557 - INFO - 开始处理anchor: ('01332730', '_derivationally_related_form', '04151940')
2025-07-09 08:49:28,562 - INFO - 规则类型: chain, 最大扩展步数: 2
2025-07-09 08:49:28,563 - INFO - Motif阈值: 0.8, 结构提升阈值: 0.0
2025-07-09 08:49:28,566 - INFO - 步骤 1: 没有找到合适的扩展边
2025-07-09 08:49:28,572 - INFO - 匹配失败，处理时间: 0.0150秒
2025-07-09 08:49:28,572 - INFO - 处理第19/59个anchor
2025-07-09 08:49:28,573 - INFO - 开始处理anchor: ('03122748', '_derivationally_related_form', '01332730')
2025-07-09 08:49:28,578 - INFO - 规则类型: chain, 最大扩展步数: 2
2025-07-09 08:49:28,578 - INFO - Motif阈值: 0.8, 结构提升阈值: 0.0
2025-07-09 08:49:28,583 - INFO - 步骤 1: 没有找到合适的扩展边
2025-07-09 08:49:28,588 - INFO - 匹配失败，处理时间: 0.0150秒
2025-07-09 08:49:28,589 - INFO - 处理第20/59个anchor
2025-07-09 08:49:28,589 - INFO - 开始处理anchor: ('03122748', '_hypernym', '00021939')
2025-07-09 08:49:28,595 - INFO - 规则类型: chain, 最大扩展步数: 2
2025-07-09 08:49:28,595 - INFO - Motif阈值: 0.8, 结构提升阈值: 0.0
2025-07-09 08:49:28,598 - INFO - 步骤 1: 没有找到合适的扩展边
2025-07-09 08:49:28,602 - INFO - 匹配失败，处理时间: 0.0130秒
2025-07-09 08:49:28,604 - INFO - 处理第21/59个anchor
2025-07-09 08:49:28,604 - INFO - 开始处理anchor: ('06066555', '_derivationally_related_form', '00645415')
2025-07-09 08:49:28,609 - INFO - 规则类型: chain, 最大扩展步数: 2
2025-07-09 08:49:28,610 - INFO - Motif阈值: 0.8, 结构提升阈值: 0.0
2025-07-09 08:49:28,648 - INFO - 相似度提升检查: 0.1666 >= 0.0
2025-07-09 08:49:28,649 - INFO - 步骤 1: 添加边 ('00017222', '06066555', '_synset_domain_topic_of'), 相似度提升: 0.1666 (当前: 0.1838)
2025-07-09 08:49:28,649 - INFO - 步骤 1: 子图与规则同构，提前终止扩展
2025-07-09 08:49:28,656 - INFO - 匹配成功: True
2025-07-09 08:49:28,656 - INFO - 匹配得分: 0.9479
2025-07-09 08:49:28,656 - INFO - 扩展子图节点: ['06066555', '00645415', '00017222']
2025-07-09 08:49:28,657 - INFO - 扩展子图边: [('06066555', '00645415', {'relation': '_derivationally_related_form'}), ('00017222', '06066555', {'relation': '_synset_domain_topic_of'})]
2025-07-09 08:49:28,657 - INFO - 处理第22/59个anchor
2025-07-09 08:49:28,657 - INFO - 开始处理anchor: ('06066555', '_derivationally_related_form', '09868270')
2025-07-09 08:49:28,664 - INFO - 规则类型: chain, 最大扩展步数: 2
2025-07-09 08:49:28,664 - INFO - Motif阈值: 0.8, 结构提升阈值: 0.0
2025-07-09 08:49:28,704 - INFO - 相似度提升检查: 0.1364 >= 0.0
2025-07-09 08:49:28,705 - INFO - 步骤 1: 添加边 ('00017222', '06066555', '_synset_domain_topic_of'), 相似度提升: 0.1364 (当前: 0.0191)
2025-07-09 08:49:28,706 - INFO - 步骤 1: 子图与规则同构，提前终止扩展
2025-07-09 08:49:28,713 - INFO - 匹配成功: True
2025-07-09 08:49:28,713 - INFO - 匹配得分: 0.9481
2025-07-09 08:49:28,713 - INFO - 扩展子图节点: ['06066555', '09868270', '00017222']
2025-07-09 08:49:28,714 - INFO - 扩展子图边: [('06066555', '09868270', {'relation': '_derivationally_related_form'}), ('00017222', '06066555', {'relation': '_synset_domain_topic_of'})]
2025-07-09 08:49:28,714 - INFO - 处理第23/59个anchor
2025-07-09 08:49:28,714 - INFO - 开始处理anchor: ('06066555', '_hypernym', '06037666')
2025-07-09 08:49:28,719 - INFO - 规则类型: chain, 最大扩展步数: 2
2025-07-09 08:49:28,720 - INFO - Motif阈值: 0.8, 结构提升阈值: 0.0
2025-07-09 08:49:28,816 - INFO - 相似度提升检查: 0.1588 >= 0.0
2025-07-09 08:49:28,817 - INFO - 步骤 1: 添加边 ('00006484', '06037666', '_synset_domain_topic_of'), 相似度提升: 0.1588 (当前: 0.1588)
2025-07-09 08:49:28,817 - INFO - 步骤 1: 子图与规则同构，提前终止扩展
2025-07-09 08:49:28,821 - INFO - 匹配成功: True
2025-07-09 08:49:28,822 - INFO - 匹配得分: 0.9593
2025-07-09 08:49:28,822 - INFO - 扩展子图节点: ['06066555', '06037666', '00006484']
2025-07-09 08:49:28,822 - INFO - 扩展子图边: [('06066555', '06037666', {'relation': '_hypernym'}), ('00006484', '06037666', {'relation': '_synset_domain_topic_of'})]
2025-07-09 08:49:28,823 - INFO - 处理第24/59个anchor
2025-07-09 08:49:28,823 - INFO - 开始处理anchor: ('00645415', '_derivationally_related_form', '06066555')
2025-07-09 08:49:28,827 - INFO - 规则类型: chain, 最大扩展步数: 2
2025-07-09 08:49:28,827 - INFO - Motif阈值: 0.8, 结构提升阈值: 0.0
2025-07-09 08:49:28,865 - INFO - 相似度提升检查: 0.2263 >= 0.0
2025-07-09 08:49:28,867 - INFO - 步骤 1: 添加边 ('00017222', '06066555', '_synset_domain_topic_of'), 相似度提升: 0.2263 (当前: 0.3488)
2025-07-09 08:49:28,867 - INFO - 步骤 1: 子图与规则同构，提前终止扩展
2025-07-09 08:49:28,872 - INFO - 匹配成功: True
2025-07-09 08:49:28,873 - INFO - 匹配得分: 0.9289
2025-07-09 08:49:28,873 - INFO - 扩展子图节点: ['00645415', '06066555', '00017222']
2025-07-09 08:49:28,873 - INFO - 扩展子图边: [('00645415', '06066555', {'relation': '_derivationally_related_form'}), ('00017222', '06066555', {'relation': '_synset_domain_topic_of'})]
2025-07-09 08:49:28,874 - INFO - 处理第25/59个anchor
2025-07-09 08:49:28,874 - INFO - 开始处理anchor: ('00645415', '_hypernym', '00643473')
2025-07-09 08:49:28,881 - INFO - 规则类型: chain, 最大扩展步数: 2
2025-07-09 08:49:28,881 - INFO - Motif阈值: 0.8, 结构提升阈值: 0.0
2025-07-09 08:49:28,884 - INFO - 相似度提升检查: 0.1444 >= 0.0
2025-07-09 08:49:28,884 - INFO - 步骤 1: 添加边 ('01369758', '00643473', '_also_see'), 相似度提升: 0.1444 (当前: 0.1608)
2025-07-09 08:49:28,885 - INFO - 步骤 1: 子图与规则同构，提前终止扩展
2025-07-09 08:49:28,891 - INFO - 匹配成功: True
2025-07-09 08:49:28,892 - INFO - 匹配得分: 0.9677
2025-07-09 08:49:28,892 - INFO - 扩展子图节点: ['00645415', '00643473', '01369758']
2025-07-09 08:49:28,892 - INFO - 扩展子图边: [('00645415', '00643473', {'relation': '_hypernym'}), ('01369758', '00643473', {'relation': '_also_see'})]
2025-07-09 08:49:28,892 - INFO - 处理第26/59个anchor
2025-07-09 08:49:28,893 - INFO - 开始处理anchor: ('09322930', '_instance_hypernym', '09360122')
2025-07-09 08:49:28,899 - INFO - 规则类型: chain, 最大扩展步数: 2
2025-07-09 08:49:28,899 - INFO - Motif阈值: 0.8, 结构提升阈值: 0.0
2025-07-09 08:49:28,901 - INFO - 步骤 1: 没有找到合适的扩展边
2025-07-09 08:49:28,907 - INFO - 匹配失败，处理时间: 0.0134秒
2025-07-09 08:49:28,907 - INFO - 处理第27/59个anchor
2025-07-09 08:49:28,907 - INFO - 开始处理anchor: ('09360122', '_hypernym', '08617963')
2025-07-09 08:49:28,913 - INFO - 规则类型: chain, 最大扩展步数: 2
2025-07-09 08:49:28,914 - INFO - Motif阈值: 0.8, 结构提升阈值: 0.0
2025-07-09 08:49:28,918 - INFO - 步骤 1: 没有找到合适的扩展边
2025-07-09 08:49:28,923 - INFO - 匹配失败，处理时间: 0.0160秒
2025-07-09 08:49:28,924 - INFO - 处理第28/59个anchor
2025-07-09 08:49:28,924 - INFO - 开始处理anchor: ('07193596', '_derivationally_related_form', '00784342')
2025-07-09 08:49:28,930 - INFO - 规则类型: chain, 最大扩展步数: 2
2025-07-09 08:49:28,931 - INFO - Motif阈值: 0.8, 结构提升阈值: 0.0
2025-07-09 08:49:28,934 - INFO - 步骤 1: 没有找到合适的扩展边
2025-07-09 08:49:28,938 - INFO - 匹配失败，处理时间: 0.0140秒
2025-07-09 08:49:28,939 - INFO - 处理第29/59个anchor
2025-07-09 08:49:28,939 - INFO - 开始处理anchor: ('07193596', '_derivationally_related_form', '00788184')
2025-07-09 08:49:28,945 - INFO - 规则类型: chain, 最大扩展步数: 2
2025-07-09 08:49:28,945 - INFO - Motif阈值: 0.8, 结构提升阈值: 0.0
2025-07-09 08:49:28,948 - INFO - 步骤 1: 没有找到合适的扩展边
2025-07-09 08:49:28,954 - INFO - 匹配失败，处理时间: 0.0149秒
2025-07-09 08:49:28,955 - INFO - 处理第30/59个anchor
2025-07-09 08:49:28,955 - INFO - 开始处理anchor: ('07193596', '_hypernym', '07193184')
2025-07-09 08:49:28,961 - INFO - 规则类型: chain, 最大扩展步数: 2
2025-07-09 08:49:28,962 - INFO - Motif阈值: 0.8, 结构提升阈值: 0.0
2025-07-09 08:49:28,964 - INFO - 步骤 1: 没有找到合适的扩展边
2025-07-09 08:49:28,971 - INFO - 匹配失败，处理时间: 0.0158秒
2025-07-09 08:49:28,971 - INFO - 处理第31/59个anchor
2025-07-09 08:49:28,972 - INFO - 开始处理anchor: ('07193596', '_derivationally_related_form', '00808855')
2025-07-09 08:49:28,977 - INFO - 规则类型: chain, 最大扩展步数: 2
2025-07-09 08:49:28,977 - INFO - Motif阈值: 0.8, 结构提升阈值: 0.0
2025-07-09 08:49:28,980 - INFO - 步骤 1: 没有找到合适的扩展边
2025-07-09 08:49:28,986 - INFO - 匹配失败，处理时间: 0.0140秒
2025-07-09 08:49:28,986 - INFO - 处理第32/59个anchor
2025-07-09 08:49:28,987 - INFO - 开始处理anchor: ('07193596', '_derivationally_related_form', '00785008')
2025-07-09 08:49:28,993 - INFO - 规则类型: chain, 最大扩展步数: 2
2025-07-09 08:49:28,993 - INFO - Motif阈值: 0.8, 结构提升阈值: 0.0
2025-07-09 08:49:28,995 - INFO - 步骤 1: 没有找到合适的扩展边
2025-07-09 08:49:29,001 - INFO - 匹配失败，处理时间: 0.0140秒
2025-07-09 08:49:29,001 - INFO - 处理第33/59个anchor
2025-07-09 08:49:29,002 - INFO - 开始处理anchor: ('00784342', '_derivationally_related_form', '10207831')
2025-07-09 08:49:29,007 - INFO - 规则类型: chain, 最大扩展步数: 2
2025-07-09 08:49:29,008 - INFO - Motif阈值: 0.8, 结构提升阈值: 0.0
2025-07-09 08:49:29,011 - INFO - 步骤 1: 没有找到合适的扩展边
2025-07-09 08:49:29,017 - INFO - 匹配失败，处理时间: 0.0149秒
2025-07-09 08:49:29,017 - INFO - 处理第34/59个anchor
2025-07-09 08:49:29,018 - INFO - 开始处理anchor: ('00784342', '_hypernym', '00740577')
2025-07-09 08:49:29,023 - INFO - 规则类型: chain, 最大扩展步数: 2
2025-07-09 08:49:29,023 - INFO - Motif阈值: 0.8, 结构提升阈值: 0.0
2025-07-09 08:49:29,027 - INFO - 步骤 1: 没有找到合适的扩展边
2025-07-09 08:49:29,033 - INFO - 匹配失败，处理时间: 0.0139秒
2025-07-09 08:49:29,034 - INFO - 处理第35/59个anchor
2025-07-09 08:49:29,035 - INFO - 开始处理anchor: ('00784342', '_derivationally_related_form', '07193596')
2025-07-09 08:49:29,040 - INFO - 规则类型: chain, 最大扩展步数: 2
2025-07-09 08:49:29,041 - INFO - Motif阈值: 0.8, 结构提升阈值: 0.0
2025-07-09 08:49:29,044 - INFO - 步骤 1: 没有找到合适的扩展边
2025-07-09 08:49:29,049 - INFO - 匹配失败，处理时间: 0.0140秒
2025-07-09 08:49:29,049 - INFO - 处理第36/59个anchor
2025-07-09 08:49:29,050 - INFO - 开始处理anchor: ('00784342', '_verb_group', '00897746')
2025-07-09 08:49:29,056 - INFO - 规则类型: chain, 最大扩展步数: 2
2025-07-09 08:49:29,057 - INFO - Motif阈值: 0.8, 结构提升阈值: 0.0
2025-07-09 08:49:29,059 - INFO - 步骤 1: 没有找到合适的扩展边
2025-07-09 08:49:29,065 - INFO - 匹配失败，处理时间: 0.0140秒
2025-07-09 08:49:29,066 - INFO - 处理第37/59个anchor
2025-07-09 08:49:29,066 - INFO - 开始处理anchor: ('00784342', '_derivationally_related_form', '07193184')
2025-07-09 08:49:29,071 - INFO - 规则类型: chain, 最大扩展步数: 2
2025-07-09 08:49:29,072 - INFO - Motif阈值: 0.8, 结构提升阈值: 0.0
2025-07-09 08:49:29,074 - INFO - 步骤 1: 没有找到合适的扩展边
2025-07-09 08:49:29,080 - INFO - 匹配失败，处理时间: 0.0130秒
2025-07-09 08:49:29,081 - INFO - 处理第38/59个anchor
2025-07-09 08:49:29,082 - INFO - 开始处理anchor: ('00784342', '_verb_group', '00784727')
2025-07-09 08:49:29,087 - INFO - 规则类型: chain, 最大扩展步数: 2
2025-07-09 08:49:29,087 - INFO - Motif阈值: 0.8, 结构提升阈值: 0.0
2025-07-09 08:49:29,089 - INFO - 步骤 1: 没有找到合适的扩展边
2025-07-09 08:49:29,095 - INFO - 匹配失败，处理时间: 0.0119秒
2025-07-09 08:49:29,095 - INFO - 处理第39/59个anchor
2025-07-09 08:49:29,095 - INFO - 开始处理anchor: ('01768969', '_derivationally_related_form', '02636811')
2025-07-09 08:49:29,101 - INFO - 规则类型: chain, 最大扩展步数: 2
2025-07-09 08:49:29,102 - INFO - Motif阈值: 0.8, 结构提升阈值: 0.0
2025-07-09 08:49:29,105 - INFO - 相似度提升检查: 0.1692 >= 0.0
2025-07-09 08:49:29,105 - INFO - 步骤 1: 添加边 ('02636811', '06083243', '_synset_domain_topic_of'), 相似度提升: 0.1692 (当前: 0.2422)
2025-07-09 08:49:29,106 - INFO - 步骤 1: 子图与规则同构，提前终止扩展
2025-07-09 08:49:29,112 - INFO - 匹配成功: True
2025-07-09 08:49:29,113 - INFO - 匹配得分: 0.9394
2025-07-09 08:49:29,113 - INFO - 扩展子图节点: ['01768969', '02636811', '06083243']
2025-07-09 08:49:29,113 - INFO - 扩展子图边: [('01768969', '02636811', {'relation': '_derivationally_related_form'}), ('02636811', '06083243', {'relation': '_synset_domain_topic_of'})]
2025-07-09 08:49:29,113 - INFO - 处理第40/59个anchor
2025-07-09 08:49:29,114 - INFO - 开始处理anchor: ('01768969', '_hypernym', '08103777')
2025-07-09 08:49:29,120 - INFO - 规则类型: chain, 最大扩展步数: 2
2025-07-09 08:49:29,121 - INFO - Motif阈值: 0.8, 结构提升阈值: 0.0
2025-07-09 08:49:29,129 - INFO - 相似度提升检查: 0.1579 >= 0.0
2025-07-09 08:49:29,129 - INFO - 步骤 1: 添加边 ('08103777', '06037666', '_synset_domain_topic_of'), 相似度提升: 0.1579 (当前: 0.1471)
2025-07-09 08:49:29,130 - INFO - 步骤 1: 子图与规则同构，提前终止扩展
2025-07-09 08:49:29,137 - INFO - 匹配成功: True
2025-07-09 08:49:29,138 - INFO - 匹配得分: 0.9382
2025-07-09 08:49:29,138 - INFO - 扩展子图节点: ['01768969', '08103777', '06037666']
2025-07-09 08:49:29,138 - INFO - 扩展子图边: [('01768969', '08103777', {'relation': '_hypernym'}), ('08103777', '06037666', {'relation': '_synset_domain_topic_of'})]
2025-07-09 08:49:29,139 - INFO - 处理第41/59个anchor
2025-07-09 08:49:29,139 - INFO - 开始处理anchor: ('01768969', '_member_meronym', '01775879')
2025-07-09 08:49:29,145 - INFO - 规则类型: chain, 最大扩展步数: 2
2025-07-09 08:49:29,145 - INFO - Motif阈值: 0.8, 结构提升阈值: 0.0
2025-07-09 08:49:29,147 - INFO - 步骤 1: 没有找到合适的扩展边
2025-07-09 08:49:29,154 - INFO - 匹配失败，处理时间: 0.0150秒
2025-07-09 08:49:29,154 - INFO - 处理第42/59个anchor
2025-07-09 08:49:29,154 - INFO - 开始处理anchor: ('01768969', '_member_meronym', '01771966')
2025-07-09 08:49:29,160 - INFO - 规则类型: chain, 最大扩展步数: 2
2025-07-09 08:49:29,160 - INFO - Motif阈值: 0.8, 结构提升阈值: 0.0
2025-07-09 08:49:29,162 - INFO - 步骤 1: 没有找到合适的扩展边
2025-07-09 08:49:29,169 - INFO - 匹配失败，处理时间: 0.0140秒
2025-07-09 08:49:29,170 - INFO - 处理第43/59个anchor
2025-07-09 08:49:29,170 - INFO - 开始处理anchor: ('01768969', '_member_meronym', '01769347')
2025-07-09 08:49:29,174 - INFO - 规则类型: chain, 最大扩展步数: 2
2025-07-09 08:49:29,174 - INFO - Motif阈值: 0.8, 结构提升阈值: 0.0
2025-07-09 08:49:29,176 - INFO - 步骤 1: 没有找到合适的扩展边
2025-07-09 08:49:29,181 - INFO - 匹配失败，处理时间: 0.0116秒
2025-07-09 08:49:29,182 - INFO - 处理第44/59个anchor
2025-07-09 08:49:29,183 - INFO - 开始处理anchor: ('01768969', '_member_meronym', '01770553')
2025-07-09 08:49:29,188 - INFO - 规则类型: chain, 最大扩展步数: 2
2025-07-09 08:49:29,188 - INFO - Motif阈值: 0.8, 结构提升阈值: 0.0
2025-07-09 08:49:29,191 - INFO - 步骤 1: 没有找到合适的扩展边
2025-07-09 08:49:29,196 - INFO - 匹配失败，处理时间: 0.0130秒
2025-07-09 08:49:29,197 - INFO - 处理第45/59个anchor
2025-07-09 08:49:29,197 - INFO - 开始处理anchor: ('01768969', '_member_meronym', '01769635')
2025-07-09 08:49:29,202 - INFO - 规则类型: chain, 最大扩展步数: 2
2025-07-09 08:49:29,204 - INFO - Motif阈值: 0.8, 结构提升阈值: 0.0
2025-07-09 08:49:29,205 - INFO - 步骤 1: 没有找到合适的扩展边
2025-07-09 08:49:29,211 - INFO - 匹配失败，处理时间: 0.0141秒
2025-07-09 08:49:29,211 - INFO - 处理第46/59个anchor
2025-07-09 08:49:29,212 - INFO - 开始处理anchor: ('02636811', '_derivationally_related_form', '01769347')
2025-07-09 08:49:29,218 - INFO - 规则类型: chain, 最大扩展步数: 2
2025-07-09 08:49:29,218 - INFO - Motif阈值: 0.8, 结构提升阈值: 0.0
2025-07-09 08:49:29,222 - INFO - 相似度提升检查: -0.0042 >= 0.0
2025-07-09 08:49:29,223 - INFO - 步骤 1: 相似度提升不足 (-0.0042), 停止扩展
2025-07-09 08:49:29,227 - INFO - 匹配失败，处理时间: 0.0148秒
2025-07-09 08:49:29,227 - INFO - 处理第47/59个anchor
2025-07-09 08:49:29,228 - INFO - 开始处理anchor: ('02636811', '_derivationally_related_form', '01768969')
2025-07-09 08:49:29,234 - INFO - 规则类型: chain, 最大扩展步数: 2
2025-07-09 08:49:29,235 - INFO - Motif阈值: 0.8, 结构提升阈值: 0.0
2025-07-09 08:49:29,238 - INFO - 相似度提升检查: -0.0729 >= 0.0
2025-07-09 08:49:29,239 - INFO - 步骤 1: 相似度提升不足 (-0.0729), 停止扩展
2025-07-09 08:49:29,243 - INFO - 匹配失败，处理时间: 0.0149秒
2025-07-09 08:49:29,243 - INFO - 处理第48/59个anchor
2025-07-09 08:49:29,243 - INFO - 开始处理anchor: ('02636811', '_derivationally_related_form', '01772222')
2025-07-09 08:49:29,249 - INFO - 规则类型: chain, 最大扩展步数: 2
2025-07-09 08:49:29,250 - INFO - Motif阈值: 0.8, 结构提升阈值: 0.0
2025-07-09 08:49:29,252 - INFO - 相似度提升检查: 0.0366 >= 0.0
2025-07-09 08:49:29,253 - INFO - 步骤 1: 添加边 ('02636811', '06083243', '_synset_domain_topic_of'), 相似度提升: 0.0366 (当前: 0.0384)
2025-07-09 08:49:29,254 - INFO - 步骤 1: 子图与规则同构，提前终止扩展
2025-07-09 08:49:29,258 - INFO - 匹配成功: True
2025-07-09 08:49:29,259 - INFO - 匹配得分: 0.8571
2025-07-09 08:49:29,259 - INFO - 扩展子图节点: ['02636811', '01772222', '06083243']
2025-07-09 08:49:29,259 - INFO - 扩展子图边: [('02636811', '01772222', {'relation': '_derivationally_related_form'}), ('02636811', '06083243', {'relation': '_synset_domain_topic_of'})]
2025-07-09 08:49:29,259 - INFO - 处理第49/59个anchor
2025-07-09 08:49:29,259 - INFO - 开始处理anchor: ('01455754', '_hypernym', '01974062')
2025-07-09 08:49:29,265 - INFO - 规则类型: chain, 最大扩展步数: 2
2025-07-09 08:49:29,265 - INFO - Motif阈值: 0.8, 结构提升阈值: 0.0
2025-07-09 08:49:29,272 - INFO - 相似度提升检查: 0.1790 >= 0.0
2025-07-09 08:49:29,273 - INFO - 步骤 1: 添加边 ('01974062', '01976089', '_also_see'), 相似度提升: 0.1790 (当前: -0.0326)
2025-07-09 08:49:29,273 - INFO - 步骤 1: 子图与规则同构，提前终止扩展
2025-07-09 08:49:29,280 - INFO - 匹配成功: True
2025-07-09 08:49:29,281 - INFO - 匹配得分: 0.9400
2025-07-09 08:49:29,281 - INFO - 扩展子图节点: ['01455754', '01974062', '01976089']
2025-07-09 08:49:29,281 - INFO - 扩展子图边: [('01455754', '01974062', {'relation': '_hypernym'}), ('01974062', '01976089', {'relation': '_also_see'})]
2025-07-09 08:49:29,281 - INFO - 处理第50/59个anchor
2025-07-09 08:49:29,283 - INFO - 开始处理anchor: ('01974062', '_derivationally_related_form', '09206985')
2025-07-09 08:49:29,288 - INFO - 规则类型: chain, 最大扩展步数: 2
2025-07-09 08:49:29,288 - INFO - Motif阈值: 0.8, 结构提升阈值: 0.0
2025-07-09 08:49:29,293 - INFO - 相似度提升检查: 0.1206 >= 0.0
2025-07-09 08:49:29,293 - INFO - 步骤 1: 添加边 ('02077656', '01974062', '_also_see'), 相似度提升: 0.1206 (当前: 0.1424)
2025-07-09 08:49:29,293 - INFO - 步骤 1: 子图与规则同构，提前终止扩展
2025-07-09 08:49:29,301 - INFO - 匹配成功: True
2025-07-09 08:49:29,301 - INFO - 匹配得分: 0.9533
2025-07-09 08:49:29,302 - INFO - 扩展子图节点: ['01974062', '09206985', '02077656']
2025-07-09 08:49:29,302 - INFO - 扩展子图边: [('01974062', '09206985', {'relation': '_derivationally_related_form'}), ('02077656', '01974062', {'relation': '_also_see'})]
2025-07-09 08:49:29,302 - INFO - 处理第51/59个anchor
2025-07-09 08:49:29,302 - INFO - 开始处理anchor: ('01974062', '_derivationally_related_form', '07348399')
2025-07-09 08:49:29,307 - INFO - 规则类型: chain, 最大扩展步数: 2
2025-07-09 08:49:29,307 - INFO - Motif阈值: 0.8, 结构提升阈值: 0.0
2025-07-09 08:49:29,313 - INFO - 相似度提升检查: 0.1144 >= 0.0
2025-07-09 08:49:29,314 - INFO - 步骤 1: 添加边 ('02077656', '01974062', '_also_see'), 相似度提升: 0.1144 (当前: 0.2301)
2025-07-09 08:49:29,315 - INFO - 步骤 1: 子图与规则同构，提前终止扩展
2025-07-09 08:49:29,321 - INFO - 匹配成功: True
2025-07-09 08:49:29,321 - INFO - 匹配得分: 0.9522
2025-07-09 08:49:29,322 - INFO - 扩展子图节点: ['01974062', '07348399', '02077656']
2025-07-09 08:49:29,322 - INFO - 扩展子图边: [('01974062', '07348399', {'relation': '_derivationally_related_form'}), ('02077656', '01974062', {'relation': '_also_see'})]
2025-07-09 08:49:29,322 - INFO - 处理第52/59个anchor
2025-07-09 08:49:29,322 - INFO - 开始处理anchor: ('01974062', '_derivationally_related_form', '10773394')
2025-07-09 08:49:29,326 - INFO - 规则类型: chain, 最大扩展步数: 2
2025-07-09 08:49:29,327 - INFO - Motif阈值: 0.8, 结构提升阈值: 0.0
2025-07-09 08:49:29,334 - INFO - 相似度提升检查: 0.1729 >= 0.0
2025-07-09 08:49:29,335 - INFO - 步骤 1: 添加边 ('02077656', '01974062', '_also_see'), 相似度提升: 0.1729 (当前: 0.1907)
2025-07-09 08:49:29,335 - INFO - 步骤 1: 子图与规则同构，提前终止扩展
2025-07-09 08:49:29,342 - INFO - 匹配成功: True
2025-07-09 08:49:29,343 - INFO - 匹配得分: 0.9700
2025-07-09 08:49:29,343 - INFO - 扩展子图节点: ['01974062', '10773394', '02077656']
2025-07-09 08:49:29,343 - INFO - 扩展子图边: [('01974062', '10773394', {'relation': '_derivationally_related_form'}), ('02077656', '01974062', {'relation': '_also_see'})]
2025-07-09 08:49:29,343 - INFO - 处理第53/59个anchor
2025-07-09 08:49:29,343 - INFO - 开始处理anchor: ('01974062', '_derivationally_related_form', '07370671')
2025-07-09 08:49:29,350 - INFO - 规则类型: chain, 最大扩展步数: 2
2025-07-09 08:49:29,351 - INFO - Motif阈值: 0.8, 结构提升阈值: 0.0
2025-07-09 08:49:29,355 - INFO - 相似度提升检查: 0.1549 >= 0.0
2025-07-09 08:49:29,356 - INFO - 步骤 1: 添加边 ('02077656', '01974062', '_also_see'), 相似度提升: 0.1549 (当前: 0.1441)
2025-07-09 08:49:29,356 - INFO - 步骤 1: 子图与规则同构，提前终止扩展
2025-07-09 08:49:29,363 - INFO - 匹配成功: True
2025-07-09 08:49:29,363 - INFO - 匹配得分: 0.9624
2025-07-09 08:49:29,364 - INFO - 扩展子图节点: ['01974062', '07370671', '02077656']
2025-07-09 08:49:29,364 - INFO - 扩展子图边: [('01974062', '07370671', {'relation': '_derivationally_related_form'}), ('02077656', '01974062', {'relation': '_also_see'})]
2025-07-09 08:49:29,365 - INFO - 处理第54/59个anchor
2025-07-09 08:49:29,366 - INFO - 开始处理anchor: ('01974062', '_derivationally_related_form', '00116376')
2025-07-09 08:49:29,372 - INFO - 规则类型: chain, 最大扩展步数: 2
2025-07-09 08:49:29,372 - INFO - Motif阈值: 0.8, 结构提升阈值: 0.0
2025-07-09 08:49:29,380 - INFO - 相似度提升检查: 0.1725 >= 0.0
2025-07-09 08:49:29,381 - INFO - 步骤 1: 添加边 ('02077656', '01974062', '_also_see'), 相似度提升: 0.1725 (当前: 0.1438)
2025-07-09 08:49:29,382 - INFO - 步骤 1: 子图与规则同构，提前终止扩展
2025-07-09 08:49:29,389 - INFO - 匹配成功: True
2025-07-09 08:49:29,390 - INFO - 匹配得分: 0.9447
2025-07-09 08:49:29,390 - INFO - 扩展子图节点: ['01974062', '00116376', '02077656']
2025-07-09 08:49:29,390 - INFO - 扩展子图边: [('01974062', '00116376', {'relation': '_derivationally_related_form'}), ('02077656', '01974062', {'relation': '_also_see'})]
2025-07-09 08:49:29,391 - INFO - 处理第55/59个anchor
2025-07-09 08:49:29,391 - INFO - 开始处理anchor: ('01974062', '_derivationally_related_form', '04231693')
2025-07-09 08:49:29,398 - INFO - 规则类型: chain, 最大扩展步数: 2
2025-07-09 08:49:29,398 - INFO - Motif阈值: 0.8, 结构提升阈值: 0.0
2025-07-09 08:49:29,406 - INFO - 相似度提升检查: 0.1800 >= 0.0
2025-07-09 08:49:29,406 - INFO - 步骤 1: 添加边 ('02077656', '01974062', '_also_see'), 相似度提升: 0.1800 (当前: 0.1887)
2025-07-09 08:49:29,407 - INFO - 步骤 1: 子图与规则同构，提前终止扩展
2025-07-09 08:49:29,414 - INFO - 匹配成功: True
2025-07-09 08:49:29,415 - INFO - 匹配得分: 0.9536
2025-07-09 08:49:29,415 - INFO - 扩展子图节点: ['01974062', '04231693', '02077656']
2025-07-09 08:49:29,416 - INFO - 扩展子图边: [('01974062', '04231693', {'relation': '_derivationally_related_form'}), ('02077656', '01974062', {'relation': '_also_see'})]
2025-07-09 08:49:29,417 - INFO - 处理第56/59个anchor
2025-07-09 08:49:29,418 - INFO - 开始处理anchor: ('01974062', '_derivationally_related_form', '09366317')
2025-07-09 08:49:29,424 - INFO - 规则类型: chain, 最大扩展步数: 2
2025-07-09 08:49:29,424 - INFO - Motif阈值: 0.8, 结构提升阈值: 0.0
2025-07-09 08:49:29,431 - INFO - 相似度提升检查: 0.1268 >= 0.0
2025-07-09 08:49:29,432 - INFO - 步骤 1: 添加边 ('02077656', '01974062', '_also_see'), 相似度提升: 0.1268 (当前: 0.2045)
2025-07-09 08:49:29,433 - INFO - 步骤 1: 子图与规则同构，提前终止扩展
2025-07-09 08:49:29,440 - INFO - 匹配成功: True
2025-07-09 08:49:29,441 - INFO - 匹配得分: 0.9375
2025-07-09 08:49:29,441 - INFO - 扩展子图节点: ['01974062', '09366317', '02077656']
2025-07-09 08:49:29,441 - INFO - 扩展子图边: [('01974062', '09366317', {'relation': '_derivationally_related_form'}), ('02077656', '01974062', {'relation': '_also_see'})]
2025-07-09 08:49:29,442 - INFO - 处理第57/59个anchor
2025-07-09 08:49:29,442 - INFO - 开始处理anchor: ('01974062', '_derivationally_related_form', '03281145')
2025-07-09 08:49:29,448 - INFO - 规则类型: chain, 最大扩展步数: 2
2025-07-09 08:49:29,450 - INFO - Motif阈值: 0.8, 结构提升阈值: 0.0
2025-07-09 08:49:29,458 - INFO - 相似度提升检查: 0.2408 >= 0.0
2025-07-09 08:49:29,459 - INFO - 步骤 1: 添加边 ('02077656', '01974062', '_also_see'), 相似度提升: 0.2408 (当前: 0.2219)
2025-07-09 08:49:29,459 - INFO - 步骤 1: 子图与规则同构，提前终止扩展
2025-07-09 08:49:29,467 - INFO - 匹配成功: True
2025-07-09 08:49:29,468 - INFO - 匹配得分: 0.9179
2025-07-09 08:49:29,468 - INFO - 扩展子图节点: ['01974062', '03281145', '02077656']
2025-07-09 08:49:29,469 - INFO - 扩展子图边: [('01974062', '03281145', {'relation': '_derivationally_related_form'}), ('02077656', '01974062', {'relation': '_also_see'})]
2025-07-09 08:49:29,469 - INFO - 处理第58/59个anchor
2025-07-09 08:49:29,469 - INFO - 开始处理anchor: ('01974062', '_derivationally_related_form', '05131283')
2025-07-09 08:49:29,475 - INFO - 规则类型: chain, 最大扩展步数: 2
2025-07-09 08:49:29,476 - INFO - Motif阈值: 0.8, 结构提升阈值: 0.0
2025-07-09 08:49:29,482 - INFO - 相似度提升检查: 0.1592 >= 0.0
2025-07-09 08:49:29,483 - INFO - 步骤 1: 添加边 ('02077656', '01974062', '_also_see'), 相似度提升: 0.1592 (当前: 0.0788)
2025-07-09 08:49:29,484 - INFO - 步骤 1: 子图与规则同构，提前终止扩展
2025-07-09 08:49:29,492 - INFO - 匹配成功: True
2025-07-09 08:49:29,492 - INFO - 匹配得分: 0.9767
2025-07-09 08:49:29,492 - INFO - 扩展子图节点: ['01974062', '05131283', '02077656']
2025-07-09 08:49:29,493 - INFO - 扩展子图边: [('01974062', '05131283', {'relation': '_derivationally_related_form'}), ('02077656', '01974062', {'relation': '_also_see'})]
2025-07-09 08:49:29,493 - INFO - 处理第59/59个anchor
2025-07-09 08:49:29,493 - INFO - 开始处理anchor: ('01974062', '_derivationally_related_form', '00316594')
2025-07-09 08:49:29,500 - INFO - 规则类型: chain, 最大扩展步数: 2
2025-07-09 08:49:29,500 - INFO - Motif阈值: 0.8, 结构提升阈值: 0.0
2025-07-09 08:49:29,508 - INFO - 相似度提升检查: 0.1504 >= 0.0
2025-07-09 08:49:29,508 - INFO - 步骤 1: 添加边 ('02077656', '01974062', '_also_see'), 相似度提升: 0.1504 (当前: 0.1870)
2025-07-09 08:49:29,509 - INFO - 步骤 1: 子图与规则同构，提前终止扩展
2025-07-09 08:49:29,517 - INFO - 匹配成功: True
2025-07-09 08:49:29,517 - INFO - 匹配得分: 0.9303
2025-07-09 08:49:29,518 - INFO - 扩展子图节点: ['01974062', '00316594', '02077656']
2025-07-09 08:49:29,519 - INFO - 扩展子图边: [('01974062', '00316594', {'relation': '_derivationally_related_form'}), ('02077656', '01974062', {'relation': '_also_see'})]
2025-07-09 08:49:29,519 - INFO - 批量匹配完成: 28/59 成功匹配
2025-07-09 08:49:29,520 - INFO - 开始批量匹配，共100个anchor，规则ID: rule_002
2025-07-09 08:49:29,520 - INFO - 规则关系类型: {'_also_see', '_synset_domain_topic_of'}
2025-07-09 08:49:29,520 - INFO - 原始anchor数量: 100
2025-07-09 08:49:29,520 - INFO - 优先关系anchor: 9, 其他关系anchor: 50
2025-07-09 08:49:29,521 - INFO - 筛选后总anchor数量: 59
2025-07-09 08:49:29,521 - INFO - 智能筛选后，保留59个相关anchor
2025-07-09 08:49:29,521 - INFO - 处理第1/59个anchor
2025-07-09 08:49:29,522 - INFO - 开始处理anchor: ('00260881', '_synset_domain_topic_of', '01124794')
2025-07-09 08:49:29,527 - INFO - 规则类型: chain, 最大扩展步数: 2
2025-07-09 08:49:29,527 - INFO - Motif阈值: 0.8, 结构提升阈值: 0.0
2025-07-09 08:49:29,566 - INFO - 相似度提升检查: 0.1110 >= 0.0
2025-07-09 08:49:29,566 - INFO - 步骤 1: 添加边 ('01070708', '01124794', '_synset_domain_topic_of'), 相似度提升: 0.1110 (当前: 0.1843)
2025-07-09 08:49:29,567 - INFO - 步骤 1: 子图与规则同构，提前终止扩展
2025-07-09 08:49:29,572 - INFO - 匹配成功: True
2025-07-09 08:49:29,572 - INFO - 匹配得分: 0.9186
2025-07-09 08:49:29,572 - INFO - 扩展子图节点: ['00260881', '01124794', '01070708']
2025-07-09 08:49:29,573 - INFO - 扩展子图边: [('00260881', '01124794', {'relation': '_synset_domain_topic_of'}), ('01070708', '01124794', {'relation': '_synset_domain_topic_of'})]
2025-07-09 08:49:29,573 - INFO - 处理第2/59个anchor
2025-07-09 08:49:29,573 - INFO - 开始处理anchor: ('02636811', '_synset_domain_topic_of', '06083243')
2025-07-09 08:49:29,580 - INFO - 规则类型: chain, 最大扩展步数: 2
2025-07-09 08:49:29,581 - INFO - Motif阈值: 0.8, 结构提升阈值: 0.0
2025-07-09 08:49:29,611 - INFO - 相似度提升检查: 0.0688 >= 0.0
2025-07-09 08:49:29,611 - INFO - 步骤 1: 添加边 ('00319534', '06083243', '_synset_domain_topic_of'), 相似度提升: 0.0688 (当前: 0.1716)
2025-07-09 08:49:29,612 - INFO - 步骤 1: 子图与规则同构，提前终止扩展
2025-07-09 08:49:29,619 - INFO - 匹配成功: True
2025-07-09 08:49:29,620 - INFO - 匹配得分: 0.9167
2025-07-09 08:49:29,620 - INFO - 扩展子图节点: ['02636811', '06083243', '00319534']
2025-07-09 08:49:29,620 - INFO - 扩展子图边: [('02636811', '06083243', {'relation': '_synset_domain_topic_of'}), ('00319534', '06083243', {'relation': '_synset_domain_topic_of'})]
2025-07-09 08:49:29,620 - INFO - 处理第3/59个anchor
2025-07-09 08:49:29,621 - INFO - 开始处理anchor: ('01974062', '_also_see', '01976089')
2025-07-09 08:49:29,626 - INFO - 规则类型: chain, 最大扩展步数: 2
2025-07-09 08:49:29,627 - INFO - Motif阈值: 0.8, 结构提升阈值: 0.0
2025-07-09 08:49:29,680 - INFO - 相似度提升检查: 0.0837 >= 0.0
2025-07-09 08:49:29,681 - INFO - 步骤 1: 添加边 ('00116376', '01974062', '_derivationally_related_form'), 相似度提升: 0.0837 (当前: 0.2671)
2025-07-09 08:49:29,681 - INFO - 步骤 1: 子图与规则同构，提前终止扩展
2025-07-09 08:49:29,687 - INFO - 匹配成功: True
2025-07-09 08:49:29,687 - INFO - 匹配得分: 0.8848
2025-07-09 08:49:29,687 - INFO - 扩展子图节点: ['01974062', '01976089', '00116376']
2025-07-09 08:49:29,688 - INFO - 扩展子图边: [('01974062', '01976089', {'relation': '_also_see'}), ('00116376', '01974062', {'relation': '_derivationally_related_form'})]
2025-07-09 08:49:29,688 - INFO - 处理第4/59个anchor
2025-07-09 08:49:29,688 - INFO - 开始处理anchor: ('00057306', '_synset_domain_topic_of', '08199025')
2025-07-09 08:49:29,695 - INFO - 规则类型: chain, 最大扩展步数: 2
2025-07-09 08:49:29,695 - INFO - Motif阈值: 0.8, 结构提升阈值: 0.0
2025-07-09 08:49:29,998 - INFO - 相似度提升检查: 0.1377 >= 0.0
2025-07-09 08:49:29,998 - INFO - 步骤 1: 添加边 ('00055793', '08199025', '_synset_domain_topic_of'), 相似度提升: 0.1377 (当前: 0.1975)
2025-07-09 08:49:29,998 - INFO - 步骤 1: 子图与规则同构，提前终止扩展
2025-07-09 08:49:30,003 - INFO - 匹配成功: True
2025-07-09 08:49:30,003 - INFO - 匹配得分: 0.9030
2025-07-09 08:49:30,004 - INFO - 扩展子图节点: ['00057306', '08199025', '00055793']
2025-07-09 08:49:30,004 - INFO - 扩展子图边: [('00057306', '08199025', {'relation': '_synset_domain_topic_of'}), ('00055793', '08199025', {'relation': '_synset_domain_topic_of'})]
2025-07-09 08:49:30,004 - INFO - 处理第5/59个anchor
2025-07-09 08:49:30,005 - INFO - 开始处理anchor: ('00056912', '_synset_domain_topic_of', '08199025')
2025-07-09 08:49:30,009 - INFO - 规则类型: chain, 最大扩展步数: 2
2025-07-09 08:49:30,010 - INFO - Motif阈值: 0.8, 结构提升阈值: 0.0
2025-07-09 08:49:30,313 - INFO - 相似度提升检查: 0.0972 >= 0.0
2025-07-09 08:49:30,314 - INFO - 步骤 1: 添加边 ('00055793', '08199025', '_synset_domain_topic_of'), 相似度提升: 0.0972 (当前: 0.1888)
2025-07-09 08:49:30,314 - INFO - 步骤 1: 子图与规则同构，提前终止扩展
2025-07-09 08:49:30,319 - INFO - 匹配成功: True
2025-07-09 08:49:30,319 - INFO - 匹配得分: 0.8999
2025-07-09 08:49:30,320 - INFO - 扩展子图节点: ['00056912', '08199025', '00055793']
2025-07-09 08:49:30,320 - INFO - 扩展子图边: [('00056912', '08199025', {'relation': '_synset_domain_topic_of'}), ('00055793', '08199025', {'relation': '_synset_domain_topic_of'})]
2025-07-09 08:49:30,320 - INFO - 处理第6/59个anchor
2025-07-09 08:49:30,320 - INFO - 开始处理anchor: ('10341660', '_synset_domain_topic_of', '06037666')
2025-07-09 08:49:30,328 - INFO - 规则类型: chain, 最大扩展步数: 2
2025-07-09 08:49:30,328 - INFO - Motif阈值: 0.8, 结构提升阈值: 0.0
2025-07-09 08:49:30,432 - INFO - 相似度提升检查: 0.1151 >= 0.0
2025-07-09 08:49:30,432 - INFO - 步骤 1: 添加边 ('00006484', '06037666', '_synset_domain_topic_of'), 相似度提升: 0.1151 (当前: 0.3016)
2025-07-09 08:49:30,432 - INFO - 步骤 1: 子图与规则同构，提前终止扩展
2025-07-09 08:49:30,438 - INFO - 匹配成功: True
2025-07-09 08:49:30,439 - INFO - 匹配得分: 0.8706
2025-07-09 08:49:30,440 - INFO - 扩展子图节点: ['10341660', '06037666', '00006484']
2025-07-09 08:49:30,440 - INFO - 扩展子图边: [('10341660', '06037666', {'relation': '_synset_domain_topic_of'}), ('00006484', '06037666', {'relation': '_synset_domain_topic_of'})]
2025-07-09 08:49:30,440 - INFO - 处理第7/59个anchor
2025-07-09 08:49:30,440 - INFO - 开始处理anchor: ('01698271', '_also_see', '01754576')
2025-07-09 08:49:30,446 - INFO - 规则类型: chain, 最大扩展步数: 2
2025-07-09 08:49:30,447 - INFO - Motif阈值: 0.8, 结构提升阈值: 0.0
2025-07-09 08:49:30,500 - INFO - 相似度提升检查: 0.0876 >= 0.0
2025-07-09 08:49:30,501 - INFO - 步骤 1: 添加边 ('00929718', '01698271', '_derivationally_related_form'), 相似度提升: 0.0876 (当前: 0.2422)
2025-07-09 08:49:30,501 - INFO - 步骤 1: 子图与规则同构，提前终止扩展
2025-07-09 08:49:30,507 - INFO - 匹配成功: True
2025-07-09 08:49:30,508 - INFO - 匹配得分: 0.9070
2025-07-09 08:49:30,508 - INFO - 扩展子图节点: ['01698271', '01754576', '00929718']
2025-07-09 08:49:30,509 - INFO - 扩展子图边: [('01698271', '01754576', {'relation': '_also_see'}), ('00929718', '01698271', {'relation': '_derivationally_related_form'})]
2025-07-09 08:49:30,510 - INFO - 处理第8/59个anchor
2025-07-09 08:49:30,510 - INFO - 开始处理anchor: ('01698271', '_synset_domain_topic_of', '00929718')
2025-07-09 08:49:30,518 - INFO - 规则类型: chain, 最大扩展步数: 2
2025-07-09 08:49:30,519 - INFO - Motif阈值: 0.8, 结构提升阈值: 0.0
2025-07-09 08:49:30,591 - INFO - 相似度提升检查: 0.1051 >= 0.0
2025-07-09 08:49:30,591 - INFO - 步骤 1: 添加边 ('00929718', '10794014', '_derivationally_related_form'), 相似度提升: 0.1051 (当前: 0.1482)
2025-07-09 08:49:30,591 - INFO - 步骤 1: 子图与规则同构，提前终止扩展
2025-07-09 08:49:30,597 - INFO - 匹配成功: True
2025-07-09 08:49:30,598 - INFO - 匹配得分: 0.9050
2025-07-09 08:49:30,599 - INFO - 扩展子图节点: ['01698271', '00929718', '10794014']
2025-07-09 08:49:30,599 - INFO - 扩展子图边: [('01698271', '00929718', {'relation': '_synset_domain_topic_of'}), ('00929718', '10794014', {'relation': '_derivationally_related_form'})]
2025-07-09 08:49:30,599 - INFO - 处理第9/59个anchor
2025-07-09 08:49:30,599 - INFO - 开始处理anchor: ('01754576', '_synset_domain_topic_of', '00929718')
2025-07-09 08:49:30,603 - INFO - 规则类型: chain, 最大扩展步数: 2
2025-07-09 08:49:30,604 - INFO - Motif阈值: 0.8, 结构提升阈值: 0.0
2025-07-09 08:49:30,643 - INFO - 相似度提升检查: 0.1059 >= 0.0
2025-07-09 08:49:30,644 - INFO - 步骤 1: 添加边 ('00929718', '01698271', '_derivationally_related_form'), 相似度提升: 0.1059 (当前: 0.2385)
2025-07-09 08:49:30,644 - INFO - 步骤 1: 子图与规则同构，提前终止扩展
2025-07-09 08:49:30,651 - INFO - 匹配成功: True
2025-07-09 08:49:30,651 - INFO - 匹配得分: 0.9467
2025-07-09 08:49:30,652 - INFO - 扩展子图节点: ['01754576', '00929718', '01698271']
2025-07-09 08:49:30,652 - INFO - 扩展子图边: [('01754576', '00929718', {'relation': '_synset_domain_topic_of'}), ('00929718', '01698271', {'relation': '_derivationally_related_form'})]
2025-07-09 08:49:30,652 - INFO - 处理第10/59个anchor
2025-07-09 08:49:30,653 - INFO - 开始处理anchor: ('00260881', '_hypernym', '00260622')
2025-07-09 08:49:30,660 - INFO - 规则类型: chain, 最大扩展步数: 2
2025-07-09 08:49:30,660 - INFO - Motif阈值: 0.8, 结构提升阈值: 0.0
2025-07-09 08:49:30,664 - INFO - 相似度提升检查: -0.1204 >= 0.0
2025-07-09 08:49:30,664 - INFO - 步骤 1: 相似度提升不足 (-0.1204), 停止扩展
2025-07-09 08:49:30,670 - INFO - 匹配失败，处理时间: 0.0168秒
2025-07-09 08:49:30,670 - INFO - 处理第11/59个anchor
2025-07-09 08:49:30,671 - INFO - 开始处理anchor: ('00260622', '_derivationally_related_form', '00265386')
2025-07-09 08:49:30,677 - INFO - 规则类型: chain, 最大扩展步数: 2
2025-07-09 08:49:30,677 - INFO - Motif阈值: 0.8, 结构提升阈值: 0.0
2025-07-09 08:49:30,680 - INFO - 步骤 1: 没有找到合适的扩展边
2025-07-09 08:49:30,686 - INFO - 匹配失败，处理时间: 0.0150秒
2025-07-09 08:49:30,686 - INFO - 处理第12/59个anchor
2025-07-09 08:49:30,686 - INFO - 开始处理anchor: ('00260622', '_hypernym', '00248977')
2025-07-09 08:49:30,695 - INFO - 规则类型: chain, 最大扩展步数: 2
2025-07-09 08:49:30,695 - INFO - Motif阈值: 0.8, 结构提升阈值: 0.0
2025-07-09 08:49:30,699 - INFO - 步骤 1: 没有找到合适的扩展边
2025-07-09 08:49:30,707 - INFO - 匹配失败，处理时间: 0.0194秒
2025-07-09 08:49:30,708 - INFO - 处理第13/59个anchor
2025-07-09 08:49:30,709 - INFO - 开始处理anchor: ('00260622', '_derivationally_related_form', '00265673')
2025-07-09 08:49:30,719 - INFO - 规则类型: chain, 最大扩展步数: 2
2025-07-09 08:49:30,719 - INFO - Motif阈值: 0.8, 结构提升阈值: 0.0
2025-07-09 08:49:30,722 - INFO - 步骤 1: 没有找到合适的扩展边
2025-07-09 08:49:30,730 - INFO - 匹配失败，处理时间: 0.0209秒
2025-07-09 08:49:30,731 - INFO - 处理第14/59个anchor
2025-07-09 08:49:30,731 - INFO - 开始处理anchor: ('01332730', '_derivationally_related_form', '03122748')
2025-07-09 08:49:30,740 - INFO - 规则类型: chain, 最大扩展步数: 2
2025-07-09 08:49:30,740 - INFO - Motif阈值: 0.8, 结构提升阈值: 0.0
2025-07-09 08:49:30,745 - INFO - 步骤 1: 没有找到合适的扩展边
2025-07-09 08:49:30,752 - INFO - 匹配失败，处理时间: 0.0189秒
2025-07-09 08:49:30,752 - INFO - 处理第15/59个anchor
2025-07-09 08:49:30,752 - INFO - 开始处理anchor: ('01332730', '_derivationally_related_form', '02840619')
2025-07-09 08:49:30,761 - INFO - 规则类型: chain, 最大扩展步数: 2
2025-07-09 08:49:30,761 - INFO - Motif阈值: 0.8, 结构提升阈值: 0.0
2025-07-09 08:49:30,765 - INFO - 步骤 1: 没有找到合适的扩展边
2025-07-09 08:49:30,772 - INFO - 匹配失败，处理时间: 0.0189秒
2025-07-09 08:49:30,772 - INFO - 处理第16/59个anchor
2025-07-09 08:49:30,773 - INFO - 开始处理anchor: ('01332730', '_verb_group', '01336635')
2025-07-09 08:49:30,780 - INFO - 规则类型: chain, 最大扩展步数: 2
2025-07-09 08:49:30,781 - INFO - Motif阈值: 0.8, 结构提升阈值: 0.0
2025-07-09 08:49:30,784 - INFO - 步骤 1: 没有找到合适的扩展边
2025-07-09 08:49:30,790 - INFO - 匹配失败，处理时间: 0.0173秒
2025-07-09 08:49:30,791 - INFO - 处理第17/59个anchor
2025-07-09 08:49:30,792 - INFO - 开始处理anchor: ('01332730', '_verb_group', '01207951')
2025-07-09 08:49:30,798 - INFO - 规则类型: chain, 最大扩展步数: 2
2025-07-09 08:49:30,798 - INFO - Motif阈值: 0.8, 结构提升阈值: 0.0
2025-07-09 08:49:30,803 - INFO - 步骤 1: 没有找到合适的扩展边
2025-07-09 08:49:30,813 - INFO - 匹配失败，处理时间: 0.0208秒
2025-07-09 08:49:30,813 - INFO - 处理第18/59个anchor
2025-07-09 08:49:30,814 - INFO - 开始处理anchor: ('01332730', '_derivationally_related_form', '04151940')
2025-07-09 08:49:30,822 - INFO - 规则类型: chain, 最大扩展步数: 2
2025-07-09 08:49:30,822 - INFO - Motif阈值: 0.8, 结构提升阈值: 0.0
2025-07-09 08:49:30,827 - INFO - 步骤 1: 没有找到合适的扩展边
2025-07-09 08:49:30,835 - INFO - 匹配失败，处理时间: 0.0199秒
2025-07-09 08:49:30,835 - INFO - 处理第19/59个anchor
2025-07-09 08:49:30,835 - INFO - 开始处理anchor: ('03122748', '_derivationally_related_form', '01332730')
2025-07-09 08:49:30,843 - INFO - 规则类型: chain, 最大扩展步数: 2
2025-07-09 08:49:30,844 - INFO - Motif阈值: 0.8, 结构提升阈值: 0.0
2025-07-09 08:49:30,850 - INFO - 步骤 1: 没有找到合适的扩展边
2025-07-09 08:49:30,856 - INFO - 匹配失败，处理时间: 0.0195秒
2025-07-09 08:49:30,857 - INFO - 处理第20/59个anchor
2025-07-09 08:49:30,857 - INFO - 开始处理anchor: ('03122748', '_hypernym', '00021939')
2025-07-09 08:49:30,864 - INFO - 规则类型: chain, 最大扩展步数: 2
2025-07-09 08:49:30,864 - INFO - Motif阈值: 0.8, 结构提升阈值: 0.0
2025-07-09 08:49:30,870 - INFO - 步骤 1: 没有找到合适的扩展边
2025-07-09 08:49:30,877 - INFO - 匹配失败，处理时间: 0.0199秒
2025-07-09 08:49:30,878 - INFO - 处理第21/59个anchor
2025-07-09 08:49:30,878 - INFO - 开始处理anchor: ('06066555', '_derivationally_related_form', '00645415')
2025-07-09 08:49:30,886 - INFO - 规则类型: chain, 最大扩展步数: 2
2025-07-09 08:49:30,887 - INFO - Motif阈值: 0.8, 结构提升阈值: 0.0
2025-07-09 08:49:30,936 - INFO - 相似度提升检查: 0.1338 >= 0.0
2025-07-09 08:49:30,936 - INFO - 步骤 1: 添加边 ('00017222', '06066555', '_synset_domain_topic_of'), 相似度提升: 0.1338 (当前: 0.3084)
2025-07-09 08:49:30,936 - INFO - 步骤 1: 子图与规则同构，提前终止扩展
2025-07-09 08:49:30,943 - INFO - 匹配成功: True
2025-07-09 08:49:30,944 - INFO - 匹配得分: 0.9522
2025-07-09 08:49:30,944 - INFO - 扩展子图节点: ['06066555', '00645415', '00017222']
2025-07-09 08:49:30,944 - INFO - 扩展子图边: [('06066555', '00645415', {'relation': '_derivationally_related_form'}), ('00017222', '06066555', {'relation': '_synset_domain_topic_of'})]
2025-07-09 08:49:30,945 - INFO - 处理第22/59个anchor
2025-07-09 08:49:30,945 - INFO - 开始处理anchor: ('06066555', '_derivationally_related_form', '09868270')
2025-07-09 08:49:30,951 - INFO - 规则类型: chain, 最大扩展步数: 2
2025-07-09 08:49:30,951 - INFO - Motif阈值: 0.8, 结构提升阈值: 0.0
2025-07-09 08:49:31,011 - INFO - 相似度提升检查: 0.1113 >= 0.0
2025-07-09 08:49:31,012 - INFO - 步骤 1: 添加边 ('00017222', '06066555', '_synset_domain_topic_of'), 相似度提升: 0.1113 (当前: 0.1918)
2025-07-09 08:49:31,012 - INFO - 步骤 1: 子图与规则同构，提前终止扩展
2025-07-09 08:49:31,020 - INFO - 匹配成功: True
2025-07-09 08:49:31,020 - INFO - 匹配得分: 0.9453
2025-07-09 08:49:31,021 - INFO - 扩展子图节点: ['06066555', '09868270', '00017222']
2025-07-09 08:49:31,021 - INFO - 扩展子图边: [('06066555', '09868270', {'relation': '_derivationally_related_form'}), ('00017222', '06066555', {'relation': '_synset_domain_topic_of'})]
2025-07-09 08:49:31,021 - INFO - 处理第23/59个anchor
2025-07-09 08:49:31,022 - INFO - 开始处理anchor: ('06066555', '_hypernym', '06037666')
2025-07-09 08:49:31,030 - INFO - 规则类型: chain, 最大扩展步数: 2
2025-07-09 08:49:31,030 - INFO - Motif阈值: 0.8, 结构提升阈值: 0.0
2025-07-09 08:49:31,156 - INFO - 相似度提升检查: 0.1084 >= 0.0
2025-07-09 08:49:31,157 - INFO - 步骤 1: 添加边 ('00006484', '06037666', '_synset_domain_topic_of'), 相似度提升: 0.1084 (当前: 0.2309)
2025-07-09 08:49:31,157 - INFO - 步骤 1: 子图与规则同构，提前终止扩展
2025-07-09 08:49:31,165 - INFO - 匹配成功: True
2025-07-09 08:49:31,165 - INFO - 匹配得分: 0.9203
2025-07-09 08:49:31,166 - INFO - 扩展子图节点: ['06066555', '06037666', '00006484']
2025-07-09 08:49:31,167 - INFO - 扩展子图边: [('06066555', '06037666', {'relation': '_hypernym'}), ('00006484', '06037666', {'relation': '_synset_domain_topic_of'})]
2025-07-09 08:49:31,168 - INFO - 处理第24/59个anchor
2025-07-09 08:49:31,168 - INFO - 开始处理anchor: ('00645415', '_derivationally_related_form', '06066555')
2025-07-09 08:49:31,174 - INFO - 规则类型: chain, 最大扩展步数: 2
2025-07-09 08:49:31,175 - INFO - Motif阈值: 0.8, 结构提升阈值: 0.0
2025-07-09 08:49:31,234 - INFO - 相似度提升检查: 0.1023 >= 0.0
2025-07-09 08:49:31,234 - INFO - 步骤 1: 添加边 ('00017222', '06066555', '_synset_domain_topic_of'), 相似度提升: 0.1023 (当前: 0.3324)
2025-07-09 08:49:31,235 - INFO - 步骤 1: 子图与规则同构，提前终止扩展
2025-07-09 08:49:31,244 - INFO - 匹配成功: True
2025-07-09 08:49:31,244 - INFO - 匹配得分: 0.8831
2025-07-09 08:49:31,245 - INFO - 扩展子图节点: ['00645415', '06066555', '00017222']
2025-07-09 08:49:31,245 - INFO - 扩展子图边: [('00645415', '06066555', {'relation': '_derivationally_related_form'}), ('00017222', '06066555', {'relation': '_synset_domain_topic_of'})]
2025-07-09 08:49:31,245 - INFO - 处理第25/59个anchor
2025-07-09 08:49:31,245 - INFO - 开始处理anchor: ('00645415', '_hypernym', '00643473')
2025-07-09 08:49:31,250 - INFO - 规则类型: chain, 最大扩展步数: 2
2025-07-09 08:49:31,251 - INFO - Motif阈值: 0.8, 结构提升阈值: 0.0
2025-07-09 08:49:31,256 - INFO - 相似度提升检查: 0.1244 >= 0.0
2025-07-09 08:49:31,257 - INFO - 步骤 1: 添加边 ('01369758', '00643473', '_also_see'), 相似度提升: 0.1244 (当前: 0.2318)
2025-07-09 08:49:31,258 - INFO - 步骤 1: 子图与规则同构，提前终止扩展
2025-07-09 08:49:31,267 - INFO - 匹配成功: True
2025-07-09 08:49:31,268 - INFO - 匹配得分: 0.9293
2025-07-09 08:49:31,268 - INFO - 扩展子图节点: ['00645415', '00643473', '01369758']
2025-07-09 08:49:31,269 - INFO - 扩展子图边: [('00645415', '00643473', {'relation': '_hypernym'}), ('01369758', '00643473', {'relation': '_also_see'})]
2025-07-09 08:49:31,269 - INFO - 处理第26/59个anchor
2025-07-09 08:49:31,270 - INFO - 开始处理anchor: ('09322930', '_instance_hypernym', '09360122')
2025-07-09 08:49:31,277 - INFO - 规则类型: chain, 最大扩展步数: 2
2025-07-09 08:49:31,277 - INFO - Motif阈值: 0.8, 结构提升阈值: 0.0
2025-07-09 08:49:31,281 - INFO - 步骤 1: 没有找到合适的扩展边
2025-07-09 08:49:31,350 - INFO - 匹配失败，处理时间: 0.0792秒
2025-07-09 08:49:31,361 - INFO - 处理第27/59个anchor
2025-07-09 08:49:31,385 - INFO - 开始处理anchor: ('09360122', '_hypernym', '08617963')
2025-07-09 08:49:31,396 - INFO - 规则类型: chain, 最大扩展步数: 2
2025-07-09 08:49:31,398 - INFO - Motif阈值: 0.8, 结构提升阈值: 0.0
2025-07-09 08:49:31,402 - INFO - 步骤 1: 没有找到合适的扩展边
2025-07-09 08:49:31,408 - INFO - 匹配失败，处理时间: 0.0224秒
2025-07-09 08:49:31,409 - INFO - 处理第28/59个anchor
2025-07-09 08:49:31,409 - INFO - 开始处理anchor: ('07193596', '_derivationally_related_form', '00784342')
2025-07-09 08:49:31,417 - INFO - 规则类型: chain, 最大扩展步数: 2
2025-07-09 08:49:31,417 - INFO - Motif阈值: 0.8, 结构提升阈值: 0.0
2025-07-09 08:49:31,420 - INFO - 步骤 1: 没有找到合适的扩展边
2025-07-09 08:49:31,428 - INFO - 匹配失败，处理时间: 0.0184秒
2025-07-09 08:49:31,431 - INFO - 处理第29/59个anchor
2025-07-09 08:49:31,447 - INFO - 开始处理anchor: ('07193596', '_derivationally_related_form', '00788184')
2025-07-09 08:49:31,454 - INFO - 规则类型: chain, 最大扩展步数: 2
2025-07-09 08:49:31,455 - INFO - Motif阈值: 0.8, 结构提升阈值: 0.0
2025-07-09 08:49:31,457 - INFO - 步骤 1: 没有找到合适的扩展边
2025-07-09 08:49:31,463 - INFO - 匹配失败，处理时间: 0.0162秒
2025-07-09 08:49:31,463 - INFO - 处理第30/59个anchor
2025-07-09 08:49:31,464 - INFO - 开始处理anchor: ('07193596', '_hypernym', '07193184')
2025-07-09 08:49:31,471 - INFO - 规则类型: chain, 最大扩展步数: 2
2025-07-09 08:49:31,472 - INFO - Motif阈值: 0.8, 结构提升阈值: 0.0
2025-07-09 08:49:31,474 - INFO - 步骤 1: 没有找到合适的扩展边
2025-07-09 08:49:31,480 - INFO - 匹配失败，处理时间: 0.0159秒
2025-07-09 08:49:31,480 - INFO - 处理第31/59个anchor
2025-07-09 08:49:31,480 - INFO - 开始处理anchor: ('07193596', '_derivationally_related_form', '00808855')
2025-07-09 08:49:31,489 - INFO - 规则类型: chain, 最大扩展步数: 2
2025-07-09 08:49:31,490 - INFO - Motif阈值: 0.8, 结构提升阈值: 0.0
2025-07-09 08:49:31,493 - INFO - 步骤 1: 没有找到合适的扩展边
2025-07-09 08:49:31,499 - INFO - 匹配失败，处理时间: 0.0180秒
2025-07-09 08:49:31,500 - INFO - 处理第32/59个anchor
2025-07-09 08:49:31,500 - INFO - 开始处理anchor: ('07193596', '_derivationally_related_form', '00785008')
2025-07-09 08:49:31,507 - INFO - 规则类型: chain, 最大扩展步数: 2
2025-07-09 08:49:31,508 - INFO - Motif阈值: 0.8, 结构提升阈值: 0.0
2025-07-09 08:49:31,511 - INFO - 步骤 1: 没有找到合适的扩展边
2025-07-09 08:49:31,517 - INFO - 匹配失败，处理时间: 0.0180秒
2025-07-09 08:49:31,519 - INFO - 处理第33/59个anchor
2025-07-09 08:49:31,519 - INFO - 开始处理anchor: ('00784342', '_derivationally_related_form', '10207831')
2025-07-09 08:49:31,525 - INFO - 规则类型: chain, 最大扩展步数: 2
2025-07-09 08:49:31,526 - INFO - Motif阈值: 0.8, 结构提升阈值: 0.0
2025-07-09 08:49:31,531 - INFO - 步骤 1: 没有找到合适的扩展边
2025-07-09 08:49:31,546 - INFO - 匹配失败，处理时间: 0.0251秒
2025-07-09 08:49:31,546 - INFO - 处理第34/59个anchor
2025-07-09 08:49:31,547 - INFO - 开始处理anchor: ('00784342', '_hypernym', '00740577')
2025-07-09 08:49:31,579 - INFO - 规则类型: chain, 最大扩展步数: 2
2025-07-09 08:49:31,614 - INFO - Motif阈值: 0.8, 结构提升阈值: 0.0
2025-07-09 08:49:31,634 - INFO - 步骤 1: 没有找到合适的扩展边
2025-07-09 08:49:31,671 - INFO - 匹配失败，处理时间: 0.1243秒
2025-07-09 08:49:31,671 - INFO - 处理第35/59个anchor
2025-07-09 08:49:31,671 - INFO - 开始处理anchor: ('00784342', '_derivationally_related_form', '07193596')
2025-07-09 08:49:31,679 - INFO - 规则类型: chain, 最大扩展步数: 2
2025-07-09 08:49:31,679 - INFO - Motif阈值: 0.8, 结构提升阈值: 0.0
2025-07-09 08:49:31,683 - INFO - 步骤 1: 没有找到合适的扩展边
2025-07-09 08:49:31,688 - INFO - 匹配失败，处理时间: 0.0164秒
2025-07-09 08:49:31,688 - INFO - 处理第36/59个anchor
2025-07-09 08:49:31,688 - INFO - 开始处理anchor: ('00784342', '_verb_group', '00897746')
2025-07-09 08:49:31,709 - INFO - 规则类型: chain, 最大扩展步数: 2
2025-07-09 08:49:31,709 - INFO - Motif阈值: 0.8, 结构提升阈值: 0.0
2025-07-09 08:49:31,711 - INFO - 步骤 1: 没有找到合适的扩展边
2025-07-09 08:49:31,719 - INFO - 匹配失败，处理时间: 0.0296秒
2025-07-09 08:49:31,719 - INFO - 处理第37/59个anchor
2025-07-09 08:49:31,719 - INFO - 开始处理anchor: ('00784342', '_derivationally_related_form', '07193184')
2025-07-09 08:49:31,724 - INFO - 规则类型: chain, 最大扩展步数: 2
2025-07-09 08:49:31,724 - INFO - Motif阈值: 0.8, 结构提升阈值: 0.0
2025-07-09 08:49:31,728 - INFO - 步骤 1: 没有找到合适的扩展边
2025-07-09 08:49:31,734 - INFO - 匹配失败，处理时间: 0.0141秒
2025-07-09 08:49:31,734 - INFO - 处理第38/59个anchor
2025-07-09 08:49:31,735 - INFO - 开始处理anchor: ('00784342', '_verb_group', '00784727')
2025-07-09 08:49:31,741 - INFO - 规则类型: chain, 最大扩展步数: 2
2025-07-09 08:49:31,742 - INFO - Motif阈值: 0.8, 结构提升阈值: 0.0
2025-07-09 08:49:31,744 - INFO - 步骤 1: 没有找到合适的扩展边
2025-07-09 08:49:31,750 - INFO - 匹配失败，处理时间: 0.0150秒
2025-07-09 08:49:31,751 - INFO - 处理第39/59个anchor
2025-07-09 08:49:31,752 - INFO - 开始处理anchor: ('01768969', '_derivationally_related_form', '02636811')
2025-07-09 08:49:31,759 - INFO - 规则类型: chain, 最大扩展步数: 2
2025-07-09 08:49:31,759 - INFO - Motif阈值: 0.8, 结构提升阈值: 0.0
2025-07-09 08:49:31,764 - INFO - 相似度提升检查: 0.1245 >= 0.0
2025-07-09 08:49:31,764 - INFO - 步骤 1: 添加边 ('02636811', '06083243', '_synset_domain_topic_of'), 相似度提升: 0.1245 (当前: 0.2476)
2025-07-09 08:49:31,765 - INFO - 步骤 1: 子图与规则同构，提前终止扩展
2025-07-09 08:49:31,774 - INFO - 匹配成功: True
2025-07-09 08:49:31,774 - INFO - 匹配得分: 0.9172
2025-07-09 08:49:31,775 - INFO - 扩展子图节点: ['01768969', '02636811', '06083243']
2025-07-09 08:49:31,775 - INFO - 扩展子图边: [('01768969', '02636811', {'relation': '_derivationally_related_form'}), ('02636811', '06083243', {'relation': '_synset_domain_topic_of'})]
2025-07-09 08:49:31,775 - INFO - 处理第40/59个anchor
2025-07-09 08:49:31,775 - INFO - 开始处理anchor: ('01768969', '_hypernym', '08103777')
2025-07-09 08:49:31,783 - INFO - 规则类型: chain, 最大扩展步数: 2
2025-07-09 08:49:31,783 - INFO - Motif阈值: 0.8, 结构提升阈值: 0.0
2025-07-09 08:49:31,794 - INFO - 相似度提升检查: 0.0967 >= 0.0
2025-07-09 08:49:31,794 - INFO - 步骤 1: 添加边 ('08103777', '06037666', '_synset_domain_topic_of'), 相似度提升: 0.0967 (当前: 0.2354)
2025-07-09 08:49:31,794 - INFO - 步骤 1: 子图与规则同构，提前终止扩展
2025-07-09 08:49:31,801 - INFO - 匹配成功: True
2025-07-09 08:49:31,801 - INFO - 匹配得分: 0.8926
2025-07-09 08:49:31,802 - INFO - 扩展子图节点: ['01768969', '08103777', '06037666']
2025-07-09 08:49:31,803 - INFO - 扩展子图边: [('01768969', '08103777', {'relation': '_hypernym'}), ('08103777', '06037666', {'relation': '_synset_domain_topic_of'})]
2025-07-09 08:49:31,804 - INFO - 处理第41/59个anchor
2025-07-09 08:49:31,804 - INFO - 开始处理anchor: ('01768969', '_member_meronym', '01775879')
2025-07-09 08:49:31,810 - INFO - 规则类型: chain, 最大扩展步数: 2
2025-07-09 08:49:31,811 - INFO - Motif阈值: 0.8, 结构提升阈值: 0.0
2025-07-09 08:49:31,812 - INFO - 步骤 1: 没有找到合适的扩展边
2025-07-09 08:49:31,819 - INFO - 匹配失败，处理时间: 0.0150秒
2025-07-09 08:49:31,821 - INFO - 处理第42/59个anchor
2025-07-09 08:49:31,821 - INFO - 开始处理anchor: ('01768969', '_member_meronym', '01771966')
2025-07-09 08:49:31,828 - INFO - 规则类型: chain, 最大扩展步数: 2
2025-07-09 08:49:31,829 - INFO - Motif阈值: 0.8, 结构提升阈值: 0.0
2025-07-09 08:49:31,832 - INFO - 步骤 1: 没有找到合适的扩展边
2025-07-09 08:49:31,840 - INFO - 匹配失败，处理时间: 0.0169秒
2025-07-09 08:49:31,842 - INFO - 处理第43/59个anchor
2025-07-09 08:49:31,842 - INFO - 开始处理anchor: ('01768969', '_member_meronym', '01769347')
2025-07-09 08:49:31,848 - INFO - 规则类型: chain, 最大扩展步数: 2
2025-07-09 08:49:31,849 - INFO - Motif阈值: 0.8, 结构提升阈值: 0.0
2025-07-09 08:49:31,851 - INFO - 步骤 1: 没有找到合适的扩展边
2025-07-09 08:49:31,858 - INFO - 匹配失败，处理时间: 0.0149秒
2025-07-09 08:49:31,859 - INFO - 处理第44/59个anchor
2025-07-09 08:49:31,859 - INFO - 开始处理anchor: ('01768969', '_member_meronym', '01770553')
2025-07-09 08:49:31,864 - INFO - 规则类型: chain, 最大扩展步数: 2
2025-07-09 08:49:31,864 - INFO - Motif阈值: 0.8, 结构提升阈值: 0.0
2025-07-09 08:49:31,866 - INFO - 步骤 1: 没有找到合适的扩展边
2025-07-09 08:49:31,872 - INFO - 匹配失败，处理时间: 0.0125秒
2025-07-09 08:49:31,872 - INFO - 处理第45/59个anchor
2025-07-09 08:49:31,873 - INFO - 开始处理anchor: ('01768969', '_member_meronym', '01769635')
2025-07-09 08:49:31,879 - INFO - 规则类型: chain, 最大扩展步数: 2
2025-07-09 08:49:31,880 - INFO - Motif阈值: 0.8, 结构提升阈值: 0.0
2025-07-09 08:49:31,882 - INFO - 步骤 1: 没有找到合适的扩展边
2025-07-09 08:49:31,887 - INFO - 匹配失败，处理时间: 0.0140秒
2025-07-09 08:49:31,888 - INFO - 处理第46/59个anchor
2025-07-09 08:49:31,888 - INFO - 开始处理anchor: ('02636811', '_derivationally_related_form', '01769347')
2025-07-09 08:49:31,896 - INFO - 规则类型: chain, 最大扩展步数: 2
2025-07-09 08:49:31,896 - INFO - Motif阈值: 0.8, 结构提升阈值: 0.0
2025-07-09 08:49:31,900 - INFO - 相似度提升检查: -0.1029 >= 0.0
2025-07-09 08:49:31,900 - INFO - 步骤 1: 相似度提升不足 (-0.1029), 停止扩展
2025-07-09 08:49:31,906 - INFO - 匹配失败，处理时间: 0.0160秒
2025-07-09 08:49:31,906 - INFO - 处理第47/59个anchor
2025-07-09 08:49:31,906 - INFO - 开始处理anchor: ('02636811', '_derivationally_related_form', '01768969')
2025-07-09 08:49:31,912 - INFO - 规则类型: chain, 最大扩展步数: 2
2025-07-09 08:49:31,912 - INFO - Motif阈值: 0.8, 结构提升阈值: 0.0
2025-07-09 08:49:31,916 - INFO - 相似度提升检查: -0.1438 >= 0.0
2025-07-09 08:49:31,917 - INFO - 步骤 1: 相似度提升不足 (-0.1438), 停止扩展
2025-07-09 08:49:31,922 - INFO - 匹配失败，处理时间: 0.0156秒
2025-07-09 08:49:31,923 - INFO - 处理第48/59个anchor
2025-07-09 08:49:31,923 - INFO - 开始处理anchor: ('02636811', '_derivationally_related_form', '01772222')
2025-07-09 08:49:31,928 - INFO - 规则类型: chain, 最大扩展步数: 2
2025-07-09 08:49:31,928 - INFO - Motif阈值: 0.8, 结构提升阈值: 0.0
2025-07-09 08:49:31,932 - INFO - 相似度提升检查: -0.1414 >= 0.0
2025-07-09 08:49:31,932 - INFO - 步骤 1: 相似度提升不足 (-0.1414), 停止扩展
2025-07-09 08:49:31,938 - INFO - 匹配失败，处理时间: 0.0150秒
2025-07-09 08:49:31,938 - INFO - 处理第49/59个anchor
2025-07-09 08:49:31,938 - INFO - 开始处理anchor: ('01455754', '_hypernym', '01974062')
2025-07-09 08:49:31,943 - INFO - 规则类型: chain, 最大扩展步数: 2
2025-07-09 08:49:31,944 - INFO - Motif阈值: 0.8, 结构提升阈值: 0.0
2025-07-09 08:49:31,948 - INFO - 相似度提升检查: 0.1111 >= 0.0
2025-07-09 08:49:31,949 - INFO - 步骤 1: 添加边 ('01974062', '01976089', '_also_see'), 相似度提升: 0.1111 (当前: 0.1825)
2025-07-09 08:49:31,949 - INFO - 步骤 1: 子图与规则同构，提前终止扩展
2025-07-09 08:49:31,956 - INFO - 匹配成功: True
2025-07-09 08:49:31,957 - INFO - 匹配得分: 0.9079
2025-07-09 08:49:31,957 - INFO - 扩展子图节点: ['01455754', '01974062', '01976089']
2025-07-09 08:49:31,957 - INFO - 扩展子图边: [('01455754', '01974062', {'relation': '_hypernym'}), ('01974062', '01976089', {'relation': '_also_see'})]
2025-07-09 08:49:31,957 - INFO - 处理第50/59个anchor
2025-07-09 08:49:31,958 - INFO - 开始处理anchor: ('01974062', '_derivationally_related_form', '09206985')
2025-07-09 08:49:31,964 - INFO - 规则类型: chain, 最大扩展步数: 2
2025-07-09 08:49:31,965 - INFO - Motif阈值: 0.8, 结构提升阈值: 0.0
2025-07-09 08:49:31,971 - INFO - 相似度提升检查: 0.1208 >= 0.0
2025-07-09 08:49:31,971 - INFO - 步骤 1: 添加边 ('02077656', '01974062', '_also_see'), 相似度提升: 0.1208 (当前: 0.2978)
2025-07-09 08:49:31,972 - INFO - 步骤 1: 子图与规则同构，提前终止扩展
2025-07-09 08:49:31,978 - INFO - 匹配成功: True
2025-07-09 08:49:31,978 - INFO - 匹配得分: 0.9002
2025-07-09 08:49:31,978 - INFO - 扩展子图节点: ['01974062', '09206985', '02077656']
2025-07-09 08:49:31,978 - INFO - 扩展子图边: [('01974062', '09206985', {'relation': '_derivationally_related_form'}), ('02077656', '01974062', {'relation': '_also_see'})]
2025-07-09 08:49:31,979 - INFO - 处理第51/59个anchor
2025-07-09 08:49:31,979 - INFO - 开始处理anchor: ('01974062', '_derivationally_related_form', '07348399')
2025-07-09 08:49:31,985 - INFO - 规则类型: chain, 最大扩展步数: 2
2025-07-09 08:49:31,985 - INFO - Motif阈值: 0.8, 结构提升阈值: 0.0
2025-07-09 08:49:31,991 - INFO - 相似度提升检查: 0.1136 >= 0.0
2025-07-09 08:49:31,991 - INFO - 步骤 1: 添加边 ('02077656', '01974062', '_also_see'), 相似度提升: 0.1136 (当前: 0.2112)
2025-07-09 08:49:31,992 - INFO - 步骤 1: 子图与规则同构，提前终止扩展
2025-07-09 08:49:32,000 - INFO - 匹配成功: True
2025-07-09 08:49:32,001 - INFO - 匹配得分: 0.9108
2025-07-09 08:49:32,001 - INFO - 扩展子图节点: ['01974062', '07348399', '02077656']
2025-07-09 08:49:32,001 - INFO - 扩展子图边: [('01974062', '07348399', {'relation': '_derivationally_related_form'}), ('02077656', '01974062', {'relation': '_also_see'})]
2025-07-09 08:49:32,001 - INFO - 处理第52/59个anchor
2025-07-09 08:49:32,002 - INFO - 开始处理anchor: ('01974062', '_derivationally_related_form', '10773394')
2025-07-09 08:49:32,007 - INFO - 规则类型: chain, 最大扩展步数: 2
2025-07-09 08:49:32,007 - INFO - Motif阈值: 0.8, 结构提升阈值: 0.0
2025-07-09 08:49:32,013 - INFO - 相似度提升检查: 0.1354 >= 0.0
2025-07-09 08:49:32,014 - INFO - 步骤 1: 添加边 ('02077656', '01974062', '_also_see'), 相似度提升: 0.1354 (当前: 0.3247)
2025-07-09 08:49:32,015 - INFO - 步骤 1: 子图与规则同构，提前终止扩展
2025-07-09 08:49:32,021 - INFO - 匹配成功: True
2025-07-09 08:49:32,022 - INFO - 匹配得分: 0.9191
2025-07-09 08:49:32,022 - INFO - 扩展子图节点: ['01974062', '10773394', '02077656']
2025-07-09 08:49:32,022 - INFO - 扩展子图边: [('01974062', '10773394', {'relation': '_derivationally_related_form'}), ('02077656', '01974062', {'relation': '_also_see'})]
2025-07-09 08:49:32,022 - INFO - 处理第53/59个anchor
2025-07-09 08:49:32,023 - INFO - 开始处理anchor: ('01974062', '_derivationally_related_form', '07370671')
2025-07-09 08:49:32,029 - INFO - 规则类型: chain, 最大扩展步数: 2
2025-07-09 08:49:32,029 - INFO - Motif阈值: 0.8, 结构提升阈值: 0.0
2025-07-09 08:49:32,035 - INFO - 相似度提升检查: 0.1569 >= 0.0
2025-07-09 08:49:32,035 - INFO - 步骤 1: 添加边 ('02077656', '01974062', '_also_see'), 相似度提升: 0.1569 (当前: 0.2217)
2025-07-09 08:49:32,036 - INFO - 步骤 1: 子图与规则同构，提前终止扩展
2025-07-09 08:49:32,042 - INFO - 匹配成功: True
2025-07-09 08:49:32,043 - INFO - 匹配得分: 0.9099
2025-07-09 08:49:32,043 - INFO - 扩展子图节点: ['01974062', '07370671', '02077656']
2025-07-09 08:49:32,044 - INFO - 扩展子图边: [('01974062', '07370671', {'relation': '_derivationally_related_form'}), ('02077656', '01974062', {'relation': '_also_see'})]
2025-07-09 08:49:32,044 - INFO - 处理第54/59个anchor
2025-07-09 08:49:32,044 - INFO - 开始处理anchor: ('01974062', '_derivationally_related_form', '00116376')
2025-07-09 08:49:32,051 - INFO - 规则类型: chain, 最大扩展步数: 2
2025-07-09 08:49:32,051 - INFO - Motif阈值: 0.8, 结构提升阈值: 0.0
2025-07-09 08:49:32,057 - INFO - 相似度提升检查: 0.1050 >= 0.0
2025-07-09 08:49:32,057 - INFO - 步骤 1: 添加边 ('02077656', '01974062', '_also_see'), 相似度提升: 0.1050 (当前: 0.2063)
2025-07-09 08:49:32,058 - INFO - 步骤 1: 子图与规则同构，提前终止扩展
2025-07-09 08:49:32,065 - INFO - 匹配成功: True
2025-07-09 08:49:32,066 - INFO - 匹配得分: 0.9194
2025-07-09 08:49:32,066 - INFO - 扩展子图节点: ['01974062', '00116376', '02077656']
2025-07-09 08:49:32,066 - INFO - 扩展子图边: [('01974062', '00116376', {'relation': '_derivationally_related_form'}), ('02077656', '01974062', {'relation': '_also_see'})]
2025-07-09 08:49:32,067 - INFO - 处理第55/59个anchor
2025-07-09 08:49:32,067 - INFO - 开始处理anchor: ('01974062', '_derivationally_related_form', '04231693')
2025-07-09 08:49:32,072 - INFO - 规则类型: chain, 最大扩展步数: 2
2025-07-09 08:49:32,072 - INFO - Motif阈值: 0.8, 结构提升阈值: 0.0
2025-07-09 08:49:32,079 - INFO - 相似度提升检查: 0.0989 >= 0.0
2025-07-09 08:49:32,079 - INFO - 步骤 1: 添加边 ('02077656', '01974062', '_also_see'), 相似度提升: 0.0989 (当前: 0.1758)
2025-07-09 08:49:32,080 - INFO - 步骤 1: 子图与规则同构，提前终止扩展
2025-07-09 08:49:32,086 - INFO - 匹配成功: True
2025-07-09 08:49:32,086 - INFO - 匹配得分: 0.9336
2025-07-09 08:49:32,087 - INFO - 扩展子图节点: ['01974062', '04231693', '02077656']
2025-07-09 08:49:32,087 - INFO - 扩展子图边: [('01974062', '04231693', {'relation': '_derivationally_related_form'}), ('02077656', '01974062', {'relation': '_also_see'})]
2025-07-09 08:49:32,087 - INFO - 处理第56/59个anchor
2025-07-09 08:49:32,087 - INFO - 开始处理anchor: ('01974062', '_derivationally_related_form', '09366317')
2025-07-09 08:49:32,093 - INFO - 规则类型: chain, 最大扩展步数: 2
2025-07-09 08:49:32,093 - INFO - Motif阈值: 0.8, 结构提升阈值: 0.0
2025-07-09 08:49:32,098 - INFO - 相似度提升检查: 0.0801 >= 0.0
2025-07-09 08:49:32,098 - INFO - 步骤 1: 添加边 ('02077656', '01974062', '_also_see'), 相似度提升: 0.0801 (当前: 0.1776)
2025-07-09 08:49:32,100 - INFO - 步骤 1: 子图与规则同构，提前终止扩展
2025-07-09 08:49:32,106 - INFO - 匹配成功: True
2025-07-09 08:49:32,106 - INFO - 匹配得分: 0.9229
2025-07-09 08:49:32,106 - INFO - 扩展子图节点: ['01974062', '09366317', '02077656']
2025-07-09 08:49:32,106 - INFO - 扩展子图边: [('01974062', '09366317', {'relation': '_derivationally_related_form'}), ('02077656', '01974062', {'relation': '_also_see'})]
2025-07-09 08:49:32,106 - INFO - 处理第57/59个anchor
2025-07-09 08:49:32,106 - INFO - 开始处理anchor: ('01974062', '_derivationally_related_form', '03281145')
2025-07-09 08:49:32,113 - INFO - 规则类型: chain, 最大扩展步数: 2
2025-07-09 08:49:32,113 - INFO - Motif阈值: 0.8, 结构提升阈值: 0.0
2025-07-09 08:49:32,119 - INFO - 相似度提升检查: 0.0974 >= 0.0
2025-07-09 08:49:32,120 - INFO - 步骤 1: 添加边 ('02077656', '01974062', '_also_see'), 相似度提升: 0.0974 (当前: 0.1801)
2025-07-09 08:49:32,121 - INFO - 步骤 1: 子图与规则同构，提前终止扩展
2025-07-09 08:49:32,127 - INFO - 匹配成功: True
2025-07-09 08:49:32,127 - INFO - 匹配得分: 0.9058
2025-07-09 08:49:32,128 - INFO - 扩展子图节点: ['01974062', '03281145', '02077656']
2025-07-09 08:49:32,128 - INFO - 扩展子图边: [('01974062', '03281145', {'relation': '_derivationally_related_form'}), ('02077656', '01974062', {'relation': '_also_see'})]
2025-07-09 08:49:32,128 - INFO - 处理第58/59个anchor
2025-07-09 08:49:32,129 - INFO - 开始处理anchor: ('01974062', '_derivationally_related_form', '05131283')
2025-07-09 08:49:32,134 - INFO - 规则类型: chain, 最大扩展步数: 2
2025-07-09 08:49:32,134 - INFO - Motif阈值: 0.8, 结构提升阈值: 0.0
2025-07-09 08:49:32,138 - INFO - 相似度提升检查: 0.1532 >= 0.0
2025-07-09 08:49:32,139 - INFO - 步骤 1: 添加边 ('02077656', '01974062', '_also_see'), 相似度提升: 0.1532 (当前: 0.3247)
2025-07-09 08:49:32,139 - INFO - 步骤 1: 子图与规则同构，提前终止扩展
2025-07-09 08:49:32,146 - INFO - 匹配成功: True
2025-07-09 08:49:32,146 - INFO - 匹配得分: 0.9332
2025-07-09 08:49:32,147 - INFO - 扩展子图节点: ['01974062', '05131283', '02077656']
2025-07-09 08:49:32,147 - INFO - 扩展子图边: [('01974062', '05131283', {'relation': '_derivationally_related_form'}), ('02077656', '01974062', {'relation': '_also_see'})]
2025-07-09 08:49:32,148 - INFO - 处理第59/59个anchor
2025-07-09 08:49:32,148 - INFO - 开始处理anchor: ('01974062', '_derivationally_related_form', '00316594')
2025-07-09 08:49:32,152 - INFO - 规则类型: chain, 最大扩展步数: 2
2025-07-09 08:49:32,152 - INFO - Motif阈值: 0.8, 结构提升阈值: 0.0
2025-07-09 08:49:32,158 - INFO - 相似度提升检查: 0.1153 >= 0.0
2025-07-09 08:49:32,158 - INFO - 步骤 1: 添加边 ('02077656', '01974062', '_also_see'), 相似度提升: 0.1153 (当前: 0.2771)
2025-07-09 08:49:32,160 - INFO - 步骤 1: 子图与规则同构，提前终止扩展
2025-07-09 08:49:32,166 - INFO - 匹配成功: True
2025-07-09 08:49:32,166 - INFO - 匹配得分: 0.9106
2025-07-09 08:49:32,166 - INFO - 扩展子图节点: ['01974062', '00316594', '02077656']
2025-07-09 08:49:32,167 - INFO - 扩展子图边: [('01974062', '00316594', {'relation': '_derivationally_related_form'}), ('02077656', '01974062', {'relation': '_also_see'})]
2025-07-09 08:49:32,167 - INFO - 批量匹配完成: 27/59 成功匹配
2025-07-09 08:49:32,176 - INFO - 结果已保存到: result2.json
