2025-07-09 07:33:50,359 - INFO - 成功加载预训练embedding
2025-07-09 07:33:50,423 - WARNING - 加载训练模型失败: No module named 'simple_train'
2025-07-09 07:33:50,424 - INFO - StructMatch系统初始化完成（集成语义增强）
2025-07-09 07:33:50,425 - INFO - 开始加载数据...
2025-07-09 07:33:51,370 - INFO - 成功加载知识图谱: 40559个实体, 11种关系, 86835个三元组
2025-07-09 07:33:51,371 - INFO - 成功加载2条规则
2025-07-09 07:33:51,371 - INFO - 数据加载完成
2025-07-09 07:33:51,599 - INFO - 规则类型: chain, 最大扩展步数: 2
2025-07-09 07:33:51,599 - INFO - Motif阈值: 0.98, 结构提升阈值: 0.0
2025-07-09 07:33:51,635 - INFO - 相似度提升检查: 0.1375 >= 0.0
2025-07-09 07:33:51,636 - INFO - 步骤 1: 添加边 ('01070708', '01124794', '_synset_domain_topic_of'), 相似度提升: 0.1375 (当前: 0.0376)
2025-07-09 07:33:51,647 - INFO - 步骤 1: 子图与规则同构，提前终止扩展
2025-07-09 07:33:51,653 - ERROR - 子图匹配失败: can't multiply sequence by non-int of type 'float'
2025-07-09 07:33:51,660 - INFO - 规则类型: chain, 最大扩展步数: 2
2025-07-09 07:33:51,660 - INFO - Motif阈值: 0.98, 结构提升阈值: 0.0
2025-07-09 07:33:51,690 - INFO - 相似度提升检查: 0.1371 >= 0.0
2025-07-09 07:33:51,691 - INFO - 步骤 1: 添加边 ('00319534', '06083243', '_synset_domain_topic_of'), 相似度提升: 0.1371 (当前: 0.3826)
2025-07-09 07:33:51,691 - INFO - 步骤 1: 子图与规则同构，提前终止扩展
2025-07-09 07:33:51,697 - ERROR - 子图匹配失败: can't multiply sequence by non-int of type 'float'
2025-07-09 07:33:51,705 - INFO - 规则类型: chain, 最大扩展步数: 2
2025-07-09 07:33:51,705 - INFO - Motif阈值: 0.98, 结构提升阈值: 0.0
2025-07-09 07:33:51,761 - INFO - 相似度提升检查: 0.3375 >= 0.0
2025-07-09 07:33:51,761 - INFO - 步骤 1: 添加边 ('01976089', '01974062', '_hypernym'), 相似度提升: 0.3375 (当前: 0.3823)
2025-07-09 07:33:51,761 - INFO - 步骤 1: 子图与规则同构，提前终止扩展
2025-07-09 07:33:51,766 - ERROR - 子图匹配失败: can't multiply sequence by non-int of type 'float'
2025-07-09 07:33:51,773 - INFO - 规则类型: chain, 最大扩展步数: 2
2025-07-09 07:33:51,773 - INFO - Motif阈值: 0.98, 结构提升阈值: 0.0
2025-07-09 07:33:52,118 - INFO - 相似度提升检查: 0.0856 >= 0.0
2025-07-09 07:33:52,118 - INFO - 步骤 1: 添加边 ('00055793', '08199025', '_synset_domain_topic_of'), 相似度提升: 0.0856 (当前: 0.1321)
2025-07-09 07:33:52,118 - INFO - 步骤 1: 子图与规则同构，提前终止扩展
2025-07-09 07:33:52,124 - ERROR - 子图匹配失败: can't multiply sequence by non-int of type 'float'
2025-07-09 07:33:52,131 - INFO - 规则类型: chain, 最大扩展步数: 2
2025-07-09 07:33:52,132 - INFO - Motif阈值: 0.98, 结构提升阈值: 0.0
2025-07-09 07:33:52,502 - INFO - 相似度提升检查: 0.1187 >= 0.0
2025-07-09 07:33:52,503 - INFO - 步骤 1: 添加边 ('00055793', '08199025', '_synset_domain_topic_of'), 相似度提升: 0.1187 (当前: 0.2536)
2025-07-09 07:33:52,503 - INFO - 步骤 1: 子图与规则同构，提前终止扩展
2025-07-09 07:33:52,509 - ERROR - 子图匹配失败: can't multiply sequence by non-int of type 'float'
2025-07-09 07:33:52,516 - INFO - 规则类型: chain, 最大扩展步数: 2
2025-07-09 07:33:52,517 - INFO - Motif阈值: 0.98, 结构提升阈值: 0.0
2025-07-09 07:33:52,636 - INFO - 相似度提升检查: 0.0684 >= 0.0
2025-07-09 07:33:52,636 - INFO - 步骤 1: 添加边 ('00006484', '06037666', '_synset_domain_topic_of'), 相似度提升: 0.0684 (当前: 0.3155)
2025-07-09 07:33:52,637 - INFO - 步骤 1: 子图与规则同构，提前终止扩展
2025-07-09 07:33:52,643 - ERROR - 子图匹配失败: can't multiply sequence by non-int of type 'float'
2025-07-09 07:33:52,648 - INFO - 规则类型: chain, 最大扩展步数: 2
2025-07-09 07:33:52,649 - INFO - Motif阈值: 0.98, 结构提升阈值: 0.0
2025-07-09 07:33:52,698 - INFO - 相似度提升检查: 0.3451 >= 0.0
2025-07-09 07:33:52,699 - INFO - 步骤 1: 添加边 ('01754576', '01698271', '_hypernym'), 相似度提升: 0.3451 (当前: 0.3503)
2025-07-09 07:33:52,699 - INFO - 步骤 1: 子图与规则同构，提前终止扩展
2025-07-09 07:33:52,715 - ERROR - 子图匹配失败: can't multiply sequence by non-int of type 'float'
2025-07-09 07:33:52,725 - INFO - 规则类型: chain, 最大扩展步数: 2
2025-07-09 07:33:52,726 - INFO - Motif阈值: 0.98, 结构提升阈值: 0.0
2025-07-09 07:33:52,835 - INFO - 相似度提升检查: 0.3515 >= 0.0
2025-07-09 07:33:52,836 - INFO - 步骤 1: 添加边 ('00929718', '01698271', '_derivationally_related_form'), 相似度提升: 0.3515 (当前: 0.4972)
2025-07-09 07:33:52,836 - INFO - 步骤 1: 子图与规则同构，提前终止扩展
2025-07-09 07:33:52,845 - ERROR - 子图匹配失败: can't multiply sequence by non-int of type 'float'
2025-07-09 07:33:52,852 - INFO - 规则类型: chain, 最大扩展步数: 2
2025-07-09 07:33:52,853 - INFO - Motif阈值: 0.98, 结构提升阈值: 0.0
2025-07-09 07:33:52,915 - INFO - 相似度提升检查: 0.0996 >= 0.0
2025-07-09 07:33:52,916 - INFO - 步骤 1: 添加边 ('00929718', '01698271', '_derivationally_related_form'), 相似度提升: 0.0996 (当前: 0.1407)
2025-07-09 07:33:52,916 - INFO - 步骤 1: 子图与规则同构，提前终止扩展
2025-07-09 07:33:52,926 - ERROR - 子图匹配失败: can't multiply sequence by non-int of type 'float'
2025-07-09 07:33:52,934 - INFO - 规则类型: chain, 最大扩展步数: 2
2025-07-09 07:33:52,936 - INFO - Motif阈值: 0.98, 结构提升阈值: 0.0
2025-07-09 07:33:53,632 - INFO - 相似度提升检查: 0.1502 >= 0.0
2025-07-09 07:33:53,633 - INFO - 步骤 1: 添加边 ('00055539', '08441203', '_synset_domain_topic_of'), 相似度提升: 0.1502 (当前: 0.0761)
2025-07-09 07:33:53,633 - INFO - 步骤 1: 子图与规则同构，提前终止扩展
2025-07-09 07:33:53,642 - ERROR - 子图匹配失败: can't multiply sequence by non-int of type 'float'
