2025-07-02 20:38:02,261 - INFO - 成功加载预训练embedding
2025-07-02 20:38:02,427 - INFO - StructMatch系统初始化完成（集成语义增强）
2025-07-02 20:38:02,428 - INFO - 开始加载数据...
2025-07-02 20:38:04,226 - INFO - 成功加载知识图谱: 40559个实体, 11种关系, 86835个三元组
2025-07-02 20:38:04,230 - INFO - 成功加载7条规则
2025-07-02 20:38:04,232 - INFO - 数据加载完成
2025-07-02 20:38:04,248 - INFO - 开始批量匹配，共4个anchor
2025-07-02 20:38:04,251 - INFO - 处理第1/4个anchor
2025-07-02 20:38:04,255 - INFO - 开始处理anchor: ('12090318', '_member_meronym', '12093769')
2025-07-02 20:38:04,333 - INFO - 规则前提大小: None, 最大扩展步数: 2
2025-07-02 20:38:04,370 - ERROR - 子图匹配失败: name 'target_motif' is not defined
2025-07-02 20:38:04,371 - INFO - 匹配失败，处理时间: 0.1143秒
2025-07-02 20:38:04,372 - INFO - 处理第2/4个anchor
2025-07-02 20:38:04,372 - INFO - 开始处理anchor: ('09322930', '_instance_hypernym', '09360122')
2025-07-02 20:38:04,436 - INFO - 规则前提大小: None, 最大扩展步数: 2
2025-07-02 20:38:04,460 - ERROR - 子图匹配失败: name 'target_motif' is not defined
2025-07-02 20:38:04,461 - INFO - 匹配失败，处理时间: 0.0873秒
2025-07-02 20:38:04,462 - INFO - 处理第3/4个anchor
2025-07-02 20:38:04,462 - INFO - 开始处理anchor: ('12493208', '_has_part', '12493426')
2025-07-02 20:38:04,482 - INFO - 规则前提大小: None, 最大扩展步数: 2
2025-07-02 20:38:04,507 - ERROR - 子图匹配失败: name 'target_motif' is not defined
2025-07-02 20:38:04,507 - INFO - 匹配失败，处理时间: 0.0442秒
2025-07-02 20:38:04,508 - INFO - 处理第4/4个anchor
2025-07-02 20:38:04,508 - INFO - 开始处理anchor: ('00260881', '_hypernym', '00260622')
2025-07-02 20:38:04,525 - INFO - 规则前提大小: None, 最大扩展步数: 2
2025-07-02 20:38:04,552 - ERROR - 子图匹配失败: name 'target_motif' is not defined
2025-07-02 20:38:04,553 - INFO - 匹配失败，处理时间: 0.0436秒
2025-07-02 20:38:04,554 - INFO - 批量匹配完成: 0/4 成功匹配
2025-07-02 20:38:04,556 - INFO - 结果已保存到: results.json
