2025-07-09 08:53:48,907 - INFO - 成功加载预训练embedding
2025-07-09 08:53:48,974 - WARNING - 加载训练模型失败: No module named 'simple_train'
2025-07-09 08:53:48,975 - INFO - StructMatch系统初始化完成（集成语义增强）
2025-07-09 08:53:48,975 - INFO - 开始加载数据...
2025-07-09 08:53:49,893 - INFO - 成功加载知识图谱: 40559个实体, 11种关系, 86835个三元组
2025-07-09 08:53:49,894 - INFO - 成功加载2条规则
2025-07-09 08:53:49,895 - INFO - 数据加载完成
2025-07-09 08:53:50,040 - INFO - 开始批量匹配，共100个anchor，规则ID: rule_001
2025-07-09 08:53:50,041 - INFO - 规则关系类型: {'_also_see', '_synset_domain_topic_of'}
2025-07-09 08:53:50,041 - INFO - 原始anchor数量: 100
2025-07-09 08:53:50,041 - INFO - 优先关系anchor: 9, 其他关系anchor: 50
2025-07-09 08:53:50,042 - INFO - 筛选后总anchor数量: 59
2025-07-09 08:53:50,042 - INFO - 智能筛选后，保留59个相关anchor
2025-07-09 08:53:50,043 - INFO - 处理第1/59个anchor
2025-07-09 08:53:50,043 - INFO - 开始处理anchor: ('00260881', '_synset_domain_topic_of', '01124794')
2025-07-09 08:53:50,070 - INFO - 规则类型: chain, 最大扩展步数: 2
2025-07-09 08:53:50,070 - INFO - Motif阈值: 0.8, 结构提升阈值: 0.0
2025-07-09 08:53:50,075 - INFO - 步骤 1: 没有找到合适的扩展边
2025-07-09 08:53:50,083 - INFO - 匹配失败，处理时间: 0.0379秒
2025-07-09 08:53:50,083 - INFO - 处理第2/59个anchor
2025-07-09 08:53:50,083 - INFO - 开始处理anchor: ('02636811', '_synset_domain_topic_of', '06083243')
2025-07-09 08:53:50,090 - INFO - 规则类型: chain, 最大扩展步数: 2
2025-07-09 08:53:50,091 - INFO - Motif阈值: 0.8, 结构提升阈值: 0.0
2025-07-09 08:53:50,093 - INFO - 步骤 1: 没有找到合适的扩展边
2025-07-09 08:53:50,099 - INFO - 匹配失败，处理时间: 0.0154秒
2025-07-09 08:53:50,100 - INFO - 处理第3/59个anchor
2025-07-09 08:53:50,100 - INFO - 开始处理anchor: ('01974062', '_also_see', '01976089')
2025-07-09 08:53:50,107 - INFO - 规则类型: chain, 最大扩展步数: 2
2025-07-09 08:53:50,108 - INFO - Motif阈值: 0.8, 结构提升阈值: 0.0
2025-07-09 08:53:50,111 - INFO - 步骤 1: 没有找到合适的扩展边
2025-07-09 08:53:50,118 - INFO - 匹配失败，处理时间: 0.0170秒
2025-07-09 08:53:50,118 - INFO - 处理第4/59个anchor
2025-07-09 08:53:50,118 - INFO - 开始处理anchor: ('00057306', '_synset_domain_topic_of', '08199025')
2025-07-09 08:53:50,125 - INFO - 规则类型: chain, 最大扩展步数: 2
2025-07-09 08:53:50,125 - INFO - Motif阈值: 0.8, 结构提升阈值: 0.0
2025-07-09 08:53:50,139 - INFO - 步骤 1: 没有找到合适的扩展边
2025-07-09 08:53:50,144 - INFO - 匹配失败，处理时间: 0.0249秒
2025-07-09 08:53:50,144 - INFO - 处理第5/59个anchor
2025-07-09 08:53:50,145 - INFO - 开始处理anchor: ('00056912', '_synset_domain_topic_of', '08199025')
2025-07-09 08:53:50,150 - INFO - 规则类型: chain, 最大扩展步数: 2
2025-07-09 08:53:50,151 - INFO - Motif阈值: 0.8, 结构提升阈值: 0.0
2025-07-09 08:53:50,166 - INFO - 步骤 1: 没有找到合适的扩展边
2025-07-09 08:53:50,171 - INFO - 匹配失败，处理时间: 0.0259秒
2025-07-09 08:53:50,172 - INFO - 处理第6/59个anchor
2025-07-09 08:53:50,172 - INFO - 开始处理anchor: ('10341660', '_synset_domain_topic_of', '06037666')
2025-07-09 08:53:50,177 - INFO - 规则类型: chain, 最大扩展步数: 2
2025-07-09 08:53:50,178 - INFO - Motif阈值: 0.8, 结构提升阈值: 0.0
2025-07-09 08:53:50,185 - INFO - 步骤 1: 没有找到合适的扩展边
2025-07-09 08:53:50,192 - INFO - 匹配失败，处理时间: 0.0203秒
2025-07-09 08:53:50,193 - INFO - 处理第7/59个anchor
2025-07-09 08:53:50,193 - INFO - 开始处理anchor: ('01698271', '_also_see', '01754576')
2025-07-09 08:53:50,200 - INFO - 规则类型: chain, 最大扩展步数: 2
2025-07-09 08:53:50,201 - INFO - Motif阈值: 0.8, 结构提升阈值: 0.0
2025-07-09 08:53:50,208 - INFO - 相似度提升检查: -0.1553 >= 0.0
2025-07-09 08:53:50,208 - INFO - 步骤 1: 相似度提升不足 (-0.1553), 停止扩展
2025-07-09 08:53:50,215 - INFO - 匹配失败，处理时间: 0.0214秒
2025-07-09 08:53:50,216 - INFO - 处理第8/59个anchor
2025-07-09 08:53:50,216 - INFO - 开始处理anchor: ('01698271', '_synset_domain_topic_of', '00929718')
2025-07-09 08:53:50,223 - INFO - 规则类型: chain, 最大扩展步数: 2
2025-07-09 08:53:50,224 - INFO - Motif阈值: 0.8, 结构提升阈值: 0.0
2025-07-09 08:53:50,231 - INFO - 相似度提升检查: -0.1506 >= 0.0
2025-07-09 08:53:50,231 - INFO - 步骤 1: 相似度提升不足 (-0.1506), 停止扩展
2025-07-09 08:53:50,237 - INFO - 匹配失败，处理时间: 0.0209秒
2025-07-09 08:53:50,238 - INFO - 处理第9/59个anchor
2025-07-09 08:53:50,238 - INFO - 开始处理anchor: ('01754576', '_synset_domain_topic_of', '00929718')
2025-07-09 08:53:50,243 - INFO - 规则类型: chain, 最大扩展步数: 2
2025-07-09 08:53:50,244 - INFO - Motif阈值: 0.8, 结构提升阈值: 0.0
2025-07-09 08:53:50,250 - INFO - 相似度提升检查: -0.1092 >= 0.0
2025-07-09 08:53:50,251 - INFO - 步骤 1: 相似度提升不足 (-0.1092), 停止扩展
2025-07-09 08:53:50,256 - INFO - 匹配失败，处理时间: 0.0177秒
2025-07-09 08:53:50,257 - INFO - 处理第10/59个anchor
2025-07-09 08:53:50,257 - INFO - 开始处理anchor: ('00260881', '_hypernym', '00260622')
2025-07-09 08:53:50,263 - INFO - 规则类型: chain, 最大扩展步数: 2
2025-07-09 08:53:50,264 - INFO - Motif阈值: 0.8, 结构提升阈值: 0.0
2025-07-09 08:53:50,266 - INFO - 步骤 1: 没有找到合适的扩展边
2025-07-09 08:53:50,272 - INFO - 匹配失败，处理时间: 0.0149秒
2025-07-09 08:53:50,272 - INFO - 处理第11/59个anchor
2025-07-09 08:53:50,272 - INFO - 开始处理anchor: ('00260622', '_derivationally_related_form', '00265386')
2025-07-09 08:53:50,278 - INFO - 规则类型: chain, 最大扩展步数: 2
2025-07-09 08:53:50,279 - INFO - Motif阈值: 0.8, 结构提升阈值: 0.0
2025-07-09 08:53:50,282 - INFO - 步骤 1: 没有找到合适的扩展边
2025-07-09 08:53:50,288 - INFO - 匹配失败，处理时间: 0.0150秒
2025-07-09 08:53:50,289 - INFO - 处理第12/59个anchor
2025-07-09 08:53:50,289 - INFO - 开始处理anchor: ('00260622', '_hypernym', '00248977')
2025-07-09 08:53:50,293 - INFO - 规则类型: chain, 最大扩展步数: 2
2025-07-09 08:53:50,294 - INFO - Motif阈值: 0.8, 结构提升阈值: 0.0
2025-07-09 08:53:50,298 - INFO - 步骤 1: 没有找到合适的扩展边
2025-07-09 08:53:50,305 - INFO - 匹配失败，处理时间: 0.0159秒
2025-07-09 08:53:50,306 - INFO - 处理第13/59个anchor
2025-07-09 08:53:50,306 - INFO - 开始处理anchor: ('00260622', '_derivationally_related_form', '00265673')
2025-07-09 08:53:50,312 - INFO - 规则类型: chain, 最大扩展步数: 2
2025-07-09 08:53:50,313 - INFO - Motif阈值: 0.8, 结构提升阈值: 0.0
2025-07-09 08:53:50,315 - INFO - 步骤 1: 没有找到合适的扩展边
2025-07-09 08:53:50,322 - INFO - 匹配失败，处理时间: 0.0160秒
2025-07-09 08:53:50,322 - INFO - 处理第14/59个anchor
2025-07-09 08:53:50,322 - INFO - 开始处理anchor: ('01332730', '_derivationally_related_form', '03122748')
2025-07-09 08:53:50,327 - INFO - 规则类型: chain, 最大扩展步数: 2
2025-07-09 08:53:50,328 - INFO - Motif阈值: 0.8, 结构提升阈值: 0.0
2025-07-09 08:53:50,333 - INFO - 步骤 1: 没有找到合适的扩展边
2025-07-09 08:53:50,340 - INFO - 匹配失败，处理时间: 0.0170秒
2025-07-09 08:53:50,340 - INFO - 处理第15/59个anchor
2025-07-09 08:53:50,340 - INFO - 开始处理anchor: ('01332730', '_derivationally_related_form', '02840619')
2025-07-09 08:53:50,346 - INFO - 规则类型: chain, 最大扩展步数: 2
2025-07-09 08:53:50,347 - INFO - Motif阈值: 0.8, 结构提升阈值: 0.0
2025-07-09 08:53:50,352 - INFO - 步骤 1: 没有找到合适的扩展边
2025-07-09 08:53:50,357 - INFO - 匹配失败，处理时间: 0.0160秒
2025-07-09 08:53:50,358 - INFO - 处理第16/59个anchor
2025-07-09 08:53:50,358 - INFO - 开始处理anchor: ('01332730', '_verb_group', '01336635')
2025-07-09 08:53:50,364 - INFO - 规则类型: chain, 最大扩展步数: 2
2025-07-09 08:53:50,365 - INFO - Motif阈值: 0.8, 结构提升阈值: 0.0
2025-07-09 08:53:50,368 - INFO - 步骤 1: 没有找到合适的扩展边
2025-07-09 08:53:50,374 - INFO - 匹配失败，处理时间: 0.0148秒
2025-07-09 08:53:50,374 - INFO - 处理第17/59个anchor
2025-07-09 08:53:50,374 - INFO - 开始处理anchor: ('01332730', '_verb_group', '01207951')
2025-07-09 08:53:50,380 - INFO - 规则类型: chain, 最大扩展步数: 2
2025-07-09 08:53:50,381 - INFO - Motif阈值: 0.8, 结构提升阈值: 0.0
2025-07-09 08:53:50,384 - INFO - 步骤 1: 没有找到合适的扩展边
2025-07-09 08:53:50,389 - INFO - 匹配失败，处理时间: 0.0146秒
2025-07-09 08:53:50,390 - INFO - 处理第18/59个anchor
2025-07-09 08:53:50,390 - INFO - 开始处理anchor: ('01332730', '_derivationally_related_form', '04151940')
2025-07-09 08:53:50,394 - INFO - 规则类型: chain, 最大扩展步数: 2
2025-07-09 08:53:50,395 - INFO - Motif阈值: 0.8, 结构提升阈值: 0.0
2025-07-09 08:53:50,399 - INFO - 步骤 1: 没有找到合适的扩展边
2025-07-09 08:53:50,405 - INFO - 匹配失败，处理时间: 0.0149秒
2025-07-09 08:53:50,405 - INFO - 处理第19/59个anchor
2025-07-09 08:53:50,405 - INFO - 开始处理anchor: ('03122748', '_derivationally_related_form', '01332730')
2025-07-09 08:53:50,411 - INFO - 规则类型: chain, 最大扩展步数: 2
2025-07-09 08:53:50,411 - INFO - Motif阈值: 0.8, 结构提升阈值: 0.0
2025-07-09 08:53:50,415 - INFO - 步骤 1: 没有找到合适的扩展边
2025-07-09 08:53:50,420 - INFO - 匹配失败，处理时间: 0.0150秒
2025-07-09 08:53:50,420 - INFO - 处理第20/59个anchor
2025-07-09 08:53:50,420 - INFO - 开始处理anchor: ('03122748', '_hypernym', '00021939')
2025-07-09 08:53:50,425 - INFO - 规则类型: chain, 最大扩展步数: 2
2025-07-09 08:53:50,425 - INFO - Motif阈值: 0.8, 结构提升阈值: 0.0
2025-07-09 08:53:50,428 - INFO - 步骤 1: 没有找到合适的扩展边
2025-07-09 08:53:50,434 - INFO - 匹配失败，处理时间: 0.0129秒
2025-07-09 08:53:50,435 - INFO - 处理第21/59个anchor
2025-07-09 08:53:50,436 - INFO - 开始处理anchor: ('06066555', '_derivationally_related_form', '00645415')
2025-07-09 08:53:50,440 - INFO - 规则类型: chain, 最大扩展步数: 2
2025-07-09 08:53:50,441 - INFO - Motif阈值: 0.8, 结构提升阈值: 0.0
2025-07-09 08:53:50,444 - INFO - 步骤 1: 没有找到合适的扩展边
2025-07-09 08:53:50,451 - INFO - 匹配失败，处理时间: 0.0150秒
2025-07-09 08:53:50,452 - INFO - 处理第22/59个anchor
2025-07-09 08:53:50,452 - INFO - 开始处理anchor: ('06066555', '_derivationally_related_form', '09868270')
2025-07-09 08:53:50,457 - INFO - 规则类型: chain, 最大扩展步数: 2
2025-07-09 08:53:50,458 - INFO - Motif阈值: 0.8, 结构提升阈值: 0.0
2025-07-09 08:53:50,461 - INFO - 步骤 1: 没有找到合适的扩展边
2025-07-09 08:53:50,467 - INFO - 匹配失败，处理时间: 0.0147秒
2025-07-09 08:53:50,467 - INFO - 处理第23/59个anchor
2025-07-09 08:53:50,468 - INFO - 开始处理anchor: ('06066555', '_hypernym', '06037666')
2025-07-09 08:53:50,473 - INFO - 规则类型: chain, 最大扩展步数: 2
2025-07-09 08:53:50,473 - INFO - Motif阈值: 0.8, 结构提升阈值: 0.0
2025-07-09 08:53:50,477 - INFO - 步骤 1: 没有找到合适的扩展边
2025-07-09 08:53:50,484 - INFO - 匹配失败，处理时间: 0.0150秒
2025-07-09 08:53:50,485 - INFO - 处理第24/59个anchor
2025-07-09 08:53:50,485 - INFO - 开始处理anchor: ('00645415', '_derivationally_related_form', '06066555')
2025-07-09 08:53:50,489 - INFO - 规则类型: chain, 最大扩展步数: 2
2025-07-09 08:53:50,489 - INFO - Motif阈值: 0.8, 结构提升阈值: 0.0
2025-07-09 08:53:50,493 - INFO - 步骤 1: 没有找到合适的扩展边
2025-07-09 08:53:50,499 - INFO - 匹配失败，处理时间: 0.0140秒
2025-07-09 08:53:50,501 - INFO - 处理第25/59个anchor
2025-07-09 08:53:50,501 - INFO - 开始处理anchor: ('00645415', '_hypernym', '00643473')
2025-07-09 08:53:50,505 - INFO - 规则类型: chain, 最大扩展步数: 2
2025-07-09 08:53:50,507 - INFO - Motif阈值: 0.8, 结构提升阈值: 0.0
2025-07-09 08:53:50,508 - INFO - 步骤 1: 没有找到合适的扩展边
2025-07-09 08:53:50,515 - INFO - 匹配失败，处理时间: 0.0139秒
2025-07-09 08:53:50,515 - INFO - 处理第26/59个anchor
2025-07-09 08:53:50,515 - INFO - 开始处理anchor: ('09322930', '_instance_hypernym', '09360122')
2025-07-09 08:53:50,521 - INFO - 规则类型: chain, 最大扩展步数: 2
2025-07-09 08:53:50,521 - INFO - Motif阈值: 0.8, 结构提升阈值: 0.0
2025-07-09 08:53:50,525 - INFO - 步骤 1: 没有找到合适的扩展边
2025-07-09 08:53:50,531 - INFO - 匹配失败，处理时间: 0.0140秒
2025-07-09 08:53:50,531 - INFO - 处理第27/59个anchor
2025-07-09 08:53:50,531 - INFO - 开始处理anchor: ('09360122', '_hypernym', '08617963')
2025-07-09 08:53:50,536 - INFO - 规则类型: chain, 最大扩展步数: 2
2025-07-09 08:53:50,538 - INFO - Motif阈值: 0.8, 结构提升阈值: 0.0
2025-07-09 08:53:50,539 - INFO - 步骤 1: 没有找到合适的扩展边
2025-07-09 08:53:50,546 - INFO - 匹配失败，处理时间: 0.0130秒
2025-07-09 08:53:50,546 - INFO - 处理第28/59个anchor
2025-07-09 08:53:50,546 - INFO - 开始处理anchor: ('07193596', '_derivationally_related_form', '00784342')
2025-07-09 08:53:50,552 - INFO - 规则类型: chain, 最大扩展步数: 2
2025-07-09 08:53:50,552 - INFO - Motif阈值: 0.8, 结构提升阈值: 0.0
2025-07-09 08:53:50,555 - INFO - 步骤 1: 没有找到合适的扩展边
2025-07-09 08:53:50,561 - INFO - 匹配失败，处理时间: 0.0139秒
2025-07-09 08:53:50,562 - INFO - 处理第29/59个anchor
2025-07-09 08:53:50,562 - INFO - 开始处理anchor: ('07193596', '_derivationally_related_form', '00788184')
2025-07-09 08:53:50,568 - INFO - 规则类型: chain, 最大扩展步数: 2
2025-07-09 08:53:50,568 - INFO - Motif阈值: 0.8, 结构提升阈值: 0.0
2025-07-09 08:53:50,571 - INFO - 步骤 1: 没有找到合适的扩展边
2025-07-09 08:53:50,576 - INFO - 匹配失败，处理时间: 0.0134秒
2025-07-09 08:53:50,576 - INFO - 处理第30/59个anchor
2025-07-09 08:53:50,576 - INFO - 开始处理anchor: ('07193596', '_hypernym', '07193184')
2025-07-09 08:53:50,582 - INFO - 规则类型: chain, 最大扩展步数: 2
2025-07-09 08:53:50,584 - INFO - Motif阈值: 0.8, 结构提升阈值: 0.0
2025-07-09 08:53:50,587 - INFO - 步骤 1: 没有找到合适的扩展边
2025-07-09 08:53:50,592 - INFO - 匹配失败，处理时间: 0.0152秒
2025-07-09 08:53:50,592 - INFO - 处理第31/59个anchor
2025-07-09 08:53:50,593 - INFO - 开始处理anchor: ('07193596', '_derivationally_related_form', '00808855')
2025-07-09 08:53:50,599 - INFO - 规则类型: chain, 最大扩展步数: 2
2025-07-09 08:53:50,600 - INFO - Motif阈值: 0.8, 结构提升阈值: 0.0
2025-07-09 08:53:50,601 - INFO - 步骤 1: 没有找到合适的扩展边
2025-07-09 08:53:50,606 - INFO - 匹配失败，处理时间: 0.0140秒
2025-07-09 08:53:50,607 - INFO - 处理第32/59个anchor
2025-07-09 08:53:50,607 - INFO - 开始处理anchor: ('07193596', '_derivationally_related_form', '00785008')
2025-07-09 08:53:50,613 - INFO - 规则类型: chain, 最大扩展步数: 2
2025-07-09 08:53:50,614 - INFO - Motif阈值: 0.8, 结构提升阈值: 0.0
2025-07-09 08:53:50,615 - INFO - 步骤 1: 没有找到合适的扩展边
2025-07-09 08:53:50,621 - INFO - 匹配失败，处理时间: 0.0146秒
2025-07-09 08:53:50,622 - INFO - 处理第33/59个anchor
2025-07-09 08:53:50,623 - INFO - 开始处理anchor: ('00784342', '_derivationally_related_form', '10207831')
2025-07-09 08:53:50,627 - INFO - 规则类型: chain, 最大扩展步数: 2
2025-07-09 08:53:50,628 - INFO - Motif阈值: 0.8, 结构提升阈值: 0.0
2025-07-09 08:53:50,632 - INFO - 步骤 1: 没有找到合适的扩展边
2025-07-09 08:53:50,638 - INFO - 匹配失败，处理时间: 0.0149秒
2025-07-09 08:53:50,639 - INFO - 处理第34/59个anchor
2025-07-09 08:53:50,639 - INFO - 开始处理anchor: ('00784342', '_hypernym', '00740577')
2025-07-09 08:53:50,644 - INFO - 规则类型: chain, 最大扩展步数: 2
2025-07-09 08:53:50,644 - INFO - Motif阈值: 0.8, 结构提升阈值: 0.0
2025-07-09 08:53:50,648 - INFO - 步骤 1: 没有找到合适的扩展边
2025-07-09 08:53:50,654 - INFO - 匹配失败，处理时间: 0.0156秒
2025-07-09 08:53:50,654 - INFO - 处理第35/59个anchor
2025-07-09 08:53:50,654 - INFO - 开始处理anchor: ('00784342', '_derivationally_related_form', '07193596')
2025-07-09 08:53:50,660 - INFO - 规则类型: chain, 最大扩展步数: 2
2025-07-09 08:53:50,661 - INFO - Motif阈值: 0.8, 结构提升阈值: 0.0
2025-07-09 08:53:50,664 - INFO - 步骤 1: 没有找到合适的扩展边
2025-07-09 08:53:50,670 - INFO - 匹配失败，处理时间: 0.0150秒
2025-07-09 08:53:50,670 - INFO - 处理第36/59个anchor
2025-07-09 08:53:50,671 - INFO - 开始处理anchor: ('00784342', '_verb_group', '00897746')
2025-07-09 08:53:50,675 - INFO - 规则类型: chain, 最大扩展步数: 2
2025-07-09 08:53:50,675 - INFO - Motif阈值: 0.8, 结构提升阈值: 0.0
2025-07-09 08:53:50,678 - INFO - 步骤 1: 没有找到合适的扩展边
2025-07-09 08:53:50,782 - INFO - 匹配失败，处理时间: 0.1110秒
2025-07-09 08:53:50,783 - INFO - 处理第37/59个anchor
2025-07-09 08:53:50,783 - INFO - 开始处理anchor: ('00784342', '_derivationally_related_form', '07193184')
2025-07-09 08:53:50,788 - INFO - 规则类型: chain, 最大扩展步数: 2
2025-07-09 08:53:50,789 - INFO - Motif阈值: 0.8, 结构提升阈值: 0.0
2025-07-09 08:53:50,792 - INFO - 步骤 1: 没有找到合适的扩展边
2025-07-09 08:53:50,796 - INFO - 匹配失败，处理时间: 0.0130秒
2025-07-09 08:53:50,798 - INFO - 处理第38/59个anchor
2025-07-09 08:53:50,798 - INFO - 开始处理anchor: ('00784342', '_verb_group', '00784727')
2025-07-09 08:53:50,803 - INFO - 规则类型: chain, 最大扩展步数: 2
2025-07-09 08:53:50,804 - INFO - Motif阈值: 0.8, 结构提升阈值: 0.0
2025-07-09 08:53:50,816 - INFO - 步骤 1: 没有找到合适的扩展边
2025-07-09 08:53:50,827 - INFO - 匹配失败，处理时间: 0.0291秒
2025-07-09 08:53:50,828 - INFO - 处理第39/59个anchor
2025-07-09 08:53:50,828 - INFO - 开始处理anchor: ('01768969', '_derivationally_related_form', '02636811')
2025-07-09 08:53:50,835 - INFO - 规则类型: chain, 最大扩展步数: 2
2025-07-09 08:53:50,835 - INFO - Motif阈值: 0.8, 结构提升阈值: 0.0
2025-07-09 08:53:50,837 - INFO - 步骤 1: 没有找到合适的扩展边
2025-07-09 08:53:50,842 - INFO - 匹配失败，处理时间: 0.0131秒
2025-07-09 08:53:50,842 - INFO - 处理第40/59个anchor
2025-07-09 08:53:50,842 - INFO - 开始处理anchor: ('01768969', '_hypernym', '08103777')
2025-07-09 08:53:50,849 - INFO - 规则类型: chain, 最大扩展步数: 2
2025-07-09 08:53:50,850 - INFO - Motif阈值: 0.8, 结构提升阈值: 0.0
2025-07-09 08:53:50,858 - INFO - 步骤 1: 没有找到合适的扩展边
2025-07-09 08:53:50,863 - INFO - 匹配失败，处理时间: 0.0200秒
2025-07-09 08:53:50,863 - INFO - 处理第41/59个anchor
2025-07-09 08:53:50,864 - INFO - 开始处理anchor: ('01768969', '_member_meronym', '01775879')
2025-07-09 08:53:50,870 - INFO - 规则类型: chain, 最大扩展步数: 2
2025-07-09 08:53:50,870 - INFO - Motif阈值: 0.8, 结构提升阈值: 0.0
2025-07-09 08:53:50,872 - INFO - 步骤 1: 没有找到合适的扩展边
2025-07-09 08:53:50,876 - INFO - 匹配失败，处理时间: 0.0120秒
2025-07-09 08:53:50,877 - INFO - 处理第42/59个anchor
2025-07-09 08:53:50,877 - INFO - 开始处理anchor: ('01768969', '_member_meronym', '01771966')
2025-07-09 08:53:50,883 - INFO - 规则类型: chain, 最大扩展步数: 2
2025-07-09 08:53:50,883 - INFO - Motif阈值: 0.8, 结构提升阈值: 0.0
2025-07-09 08:53:50,886 - INFO - 步骤 1: 没有找到合适的扩展边
2025-07-09 08:53:50,890 - INFO - 匹配失败，处理时间: 0.0128秒
2025-07-09 08:53:50,891 - INFO - 处理第43/59个anchor
2025-07-09 08:53:50,891 - INFO - 开始处理anchor: ('01768969', '_member_meronym', '01769347')
2025-07-09 08:53:50,897 - INFO - 规则类型: chain, 最大扩展步数: 2
2025-07-09 08:53:50,897 - INFO - Motif阈值: 0.8, 结构提升阈值: 0.0
2025-07-09 08:53:50,899 - INFO - 步骤 1: 没有找到合适的扩展边
2025-07-09 08:53:50,904 - INFO - 匹配失败，处理时间: 0.0127秒
2025-07-09 08:53:50,905 - INFO - 处理第44/59个anchor
2025-07-09 08:53:50,905 - INFO - 开始处理anchor: ('01768969', '_member_meronym', '01770553')
2025-07-09 08:53:50,909 - INFO - 规则类型: chain, 最大扩展步数: 2
2025-07-09 08:53:50,909 - INFO - Motif阈值: 0.8, 结构提升阈值: 0.0
2025-07-09 08:53:50,912 - INFO - 步骤 1: 没有找到合适的扩展边
2025-07-09 08:53:50,918 - INFO - 匹配失败，处理时间: 0.0130秒
2025-07-09 08:53:50,918 - INFO - 处理第45/59个anchor
2025-07-09 08:53:50,919 - INFO - 开始处理anchor: ('01768969', '_member_meronym', '01769635')
2025-07-09 08:53:50,923 - INFO - 规则类型: chain, 最大扩展步数: 2
2025-07-09 08:53:50,924 - INFO - Motif阈值: 0.8, 结构提升阈值: 0.0
2025-07-09 08:53:50,926 - INFO - 步骤 1: 没有找到合适的扩展边
2025-07-09 08:53:50,933 - INFO - 匹配失败，处理时间: 0.0140秒
2025-07-09 08:53:50,933 - INFO - 处理第46/59个anchor
2025-07-09 08:53:50,934 - INFO - 开始处理anchor: ('02636811', '_derivationally_related_form', '01769347')
2025-07-09 08:53:50,939 - INFO - 规则类型: chain, 最大扩展步数: 2
2025-07-09 08:53:50,939 - INFO - Motif阈值: 0.8, 结构提升阈值: 0.0
2025-07-09 08:53:50,941 - INFO - 步骤 1: 没有找到合适的扩展边
2025-07-09 08:53:50,947 - INFO - 匹配失败，处理时间: 0.0120秒
2025-07-09 08:53:50,947 - INFO - 处理第47/59个anchor
2025-07-09 08:53:50,947 - INFO - 开始处理anchor: ('02636811', '_derivationally_related_form', '01768969')
2025-07-09 08:53:50,952 - INFO - 规则类型: chain, 最大扩展步数: 2
2025-07-09 08:53:50,953 - INFO - Motif阈值: 0.8, 结构提升阈值: 0.0
2025-07-09 08:53:50,955 - INFO - 步骤 1: 没有找到合适的扩展边
2025-07-09 08:53:50,960 - INFO - 匹配失败，处理时间: 0.0119秒
2025-07-09 08:53:50,960 - INFO - 处理第48/59个anchor
2025-07-09 08:53:50,960 - INFO - 开始处理anchor: ('02636811', '_derivationally_related_form', '01772222')
2025-07-09 08:53:50,967 - INFO - 规则类型: chain, 最大扩展步数: 2
2025-07-09 08:53:50,967 - INFO - Motif阈值: 0.8, 结构提升阈值: 0.0
2025-07-09 08:53:50,969 - INFO - 步骤 1: 没有找到合适的扩展边
2025-07-09 08:53:50,974 - INFO - 匹配失败，处理时间: 0.0120秒
2025-07-09 08:53:50,974 - INFO - 处理第49/59个anchor
2025-07-09 08:53:50,974 - INFO - 开始处理anchor: ('01455754', '_hypernym', '01974062')
2025-07-09 08:53:50,979 - INFO - 规则类型: chain, 最大扩展步数: 2
2025-07-09 08:53:50,980 - INFO - Motif阈值: 0.8, 结构提升阈值: 0.0
2025-07-09 08:53:50,984 - INFO - 步骤 1: 没有找到合适的扩展边
2025-07-09 08:53:50,989 - INFO - 匹配失败，处理时间: 0.0148秒
2025-07-09 08:53:50,990 - INFO - 处理第50/59个anchor
2025-07-09 08:53:50,990 - INFO - 开始处理anchor: ('01974062', '_derivationally_related_form', '09206985')
2025-07-09 08:53:50,994 - INFO - 规则类型: chain, 最大扩展步数: 2
2025-07-09 08:53:50,995 - INFO - Motif阈值: 0.8, 结构提升阈值: 0.0
2025-07-09 08:53:51,000 - INFO - 步骤 1: 没有找到合适的扩展边
2025-07-09 08:53:51,005 - INFO - 匹配失败，处理时间: 0.0146秒
2025-07-09 08:53:51,006 - INFO - 处理第51/59个anchor
2025-07-09 08:53:51,006 - INFO - 开始处理anchor: ('01974062', '_derivationally_related_form', '07348399')
2025-07-09 08:53:51,011 - INFO - 规则类型: chain, 最大扩展步数: 2
2025-07-09 08:53:51,012 - INFO - Motif阈值: 0.8, 结构提升阈值: 0.0
2025-07-09 08:53:51,016 - INFO - 步骤 1: 没有找到合适的扩展边
2025-07-09 08:53:51,022 - INFO - 匹配失败，处理时间: 0.0164秒
2025-07-09 08:53:51,023 - INFO - 处理第52/59个anchor
2025-07-09 08:53:51,023 - INFO - 开始处理anchor: ('01974062', '_derivationally_related_form', '10773394')
2025-07-09 08:53:51,027 - INFO - 规则类型: chain, 最大扩展步数: 2
2025-07-09 08:53:51,027 - INFO - Motif阈值: 0.8, 结构提升阈值: 0.0
2025-07-09 08:53:51,031 - INFO - 步骤 1: 没有找到合适的扩展边
2025-07-09 08:53:51,037 - INFO - 匹配失败，处理时间: 0.0150秒
2025-07-09 08:53:51,038 - INFO - 处理第53/59个anchor
2025-07-09 08:53:51,038 - INFO - 开始处理anchor: ('01974062', '_derivationally_related_form', '07370671')
2025-07-09 08:53:51,043 - INFO - 规则类型: chain, 最大扩展步数: 2
2025-07-09 08:53:51,043 - INFO - Motif阈值: 0.8, 结构提升阈值: 0.0
2025-07-09 08:53:51,046 - INFO - 步骤 1: 没有找到合适的扩展边
2025-07-09 08:53:51,051 - INFO - 匹配失败，处理时间: 0.0130秒
2025-07-09 08:53:51,052 - INFO - 处理第54/59个anchor
2025-07-09 08:53:51,052 - INFO - 开始处理anchor: ('01974062', '_derivationally_related_form', '00116376')
2025-07-09 08:53:51,057 - INFO - 规则类型: chain, 最大扩展步数: 2
2025-07-09 08:53:51,058 - INFO - Motif阈值: 0.8, 结构提升阈值: 0.0
2025-07-09 08:53:51,063 - INFO - 步骤 1: 没有找到合适的扩展边
2025-07-09 08:53:51,068 - INFO - 匹配失败，处理时间: 0.0150秒
2025-07-09 08:53:51,068 - INFO - 处理第55/59个anchor
2025-07-09 08:53:51,069 - INFO - 开始处理anchor: ('01974062', '_derivationally_related_form', '04231693')
2025-07-09 08:53:51,074 - INFO - 规则类型: chain, 最大扩展步数: 2
2025-07-09 08:53:51,075 - INFO - Motif阈值: 0.8, 结构提升阈值: 0.0
2025-07-09 08:53:51,078 - INFO - 步骤 1: 没有找到合适的扩展边
2025-07-09 08:53:51,084 - INFO - 匹配失败，处理时间: 0.0155秒
2025-07-09 08:53:51,084 - INFO - 处理第56/59个anchor
2025-07-09 08:53:51,085 - INFO - 开始处理anchor: ('01974062', '_derivationally_related_form', '09366317')
2025-07-09 08:53:51,091 - INFO - 规则类型: chain, 最大扩展步数: 2
2025-07-09 08:53:51,091 - INFO - Motif阈值: 0.8, 结构提升阈值: 0.0
2025-07-09 08:53:51,094 - INFO - 步骤 1: 没有找到合适的扩展边
2025-07-09 08:53:51,099 - INFO - 匹配失败，处理时间: 0.0139秒
2025-07-09 08:53:51,100 - INFO - 处理第57/59个anchor
2025-07-09 08:53:51,100 - INFO - 开始处理anchor: ('01974062', '_derivationally_related_form', '03281145')
2025-07-09 08:53:51,105 - INFO - 规则类型: chain, 最大扩展步数: 2
2025-07-09 08:53:51,106 - INFO - Motif阈值: 0.8, 结构提升阈值: 0.0
2025-07-09 08:53:51,109 - INFO - 步骤 1: 没有找到合适的扩展边
2025-07-09 08:53:51,116 - INFO - 匹配失败，处理时间: 0.0148秒
2025-07-09 08:53:51,117 - INFO - 处理第58/59个anchor
2025-07-09 08:53:51,117 - INFO - 开始处理anchor: ('01974062', '_derivationally_related_form', '05131283')
2025-07-09 08:53:51,121 - INFO - 规则类型: chain, 最大扩展步数: 2
2025-07-09 08:53:51,123 - INFO - Motif阈值: 0.8, 结构提升阈值: 0.0
2025-07-09 08:53:51,125 - INFO - 步骤 1: 没有找到合适的扩展边
2025-07-09 08:53:51,130 - INFO - 匹配失败，处理时间: 0.0136秒
2025-07-09 08:53:51,130 - INFO - 处理第59/59个anchor
2025-07-09 08:53:51,131 - INFO - 开始处理anchor: ('01974062', '_derivationally_related_form', '00316594')
2025-07-09 08:53:51,137 - INFO - 规则类型: chain, 最大扩展步数: 2
2025-07-09 08:53:51,137 - INFO - Motif阈值: 0.8, 结构提升阈值: 0.0
2025-07-09 08:53:51,141 - INFO - 步骤 1: 没有找到合适的扩展边
2025-07-09 08:53:51,147 - INFO - 匹配失败，处理时间: 0.0155秒
2025-07-09 08:53:51,147 - INFO - 批量匹配完成: 0/59 成功匹配
2025-07-09 08:53:51,148 - INFO - 开始批量匹配，共100个anchor，规则ID: rule_002
2025-07-09 08:53:51,148 - INFO - 规则关系类型: {'_also_see', '_synset_domain_topic_of'}
2025-07-09 08:53:51,148 - INFO - 原始anchor数量: 100
2025-07-09 08:53:51,148 - INFO - 优先关系anchor: 9, 其他关系anchor: 50
2025-07-09 08:53:51,149 - INFO - 筛选后总anchor数量: 59
2025-07-09 08:53:51,149 - INFO - 智能筛选后，保留59个相关anchor
2025-07-09 08:53:51,149 - INFO - 处理第1/59个anchor
2025-07-09 08:53:51,149 - INFO - 开始处理anchor: ('00260881', '_synset_domain_topic_of', '01124794')
2025-07-09 08:53:51,155 - INFO - 规则类型: chain, 最大扩展步数: 2
2025-07-09 08:53:51,156 - INFO - Motif阈值: 0.8, 结构提升阈值: 0.0
2025-07-09 08:53:51,159 - INFO - 步骤 1: 没有找到合适的扩展边
2025-07-09 08:53:51,164 - INFO - 匹配失败，处理时间: 0.0150秒
2025-07-09 08:53:51,164 - INFO - 处理第2/59个anchor
2025-07-09 08:53:51,164 - INFO - 开始处理anchor: ('02636811', '_synset_domain_topic_of', '06083243')
2025-07-09 08:53:51,170 - INFO - 规则类型: chain, 最大扩展步数: 2
2025-07-09 08:53:51,170 - INFO - Motif阈值: 0.8, 结构提升阈值: 0.0
2025-07-09 08:53:51,173 - INFO - 步骤 1: 没有找到合适的扩展边
2025-07-09 08:53:51,178 - INFO - 匹配失败，处理时间: 0.0130秒
2025-07-09 08:53:51,179 - INFO - 处理第3/59个anchor
2025-07-09 08:53:51,179 - INFO - 开始处理anchor: ('01974062', '_also_see', '01976089')
2025-07-09 08:53:51,184 - INFO - 规则类型: chain, 最大扩展步数: 2
2025-07-09 08:53:51,184 - INFO - Motif阈值: 0.8, 结构提升阈值: 0.0
2025-07-09 08:53:51,187 - INFO - 步骤 1: 没有找到合适的扩展边
2025-07-09 08:53:51,193 - INFO - 匹配失败，处理时间: 0.0120秒
2025-07-09 08:53:51,193 - INFO - 处理第4/59个anchor
2025-07-09 08:53:51,193 - INFO - 开始处理anchor: ('00057306', '_synset_domain_topic_of', '08199025')
2025-07-09 08:53:51,199 - INFO - 规则类型: chain, 最大扩展步数: 2
2025-07-09 08:53:51,199 - INFO - Motif阈值: 0.8, 结构提升阈值: 0.0
2025-07-09 08:53:51,213 - INFO - 步骤 1: 没有找到合适的扩展边
2025-07-09 08:53:51,219 - INFO - 匹配失败，处理时间: 0.0257秒
2025-07-09 08:53:51,219 - INFO - 处理第5/59个anchor
2025-07-09 08:53:51,219 - INFO - 开始处理anchor: ('00056912', '_synset_domain_topic_of', '08199025')
2025-07-09 08:53:51,225 - INFO - 规则类型: chain, 最大扩展步数: 2
2025-07-09 08:53:51,225 - INFO - Motif阈值: 0.8, 结构提升阈值: 0.0
2025-07-09 08:53:51,239 - INFO - 步骤 1: 没有找到合适的扩展边
2025-07-09 08:53:51,245 - INFO - 匹配失败，处理时间: 0.0247秒
2025-07-09 08:53:51,246 - INFO - 处理第6/59个anchor
2025-07-09 08:53:51,246 - INFO - 开始处理anchor: ('10341660', '_synset_domain_topic_of', '06037666')
2025-07-09 08:53:51,250 - INFO - 规则类型: chain, 最大扩展步数: 2
2025-07-09 08:53:51,252 - INFO - Motif阈值: 0.8, 结构提升阈值: 0.0
2025-07-09 08:53:51,255 - INFO - 步骤 1: 没有找到合适的扩展边
2025-07-09 08:53:51,261 - INFO - 匹配失败，处理时间: 0.0148秒
2025-07-09 08:53:51,261 - INFO - 处理第7/59个anchor
2025-07-09 08:53:51,262 - INFO - 开始处理anchor: ('01698271', '_also_see', '01754576')
2025-07-09 08:53:51,267 - INFO - 规则类型: chain, 最大扩展步数: 2
2025-07-09 08:53:51,268 - INFO - Motif阈值: 0.8, 结构提升阈值: 0.0
2025-07-09 08:53:51,272 - INFO - 相似度提升检查: -0.1975 >= 0.0
2025-07-09 08:53:51,272 - INFO - 步骤 1: 相似度提升不足 (-0.1975), 停止扩展
2025-07-09 08:53:51,279 - INFO - 匹配失败，处理时间: 0.0170秒
2025-07-09 08:53:51,280 - INFO - 处理第8/59个anchor
2025-07-09 08:53:51,280 - INFO - 开始处理anchor: ('01698271', '_synset_domain_topic_of', '00929718')
2025-07-09 08:53:51,285 - INFO - 规则类型: chain, 最大扩展步数: 2
2025-07-09 08:53:51,286 - INFO - Motif阈值: 0.8, 结构提升阈值: 0.0
2025-07-09 08:53:51,291 - INFO - 相似度提升检查: -0.1885 >= 0.0
2025-07-09 08:53:51,292 - INFO - 步骤 1: 相似度提升不足 (-0.1885), 停止扩展
2025-07-09 08:53:51,299 - INFO - 匹配失败，处理时间: 0.0185秒
2025-07-09 08:53:51,299 - INFO - 处理第9/59个anchor
2025-07-09 08:53:51,299 - INFO - 开始处理anchor: ('01754576', '_synset_domain_topic_of', '00929718')
2025-07-09 08:53:51,304 - INFO - 规则类型: chain, 最大扩展步数: 2
2025-07-09 08:53:51,305 - INFO - Motif阈值: 0.8, 结构提升阈值: 0.0
2025-07-09 08:53:51,310 - INFO - 相似度提升检查: -0.2711 >= 0.0
2025-07-09 08:53:51,311 - INFO - 步骤 1: 相似度提升不足 (-0.2711), 停止扩展
2025-07-09 08:53:51,316 - INFO - 匹配失败，处理时间: 0.0170秒
2025-07-09 08:53:51,317 - INFO - 处理第10/59个anchor
2025-07-09 08:53:51,317 - INFO - 开始处理anchor: ('00260881', '_hypernym', '00260622')
2025-07-09 08:53:51,323 - INFO - 规则类型: chain, 最大扩展步数: 2
2025-07-09 08:53:51,323 - INFO - Motif阈值: 0.8, 结构提升阈值: 0.0
2025-07-09 08:53:51,325 - INFO - 步骤 1: 没有找到合适的扩展边
2025-07-09 08:53:51,332 - INFO - 匹配失败，处理时间: 0.0145秒
2025-07-09 08:53:51,332 - INFO - 处理第11/59个anchor
2025-07-09 08:53:51,332 - INFO - 开始处理anchor: ('00260622', '_derivationally_related_form', '00265386')
2025-07-09 08:53:51,337 - INFO - 规则类型: chain, 最大扩展步数: 2
2025-07-09 08:53:51,337 - INFO - Motif阈值: 0.8, 结构提升阈值: 0.0
2025-07-09 08:53:51,341 - INFO - 步骤 1: 没有找到合适的扩展边
2025-07-09 08:53:51,347 - INFO - 匹配失败，处理时间: 0.0140秒
2025-07-09 08:53:51,347 - INFO - 处理第12/59个anchor
2025-07-09 08:53:51,348 - INFO - 开始处理anchor: ('00260622', '_hypernym', '00248977')
2025-07-09 08:53:51,353 - INFO - 规则类型: chain, 最大扩展步数: 2
2025-07-09 08:53:51,354 - INFO - Motif阈值: 0.8, 结构提升阈值: 0.0
2025-07-09 08:53:51,357 - INFO - 步骤 1: 没有找到合适的扩展边
2025-07-09 08:53:51,363 - INFO - 匹配失败，处理时间: 0.0152秒
2025-07-09 08:53:51,364 - INFO - 处理第13/59个anchor
2025-07-09 08:53:51,364 - INFO - 开始处理anchor: ('00260622', '_derivationally_related_form', '00265673')
2025-07-09 08:53:51,369 - INFO - 规则类型: chain, 最大扩展步数: 2
2025-07-09 08:53:51,369 - INFO - Motif阈值: 0.8, 结构提升阈值: 0.0
2025-07-09 08:53:51,371 - INFO - 步骤 1: 没有找到合适的扩展边
2025-07-09 08:53:51,376 - INFO - 匹配失败，处理时间: 0.0120秒
2025-07-09 08:53:51,377 - INFO - 处理第14/59个anchor
2025-07-09 08:53:51,377 - INFO - 开始处理anchor: ('01332730', '_derivationally_related_form', '03122748')
2025-07-09 08:53:51,382 - INFO - 规则类型: chain, 最大扩展步数: 2
2025-07-09 08:53:51,382 - INFO - Motif阈值: 0.8, 结构提升阈值: 0.0
2025-07-09 08:53:51,386 - INFO - 步骤 1: 没有找到合适的扩展边
2025-07-09 08:53:51,391 - INFO - 匹配失败，处理时间: 0.0144秒
2025-07-09 08:53:51,392 - INFO - 处理第15/59个anchor
2025-07-09 08:53:51,392 - INFO - 开始处理anchor: ('01332730', '_derivationally_related_form', '02840619')
2025-07-09 08:53:51,397 - INFO - 规则类型: chain, 最大扩展步数: 2
2025-07-09 08:53:51,398 - INFO - Motif阈值: 0.8, 结构提升阈值: 0.0
2025-07-09 08:53:51,400 - INFO - 步骤 1: 没有找到合适的扩展边
2025-07-09 08:53:51,405 - INFO - 匹配失败，处理时间: 0.0130秒
2025-07-09 08:53:51,405 - INFO - 处理第16/59个anchor
2025-07-09 08:53:51,406 - INFO - 开始处理anchor: ('01332730', '_verb_group', '01336635')
2025-07-09 08:53:51,412 - INFO - 规则类型: chain, 最大扩展步数: 2
2025-07-09 08:53:51,413 - INFO - Motif阈值: 0.8, 结构提升阈值: 0.0
2025-07-09 08:53:51,415 - INFO - 步骤 1: 没有找到合适的扩展边
2025-07-09 08:53:51,420 - INFO - 匹配失败，处理时间: 0.0139秒
2025-07-09 08:53:51,421 - INFO - 处理第17/59个anchor
2025-07-09 08:53:51,421 - INFO - 开始处理anchor: ('01332730', '_verb_group', '01207951')
2025-07-09 08:53:51,427 - INFO - 规则类型: chain, 最大扩展步数: 2
2025-07-09 08:53:51,428 - INFO - Motif阈值: 0.8, 结构提升阈值: 0.0
2025-07-09 08:53:51,431 - INFO - 步骤 1: 没有找到合适的扩展边
2025-07-09 08:53:51,437 - INFO - 匹配失败，处理时间: 0.0156秒
2025-07-09 08:53:51,437 - INFO - 处理第18/59个anchor
2025-07-09 08:53:51,437 - INFO - 开始处理anchor: ('01332730', '_derivationally_related_form', '04151940')
2025-07-09 08:53:51,442 - INFO - 规则类型: chain, 最大扩展步数: 2
2025-07-09 08:53:51,443 - INFO - Motif阈值: 0.8, 结构提升阈值: 0.0
2025-07-09 08:53:51,447 - INFO - 步骤 1: 没有找到合适的扩展边
2025-07-09 08:53:51,452 - INFO - 匹配失败，处理时间: 0.0145秒
2025-07-09 08:53:51,452 - INFO - 处理第19/59个anchor
2025-07-09 08:53:51,453 - INFO - 开始处理anchor: ('03122748', '_derivationally_related_form', '01332730')
2025-07-09 08:53:51,458 - INFO - 规则类型: chain, 最大扩展步数: 2
2025-07-09 08:53:51,458 - INFO - Motif阈值: 0.8, 结构提升阈值: 0.0
2025-07-09 08:53:51,462 - INFO - 步骤 1: 没有找到合适的扩展边
2025-07-09 08:53:51,468 - INFO - 匹配失败，处理时间: 0.0142秒
2025-07-09 08:53:51,468 - INFO - 处理第20/59个anchor
2025-07-09 08:53:51,468 - INFO - 开始处理anchor: ('03122748', '_hypernym', '00021939')
2025-07-09 08:53:51,474 - INFO - 规则类型: chain, 最大扩展步数: 2
2025-07-09 08:53:51,475 - INFO - Motif阈值: 0.8, 结构提升阈值: 0.0
2025-07-09 08:53:51,479 - INFO - 步骤 1: 没有找到合适的扩展边
2025-07-09 08:53:51,484 - INFO - 匹配失败，处理时间: 0.0150秒
2025-07-09 08:53:51,485 - INFO - 处理第21/59个anchor
2025-07-09 08:53:51,485 - INFO - 开始处理anchor: ('06066555', '_derivationally_related_form', '00645415')
2025-07-09 08:53:51,490 - INFO - 规则类型: chain, 最大扩展步数: 2
2025-07-09 08:53:51,490 - INFO - Motif阈值: 0.8, 结构提升阈值: 0.0
2025-07-09 08:53:51,494 - INFO - 步骤 1: 没有找到合适的扩展边
2025-07-09 08:53:51,499 - INFO - 匹配失败，处理时间: 0.0127秒
2025-07-09 08:53:51,499 - INFO - 处理第22/59个anchor
2025-07-09 08:53:51,499 - INFO - 开始处理anchor: ('06066555', '_derivationally_related_form', '09868270')
2025-07-09 08:53:51,505 - INFO - 规则类型: chain, 最大扩展步数: 2
2025-07-09 08:53:51,506 - INFO - Motif阈值: 0.8, 结构提升阈值: 0.0
2025-07-09 08:53:51,509 - INFO - 步骤 1: 没有找到合适的扩展边
2025-07-09 08:53:51,516 - INFO - 匹配失败，处理时间: 0.0158秒
2025-07-09 08:53:51,516 - INFO - 处理第23/59个anchor
2025-07-09 08:53:51,516 - INFO - 开始处理anchor: ('06066555', '_hypernym', '06037666')
2025-07-09 08:53:51,521 - INFO - 规则类型: chain, 最大扩展步数: 2
2025-07-09 08:53:51,522 - INFO - Motif阈值: 0.8, 结构提升阈值: 0.0
2025-07-09 08:53:51,528 - INFO - 步骤 1: 没有找到合适的扩展边
2025-07-09 08:53:51,533 - INFO - 匹配失败，处理时间: 0.0166秒
2025-07-09 08:53:51,533 - INFO - 处理第24/59个anchor
2025-07-09 08:53:51,534 - INFO - 开始处理anchor: ('00645415', '_derivationally_related_form', '06066555')
2025-07-09 08:53:51,538 - INFO - 规则类型: chain, 最大扩展步数: 2
2025-07-09 08:53:51,539 - INFO - Motif阈值: 0.8, 结构提升阈值: 0.0
2025-07-09 08:53:51,542 - INFO - 步骤 1: 没有找到合适的扩展边
2025-07-09 08:53:51,549 - INFO - 匹配失败，处理时间: 0.0145秒
2025-07-09 08:53:51,550 - INFO - 处理第25/59个anchor
2025-07-09 08:53:51,550 - INFO - 开始处理anchor: ('00645415', '_hypernym', '00643473')
2025-07-09 08:53:51,554 - INFO - 规则类型: chain, 最大扩展步数: 2
2025-07-09 08:53:51,554 - INFO - Motif阈值: 0.8, 结构提升阈值: 0.0
2025-07-09 08:53:51,557 - INFO - 步骤 1: 没有找到合适的扩展边
2025-07-09 08:53:51,564 - INFO - 匹配失败，处理时间: 0.0148秒
2025-07-09 08:53:51,564 - INFO - 处理第26/59个anchor
2025-07-09 08:53:51,564 - INFO - 开始处理anchor: ('09322930', '_instance_hypernym', '09360122')
2025-07-09 08:53:51,570 - INFO - 规则类型: chain, 最大扩展步数: 2
2025-07-09 08:53:51,570 - INFO - Motif阈值: 0.8, 结构提升阈值: 0.0
2025-07-09 08:53:51,575 - INFO - 步骤 1: 没有找到合适的扩展边
2025-07-09 08:53:51,581 - INFO - 匹配失败，处理时间: 0.0150秒
2025-07-09 08:53:51,582 - INFO - 处理第27/59个anchor
2025-07-09 08:53:51,582 - INFO - 开始处理anchor: ('09360122', '_hypernym', '08617963')
2025-07-09 08:53:51,587 - INFO - 规则类型: chain, 最大扩展步数: 2
2025-07-09 08:53:51,587 - INFO - Motif阈值: 0.8, 结构提升阈值: 0.0
2025-07-09 08:53:51,591 - INFO - 步骤 1: 没有找到合适的扩展边
2025-07-09 08:53:51,597 - INFO - 匹配失败，处理时间: 0.0158秒
2025-07-09 08:53:51,597 - INFO - 处理第28/59个anchor
2025-07-09 08:53:51,597 - INFO - 开始处理anchor: ('07193596', '_derivationally_related_form', '00784342')
2025-07-09 08:53:51,604 - INFO - 规则类型: chain, 最大扩展步数: 2
2025-07-09 08:53:51,604 - INFO - Motif阈值: 0.8, 结构提升阈值: 0.0
2025-07-09 08:53:51,608 - INFO - 步骤 1: 没有找到合适的扩展边
2025-07-09 08:53:51,612 - INFO - 匹配失败，处理时间: 0.0130秒
2025-07-09 08:53:51,613 - INFO - 处理第29/59个anchor
2025-07-09 08:53:51,613 - INFO - 开始处理anchor: ('07193596', '_derivationally_related_form', '00788184')
2025-07-09 08:53:51,617 - INFO - 规则类型: chain, 最大扩展步数: 2
2025-07-09 08:53:51,618 - INFO - Motif阈值: 0.8, 结构提升阈值: 0.0
2025-07-09 08:53:51,620 - INFO - 步骤 1: 没有找到合适的扩展边
2025-07-09 08:53:51,626 - INFO - 匹配失败，处理时间: 0.0130秒
2025-07-09 08:53:51,627 - INFO - 处理第30/59个anchor
2025-07-09 08:53:51,627 - INFO - 开始处理anchor: ('07193596', '_hypernym', '07193184')
2025-07-09 08:53:51,632 - INFO - 规则类型: chain, 最大扩展步数: 2
2025-07-09 08:53:51,633 - INFO - Motif阈值: 0.8, 结构提升阈值: 0.0
2025-07-09 08:53:51,635 - INFO - 步骤 1: 没有找到合适的扩展边
2025-07-09 08:53:51,641 - INFO - 匹配失败，处理时间: 0.0140秒
2025-07-09 08:53:51,642 - INFO - 处理第31/59个anchor
2025-07-09 08:53:51,642 - INFO - 开始处理anchor: ('07193596', '_derivationally_related_form', '00808855')
2025-07-09 08:53:51,647 - INFO - 规则类型: chain, 最大扩展步数: 2
2025-07-09 08:53:51,647 - INFO - Motif阈值: 0.8, 结构提升阈值: 0.0
2025-07-09 08:53:51,650 - INFO - 步骤 1: 没有找到合适的扩展边
2025-07-09 08:53:51,655 - INFO - 匹配失败，处理时间: 0.0125秒
2025-07-09 08:53:51,655 - INFO - 处理第32/59个anchor
2025-07-09 08:53:51,656 - INFO - 开始处理anchor: ('07193596', '_derivationally_related_form', '00785008')
2025-07-09 08:53:51,661 - INFO - 规则类型: chain, 最大扩展步数: 2
2025-07-09 08:53:51,661 - INFO - Motif阈值: 0.8, 结构提升阈值: 0.0
2025-07-09 08:53:51,664 - INFO - 步骤 1: 没有找到合适的扩展边
2025-07-09 08:53:51,669 - INFO - 匹配失败，处理时间: 0.0132秒
2025-07-09 08:53:51,670 - INFO - 处理第33/59个anchor
2025-07-09 08:53:51,670 - INFO - 开始处理anchor: ('00784342', '_derivationally_related_form', '10207831')
2025-07-09 08:53:51,675 - INFO - 规则类型: chain, 最大扩展步数: 2
2025-07-09 08:53:51,676 - INFO - Motif阈值: 0.8, 结构提升阈值: 0.0
2025-07-09 08:53:51,678 - INFO - 步骤 1: 没有找到合适的扩展边
2025-07-09 08:53:51,684 - INFO - 匹配失败，处理时间: 0.0140秒
2025-07-09 08:53:51,684 - INFO - 处理第34/59个anchor
2025-07-09 08:53:51,685 - INFO - 开始处理anchor: ('00784342', '_hypernym', '00740577')
2025-07-09 08:53:51,691 - INFO - 规则类型: chain, 最大扩展步数: 2
2025-07-09 08:53:51,691 - INFO - Motif阈值: 0.8, 结构提升阈值: 0.0
2025-07-09 08:53:51,694 - INFO - 步骤 1: 没有找到合适的扩展边
2025-07-09 08:53:51,700 - INFO - 匹配失败，处理时间: 0.0146秒
2025-07-09 08:53:51,700 - INFO - 处理第35/59个anchor
2025-07-09 08:53:51,700 - INFO - 开始处理anchor: ('00784342', '_derivationally_related_form', '07193596')
2025-07-09 08:53:51,706 - INFO - 规则类型: chain, 最大扩展步数: 2
2025-07-09 08:53:51,707 - INFO - Motif阈值: 0.8, 结构提升阈值: 0.0
2025-07-09 08:53:51,709 - INFO - 步骤 1: 没有找到合适的扩展边
2025-07-09 08:53:51,715 - INFO - 匹配失败，处理时间: 0.0144秒
2025-07-09 08:53:51,715 - INFO - 处理第36/59个anchor
2025-07-09 08:53:51,716 - INFO - 开始处理anchor: ('00784342', '_verb_group', '00897746')
2025-07-09 08:53:51,720 - INFO - 规则类型: chain, 最大扩展步数: 2
2025-07-09 08:53:51,721 - INFO - Motif阈值: 0.8, 结构提升阈值: 0.0
2025-07-09 08:53:51,723 - INFO - 步骤 1: 没有找到合适的扩展边
2025-07-09 08:53:51,728 - INFO - 匹配失败，处理时间: 0.0119秒
2025-07-09 08:53:51,729 - INFO - 处理第37/59个anchor
2025-07-09 08:53:51,730 - INFO - 开始处理anchor: ('00784342', '_derivationally_related_form', '07193184')
2025-07-09 08:53:51,735 - INFO - 规则类型: chain, 最大扩展步数: 2
2025-07-09 08:53:51,736 - INFO - Motif阈值: 0.8, 结构提升阈值: 0.0
2025-07-09 08:53:51,738 - INFO - 步骤 1: 没有找到合适的扩展边
2025-07-09 08:53:51,743 - INFO - 匹配失败，处理时间: 0.0130秒
2025-07-09 08:53:51,743 - INFO - 处理第38/59个anchor
2025-07-09 08:53:51,744 - INFO - 开始处理anchor: ('00784342', '_verb_group', '00784727')
2025-07-09 08:53:51,749 - INFO - 规则类型: chain, 最大扩展步数: 2
2025-07-09 08:53:51,749 - INFO - Motif阈值: 0.8, 结构提升阈值: 0.0
2025-07-09 08:53:51,751 - INFO - 步骤 1: 没有找到合适的扩展边
2025-07-09 08:53:51,757 - INFO - 匹配失败，处理时间: 0.0135秒
2025-07-09 08:53:51,758 - INFO - 处理第39/59个anchor
2025-07-09 08:53:51,758 - INFO - 开始处理anchor: ('01768969', '_derivationally_related_form', '02636811')
2025-07-09 08:53:51,764 - INFO - 规则类型: chain, 最大扩展步数: 2
2025-07-09 08:53:51,764 - INFO - Motif阈值: 0.8, 结构提升阈值: 0.0
2025-07-09 08:53:51,767 - INFO - 步骤 1: 没有找到合适的扩展边
2025-07-09 08:53:51,773 - INFO - 匹配失败，处理时间: 0.0148秒
2025-07-09 08:53:51,773 - INFO - 处理第40/59个anchor
2025-07-09 08:53:51,774 - INFO - 开始处理anchor: ('01768969', '_hypernym', '08103777')
2025-07-09 08:53:51,780 - INFO - 规则类型: chain, 最大扩展步数: 2
2025-07-09 08:53:51,780 - INFO - Motif阈值: 0.8, 结构提升阈值: 0.0
2025-07-09 08:53:51,787 - INFO - 步骤 1: 没有找到合适的扩展边
2025-07-09 08:53:51,793 - INFO - 匹配失败，处理时间: 0.0189秒
2025-07-09 08:53:51,794 - INFO - 处理第41/59个anchor
2025-07-09 08:53:51,794 - INFO - 开始处理anchor: ('01768969', '_member_meronym', '01775879')
2025-07-09 08:53:51,800 - INFO - 规则类型: chain, 最大扩展步数: 2
2025-07-09 08:53:51,800 - INFO - Motif阈值: 0.8, 结构提升阈值: 0.0
2025-07-09 08:53:51,803 - INFO - 步骤 1: 没有找到合适的扩展边
2025-07-09 08:53:51,808 - INFO - 匹配失败，处理时间: 0.0140秒
2025-07-09 08:53:51,808 - INFO - 处理第42/59个anchor
2025-07-09 08:53:51,808 - INFO - 开始处理anchor: ('01768969', '_member_meronym', '01771966')
2025-07-09 08:53:51,814 - INFO - 规则类型: chain, 最大扩展步数: 2
2025-07-09 08:53:51,814 - INFO - Motif阈值: 0.8, 结构提升阈值: 0.0
2025-07-09 08:53:51,816 - INFO - 步骤 1: 没有找到合适的扩展边
2025-07-09 08:53:51,821 - INFO - 匹配失败，处理时间: 0.0120秒
2025-07-09 08:53:51,821 - INFO - 处理第43/59个anchor
2025-07-09 08:53:51,821 - INFO - 开始处理anchor: ('01768969', '_member_meronym', '01769347')
2025-07-09 08:53:51,827 - INFO - 规则类型: chain, 最大扩展步数: 2
2025-07-09 08:53:51,827 - INFO - Motif阈值: 0.8, 结构提升阈值: 0.0
2025-07-09 08:53:51,831 - INFO - 步骤 1: 没有找到合适的扩展边
2025-07-09 08:53:51,836 - INFO - 匹配失败，处理时间: 0.0139秒
2025-07-09 08:53:51,836 - INFO - 处理第44/59个anchor
2025-07-09 08:53:51,836 - INFO - 开始处理anchor: ('01768969', '_member_meronym', '01770553')
2025-07-09 08:53:51,842 - INFO - 规则类型: chain, 最大扩展步数: 2
2025-07-09 08:53:51,842 - INFO - Motif阈值: 0.8, 结构提升阈值: 0.0
2025-07-09 08:53:51,844 - INFO - 步骤 1: 没有找到合适的扩展边
2025-07-09 08:53:51,850 - INFO - 匹配失败，处理时间: 0.0134秒
2025-07-09 08:53:51,850 - INFO - 处理第45/59个anchor
2025-07-09 08:53:51,851 - INFO - 开始处理anchor: ('01768969', '_member_meronym', '01769635')
2025-07-09 08:53:51,857 - INFO - 规则类型: chain, 最大扩展步数: 2
2025-07-09 08:53:51,857 - INFO - Motif阈值: 0.8, 结构提升阈值: 0.0
2025-07-09 08:53:51,859 - INFO - 步骤 1: 没有找到合适的扩展边
2025-07-09 08:53:51,865 - INFO - 匹配失败，处理时间: 0.0130秒
2025-07-09 08:53:51,865 - INFO - 处理第46/59个anchor
2025-07-09 08:53:51,865 - INFO - 开始处理anchor: ('02636811', '_derivationally_related_form', '01769347')
2025-07-09 08:53:51,870 - INFO - 规则类型: chain, 最大扩展步数: 2
2025-07-09 08:53:51,870 - INFO - Motif阈值: 0.8, 结构提升阈值: 0.0
2025-07-09 08:53:51,873 - INFO - 步骤 1: 没有找到合适的扩展边
2025-07-09 08:53:51,879 - INFO - 匹配失败，处理时间: 0.0140秒
2025-07-09 08:53:51,880 - INFO - 处理第47/59个anchor
2025-07-09 08:53:51,880 - INFO - 开始处理anchor: ('02636811', '_derivationally_related_form', '01768969')
2025-07-09 08:53:51,885 - INFO - 规则类型: chain, 最大扩展步数: 2
2025-07-09 08:53:51,885 - INFO - Motif阈值: 0.8, 结构提升阈值: 0.0
2025-07-09 08:53:51,887 - INFO - 步骤 1: 没有找到合适的扩展边
2025-07-09 08:53:51,893 - INFO - 匹配失败，处理时间: 0.0130秒
2025-07-09 08:53:51,894 - INFO - 处理第48/59个anchor
2025-07-09 08:53:51,894 - INFO - 开始处理anchor: ('02636811', '_derivationally_related_form', '01772222')
2025-07-09 08:53:51,899 - INFO - 规则类型: chain, 最大扩展步数: 2
2025-07-09 08:53:51,900 - INFO - Motif阈值: 0.8, 结构提升阈值: 0.0
2025-07-09 08:53:51,902 - INFO - 步骤 1: 没有找到合适的扩展边
2025-07-09 08:53:51,907 - INFO - 匹配失败，处理时间: 0.0120秒
2025-07-09 08:53:51,908 - INFO - 处理第49/59个anchor
2025-07-09 08:53:51,908 - INFO - 开始处理anchor: ('01455754', '_hypernym', '01974062')
2025-07-09 08:53:51,914 - INFO - 规则类型: chain, 最大扩展步数: 2
2025-07-09 08:53:51,914 - INFO - Motif阈值: 0.8, 结构提升阈值: 0.0
2025-07-09 08:53:51,918 - INFO - 步骤 1: 没有找到合适的扩展边
2025-07-09 08:53:51,923 - INFO - 匹配失败，处理时间: 0.0148秒
2025-07-09 08:53:51,924 - INFO - 处理第50/59个anchor
2025-07-09 08:53:51,924 - INFO - 开始处理anchor: ('01974062', '_derivationally_related_form', '09206985')
2025-07-09 08:53:51,931 - INFO - 规则类型: chain, 最大扩展步数: 2
2025-07-09 08:53:51,931 - INFO - Motif阈值: 0.8, 结构提升阈值: 0.0
2025-07-09 08:53:51,935 - INFO - 步骤 1: 没有找到合适的扩展边
2025-07-09 08:53:51,940 - INFO - 匹配失败，处理时间: 0.0150秒
2025-07-09 08:53:51,941 - INFO - 处理第51/59个anchor
2025-07-09 08:53:51,941 - INFO - 开始处理anchor: ('01974062', '_derivationally_related_form', '07348399')
2025-07-09 08:53:51,948 - INFO - 规则类型: chain, 最大扩展步数: 2
2025-07-09 08:53:51,948 - INFO - Motif阈值: 0.8, 结构提升阈值: 0.0
2025-07-09 08:53:51,952 - INFO - 步骤 1: 没有找到合适的扩展边
2025-07-09 08:53:51,958 - INFO - 匹配失败，处理时间: 0.0155秒
2025-07-09 08:53:51,958 - INFO - 处理第52/59个anchor
2025-07-09 08:53:51,958 - INFO - 开始处理anchor: ('01974062', '_derivationally_related_form', '10773394')
2025-07-09 08:53:51,964 - INFO - 规则类型: chain, 最大扩展步数: 2
2025-07-09 08:53:51,965 - INFO - Motif阈值: 0.8, 结构提升阈值: 0.0
2025-07-09 08:53:51,968 - INFO - 步骤 1: 没有找到合适的扩展边
2025-07-09 08:53:51,973 - INFO - 匹配失败，处理时间: 0.0146秒
2025-07-09 08:53:51,973 - INFO - 处理第53/59个anchor
2025-07-09 08:53:51,974 - INFO - 开始处理anchor: ('01974062', '_derivationally_related_form', '07370671')
2025-07-09 08:53:51,979 - INFO - 规则类型: chain, 最大扩展步数: 2
2025-07-09 08:53:51,979 - INFO - Motif阈值: 0.8, 结构提升阈值: 0.0
2025-07-09 08:53:51,983 - INFO - 步骤 1: 没有找到合适的扩展边
2025-07-09 08:53:51,989 - INFO - 匹配失败，处理时间: 0.0140秒
2025-07-09 08:53:51,989 - INFO - 处理第54/59个anchor
2025-07-09 08:53:51,989 - INFO - 开始处理anchor: ('01974062', '_derivationally_related_form', '00116376')
2025-07-09 08:53:51,996 - INFO - 规则类型: chain, 最大扩展步数: 2
2025-07-09 08:53:51,996 - INFO - Motif阈值: 0.8, 结构提升阈值: 0.0
2025-07-09 08:53:52,000 - INFO - 步骤 1: 没有找到合适的扩展边
2025-07-09 08:53:52,005 - INFO - 匹配失败，处理时间: 0.0159秒
2025-07-09 08:53:52,005 - INFO - 处理第55/59个anchor
2025-07-09 08:53:52,006 - INFO - 开始处理anchor: ('01974062', '_derivationally_related_form', '04231693')
2025-07-09 08:53:52,012 - INFO - 规则类型: chain, 最大扩展步数: 2
2025-07-09 08:53:52,012 - INFO - Motif阈值: 0.8, 结构提升阈值: 0.0
2025-07-09 08:53:52,016 - INFO - 步骤 1: 没有找到合适的扩展边
2025-07-09 08:53:52,021 - INFO - 匹配失败，处理时间: 0.0150秒
2025-07-09 08:53:52,023 - INFO - 处理第56/59个anchor
2025-07-09 08:53:52,023 - INFO - 开始处理anchor: ('01974062', '_derivationally_related_form', '09366317')
2025-07-09 08:53:52,028 - INFO - 规则类型: chain, 最大扩展步数: 2
2025-07-09 08:53:52,030 - INFO - Motif阈值: 0.8, 结构提升阈值: 0.0
2025-07-09 08:53:52,032 - INFO - 步骤 1: 没有找到合适的扩展边
2025-07-09 08:53:52,038 - INFO - 匹配失败，处理时间: 0.0150秒
2025-07-09 08:53:52,038 - INFO - 处理第57/59个anchor
2025-07-09 08:53:52,040 - INFO - 开始处理anchor: ('01974062', '_derivationally_related_form', '03281145')
2025-07-09 08:53:52,045 - INFO - 规则类型: chain, 最大扩展步数: 2
2025-07-09 08:53:52,046 - INFO - Motif阈值: 0.8, 结构提升阈值: 0.0
2025-07-09 08:53:52,050 - INFO - 步骤 1: 没有找到合适的扩展边
2025-07-09 08:53:52,055 - INFO - 匹配失败，处理时间: 0.0151秒
2025-07-09 08:53:52,056 - INFO - 处理第58/59个anchor
2025-07-09 08:53:52,056 - INFO - 开始处理anchor: ('01974062', '_derivationally_related_form', '05131283')
2025-07-09 08:53:52,061 - INFO - 规则类型: chain, 最大扩展步数: 2
2025-07-09 08:53:52,062 - INFO - Motif阈值: 0.8, 结构提升阈值: 0.0
2025-07-09 08:53:52,066 - INFO - 步骤 1: 没有找到合适的扩展边
2025-07-09 08:53:52,071 - INFO - 匹配失败，处理时间: 0.0149秒
2025-07-09 08:53:52,072 - INFO - 处理第59/59个anchor
2025-07-09 08:53:52,072 - INFO - 开始处理anchor: ('01974062', '_derivationally_related_form', '00316594')
2025-07-09 08:53:52,078 - INFO - 规则类型: chain, 最大扩展步数: 2
2025-07-09 08:53:52,079 - INFO - Motif阈值: 0.8, 结构提升阈值: 0.0
2025-07-09 08:53:52,083 - INFO - 步骤 1: 没有找到合适的扩展边
2025-07-09 08:53:52,088 - INFO - 匹配失败，处理时间: 0.0150秒
2025-07-09 08:53:52,089 - INFO - 批量匹配完成: 0/59 成功匹配
2025-07-09 08:53:52,095 - INFO - 结果已保存到: result2.json
